2026-02-26 14:16:35,252{GMT}	INFO	[jepsen test runner] jepsen.core: Test version cae4e7ea62e897578bc7cb05acf3c5d06f2c031e (plus uncommitted changes)
2026-02-26 14:16:35,253{GMT}	INFO	[jepsen test runner] jepsen.core: Command line:
lein run test -w lin-kv --bin target/release/shim --node-count 5 --concurrency 2n --time-limit 1 --rate 100 --log-stderr
2026-02-26 14:16:35,291{GMT}	INFO	[jepsen test runner] jepsen.core: Running test:
{:args []
 :remote
 #jepsen.control.retry.Remote{:remote #jepsen.control.scp.Remote{:cmd-remote #jepsen.control.sshj.SSHJRemote{:concurrency-limit 6,
                                                                                                             :conn-spec nil,
                                                                                                             :client nil,
                                                                                                             :semaphore nil},
                                                                 :conn-spec nil},
                              :conn nil}
 :log-net-send false
 :node-count 5
 :availability nil
 :max-txn-length 4
 :concurrency 10
 :db
 #object[maelstrom.db$db$reify__16612
         "0x4ebf82d9"
         "maelstrom.db$db$reify__16612@4ebf82d9"]
 :max-writes-per-key 16
 :leave-db-running? false
 :name "lin-kv"
 :logging-json? false
 :start-time
 #object[org.joda.time.DateTime "0x7d26b390" "2026-02-26T14:16:35.236+01:00"]
 :nemesis-interval 10
 :net
 #object[maelstrom.net$jepsen_net$reify__15721
         "0x6ff5eeed"
         "maelstrom.net$jepsen_net$reify__15721@6ff5eeed"]
 :client
 #object[maelstrom.workload.lin_kv$client$reify__20973
         "0x76b49d0"
         "maelstrom.workload.lin_kv$client$reify__20973@76b49d0"]
 :barrier
 #object[java.util.concurrent.CyclicBarrier
         "0x223c42b0"
         "java.util.concurrent.CyclicBarrier@223c42b0"]
 :log-stderr true
 :pure-generators true
 :ssh {:dummy? true}
 :rate 100.0
 :checker
 #object[jepsen.checker$compose$reify__11089
         "0x6acedf54"
         "jepsen.checker$compose$reify__11089@6acedf54"]
 :argv
 ("test"
  "-w"
  "lin-kv"
  "--bin"
  "target/release/shim"
  "--node-count"
  "5"
  "--concurrency"
  "2n"
  "--time-limit"
  "1"
  "--rate"
  "100"
  "--log-stderr")
 :nemesis
 (jepsen.nemesis.ReflCompose
  {:fm {:start-partition 0,
        :stop-partition 0,
        :kill 1,
        :start 1,
        :pause 1,
        :resume 1},
   :nemeses [#unprintable "jepsen.nemesis.combined$partition_nemesis$reify__16905@2a0cc666"
             #unprintable "jepsen.nemesis.combined$db_nemesis$reify__16886@77f43f3e"]})
 :nodes ["n0" "n1" "n2" "n3" "n4"]
 :test-count 1
 :latency {:mean 0, :dist :constant}
 :bin "target/release/shim"
 :generator
 #object[jepsen.util.Forgettable
         "0x67a6f2c4"
         (jepsen.generator.TimeLimit
          {:limit 1000000000,
           :cutoff nil,
           :gen (jepsen.generator.Any
                 {:gens [(jepsen.generator.OnThreads
                          {:f #{:nemesis},
                           :context-filter #object[jepsen.generator.context$make_thread_filter$lazy_filter__12077
                                                   "0x36e23af"
                                                   "jepsen.generator.context$make_thread_filter$lazy_filter__12077@36e23af"],
                           :gen nil})
                         (jepsen.generator.OnThreads
                          {:f #jepsen.generator.context.AllBut{:element :nemesis},
                           :context-filter #object[jepsen.generator.context$make_thread_filter$lazy_filter__12077
                                                   "0x5e4a9c16"
                                                   "jepsen.generator.context$make_thread_filter$lazy_filter__12077@5e4a9c16"],
                           :gen (jepsen.generator.Stagger
                                 {:dt 20000000,
                                  :next-time nil,
                                  :gen (jepsen.generator.OnThreads
                                        {:f #jepsen.generator.context.AllBut{:element :nemesis},
                                         :context-filter #object[jepsen.generator.context$make_thread_filter$lazy_filter__12077
                                                                 "0x544ee437"
                                                                 "jepsen.generator.context$make_thread_filter$lazy_filter__12077@544ee437"],
                                         :gen (jepsen.independent.ConcurrentGenerator
                                               {:n 10,
                                                :fgen #object[jepsen.tests.linearizable_register$test$fn__17385
                                                              "0xffd26d1"
                                                              "jepsen.tests.linearizable_register$test$fn__17385@ffd26d1"],
                                                :group->threads nil,
                                                :thread->group nil,
                                                :group->context-filter nil,
                                                :keys (0 1 2 3 4 5 6 7 ...),
                                                :gens nil})})})})]})})]
 :log-net-recv false
 :os
 #object[maelstrom.net$jepsen_os$reify__15724
         "0x775c865f"
         "maelstrom.net$jepsen_os$reify__15724@775c865f"]
 :time-limit 1
 :workload :lin-kv
 :consistency-models [:strict-serializable]
 :topology :grid}

2026-02-26 14:16:36,337{GMT}	INFO	[jepsen node n0] maelstrom.net: Starting Maelstrom network
2026-02-26 14:16:36,338{GMT}	INFO	[jepsen test runner] jepsen.db: Tearing down DB
2026-02-26 14:16:36,339{GMT}	INFO	[jepsen test runner] jepsen.db: Setting up DB
2026-02-26 14:16:36,340{GMT}	INFO	[jepsen node n3] maelstrom.db: Setting up n3
2026-02-26 14:16:36,340{GMT}	INFO	[jepsen node n4] maelstrom.db: Setting up n4
2026-02-26 14:16:36,340{GMT}	INFO	[jepsen node n2] maelstrom.db: Setting up n2
2026-02-26 14:16:36,340{GMT}	INFO	[jepsen node n1] maelstrom.db: Setting up n1
2026-02-26 14:16:36,340{GMT}	INFO	[jepsen node n1] maelstrom.process: launching target/release/shim []
2026-02-26 14:16:36,340{GMT}	INFO	[jepsen node n4] maelstrom.process: launching target/release/shim []
2026-02-26 14:16:36,340{GMT}	INFO	[jepsen node n3] maelstrom.process: launching target/release/shim []
2026-02-26 14:16:36,340{GMT}	INFO	[jepsen node n2] maelstrom.process: launching target/release/shim []
2026-02-26 14:16:36,341{GMT}	INFO	[jepsen node n0] maelstrom.service: Starting services: (lin-kv lin-tso lww-kv seq-kv)
2026-02-26 14:16:36,344{GMT}	INFO	[jepsen node n0] maelstrom.db: Setting up n0
2026-02-26 14:16:36,345{GMT}	INFO	[jepsen node n0] maelstrom.process: launching target/release/shim []
2026-02-26 14:16:36,352{GMT}	INFO	[n0 stderr] maelstrom.process: [2026-02-26T13:16:36.352745Z INFO  maelstrom::runtime] Received {"id":4,"src":"c4","dest":"n0","body":{"type":"init","node_id":"n0","node_ids":["n0","n1","n2","n3","n4"],"msg_id":1}}
2026-02-26 14:16:36,352{GMT}	INFO	[n2 stderr] maelstrom.process: [2026-02-26T13:16:36.352814Z INFO  maelstrom::runtime] Received {"id":3,"src":"c3","dest":"n2","body":{"type":"init","node_id":"n2","node_ids":["n0","n1","n2","n3","n4"],"msg_id":1}}
2026-02-26 14:16:36,352{GMT}	INFO	[n4 stderr] maelstrom.process: [2026-02-26T13:16:36.352753Z INFO  maelstrom::runtime] Received {"id":0,"src":"c0","dest":"n4","body":{"type":"init","node_id":"n4","node_ids":["n0","n1","n2","n3","n4"],"msg_id":1}}
2026-02-26 14:16:36,352{GMT}	INFO	[n1 stderr] maelstrom.process: [2026-02-26T13:16:36.352745Z INFO  maelstrom::runtime] Received {"id":1,"src":"c1","dest":"n1","body":{"type":"init","node_id":"n1","node_ids":["n0","n1","n2","n3","n4"],"msg_id":1}}
2026-02-26 14:16:36,352{GMT}	INFO	[n3 stderr] maelstrom.process: [2026-02-26T13:16:36.352771Z INFO  maelstrom::runtime] Received {"id":2,"src":"c2","dest":"n3","body":{"type":"init","node_id":"n3","node_ids":["n0","n1","n2","n3","n4"],"msg_id":1}}
2026-02-26 14:16:36,353{GMT}	INFO	[n0 stderr] maelstrom.process: Node n0 initializing. Total nodes in cluster: 5. All nodes: ["n0", "n1", "n2", "n3", "n4"]
2026-02-26 14:16:36,353{GMT}	INFO	[n3 stderr] maelstrom.process: Node n3 initializing. Total nodes in cluster: 5. All nodes: ["n0", "n1", "n2", "n3", "n4"]
2026-02-26 14:16:36,353{GMT}	INFO	[n2 stderr] maelstrom.process: Node n2 initializing. Total nodes in cluster: 5. All nodes: ["n0", "n1", "n2", "n3", "n4"]
2026-02-26 14:16:36,353{GMT}	INFO	[n1 stderr] maelstrom.process: Node n1 initializing. Total nodes in cluster: 5. All nodes: ["n0", "n1", "n2", "n3", "n4"]
2026-02-26 14:16:36,353{GMT}	INFO	[n3 stderr] maelstrom.process: [2026-02-26T13:16:36.353001Z INFO  maelstrom::runtime] Sent {"src":"n3","dest":"c2","body":{"in_reply_to":1,"type":"init_ok"}}
2026-02-26 14:16:36,353{GMT}	INFO	[n1 stderr] maelstrom.process: [2026-02-26T13:16:36.353053Z INFO  maelstrom::runtime] Sent {"src":"n1","dest":"c1","body":{"in_reply_to":1,"type":"init_ok"}}
2026-02-26 14:16:36,353{GMT}	INFO	[n0 stderr] maelstrom.process: [2026-02-26T13:16:36.353437Z INFO  maelstrom::runtime] Sent {"src":"n0","dest":"c4","body":{"in_reply_to":1,"type":"init_ok"}}
2026-02-26 14:16:36,354{GMT}	INFO	[n4 stderr] maelstrom.process: Node n4 initializing. Total nodes in cluster: 5. All nodes: ["n0", "n1", "n2", "n3", "n4"]
2026-02-26 14:16:36,355{GMT}	INFO	[n4 stderr] maelstrom.process: [2026-02-26T13:16:36.355023Z INFO  maelstrom::runtime] Sent {"src":"n4","dest":"c0","body":{"in_reply_to":1,"type":"init_ok"}}
2026-02-26 14:16:36,356{GMT}	INFO	[n2 stderr] maelstrom.process: [2026-02-26T13:16:36.355987Z INFO  maelstrom::runtime] Sent {"src":"n2","dest":"c3","body":{"in_reply_to":1,"type":"init_ok"}}
2026-02-26 14:16:36,360{GMT}	INFO	[jepsen test runner] jepsen.core: Relative time begins now
2026-02-26 14:16:36,388{GMT}	INFO	[jepsen worker 0] jepsen.util: 0	:invoke	:read	[0 nil]
2026-02-26 14:16:36,389{GMT}	INFO	[jepsen worker 5] jepsen.util: 5	:invoke	:cas	[0 [4 1]]
2026-02-26 14:16:36,391{GMT}	INFO	[n0 stderr] maelstrom.process: [2026-02-26T13:16:36.390820Z INFO  maelstrom::runtime] Received {"id":11,"src":"c11","dest":"n0","body":{"key":0,"from":4,"to":1,"type":"cas","msg_id":1}}
2026-02-26 14:16:36,391{GMT}	INFO	[n0 stderr] maelstrom.process: Node  received CAS (not implemented)
2026-02-26 14:16:36,391{GMT}	INFO	[n0 stderr] maelstrom.process: [2026-02-26T13:16:36.391063Z INFO  maelstrom::runtime] Sent {"src":"n0","dest":"c11","body":{"in_reply_to":1,"type":"cas_ok"}}
2026-02-26 14:16:36,391{GMT}	INFO	[n0 stderr] maelstrom.process: [2026-02-26T13:16:36.391093Z INFO  maelstrom::runtime] Received {"id":10,"src":"c10","dest":"n0","body":{"key":0,"type":"read","msg_id":1}}
2026-02-26 14:16:36,391{GMT}	INFO	[n0 stderr] maelstrom.process: Node  received READ for key 0
2026-02-26 14:16:36,391{GMT}	INFO	[jepsen worker 5] jepsen.util: 5	:ok	:cas	[0 [4 1]]
2026-02-26 14:16:36,391{GMT}	INFO	[n0 stderr] maelstrom.process: [2026-02-26T13:16:36.391199Z INFO  maelstrom::runtime] Sent {"src":"n0","dest":"c10","body":{"in_reply_to":1,"type":"read_ok","value":0}}
2026-02-26 14:16:36,392{GMT}	INFO	[jepsen worker 0] jepsen.util: 0	:ok	:read	[0 0]
2026-02-26 14:16:36,397{GMT}	INFO	[jepsen worker 5] jepsen.util: 5	:invoke	:cas	[0 [1 1]]
2026-02-26 14:16:36,397{GMT}	INFO	[n0 stderr] maelstrom.process: [2026-02-26T13:16:36.397633Z INFO  maelstrom::runtime] Received {"id":14,"src":"c11","dest":"n0","body":{"key":0,"from":1,"to":1,"type":"cas","msg_id":2}}
2026-02-26 14:16:36,397{GMT}	INFO	[n0 stderr] maelstrom.process: Node  received CAS (not implemented)
2026-02-26 14:16:36,398{GMT}	INFO	[n0 stderr] maelstrom.process: [2026-02-26T13:16:36.397700Z INFO  maelstrom::runtime] Sent {"src":"n0","dest":"c11","body":{"in_reply_to":2,"type":"cas_ok"}}
2026-02-26 14:16:36,398{GMT}	INFO	[jepsen worker 5] jepsen.util: 5	:ok	:cas	[0 [1 1]]
2026-02-26 14:16:36,399{GMT}	INFO	[jepsen worker 5] jepsen.util: 5	:invoke	:write	[0 0]
2026-02-26 14:16:36,399{GMT}	INFO	[n0 stderr] maelstrom.process: [2026-02-26T13:16:36.399588Z INFO  maelstrom::runtime] Received {"id":16,"src":"c11","dest":"n0","body":{"key":0,"value":0,"type":"write","msg_id":3}}
2026-02-26 14:16:36,399{GMT}	INFO	[n0 stderr] maelstrom.process: Node  received WRITE: 0=0
2026-02-26 14:16:36,399{GMT}	INFO	[n0 stderr] maelstrom.process: [2026-02-26T13:16:36.399677Z INFO  maelstrom::runtime] Sent {"src":"n0","dest":"c11","body":{"in_reply_to":3,"type":"write_ok"}}
2026-02-26 14:16:36,400{GMT}	INFO	[jepsen worker 5] jepsen.util: 5	:ok	:write	[0 0]
2026-02-26 14:16:36,406{GMT}	INFO	[jepsen worker 4] jepsen.util: 4	:invoke	:read	[0 nil]
2026-02-26 14:16:36,407{GMT}	INFO	[n4 stderr] maelstrom.process: [2026-02-26T13:16:36.407605Z INFO  maelstrom::runtime] Received {"id":18,"src":"c12","dest":"n4","body":{"key":0,"type":"read","msg_id":1}}
2026-02-26 14:16:36,408{GMT}	INFO	[n4 stderr] maelstrom.process: Node  received READ for key 0
2026-02-26 14:16:36,408{GMT}	INFO	[n4 stderr] maelstrom.process: [2026-02-26T13:16:36.407688Z INFO  maelstrom::runtime] Sent {"src":"n4","dest":"c12","body":{"in_reply_to":1,"type":"read_ok","value":0}}
2026-02-26 14:16:36,408{GMT}	INFO	[jepsen worker 4] jepsen.util: 4	:ok	:read	[0 0]
2026-02-26 14:16:36,426{GMT}	INFO	[jepsen worker 0] jepsen.util: 0	:invoke	:read	[0 nil]
2026-02-26 14:16:36,427{GMT}	INFO	[n0 stderr] maelstrom.process: [2026-02-26T13:16:36.427068Z INFO  maelstrom::runtime] Received {"id":20,"src":"c10","dest":"n0","body":{"key":0,"type":"read","msg_id":2}}
2026-02-26 14:16:36,427{GMT}	INFO	[n0 stderr] maelstrom.process: Node  received READ for key 0
2026-02-26 14:16:36,427{GMT}	INFO	[n0 stderr] maelstrom.process: [2026-02-26T13:16:36.427162Z INFO  maelstrom::runtime] Sent {"src":"n0","dest":"c10","body":{"in_reply_to":2,"type":"read_ok","value":0}}
2026-02-26 14:16:36,427{GMT}	INFO	[jepsen worker 0] jepsen.util: 0	:ok	:read	[0 0]
2026-02-26 14:16:36,443{GMT}	INFO	[jepsen worker 0] jepsen.util: 0	:invoke	:read	[0 nil]
2026-02-26 14:16:36,444{GMT}	INFO	[n0 stderr] maelstrom.process: [2026-02-26T13:16:36.443923Z INFO  maelstrom::runtime] Received {"id":22,"src":"c10","dest":"n0","body":{"key":0,"type":"read","msg_id":3}}
2026-02-26 14:16:36,444{GMT}	INFO	[n0 stderr] maelstrom.process: Node  received READ for key 0
2026-02-26 14:16:36,444{GMT}	INFO	[n0 stderr] maelstrom.process: [2026-02-26T13:16:36.444004Z INFO  maelstrom::runtime] Sent {"src":"n0","dest":"c10","body":{"in_reply_to":3,"type":"read_ok","value":0}}
2026-02-26 14:16:36,444{GMT}	INFO	[jepsen worker 0] jepsen.util: 0	:ok	:read	[0 0]
2026-02-26 14:16:36,461{GMT}	INFO	[jepsen worker 7] jepsen.util: 7	:invoke	:cas	[0 [0 2]]
2026-02-26 14:16:36,463{GMT}	INFO	[n2 stderr] maelstrom.process: [2026-02-26T13:16:36.462970Z INFO  maelstrom::runtime] Received {"id":24,"src":"c13","dest":"n2","body":{"key":0,"from":0,"to":2,"type":"cas","msg_id":1}}
2026-02-26 14:16:36,463{GMT}	INFO	[n2 stderr] maelstrom.process: Node  received CAS (not implemented)
2026-02-26 14:16:36,463{GMT}	INFO	[n2 stderr] maelstrom.process: [2026-02-26T13:16:36.463077Z INFO  maelstrom::runtime] Sent {"src":"n2","dest":"c13","body":{"in_reply_to":1,"type":"cas_ok"}}
2026-02-26 14:16:36,463{GMT}	INFO	[jepsen worker 7] jepsen.util: 7	:ok	:cas	[0 [0 2]]
2026-02-26 14:16:36,481{GMT}	INFO	[jepsen worker 8] jepsen.util: 8	:invoke	:cas	[0 [0 0]]
2026-02-26 14:16:36,482{GMT}	INFO	[n3 stderr] maelstrom.process: [2026-02-26T13:16:36.482184Z INFO  maelstrom::runtime] Received {"id":26,"src":"c14","dest":"n3","body":{"key":0,"from":0,"to":0,"type":"cas","msg_id":1}}
2026-02-26 14:16:36,482{GMT}	INFO	[n3 stderr] maelstrom.process: Node  received CAS (not implemented)
2026-02-26 14:16:36,482{GMT}	INFO	[n3 stderr] maelstrom.process: [2026-02-26T13:16:36.482270Z INFO  maelstrom::runtime] Sent {"src":"n3","dest":"c14","body":{"in_reply_to":1,"type":"cas_ok"}}
2026-02-26 14:16:36,482{GMT}	INFO	[jepsen worker 8] jepsen.util: 8	:ok	:cas	[0 [0 0]]
2026-02-26 14:16:36,499{GMT}	INFO	[jepsen worker 0] jepsen.util: 0	:invoke	:read	[0 nil]
2026-02-26 14:16:36,500{GMT}	INFO	[n0 stderr] maelstrom.process: [2026-02-26T13:16:36.500166Z INFO  maelstrom::runtime] Received {"id":28,"src":"c10","dest":"n0","body":{"key":0,"type":"read","msg_id":4}}
2026-02-26 14:16:36,500{GMT}	INFO	[n0 stderr] maelstrom.process: Node  received READ for key 0
2026-02-26 14:16:36,500{GMT}	INFO	[n0 stderr] maelstrom.process: [2026-02-26T13:16:36.500287Z INFO  maelstrom::runtime] Sent {"src":"n0","dest":"c10","body":{"in_reply_to":4,"type":"read_ok","value":0}}
2026-02-26 14:16:36,500{GMT}	INFO	[jepsen worker 0] jepsen.util: 0	:ok	:read	[0 0]
2026-02-26 14:16:36,505{GMT}	INFO	[jepsen worker 5] jepsen.util: 5	:invoke	:write	[0 3]
2026-02-26 14:16:36,506{GMT}	INFO	[n0 stderr] maelstrom.process: [2026-02-26T13:16:36.506181Z INFO  maelstrom::runtime] Received {"id":30,"src":"c11","dest":"n0","body":{"key":0,"value":3,"type":"write","msg_id":4}}
2026-02-26 14:16:36,506{GMT}	INFO	[n0 stderr] maelstrom.process: Node  received WRITE: 0=3
2026-02-26 14:16:36,506{GMT}	INFO	[n0 stderr] maelstrom.process: [2026-02-26T13:16:36.506294Z INFO  maelstrom::runtime] Sent {"src":"n0","dest":"c11","body":{"in_reply_to":4,"type":"write_ok"}}
2026-02-26 14:16:36,506{GMT}	INFO	[jepsen worker 5] jepsen.util: 5	:ok	:write	[0 3]
2026-02-26 14:16:36,514{GMT}	INFO	[jepsen worker 5] jepsen.util: 5	:invoke	:write	[0 2]
2026-02-26 14:16:36,514{GMT}	INFO	[n0 stderr] maelstrom.process: [2026-02-26T13:16:36.514431Z INFO  maelstrom::runtime] Received {"id":32,"src":"c11","dest":"n0","body":{"key":0,"value":2,"type":"write","msg_id":5}}
2026-02-26 14:16:36,514{GMT}	INFO	[n0 stderr] maelstrom.process: Node  received WRITE: 0=2
2026-02-26 14:16:36,514{GMT}	INFO	[n0 stderr] maelstrom.process: [2026-02-26T13:16:36.514487Z INFO  maelstrom::runtime] Sent {"src":"n0","dest":"c11","body":{"in_reply_to":5,"type":"write_ok"}}
2026-02-26 14:16:36,514{GMT}	INFO	[jepsen worker 5] jepsen.util: 5	:ok	:write	[0 2]
2026-02-26 14:16:36,518{GMT}	INFO	[jepsen worker 5] jepsen.util: 5	:invoke	:cas	[0 [0 2]]
2026-02-26 14:16:36,518{GMT}	INFO	[n0 stderr] maelstrom.process: [2026-02-26T13:16:36.518636Z INFO  maelstrom::runtime] Received {"id":34,"src":"c11","dest":"n0","body":{"key":0,"from":0,"to":2,"type":"cas","msg_id":6}}
2026-02-26 14:16:36,518{GMT}	INFO	[n0 stderr] maelstrom.process: Node  received CAS (not implemented)
2026-02-26 14:16:36,518{GMT}	INFO	[n0 stderr] maelstrom.process: [2026-02-26T13:16:36.518698Z INFO  maelstrom::runtime] Sent {"src":"n0","dest":"c11","body":{"in_reply_to":6,"type":"cas_ok"}}
2026-02-26 14:16:36,519{GMT}	INFO	[jepsen worker 5] jepsen.util: 5	:ok	:cas	[0 [0 2]]
2026-02-26 14:16:36,522{GMT}	INFO	[jepsen worker 2] jepsen.util: 2	:invoke	:read	[0 nil]
2026-02-26 14:16:36,523{GMT}	INFO	[n2 stderr] maelstrom.process: [2026-02-26T13:16:36.523092Z INFO  maelstrom::runtime] Received {"id":36,"src":"c15","dest":"n2","body":{"key":0,"type":"read","msg_id":1}}
2026-02-26 14:16:36,523{GMT}	INFO	[n2 stderr] maelstrom.process: Node  received READ for key 0
2026-02-26 14:16:36,523{GMT}	INFO	[n2 stderr] maelstrom.process: [2026-02-26T13:16:36.523226Z INFO  maelstrom::runtime] Sent {"src":"n2","dest":"c15","body":{"in_reply_to":1,"type":"read_ok","value":0}}
2026-02-26 14:16:36,523{GMT}	INFO	[jepsen worker 2] jepsen.util: 2	:ok	:read	[0 0]
2026-02-26 14:16:36,524{GMT}	INFO	[jepsen worker 5] jepsen.util: 5	:invoke	:cas	[0 [1 0]]
2026-02-26 14:16:36,525{GMT}	INFO	[jepsen worker 6] jepsen.util: 6	:invoke	:cas	[0 [3 2]]
2026-02-26 14:16:36,525{GMT}	INFO	[n0 stderr] maelstrom.process: [2026-02-26T13:16:36.525218Z INFO  maelstrom::runtime] Received {"id":38,"src":"c11","dest":"n0","body":{"key":0,"from":1,"to":0,"type":"cas","msg_id":7}}
2026-02-26 14:16:36,525{GMT}	INFO	[n0 stderr] maelstrom.process: Node  received CAS (not implemented)
2026-02-26 14:16:36,525{GMT}	INFO	[n0 stderr] maelstrom.process: [2026-02-26T13:16:36.525277Z INFO  maelstrom::runtime] Sent {"src":"n0","dest":"c11","body":{"in_reply_to":7,"type":"cas_ok"}}
2026-02-26 14:16:36,525{GMT}	INFO	[jepsen worker 5] jepsen.util: 5	:ok	:cas	[0 [1 0]]
2026-02-26 14:16:36,525{GMT}	INFO	[n1 stderr] maelstrom.process: [2026-02-26T13:16:36.525770Z INFO  maelstrom::runtime] Received {"id":39,"src":"c16","dest":"n1","body":{"key":0,"from":3,"to":2,"type":"cas","msg_id":1}}
2026-02-26 14:16:36,525{GMT}	INFO	[n1 stderr] maelstrom.process: Node  received CAS (not implemented)
2026-02-26 14:16:36,526{GMT}	INFO	[n1 stderr] maelstrom.process: [2026-02-26T13:16:36.525908Z INFO  maelstrom::runtime] Sent {"src":"n1","dest":"c16","body":{"in_reply_to":1,"type":"cas_ok"}}
2026-02-26 14:16:36,526{GMT}	INFO	[jepsen worker 6] jepsen.util: 6	:ok	:cas	[0 [3 2]]
2026-02-26 14:16:36,535{GMT}	INFO	[jepsen worker 0] jepsen.util: 0	:invoke	:read	[0 nil]
2026-02-26 14:16:36,535{GMT}	INFO	[n0 stderr] maelstrom.process: [2026-02-26T13:16:36.535825Z INFO  maelstrom::runtime] Received {"id":42,"src":"c10","dest":"n0","body":{"key":0,"type":"read","msg_id":5}}
2026-02-26 14:16:36,536{GMT}	INFO	[n0 stderr] maelstrom.process: Node  received READ for key 0
2026-02-26 14:16:36,536{GMT}	INFO	[n0 stderr] maelstrom.process: [2026-02-26T13:16:36.535904Z INFO  maelstrom::runtime] Sent {"src":"n0","dest":"c10","body":{"in_reply_to":5,"type":"read_ok","value":0}}
2026-02-26 14:16:36,536{GMT}	INFO	[jepsen worker 0] jepsen.util: 0	:ok	:read	[0 0]
2026-02-26 14:16:36,538{GMT}	INFO	[jepsen worker 6] jepsen.util: 6	:invoke	:write	[0 3]
2026-02-26 14:16:36,538{GMT}	INFO	[n1 stderr] maelstrom.process: [2026-02-26T13:16:36.538679Z INFO  maelstrom::runtime] Received {"id":44,"src":"c16","dest":"n1","body":{"key":0,"value":3,"type":"write","msg_id":2}}
2026-02-26 14:16:36,538{GMT}	INFO	[n1 stderr] maelstrom.process: Node  received WRITE: 0=3
2026-02-26 14:16:36,538{GMT}	INFO	[n1 stderr] maelstrom.process: [2026-02-26T13:16:36.538719Z INFO  maelstrom::runtime] Sent {"src":"n1","dest":"c16","body":{"in_reply_to":2,"type":"write_ok"}}
2026-02-26 14:16:36,539{GMT}	INFO	[jepsen worker 6] jepsen.util: 6	:ok	:write	[0 3]
2026-02-26 14:16:36,551{GMT}	INFO	[jepsen worker 7] jepsen.util: 7	:invoke	:write	[0 1]
2026-02-26 14:16:36,552{GMT}	INFO	[n2 stderr] maelstrom.process: [2026-02-26T13:16:36.552064Z INFO  maelstrom::runtime] Received {"id":46,"src":"c13","dest":"n2","body":{"key":0,"value":1,"type":"write","msg_id":2}}
2026-02-26 14:16:36,552{GMT}	INFO	[n2 stderr] maelstrom.process: Node  received WRITE: 0=1
2026-02-26 14:16:36,552{GMT}	INFO	[n2 stderr] maelstrom.process: [2026-02-26T13:16:36.552168Z INFO  maelstrom::runtime] Sent {"src":"n2","dest":"c13","body":{"in_reply_to":2,"type":"write_ok"}}
2026-02-26 14:16:36,552{GMT}	INFO	[jepsen worker 7] jepsen.util: 7	:ok	:write	[0 1]
2026-02-26 14:16:36,568{GMT}	INFO	[jepsen worker 8] jepsen.util: 8	:invoke	:write	[0 1]
2026-02-26 14:16:36,569{GMT}	INFO	[n3 stderr] maelstrom.process: [2026-02-26T13:16:36.569237Z INFO  maelstrom::runtime] Received {"id":48,"src":"c14","dest":"n3","body":{"key":0,"value":1,"type":"write","msg_id":2}}
2026-02-26 14:16:36,569{GMT}	INFO	[n3 stderr] maelstrom.process: Node  received WRITE: 0=1
2026-02-26 14:16:36,569{GMT}	INFO	[jepsen worker 8] jepsen.util: 8	:ok	:write	[0 1]
2026-02-26 14:16:36,569{GMT}	INFO	[n3 stderr] maelstrom.process: [2026-02-26T13:16:36.569335Z INFO  maelstrom::runtime] Sent {"src":"n3","dest":"c14","body":{"in_reply_to":2,"type":"write_ok"}}
2026-02-26 14:16:36,584{GMT}	INFO	[jepsen worker 0] jepsen.util: 0	:invoke	:read	[0 nil]
2026-02-26 14:16:36,585{GMT}	INFO	[n0 stderr] maelstrom.process: [2026-02-26T13:16:36.585383Z INFO  maelstrom::runtime] Received {"id":50,"src":"c10","dest":"n0","body":{"key":0,"type":"read","msg_id":6}}
2026-02-26 14:16:36,585{GMT}	INFO	[n0 stderr] maelstrom.process: Node  received READ for key 0
2026-02-26 14:16:36,585{GMT}	INFO	[n0 stderr] maelstrom.process: [2026-02-26T13:16:36.585557Z INFO  maelstrom::runtime] Sent {"src":"n0","dest":"c10","body":{"in_reply_to":6,"type":"read_ok","value":0}}
2026-02-26 14:16:36,586{GMT}	INFO	[jepsen worker 0] jepsen.util: 0	:ok	:read	[0 0]
2026-02-26 14:16:36,588{GMT}	INFO	[jepsen worker 0] jepsen.util: 0	:invoke	:read	[0 nil]
2026-02-26 14:16:36,589{GMT}	INFO	[n0 stderr] maelstrom.process: [2026-02-26T13:16:36.589152Z INFO  maelstrom::runtime] Received {"id":52,"src":"c10","dest":"n0","body":{"key":0,"type":"read","msg_id":7}}
2026-02-26 14:16:36,589{GMT}	INFO	[n0 stderr] maelstrom.process: Node  received READ for key 0
2026-02-26 14:16:36,589{GMT}	INFO	[n0 stderr] maelstrom.process: [2026-02-26T13:16:36.589279Z INFO  maelstrom::runtime] Sent {"src":"n0","dest":"c10","body":{"in_reply_to":7,"type":"read_ok","value":0}}
2026-02-26 14:16:36,589{GMT}	INFO	[jepsen worker 0] jepsen.util: 0	:ok	:read	[0 0]
2026-02-26 14:16:36,599{GMT}	INFO	[jepsen worker 0] jepsen.util: 0	:invoke	:read	[0 nil]
2026-02-26 14:16:36,600{GMT}	INFO	[n0 stderr] maelstrom.process: [2026-02-26T13:16:36.600650Z INFO  maelstrom::runtime] Received {"id":54,"src":"c10","dest":"n0","body":{"key":0,"type":"read","msg_id":8}}
2026-02-26 14:16:36,601{GMT}	INFO	[n0 stderr] maelstrom.process: Node  received READ for key 0
2026-02-26 14:16:36,601{GMT}	INFO	[n0 stderr] maelstrom.process: [2026-02-26T13:16:36.600746Z INFO  maelstrom::runtime] Sent {"src":"n0","dest":"c10","body":{"in_reply_to":8,"type":"read_ok","value":0}}
2026-02-26 14:16:36,601{GMT}	INFO	[jepsen worker 0] jepsen.util: 0	:ok	:read	[0 0]
2026-02-26 14:16:36,616{GMT}	INFO	[jepsen worker 1] jepsen.util: 1	:invoke	:read	[0 nil]
2026-02-26 14:16:36,618{GMT}	INFO	[n1 stderr] maelstrom.process: [2026-02-26T13:16:36.618496Z INFO  maelstrom::runtime] Received {"id":56,"src":"c17","dest":"n1","body":{"key":0,"type":"read","msg_id":1}}
2026-02-26 14:16:36,619{GMT}	INFO	[n1 stderr] maelstrom.process: Node  received READ for key 0
2026-02-26 14:16:36,619{GMT}	INFO	[n1 stderr] maelstrom.process: [2026-02-26T13:16:36.618700Z INFO  maelstrom::runtime] Sent {"src":"n1","dest":"c17","body":{"in_reply_to":1,"type":"read_ok","value":0}}
2026-02-26 14:16:36,620{GMT}	INFO	[jepsen worker 1] jepsen.util: 1	:ok	:read	[0 0]
2026-02-26 14:16:36,627{GMT}	INFO	[jepsen worker 2] jepsen.util: 2	:invoke	:read	[0 nil]
2026-02-26 14:16:36,629{GMT}	INFO	[n2 stderr] maelstrom.process: [2026-02-26T13:16:36.628749Z INFO  maelstrom::runtime] Received {"id":58,"src":"c15","dest":"n2","body":{"key":0,"type":"read","msg_id":2}}
2026-02-26 14:16:36,629{GMT}	INFO	[n2 stderr] maelstrom.process: Node  received READ for key 0
2026-02-26 14:16:36,630{GMT}	INFO	[n2 stderr] maelstrom.process: [2026-02-26T13:16:36.628957Z INFO  maelstrom::runtime] Sent {"src":"n2","dest":"c15","body":{"in_reply_to":2,"type":"read_ok","value":0}}
2026-02-26 14:16:36,630{GMT}	INFO	[jepsen worker 2] jepsen.util: 2	:ok	:read	[0 0]
2026-02-26 14:16:36,637{GMT}	INFO	[jepsen worker 3] jepsen.util: 3	:invoke	:read	[0 nil]
2026-02-26 14:16:36,640{GMT}	INFO	[jepsen worker 5] jepsen.util: 5	:invoke	:cas	[0 [4 1]]
2026-02-26 14:16:36,640{GMT}	INFO	[n3 stderr] maelstrom.process: [2026-02-26T13:16:36.640021Z INFO  maelstrom::runtime] Received {"id":60,"src":"c18","dest":"n3","body":{"key":0,"type":"read","msg_id":1}}
2026-02-26 14:16:36,640{GMT}	INFO	[n3 stderr] maelstrom.process: Node  received READ for key 0
2026-02-26 14:16:36,641{GMT}	INFO	[n3 stderr] maelstrom.process: [2026-02-26T13:16:36.640336Z INFO  maelstrom::runtime] Sent {"src":"n3","dest":"c18","body":{"in_reply_to":1,"type":"read_ok","value":0}}
2026-02-26 14:16:36,641{GMT}	INFO	[jepsen worker 3] jepsen.util: 3	:ok	:read	[0 0]
2026-02-26 14:16:36,642{GMT}	INFO	[n0 stderr] maelstrom.process: [2026-02-26T13:16:36.641886Z INFO  maelstrom::runtime] Received {"id":61,"src":"c11","dest":"n0","body":{"key":0,"from":4,"to":1,"type":"cas","msg_id":8}}
2026-02-26 14:16:36,642{GMT}	INFO	[n0 stderr] maelstrom.process: Node  received CAS (not implemented)
2026-02-26 14:16:36,643{GMT}	INFO	[n0 stderr] maelstrom.process: [2026-02-26T13:16:36.642144Z INFO  maelstrom::runtime] Sent {"src":"n0","dest":"c11","body":{"in_reply_to":8,"type":"cas_ok"}}
2026-02-26 14:16:36,643{GMT}	INFO	[jepsen worker 5] jepsen.util: 5	:ok	:cas	[0 [4 1]]
2026-02-26 14:16:36,653{GMT}	INFO	[jepsen worker 0] jepsen.util: 0	:invoke	:read	[0 nil]
2026-02-26 14:16:36,654{GMT}	INFO	[n0 stderr] maelstrom.process: [2026-02-26T13:16:36.654613Z INFO  maelstrom::runtime] Received {"id":64,"src":"c10","dest":"n0","body":{"key":0,"type":"read","msg_id":9}}
2026-02-26 14:16:36,655{GMT}	INFO	[n0 stderr] maelstrom.process: Node  received READ for key 0
2026-02-26 14:16:36,655{GMT}	INFO	[n0 stderr] maelstrom.process: [2026-02-26T13:16:36.654893Z INFO  maelstrom::runtime] Sent {"src":"n0","dest":"c10","body":{"in_reply_to":9,"type":"read_ok","value":0}}
2026-02-26 14:16:36,656{GMT}	INFO	[jepsen worker 0] jepsen.util: 0	:ok	:read	[0 0]
2026-02-26 14:16:36,661{GMT}	INFO	[jepsen worker 6] jepsen.util: 6	:invoke	:cas	[0 [4 4]]
2026-02-26 14:16:36,663{GMT}	INFO	[n1 stderr] maelstrom.process: [2026-02-26T13:16:36.662906Z INFO  maelstrom::runtime] Received {"id":66,"src":"c16","dest":"n1","body":{"key":0,"from":4,"to":4,"type":"cas","msg_id":3}}
2026-02-26 14:16:36,663{GMT}	INFO	[n1 stderr] maelstrom.process: Node  received CAS (not implemented)
2026-02-26 14:16:36,664{GMT}	INFO	[n1 stderr] maelstrom.process: [2026-02-26T13:16:36.663221Z INFO  maelstrom::runtime] Sent {"src":"n1","dest":"c16","body":{"in_reply_to":3,"type":"cas_ok"}}
2026-02-26 14:16:36,664{GMT}	INFO	[jepsen worker 6] jepsen.util: 6	:ok	:cas	[0 [4 4]]
2026-02-26 14:16:36,666{GMT}	INFO	[jepsen worker 7] jepsen.util: 7	:invoke	:cas	[0 [4 4]]
2026-02-26 14:16:36,668{GMT}	INFO	[n2 stderr] maelstrom.process: [2026-02-26T13:16:36.667839Z INFO  maelstrom::runtime] Received {"id":68,"src":"c13","dest":"n2","body":{"key":0,"from":4,"to":4,"type":"cas","msg_id":3}}
2026-02-26 14:16:36,668{GMT}	INFO	[n2 stderr] maelstrom.process: Node  received CAS (not implemented)
2026-02-26 14:16:36,669{GMT}	INFO	[n2 stderr] maelstrom.process: [2026-02-26T13:16:36.668064Z INFO  maelstrom::runtime] Sent {"src":"n2","dest":"c13","body":{"in_reply_to":3,"type":"cas_ok"}}
2026-02-26 14:16:36,669{GMT}	INFO	[jepsen worker 7] jepsen.util: 7	:ok	:cas	[0 [4 4]]
2026-02-26 14:16:36,676{GMT}	INFO	[jepsen worker 8] jepsen.util: 8	:invoke	:cas	[0 [2 1]]
2026-02-26 14:16:36,678{GMT}	INFO	[n3 stderr] maelstrom.process: [2026-02-26T13:16:36.678457Z INFO  maelstrom::runtime] Received {"id":70,"src":"c14","dest":"n3","body":{"key":0,"from":2,"to":1,"type":"cas","msg_id":3}}
2026-02-26 14:16:36,679{GMT}	INFO	[n3 stderr] maelstrom.process: Node  received CAS (not implemented)
2026-02-26 14:16:36,679{GMT}	INFO	[n3 stderr] maelstrom.process: [2026-02-26T13:16:36.678694Z INFO  maelstrom::runtime] Sent {"src":"n3","dest":"c14","body":{"in_reply_to":3,"type":"cas_ok"}}
2026-02-26 14:16:36,679{GMT}	INFO	[jepsen worker 8] jepsen.util: 8	:ok	:cas	[0 [2 1]]
2026-02-26 14:16:36,682{GMT}	INFO	[jepsen worker 0] jepsen.util: 0	:invoke	:read	[0 nil]
2026-02-26 14:16:36,684{GMT}	INFO	[n0 stderr] maelstrom.process: [2026-02-26T13:16:36.683883Z INFO  maelstrom::runtime] Received {"id":72,"src":"c10","dest":"n0","body":{"key":0,"type":"read","msg_id":10}}
2026-02-26 14:16:36,684{GMT}	INFO	[n0 stderr] maelstrom.process: Node  received READ for key 0
2026-02-26 14:16:36,684{GMT}	INFO	[n0 stderr] maelstrom.process: [2026-02-26T13:16:36.684132Z INFO  maelstrom::runtime] Sent {"src":"n0","dest":"c10","body":{"in_reply_to":10,"type":"read_ok","value":0}}
2026-02-26 14:16:36,685{GMT}	INFO	[jepsen worker 0] jepsen.util: 0	:ok	:read	[0 0]
2026-02-26 14:16:36,702{GMT}	INFO	[jepsen worker 5] jepsen.util: 5	:invoke	:cas	[0 [0 0]]
2026-02-26 14:16:36,704{GMT}	INFO	[n0 stderr] maelstrom.process: [2026-02-26T13:16:36.703888Z INFO  maelstrom::runtime] Received {"id":74,"src":"c11","dest":"n0","body":{"key":0,"from":0,"to":0,"type":"cas","msg_id":9}}
2026-02-26 14:16:36,704{GMT}	INFO	[n0 stderr] maelstrom.process: Node  received CAS (not implemented)
2026-02-26 14:16:36,705{GMT}	INFO	[n0 stderr] maelstrom.process: [2026-02-26T13:16:36.704174Z INFO  maelstrom::runtime] Sent {"src":"n0","dest":"c11","body":{"in_reply_to":9,"type":"cas_ok"}}
2026-02-26 14:16:36,705{GMT}	INFO	[jepsen worker 5] jepsen.util: 5	:ok	:cas	[0 [0 0]]
2026-02-26 14:16:36,714{GMT}	INFO	[jepsen worker 5] jepsen.util: 5	:invoke	:write	[0 1]
2026-02-26 14:16:36,716{GMT}	INFO	[n0 stderr] maelstrom.process: [2026-02-26T13:16:36.716332Z INFO  maelstrom::runtime] Received {"id":76,"src":"c11","dest":"n0","body":{"key":0,"value":1,"type":"write","msg_id":10}}
2026-02-26 14:16:36,717{GMT}	INFO	[n0 stderr] maelstrom.process: Node  received WRITE: 0=1
2026-02-26 14:16:36,717{GMT}	INFO	[n0 stderr] maelstrom.process: [2026-02-26T13:16:36.716592Z INFO  maelstrom::runtime] Sent {"src":"n0","dest":"c11","body":{"in_reply_to":10,"type":"write_ok"}}
2026-02-26 14:16:36,717{GMT}	INFO	[jepsen worker 5] jepsen.util: 5	:ok	:write	[0 1]
2026-02-26 14:16:36,730{GMT}	INFO	[jepsen worker 1] jepsen.util: 1	:invoke	:read	[0 nil]
2026-02-26 14:16:36,731{GMT}	INFO	[n1 stderr] maelstrom.process: [2026-02-26T13:16:36.731365Z INFO  maelstrom::runtime] Received {"id":78,"src":"c17","dest":"n1","body":{"key":0,"type":"read","msg_id":2}}
2026-02-26 14:16:36,732{GMT}	INFO	[n1 stderr] maelstrom.process: Node  received READ for key 0
2026-02-26 14:16:36,732{GMT}	INFO	[n1 stderr] maelstrom.process: [2026-02-26T13:16:36.731600Z INFO  maelstrom::runtime] Sent {"src":"n1","dest":"c17","body":{"in_reply_to":2,"type":"read_ok","value":0}}
2026-02-26 14:16:36,733{GMT}	INFO	[jepsen worker 1] jepsen.util: 1	:ok	:read	[0 0]
2026-02-26 14:16:36,747{GMT}	INFO	[jepsen worker 2] jepsen.util: 2	:invoke	:read	[0 nil]
2026-02-26 14:16:36,749{GMT}	INFO	[n2 stderr] maelstrom.process: [2026-02-26T13:16:36.749003Z INFO  maelstrom::runtime] Received {"id":80,"src":"c15","dest":"n2","body":{"key":0,"type":"read","msg_id":3}}
2026-02-26 14:16:36,750{GMT}	INFO	[n2 stderr] maelstrom.process: Node  received READ for key 0
2026-02-26 14:16:36,750{GMT}	INFO	[n2 stderr] maelstrom.process: [2026-02-26T13:16:36.749223Z INFO  maelstrom::runtime] Sent {"src":"n2","dest":"c15","body":{"in_reply_to":3,"type":"read_ok","value":0}}
2026-02-26 14:16:36,750{GMT}	INFO	[jepsen worker 2] jepsen.util: 2	:ok	:read	[0 0]
2026-02-26 14:16:36,751{GMT}	INFO	[jepsen worker 3] jepsen.util: 3	:invoke	:read	[0 nil]
2026-02-26 14:16:36,753{GMT}	INFO	[n3 stderr] maelstrom.process: [2026-02-26T13:16:36.753060Z INFO  maelstrom::runtime] Received {"id":82,"src":"c18","dest":"n3","body":{"key":0,"type":"read","msg_id":2}}
2026-02-26 14:16:36,753{GMT}	INFO	[n3 stderr] maelstrom.process: Node  received READ for key 0
2026-02-26 14:16:36,754{GMT}	INFO	[n3 stderr] maelstrom.process: [2026-02-26T13:16:36.753324Z INFO  maelstrom::runtime] Sent {"src":"n3","dest":"c18","body":{"in_reply_to":2,"type":"read_ok","value":0}}
2026-02-26 14:16:36,754{GMT}	INFO	[jepsen worker 3] jepsen.util: 3	:ok	:read	[0 0]
2026-02-26 14:16:36,772{GMT}	INFO	[jepsen worker 4] jepsen.util: 4	:invoke	:read	[0 nil]
2026-02-26 14:16:36,774{GMT}	INFO	[n4 stderr] maelstrom.process: [2026-02-26T13:16:36.774055Z INFO  maelstrom::runtime] Received {"id":84,"src":"c12","dest":"n4","body":{"key":0,"type":"read","msg_id":2}}
2026-02-26 14:16:36,775{GMT}	INFO	[n4 stderr] maelstrom.process: Node  received READ for key 0
2026-02-26 14:16:36,775{GMT}	INFO	[jepsen worker 4] jepsen.util: 4	:ok	:read	[0 0]
2026-02-26 14:16:36,776{GMT}	INFO	[n4 stderr] maelstrom.process: [2026-02-26T13:16:36.774264Z INFO  maelstrom::runtime] Sent {"src":"n4","dest":"c12","body":{"in_reply_to":2,"type":"read_ok","value":0}}
2026-02-26 14:16:36,789{GMT}	INFO	[jepsen worker 0] jepsen.util: 0	:invoke	:read	[0 nil]
2026-02-26 14:16:36,791{GMT}	INFO	[n0 stderr] maelstrom.process: [2026-02-26T13:16:36.791357Z INFO  maelstrom::runtime] Received {"id":86,"src":"c10","dest":"n0","body":{"key":0,"type":"read","msg_id":11}}
2026-02-26 14:16:36,792{GMT}	INFO	[n0 stderr] maelstrom.process: Node  received READ for key 0
2026-02-26 14:16:36,792{GMT}	INFO	[n0 stderr] maelstrom.process: [2026-02-26T13:16:36.791633Z INFO  maelstrom::runtime] Sent {"src":"n0","dest":"c10","body":{"in_reply_to":11,"type":"read_ok","value":0}}
2026-02-26 14:16:36,793{GMT}	INFO	[jepsen worker 0] jepsen.util: 0	:ok	:read	[0 0]
2026-02-26 14:16:36,799{GMT}	INFO	[jepsen worker 6] jepsen.util: 6	:invoke	:write	[0 1]
2026-02-26 14:16:36,801{GMT}	INFO	[n1 stderr] maelstrom.process: [2026-02-26T13:16:36.801096Z INFO  maelstrom::runtime] Received {"id":88,"src":"c16","dest":"n1","body":{"key":0,"value":1,"type":"write","msg_id":4}}
2026-02-26 14:16:36,801{GMT}	INFO	[n1 stderr] maelstrom.process: Node  received WRITE: 0=1
2026-02-26 14:16:36,802{GMT}	INFO	[n1 stderr] maelstrom.process: [2026-02-26T13:16:36.801331Z INFO  maelstrom::runtime] Sent {"src":"n1","dest":"c16","body":{"in_reply_to":4,"type":"write_ok"}}
2026-02-26 14:16:36,802{GMT}	INFO	[jepsen worker 6] jepsen.util: 6	:ok	:write	[0 1]
2026-02-26 14:16:36,802{GMT}	INFO	[jepsen worker 0] jepsen.util: 0	:invoke	:read	[0 nil]
2026-02-26 14:16:36,804{GMT}	INFO	[n0 stderr] maelstrom.process: [2026-02-26T13:16:36.804080Z INFO  maelstrom::runtime] Received {"id":90,"src":"c10","dest":"n0","body":{"key":0,"type":"read","msg_id":12}}
2026-02-26 14:16:36,804{GMT}	INFO	[n0 stderr] maelstrom.process: Node  received READ for key 0
2026-02-26 14:16:36,805{GMT}	INFO	[n0 stderr] maelstrom.process: [2026-02-26T13:16:36.804303Z INFO  maelstrom::runtime] Sent {"src":"n0","dest":"c10","body":{"in_reply_to":12,"type":"read_ok","value":0}}
2026-02-26 14:16:36,805{GMT}	INFO	[jepsen worker 0] jepsen.util: 0	:ok	:read	[0 0]
2026-02-26 14:16:36,814{GMT}	INFO	[jepsen worker 8] jepsen.util: 8	:invoke	:cas	[0 [0 4]]
2026-02-26 14:16:36,816{GMT}	INFO	[jepsen worker 9] jepsen.util: 9	:invoke	:write	[0 2]
2026-02-26 14:16:36,816{GMT}	INFO	[n3 stderr] maelstrom.process: [2026-02-26T13:16:36.816091Z INFO  maelstrom::runtime] Received {"id":92,"src":"c14","dest":"n3","body":{"key":0,"from":0,"to":4,"type":"cas","msg_id":4}}
2026-02-26 14:16:36,816{GMT}	INFO	[n3 stderr] maelstrom.process: Node  received CAS (not implemented)
2026-02-26 14:16:36,817{GMT}	INFO	[n3 stderr] maelstrom.process: [2026-02-26T13:16:36.816340Z INFO  maelstrom::runtime] Sent {"src":"n3","dest":"c14","body":{"in_reply_to":4,"type":"cas_ok"}}
2026-02-26 14:16:36,817{GMT}	INFO	[jepsen worker 8] jepsen.util: 8	:ok	:cas	[0 [0 4]]
2026-02-26 14:16:36,818{GMT}	INFO	[n4 stderr] maelstrom.process: [2026-02-26T13:16:36.818686Z INFO  maelstrom::runtime] Received {"id":93,"src":"c19","dest":"n4","body":{"key":0,"value":2,"type":"write","msg_id":1}}
2026-02-26 14:16:36,819{GMT}	INFO	[n4 stderr] maelstrom.process: Node  received WRITE: 0=2
2026-02-26 14:16:36,820{GMT}	INFO	[jepsen worker 9] jepsen.util: 9	:ok	:write	[0 2]
2026-02-26 14:16:36,820{GMT}	INFO	[n4 stderr] maelstrom.process: [2026-02-26T13:16:36.819022Z INFO  maelstrom::runtime] Sent {"src":"n4","dest":"c19","body":{"in_reply_to":1,"type":"write_ok"}}
2026-02-26 14:16:36,827{GMT}	INFO	[jepsen worker 5] jepsen.util: 5	:invoke	:cas	[0 [0 0]]
2026-02-26 14:16:36,829{GMT}	INFO	[n0 stderr] maelstrom.process: [2026-02-26T13:16:36.829277Z INFO  maelstrom::runtime] Received {"id":96,"src":"c11","dest":"n0","body":{"key":0,"from":0,"to":0,"type":"cas","msg_id":11}}
2026-02-26 14:16:36,830{GMT}	INFO	[n0 stderr] maelstrom.process: Node  received CAS (not implemented)
2026-02-26 14:16:36,830{GMT}	INFO	[n0 stderr] maelstrom.process: [2026-02-26T13:16:36.829530Z INFO  maelstrom::runtime] Sent {"src":"n0","dest":"c11","body":{"in_reply_to":11,"type":"cas_ok"}}
2026-02-26 14:16:36,830{GMT}	INFO	[jepsen worker 5] jepsen.util: 5	:ok	:cas	[0 [0 0]]
2026-02-26 14:16:36,846{GMT}	INFO	[jepsen worker 0] jepsen.util: 0	:invoke	:read	[0 nil]
2026-02-26 14:16:36,848{GMT}	INFO	[n0 stderr] maelstrom.process: [2026-02-26T13:16:36.847767Z INFO  maelstrom::runtime] Received {"id":98,"src":"c10","dest":"n0","body":{"key":0,"type":"read","msg_id":13}}
2026-02-26 14:16:36,848{GMT}	INFO	[n0 stderr] maelstrom.process: Node  received READ for key 0
2026-02-26 14:16:36,849{GMT}	INFO	[n0 stderr] maelstrom.process: [2026-02-26T13:16:36.848101Z INFO  maelstrom::runtime] Sent {"src":"n0","dest":"c10","body":{"in_reply_to":13,"type":"read_ok","value":0}}
2026-02-26 14:16:36,849{GMT}	INFO	[jepsen worker 0] jepsen.util: 0	:ok	:read	[0 0]
2026-02-26 14:16:36,850{GMT}	INFO	[jepsen worker 1] jepsen.util: 1	:invoke	:read	[0 nil]
2026-02-26 14:16:36,851{GMT}	INFO	[n1 stderr] maelstrom.process: [2026-02-26T13:16:36.851611Z INFO  maelstrom::runtime] Received {"id":100,"src":"c17","dest":"n1","body":{"key":0,"type":"read","msg_id":3}}
2026-02-26 14:16:36,852{GMT}	INFO	[n1 stderr] maelstrom.process: Node  received READ for key 0
2026-02-26 14:16:36,852{GMT}	INFO	[n1 stderr] maelstrom.process: [2026-02-26T13:16:36.851855Z INFO  maelstrom::runtime] Sent {"src":"n1","dest":"c17","body":{"in_reply_to":3,"type":"read_ok","value":0}}
2026-02-26 14:16:36,853{GMT}	INFO	[jepsen worker 1] jepsen.util: 1	:ok	:read	[0 0]
2026-02-26 14:16:36,864{GMT}	INFO	[jepsen worker 5] jepsen.util: 5	:invoke	:cas	[0 [0 2]]
2026-02-26 14:16:36,865{GMT}	INFO	[n0 stderr] maelstrom.process: [2026-02-26T13:16:36.865622Z INFO  maelstrom::runtime] Received {"id":102,"src":"c11","dest":"n0","body":{"key":0,"from":0,"to":2,"type":"cas","msg_id":12}}
2026-02-26 14:16:36,866{GMT}	INFO	[n0 stderr] maelstrom.process: Node  received CAS (not implemented)
2026-02-26 14:16:36,866{GMT}	INFO	[n0 stderr] maelstrom.process: [2026-02-26T13:16:36.865860Z INFO  maelstrom::runtime] Sent {"src":"n0","dest":"c11","body":{"in_reply_to":12,"type":"cas_ok"}}
2026-02-26 14:16:36,867{GMT}	INFO	[jepsen worker 5] jepsen.util: 5	:ok	:cas	[0 [0 2]]
2026-02-26 14:16:36,870{GMT}	INFO	[jepsen worker 5] jepsen.util: 5	:invoke	:write	[0 4]
2026-02-26 14:16:36,871{GMT}	INFO	[n0 stderr] maelstrom.process: [2026-02-26T13:16:36.871576Z INFO  maelstrom::runtime] Received {"id":104,"src":"c11","dest":"n0","body":{"key":0,"value":4,"type":"write","msg_id":13}}
2026-02-26 14:16:36,872{GMT}	INFO	[n0 stderr] maelstrom.process: Node  received WRITE: 0=4
2026-02-26 14:16:36,872{GMT}	INFO	[n0 stderr] maelstrom.process: [2026-02-26T13:16:36.871812Z INFO  maelstrom::runtime] Sent {"src":"n0","dest":"c11","body":{"in_reply_to":13,"type":"write_ok"}}
2026-02-26 14:16:36,872{GMT}	INFO	[jepsen worker 5] jepsen.util: 5	:ok	:write	[0 4]
2026-02-26 14:16:36,879{GMT}	INFO	[jepsen worker 5] jepsen.util: 5	:invoke	:cas	[0 [4 2]]
2026-02-26 14:16:36,881{GMT}	INFO	[n0 stderr] maelstrom.process: [2026-02-26T13:16:36.881265Z INFO  maelstrom::runtime] Received {"id":106,"src":"c11","dest":"n0","body":{"key":0,"from":4,"to":2,"type":"cas","msg_id":14}}
2026-02-26 14:16:36,882{GMT}	INFO	[n0 stderr] maelstrom.process: Node  received CAS (not implemented)
2026-02-26 14:16:36,882{GMT}	INFO	[n0 stderr] maelstrom.process: [2026-02-26T13:16:36.881521Z INFO  maelstrom::runtime] Sent {"src":"n0","dest":"c11","body":{"in_reply_to":14,"type":"cas_ok"}}
2026-02-26 14:16:36,882{GMT}	INFO	[jepsen worker 5] jepsen.util: 5	:ok	:cas	[0 [4 2]]
2026-02-26 14:16:36,896{GMT}	INFO	[jepsen worker 5] jepsen.util: 5	:invoke	:write	[0 4]
2026-02-26 14:16:36,897{GMT}	INFO	[n0 stderr] maelstrom.process: [2026-02-26T13:16:36.897573Z INFO  maelstrom::runtime] Received {"id":108,"src":"c11","dest":"n0","body":{"key":0,"value":4,"type":"write","msg_id":15}}
2026-02-26 14:16:36,898{GMT}	INFO	[n0 stderr] maelstrom.process: Node  received WRITE: 0=4
2026-02-26 14:16:36,898{GMT}	INFO	[jepsen worker 5] jepsen.util: 5	:ok	:write	[0 4]
2026-02-26 14:16:36,899{GMT}	INFO	[n0 stderr] maelstrom.process: [2026-02-26T13:16:36.897824Z INFO  maelstrom::runtime] Sent {"src":"n0","dest":"c11","body":{"in_reply_to":15,"type":"write_ok"}}
2026-02-26 14:16:36,912{GMT}	INFO	[jepsen worker 0] jepsen.util: 0	:invoke	:read	[0 nil]
2026-02-26 14:16:36,914{GMT}	INFO	[n0 stderr] maelstrom.process: [2026-02-26T13:16:36.914082Z INFO  maelstrom::runtime] Received {"id":110,"src":"c10","dest":"n0","body":{"key":0,"type":"read","msg_id":14}}
2026-02-26 14:16:36,915{GMT}	INFO	[n0 stderr] maelstrom.process: Node  received READ for key 0
2026-02-26 14:16:36,915{GMT}	INFO	[n0 stderr] maelstrom.process: [2026-02-26T13:16:36.914308Z INFO  maelstrom::runtime] Sent {"src":"n0","dest":"c10","body":{"in_reply_to":14,"type":"read_ok","value":0}}
2026-02-26 14:16:36,915{GMT}	INFO	[jepsen worker 0] jepsen.util: 0	:ok	:read	[0 0]
2026-02-26 14:16:36,933{GMT}	INFO	[jepsen worker 0] jepsen.util: 0	:invoke	:read	[0 nil]
2026-02-26 14:16:36,935{GMT}	INFO	[n0 stderr] maelstrom.process: [2026-02-26T13:16:36.934827Z INFO  maelstrom::runtime] Received {"id":112,"src":"c10","dest":"n0","body":{"key":0,"type":"read","msg_id":15}}
2026-02-26 14:16:36,935{GMT}	INFO	[n0 stderr] maelstrom.process: Node  received READ for key 0
2026-02-26 14:16:36,936{GMT}	INFO	[n0 stderr] maelstrom.process: [2026-02-26T13:16:36.935093Z INFO  maelstrom::runtime] Sent {"src":"n0","dest":"c10","body":{"in_reply_to":15,"type":"read_ok","value":0}}
2026-02-26 14:16:36,936{GMT}	INFO	[jepsen worker 0] jepsen.util: 0	:ok	:read	[0 0]
2026-02-26 14:16:36,954{GMT}	INFO	[jepsen worker 8] jepsen.util: 8	:invoke	:cas	[0 [4 1]]
2026-02-26 14:16:36,955{GMT}	INFO	[n3 stderr] maelstrom.process: [2026-02-26T13:16:36.955452Z INFO  maelstrom::runtime] Received {"id":114,"src":"c14","dest":"n3","body":{"key":0,"from":4,"to":1,"type":"cas","msg_id":5}}
2026-02-26 14:16:36,956{GMT}	INFO	[n3 stderr] maelstrom.process: Node  received CAS (not implemented)
2026-02-26 14:16:36,956{GMT}	INFO	[n3 stderr] maelstrom.process: [2026-02-26T13:16:36.955686Z INFO  maelstrom::runtime] Sent {"src":"n3","dest":"c14","body":{"in_reply_to":5,"type":"cas_ok"}}
2026-02-26 14:16:36,956{GMT}	INFO	[jepsen worker 8] jepsen.util: 8	:ok	:cas	[0 [4 1]]
2026-02-26 14:16:36,974{GMT}	INFO	[jepsen worker 0] jepsen.util: 0	:invoke	:read	[0 nil]
2026-02-26 14:16:36,976{GMT}	INFO	[n0 stderr] maelstrom.process: [2026-02-26T13:16:36.975677Z INFO  maelstrom::runtime] Received {"id":116,"src":"c10","dest":"n0","body":{"key":0,"type":"read","msg_id":16}}
2026-02-26 14:16:36,976{GMT}	INFO	[n0 stderr] maelstrom.process: Node  received READ for key 0
2026-02-26 14:16:36,976{GMT}	INFO	[n0 stderr] maelstrom.process: [2026-02-26T13:16:36.975939Z INFO  maelstrom::runtime] Sent {"src":"n0","dest":"c10","body":{"in_reply_to":16,"type":"read_ok","value":0}}
2026-02-26 14:16:36,977{GMT}	INFO	[jepsen worker 0] jepsen.util: 0	:ok	:read	[0 0]
2026-02-26 14:16:36,989{GMT}	INFO	[jepsen worker 0] jepsen.util: 0	:invoke	:read	[0 nil]
2026-02-26 14:16:36,991{GMT}	INFO	[n0 stderr] maelstrom.process: [2026-02-26T13:16:36.991500Z INFO  maelstrom::runtime] Received {"id":118,"src":"c10","dest":"n0","body":{"key":0,"type":"read","msg_id":17}}
2026-02-26 14:16:36,992{GMT}	INFO	[n0 stderr] maelstrom.process: Node  received READ for key 0
2026-02-26 14:16:36,992{GMT}	INFO	[n0 stderr] maelstrom.process: [2026-02-26T13:16:36.991767Z INFO  maelstrom::runtime] Sent {"src":"n0","dest":"c10","body":{"in_reply_to":17,"type":"read_ok","value":0}}
2026-02-26 14:16:36,993{GMT}	INFO	[jepsen worker 0] jepsen.util: 0	:ok	:read	[0 0]
2026-02-26 14:16:37,010{GMT}	INFO	[jepsen worker 0] jepsen.util: 0	:invoke	:read	[0 nil]
2026-02-26 14:16:37,011{GMT}	INFO	[n0 stderr] maelstrom.process: [2026-02-26T13:16:37.011522Z INFO  maelstrom::runtime] Received {"id":120,"src":"c10","dest":"n0","body":{"key":0,"type":"read","msg_id":18}}
2026-02-26 14:16:37,012{GMT}	INFO	[n0 stderr] maelstrom.process: Node  received READ for key 0
2026-02-26 14:16:37,012{GMT}	INFO	[n0 stderr] maelstrom.process: [2026-02-26T13:16:37.011751Z INFO  maelstrom::runtime] Sent {"src":"n0","dest":"c10","body":{"in_reply_to":18,"type":"read_ok","value":0}}
2026-02-26 14:16:37,013{GMT}	INFO	[jepsen worker 0] jepsen.util: 0	:ok	:read	[0 0]
2026-02-26 14:16:37,025{GMT}	INFO	[jepsen worker 5] jepsen.util: 5	:invoke	:write	[0 1]
2026-02-26 14:16:37,026{GMT}	INFO	[n0 stderr] maelstrom.process: [2026-02-26T13:16:37.026358Z INFO  maelstrom::runtime] Received {"id":122,"src":"c11","dest":"n0","body":{"key":0,"value":1,"type":"write","msg_id":16}}
2026-02-26 14:16:37,027{GMT}	INFO	[n0 stderr] maelstrom.process: Node  received WRITE: 0=1
2026-02-26 14:16:37,027{GMT}	INFO	[n0 stderr] maelstrom.process: [2026-02-26T13:16:37.026668Z INFO  maelstrom::runtime] Sent {"src":"n0","dest":"c11","body":{"in_reply_to":16,"type":"write_ok"}}
2026-02-26 14:16:37,027{GMT}	INFO	[jepsen worker 5] jepsen.util: 5	:ok	:write	[0 1]
2026-02-26 14:16:37,032{GMT}	INFO	[jepsen worker 2] jepsen.util: 2	:invoke	:read	[0 nil]
2026-02-26 14:16:37,033{GMT}	INFO	[n2 stderr] maelstrom.process: [2026-02-26T13:16:37.033584Z INFO  maelstrom::runtime] Received {"id":124,"src":"c15","dest":"n2","body":{"key":0,"type":"read","msg_id":4}}
2026-02-26 14:16:37,034{GMT}	INFO	[n2 stderr] maelstrom.process: Node  received READ for key 0
2026-02-26 14:16:37,034{GMT}	INFO	[jepsen worker 2] jepsen.util: 2	:ok	:read	[0 0]
2026-02-26 14:16:37,035{GMT}	INFO	[n2 stderr] maelstrom.process: [2026-02-26T13:16:37.033807Z INFO  maelstrom::runtime] Sent {"src":"n2","dest":"c15","body":{"in_reply_to":4,"type":"read_ok","value":0}}
2026-02-26 14:16:37,035{GMT}	INFO	[jepsen worker 5] jepsen.util: 5	:invoke	:write	[0 4]
2026-02-26 14:16:37,036{GMT}	INFO	[n0 stderr] maelstrom.process: [2026-02-26T13:16:37.036744Z INFO  maelstrom::runtime] Received {"id":126,"src":"c11","dest":"n0","body":{"key":0,"value":4,"type":"write","msg_id":17}}
2026-02-26 14:16:37,037{GMT}	INFO	[n0 stderr] maelstrom.process: Node  received WRITE: 0=4
2026-02-26 14:16:37,037{GMT}	INFO	[jepsen worker 4] jepsen.util: 4	:invoke	:read	[0 nil]
2026-02-26 14:16:37,037{GMT}	INFO	[n0 stderr] maelstrom.process: [2026-02-26T13:16:37.037035Z INFO  maelstrom::runtime] Sent {"src":"n0","dest":"c11","body":{"in_reply_to":17,"type":"write_ok"}}
2026-02-26 14:16:37,038{GMT}	INFO	[jepsen worker 5] jepsen.util: 5	:ok	:write	[0 4]
2026-02-26 14:16:37,039{GMT}	INFO	[n4 stderr] maelstrom.process: [2026-02-26T13:16:37.038810Z INFO  maelstrom::runtime] Received {"id":128,"src":"c12","dest":"n4","body":{"key":0,"type":"read","msg_id":3}}
2026-02-26 14:16:37,039{GMT}	INFO	[n4 stderr] maelstrom.process: Node  received READ for key 0
2026-02-26 14:16:37,039{GMT}	INFO	[n4 stderr] maelstrom.process: [2026-02-26T13:16:37.039048Z INFO  maelstrom::runtime] Sent {"src":"n4","dest":"c12","body":{"in_reply_to":3,"type":"read_ok","value":0}}
2026-02-26 14:16:37,040{GMT}	INFO	[jepsen worker 4] jepsen.util: 4	:ok	:read	[0 0]
2026-02-26 14:16:37,056{GMT}	INFO	[jepsen worker 0] jepsen.util: 0	:invoke	:read	[0 nil]
2026-02-26 14:16:37,058{GMT}	INFO	[n0 stderr] maelstrom.process: [2026-02-26T13:16:37.058075Z INFO  maelstrom::runtime] Received {"id":130,"src":"c10","dest":"n0","body":{"key":0,"type":"read","msg_id":19}}
2026-02-26 14:16:37,058{GMT}	INFO	[n0 stderr] maelstrom.process: Node  received READ for key 0
2026-02-26 14:16:37,059{GMT}	INFO	[n0 stderr] maelstrom.process: [2026-02-26T13:16:37.058380Z INFO  maelstrom::runtime] Sent {"src":"n0","dest":"c10","body":{"in_reply_to":19,"type":"read_ok","value":0}}
2026-02-26 14:16:37,059{GMT}	INFO	[jepsen worker 1] jepsen.util: 1	:invoke	:read	[0 nil]
2026-02-26 14:16:37,059{GMT}	INFO	[jepsen worker 0] jepsen.util: 0	:ok	:read	[0 0]
2026-02-26 14:16:37,060{GMT}	INFO	[n1 stderr] maelstrom.process: [2026-02-26T13:16:37.060696Z INFO  maelstrom::runtime] Received {"id":132,"src":"c17","dest":"n1","body":{"key":0,"type":"read","msg_id":4}}
2026-02-26 14:16:37,061{GMT}	INFO	[n1 stderr] maelstrom.process: Node  received READ for key 0
2026-02-26 14:16:37,061{GMT}	INFO	[n1 stderr] maelstrom.process: [2026-02-26T13:16:37.060977Z INFO  maelstrom::runtime] Sent {"src":"n1","dest":"c17","body":{"in_reply_to":4,"type":"read_ok","value":0}}
2026-02-26 14:16:37,062{GMT}	INFO	[jepsen worker 1] jepsen.util: 1	:ok	:read	[0 0]
2026-02-26 14:16:37,077{GMT}	INFO	[jepsen worker 7] jepsen.util: 7	:invoke	:write	[0 2]
2026-02-26 14:16:37,077{GMT}	INFO	[jepsen worker 8] jepsen.util: 8	:invoke	:write	[0 1]
2026-02-26 14:16:37,078{GMT}	INFO	[n3 stderr] maelstrom.process: [2026-02-26T13:16:37.078672Z INFO  maelstrom::runtime] Received {"id":135,"src":"c14","dest":"n3","body":{"key":0,"value":1,"type":"write","msg_id":6}}
2026-02-26 14:16:37,079{GMT}	INFO	[n2 stderr] maelstrom.process: [2026-02-26T13:16:37.078856Z INFO  maelstrom::runtime] Received {"id":134,"src":"c13","dest":"n2","body":{"key":0,"value":2,"type":"write","msg_id":4}}
2026-02-26 14:16:37,079{GMT}	INFO	[n3 stderr] maelstrom.process: Node  received WRITE: 0=1
2026-02-26 14:16:37,079{GMT}	INFO	[n3 stderr] maelstrom.process: [2026-02-26T13:16:37.078904Z INFO  maelstrom::runtime] Sent {"src":"n3","dest":"c14","body":{"in_reply_to":6,"type":"write_ok"}}
2026-02-26 14:16:37,079{GMT}	INFO	[n2 stderr] maelstrom.process: Node  received WRITE: 0=2
2026-02-26 14:16:37,080{GMT}	INFO	[n2 stderr] maelstrom.process: [2026-02-26T13:16:37.079102Z INFO  maelstrom::runtime] Sent {"src":"n2","dest":"c13","body":{"in_reply_to":4,"type":"write_ok"}}
2026-02-26 14:16:37,080{GMT}	INFO	[jepsen worker 8] jepsen.util: 8	:ok	:write	[0 1]
2026-02-26 14:16:37,080{GMT}	INFO	[jepsen worker 7] jepsen.util: 7	:ok	:write	[0 2]
2026-02-26 14:16:37,086{GMT}	INFO	[jepsen worker 0] jepsen.util: 0	:invoke	:read	[0 nil]
2026-02-26 14:16:37,087{GMT}	INFO	[n0 stderr] maelstrom.process: [2026-02-26T13:16:37.087565Z INFO  maelstrom::runtime] Received {"id":138,"src":"c10","dest":"n0","body":{"key":0,"type":"read","msg_id":20}}
2026-02-26 14:16:37,088{GMT}	INFO	[n0 stderr] maelstrom.process: Node  received READ for key 0
2026-02-26 14:16:37,088{GMT}	INFO	[jepsen worker 0] jepsen.util: 0	:ok	:read	[0 0]
2026-02-26 14:16:37,088{GMT}	INFO	[n0 stderr] maelstrom.process: [2026-02-26T13:16:37.087763Z INFO  maelstrom::runtime] Sent {"src":"n0","dest":"c10","body":{"in_reply_to":20,"type":"read_ok","value":0}}
2026-02-26 14:16:37,106{GMT}	INFO	[jepsen worker 0] jepsen.util: 0	:invoke	:read	[0 nil]
2026-02-26 14:16:37,108{GMT}	INFO	[n0 stderr] maelstrom.process: [2026-02-26T13:16:37.107985Z INFO  maelstrom::runtime] Received {"id":140,"src":"c10","dest":"n0","body":{"key":0,"type":"read","msg_id":21}}
2026-02-26 14:16:37,108{GMT}	INFO	[n0 stderr] maelstrom.process: Node  received READ for key 0
2026-02-26 14:16:37,109{GMT}	INFO	[n0 stderr] maelstrom.process: [2026-02-26T13:16:37.108205Z INFO  maelstrom::runtime] Sent {"src":"n0","dest":"c10","body":{"in_reply_to":21,"type":"read_ok","value":0}}
2026-02-26 14:16:37,109{GMT}	INFO	[jepsen worker 0] jepsen.util: 0	:ok	:read	[0 0]
2026-02-26 14:16:37,117{GMT}	INFO	[jepsen worker 5] jepsen.util: 5	:invoke	:cas	[0 [1 3]]
2026-02-26 14:16:37,119{GMT}	INFO	[n0 stderr] maelstrom.process: [2026-02-26T13:16:37.118998Z INFO  maelstrom::runtime] Received {"id":142,"src":"c11","dest":"n0","body":{"key":0,"from":1,"to":3,"type":"cas","msg_id":18}}
2026-02-26 14:16:37,120{GMT}	INFO	[n0 stderr] maelstrom.process: Node  received CAS (not implemented)
2026-02-26 14:16:37,120{GMT}	INFO	[n0 stderr] maelstrom.process: [2026-02-26T13:16:37.119225Z INFO  maelstrom::runtime] Sent {"src":"n0","dest":"c11","body":{"in_reply_to":18,"type":"cas_ok"}}
2026-02-26 14:16:37,120{GMT}	INFO	[jepsen worker 5] jepsen.util: 5	:ok	:cas	[0 [1 3]]
2026-02-26 14:16:37,127{GMT}	INFO	[jepsen worker 1] jepsen.util: 1	:invoke	:read	[0 nil]
2026-02-26 14:16:37,129{GMT}	INFO	[n1 stderr] maelstrom.process: [2026-02-26T13:16:37.128996Z INFO  maelstrom::runtime] Received {"id":144,"src":"c17","dest":"n1","body":{"key":0,"type":"read","msg_id":5}}
2026-02-26 14:16:37,129{GMT}	INFO	[n1 stderr] maelstrom.process: Node  received READ for key 0
2026-02-26 14:16:37,129{GMT}	INFO	[n1 stderr] maelstrom.process: [2026-02-26T13:16:37.129221Z INFO  maelstrom::runtime] Sent {"src":"n1","dest":"c17","body":{"in_reply_to":5,"type":"read_ok","value":0}}
2026-02-26 14:16:37,130{GMT}	INFO	[jepsen worker 1] jepsen.util: 1	:ok	:read	[0 0]
2026-02-26 14:16:37,145{GMT}	INFO	[jepsen worker 2] jepsen.util: 2	:invoke	:read	[0 nil]
2026-02-26 14:16:37,146{GMT}	INFO	[n2 stderr] maelstrom.process: [2026-02-26T13:16:37.146747Z INFO  maelstrom::runtime] Received {"id":146,"src":"c15","dest":"n2","body":{"key":0,"type":"read","msg_id":5}}
2026-02-26 14:16:37,147{GMT}	INFO	[n2 stderr] maelstrom.process: Node  received READ for key 0
2026-02-26 14:16:37,147{GMT}	INFO	[n2 stderr] maelstrom.process: [2026-02-26T13:16:37.146983Z INFO  maelstrom::runtime] Sent {"src":"n2","dest":"c15","body":{"in_reply_to":5,"type":"read_ok","value":0}}
2026-02-26 14:16:37,148{GMT}	INFO	[jepsen worker 2] jepsen.util: 2	:ok	:read	[0 0]
2026-02-26 14:16:37,149{GMT}	INFO	[jepsen worker 5] jepsen.util: 5	:invoke	:cas	[0 [2 2]]
2026-02-26 14:16:37,151{GMT}	INFO	[n0 stderr] maelstrom.process: [2026-02-26T13:16:37.151291Z INFO  maelstrom::runtime] Received {"id":148,"src":"c11","dest":"n0","body":{"key":0,"from":2,"to":2,"type":"cas","msg_id":19}}
2026-02-26 14:16:37,152{GMT}	INFO	[n0 stderr] maelstrom.process: Node  received CAS (not implemented)
2026-02-26 14:16:37,152{GMT}	INFO	[jepsen worker 5] jepsen.util: 5	:ok	:cas	[0 [2 2]]
2026-02-26 14:16:37,152{GMT}	INFO	[n0 stderr] maelstrom.process: [2026-02-26T13:16:37.151589Z INFO  maelstrom::runtime] Sent {"src":"n0","dest":"c11","body":{"in_reply_to":19,"type":"cas_ok"}}
2026-02-26 14:16:37,160{GMT}	INFO	[jepsen worker 5] jepsen.util: 5	:invoke	:cas	[0 [3 1]]
2026-02-26 14:16:37,162{GMT}	INFO	[n0 stderr] maelstrom.process: [2026-02-26T13:16:37.162281Z INFO  maelstrom::runtime] Received {"id":150,"src":"c11","dest":"n0","body":{"key":0,"from":3,"to":1,"type":"cas","msg_id":20}}
2026-02-26 14:16:37,163{GMT}	INFO	[n0 stderr] maelstrom.process: Node  received CAS (not implemented)
2026-02-26 14:16:37,163{GMT}	INFO	[n0 stderr] maelstrom.process: [2026-02-26T13:16:37.162579Z INFO  maelstrom::runtime] Sent {"src":"n0","dest":"c11","body":{"in_reply_to":20,"type":"cas_ok"}}
2026-02-26 14:16:37,163{GMT}	INFO	[jepsen worker 5] jepsen.util: 5	:ok	:cas	[0 [3 1]]
2026-02-26 14:16:37,175{GMT}	INFO	[jepsen worker 0] jepsen.util: 0	:invoke	:read	[0 nil]
2026-02-26 14:16:37,177{GMT}	INFO	[n0 stderr] maelstrom.process: [2026-02-26T13:16:37.176892Z INFO  maelstrom::runtime] Received {"id":152,"src":"c10","dest":"n0","body":{"key":0,"type":"read","msg_id":22}}
2026-02-26 14:16:37,177{GMT}	INFO	[jepsen worker 6] jepsen.util: 6	:invoke	:cas	[0 [1 2]]
2026-02-26 14:16:37,177{GMT}	INFO	[n0 stderr] maelstrom.process: Node  received READ for key 0
2026-02-26 14:16:37,178{GMT}	INFO	[n0 stderr] maelstrom.process: [2026-02-26T13:16:37.177096Z INFO  maelstrom::runtime] Sent {"src":"n0","dest":"c10","body":{"in_reply_to":22,"type":"read_ok","value":0}}
2026-02-26 14:16:37,178{GMT}	INFO	[jepsen worker 0] jepsen.util: 0	:ok	:read	[0 0]
2026-02-26 14:16:37,178{GMT}	INFO	[n1 stderr] maelstrom.process: [2026-02-26T13:16:37.178311Z INFO  maelstrom::runtime] Received {"id":154,"src":"c16","dest":"n1","body":{"key":0,"from":1,"to":2,"type":"cas","msg_id":5}}
2026-02-26 14:16:37,178{GMT}	INFO	[n1 stderr] maelstrom.process: Node  received CAS (not implemented)
2026-02-26 14:16:37,178{GMT}	INFO	[n1 stderr] maelstrom.process: [2026-02-26T13:16:37.178538Z INFO  maelstrom::runtime] Sent {"src":"n1","dest":"c16","body":{"in_reply_to":5,"type":"cas_ok"}}
2026-02-26 14:16:37,179{GMT}	INFO	[jepsen worker 6] jepsen.util: 6	:ok	:cas	[0 [1 2]]
2026-02-26 14:16:37,184{GMT}	INFO	[jepsen worker 0] jepsen.util: 0	:invoke	:read	[0 nil]
2026-02-26 14:16:37,185{GMT}	INFO	[n0 stderr] maelstrom.process: [2026-02-26T13:16:37.185302Z INFO  maelstrom::runtime] Received {"id":156,"src":"c10","dest":"n0","body":{"key":0,"type":"read","msg_id":23}}
2026-02-26 14:16:37,186{GMT}	INFO	[n0 stderr] maelstrom.process: Node  received READ for key 0
2026-02-26 14:16:37,186{GMT}	INFO	[n0 stderr] maelstrom.process: [2026-02-26T13:16:37.185542Z INFO  maelstrom::runtime] Sent {"src":"n0","dest":"c10","body":{"in_reply_to":23,"type":"read_ok","value":0}}
2026-02-26 14:16:37,186{GMT}	INFO	[jepsen worker 0] jepsen.util: 0	:ok	:read	[0 0]
2026-02-26 14:16:37,196{GMT}	INFO	[jepsen worker 0] jepsen.util: 0	:invoke	:read	[0 nil]
2026-02-26 14:16:37,197{GMT}	INFO	[n0 stderr] maelstrom.process: [2026-02-26T13:16:37.197375Z INFO  maelstrom::runtime] Received {"id":158,"src":"c10","dest":"n0","body":{"key":0,"type":"read","msg_id":24}}
2026-02-26 14:16:37,198{GMT}	INFO	[n0 stderr] maelstrom.process: Node  received READ for key 0
2026-02-26 14:16:37,198{GMT}	INFO	[n0 stderr] maelstrom.process: [2026-02-26T13:16:37.197628Z INFO  maelstrom::runtime] Sent {"src":"n0","dest":"c10","body":{"in_reply_to":24,"type":"read_ok","value":0}}
2026-02-26 14:16:37,198{GMT}	INFO	[jepsen worker 0] jepsen.util: 0	:ok	:read	[0 0]
2026-02-26 14:16:37,200{GMT}	INFO	[jepsen worker 0] jepsen.util: 0	:invoke	:read	[0 nil]
2026-02-26 14:16:37,201{GMT}	INFO	[n0 stderr] maelstrom.process: [2026-02-26T13:16:37.201755Z INFO  maelstrom::runtime] Received {"id":160,"src":"c10","dest":"n0","body":{"key":0,"type":"read","msg_id":25}}
2026-02-26 14:16:37,202{GMT}	INFO	[n0 stderr] maelstrom.process: Node  received READ for key 0
2026-02-26 14:16:37,202{GMT}	INFO	[n0 stderr] maelstrom.process: [2026-02-26T13:16:37.202075Z INFO  maelstrom::runtime] Sent {"src":"n0","dest":"c10","body":{"in_reply_to":25,"type":"read_ok","value":0}}
2026-02-26 14:16:37,203{GMT}	INFO	[jepsen worker 0] jepsen.util: 0	:ok	:read	[0 0]
2026-02-26 14:16:37,211{GMT}	INFO	[jepsen worker 0] jepsen.util: 0	:invoke	:read	[0 nil]
2026-02-26 14:16:37,213{GMT}	INFO	[n0 stderr] maelstrom.process: [2026-02-26T13:16:37.212816Z INFO  maelstrom::runtime] Received {"id":162,"src":"c10","dest":"n0","body":{"key":0,"type":"read","msg_id":26}}
2026-02-26 14:16:37,213{GMT}	INFO	[n0 stderr] maelstrom.process: Node  received READ for key 0
2026-02-26 14:16:37,213{GMT}	INFO	[n0 stderr] maelstrom.process: [2026-02-26T13:16:37.213109Z INFO  maelstrom::runtime] Sent {"src":"n0","dest":"c10","body":{"in_reply_to":26,"type":"read_ok","value":0}}
2026-02-26 14:16:37,214{GMT}	INFO	[jepsen worker 0] jepsen.util: 0	:ok	:read	[0 0]
2026-02-26 14:16:37,218{GMT}	INFO	[jepsen worker 0] jepsen.util: 0	:invoke	:read	[0 nil]
2026-02-26 14:16:37,219{GMT}	INFO	[n0 stderr] maelstrom.process: [2026-02-26T13:16:37.219517Z INFO  maelstrom::runtime] Received {"id":164,"src":"c10","dest":"n0","body":{"key":0,"type":"read","msg_id":27}}
2026-02-26 14:16:37,220{GMT}	INFO	[n0 stderr] maelstrom.process: Node  received READ for key 0
2026-02-26 14:16:37,220{GMT}	INFO	[n0 stderr] maelstrom.process: [2026-02-26T13:16:37.219741Z INFO  maelstrom::runtime] Sent {"src":"n0","dest":"c10","body":{"in_reply_to":27,"type":"read_ok","value":0}}
2026-02-26 14:16:37,220{GMT}	INFO	[jepsen worker 0] jepsen.util: 0	:ok	:read	[0 0]
2026-02-26 14:16:37,227{GMT}	INFO	[jepsen worker 5] jepsen.util: 5	:invoke	:write	[0 3]
2026-02-26 14:16:37,228{GMT}	INFO	[n0 stderr] maelstrom.process: [2026-02-26T13:16:37.228500Z INFO  maelstrom::runtime] Received {"id":166,"src":"c11","dest":"n0","body":{"key":0,"value":3,"type":"write","msg_id":21}}
2026-02-26 14:16:37,229{GMT}	INFO	[n0 stderr] maelstrom.process: Node  received WRITE: 0=3
2026-02-26 14:16:37,229{GMT}	INFO	[n0 stderr] maelstrom.process: [2026-02-26T13:16:37.228724Z INFO  maelstrom::runtime] Sent {"src":"n0","dest":"c11","body":{"in_reply_to":21,"type":"write_ok"}}
2026-02-26 14:16:37,229{GMT}	INFO	[jepsen worker 5] jepsen.util: 5	:ok	:write	[0 3]
2026-02-26 14:16:37,242{GMT}	INFO	[jepsen worker 5] jepsen.util: 5	:invoke	:cas	[0 [2 4]]
2026-02-26 14:16:37,243{GMT}	INFO	[n0 stderr] maelstrom.process: [2026-02-26T13:16:37.243686Z INFO  maelstrom::runtime] Received {"id":168,"src":"c11","dest":"n0","body":{"key":0,"from":2,"to":4,"type":"cas","msg_id":22}}
2026-02-26 14:16:37,244{GMT}	INFO	[n0 stderr] maelstrom.process: Node  received CAS (not implemented)
2026-02-26 14:16:37,244{GMT}	INFO	[n0 stderr] maelstrom.process: [2026-02-26T13:16:37.243956Z INFO  maelstrom::runtime] Sent {"src":"n0","dest":"c11","body":{"in_reply_to":22,"type":"cas_ok"}}
2026-02-26 14:16:37,244{GMT}	INFO	[jepsen worker 5] jepsen.util: 5	:ok	:cas	[0 [2 4]]
2026-02-26 14:16:37,257{GMT}	INFO	[jepsen worker 3] jepsen.util: 3	:invoke	:read	[0 nil]
2026-02-26 14:16:37,258{GMT}	INFO	[n3 stderr] maelstrom.process: [2026-02-26T13:16:37.258532Z INFO  maelstrom::runtime] Received {"id":170,"src":"c18","dest":"n3","body":{"key":0,"type":"read","msg_id":3}}
2026-02-26 14:16:37,259{GMT}	INFO	[n3 stderr] maelstrom.process: Node  received READ for key 0
2026-02-26 14:16:37,259{GMT}	INFO	[n3 stderr] maelstrom.process: [2026-02-26T13:16:37.258752Z INFO  maelstrom::runtime] Sent {"src":"n3","dest":"c18","body":{"in_reply_to":3,"type":"read_ok","value":0}}
2026-02-26 14:16:37,259{GMT}	INFO	[jepsen worker 3] jepsen.util: 3	:ok	:read	[0 0]
2026-02-26 14:16:37,265{GMT}	INFO	[jepsen worker 5] jepsen.util: 5	:invoke	:cas	[0 [0 2]]
2026-02-26 14:16:37,266{GMT}	INFO	[n0 stderr] maelstrom.process: [2026-02-26T13:16:37.266496Z INFO  maelstrom::runtime] Received {"id":172,"src":"c11","dest":"n0","body":{"key":0,"from":0,"to":2,"type":"cas","msg_id":23}}
2026-02-26 14:16:37,267{GMT}	INFO	[jepsen worker 6] jepsen.util: 6	:invoke	:cas	[0 [4 2]]
2026-02-26 14:16:37,267{GMT}	INFO	[n0 stderr] maelstrom.process: Node  received CAS (not implemented)
2026-02-26 14:16:37,267{GMT}	INFO	[jepsen worker 5] jepsen.util: 5	:ok	:cas	[0 [0 2]]
2026-02-26 14:16:37,267{GMT}	INFO	[n0 stderr] maelstrom.process: [2026-02-26T13:16:37.266769Z INFO  maelstrom::runtime] Sent {"src":"n0","dest":"c11","body":{"in_reply_to":23,"type":"cas_ok"}}
2026-02-26 14:16:37,268{GMT}	INFO	[n1 stderr] maelstrom.process: [2026-02-26T13:16:37.268305Z INFO  maelstrom::runtime] Received {"id":174,"src":"c16","dest":"n1","body":{"key":0,"from":4,"to":2,"type":"cas","msg_id":6}}
2026-02-26 14:16:37,268{GMT}	INFO	[jepsen worker 7] jepsen.util: 7	:invoke	:cas	[0 [1 0]]
2026-02-26 14:16:37,269{GMT}	INFO	[n1 stderr] maelstrom.process: Node  received CAS (not implemented)
2026-02-26 14:16:37,269{GMT}	INFO	[n1 stderr] maelstrom.process: [2026-02-26T13:16:37.268551Z INFO  maelstrom::runtime] Sent {"src":"n1","dest":"c16","body":{"in_reply_to":6,"type":"cas_ok"}}
2026-02-26 14:16:37,269{GMT}	INFO	[jepsen worker 6] jepsen.util: 6	:ok	:cas	[0 [4 2]]
2026-02-26 14:16:37,269{GMT}	INFO	[n2 stderr] maelstrom.process: [2026-02-26T13:16:37.269577Z INFO  maelstrom::runtime] Received {"id":175,"src":"c13","dest":"n2","body":{"key":0,"from":1,"to":0,"type":"cas","msg_id":5}}
2026-02-26 14:16:37,270{GMT}	INFO	[n2 stderr] maelstrom.process: Node  received CAS (not implemented)
2026-02-26 14:16:37,270{GMT}	INFO	[n2 stderr] maelstrom.process: [2026-02-26T13:16:37.269827Z INFO  maelstrom::runtime] Sent {"src":"n2","dest":"c13","body":{"in_reply_to":5,"type":"cas_ok"}}
2026-02-26 14:16:37,270{GMT}	INFO	[jepsen worker 7] jepsen.util: 7	:ok	:cas	[0 [1 0]]
2026-02-26 14:16:37,274{GMT}	INFO	[jepsen worker 7] jepsen.util: 7	:invoke	:cas	[0 [3 2]]
2026-02-26 14:16:37,275{GMT}	INFO	[n2 stderr] maelstrom.process: [2026-02-26T13:16:37.275393Z INFO  maelstrom::runtime] Received {"id":178,"src":"c13","dest":"n2","body":{"key":0,"from":3,"to":2,"type":"cas","msg_id":6}}
2026-02-26 14:16:37,276{GMT}	INFO	[n2 stderr] maelstrom.process: Node  received CAS (not implemented)
2026-02-26 14:16:37,276{GMT}	INFO	[n2 stderr] maelstrom.process: [2026-02-26T13:16:37.275674Z INFO  maelstrom::runtime] Sent {"src":"n2","dest":"c13","body":{"in_reply_to":6,"type":"cas_ok"}}
2026-02-26 14:16:37,276{GMT}	INFO	[jepsen worker 7] jepsen.util: 7	:ok	:cas	[0 [3 2]]
2026-02-26 14:16:37,290{GMT}	INFO	[jepsen worker 8] jepsen.util: 8	:invoke	:cas	[0 [3 2]]
2026-02-26 14:16:37,291{GMT}	INFO	[n3 stderr] maelstrom.process: [2026-02-26T13:16:37.291312Z INFO  maelstrom::runtime] Received {"id":180,"src":"c14","dest":"n3","body":{"key":0,"from":3,"to":2,"type":"cas","msg_id":7}}
2026-02-26 14:16:37,291{GMT}	INFO	[n3 stderr] maelstrom.process: Node  received CAS (not implemented)
2026-02-26 14:16:37,291{GMT}	INFO	[n3 stderr] maelstrom.process: [2026-02-26T13:16:37.291468Z INFO  maelstrom::runtime] Sent {"src":"n3","dest":"c14","body":{"in_reply_to":7,"type":"cas_ok"}}
2026-02-26 14:16:37,292{GMT}	INFO	[jepsen worker 8] jepsen.util: 8	:ok	:cas	[0 [3 2]]
2026-02-26 14:16:37,308{GMT}	INFO	[jepsen worker 9] jepsen.util: 9	:invoke	:cas	[0 [2 1]]
2026-02-26 14:16:37,308{GMT}	INFO	[n4 stderr] maelstrom.process: [2026-02-26T13:16:37.308800Z INFO  maelstrom::runtime] Received {"id":182,"src":"c19","dest":"n4","body":{"key":0,"from":2,"to":1,"type":"cas","msg_id":2}}
2026-02-26 14:16:37,309{GMT}	INFO	[n4 stderr] maelstrom.process: Node  received CAS (not implemented)
2026-02-26 14:16:37,309{GMT}	INFO	[n4 stderr] maelstrom.process: [2026-02-26T13:16:37.309021Z INFO  maelstrom::runtime] Sent {"src":"n4","dest":"c19","body":{"in_reply_to":2,"type":"cas_ok"}}
2026-02-26 14:16:37,309{GMT}	INFO	[jepsen worker 9] jepsen.util: 9	:ok	:cas	[0 [2 1]]
2026-02-26 14:16:37,312{GMT}	INFO	[jepsen worker 5] jepsen.util: 5	:invoke	:write	[0 1]
2026-02-26 14:16:37,313{GMT}	INFO	[n0 stderr] maelstrom.process: [2026-02-26T13:16:37.313316Z INFO  maelstrom::runtime] Received {"id":184,"src":"c11","dest":"n0","body":{"key":0,"value":1,"type":"write","msg_id":24}}
2026-02-26 14:16:37,313{GMT}	INFO	[n0 stderr] maelstrom.process: Node  received WRITE: 0=1
2026-02-26 14:16:37,313{GMT}	INFO	[n0 stderr] maelstrom.process: [2026-02-26T13:16:37.313423Z INFO  maelstrom::runtime] Sent {"src":"n0","dest":"c11","body":{"in_reply_to":24,"type":"write_ok"}}
2026-02-26 14:16:37,313{GMT}	INFO	[jepsen worker 5] jepsen.util: 5	:ok	:write	[0 1]
2026-02-26 14:16:37,329{GMT}	INFO	[jepsen worker 0] jepsen.util: 0	:invoke	:read	[0 nil]
2026-02-26 14:16:37,330{GMT}	INFO	[n0 stderr] maelstrom.process: [2026-02-26T13:16:37.330082Z INFO  maelstrom::runtime] Received {"id":186,"src":"c10","dest":"n0","body":{"key":0,"type":"read","msg_id":28}}
2026-02-26 14:16:37,330{GMT}	INFO	[n0 stderr] maelstrom.process: Node  received READ for key 0
2026-02-26 14:16:37,330{GMT}	INFO	[n0 stderr] maelstrom.process: [2026-02-26T13:16:37.330253Z INFO  maelstrom::runtime] Sent {"src":"n0","dest":"c10","body":{"in_reply_to":28,"type":"read_ok","value":0}}
2026-02-26 14:16:37,330{GMT}	INFO	[jepsen worker 0] jepsen.util: 0	:ok	:read	[0 0]
2026-02-26 14:16:37,333{GMT}	INFO	[jepsen worker 5] jepsen.util: 5	:invoke	:cas	[0 [4 3]]
2026-02-26 14:16:37,334{GMT}	INFO	[n0 stderr] maelstrom.process: [2026-02-26T13:16:37.333977Z INFO  maelstrom::runtime] Received {"id":188,"src":"c11","dest":"n0","body":{"key":0,"from":4,"to":3,"type":"cas","msg_id":25}}
2026-02-26 14:16:37,334{GMT}	INFO	[n0 stderr] maelstrom.process: Node  received CAS (not implemented)
2026-02-26 14:16:37,334{GMT}	INFO	[n0 stderr] maelstrom.process: [2026-02-26T13:16:37.334089Z INFO  maelstrom::runtime] Sent {"src":"n0","dest":"c11","body":{"in_reply_to":25,"type":"cas_ok"}}
2026-02-26 14:16:37,334{GMT}	INFO	[jepsen worker 5] jepsen.util: 5	:ok	:cas	[0 [4 3]]
2026-02-26 14:16:37,351{GMT}	INFO	[jepsen worker 2] jepsen.util: 2	:invoke	:read	[0 nil]
2026-02-26 14:16:37,352{GMT}	INFO	[n2 stderr] maelstrom.process: [2026-02-26T13:16:37.352049Z INFO  maelstrom::runtime] Received {"id":190,"src":"c15","dest":"n2","body":{"key":0,"type":"read","msg_id":6}}
2026-02-26 14:16:37,352{GMT}	INFO	[n2 stderr] maelstrom.process: Node  received READ for key 0
2026-02-26 14:16:37,352{GMT}	INFO	[n2 stderr] maelstrom.process: [2026-02-26T13:16:37.352179Z INFO  maelstrom::runtime] Sent {"src":"n2","dest":"c15","body":{"in_reply_to":6,"type":"read_ok","value":0}}
2026-02-26 14:16:37,352{GMT}	INFO	[jepsen worker 2] jepsen.util: 2	:ok	:read	[0 0]
2026-02-26 14:16:37,368{GMT}	INFO	[jepsen worker 3] jepsen.util: 3	:invoke	:read	[0 nil]
2026-02-26 14:16:37,369{GMT}	INFO	[n3 stderr] maelstrom.process: [2026-02-26T13:16:37.369699Z INFO  maelstrom::runtime] Received {"id":192,"src":"c18","dest":"n3","body":{"key":0,"type":"read","msg_id":4}}
2026-02-26 14:16:37,370{GMT}	INFO	[n3 stderr] maelstrom.process: Node  received READ for key 0
2026-02-26 14:16:37,370{GMT}	INFO	[n3 stderr] maelstrom.process: [2026-02-26T13:16:37.369804Z INFO  maelstrom::runtime] Sent {"src":"n3","dest":"c18","body":{"in_reply_to":4,"type":"read_ok","value":0}}
2026-02-26 14:16:37,370{GMT}	INFO	[jepsen worker 3] jepsen.util: 3	:ok	:read	[0 0]
2026-02-26 14:16:37,386{GMT}	INFO	[jepsen test runner] jepsen.core: Run complete, writing
2026-02-26 14:16:37,506{GMT}	INFO	[jepsen node n0] maelstrom.db: Tearing down n0
2026-02-26 14:16:37,506{GMT}	INFO	[jepsen node n1] maelstrom.db: Tearing down n1
2026-02-26 14:16:37,506{GMT}	INFO	[jepsen node n2] maelstrom.db: Tearing down n2
2026-02-26 14:16:37,507{GMT}	INFO	[jepsen node n3] maelstrom.db: Tearing down n3
2026-02-26 14:16:37,507{GMT}	INFO	[jepsen node n4] maelstrom.db: Tearing down n4
2026-02-26 14:16:38,371{GMT}	INFO	[jepsen node n0] maelstrom.net: Shutting down Maelstrom network
2026-02-26 14:16:38,373{GMT}	INFO	[jepsen test runner] jepsen.core: Analyzing...
2026-02-26 14:16:38,661{GMT}	WARN	[clojure-agent-send-off-pool-0] jepsen.checker: Error rendering linearizability analysis
java.lang.AssertionError: Assert failed: Expected index but got nil for op #knossos.op.Op{:process nil, :type nil, :f nil, :value nil, :index nil}
i
	at knossos.linear.report$time_coords$fn__10900.invoke(report.clj:184)
	at clojure.core$map$fn__5954.invoke(core.clj:2770)
	at clojure.lang.LazySeq.force(LazySeq.java:50)
	at clojure.lang.LazySeq.realize(LazySeq.java:89)
	at clojure.lang.LazySeq.seq(LazySeq.java:106)
	at clojure.lang.RT.seq(RT.java:555)
	at clojure.core$seq__5486.invokeStatic(core.clj:139)
	at clojure.core.protocols$seq_reduce.invokeStatic(protocols.clj:24)
	at clojure.core.protocols$fn__8262.invokeStatic(protocols.clj:74)
	at clojure.core.protocols$fn__8262.invoke(protocols.clj:74)
	at clojure.core.protocols$fn__8203$G__8198__8216.invoke(protocols.clj:13)
	at clojure.core$reduce.invokeStatic(core.clj:6965)
	at clojure.core$into.invokeStatic(core.clj:7038)
	at clojure.core$into.invoke(core.clj:7029)
	at knossos.linear.report$time_coords.invokeStatic(report.clj:194)
	at knossos.linear.report$time_coords.invoke(report.clj:177)
	at knossos.linear.report$learnings.invokeStatic(report.clj:442)
	at knossos.linear.report$learnings.invoke(report.clj:422)
	at knossos.linear.report$render_analysis_BANG_.invokeStatic(report.clj:654)
	at knossos.linear.report$render_analysis_BANG_.invoke(report.clj:649)
	at jepsen.checker$linearizable$reify__11134$fn__11136.invoke(checker.clj:226)
	at jepsen.checker$linearizable$reify__11134.check(checker.clj:224)
	at jepsen.checker$check_safe.invokeStatic(checker.clj:88)
	at jepsen.checker$check_safe.invoke(checker.clj:80)
	at jepsen.checker$compose$reify__11089$fn__11091.invoke(checker.clj:104)
	at clojure.core$pmap$fn__8582$fn__8583.invoke(core.clj:7169)
	at clojure.core$binding_conveyor_fn$fn__5842.invoke(core.clj:2047)
	at clojure.lang.AFn.call(AFn.java:18)
	at java.base/java.util.concurrent.FutureTask.run(FutureTask.java:328)
	at java.base/java.util.concurrent.ThreadPoolExecutor.runWorker(ThreadPoolExecutor.java:1090)
	at java.base/java.util.concurrent.ThreadPoolExecutor$Worker.run(ThreadPoolExecutor.java:614)
	at java.base/java.lang.Thread.run(Thread.java:1474)
2026-02-26 14:16:38,690{GMT}	INFO	[clojure-agent-send-pool-0] jepsen.independent: Wrote /home/tim/Work/ID2203/omnipaxos-kv-main/store/lin-kv/20260226T141635.236+0100/independent/0/results.edn
2026-02-26 14:16:38,695{GMT}	INFO	[clojure-agent-send-pool-0] jepsen.independent: Wrote /home/tim/Work/ID2203/omnipaxos-kv-main/store/lin-kv/20260226T141635.236+0100/independent/0/history.edn
2026-02-26 14:16:38,789{GMT}	INFO	[jepsen test runner] jepsen.core: Analysis complete
2026-02-26 14:16:38,808{GMT}	INFO	[jepsen results] jepsen.store: Wrote /home/tim/Work/ID2203/omnipaxos-kv-main/store/lin-kv/20260226T141635.236+0100/results.edn
2026-02-26 14:16:38,821{GMT}	INFO	[jepsen test runner] jepsen.core: {:perf {:latency-graph {:valid? true},
        :rate-graph {:valid? true},
        :valid? true},
 :timeline {:valid? true},
 :exceptions {:valid? true},
 :stats {:valid? true,
         :count 92,
         :ok-count 92,
         :fail-count 0,
         :info-count 0,
         :by-f {:cas {:valid? true,
                      :count 29,
                      :ok-count 29,
                      :fail-count 0,
                      :info-count 0},
                :read {:valid? true,
                       :count 46,
                       :ok-count 46,
                       :fail-count 0,
                       :info-count 0},
                :write {:valid? true,
                        :count 17,
                        :ok-count 17,
                        :fail-count 0,
                        :info-count 0}}},
 :availability {:valid? true, :ok-fraction 1.0},
 :net {:all {:send-count 194,
             :recv-count 194,
             :msg-count 194,
             :msgs-per-op 2.1086957},
       :clients {:send-count 194, :recv-count 194, :msg-count 194},
       :servers {:send-count 0,
                 :recv-count 0,
                 :msg-count 0,
                 :msgs-per-op 0.0},
       :valid? true},
 :workload {:valid? false,
            :results {0 {:linearizable {:valid? false,
                                        :configs ({:model #knossos.model.CASRegister{:value nil},
                                                   :last-op nil,
                                                   :pending [{:process 0,
                                                              :type :invoke,
                                                              :f :read,
                                                              :value 0,
                                                              :index 0,
                                                              :time 13622955}
                                                             {:process 5,
                                                              :type :invoke,
                                                              :f :cas,
                                                              :value [4
                                                                      1],
                                                              :index 1,
                                                              :time 24598544}]}),
                                        :final-paths ([{:op nil,
                                                        :model #knossos.model.CASRegister{:value nil}}
                                                       {:op {:process 5,
                                                             :type :ok,
                                                             :f :cas,
                                                             :value [4
                                                                     1],
                                                             :index 2,
                                                             :time 31755891},
                                                        :model #knossos.model.Inconsistent{:msg "can't CAS  from 4 to 1"}}]
                                                      [{:op nil,
                                                        :model #knossos.model.CASRegister{:value nil}}
                                                       {:op {:process 0,
                                                             :type :invoke,
                                                             :f :read,
                                                             :value 0,
                                                             :index 0,
                                                             :time 13622955},
                                                        :model #knossos.model.Inconsistent{:msg "can't read 0 from register "}}]),
                                        :previous-ok nil,
                                        :last-op nil,
                                        :op {:process 5,
                                             :type :ok,
                                             :f :cas,
                                             :value [4 1],
                                             :index 2,
                                             :time 31755891}},
                         :timeline {:valid? true},
                         :valid? false}},
            :failures [0]},
 :valid? false}


Analysis invalid! (ﾉಥ益ಥ）ﾉ ┻━┻
