2026-02-26 14:05:56,544{GMT}	INFO	[jepsen test runner] jepsen.core: Test version cae4e7ea62e897578bc7cb05acf3c5d06f2c031e (plus uncommitted changes)
2026-02-26 14:05:56,544{GMT}	INFO	[jepsen test runner] jepsen.core: Command line:
lein run test -w lin-kv --bin target/release/shim --node-count 5 --concurrency 2n --time-limit 1 --rate 100 --log-stderr
2026-02-26 14:05:56,583{GMT}	INFO	[jepsen test runner] jepsen.core: Running test:
{:args []
 :remote
 #jepsen.control.retry.Remote{:remote #jepsen.control.scp.Remote{:cmd-remote #jepsen.control.sshj.SSHJRemote{:concurrency-limit 6,
                                                                                                             :conn-spec nil,
                                                                                                             :client nil,
                                                                                                             :semaphore nil},
                                                                 :conn-spec nil},
                              :conn nil}
 :log-net-send false
 :node-count 5
 :availability nil
 :max-txn-length 4
 :concurrency 10
 :db
 #object[maelstrom.db$db$reify__16612
         "0x4ebf82d9"
         "maelstrom.db$db$reify__16612@4ebf82d9"]
 :max-writes-per-key 16
 :leave-db-running? false
 :name "lin-kv"
 :logging-json? false
 :start-time
 #object[org.joda.time.DateTime "0x7d26b390" "2026-02-26T14:05:56.529+01:00"]
 :nemesis-interval 10
 :net
 #object[maelstrom.net$jepsen_net$reify__15721
         "0x6ff5eeed"
         "maelstrom.net$jepsen_net$reify__15721@6ff5eeed"]
 :client
 #object[maelstrom.workload.lin_kv$client$reify__20973
         "0x76b49d0"
         "maelstrom.workload.lin_kv$client$reify__20973@76b49d0"]
 :barrier
 #object[java.util.concurrent.CyclicBarrier
         "0x223c42b0"
         "java.util.concurrent.CyclicBarrier@223c42b0"]
 :log-stderr true
 :pure-generators true
 :ssh {:dummy? true}
 :rate 100.0
 :checker
 #object[jepsen.checker$compose$reify__11089
         "0x6acedf54"
         "jepsen.checker$compose$reify__11089@6acedf54"]
 :argv
 ("test"
  "-w"
  "lin-kv"
  "--bin"
  "target/release/shim"
  "--node-count"
  "5"
  "--concurrency"
  "2n"
  "--time-limit"
  "1"
  "--rate"
  "100"
  "--log-stderr")
 :nemesis
 (jepsen.nemesis.ReflCompose
  {:fm {:start-partition 0,
        :stop-partition 0,
        :kill 1,
        :start 1,
        :pause 1,
        :resume 1},
   :nemeses [#unprintable "jepsen.nemesis.combined$partition_nemesis$reify__16905@2a0cc666"
             #unprintable "jepsen.nemesis.combined$db_nemesis$reify__16886@77f43f3e"]})
 :nodes ["n0" "n1" "n2" "n3" "n4"]
 :test-count 1
 :latency {:mean 0, :dist :constant}
 :bin "target/release/shim"
 :generator
 #object[jepsen.util.Forgettable
         "0x67a6f2c4"
         (jepsen.generator.TimeLimit
          {:limit 1000000000,
           :cutoff nil,
           :gen (jepsen.generator.Any
                 {:gens [(jepsen.generator.OnThreads
                          {:f #{:nemesis},
                           :context-filter #object[jepsen.generator.context$make_thread_filter$lazy_filter__12077
                                                   "0x36e23af"
                                                   "jepsen.generator.context$make_thread_filter$lazy_filter__12077@36e23af"],
                           :gen nil})
                         (jepsen.generator.OnThreads
                          {:f #jepsen.generator.context.AllBut{:element :nemesis},
                           :context-filter #object[jepsen.generator.context$make_thread_filter$lazy_filter__12077
                                                   "0x5e4a9c16"
                                                   "jepsen.generator.context$make_thread_filter$lazy_filter__12077@5e4a9c16"],
                           :gen (jepsen.generator.Stagger
                                 {:dt 20000000,
                                  :next-time nil,
                                  :gen (jepsen.generator.OnThreads
                                        {:f #jepsen.generator.context.AllBut{:element :nemesis},
                                         :context-filter #object[jepsen.generator.context$make_thread_filter$lazy_filter__12077
                                                                 "0x544ee437"
                                                                 "jepsen.generator.context$make_thread_filter$lazy_filter__12077@544ee437"],
                                         :gen (jepsen.independent.ConcurrentGenerator
                                               {:n 10,
                                                :fgen #object[jepsen.tests.linearizable_register$test$fn__17385
                                                              "0xffd26d1"
                                                              "jepsen.tests.linearizable_register$test$fn__17385@ffd26d1"],
                                                :group->threads nil,
                                                :thread->group nil,
                                                :group->context-filter nil,
                                                :keys (0 1 2 3 4 5 6 7 ...),
                                                :gens nil})})})})]})})]
 :log-net-recv false
 :os
 #object[maelstrom.net$jepsen_os$reify__15724
         "0x775c865f"
         "maelstrom.net$jepsen_os$reify__15724@775c865f"]
 :time-limit 1
 :workload :lin-kv
 :consistency-models [:strict-serializable]
 :topology :grid}

2026-02-26 14:05:57,643{GMT}	INFO	[jepsen node n0] maelstrom.net: Starting Maelstrom network
2026-02-26 14:05:57,644{GMT}	INFO	[jepsen test runner] jepsen.db: Tearing down DB
2026-02-26 14:05:57,645{GMT}	INFO	[jepsen test runner] jepsen.db: Setting up DB
2026-02-26 14:05:57,646{GMT}	INFO	[jepsen node n2] maelstrom.db: Setting up n2
2026-02-26 14:05:57,646{GMT}	INFO	[jepsen node n1] maelstrom.db: Setting up n1
2026-02-26 14:05:57,646{GMT}	INFO	[jepsen node n4] maelstrom.db: Setting up n4
2026-02-26 14:05:57,646{GMT}	INFO	[jepsen node n3] maelstrom.db: Setting up n3
2026-02-26 14:05:57,646{GMT}	INFO	[jepsen node n1] maelstrom.process: launching target/release/shim []
2026-02-26 14:05:57,646{GMT}	INFO	[jepsen node n4] maelstrom.process: launching target/release/shim []
2026-02-26 14:05:57,646{GMT}	INFO	[jepsen node n2] maelstrom.process: launching target/release/shim []
2026-02-26 14:05:57,646{GMT}	INFO	[jepsen node n3] maelstrom.process: launching target/release/shim []
2026-02-26 14:05:57,647{GMT}	INFO	[jepsen node n0] maelstrom.service: Starting services: (lin-kv lin-tso lww-kv seq-kv)
2026-02-26 14:05:57,648{GMT}	INFO	[jepsen node n0] maelstrom.db: Setting up n0
2026-02-26 14:05:57,648{GMT}	INFO	[jepsen node n0] maelstrom.process: launching target/release/shim []
2026-02-26 14:05:57,651{GMT}	INFO	[n3 stderr] maelstrom.process: Initializing with 0 nodes: ""
2026-02-26 14:05:57,651{GMT}	INFO	[n2 stderr] maelstrom.process: Initializing with 0 nodes: ""
2026-02-26 14:05:57,651{GMT}	INFO	[n4 stderr] maelstrom.process: Initializing with 0 nodes: ""
2026-02-26 14:05:57,651{GMT}	INFO	[n1 stderr] maelstrom.process: Initializing with 0 nodes: ""
2026-02-26 14:05:57,653{GMT}	INFO	[n0 stderr] maelstrom.process: Initializing with 0 nodes: ""
2026-02-26 14:05:57,661{GMT}	INFO	[n3 stderr] maelstrom.process: [2026-02-26T13:05:57.661304Z INFO  maelstrom::runtime] Received {"id":0,"src":"c0","dest":"n3","body":{"type":"init","node_id":"n3","node_ids":["n0","n1","n2","n3","n4"],"msg_id":1}}
2026-02-26 14:05:57,661{GMT}	INFO	[n4 stderr] maelstrom.process: [2026-02-26T13:05:57.661247Z INFO  maelstrom::runtime] Received {"id":1,"src":"c1","dest":"n4","body":{"type":"init","node_id":"n4","node_ids":["n0","n1","n2","n3","n4"],"msg_id":1}}
2026-02-26 14:05:57,661{GMT}	INFO	[n2 stderr] maelstrom.process: [2026-02-26T13:05:57.661248Z INFO  maelstrom::runtime] Received {"id":3,"src":"c3","dest":"n2","body":{"type":"init","node_id":"n2","node_ids":["n0","n1","n2","n3","n4"],"msg_id":1}}
2026-02-26 14:05:57,662{GMT}	INFO	[n3 stderr] maelstrom.process: [2026-02-26T13:05:57.661840Z INFO  maelstrom::runtime] Sent {"src":"n3","dest":"c0","body":{"in_reply_to":1,"type":"init_ok"}}
2026-02-26 14:05:57,662{GMT}	INFO	[n2 stderr] maelstrom.process: [2026-02-26T13:05:57.661993Z INFO  maelstrom::runtime] Sent {"src":"n2","dest":"c3","body":{"in_reply_to":1,"type":"init_ok"}}
2026-02-26 14:05:57,661{GMT}	INFO	[n0 stderr] maelstrom.process: [2026-02-26T13:05:57.661339Z INFO  maelstrom::runtime] Received {"id":4,"src":"c4","dest":"n0","body":{"type":"init","node_id":"n0","node_ids":["n0","n1","n2","n3","n4"],"msg_id":1}}
2026-02-26 14:05:57,661{GMT}	INFO	[n1 stderr] maelstrom.process: [2026-02-26T13:05:57.661247Z INFO  maelstrom::runtime] Received {"id":2,"src":"c2","dest":"n1","body":{"type":"init","node_id":"n1","node_ids":["n0","n1","n2","n3","n4"],"msg_id":1}}
2026-02-26 14:05:57,662{GMT}	INFO	[n1 stderr] maelstrom.process: [2026-02-26T13:05:57.661634Z INFO  maelstrom::runtime] Sent {"src":"n1","dest":"c2","body":{"in_reply_to":1,"type":"init_ok"}}
2026-02-26 14:05:57,663{GMT}	INFO	[n4 stderr] maelstrom.process: [2026-02-26T13:05:57.661900Z INFO  maelstrom::runtime] Sent {"src":"n4","dest":"c1","body":{"in_reply_to":1,"type":"init_ok"}}
2026-02-26 14:05:57,664{GMT}	INFO	[n0 stderr] maelstrom.process: [2026-02-26T13:05:57.664116Z INFO  maelstrom::runtime] Sent {"src":"n0","dest":"c4","body":{"in_reply_to":1,"type":"init_ok"}}
2026-02-26 14:05:57,670{GMT}	INFO	[jepsen test runner] jepsen.core: Relative time begins now
2026-02-26 14:05:57,690{GMT}	INFO	[jepsen worker 0] jepsen.util: 0	:invoke	:read	[0 nil]
2026-02-26 14:05:57,692{GMT}	INFO	[n0 stderr] maelstrom.process: [2026-02-26T13:05:57.692459Z INFO  maelstrom::runtime] Received {"id":10,"src":"c10","dest":"n0","body":{"key":0,"type":"read","msg_id":1}}
2026-02-26 14:05:57,692{GMT}	INFO	[n0 stderr] maelstrom.process: Node  received READ for key 0
2026-02-26 14:05:57,693{GMT}	INFO	[n0 stderr] maelstrom.process: [2026-02-26T13:05:57.692538Z INFO  maelstrom::runtime] Sent {"src":"n0","dest":"c10","body":{"in_reply_to":1,"type":"read_ok","value":0}}
2026-02-26 14:05:57,693{GMT}	INFO	[jepsen worker 0] jepsen.util: 0	:ok	:read	[0 0]
2026-02-26 14:05:57,700{GMT}	INFO	[jepsen worker 5] jepsen.util: 5	:invoke	:write	[0 4]
2026-02-26 14:05:57,701{GMT}	INFO	[n0 stderr] maelstrom.process: [2026-02-26T13:05:57.701655Z INFO  maelstrom::runtime] Received {"id":12,"src":"c11","dest":"n0","body":{"key":0,"value":4,"type":"write","msg_id":1}}
2026-02-26 14:05:57,701{GMT}	INFO	[n0 stderr] maelstrom.process: Node  received WRITE: 0=4
2026-02-26 14:05:57,702{GMT}	INFO	[n0 stderr] maelstrom.process: [2026-02-26T13:05:57.701716Z INFO  maelstrom::runtime] Sent {"src":"n0","dest":"c11","body":{"in_reply_to":1,"type":"write_ok"}}
2026-02-26 14:05:57,702{GMT}	INFO	[jepsen worker 5] jepsen.util: 5	:ok	:write	[0 4]
2026-02-26 14:05:57,721{GMT}	INFO	[jepsen worker 5] jepsen.util: 5	:invoke	:cas	[0 [3 2]]
2026-02-26 14:05:57,722{GMT}	INFO	[n0 stderr] maelstrom.process: [2026-02-26T13:05:57.721940Z INFO  maelstrom::runtime] Received {"id":14,"src":"c11","dest":"n0","body":{"key":0,"from":3,"to":2,"type":"cas","msg_id":2}}
2026-02-26 14:05:57,722{GMT}	INFO	[n0 stderr] maelstrom.process: Node  received CAS (not implemented)
2026-02-26 14:05:57,722{GMT}	INFO	[n0 stderr] maelstrom.process: [2026-02-26T13:05:57.722030Z INFO  maelstrom::runtime] Sent {"src":"n0","dest":"c11","body":{"in_reply_to":2,"type":"cas_ok"}}
2026-02-26 14:05:57,722{GMT}	INFO	[jepsen worker 5] jepsen.util: 5	:ok	:cas	[0 [3 2]]
2026-02-26 14:05:57,722{GMT}	INFO	[jepsen worker 3] jepsen.util: 3	:invoke	:read	[0 nil]
2026-02-26 14:05:57,723{GMT}	INFO	[n3 stderr] maelstrom.process: [2026-02-26T13:05:57.723593Z INFO  maelstrom::runtime] Received {"id":16,"src":"c12","dest":"n3","body":{"key":0,"type":"read","msg_id":1}}
2026-02-26 14:05:57,723{GMT}	INFO	[n3 stderr] maelstrom.process: Node  received READ for key 0
2026-02-26 14:05:57,723{GMT}	INFO	[n3 stderr] maelstrom.process: [2026-02-26T13:05:57.723669Z INFO  maelstrom::runtime] Sent {"src":"n3","dest":"c12","body":{"in_reply_to":1,"type":"read_ok","value":0}}
2026-02-26 14:05:57,724{GMT}	INFO	[jepsen worker 3] jepsen.util: 3	:ok	:read	[0 0]
2026-02-26 14:05:57,743{GMT}	INFO	[jepsen worker 5] jepsen.util: 5	:invoke	:write	[0 3]
2026-02-26 14:05:57,743{GMT}	INFO	[n0 stderr] maelstrom.process: [2026-02-26T13:05:57.743594Z INFO  maelstrom::runtime] Received {"id":18,"src":"c11","dest":"n0","body":{"key":0,"value":3,"type":"write","msg_id":3}}
2026-02-26 14:05:57,743{GMT}	INFO	[n0 stderr] maelstrom.process: Node  received WRITE: 0=3
2026-02-26 14:05:57,743{GMT}	INFO	[n0 stderr] maelstrom.process: [2026-02-26T13:05:57.743675Z INFO  maelstrom::runtime] Sent {"src":"n0","dest":"c11","body":{"in_reply_to":3,"type":"write_ok"}}
2026-02-26 14:05:57,744{GMT}	INFO	[jepsen worker 5] jepsen.util: 5	:ok	:write	[0 3]
2026-02-26 14:05:57,744{GMT}	INFO	[jepsen worker 0] jepsen.util: 0	:invoke	:read	[0 nil]
2026-02-26 14:05:57,745{GMT}	INFO	[n0 stderr] maelstrom.process: [2026-02-26T13:05:57.745070Z INFO  maelstrom::runtime] Received {"id":20,"src":"c10","dest":"n0","body":{"key":0,"type":"read","msg_id":2}}
2026-02-26 14:05:57,745{GMT}	INFO	[n0 stderr] maelstrom.process: Node  received READ for key 0
2026-02-26 14:05:57,745{GMT}	INFO	[n0 stderr] maelstrom.process: [2026-02-26T13:05:57.745147Z INFO  maelstrom::runtime] Sent {"src":"n0","dest":"c10","body":{"in_reply_to":2,"type":"read_ok","value":0}}
2026-02-26 14:05:57,745{GMT}	INFO	[jepsen worker 0] jepsen.util: 0	:ok	:read	[0 0]
2026-02-26 14:05:57,747{GMT}	INFO	[jepsen worker 0] jepsen.util: 0	:invoke	:read	[0 nil]
2026-02-26 14:05:57,748{GMT}	INFO	[n0 stderr] maelstrom.process: [2026-02-26T13:05:57.748018Z INFO  maelstrom::runtime] Received {"id":22,"src":"c10","dest":"n0","body":{"key":0,"type":"read","msg_id":3}}
2026-02-26 14:05:57,748{GMT}	INFO	[n0 stderr] maelstrom.process: Node  received READ for key 0
2026-02-26 14:05:57,748{GMT}	INFO	[n0 stderr] maelstrom.process: [2026-02-26T13:05:57.748099Z INFO  maelstrom::runtime] Sent {"src":"n0","dest":"c10","body":{"in_reply_to":3,"type":"read_ok","value":0}}
2026-02-26 14:05:57,748{GMT}	INFO	[jepsen worker 0] jepsen.util: 0	:ok	:read	[0 0]
2026-02-26 14:05:57,749{GMT}	INFO	[jepsen worker 7] jepsen.util: 7	:invoke	:cas	[0 [3 3]]
2026-02-26 14:05:57,751{GMT}	INFO	[n2 stderr] maelstrom.process: [2026-02-26T13:05:57.751563Z INFO  maelstrom::runtime] Received {"id":24,"src":"c13","dest":"n2","body":{"key":0,"from":3,"to":3,"type":"cas","msg_id":1}}
2026-02-26 14:05:57,752{GMT}	INFO	[n2 stderr] maelstrom.process: Node  received CAS (not implemented)
2026-02-26 14:05:57,752{GMT}	INFO	[n2 stderr] maelstrom.process: [2026-02-26T13:05:57.751708Z INFO  maelstrom::runtime] Sent {"src":"n2","dest":"c13","body":{"in_reply_to":1,"type":"cas_ok"}}
2026-02-26 14:05:57,752{GMT}	INFO	[jepsen worker 7] jepsen.util: 7	:ok	:cas	[0 [3 3]]
2026-02-26 14:05:57,763{GMT}	INFO	[jepsen worker 8] jepsen.util: 8	:invoke	:write	[0 3]
2026-02-26 14:05:57,763{GMT}	INFO	[jepsen worker 9] jepsen.util: 9	:invoke	:cas	[0 [0 1]]
2026-02-26 14:05:57,764{GMT}	INFO	[n3 stderr] maelstrom.process: [2026-02-26T13:05:57.764157Z INFO  maelstrom::runtime] Received {"id":26,"src":"c14","dest":"n3","body":{"key":0,"value":3,"type":"write","msg_id":1}}
2026-02-26 14:05:57,764{GMT}	INFO	[n3 stderr] maelstrom.process: Node  received WRITE: 0=3
2026-02-26 14:05:57,764{GMT}	INFO	[n3 stderr] maelstrom.process: [2026-02-26T13:05:57.764278Z INFO  maelstrom::runtime] Sent {"src":"n3","dest":"c14","body":{"in_reply_to":1,"type":"write_ok"}}
2026-02-26 14:05:57,764{GMT}	INFO	[jepsen worker 8] jepsen.util: 8	:ok	:write	[0 3]
2026-02-26 14:05:57,764{GMT}	INFO	[n4 stderr] maelstrom.process: [2026-02-26T13:05:57.764600Z INFO  maelstrom::runtime] Received {"id":27,"src":"c15","dest":"n4","body":{"key":0,"from":0,"to":1,"type":"cas","msg_id":1}}
2026-02-26 14:05:57,764{GMT}	INFO	[n4 stderr] maelstrom.process: Node  received CAS (not implemented)
2026-02-26 14:05:57,764{GMT}	INFO	[n4 stderr] maelstrom.process: [2026-02-26T13:05:57.764707Z INFO  maelstrom::runtime] Sent {"src":"n4","dest":"c15","body":{"in_reply_to":1,"type":"cas_ok"}}
2026-02-26 14:05:57,765{GMT}	INFO	[jepsen worker 9] jepsen.util: 9	:ok	:cas	[0 [0 1]]
2026-02-26 14:05:57,777{GMT}	INFO	[jepsen worker 0] jepsen.util: 0	:invoke	:read	[0 nil]
2026-02-26 14:05:57,778{GMT}	INFO	[n0 stderr] maelstrom.process: [2026-02-26T13:05:57.778131Z INFO  maelstrom::runtime] Received {"id":30,"src":"c10","dest":"n0","body":{"key":0,"type":"read","msg_id":4}}
2026-02-26 14:05:57,778{GMT}	INFO	[n0 stderr] maelstrom.process: Node  received READ for key 0
2026-02-26 14:05:57,778{GMT}	INFO	[n0 stderr] maelstrom.process: [2026-02-26T13:05:57.778243Z INFO  maelstrom::runtime] Sent {"src":"n0","dest":"c10","body":{"in_reply_to":4,"type":"read_ok","value":0}}
2026-02-26 14:05:57,778{GMT}	INFO	[jepsen worker 0] jepsen.util: 0	:ok	:read	[0 0]
2026-02-26 14:05:57,784{GMT}	INFO	[jepsen worker 0] jepsen.util: 0	:invoke	:read	[0 nil]
2026-02-26 14:05:57,785{GMT}	INFO	[n0 stderr] maelstrom.process: [2026-02-26T13:05:57.785418Z INFO  maelstrom::runtime] Received {"id":32,"src":"c10","dest":"n0","body":{"key":0,"type":"read","msg_id":5}}
2026-02-26 14:05:57,785{GMT}	INFO	[n0 stderr] maelstrom.process: Node  received READ for key 0
2026-02-26 14:05:57,785{GMT}	INFO	[n0 stderr] maelstrom.process: [2026-02-26T13:05:57.785539Z INFO  maelstrom::runtime] Sent {"src":"n0","dest":"c10","body":{"in_reply_to":5,"type":"read_ok","value":0}}
2026-02-26 14:05:57,786{GMT}	INFO	[jepsen worker 0] jepsen.util: 0	:ok	:read	[0 0]
2026-02-26 14:05:57,799{GMT}	INFO	[jepsen worker 5] jepsen.util: 5	:invoke	:write	[0 2]
2026-02-26 14:05:57,799{GMT}	INFO	[n0 stderr] maelstrom.process: [2026-02-26T13:05:57.799595Z INFO  maelstrom::runtime] Received {"id":34,"src":"c11","dest":"n0","body":{"key":0,"value":2,"type":"write","msg_id":4}}
2026-02-26 14:05:57,799{GMT}	INFO	[n0 stderr] maelstrom.process: Node  received WRITE: 0=2
2026-02-26 14:05:57,799{GMT}	INFO	[n0 stderr] maelstrom.process: [2026-02-26T13:05:57.799666Z INFO  maelstrom::runtime] Sent {"src":"n0","dest":"c11","body":{"in_reply_to":4,"type":"write_ok"}}
2026-02-26 14:05:57,800{GMT}	INFO	[jepsen worker 5] jepsen.util: 5	:ok	:write	[0 2]
2026-02-26 14:05:57,815{GMT}	INFO	[jepsen worker 5] jepsen.util: 5	:invoke	:cas	[0 [1 0]]
2026-02-26 14:05:57,816{GMT}	INFO	[n0 stderr] maelstrom.process: [2026-02-26T13:05:57.816380Z INFO  maelstrom::runtime] Received {"id":36,"src":"c11","dest":"n0","body":{"key":0,"from":1,"to":0,"type":"cas","msg_id":5}}
2026-02-26 14:05:57,816{GMT}	INFO	[n0 stderr] maelstrom.process: Node  received CAS (not implemented)
2026-02-26 14:05:57,816{GMT}	INFO	[n0 stderr] maelstrom.process: [2026-02-26T13:05:57.816548Z INFO  maelstrom::runtime] Sent {"src":"n0","dest":"c11","body":{"in_reply_to":5,"type":"cas_ok"}}
2026-02-26 14:05:57,817{GMT}	INFO	[jepsen worker 5] jepsen.util: 5	:ok	:cas	[0 [1 0]]
2026-02-26 14:05:57,835{GMT}	INFO	[jepsen worker 5] jepsen.util: 5	:invoke	:write	[0 0]
2026-02-26 14:05:57,837{GMT}	INFO	[n0 stderr] maelstrom.process: [2026-02-26T13:05:57.836739Z INFO  maelstrom::runtime] Received {"id":38,"src":"c11","dest":"n0","body":{"key":0,"value":0,"type":"write","msg_id":6}}
2026-02-26 14:05:57,837{GMT}	INFO	[n0 stderr] maelstrom.process: Node  received WRITE: 0=0
2026-02-26 14:05:57,837{GMT}	INFO	[n0 stderr] maelstrom.process: [2026-02-26T13:05:57.836926Z INFO  maelstrom::runtime] Sent {"src":"n0","dest":"c11","body":{"in_reply_to":6,"type":"write_ok"}}
2026-02-26 14:05:57,837{GMT}	INFO	[jepsen worker 5] jepsen.util: 5	:ok	:write	[0 0]
2026-02-26 14:05:57,853{GMT}	INFO	[jepsen worker 5] jepsen.util: 5	:invoke	:write	[0 1]
2026-02-26 14:05:57,854{GMT}	INFO	[n0 stderr] maelstrom.process: [2026-02-26T13:05:57.854536Z INFO  maelstrom::runtime] Received {"id":40,"src":"c11","dest":"n0","body":{"key":0,"value":1,"type":"write","msg_id":7}}
2026-02-26 14:05:57,855{GMT}	INFO	[n0 stderr] maelstrom.process: Node  received WRITE: 0=1
2026-02-26 14:05:57,856{GMT}	INFO	[n0 stderr] maelstrom.process: [2026-02-26T13:05:57.854758Z INFO  maelstrom::runtime] Sent {"src":"n0","dest":"c11","body":{"in_reply_to":7,"type":"write_ok"}}
2026-02-26 14:05:57,856{GMT}	INFO	[jepsen worker 5] jepsen.util: 5	:ok	:write	[0 1]
2026-02-26 14:05:57,860{GMT}	INFO	[jepsen worker 0] jepsen.util: 0	:invoke	:read	[0 nil]
2026-02-26 14:05:57,862{GMT}	INFO	[n0 stderr] maelstrom.process: [2026-02-26T13:05:57.861634Z INFO  maelstrom::runtime] Received {"id":42,"src":"c10","dest":"n0","body":{"key":0,"type":"read","msg_id":6}}
2026-02-26 14:05:57,862{GMT}	INFO	[n0 stderr] maelstrom.process: Node  received READ for key 0
2026-02-26 14:05:57,863{GMT}	INFO	[n0 stderr] maelstrom.process: [2026-02-26T13:05:57.861822Z INFO  maelstrom::runtime] Sent {"src":"n0","dest":"c10","body":{"in_reply_to":6,"type":"read_ok","value":0}}
2026-02-26 14:05:57,863{GMT}	INFO	[jepsen worker 0] jepsen.util: 0	:ok	:read	[0 0]
2026-02-26 14:05:57,873{GMT}	INFO	[jepsen worker 6] jepsen.util: 6	:invoke	:cas	[0 [4 0]]
2026-02-26 14:05:57,876{GMT}	INFO	[n1 stderr] maelstrom.process: [2026-02-26T13:05:57.876359Z INFO  maelstrom::runtime] Received {"id":44,"src":"c16","dest":"n1","body":{"key":0,"from":4,"to":0,"type":"cas","msg_id":1}}
2026-02-26 14:05:57,877{GMT}	INFO	[n1 stderr] maelstrom.process: Node  received CAS (not implemented)
2026-02-26 14:05:57,878{GMT}	INFO	[n1 stderr] maelstrom.process: [2026-02-26T13:05:57.876612Z INFO  maelstrom::runtime] Sent {"src":"n1","dest":"c16","body":{"in_reply_to":1,"type":"cas_ok"}}
2026-02-26 14:05:57,878{GMT}	INFO	[jepsen worker 6] jepsen.util: 6	:ok	:cas	[0 [4 0]]
2026-02-26 14:05:57,888{GMT}	INFO	[jepsen worker 7] jepsen.util: 7	:invoke	:write	[0 4]
2026-02-26 14:05:57,890{GMT}	INFO	[n2 stderr] maelstrom.process: [2026-02-26T13:05:57.889912Z INFO  maelstrom::runtime] Received {"id":46,"src":"c13","dest":"n2","body":{"key":0,"value":4,"type":"write","msg_id":2}}
2026-02-26 14:05:57,890{GMT}	INFO	[n2 stderr] maelstrom.process: Node  received WRITE: 0=4
2026-02-26 14:05:57,891{GMT}	INFO	[n2 stderr] maelstrom.process: [2026-02-26T13:05:57.890231Z INFO  maelstrom::runtime] Sent {"src":"n2","dest":"c13","body":{"in_reply_to":2,"type":"write_ok"}}
2026-02-26 14:05:57,891{GMT}	INFO	[jepsen worker 7] jepsen.util: 7	:ok	:write	[0 4]
2026-02-26 14:05:57,897{GMT}	INFO	[jepsen worker 8] jepsen.util: 8	:invoke	:write	[0 4]
2026-02-26 14:05:57,899{GMT}	INFO	[n3 stderr] maelstrom.process: [2026-02-26T13:05:57.899404Z INFO  maelstrom::runtime] Received {"id":48,"src":"c14","dest":"n3","body":{"key":0,"value":4,"type":"write","msg_id":2}}
2026-02-26 14:05:57,900{GMT}	INFO	[n3 stderr] maelstrom.process: Node  received WRITE: 0=4
2026-02-26 14:05:57,900{GMT}	INFO	[n3 stderr] maelstrom.process: [2026-02-26T13:05:57.899657Z INFO  maelstrom::runtime] Sent {"src":"n3","dest":"c14","body":{"in_reply_to":2,"type":"write_ok"}}
2026-02-26 14:05:57,901{GMT}	INFO	[jepsen worker 8] jepsen.util: 8	:ok	:write	[0 4]
2026-02-26 14:05:57,909{GMT}	INFO	[jepsen worker 0] jepsen.util: 0	:invoke	:read	[0 nil]
2026-02-26 14:05:57,911{GMT}	INFO	[n0 stderr] maelstrom.process: [2026-02-26T13:05:57.911220Z INFO  maelstrom::runtime] Received {"id":50,"src":"c10","dest":"n0","body":{"key":0,"type":"read","msg_id":7}}
2026-02-26 14:05:57,912{GMT}	INFO	[n0 stderr] maelstrom.process: Node  received READ for key 0
2026-02-26 14:05:57,912{GMT}	INFO	[n0 stderr] maelstrom.process: [2026-02-26T13:05:57.911517Z INFO  maelstrom::runtime] Sent {"src":"n0","dest":"c10","body":{"in_reply_to":7,"type":"read_ok","value":0}}
2026-02-26 14:05:57,912{GMT}	INFO	[jepsen worker 1] jepsen.util: 1	:invoke	:read	[0 nil]
2026-02-26 14:05:57,913{GMT}	INFO	[jepsen worker 0] jepsen.util: 0	:ok	:read	[0 0]
2026-02-26 14:05:57,915{GMT}	INFO	[n1 stderr] maelstrom.process: [2026-02-26T13:05:57.915092Z INFO  maelstrom::runtime] Received {"id":52,"src":"c17","dest":"n1","body":{"key":0,"type":"read","msg_id":1}}
2026-02-26 14:05:57,915{GMT}	INFO	[n1 stderr] maelstrom.process: Node  received READ for key 0
2026-02-26 14:05:57,916{GMT}	INFO	[n1 stderr] maelstrom.process: [2026-02-26T13:05:57.915394Z INFO  maelstrom::runtime] Sent {"src":"n1","dest":"c17","body":{"in_reply_to":1,"type":"read_ok","value":0}}
2026-02-26 14:05:57,917{GMT}	INFO	[jepsen worker 1] jepsen.util: 1	:ok	:read	[0 0]
2026-02-26 14:05:57,924{GMT}	INFO	[jepsen worker 0] jepsen.util: 0	:invoke	:read	[0 nil]
2026-02-26 14:05:57,926{GMT}	INFO	[n0 stderr] maelstrom.process: [2026-02-26T13:05:57.925722Z INFO  maelstrom::runtime] Received {"id":54,"src":"c10","dest":"n0","body":{"key":0,"type":"read","msg_id":8}}
2026-02-26 14:05:57,926{GMT}	INFO	[n0 stderr] maelstrom.process: Node  received READ for key 0
2026-02-26 14:05:57,927{GMT}	INFO	[n0 stderr] maelstrom.process: [2026-02-26T13:05:57.925971Z INFO  maelstrom::runtime] Sent {"src":"n0","dest":"c10","body":{"in_reply_to":8,"type":"read_ok","value":0}}
2026-02-26 14:05:57,927{GMT}	INFO	[jepsen worker 0] jepsen.util: 0	:ok	:read	[0 0]
2026-02-26 14:05:57,934{GMT}	INFO	[jepsen worker 1] jepsen.util: 1	:invoke	:read	[0 nil]
2026-02-26 14:05:57,935{GMT}	INFO	[n1 stderr] maelstrom.process: [2026-02-26T13:05:57.935509Z INFO  maelstrom::runtime] Received {"id":56,"src":"c17","dest":"n1","body":{"key":0,"type":"read","msg_id":2}}
2026-02-26 14:05:57,936{GMT}	INFO	[n1 stderr] maelstrom.process: Node  received READ for key 0
2026-02-26 14:05:57,936{GMT}	INFO	[n1 stderr] maelstrom.process: [2026-02-26T13:05:57.935768Z INFO  maelstrom::runtime] Sent {"src":"n1","dest":"c17","body":{"in_reply_to":2,"type":"read_ok","value":0}}
2026-02-26 14:05:57,937{GMT}	INFO	[jepsen worker 1] jepsen.util: 1	:ok	:read	[0 0]
2026-02-26 14:05:57,955{GMT}	INFO	[jepsen worker 2] jepsen.util: 2	:invoke	:read	[0 nil]
2026-02-26 14:05:57,958{GMT}	INFO	[n2 stderr] maelstrom.process: [2026-02-26T13:05:57.957748Z INFO  maelstrom::runtime] Received {"id":58,"src":"c18","dest":"n2","body":{"key":0,"type":"read","msg_id":1}}
2026-02-26 14:05:57,958{GMT}	INFO	[n2 stderr] maelstrom.process: Node  received READ for key 0
2026-02-26 14:05:57,958{GMT}	INFO	[n2 stderr] maelstrom.process: [2026-02-26T13:05:57.958066Z INFO  maelstrom::runtime] Sent {"src":"n2","dest":"c18","body":{"in_reply_to":1,"type":"read_ok","value":0}}
2026-02-26 14:05:57,959{GMT}	INFO	[jepsen worker 2] jepsen.util: 2	:ok	:read	[0 0]
2026-02-26 14:05:57,964{GMT}	INFO	[jepsen worker 3] jepsen.util: 3	:invoke	:read	[0 nil]
2026-02-26 14:05:57,966{GMT}	INFO	[n3 stderr] maelstrom.process: [2026-02-26T13:05:57.966111Z INFO  maelstrom::runtime] Received {"id":60,"src":"c12","dest":"n3","body":{"key":0,"type":"read","msg_id":2}}
2026-02-26 14:05:57,966{GMT}	INFO	[n3 stderr] maelstrom.process: Node  received READ for key 0
2026-02-26 14:05:57,967{GMT}	INFO	[n3 stderr] maelstrom.process: [2026-02-26T13:05:57.966336Z INFO  maelstrom::runtime] Sent {"src":"n3","dest":"c12","body":{"in_reply_to":2,"type":"read_ok","value":0}}
2026-02-26 14:05:57,967{GMT}	INFO	[jepsen worker 3] jepsen.util: 3	:ok	:read	[0 0]
2026-02-26 14:05:57,974{GMT}	INFO	[jepsen worker 4] jepsen.util: 4	:invoke	:read	[0 nil]
2026-02-26 14:05:57,976{GMT}	INFO	[n4 stderr] maelstrom.process: [2026-02-26T13:05:57.976522Z INFO  maelstrom::runtime] Received {"id":62,"src":"c19","dest":"n4","body":{"key":0,"type":"read","msg_id":1}}
2026-02-26 14:05:57,977{GMT}	INFO	[n4 stderr] maelstrom.process: Node  received READ for key 0
2026-02-26 14:05:57,977{GMT}	INFO	[n4 stderr] maelstrom.process: [2026-02-26T13:05:57.976744Z INFO  maelstrom::runtime] Sent {"src":"n4","dest":"c19","body":{"in_reply_to":1,"type":"read_ok","value":0}}
2026-02-26 14:05:57,978{GMT}	INFO	[jepsen worker 4] jepsen.util: 4	:ok	:read	[0 0]
2026-02-26 14:05:57,983{GMT}	INFO	[jepsen worker 0] jepsen.util: 0	:invoke	:read	[0 nil]
2026-02-26 14:05:57,985{GMT}	INFO	[n0 stderr] maelstrom.process: [2026-02-26T13:05:57.984924Z INFO  maelstrom::runtime] Received {"id":64,"src":"c10","dest":"n0","body":{"key":0,"type":"read","msg_id":9}}
2026-02-26 14:05:57,985{GMT}	INFO	[n0 stderr] maelstrom.process: Node  received READ for key 0
2026-02-26 14:05:57,986{GMT}	INFO	[n0 stderr] maelstrom.process: [2026-02-26T13:05:57.985236Z INFO  maelstrom::runtime] Sent {"src":"n0","dest":"c10","body":{"in_reply_to":9,"type":"read_ok","value":0}}
2026-02-26 14:05:57,986{GMT}	INFO	[jepsen worker 0] jepsen.util: 0	:ok	:read	[0 0]
2026-02-26 14:05:57,996{GMT}	INFO	[jepsen worker 6] jepsen.util: 6	:invoke	:cas	[0 [2 4]]
2026-02-26 14:05:57,998{GMT}	INFO	[n1 stderr] maelstrom.process: [2026-02-26T13:05:57.998284Z INFO  maelstrom::runtime] Received {"id":66,"src":"c16","dest":"n1","body":{"key":0,"from":2,"to":4,"type":"cas","msg_id":2}}
2026-02-26 14:05:57,999{GMT}	INFO	[n1 stderr] maelstrom.process: Node  received CAS (not implemented)
2026-02-26 14:05:57,999{GMT}	INFO	[n1 stderr] maelstrom.process: [2026-02-26T13:05:57.998593Z INFO  maelstrom::runtime] Sent {"src":"n1","dest":"c16","body":{"in_reply_to":2,"type":"cas_ok"}}
2026-02-26 14:05:58,000{GMT}	INFO	[jepsen worker 6] jepsen.util: 6	:ok	:cas	[0 [2 4]]
2026-02-26 14:05:58,010{GMT}	INFO	[jepsen worker 0] jepsen.util: 0	:invoke	:read	[0 nil]
2026-02-26 14:05:58,012{GMT}	INFO	[n0 stderr] maelstrom.process: [2026-02-26T13:05:58.011721Z INFO  maelstrom::runtime] Received {"id":68,"src":"c10","dest":"n0","body":{"key":0,"type":"read","msg_id":10}}
2026-02-26 14:05:58,012{GMT}	INFO	[n0 stderr] maelstrom.process: Node  received READ for key 0
2026-02-26 14:05:58,012{GMT}	INFO	[n0 stderr] maelstrom.process: [2026-02-26T13:05:58.011938Z INFO  maelstrom::runtime] Sent {"src":"n0","dest":"c10","body":{"in_reply_to":10,"type":"read_ok","value":0}}
2026-02-26 14:05:58,013{GMT}	INFO	[jepsen worker 0] jepsen.util: 0	:ok	:read	[0 0]
2026-02-26 14:05:58,014{GMT}	INFO	[jepsen worker 8] jepsen.util: 8	:invoke	:cas	[0 [4 0]]
2026-02-26 14:05:58,016{GMT}	INFO	[n3 stderr] maelstrom.process: [2026-02-26T13:05:58.016235Z INFO  maelstrom::runtime] Received {"id":70,"src":"c14","dest":"n3","body":{"key":0,"from":4,"to":0,"type":"cas","msg_id":3}}
2026-02-26 14:05:58,017{GMT}	INFO	[n3 stderr] maelstrom.process: Node  received CAS (not implemented)
2026-02-26 14:05:58,017{GMT}	INFO	[n3 stderr] maelstrom.process: [2026-02-26T13:05:58.016464Z INFO  maelstrom::runtime] Sent {"src":"n3","dest":"c14","body":{"in_reply_to":3,"type":"cas_ok"}}
2026-02-26 14:05:58,018{GMT}	INFO	[jepsen worker 8] jepsen.util: 8	:ok	:cas	[0 [4 0]]
2026-02-26 14:05:58,030{GMT}	INFO	[jepsen worker 0] jepsen.util: 0	:invoke	:read	[0 nil]
2026-02-26 14:05:58,032{GMT}	INFO	[n0 stderr] maelstrom.process: [2026-02-26T13:05:58.032176Z INFO  maelstrom::runtime] Received {"id":72,"src":"c10","dest":"n0","body":{"key":0,"type":"read","msg_id":11}}
2026-02-26 14:05:58,033{GMT}	INFO	[n0 stderr] maelstrom.process: Node  received READ for key 0
2026-02-26 14:05:58,033{GMT}	INFO	[n0 stderr] maelstrom.process: [2026-02-26T13:05:58.032494Z INFO  maelstrom::runtime] Sent {"src":"n0","dest":"c10","body":{"in_reply_to":11,"type":"read_ok","value":0}}
2026-02-26 14:05:58,034{GMT}	INFO	[jepsen worker 0] jepsen.util: 0	:ok	:read	[0 0]
2026-02-26 14:05:58,035{GMT}	INFO	[jepsen worker 0] jepsen.util: 0	:invoke	:read	[0 nil]
2026-02-26 14:05:58,037{GMT}	INFO	[n0 stderr] maelstrom.process: [2026-02-26T13:05:58.037289Z INFO  maelstrom::runtime] Received {"id":74,"src":"c10","dest":"n0","body":{"key":0,"type":"read","msg_id":12}}
2026-02-26 14:05:58,038{GMT}	INFO	[n0 stderr] maelstrom.process: Node  received READ for key 0
2026-02-26 14:05:58,038{GMT}	INFO	[n0 stderr] maelstrom.process: [2026-02-26T13:05:58.037573Z INFO  maelstrom::runtime] Sent {"src":"n0","dest":"c10","body":{"in_reply_to":12,"type":"read_ok","value":0}}
2026-02-26 14:05:58,038{GMT}	INFO	[jepsen worker 0] jepsen.util: 0	:ok	:read	[0 0]
2026-02-26 14:05:58,053{GMT}	INFO	[jepsen worker 0] jepsen.util: 0	:invoke	:read	[0 nil]
2026-02-26 14:05:58,055{GMT}	INFO	[n0 stderr] maelstrom.process: [2026-02-26T13:05:58.054929Z INFO  maelstrom::runtime] Received {"id":76,"src":"c10","dest":"n0","body":{"key":0,"type":"read","msg_id":13}}
2026-02-26 14:05:58,055{GMT}	INFO	[n0 stderr] maelstrom.process: Node  received READ for key 0
2026-02-26 14:05:58,056{GMT}	INFO	[n0 stderr] maelstrom.process: [2026-02-26T13:05:58.055237Z INFO  maelstrom::runtime] Sent {"src":"n0","dest":"c10","body":{"in_reply_to":13,"type":"read_ok","value":0}}
2026-02-26 14:05:58,056{GMT}	INFO	[jepsen worker 0] jepsen.util: 0	:ok	:read	[0 0]
2026-02-26 14:05:58,064{GMT}	INFO	[jepsen worker 5] jepsen.util: 5	:invoke	:write	[0 1]
2026-02-26 14:05:58,065{GMT}	INFO	[n0 stderr] maelstrom.process: [2026-02-26T13:05:58.065411Z INFO  maelstrom::runtime] Received {"id":78,"src":"c11","dest":"n0","body":{"key":0,"value":1,"type":"write","msg_id":8}}
2026-02-26 14:05:58,066{GMT}	INFO	[n0 stderr] maelstrom.process: Node  received WRITE: 0=1
2026-02-26 14:05:58,066{GMT}	INFO	[n0 stderr] maelstrom.process: [2026-02-26T13:05:58.065698Z INFO  maelstrom::runtime] Sent {"src":"n0","dest":"c11","body":{"in_reply_to":8,"type":"write_ok"}}
2026-02-26 14:05:58,066{GMT}	INFO	[jepsen worker 5] jepsen.util: 5	:ok	:write	[0 1]
2026-02-26 14:05:58,073{GMT}	INFO	[jepsen worker 2] jepsen.util: 2	:invoke	:read	[0 nil]
2026-02-26 14:05:58,075{GMT}	INFO	[n2 stderr] maelstrom.process: [2026-02-26T13:05:58.075181Z INFO  maelstrom::runtime] Received {"id":80,"src":"c18","dest":"n2","body":{"key":0,"type":"read","msg_id":2}}
2026-02-26 14:05:58,076{GMT}	INFO	[n2 stderr] maelstrom.process: Node  received READ for key 0
2026-02-26 14:05:58,076{GMT}	INFO	[n2 stderr] maelstrom.process: [2026-02-26T13:05:58.075435Z INFO  maelstrom::runtime] Sent {"src":"n2","dest":"c18","body":{"in_reply_to":2,"type":"read_ok","value":0}}
2026-02-26 14:05:58,077{GMT}	INFO	[jepsen worker 2] jepsen.util: 2	:ok	:read	[0 0]
2026-02-26 14:05:58,078{GMT}	INFO	[jepsen worker 5] jepsen.util: 5	:invoke	:write	[0 4]
2026-02-26 14:05:58,080{GMT}	INFO	[n0 stderr] maelstrom.process: [2026-02-26T13:05:58.080228Z INFO  maelstrom::runtime] Received {"id":82,"src":"c11","dest":"n0","body":{"key":0,"value":4,"type":"write","msg_id":9}}
2026-02-26 14:05:58,081{GMT}	INFO	[n0 stderr] maelstrom.process: Node  received WRITE: 0=4
2026-02-26 14:05:58,081{GMT}	INFO	[n0 stderr] maelstrom.process: [2026-02-26T13:05:58.080522Z INFO  maelstrom::runtime] Sent {"src":"n0","dest":"c11","body":{"in_reply_to":9,"type":"write_ok"}}
2026-02-26 14:05:58,081{GMT}	INFO	[jepsen worker 5] jepsen.util: 5	:ok	:write	[0 4]
2026-02-26 14:05:58,084{GMT}	INFO	[jepsen worker 5] jepsen.util: 5	:invoke	:cas	[0 [0 1]]
2026-02-26 14:05:58,085{GMT}	INFO	[n0 stderr] maelstrom.process: [2026-02-26T13:05:58.085352Z INFO  maelstrom::runtime] Received {"id":84,"src":"c11","dest":"n0","body":{"key":0,"from":0,"to":1,"type":"cas","msg_id":10}}
2026-02-26 14:05:58,086{GMT}	INFO	[n0 stderr] maelstrom.process: Node  received CAS (not implemented)
2026-02-26 14:05:58,086{GMT}	INFO	[n0 stderr] maelstrom.process: [2026-02-26T13:05:58.085641Z INFO  maelstrom::runtime] Sent {"src":"n0","dest":"c11","body":{"in_reply_to":10,"type":"cas_ok"}}
2026-02-26 14:05:58,086{GMT}	INFO	[jepsen worker 5] jepsen.util: 5	:ok	:cas	[0 [0 1]]
2026-02-26 14:05:58,104{GMT}	INFO	[jepsen worker 0] jepsen.util: 0	:invoke	:read	[0 nil]
2026-02-26 14:05:58,106{GMT}	INFO	[n0 stderr] maelstrom.process: [2026-02-26T13:05:58.106508Z INFO  maelstrom::runtime] Received {"id":86,"src":"c10","dest":"n0","body":{"key":0,"type":"read","msg_id":14}}
2026-02-26 14:05:58,107{GMT}	INFO	[n0 stderr] maelstrom.process: Node  received READ for key 0
2026-02-26 14:05:58,107{GMT}	INFO	[n0 stderr] maelstrom.process: [2026-02-26T13:05:58.106730Z INFO  maelstrom::runtime] Sent {"src":"n0","dest":"c10","body":{"in_reply_to":14,"type":"read_ok","value":0}}
2026-02-26 14:05:58,107{GMT}	INFO	[jepsen worker 0] jepsen.util: 0	:ok	:read	[0 0]
2026-02-26 14:05:58,116{GMT}	INFO	[jepsen worker 0] jepsen.util: 0	:invoke	:read	[0 nil]
2026-02-26 14:05:58,118{GMT}	INFO	[n0 stderr] maelstrom.process: [2026-02-26T13:05:58.118182Z INFO  maelstrom::runtime] Received {"id":88,"src":"c10","dest":"n0","body":{"key":0,"type":"read","msg_id":15}}
2026-02-26 14:05:58,118{GMT}	INFO	[n0 stderr] maelstrom.process: Node  received READ for key 0
2026-02-26 14:05:58,119{GMT}	INFO	[n0 stderr] maelstrom.process: [2026-02-26T13:05:58.118482Z INFO  maelstrom::runtime] Sent {"src":"n0","dest":"c10","body":{"in_reply_to":15,"type":"read_ok","value":0}}
2026-02-26 14:05:58,119{GMT}	INFO	[jepsen worker 0] jepsen.util: 0	:ok	:read	[0 0]
2026-02-26 14:05:58,123{GMT}	INFO	[jepsen worker 7] jepsen.util: 7	:invoke	:cas	[0 [2 2]]
2026-02-26 14:05:58,124{GMT}	INFO	[jepsen worker 8] jepsen.util: 8	:invoke	:write	[0 3]
2026-02-26 14:05:58,125{GMT}	INFO	[n2 stderr] maelstrom.process: [2026-02-26T13:05:58.124981Z INFO  maelstrom::runtime] Received {"id":90,"src":"c13","dest":"n2","body":{"key":0,"from":2,"to":2,"type":"cas","msg_id":3}}
2026-02-26 14:05:58,125{GMT}	INFO	[n2 stderr] maelstrom.process: Node  received CAS (not implemented)
2026-02-26 14:05:58,125{GMT}	INFO	[n3 stderr] maelstrom.process: [2026-02-26T13:05:58.125726Z INFO  maelstrom::runtime] Received {"id":91,"src":"c14","dest":"n3","body":{"key":0,"value":3,"type":"write","msg_id":4}}
2026-02-26 14:05:58,126{GMT}	INFO	[n2 stderr] maelstrom.process: [2026-02-26T13:05:58.125236Z INFO  maelstrom::runtime] Sent {"src":"n2","dest":"c13","body":{"in_reply_to":3,"type":"cas_ok"}}
2026-02-26 14:05:58,126{GMT}	INFO	[n3 stderr] maelstrom.process: Node  received WRITE: 0=3
2026-02-26 14:05:58,126{GMT}	INFO	[n3 stderr] maelstrom.process: [2026-02-26T13:05:58.125986Z INFO  maelstrom::runtime] Sent {"src":"n3","dest":"c14","body":{"in_reply_to":4,"type":"write_ok"}}
2026-02-26 14:05:58,126{GMT}	INFO	[jepsen worker 7] jepsen.util: 7	:ok	:cas	[0 [2 2]]
2026-02-26 14:05:58,127{GMT}	INFO	[jepsen worker 8] jepsen.util: 8	:ok	:write	[0 3]
2026-02-26 14:05:58,135{GMT}	INFO	[jepsen worker 9] jepsen.util: 9	:invoke	:cas	[0 [3 4]]
2026-02-26 14:05:58,137{GMT}	INFO	[n4 stderr] maelstrom.process: [2026-02-26T13:05:58.136877Z INFO  maelstrom::runtime] Received {"id":94,"src":"c15","dest":"n4","body":{"key":0,"from":3,"to":4,"type":"cas","msg_id":2}}
2026-02-26 14:05:58,137{GMT}	INFO	[n4 stderr] maelstrom.process: Node  received CAS (not implemented)
2026-02-26 14:05:58,137{GMT}	INFO	[n4 stderr] maelstrom.process: [2026-02-26T13:05:58.137167Z INFO  maelstrom::runtime] Sent {"src":"n4","dest":"c15","body":{"in_reply_to":2,"type":"cas_ok"}}
2026-02-26 14:05:58,138{GMT}	INFO	[jepsen worker 9] jepsen.util: 9	:ok	:cas	[0 [3 4]]
2026-02-26 14:05:58,154{GMT}	INFO	[jepsen worker 0] jepsen.util: 0	:invoke	:read	[0 nil]
2026-02-26 14:05:58,156{GMT}	INFO	[n0 stderr] maelstrom.process: [2026-02-26T13:05:58.155770Z INFO  maelstrom::runtime] Received {"id":96,"src":"c10","dest":"n0","body":{"key":0,"type":"read","msg_id":16}}
2026-02-26 14:05:58,156{GMT}	INFO	[jepsen worker 5] jepsen.util: 5	:invoke	:write	[0 1]
2026-02-26 14:05:58,156{GMT}	INFO	[n0 stderr] maelstrom.process: Node  received READ for key 0
2026-02-26 14:05:58,157{GMT}	INFO	[n0 stderr] maelstrom.process: [2026-02-26T13:05:58.156102Z INFO  maelstrom::runtime] Sent {"src":"n0","dest":"c10","body":{"in_reply_to":16,"type":"read_ok","value":0}}
2026-02-26 14:05:58,157{GMT}	INFO	[jepsen worker 6] jepsen.util: 6	:invoke	:write	[0 4]
2026-02-26 14:05:58,157{GMT}	INFO	[jepsen worker 0] jepsen.util: 0	:ok	:read	[0 0]
2026-02-26 14:05:58,158{GMT}	INFO	[n0 stderr] maelstrom.process: [2026-02-26T13:05:58.157891Z INFO  maelstrom::runtime] Received {"id":98,"src":"c11","dest":"n0","body":{"key":0,"value":1,"type":"write","msg_id":11}}
2026-02-26 14:05:58,158{GMT}	INFO	[n0 stderr] maelstrom.process: Node  received WRITE: 0=1
2026-02-26 14:05:58,158{GMT}	INFO	[n1 stderr] maelstrom.process: [2026-02-26T13:05:58.158628Z INFO  maelstrom::runtime] Received {"id":99,"src":"c16","dest":"n1","body":{"key":0,"value":4,"type":"write","msg_id":3}}
2026-02-26 14:05:58,159{GMT}	INFO	[n0 stderr] maelstrom.process: [2026-02-26T13:05:58.158166Z INFO  maelstrom::runtime] Sent {"src":"n0","dest":"c11","body":{"in_reply_to":11,"type":"write_ok"}}
2026-02-26 14:05:58,159{GMT}	INFO	[jepsen worker 5] jepsen.util: 5	:ok	:write	[0 1]
2026-02-26 14:05:58,159{GMT}	INFO	[n1 stderr] maelstrom.process: Node  received WRITE: 0=4
2026-02-26 14:05:58,159{GMT}	INFO	[n1 stderr] maelstrom.process: [2026-02-26T13:05:58.158848Z INFO  maelstrom::runtime] Sent {"src":"n1","dest":"c16","body":{"in_reply_to":3,"type":"write_ok"}}
2026-02-26 14:05:58,160{GMT}	INFO	[jepsen worker 6] jepsen.util: 6	:ok	:write	[0 4]
2026-02-26 14:05:58,167{GMT}	INFO	[jepsen worker 2] jepsen.util: 2	:invoke	:read	[0 nil]
2026-02-26 14:05:58,168{GMT}	INFO	[n2 stderr] maelstrom.process: [2026-02-26T13:05:58.168295Z INFO  maelstrom::runtime] Received {"id":102,"src":"c18","dest":"n2","body":{"key":0,"type":"read","msg_id":3}}
2026-02-26 14:05:58,169{GMT}	INFO	[n2 stderr] maelstrom.process: Node  received READ for key 0
2026-02-26 14:05:58,169{GMT}	INFO	[n2 stderr] maelstrom.process: [2026-02-26T13:05:58.168599Z INFO  maelstrom::runtime] Sent {"src":"n2","dest":"c18","body":{"in_reply_to":3,"type":"read_ok","value":0}}
2026-02-26 14:05:58,170{GMT}	INFO	[jepsen worker 2] jepsen.util: 2	:ok	:read	[0 0]
2026-02-26 14:05:58,178{GMT}	INFO	[jepsen worker 3] jepsen.util: 3	:invoke	:read	[0 nil]
2026-02-26 14:05:58,180{GMT}	INFO	[n3 stderr] maelstrom.process: [2026-02-26T13:05:58.180055Z INFO  maelstrom::runtime] Received {"id":104,"src":"c12","dest":"n3","body":{"key":0,"type":"read","msg_id":3}}
2026-02-26 14:05:58,180{GMT}	INFO	[n3 stderr] maelstrom.process: Node  received READ for key 0
2026-02-26 14:05:58,181{GMT}	INFO	[n3 stderr] maelstrom.process: [2026-02-26T13:05:58.180375Z INFO  maelstrom::runtime] Sent {"src":"n3","dest":"c12","body":{"in_reply_to":3,"type":"read_ok","value":0}}
2026-02-26 14:05:58,181{GMT}	INFO	[jepsen worker 3] jepsen.util: 3	:ok	:read	[0 0]
2026-02-26 14:05:58,197{GMT}	INFO	[jepsen worker 5] jepsen.util: 5	:invoke	:write	[0 3]
2026-02-26 14:05:58,199{GMT}	INFO	[n0 stderr] maelstrom.process: [2026-02-26T13:05:58.199154Z INFO  maelstrom::runtime] Received {"id":106,"src":"c11","dest":"n0","body":{"key":0,"value":3,"type":"write","msg_id":12}}
2026-02-26 14:05:58,200{GMT}	INFO	[n0 stderr] maelstrom.process: Node  received WRITE: 0=3
2026-02-26 14:05:58,200{GMT}	INFO	[n0 stderr] maelstrom.process: [2026-02-26T13:05:58.199462Z INFO  maelstrom::runtime] Sent {"src":"n0","dest":"c11","body":{"in_reply_to":12,"type":"write_ok"}}
2026-02-26 14:05:58,200{GMT}	INFO	[jepsen worker 5] jepsen.util: 5	:ok	:write	[0 3]
2026-02-26 14:05:58,214{GMT}	INFO	[jepsen worker 0] jepsen.util: 0	:invoke	:read	[0 nil]
2026-02-26 14:05:58,216{GMT}	INFO	[n0 stderr] maelstrom.process: [2026-02-26T13:05:58.216050Z INFO  maelstrom::runtime] Received {"id":108,"src":"c10","dest":"n0","body":{"key":0,"type":"read","msg_id":17}}
2026-02-26 14:05:58,216{GMT}	INFO	[n0 stderr] maelstrom.process: Node  received READ for key 0
2026-02-26 14:05:58,217{GMT}	INFO	[n0 stderr] maelstrom.process: [2026-02-26T13:05:58.216346Z INFO  maelstrom::runtime] Sent {"src":"n0","dest":"c10","body":{"in_reply_to":17,"type":"read_ok","value":0}}
2026-02-26 14:05:58,217{GMT}	INFO	[jepsen worker 0] jepsen.util: 0	:ok	:read	[0 0]
2026-02-26 14:05:58,221{GMT}	INFO	[jepsen worker 0] jepsen.util: 0	:invoke	:read	[0 nil]
2026-02-26 14:05:58,222{GMT}	INFO	[n0 stderr] maelstrom.process: [2026-02-26T13:05:58.222271Z INFO  maelstrom::runtime] Received {"id":110,"src":"c10","dest":"n0","body":{"key":0,"type":"read","msg_id":18}}
2026-02-26 14:05:58,223{GMT}	INFO	[n0 stderr] maelstrom.process: Node  received READ for key 0
2026-02-26 14:05:58,223{GMT}	INFO	[n0 stderr] maelstrom.process: [2026-02-26T13:05:58.222537Z INFO  maelstrom::runtime] Sent {"src":"n0","dest":"c10","body":{"in_reply_to":18,"type":"read_ok","value":0}}
2026-02-26 14:05:58,223{GMT}	INFO	[jepsen worker 0] jepsen.util: 0	:ok	:read	[0 0]
2026-02-26 14:05:58,230{GMT}	INFO	[jepsen worker 0] jepsen.util: 0	:invoke	:read	[0 nil]
2026-02-26 14:05:58,231{GMT}	INFO	[n0 stderr] maelstrom.process: [2026-02-26T13:05:58.231461Z INFO  maelstrom::runtime] Received {"id":112,"src":"c10","dest":"n0","body":{"key":0,"type":"read","msg_id":19}}
2026-02-26 14:05:58,232{GMT}	INFO	[n0 stderr] maelstrom.process: Node  received READ for key 0
2026-02-26 14:05:58,232{GMT}	INFO	[n0 stderr] maelstrom.process: [2026-02-26T13:05:58.231684Z INFO  maelstrom::runtime] Sent {"src":"n0","dest":"c10","body":{"in_reply_to":19,"type":"read_ok","value":0}}
2026-02-26 14:05:58,233{GMT}	INFO	[jepsen worker 0] jepsen.util: 0	:ok	:read	[0 0]
2026-02-26 14:05:58,247{GMT}	INFO	[jepsen worker 8] jepsen.util: 8	:invoke	:cas	[0 [3 2]]
2026-02-26 14:05:58,248{GMT}	INFO	[n3 stderr] maelstrom.process: [2026-02-26T13:05:58.248514Z INFO  maelstrom::runtime] Received {"id":114,"src":"c14","dest":"n3","body":{"key":0,"from":3,"to":2,"type":"cas","msg_id":5}}
2026-02-26 14:05:58,249{GMT}	INFO	[n3 stderr] maelstrom.process: Node  received CAS (not implemented)
2026-02-26 14:05:58,250{GMT}	INFO	[jepsen worker 8] jepsen.util: 8	:ok	:cas	[0 [3 2]]
2026-02-26 14:05:58,250{GMT}	INFO	[n3 stderr] maelstrom.process: [2026-02-26T13:05:58.248732Z INFO  maelstrom::runtime] Sent {"src":"n3","dest":"c14","body":{"in_reply_to":5,"type":"cas_ok"}}
2026-02-26 14:05:58,253{GMT}	INFO	[jepsen worker 0] jepsen.util: 0	:invoke	:read	[0 nil]
2026-02-26 14:05:58,255{GMT}	INFO	[n0 stderr] maelstrom.process: [2026-02-26T13:05:58.255253Z INFO  maelstrom::runtime] Received {"id":116,"src":"c10","dest":"n0","body":{"key":0,"type":"read","msg_id":20}}
2026-02-26 14:05:58,256{GMT}	INFO	[n0 stderr] maelstrom.process: Node  received READ for key 0
2026-02-26 14:05:58,256{GMT}	INFO	[n0 stderr] maelstrom.process: [2026-02-26T13:05:58.255564Z INFO  maelstrom::runtime] Sent {"src":"n0","dest":"c10","body":{"in_reply_to":20,"type":"read_ok","value":0}}
2026-02-26 14:05:58,256{GMT}	INFO	[jepsen worker 0] jepsen.util: 0	:ok	:read	[0 0]
2026-02-26 14:05:58,265{GMT}	INFO	[jepsen worker 0] jepsen.util: 0	:invoke	:read	[0 nil]
2026-02-26 14:05:58,266{GMT}	INFO	[n0 stderr] maelstrom.process: [2026-02-26T13:05:58.266429Z INFO  maelstrom::runtime] Received {"id":118,"src":"c10","dest":"n0","body":{"key":0,"type":"read","msg_id":21}}
2026-02-26 14:05:58,267{GMT}	INFO	[jepsen worker 1] jepsen.util: 1	:invoke	:read	[0 nil]
2026-02-26 14:05:58,267{GMT}	INFO	[n0 stderr] maelstrom.process: Node  received READ for key 0
2026-02-26 14:05:58,267{GMT}	INFO	[n0 stderr] maelstrom.process: [2026-02-26T13:05:58.266709Z INFO  maelstrom::runtime] Sent {"src":"n0","dest":"c10","body":{"in_reply_to":21,"type":"read_ok","value":0}}
2026-02-26 14:05:58,268{GMT}	INFO	[jepsen worker 0] jepsen.util: 0	:ok	:read	[0 0]
2026-02-26 14:05:58,268{GMT}	INFO	[n1 stderr] maelstrom.process: [2026-02-26T13:05:58.268542Z INFO  maelstrom::runtime] Received {"id":120,"src":"c17","dest":"n1","body":{"key":0,"type":"read","msg_id":3}}
2026-02-26 14:05:58,269{GMT}	INFO	[n1 stderr] maelstrom.process: Node  received READ for key 0
2026-02-26 14:05:58,269{GMT}	INFO	[n1 stderr] maelstrom.process: [2026-02-26T13:05:58.268846Z INFO  maelstrom::runtime] Sent {"src":"n1","dest":"c17","body":{"in_reply_to":3,"type":"read_ok","value":0}}
2026-02-26 14:05:58,270{GMT}	INFO	[jepsen worker 1] jepsen.util: 1	:ok	:read	[0 0]
2026-02-26 14:05:58,275{GMT}	INFO	[jepsen worker 5] jepsen.util: 5	:invoke	:cas	[0 [2 3]]
2026-02-26 14:05:58,277{GMT}	INFO	[n0 stderr] maelstrom.process: [2026-02-26T13:05:58.277053Z INFO  maelstrom::runtime] Received {"id":122,"src":"c11","dest":"n0","body":{"key":0,"from":2,"to":3,"type":"cas","msg_id":13}}
2026-02-26 14:05:58,277{GMT}	INFO	[n0 stderr] maelstrom.process: Node  received CAS (not implemented)
2026-02-26 14:05:58,278{GMT}	INFO	[n0 stderr] maelstrom.process: [2026-02-26T13:05:58.277334Z INFO  maelstrom::runtime] Sent {"src":"n0","dest":"c11","body":{"in_reply_to":13,"type":"cas_ok"}}
2026-02-26 14:05:58,278{GMT}	INFO	[jepsen worker 5] jepsen.util: 5	:ok	:cas	[0 [2 3]]
2026-02-26 14:05:58,281{GMT}	INFO	[jepsen worker 2] jepsen.util: 2	:invoke	:read	[0 nil]
2026-02-26 14:05:58,283{GMT}	INFO	[n2 stderr] maelstrom.process: [2026-02-26T13:05:58.282993Z INFO  maelstrom::runtime] Received {"id":124,"src":"c18","dest":"n2","body":{"key":0,"type":"read","msg_id":4}}
2026-02-26 14:05:58,283{GMT}	INFO	[n2 stderr] maelstrom.process: Node  received READ for key 0
2026-02-26 14:05:58,284{GMT}	INFO	[n2 stderr] maelstrom.process: [2026-02-26T13:05:58.283264Z INFO  maelstrom::runtime] Sent {"src":"n2","dest":"c18","body":{"in_reply_to":4,"type":"read_ok","value":0}}
2026-02-26 14:05:58,284{GMT}	INFO	[jepsen worker 2] jepsen.util: 2	:ok	:read	[0 0]
2026-02-26 14:05:58,298{GMT}	INFO	[jepsen worker 3] jepsen.util: 3	:invoke	:read	[0 nil]
2026-02-26 14:05:58,299{GMT}	INFO	[n3 stderr] maelstrom.process: [2026-02-26T13:05:58.299649Z INFO  maelstrom::runtime] Received {"id":126,"src":"c12","dest":"n3","body":{"key":0,"type":"read","msg_id":4}}
2026-02-26 14:05:58,300{GMT}	INFO	[n3 stderr] maelstrom.process: Node  received READ for key 0
2026-02-26 14:05:58,300{GMT}	INFO	[n3 stderr] maelstrom.process: [2026-02-26T13:05:58.299979Z INFO  maelstrom::runtime] Sent {"src":"n3","dest":"c12","body":{"in_reply_to":4,"type":"read_ok","value":0}}
2026-02-26 14:05:58,301{GMT}	INFO	[jepsen worker 3] jepsen.util: 3	:ok	:read	[0 0]
2026-02-26 14:05:58,312{GMT}	INFO	[jepsen worker 5] jepsen.util: 5	:invoke	:write	[0 2]
2026-02-26 14:05:58,314{GMT}	INFO	[n0 stderr] maelstrom.process: [2026-02-26T13:05:58.314358Z INFO  maelstrom::runtime] Received {"id":128,"src":"c11","dest":"n0","body":{"key":0,"value":2,"type":"write","msg_id":14}}
2026-02-26 14:05:58,315{GMT}	INFO	[n0 stderr] maelstrom.process: Node  received WRITE: 0=2
2026-02-26 14:05:58,315{GMT}	INFO	[n0 stderr] maelstrom.process: [2026-02-26T13:05:58.314655Z INFO  maelstrom::runtime] Sent {"src":"n0","dest":"c11","body":{"in_reply_to":14,"type":"write_ok"}}
2026-02-26 14:05:58,316{GMT}	INFO	[jepsen worker 5] jepsen.util: 5	:ok	:write	[0 2]
2026-02-26 14:05:58,316{GMT}	INFO	[jepsen worker 6] jepsen.util: 6	:invoke	:cas	[0 [3 0]]
2026-02-26 14:05:58,317{GMT}	INFO	[n1 stderr] maelstrom.process: [2026-02-26T13:05:58.317538Z INFO  maelstrom::runtime] Received {"id":130,"src":"c16","dest":"n1","body":{"key":0,"from":3,"to":0,"type":"cas","msg_id":4}}
2026-02-26 14:05:58,318{GMT}	INFO	[n1 stderr] maelstrom.process: Node  received CAS (not implemented)
2026-02-26 14:05:58,318{GMT}	INFO	[n1 stderr] maelstrom.process: [2026-02-26T13:05:58.317755Z INFO  maelstrom::runtime] Sent {"src":"n1","dest":"c16","body":{"in_reply_to":4,"type":"cas_ok"}}
2026-02-26 14:05:58,318{GMT}	INFO	[jepsen worker 6] jepsen.util: 6	:ok	:cas	[0 [3 0]]
2026-02-26 14:05:58,335{GMT}	INFO	[jepsen worker 0] jepsen.util: 0	:invoke	:read	[0 nil]
2026-02-26 14:05:58,337{GMT}	INFO	[n0 stderr] maelstrom.process: [2026-02-26T13:05:58.337220Z INFO  maelstrom::runtime] Received {"id":132,"src":"c10","dest":"n0","body":{"key":0,"type":"read","msg_id":22}}
2026-02-26 14:05:58,337{GMT}	INFO	[n0 stderr] maelstrom.process: Node  received READ for key 0
2026-02-26 14:05:58,338{GMT}	INFO	[n0 stderr] maelstrom.process: [2026-02-26T13:05:58.337516Z INFO  maelstrom::runtime] Sent {"src":"n0","dest":"c10","body":{"in_reply_to":22,"type":"read_ok","value":0}}
2026-02-26 14:05:58,338{GMT}	INFO	[jepsen worker 0] jepsen.util: 0	:ok	:read	[0 0]
2026-02-26 14:05:58,344{GMT}	INFO	[jepsen worker 0] jepsen.util: 0	:invoke	:read	[0 nil]
2026-02-26 14:05:58,345{GMT}	INFO	[n0 stderr] maelstrom.process: [2026-02-26T13:05:58.345631Z INFO  maelstrom::runtime] Received {"id":134,"src":"c10","dest":"n0","body":{"key":0,"type":"read","msg_id":23}}
2026-02-26 14:05:58,346{GMT}	INFO	[n0 stderr] maelstrom.process: Node  received READ for key 0
2026-02-26 14:05:58,346{GMT}	INFO	[n0 stderr] maelstrom.process: [2026-02-26T13:05:58.345808Z INFO  maelstrom::runtime] Sent {"src":"n0","dest":"c10","body":{"in_reply_to":23,"type":"read_ok","value":0}}
2026-02-26 14:05:58,346{GMT}	INFO	[jepsen worker 0] jepsen.util: 0	:ok	:read	[0 0]
2026-02-26 14:05:58,357{GMT}	INFO	[jepsen worker 0] jepsen.util: 0	:invoke	:read	[0 nil]
2026-02-26 14:05:58,358{GMT}	INFO	[n0 stderr] maelstrom.process: [2026-02-26T13:05:58.358355Z INFO  maelstrom::runtime] Received {"id":136,"src":"c10","dest":"n0","body":{"key":0,"type":"read","msg_id":24}}
2026-02-26 14:05:58,359{GMT}	INFO	[n0 stderr] maelstrom.process: Node  received READ for key 0
2026-02-26 14:05:58,359{GMT}	INFO	[n0 stderr] maelstrom.process: [2026-02-26T13:05:58.358652Z INFO  maelstrom::runtime] Sent {"src":"n0","dest":"c10","body":{"in_reply_to":24,"type":"read_ok","value":0}}
2026-02-26 14:05:58,359{GMT}	INFO	[jepsen worker 0] jepsen.util: 0	:ok	:read	[0 0]
2026-02-26 14:05:58,375{GMT}	INFO	[jepsen worker 0] jepsen.util: 0	:invoke	:read	[0 nil]
2026-02-26 14:05:58,376{GMT}	INFO	[n0 stderr] maelstrom.process: [2026-02-26T13:05:58.376594Z INFO  maelstrom::runtime] Received {"id":138,"src":"c10","dest":"n0","body":{"key":0,"type":"read","msg_id":25}}
2026-02-26 14:05:58,377{GMT}	INFO	[n0 stderr] maelstrom.process: Node  received READ for key 0
2026-02-26 14:05:58,377{GMT}	INFO	[n0 stderr] maelstrom.process: [2026-02-26T13:05:58.377065Z INFO  maelstrom::runtime] Sent {"src":"n0","dest":"c10","body":{"in_reply_to":25,"type":"read_ok","value":0}}
2026-02-26 14:05:58,378{GMT}	INFO	[jepsen worker 0] jepsen.util: 0	:ok	:read	[0 0]
2026-02-26 14:05:58,394{GMT}	INFO	[jepsen worker 5] jepsen.util: 5	:invoke	:write	[0 2]
2026-02-26 14:05:58,395{GMT}	INFO	[n0 stderr] maelstrom.process: [2026-02-26T13:05:58.395705Z INFO  maelstrom::runtime] Received {"id":140,"src":"c11","dest":"n0","body":{"key":0,"value":2,"type":"write","msg_id":15}}
2026-02-26 14:05:58,396{GMT}	INFO	[n0 stderr] maelstrom.process: Node  received WRITE: 0=2
2026-02-26 14:05:58,396{GMT}	INFO	[n0 stderr] maelstrom.process: [2026-02-26T13:05:58.395992Z INFO  maelstrom::runtime] Sent {"src":"n0","dest":"c11","body":{"in_reply_to":15,"type":"write_ok"}}
2026-02-26 14:05:58,397{GMT}	INFO	[jepsen worker 5] jepsen.util: 5	:ok	:write	[0 2]
2026-02-26 14:05:58,404{GMT}	INFO	[jepsen worker 0] jepsen.util: 0	:invoke	:read	[0 nil]
2026-02-26 14:05:58,405{GMT}	INFO	[n0 stderr] maelstrom.process: [2026-02-26T13:05:58.405364Z INFO  maelstrom::runtime] Received {"id":142,"src":"c10","dest":"n0","body":{"key":0,"type":"read","msg_id":26}}
2026-02-26 14:05:58,406{GMT}	INFO	[n0 stderr] maelstrom.process: Node  received READ for key 0
2026-02-26 14:05:58,406{GMT}	INFO	[n0 stderr] maelstrom.process: [2026-02-26T13:05:58.405687Z INFO  maelstrom::runtime] Sent {"src":"n0","dest":"c10","body":{"in_reply_to":26,"type":"read_ok","value":0}}
2026-02-26 14:05:58,407{GMT}	INFO	[jepsen worker 0] jepsen.util: 0	:ok	:read	[0 0]
2026-02-26 14:05:58,407{GMT}	INFO	[jepsen worker 1] jepsen.util: 1	:invoke	:read	[0 nil]
2026-02-26 14:05:58,409{GMT}	INFO	[n1 stderr] maelstrom.process: [2026-02-26T13:05:58.408836Z INFO  maelstrom::runtime] Received {"id":144,"src":"c17","dest":"n1","body":{"key":0,"type":"read","msg_id":4}}
2026-02-26 14:05:58,409{GMT}	INFO	[n1 stderr] maelstrom.process: Node  received READ for key 0
2026-02-26 14:05:58,409{GMT}	INFO	[n1 stderr] maelstrom.process: [2026-02-26T13:05:58.409079Z INFO  maelstrom::runtime] Sent {"src":"n1","dest":"c17","body":{"in_reply_to":4,"type":"read_ok","value":0}}
2026-02-26 14:05:58,410{GMT}	INFO	[jepsen worker 1] jepsen.util: 1	:ok	:read	[0 0]
2026-02-26 14:05:58,421{GMT}	INFO	[jepsen worker 5] jepsen.util: 5	:invoke	:write	[0 4]
2026-02-26 14:05:58,422{GMT}	INFO	[n0 stderr] maelstrom.process: [2026-02-26T13:05:58.422762Z INFO  maelstrom::runtime] Received {"id":146,"src":"c11","dest":"n0","body":{"key":0,"value":4,"type":"write","msg_id":16}}
2026-02-26 14:05:58,423{GMT}	INFO	[n0 stderr] maelstrom.process: Node  received WRITE: 0=4
2026-02-26 14:05:58,423{GMT}	INFO	[n0 stderr] maelstrom.process: [2026-02-26T13:05:58.423016Z INFO  maelstrom::runtime] Sent {"src":"n0","dest":"c11","body":{"in_reply_to":16,"type":"write_ok"}}
2026-02-26 14:05:58,424{GMT}	INFO	[jepsen worker 5] jepsen.util: 5	:ok	:write	[0 4]
2026-02-26 14:05:58,441{GMT}	INFO	[jepsen worker 3] jepsen.util: 3	:invoke	:read	[0 nil]
2026-02-26 14:05:58,443{GMT}	INFO	[n3 stderr] maelstrom.process: [2026-02-26T13:05:58.443060Z INFO  maelstrom::runtime] Received {"id":148,"src":"c12","dest":"n3","body":{"key":0,"type":"read","msg_id":5}}
2026-02-26 14:05:58,443{GMT}	INFO	[n3 stderr] maelstrom.process: Node  received READ for key 0
2026-02-26 14:05:58,443{GMT}	INFO	[n3 stderr] maelstrom.process: [2026-02-26T13:05:58.443354Z INFO  maelstrom::runtime] Sent {"src":"n3","dest":"c12","body":{"in_reply_to":5,"type":"read_ok","value":0}}
2026-02-26 14:05:58,444{GMT}	INFO	[jepsen worker 3] jepsen.util: 3	:ok	:read	[0 0]
2026-02-26 14:05:58,455{GMT}	INFO	[jepsen worker 4] jepsen.util: 4	:invoke	:read	[0 nil]
2026-02-26 14:05:58,457{GMT}	INFO	[n4 stderr] maelstrom.process: [2026-02-26T13:05:58.457358Z INFO  maelstrom::runtime] Received {"id":150,"src":"c19","dest":"n4","body":{"key":0,"type":"read","msg_id":2}}
2026-02-26 14:05:58,458{GMT}	INFO	[n4 stderr] maelstrom.process: Node  received READ for key 0
2026-02-26 14:05:58,458{GMT}	INFO	[n4 stderr] maelstrom.process: [2026-02-26T13:05:58.457627Z INFO  maelstrom::runtime] Sent {"src":"n4","dest":"c19","body":{"in_reply_to":2,"type":"read_ok","value":0}}
2026-02-26 14:05:58,458{GMT}	INFO	[jepsen worker 4] jepsen.util: 4	:ok	:read	[0 0]
2026-02-26 14:05:58,473{GMT}	INFO	[jepsen worker 5] jepsen.util: 5	:invoke	:cas	[0 [0 3]]
2026-02-26 14:05:58,474{GMT}	INFO	[n0 stderr] maelstrom.process: [2026-02-26T13:05:58.474816Z INFO  maelstrom::runtime] Received {"id":152,"src":"c11","dest":"n0","body":{"key":0,"from":0,"to":3,"type":"cas","msg_id":17}}
2026-02-26 14:05:58,475{GMT}	INFO	[n0 stderr] maelstrom.process: Node  received CAS (not implemented)
2026-02-26 14:05:58,475{GMT}	INFO	[n0 stderr] maelstrom.process: [2026-02-26T13:05:58.475036Z INFO  maelstrom::runtime] Sent {"src":"n0","dest":"c11","body":{"in_reply_to":17,"type":"cas_ok"}}
2026-02-26 14:05:58,475{GMT}	INFO	[jepsen worker 5] jepsen.util: 5	:ok	:cas	[0 [0 3]]
2026-02-26 14:05:58,479{GMT}	INFO	[jepsen worker 0] jepsen.util: 0	:invoke	:read	[0 nil]
2026-02-26 14:05:58,480{GMT}	INFO	[n0 stderr] maelstrom.process: [2026-02-26T13:05:58.480300Z INFO  maelstrom::runtime] Received {"id":154,"src":"c10","dest":"n0","body":{"key":0,"type":"read","msg_id":27}}
2026-02-26 14:05:58,480{GMT}	INFO	[n0 stderr] maelstrom.process: Node  received READ for key 0
2026-02-26 14:05:58,480{GMT}	INFO	[n0 stderr] maelstrom.process: [2026-02-26T13:05:58.480529Z INFO  maelstrom::runtime] Sent {"src":"n0","dest":"c10","body":{"in_reply_to":27,"type":"read_ok","value":0}}
2026-02-26 14:05:58,481{GMT}	INFO	[jepsen worker 0] jepsen.util: 0	:ok	:read	[0 0]
2026-02-26 14:05:58,491{GMT}	INFO	[jepsen worker 0] jepsen.util: 0	:invoke	:read	[0 nil]
2026-02-26 14:05:58,493{GMT}	INFO	[n0 stderr] maelstrom.process: [2026-02-26T13:05:58.492849Z INFO  maelstrom::runtime] Received {"id":156,"src":"c10","dest":"n0","body":{"key":0,"type":"read","msg_id":28}}
2026-02-26 14:05:58,493{GMT}	INFO	[n0 stderr] maelstrom.process: Node  received READ for key 0
2026-02-26 14:05:58,493{GMT}	INFO	[n0 stderr] maelstrom.process: [2026-02-26T13:05:58.493092Z INFO  maelstrom::runtime] Sent {"src":"n0","dest":"c10","body":{"in_reply_to":28,"type":"read_ok","value":0}}
2026-02-26 14:05:58,494{GMT}	INFO	[jepsen worker 0] jepsen.util: 0	:ok	:read	[0 0]
2026-02-26 14:05:58,511{GMT}	INFO	[jepsen worker 8] jepsen.util: 8	:invoke	:write	[0 3]
2026-02-26 14:05:58,512{GMT}	INFO	[n3 stderr] maelstrom.process: [2026-02-26T13:05:58.512427Z INFO  maelstrom::runtime] Received {"id":158,"src":"c14","dest":"n3","body":{"key":0,"value":3,"type":"write","msg_id":6}}
2026-02-26 14:05:58,512{GMT}	INFO	[n3 stderr] maelstrom.process: Node  received WRITE: 0=3
2026-02-26 14:05:58,513{GMT}	INFO	[n3 stderr] maelstrom.process: [2026-02-26T13:05:58.512673Z INFO  maelstrom::runtime] Sent {"src":"n3","dest":"c14","body":{"in_reply_to":6,"type":"write_ok"}}
2026-02-26 14:05:58,513{GMT}	INFO	[jepsen worker 8] jepsen.util: 8	:ok	:write	[0 3]
2026-02-26 14:05:58,523{GMT}	INFO	[jepsen worker 9] jepsen.util: 9	:invoke	:write	[0 3]
2026-02-26 14:05:58,524{GMT}	INFO	[n4 stderr] maelstrom.process: [2026-02-26T13:05:58.524049Z INFO  maelstrom::runtime] Received {"id":160,"src":"c15","dest":"n4","body":{"key":0,"value":3,"type":"write","msg_id":3}}
2026-02-26 14:05:58,524{GMT}	INFO	[n4 stderr] maelstrom.process: Node  received WRITE: 0=3
2026-02-26 14:05:58,524{GMT}	INFO	[n4 stderr] maelstrom.process: [2026-02-26T13:05:58.524266Z INFO  maelstrom::runtime] Sent {"src":"n4","dest":"c15","body":{"in_reply_to":3,"type":"write_ok"}}
2026-02-26 14:05:58,525{GMT}	INFO	[jepsen worker 9] jepsen.util: 9	:ok	:write	[0 3]
2026-02-26 14:05:58,533{GMT}	INFO	[jepsen worker 5] jepsen.util: 5	:invoke	:cas	[0 [1 2]]
2026-02-26 14:05:58,534{GMT}	INFO	[n0 stderr] maelstrom.process: [2026-02-26T13:05:58.534022Z INFO  maelstrom::runtime] Received {"id":162,"src":"c11","dest":"n0","body":{"key":0,"from":1,"to":2,"type":"cas","msg_id":18}}
2026-02-26 14:05:58,534{GMT}	INFO	[n0 stderr] maelstrom.process: Node  received CAS (not implemented)
2026-02-26 14:05:58,534{GMT}	INFO	[n0 stderr] maelstrom.process: [2026-02-26T13:05:58.534299Z INFO  maelstrom::runtime] Sent {"src":"n0","dest":"c11","body":{"in_reply_to":18,"type":"cas_ok"}}
2026-02-26 14:05:58,535{GMT}	INFO	[jepsen worker 5] jepsen.util: 5	:ok	:cas	[0 [1 2]]
2026-02-26 14:05:58,538{GMT}	INFO	[jepsen worker 0] jepsen.util: 0	:invoke	:read	[0 nil]
2026-02-26 14:05:58,539{GMT}	INFO	[n0 stderr] maelstrom.process: [2026-02-26T13:05:58.539293Z INFO  maelstrom::runtime] Received {"id":164,"src":"c10","dest":"n0","body":{"key":0,"type":"read","msg_id":29}}
2026-02-26 14:05:58,540{GMT}	INFO	[n0 stderr] maelstrom.process: Node  received READ for key 0
2026-02-26 14:05:58,540{GMT}	INFO	[n0 stderr] maelstrom.process: [2026-02-26T13:05:58.539588Z INFO  maelstrom::runtime] Sent {"src":"n0","dest":"c10","body":{"in_reply_to":29,"type":"read_ok","value":0}}
2026-02-26 14:05:58,540{GMT}	INFO	[jepsen worker 0] jepsen.util: 0	:ok	:read	[0 0]
2026-02-26 14:05:58,545{GMT}	INFO	[jepsen worker 1] jepsen.util: 1	:invoke	:read	[0 nil]
2026-02-26 14:05:58,547{GMT}	INFO	[n1 stderr] maelstrom.process: [2026-02-26T13:05:58.546926Z INFO  maelstrom::runtime] Received {"id":166,"src":"c17","dest":"n1","body":{"key":0,"type":"read","msg_id":5}}
2026-02-26 14:05:58,547{GMT}	INFO	[n1 stderr] maelstrom.process: Node  received READ for key 0
2026-02-26 14:05:58,547{GMT}	INFO	[n1 stderr] maelstrom.process: [2026-02-26T13:05:58.547157Z INFO  maelstrom::runtime] Sent {"src":"n1","dest":"c17","body":{"in_reply_to":5,"type":"read_ok","value":0}}
2026-02-26 14:05:58,548{GMT}	INFO	[jepsen worker 1] jepsen.util: 1	:ok	:read	[0 0]
2026-02-26 14:05:58,548{GMT}	INFO	[jepsen worker 5] jepsen.util: 5	:invoke	:cas	[0 [3 0]]
2026-02-26 14:05:58,549{GMT}	INFO	[n0 stderr] maelstrom.process: [2026-02-26T13:05:58.549452Z INFO  maelstrom::runtime] Received {"id":168,"src":"c11","dest":"n0","body":{"key":0,"from":3,"to":0,"type":"cas","msg_id":19}}
2026-02-26 14:05:58,550{GMT}	INFO	[n0 stderr] maelstrom.process: Node  received CAS (not implemented)
2026-02-26 14:05:58,550{GMT}	INFO	[n0 stderr] maelstrom.process: [2026-02-26T13:05:58.549700Z INFO  maelstrom::runtime] Sent {"src":"n0","dest":"c11","body":{"in_reply_to":19,"type":"cas_ok"}}
2026-02-26 14:05:58,550{GMT}	INFO	[jepsen worker 5] jepsen.util: 5	:ok	:cas	[0 [3 0]]
2026-02-26 14:05:58,564{GMT}	INFO	[jepsen worker 3] jepsen.util: 3	:invoke	:read	[0 nil]
2026-02-26 14:05:58,566{GMT}	INFO	[n3 stderr] maelstrom.process: [2026-02-26T13:05:58.566037Z INFO  maelstrom::runtime] Received {"id":170,"src":"c12","dest":"n3","body":{"key":0,"type":"read","msg_id":6}}
2026-02-26 14:05:58,566{GMT}	INFO	[n3 stderr] maelstrom.process: Node  received READ for key 0
2026-02-26 14:05:58,566{GMT}	INFO	[n3 stderr] maelstrom.process: [2026-02-26T13:05:58.566326Z INFO  maelstrom::runtime] Sent {"src":"n3","dest":"c12","body":{"in_reply_to":6,"type":"read_ok","value":0}}
2026-02-26 14:05:58,567{GMT}	INFO	[jepsen worker 3] jepsen.util: 3	:ok	:read	[0 0]
2026-02-26 14:05:58,578{GMT}	INFO	[jepsen worker 5] jepsen.util: 5	:invoke	:cas	[0 [2 3]]
2026-02-26 14:05:58,579{GMT}	INFO	[n0 stderr] maelstrom.process: [2026-02-26T13:05:58.579641Z INFO  maelstrom::runtime] Received {"id":172,"src":"c11","dest":"n0","body":{"key":0,"from":2,"to":3,"type":"cas","msg_id":20}}
2026-02-26 14:05:58,580{GMT}	INFO	[n0 stderr] maelstrom.process: Node  received CAS (not implemented)
2026-02-26 14:05:58,580{GMT}	INFO	[n0 stderr] maelstrom.process: [2026-02-26T13:05:58.579913Z INFO  maelstrom::runtime] Sent {"src":"n0","dest":"c11","body":{"in_reply_to":20,"type":"cas_ok"}}
2026-02-26 14:05:58,581{GMT}	INFO	[jepsen worker 5] jepsen.util: 5	:ok	:cas	[0 [2 3]]
2026-02-26 14:05:58,594{GMT}	INFO	[jepsen worker 0] jepsen.util: 0	:invoke	:read	[0 nil]
2026-02-26 14:05:58,595{GMT}	INFO	[n0 stderr] maelstrom.process: [2026-02-26T13:05:58.595183Z INFO  maelstrom::runtime] Received {"id":174,"src":"c10","dest":"n0","body":{"key":0,"type":"read","msg_id":30}}
2026-02-26 14:05:58,595{GMT}	INFO	[n0 stderr] maelstrom.process: Node  received READ for key 0
2026-02-26 14:05:58,595{GMT}	INFO	[n0 stderr] maelstrom.process: [2026-02-26T13:05:58.595414Z INFO  maelstrom::runtime] Sent {"src":"n0","dest":"c10","body":{"in_reply_to":30,"type":"read_ok","value":0}}
2026-02-26 14:05:58,596{GMT}	INFO	[jepsen worker 0] jepsen.util: 0	:ok	:read	[0 0]
2026-02-26 14:05:58,607{GMT}	INFO	[jepsen worker 6] jepsen.util: 6	:invoke	:cas	[0 [1 3]]
2026-02-26 14:05:58,609{GMT}	INFO	[n1 stderr] maelstrom.process: [2026-02-26T13:05:58.608720Z INFO  maelstrom::runtime] Received {"id":176,"src":"c16","dest":"n1","body":{"key":0,"from":1,"to":3,"type":"cas","msg_id":5}}
2026-02-26 14:05:58,609{GMT}	INFO	[n1 stderr] maelstrom.process: Node  received CAS (not implemented)
2026-02-26 14:05:58,609{GMT}	INFO	[n1 stderr] maelstrom.process: [2026-02-26T13:05:58.608920Z INFO  maelstrom::runtime] Sent {"src":"n1","dest":"c16","body":{"in_reply_to":5,"type":"cas_ok"}}
2026-02-26 14:05:58,610{GMT}	INFO	[jepsen worker 6] jepsen.util: 6	:ok	:cas	[0 [1 3]]
2026-02-26 14:05:58,615{GMT}	INFO	[jepsen worker 0] jepsen.util: 0	:invoke	:read	[0 nil]
2026-02-26 14:05:58,616{GMT}	INFO	[n0 stderr] maelstrom.process: [2026-02-26T13:05:58.616817Z INFO  maelstrom::runtime] Received {"id":178,"src":"c10","dest":"n0","body":{"key":0,"type":"read","msg_id":31}}
2026-02-26 14:05:58,617{GMT}	INFO	[n0 stderr] maelstrom.process: Node  received READ for key 0
2026-02-26 14:05:58,617{GMT}	INFO	[n0 stderr] maelstrom.process: [2026-02-26T13:05:58.617022Z INFO  maelstrom::runtime] Sent {"src":"n0","dest":"c10","body":{"in_reply_to":31,"type":"read_ok","value":0}}
2026-02-26 14:05:58,618{GMT}	INFO	[jepsen worker 0] jepsen.util: 0	:ok	:read	[0 0]
2026-02-26 14:05:58,620{GMT}	INFO	[jepsen worker 0] jepsen.util: 0	:invoke	:read	[0 nil]
2026-02-26 14:05:58,621{GMT}	INFO	[n0 stderr] maelstrom.process: [2026-02-26T13:05:58.621241Z INFO  maelstrom::runtime] Received {"id":180,"src":"c10","dest":"n0","body":{"key":0,"type":"read","msg_id":32}}
2026-02-26 14:05:58,621{GMT}	INFO	[n0 stderr] maelstrom.process: Node  received READ for key 0
2026-02-26 14:05:58,621{GMT}	INFO	[n0 stderr] maelstrom.process: [2026-02-26T13:05:58.621448Z INFO  maelstrom::runtime] Sent {"src":"n0","dest":"c10","body":{"in_reply_to":32,"type":"read_ok","value":0}}
2026-02-26 14:05:58,622{GMT}	INFO	[jepsen worker 0] jepsen.util: 0	:ok	:read	[0 0]
2026-02-26 14:05:58,625{GMT}	INFO	[jepsen worker 9] jepsen.util: 9	:invoke	:write	[0 0]
2026-02-26 14:05:58,626{GMT}	INFO	[n4 stderr] maelstrom.process: [2026-02-26T13:05:58.626497Z INFO  maelstrom::runtime] Received {"id":182,"src":"c15","dest":"n4","body":{"key":0,"value":0,"type":"write","msg_id":4}}
2026-02-26 14:05:58,626{GMT}	INFO	[n4 stderr] maelstrom.process: Node  received WRITE: 0=0
2026-02-26 14:05:58,627{GMT}	INFO	[n4 stderr] maelstrom.process: [2026-02-26T13:05:58.626657Z INFO  maelstrom::runtime] Sent {"src":"n4","dest":"c15","body":{"in_reply_to":4,"type":"write_ok"}}
2026-02-26 14:05:58,627{GMT}	INFO	[jepsen worker 9] jepsen.util: 9	:ok	:write	[0 0]
2026-02-26 14:05:58,628{GMT}	INFO	[jepsen worker 0] jepsen.util: 0	:invoke	:read	[0 nil]
2026-02-26 14:05:58,628{GMT}	INFO	[n0 stderr] maelstrom.process: [2026-02-26T13:05:58.628755Z INFO  maelstrom::runtime] Received {"id":184,"src":"c10","dest":"n0","body":{"key":0,"type":"read","msg_id":33}}
2026-02-26 14:05:58,629{GMT}	INFO	[n0 stderr] maelstrom.process: Node  received READ for key 0
2026-02-26 14:05:58,629{GMT}	INFO	[n0 stderr] maelstrom.process: [2026-02-26T13:05:58.628968Z INFO  maelstrom::runtime] Sent {"src":"n0","dest":"c10","body":{"in_reply_to":33,"type":"read_ok","value":0}}
2026-02-26 14:05:58,629{GMT}	INFO	[jepsen worker 0] jepsen.util: 0	:ok	:read	[0 0]
2026-02-26 14:05:58,645{GMT}	INFO	[jepsen worker 0] jepsen.util: 0	:invoke	:read	[0 nil]
2026-02-26 14:05:58,645{GMT}	INFO	[n0 stderr] maelstrom.process: [2026-02-26T13:05:58.645708Z INFO  maelstrom::runtime] Received {"id":186,"src":"c10","dest":"n0","body":{"key":0,"type":"read","msg_id":34}}
2026-02-26 14:05:58,645{GMT}	INFO	[n0 stderr] maelstrom.process: Node  received READ for key 0
2026-02-26 14:05:58,646{GMT}	INFO	[n0 stderr] maelstrom.process: [2026-02-26T13:05:58.645797Z INFO  maelstrom::runtime] Sent {"src":"n0","dest":"c10","body":{"in_reply_to":34,"type":"read_ok","value":0}}
2026-02-26 14:05:58,646{GMT}	INFO	[jepsen worker 0] jepsen.util: 0	:ok	:read	[0 0]
2026-02-26 14:05:58,648{GMT}	INFO	[jepsen worker 5] jepsen.util: 5	:invoke	:write	[0 2]
2026-02-26 14:05:58,649{GMT}	INFO	[n0 stderr] maelstrom.process: [2026-02-26T13:05:58.649317Z INFO  maelstrom::runtime] Received {"id":188,"src":"c11","dest":"n0","body":{"key":0,"value":2,"type":"write","msg_id":21}}
2026-02-26 14:05:58,649{GMT}	INFO	[n0 stderr] maelstrom.process: Node  received WRITE: 0=2
2026-02-26 14:05:58,649{GMT}	INFO	[n0 stderr] maelstrom.process: [2026-02-26T13:05:58.649471Z INFO  maelstrom::runtime] Sent {"src":"n0","dest":"c11","body":{"in_reply_to":21,"type":"write_ok"}}
2026-02-26 14:05:58,649{GMT}	INFO	[jepsen worker 5] jepsen.util: 5	:ok	:write	[0 2]
2026-02-26 14:05:58,658{GMT}	INFO	[jepsen worker 2] jepsen.util: 2	:invoke	:read	[0 nil]
2026-02-26 14:05:58,659{GMT}	INFO	[n2 stderr] maelstrom.process: [2026-02-26T13:05:58.658988Z INFO  maelstrom::runtime] Received {"id":190,"src":"c18","dest":"n2","body":{"key":0,"type":"read","msg_id":5}}
2026-02-26 14:05:58,659{GMT}	INFO	[n2 stderr] maelstrom.process: Node  received READ for key 0
2026-02-26 14:05:58,659{GMT}	INFO	[n2 stderr] maelstrom.process: [2026-02-26T13:05:58.659109Z INFO  maelstrom::runtime] Sent {"src":"n2","dest":"c18","body":{"in_reply_to":5,"type":"read_ok","value":0}}
2026-02-26 14:05:58,659{GMT}	INFO	[jepsen worker 2] jepsen.util: 2	:ok	:read	[0 0]
2026-02-26 14:05:58,666{GMT}	INFO	[jepsen worker 5] jepsen.util: 5	:invoke	:write	[0 1]
2026-02-26 14:05:58,666{GMT}	INFO	[jepsen worker 4] jepsen.util: 4	:invoke	:read	[0 nil]
2026-02-26 14:05:58,666{GMT}	INFO	[n0 stderr] maelstrom.process: [2026-02-26T13:05:58.666619Z INFO  maelstrom::runtime] Received {"id":192,"src":"c11","dest":"n0","body":{"key":0,"value":1,"type":"write","msg_id":22}}
2026-02-26 14:05:58,666{GMT}	INFO	[n0 stderr] maelstrom.process: Node  received WRITE: 0=1
2026-02-26 14:05:58,666{GMT}	INFO	[n0 stderr] maelstrom.process: [2026-02-26T13:05:58.666704Z INFO  maelstrom::runtime] Sent {"src":"n0","dest":"c11","body":{"in_reply_to":22,"type":"write_ok"}}
2026-02-26 14:05:58,667{GMT}	INFO	[jepsen worker 5] jepsen.util: 5	:ok	:write	[0 1]
2026-02-26 14:05:58,667{GMT}	INFO	[n4 stderr] maelstrom.process: [2026-02-26T13:05:58.667071Z INFO  maelstrom::runtime] Received {"id":193,"src":"c19","dest":"n4","body":{"key":0,"type":"read","msg_id":3}}
2026-02-26 14:05:58,667{GMT}	INFO	[n4 stderr] maelstrom.process: Node  received READ for key 0
2026-02-26 14:05:58,667{GMT}	INFO	[n4 stderr] maelstrom.process: [2026-02-26T13:05:58.667173Z INFO  maelstrom::runtime] Sent {"src":"n4","dest":"c19","body":{"in_reply_to":3,"type":"read_ok","value":0}}
2026-02-26 14:05:58,667{GMT}	INFO	[jepsen worker 4] jepsen.util: 4	:ok	:read	[0 0]
2026-02-26 14:05:58,673{GMT}	INFO	[jepsen worker 5] jepsen.util: 5	:invoke	:cas	[0 [4 3]]
2026-02-26 14:05:58,673{GMT}	INFO	[n0 stderr] maelstrom.process: [2026-02-26T13:05:58.673767Z INFO  maelstrom::runtime] Received {"id":196,"src":"c11","dest":"n0","body":{"key":0,"from":4,"to":3,"type":"cas","msg_id":23}}
2026-02-26 14:05:58,673{GMT}	INFO	[n0 stderr] maelstrom.process: Node  received CAS (not implemented)
2026-02-26 14:05:58,674{GMT}	INFO	[n0 stderr] maelstrom.process: [2026-02-26T13:05:58.673862Z INFO  maelstrom::runtime] Sent {"src":"n0","dest":"c11","body":{"in_reply_to":23,"type":"cas_ok"}}
2026-02-26 14:05:58,674{GMT}	INFO	[jepsen worker 5] jepsen.util: 5	:ok	:cas	[0 [4 3]]
2026-02-26 14:05:58,681{GMT}	INFO	[jepsen test runner] jepsen.core: Run complete, writing
2026-02-26 14:05:58,717{GMT}	INFO	[jepsen node n1] maelstrom.db: Tearing down n1
2026-02-26 14:05:58,717{GMT}	INFO	[jepsen node n0] maelstrom.db: Tearing down n0
2026-02-26 14:05:58,717{GMT}	INFO	[jepsen node n2] maelstrom.db: Tearing down n2
2026-02-26 14:05:58,718{GMT}	INFO	[jepsen node n3] maelstrom.db: Tearing down n3
2026-02-26 14:05:58,718{GMT}	INFO	[jepsen node n4] maelstrom.db: Tearing down n4
2026-02-26 14:06:00,651{GMT}	INFO	[jepsen node n0] maelstrom.net: Shutting down Maelstrom network
2026-02-26 14:06:00,652{GMT}	INFO	[jepsen test runner] jepsen.core: Analyzing...
2026-02-26 14:06:00,753{GMT}	WARN	[clojure-agent-send-off-pool-6] jepsen.checker: Error rendering linearizability analysis
java.lang.AssertionError: Assert failed: Expected index but got nil for op #knossos.op.Op{:process nil, :type nil, :f nil, :value nil, :index nil}
i
	at knossos.linear.report$time_coords$fn__10900.invoke(report.clj:184)
	at clojure.core$map$fn__5954.invoke(core.clj:2770)
	at clojure.lang.LazySeq.force(LazySeq.java:50)
	at clojure.lang.LazySeq.realize(LazySeq.java:89)
	at clojure.lang.LazySeq.seq(LazySeq.java:106)
	at clojure.lang.RT.seq(RT.java:555)
	at clojure.core$seq__5486.invokeStatic(core.clj:139)
	at clojure.core.protocols$seq_reduce.invokeStatic(protocols.clj:24)
	at clojure.core.protocols$fn__8262.invokeStatic(protocols.clj:74)
	at clojure.core.protocols$fn__8262.invoke(protocols.clj:74)
	at clojure.core.protocols$fn__8203$G__8198__8216.invoke(protocols.clj:13)
	at clojure.core$reduce.invokeStatic(core.clj:6965)
	at clojure.core$into.invokeStatic(core.clj:7038)
	at clojure.core$into.invoke(core.clj:7029)
	at knossos.linear.report$time_coords.invokeStatic(report.clj:194)
	at knossos.linear.report$time_coords.invoke(report.clj:177)
	at knossos.linear.report$learnings.invokeStatic(report.clj:442)
	at knossos.linear.report$learnings.invoke(report.clj:422)
	at knossos.linear.report$render_analysis_BANG_.invokeStatic(report.clj:654)
	at knossos.linear.report$render_analysis_BANG_.invoke(report.clj:649)
	at jepsen.checker$linearizable$reify__11134$fn__11136.invoke(checker.clj:226)
	at jepsen.checker$linearizable$reify__11134.check(checker.clj:224)
	at jepsen.checker$check_safe.invokeStatic(checker.clj:88)
	at jepsen.checker$check_safe.invoke(checker.clj:80)
	at jepsen.checker$compose$reify__11089$fn__11091.invoke(checker.clj:104)
	at clojure.core$pmap$fn__8582$fn__8583.invoke(core.clj:7169)
	at clojure.core$binding_conveyor_fn$fn__5842.invoke(core.clj:2047)
	at clojure.lang.AFn.call(AFn.java:18)
	at java.base/java.util.concurrent.FutureTask.run(FutureTask.java:328)
	at java.base/java.util.concurrent.ThreadPoolExecutor.runWorker(ThreadPoolExecutor.java:1090)
	at java.base/java.util.concurrent.ThreadPoolExecutor$Worker.run(ThreadPoolExecutor.java:614)
	at java.base/java.lang.Thread.run(Thread.java:1474)
2026-02-26 14:06:00,790{GMT}	INFO	[clojure-agent-send-pool-0] jepsen.independent: Wrote /home/tim/Work/ID2203/omnipaxos-kv-main/store/lin-kv/20260226T140556.529+0100/independent/0/results.edn
2026-02-26 14:06:00,800{GMT}	INFO	[clojure-agent-send-pool-0] jepsen.independent: Wrote /home/tim/Work/ID2203/omnipaxos-kv-main/store/lin-kv/20260226T140556.529+0100/independent/0/history.edn
2026-02-26 14:06:00,922{GMT}	INFO	[jepsen test runner] jepsen.core: Analysis complete
2026-02-26 14:06:00,935{GMT}	INFO	[jepsen results] jepsen.store: Wrote /home/tim/Work/ID2203/omnipaxos-kv-main/store/lin-kv/20260226T140556.529+0100/results.edn
2026-02-26 14:06:00,950{GMT}	INFO	[jepsen test runner] jepsen.core: {:perf {:latency-graph {:valid? true},
        :rate-graph {:valid? true},
        :valid? true},
 :timeline {:valid? true},
 :exceptions {:valid? true},
 :stats {:valid? true,
         :count 94,
         :ok-count 94,
         :fail-count 0,
         :info-count 0,
         :by-f {:cas {:valid? true,
                      :count 19,
                      :ok-count 19,
                      :fail-count 0,
                      :info-count 0},
                :read {:valid? true,
                       :count 53,
                       :ok-count 53,
                       :fail-count 0,
                       :info-count 0},
                :write {:valid? true,
                        :count 22,
                        :ok-count 22,
                        :fail-count 0,
                        :info-count 0}}},
 :availability {:valid? true, :ok-fraction 1.0},
 :net {:all {:send-count 198,
             :recv-count 198,
             :msg-count 198,
             :msgs-per-op 2.106383},
       :clients {:send-count 198, :recv-count 198, :msg-count 198},
       :servers {:send-count 0,
                 :recv-count 0,
                 :msg-count 0,
                 :msgs-per-op 0.0},
       :valid? true},
 :workload {:valid? false,
            :results {0 {:linearizable {:valid? false,
                                        :configs ({:model #knossos.model.CASRegister{:value nil},
                                                   :last-op nil,
                                                   :pending [{:process 0,
                                                              :type :invoke,
                                                              :f :read,
                                                              :value 0,
                                                              :index 0,
                                                              :time 13847610}]}),
                                        :final-paths ([{:op nil,
                                                        :model #knossos.model.CASRegister{:value nil}}
                                                       {:op {:process 0,
                                                             :type :ok,
                                                             :f :read,
                                                             :value 0,
                                                             :index 1,
                                                             :time 23314875},
                                                        :model #knossos.model.Inconsistent{:msg "can't read 0 from register "}}]),
                                        :previous-ok nil,
                                        :last-op nil,
                                        :op {:process 0,
                                             :type :ok,
                                             :f :read,
                                             :value 0,
                                             :index 1,
                                             :time 23314875}},
                         :timeline {:valid? true},
                         :valid? false}},
            :failures [0]},
 :valid? false}


Analysis invalid! (ﾉಥ益ಥ）ﾉ ┻━┻
