2026-02-26 12:54:25,522{GMT}	INFO	[jepsen test runner] jepsen.core: Test version cae4e7ea62e897578bc7cb05acf3c5d06f2c031e (plus uncommitted changes)
2026-02-26 12:54:25,523{GMT}	INFO	[jepsen test runner] jepsen.core: Command line:
lein run test -w lin-kv --bin target/release/shim --node-count 5 --concurrency 2n --time-limit 1 --rate 100 --log-stderr
2026-02-26 12:54:25,576{GMT}	INFO	[jepsen test runner] jepsen.core: Running test:
{:args []
 :remote
 #jepsen.control.retry.Remote{:remote #jepsen.control.scp.Remote{:cmd-remote #jepsen.control.sshj.SSHJRemote{:concurrency-limit 6,
                                                                                                             :conn-spec nil,
                                                                                                             :client nil,
                                                                                                             :semaphore nil},
                                                                 :conn-spec nil},
                              :conn nil}
 :log-net-send false
 :node-count 5
 :availability nil
 :max-txn-length 4
 :concurrency 10
 :db
 #object[maelstrom.db$db$reify__16612
         "0x4ebf82d9"
         "maelstrom.db$db$reify__16612@4ebf82d9"]
 :max-writes-per-key 16
 :leave-db-running? false
 :name "lin-kv"
 :logging-json? false
 :start-time
 #object[org.joda.time.DateTime "0x7d26b390" "2026-02-26T12:54:25.503+01:00"]
 :nemesis-interval 10
 :net
 #object[maelstrom.net$jepsen_net$reify__15721
         "0x6ff5eeed"
         "maelstrom.net$jepsen_net$reify__15721@6ff5eeed"]
 :client
 #object[maelstrom.workload.lin_kv$client$reify__20973
         "0x76b49d0"
         "maelstrom.workload.lin_kv$client$reify__20973@76b49d0"]
 :barrier
 #object[java.util.concurrent.CyclicBarrier
         "0x223c42b0"
         "java.util.concurrent.CyclicBarrier@223c42b0"]
 :log-stderr true
 :pure-generators true
 :ssh {:dummy? true}
 :rate 100.0
 :checker
 #object[jepsen.checker$compose$reify__11089
         "0x6acedf54"
         "jepsen.checker$compose$reify__11089@6acedf54"]
 :argv
 ("test"
  "-w"
  "lin-kv"
  "--bin"
  "target/release/shim"
  "--node-count"
  "5"
  "--concurrency"
  "2n"
  "--time-limit"
  "1"
  "--rate"
  "100"
  "--log-stderr")
 :nemesis
 (jepsen.nemesis.ReflCompose
  {:fm {:start-partition 0,
        :stop-partition 0,
        :kill 1,
        :start 1,
        :pause 1,
        :resume 1},
   :nemeses [#unprintable "jepsen.nemesis.combined$partition_nemesis$reify__16905@2a0cc666"
             #unprintable "jepsen.nemesis.combined$db_nemesis$reify__16886@77f43f3e"]})
 :nodes ["n0" "n1" "n2" "n3" "n4"]
 :test-count 1
 :latency {:mean 0, :dist :constant}
 :bin "target/release/shim"
 :generator
 #object[jepsen.util.Forgettable
         "0x67a6f2c4"
         (jepsen.generator.TimeLimit
          {:limit 1000000000,
           :cutoff nil,
           :gen (jepsen.generator.Any
                 {:gens [(jepsen.generator.OnThreads
                          {:f #{:nemesis},
                           :context-filter #object[jepsen.generator.context$make_thread_filter$lazy_filter__12077
                                                   "0x36e23af"
                                                   "jepsen.generator.context$make_thread_filter$lazy_filter__12077@36e23af"],
                           :gen nil})
                         (jepsen.generator.OnThreads
                          {:f #jepsen.generator.context.AllBut{:element :nemesis},
                           :context-filter #object[jepsen.generator.context$make_thread_filter$lazy_filter__12077
                                                   "0x5e4a9c16"
                                                   "jepsen.generator.context$make_thread_filter$lazy_filter__12077@5e4a9c16"],
                           :gen (jepsen.generator.Stagger
                                 {:dt 20000000,
                                  :next-time nil,
                                  :gen (jepsen.generator.OnThreads
                                        {:f #jepsen.generator.context.AllBut{:element :nemesis},
                                         :context-filter #object[jepsen.generator.context$make_thread_filter$lazy_filter__12077
                                                                 "0x544ee437"
                                                                 "jepsen.generator.context$make_thread_filter$lazy_filter__12077@544ee437"],
                                         :gen (jepsen.independent.ConcurrentGenerator
                                               {:n 10,
                                                :fgen #object[jepsen.tests.linearizable_register$test$fn__17385
                                                              "0xffd26d1"
                                                              "jepsen.tests.linearizable_register$test$fn__17385@ffd26d1"],
                                                :group->threads nil,
                                                :thread->group nil,
                                                :group->context-filter nil,
                                                :keys (0 1 2 3 4 5 6 7 ...),
                                                :gens nil})})})})]})})]
 :log-net-recv false
 :os
 #object[maelstrom.net$jepsen_os$reify__15724
         "0x775c865f"
         "maelstrom.net$jepsen_os$reify__15724@775c865f"]
 :time-limit 1
 :workload :lin-kv
 :consistency-models [:strict-serializable]
 :topology :grid}

2026-02-26 12:54:26,645{GMT}	INFO	[jepsen node n0] maelstrom.net: Starting Maelstrom network
2026-02-26 12:54:26,646{GMT}	INFO	[jepsen test runner] jepsen.db: Tearing down DB
2026-02-26 12:54:26,648{GMT}	INFO	[jepsen test runner] jepsen.db: Setting up DB
2026-02-26 12:54:26,648{GMT}	INFO	[jepsen node n2] maelstrom.db: Setting up n2
2026-02-26 12:54:26,648{GMT}	INFO	[jepsen node n4] maelstrom.db: Setting up n4
2026-02-26 12:54:26,648{GMT}	INFO	[jepsen node n1] maelstrom.db: Setting up n1
2026-02-26 12:54:26,648{GMT}	INFO	[jepsen node n3] maelstrom.db: Setting up n3
2026-02-26 12:54:26,649{GMT}	INFO	[jepsen node n2] maelstrom.process: launching target/release/shim []
2026-02-26 12:54:26,649{GMT}	INFO	[jepsen node n1] maelstrom.process: launching target/release/shim []
2026-02-26 12:54:26,649{GMT}	INFO	[jepsen node n3] maelstrom.process: launching target/release/shim []
2026-02-26 12:54:26,649{GMT}	INFO	[jepsen node n4] maelstrom.process: launching target/release/shim []
2026-02-26 12:54:26,650{GMT}	INFO	[jepsen node n0] maelstrom.service: Starting services: (lin-kv lin-tso lww-kv seq-kv)
2026-02-26 12:54:26,653{GMT}	INFO	[jepsen node n0] maelstrom.db: Setting up n0
2026-02-26 12:54:26,655{GMT}	INFO	[jepsen node n0] maelstrom.process: launching target/release/shim []
2026-02-26 12:54:26,666{GMT}	INFO	[n4 stderr] maelstrom.process: Initializing with 0 nodes: ""
2026-02-26 12:54:26,667{GMT}	INFO	[n1 stderr] maelstrom.process: Initializing with 0 nodes: ""
2026-02-26 12:54:26,666{GMT}	INFO	[n3 stderr] maelstrom.process: Initializing with 0 nodes: ""
2026-02-26 12:54:26,667{GMT}	INFO	[n2 stderr] maelstrom.process: Initializing with 0 nodes: ""
2026-02-26 12:54:26,667{GMT}	INFO	[n0 stderr] maelstrom.process: Initializing with 0 nodes: ""
2026-02-26 12:54:26,682{GMT}	INFO	[n3 stderr] maelstrom.process: [2026-02-26T11:54:26.681418Z INFO  maelstrom::runtime] Received {"id":2,"src":"c1","dest":"n3","body":{"type":"init","node_id":"n3","node_ids":["n0","n1","n2","n3","n4"],"msg_id":1}}
2026-02-26 12:54:26,684{GMT}	INFO	[n3 stderr] maelstrom.process: [2026-02-26T11:54:26.683101Z INFO  maelstrom::runtime] Sent {"src":"n3","dest":"c1","body":{"in_reply_to":1,"type":"init_ok"}}
2026-02-26 12:54:26,682{GMT}	INFO	[n0 stderr] maelstrom.process: [2026-02-26T11:54:26.681344Z INFO  maelstrom::runtime] Received {"id":4,"src":"c4","dest":"n0","body":{"type":"init","node_id":"n0","node_ids":["n0","n1","n2","n3","n4"],"msg_id":1}}
2026-02-26 12:54:26,682{GMT}	INFO	[n4 stderr] maelstrom.process: [2026-02-26T11:54:26.681335Z INFO  maelstrom::runtime] Received {"id":1,"src":"c0","dest":"n4","body":{"type":"init","node_id":"n4","node_ids":["n0","n1","n2","n3","n4"],"msg_id":1}}
2026-02-26 12:54:26,683{GMT}	INFO	[n2 stderr] maelstrom.process: [2026-02-26T11:54:26.682705Z INFO  maelstrom::runtime] Received {"id":0,"src":"c2","dest":"n2","body":{"type":"init","node_id":"n2","node_ids":["n0","n1","n2","n3","n4"],"msg_id":1}}
2026-02-26 12:54:26,683{GMT}	INFO	[n1 stderr] maelstrom.process: [2026-02-26T11:54:26.681334Z INFO  maelstrom::runtime] Received {"id":3,"src":"c3","dest":"n1","body":{"type":"init","node_id":"n1","node_ids":["n0","n1","n2","n3","n4"],"msg_id":1}}
2026-02-26 12:54:26,685{GMT}	INFO	[n4 stderr] maelstrom.process: [2026-02-26T11:54:26.682109Z INFO  maelstrom::runtime] Sent {"src":"n4","dest":"c0","body":{"in_reply_to":1,"type":"init_ok"}}
2026-02-26 12:54:26,685{GMT}	INFO	[n0 stderr] maelstrom.process: [2026-02-26T11:54:26.682814Z INFO  maelstrom::runtime] Sent {"src":"n0","dest":"c4","body":{"in_reply_to":1,"type":"init_ok"}}
2026-02-26 12:54:26,685{GMT}	INFO	[n2 stderr] maelstrom.process: [2026-02-26T11:54:26.683185Z INFO  maelstrom::runtime] Sent {"src":"n2","dest":"c2","body":{"in_reply_to":1,"type":"init_ok"}}
2026-02-26 12:54:26,686{GMT}	INFO	[n1 stderr] maelstrom.process: [2026-02-26T11:54:26.683905Z INFO  maelstrom::runtime] Sent {"src":"n1","dest":"c3","body":{"in_reply_to":1,"type":"init_ok"}}
2026-02-26 12:54:26,698{GMT}	INFO	[jepsen test runner] jepsen.core: Relative time begins now
2026-02-26 12:54:26,720{GMT}	INFO	[jepsen worker 0] jepsen.util: 0	:invoke	:read	[0 nil]
2026-02-26 12:54:26,721{GMT}	INFO	[jepsen worker 5] jepsen.util: 5	:invoke	:write	[0 2]
2026-02-26 12:54:26,722{GMT}	INFO	[n0 stderr] maelstrom.process: [2026-02-26T11:54:26.722534Z INFO  maelstrom::runtime] Received {"id":10,"src":"c10","dest":"n0","body":{"key":0,"type":"read","msg_id":1}}
2026-02-26 12:54:26,723{GMT}	INFO	[n0 stderr] maelstrom.process: Node  received READ for key 0
2026-02-26 12:54:26,723{GMT}	INFO	[n0 stderr] maelstrom.process: [2026-02-26T11:54:26.722644Z INFO  maelstrom::runtime] Sent {"src":"n0","dest":"c10","body":{"in_reply_to":1,"type":"read_ok","value":0}}
2026-02-26 12:54:26,723{GMT}	INFO	[n0 stderr] maelstrom.process: [2026-02-26T11:54:26.722702Z INFO  maelstrom::runtime] Received {"id":11,"src":"c11","dest":"n0","body":{"key":0,"value":2,"type":"write","msg_id":1}}
2026-02-26 12:54:26,723{GMT}	INFO	[n0 stderr] maelstrom.process: Node  received WRITE: 0=2
2026-02-26 12:54:26,723{GMT}	INFO	[jepsen worker 0] jepsen.util: 0	:ok	:read	[0 0]
2026-02-26 12:54:26,723{GMT}	INFO	[n0 stderr] maelstrom.process: [2026-02-26T11:54:26.722745Z INFO  maelstrom::runtime] Sent {"src":"n0","dest":"c11","body":{"in_reply_to":1,"type":"write_ok"}}
2026-02-26 12:54:26,723{GMT}	INFO	[jepsen worker 5] jepsen.util: 5	:ok	:write	[0 2]
2026-02-26 12:54:26,733{GMT}	INFO	[jepsen worker 2] jepsen.util: 2	:invoke	:read	[0 nil]
2026-02-26 12:54:26,738{GMT}	INFO	[n2 stderr] maelstrom.process: [2026-02-26T11:54:26.737991Z INFO  maelstrom::runtime] Received {"id":14,"src":"c12","dest":"n2","body":{"key":0,"type":"read","msg_id":1}}
2026-02-26 12:54:26,738{GMT}	INFO	[jepsen worker 5] jepsen.util: 5	:invoke	:cas	[0 [0 3]]
2026-02-26 12:54:26,738{GMT}	INFO	[n2 stderr] maelstrom.process: Node  received READ for key 0
2026-02-26 12:54:26,738{GMT}	INFO	[n2 stderr] maelstrom.process: [2026-02-26T11:54:26.738180Z INFO  maelstrom::runtime] Sent {"src":"n2","dest":"c12","body":{"in_reply_to":1,"type":"read_ok","value":0}}
2026-02-26 12:54:26,739{GMT}	INFO	[jepsen worker 2] jepsen.util: 2	:ok	:read	[0 0]
2026-02-26 12:54:26,741{GMT}	INFO	[n0 stderr] maelstrom.process: [2026-02-26T11:54:26.740974Z INFO  maelstrom::runtime] Received {"id":16,"src":"c11","dest":"n0","body":{"key":0,"from":0,"to":3,"type":"cas","msg_id":2}}
2026-02-26 12:54:26,743{GMT}	INFO	[n0 stderr] maelstrom.process: Node  received CAS (not implemented)
2026-02-26 12:54:26,743{GMT}	INFO	[n0 stderr] maelstrom.process: [2026-02-26T11:54:26.741306Z INFO  maelstrom::runtime] Sent {"src":"n0","dest":"c11","body":{"in_reply_to":2,"type":"cas_ok"}}
2026-02-26 12:54:26,743{GMT}	INFO	[jepsen worker 5] jepsen.util: 5	:ok	:cas	[0 [0 3]]
2026-02-26 12:54:26,758{GMT}	INFO	[jepsen worker 4] jepsen.util: 4	:invoke	:read	[0 nil]
2026-02-26 12:54:26,759{GMT}	INFO	[jepsen worker 0] jepsen.util: 0	:invoke	:read	[0 nil]
2026-02-26 12:54:26,761{GMT}	INFO	[n0 stderr] maelstrom.process: [2026-02-26T11:54:26.760953Z INFO  maelstrom::runtime] Received {"id":19,"src":"c10","dest":"n0","body":{"key":0,"type":"read","msg_id":2}}
2026-02-26 12:54:26,762{GMT}	INFO	[n4 stderr] maelstrom.process: [2026-02-26T11:54:26.762189Z INFO  maelstrom::runtime] Received {"id":18,"src":"c13","dest":"n4","body":{"key":0,"type":"read","msg_id":1}}
2026-02-26 12:54:26,763{GMT}	INFO	[n0 stderr] maelstrom.process: Node  received READ for key 0
2026-02-26 12:54:26,763{GMT}	INFO	[n4 stderr] maelstrom.process: Node  received READ for key 0
2026-02-26 12:54:26,763{GMT}	INFO	[n0 stderr] maelstrom.process: [2026-02-26T11:54:26.761114Z INFO  maelstrom::runtime] Sent {"src":"n0","dest":"c10","body":{"in_reply_to":2,"type":"read_ok","value":0}}
2026-02-26 12:54:26,763{GMT}	INFO	[n4 stderr] maelstrom.process: [2026-02-26T11:54:26.762472Z INFO  maelstrom::runtime] Sent {"src":"n4","dest":"c13","body":{"in_reply_to":1,"type":"read_ok","value":0}}
2026-02-26 12:54:26,764{GMT}	INFO	[jepsen worker 0] jepsen.util: 0	:ok	:read	[0 0]
2026-02-26 12:54:26,764{GMT}	INFO	[jepsen worker 4] jepsen.util: 4	:ok	:read	[0 0]
2026-02-26 12:54:26,774{GMT}	INFO	[jepsen worker 6] jepsen.util: 6	:invoke	:write	[0 4]
2026-02-26 12:54:26,780{GMT}	INFO	[n1 stderr] maelstrom.process: [2026-02-26T11:54:26.779234Z INFO  maelstrom::runtime] Received {"id":22,"src":"c14","dest":"n1","body":{"key":0,"value":4,"type":"write","msg_id":1}}
2026-02-26 12:54:26,780{GMT}	INFO	[n1 stderr] maelstrom.process: Node  received WRITE: 0=4
2026-02-26 12:54:26,781{GMT}	INFO	[n1 stderr] maelstrom.process: [2026-02-26T11:54:26.779629Z INFO  maelstrom::runtime] Sent {"src":"n1","dest":"c14","body":{"in_reply_to":1,"type":"write_ok"}}
2026-02-26 12:54:26,781{GMT}	INFO	[jepsen worker 6] jepsen.util: 6	:ok	:write	[0 4]
2026-02-26 12:54:26,781{GMT}	INFO	[jepsen worker 7] jepsen.util: 7	:invoke	:write	[0 0]
2026-02-26 12:54:26,785{GMT}	INFO	[n2 stderr] maelstrom.process: [2026-02-26T11:54:26.784471Z INFO  maelstrom::runtime] Received {"id":24,"src":"c15","dest":"n2","body":{"key":0,"value":0,"type":"write","msg_id":1}}
2026-02-26 12:54:26,786{GMT}	INFO	[n2 stderr] maelstrom.process: Node  received WRITE: 0=0
2026-02-26 12:54:26,786{GMT}	INFO	[n2 stderr] maelstrom.process: [2026-02-26T11:54:26.784813Z INFO  maelstrom::runtime] Sent {"src":"n2","dest":"c15","body":{"in_reply_to":1,"type":"write_ok"}}
2026-02-26 12:54:26,787{GMT}	INFO	[jepsen worker 7] jepsen.util: 7	:ok	:write	[0 0]
2026-02-26 12:54:26,796{GMT}	INFO	[jepsen worker 8] jepsen.util: 8	:invoke	:cas	[0 [3 3]]
2026-02-26 12:54:26,802{GMT}	INFO	[n3 stderr] maelstrom.process: [2026-02-26T11:54:26.801718Z INFO  maelstrom::runtime] Received {"id":26,"src":"c16","dest":"n3","body":{"key":0,"from":3,"to":3,"type":"cas","msg_id":1}}
2026-02-26 12:54:26,802{GMT}	INFO	[n3 stderr] maelstrom.process: Node  received CAS (not implemented)
2026-02-26 12:54:26,803{GMT}	INFO	[n3 stderr] maelstrom.process: [2026-02-26T11:54:26.802085Z INFO  maelstrom::runtime] Sent {"src":"n3","dest":"c16","body":{"in_reply_to":1,"type":"cas_ok"}}
2026-02-26 12:54:26,803{GMT}	INFO	[jepsen worker 8] jepsen.util: 8	:ok	:cas	[0 [3 3]]
2026-02-26 12:54:26,809{GMT}	INFO	[jepsen worker 0] jepsen.util: 0	:invoke	:read	[0 nil]
2026-02-26 12:54:26,813{GMT}	INFO	[n0 stderr] maelstrom.process: [2026-02-26T11:54:26.812997Z INFO  maelstrom::runtime] Received {"id":28,"src":"c10","dest":"n0","body":{"key":0,"type":"read","msg_id":3}}
2026-02-26 12:54:26,814{GMT}	INFO	[n0 stderr] maelstrom.process: Node  received READ for key 0
2026-02-26 12:54:26,815{GMT}	INFO	[jepsen worker 0] jepsen.util: 0	:ok	:read	[0 0]
2026-02-26 12:54:26,816{GMT}	INFO	[n0 stderr] maelstrom.process: [2026-02-26T11:54:26.813222Z INFO  maelstrom::runtime] Sent {"src":"n0","dest":"c10","body":{"in_reply_to":3,"type":"read_ok","value":0}}
2026-02-26 12:54:26,819{GMT}	INFO	[jepsen worker 0] jepsen.util: 0	:invoke	:read	[0 nil]
2026-02-26 12:54:26,821{GMT}	INFO	[n0 stderr] maelstrom.process: [2026-02-26T11:54:26.821146Z INFO  maelstrom::runtime] Received {"id":30,"src":"c10","dest":"n0","body":{"key":0,"type":"read","msg_id":4}}
2026-02-26 12:54:26,823{GMT}	INFO	[n0 stderr] maelstrom.process: Node  received READ for key 0
2026-02-26 12:54:26,823{GMT}	INFO	[jepsen worker 0] jepsen.util: 0	:ok	:read	[0 0]
2026-02-26 12:54:26,824{GMT}	INFO	[n0 stderr] maelstrom.process: [2026-02-26T11:54:26.821324Z INFO  maelstrom::runtime] Sent {"src":"n0","dest":"c10","body":{"in_reply_to":4,"type":"read_ok","value":0}}
2026-02-26 12:54:26,825{GMT}	INFO	[jepsen worker 0] jepsen.util: 0	:invoke	:read	[0 nil]
2026-02-26 12:54:26,828{GMT}	INFO	[n0 stderr] maelstrom.process: [2026-02-26T11:54:26.827269Z INFO  maelstrom::runtime] Received {"id":32,"src":"c10","dest":"n0","body":{"key":0,"type":"read","msg_id":5}}
2026-02-26 12:54:26,829{GMT}	INFO	[n0 stderr] maelstrom.process: Node  received READ for key 0
2026-02-26 12:54:26,830{GMT}	INFO	[n0 stderr] maelstrom.process: [2026-02-26T11:54:26.827779Z INFO  maelstrom::runtime] Sent {"src":"n0","dest":"c10","body":{"in_reply_to":5,"type":"read_ok","value":0}}
2026-02-26 12:54:26,830{GMT}	INFO	[jepsen worker 0] jepsen.util: 0	:ok	:read	[0 0]
2026-02-26 12:54:26,831{GMT}	INFO	[jepsen worker 1] jepsen.util: 1	:invoke	:read	[0 nil]
2026-02-26 12:54:26,834{GMT}	INFO	[n1 stderr] maelstrom.process: [2026-02-26T11:54:26.833635Z INFO  maelstrom::runtime] Received {"id":34,"src":"c17","dest":"n1","body":{"key":0,"type":"read","msg_id":1}}
2026-02-26 12:54:26,835{GMT}	INFO	[n1 stderr] maelstrom.process: Node  received READ for key 0
2026-02-26 12:54:26,836{GMT}	INFO	[jepsen worker 1] jepsen.util: 1	:ok	:read	[0 0]
2026-02-26 12:54:26,836{GMT}	INFO	[n1 stderr] maelstrom.process: [2026-02-26T11:54:26.833943Z INFO  maelstrom::runtime] Sent {"src":"n1","dest":"c17","body":{"in_reply_to":1,"type":"read_ok","value":0}}
2026-02-26 12:54:26,848{GMT}	INFO	[jepsen worker 2] jepsen.util: 2	:invoke	:read	[0 nil]
2026-02-26 12:54:26,849{GMT}	INFO	[n2 stderr] maelstrom.process: [2026-02-26T11:54:26.848938Z INFO  maelstrom::runtime] Received {"id":36,"src":"c12","dest":"n2","body":{"key":0,"type":"read","msg_id":2}}
2026-02-26 12:54:26,849{GMT}	INFO	[n2 stderr] maelstrom.process: Node  received READ for key 0
2026-02-26 12:54:26,849{GMT}	INFO	[n2 stderr] maelstrom.process: [2026-02-26T11:54:26.849041Z INFO  maelstrom::runtime] Sent {"src":"n2","dest":"c12","body":{"in_reply_to":2,"type":"read_ok","value":0}}
2026-02-26 12:54:26,849{GMT}	INFO	[jepsen worker 2] jepsen.util: 2	:ok	:read	[0 0]
2026-02-26 12:54:26,857{GMT}	INFO	[jepsen worker 5] jepsen.util: 5	:invoke	:cas	[0 [1 4]]
2026-02-26 12:54:26,858{GMT}	INFO	[n0 stderr] maelstrom.process: [2026-02-26T11:54:26.858663Z INFO  maelstrom::runtime] Received {"id":38,"src":"c11","dest":"n0","body":{"key":0,"from":1,"to":4,"type":"cas","msg_id":3}}
2026-02-26 12:54:26,859{GMT}	INFO	[n0 stderr] maelstrom.process: Node  received CAS (not implemented)
2026-02-26 12:54:26,859{GMT}	INFO	[n0 stderr] maelstrom.process: [2026-02-26T11:54:26.858754Z INFO  maelstrom::runtime] Sent {"src":"n0","dest":"c11","body":{"in_reply_to":3,"type":"cas_ok"}}
2026-02-26 12:54:26,859{GMT}	INFO	[jepsen worker 5] jepsen.util: 5	:ok	:cas	[0 [1 4]]
2026-02-26 12:54:26,861{GMT}	INFO	[jepsen worker 4] jepsen.util: 4	:invoke	:read	[0 nil]
2026-02-26 12:54:26,862{GMT}	INFO	[n4 stderr] maelstrom.process: [2026-02-26T11:54:26.862550Z INFO  maelstrom::runtime] Received {"id":40,"src":"c13","dest":"n4","body":{"key":0,"type":"read","msg_id":2}}
2026-02-26 12:54:26,862{GMT}	INFO	[n4 stderr] maelstrom.process: Node  received READ for key 0
2026-02-26 12:54:26,862{GMT}	INFO	[n4 stderr] maelstrom.process: [2026-02-26T11:54:26.862615Z INFO  maelstrom::runtime] Sent {"src":"n4","dest":"c13","body":{"in_reply_to":2,"type":"read_ok","value":0}}
2026-02-26 12:54:26,863{GMT}	INFO	[jepsen worker 4] jepsen.util: 4	:ok	:read	[0 0]
2026-02-26 12:54:26,873{GMT}	INFO	[jepsen worker 5] jepsen.util: 5	:invoke	:write	[0 1]
2026-02-26 12:54:26,877{GMT}	INFO	[n0 stderr] maelstrom.process: [2026-02-26T11:54:26.876483Z INFO  maelstrom::runtime] Received {"id":42,"src":"c11","dest":"n0","body":{"key":0,"value":1,"type":"write","msg_id":4}}
2026-02-26 12:54:26,878{GMT}	INFO	[n0 stderr] maelstrom.process: Node  received WRITE: 0=1
2026-02-26 12:54:26,878{GMT}	INFO	[n0 stderr] maelstrom.process: [2026-02-26T11:54:26.876919Z INFO  maelstrom::runtime] Sent {"src":"n0","dest":"c11","body":{"in_reply_to":4,"type":"write_ok"}}
2026-02-26 12:54:26,878{GMT}	INFO	[jepsen worker 5] jepsen.util: 5	:ok	:write	[0 1]
2026-02-26 12:54:26,884{GMT}	INFO	[jepsen worker 0] jepsen.util: 0	:invoke	:read	[0 nil]
2026-02-26 12:54:26,887{GMT}	INFO	[n0 stderr] maelstrom.process: [2026-02-26T11:54:26.886841Z INFO  maelstrom::runtime] Received {"id":44,"src":"c10","dest":"n0","body":{"key":0,"type":"read","msg_id":6}}
2026-02-26 12:54:26,888{GMT}	INFO	[n0 stderr] maelstrom.process: Node  received READ for key 0
2026-02-26 12:54:26,889{GMT}	INFO	[n0 stderr] maelstrom.process: [2026-02-26T11:54:26.887270Z INFO  maelstrom::runtime] Sent {"src":"n0","dest":"c10","body":{"in_reply_to":6,"type":"read_ok","value":0}}
2026-02-26 12:54:26,889{GMT}	INFO	[jepsen worker 0] jepsen.util: 0	:ok	:read	[0 0]
2026-02-26 12:54:26,901{GMT}	INFO	[jepsen worker 7] jepsen.util: 7	:invoke	:cas	[0 [3 1]]
2026-02-26 12:54:26,903{GMT}	INFO	[n2 stderr] maelstrom.process: [2026-02-26T11:54:26.903643Z INFO  maelstrom::runtime] Received {"id":46,"src":"c15","dest":"n2","body":{"key":0,"from":3,"to":1,"type":"cas","msg_id":2}}
2026-02-26 12:54:26,904{GMT}	INFO	[n2 stderr] maelstrom.process: Node  received CAS (not implemented)
2026-02-26 12:54:26,904{GMT}	INFO	[n2 stderr] maelstrom.process: [2026-02-26T11:54:26.903764Z INFO  maelstrom::runtime] Sent {"src":"n2","dest":"c15","body":{"in_reply_to":2,"type":"cas_ok"}}
2026-02-26 12:54:26,904{GMT}	INFO	[jepsen worker 7] jepsen.util: 7	:ok	:cas	[0 [3 1]]
2026-02-26 12:54:26,918{GMT}	INFO	[jepsen worker 0] jepsen.util: 0	:invoke	:read	[0 nil]
2026-02-26 12:54:26,921{GMT}	INFO	[n0 stderr] maelstrom.process: [2026-02-26T11:54:26.920993Z INFO  maelstrom::runtime] Received {"id":48,"src":"c10","dest":"n0","body":{"key":0,"type":"read","msg_id":7}}
2026-02-26 12:54:26,922{GMT}	INFO	[n0 stderr] maelstrom.process: Node  received READ for key 0
2026-02-26 12:54:26,922{GMT}	INFO	[jepsen worker 0] jepsen.util: 0	:ok	:read	[0 0]
2026-02-26 12:54:26,922{GMT}	INFO	[n0 stderr] maelstrom.process: [2026-02-26T11:54:26.921154Z INFO  maelstrom::runtime] Sent {"src":"n0","dest":"c10","body":{"in_reply_to":7,"type":"read_ok","value":0}}
2026-02-26 12:54:26,935{GMT}	INFO	[jepsen worker 9] jepsen.util: 9	:invoke	:write	[0 4]
2026-02-26 12:54:26,938{GMT}	INFO	[n4 stderr] maelstrom.process: [2026-02-26T11:54:26.938096Z INFO  maelstrom::runtime] Received {"id":50,"src":"c18","dest":"n4","body":{"key":0,"value":4,"type":"write","msg_id":1}}
2026-02-26 12:54:26,939{GMT}	INFO	[n4 stderr] maelstrom.process: Node  received WRITE: 0=4
2026-02-26 12:54:26,940{GMT}	INFO	[n4 stderr] maelstrom.process: [2026-02-26T11:54:26.938188Z INFO  maelstrom::runtime] Sent {"src":"n4","dest":"c18","body":{"in_reply_to":1,"type":"write_ok"}}
2026-02-26 12:54:26,940{GMT}	INFO	[jepsen worker 9] jepsen.util: 9	:ok	:write	[0 4]
2026-02-26 12:54:26,953{GMT}	INFO	[jepsen worker 0] jepsen.util: 0	:invoke	:read	[0 nil]
2026-02-26 12:54:26,956{GMT}	INFO	[n0 stderr] maelstrom.process: [2026-02-26T11:54:26.955797Z INFO  maelstrom::runtime] Received {"id":52,"src":"c10","dest":"n0","body":{"key":0,"type":"read","msg_id":8}}
2026-02-26 12:54:26,957{GMT}	INFO	[n0 stderr] maelstrom.process: Node  received READ for key 0
2026-02-26 12:54:26,958{GMT}	INFO	[n0 stderr] maelstrom.process: [2026-02-26T11:54:26.955976Z INFO  maelstrom::runtime] Sent {"src":"n0","dest":"c10","body":{"in_reply_to":8,"type":"read_ok","value":0}}
2026-02-26 12:54:26,958{GMT}	INFO	[jepsen worker 0] jepsen.util: 0	:ok	:read	[0 0]
2026-02-26 12:54:26,968{GMT}	INFO	[jepsen worker 5] jepsen.util: 5	:invoke	:write	[0 1]
2026-02-26 12:54:26,969{GMT}	INFO	[n0 stderr] maelstrom.process: [2026-02-26T11:54:26.969311Z INFO  maelstrom::runtime] Received {"id":54,"src":"c11","dest":"n0","body":{"key":0,"value":1,"type":"write","msg_id":5}}
2026-02-26 12:54:26,970{GMT}	INFO	[n0 stderr] maelstrom.process: Node  received WRITE: 0=1
2026-02-26 12:54:26,970{GMT}	INFO	[n0 stderr] maelstrom.process: [2026-02-26T11:54:26.969521Z INFO  maelstrom::runtime] Sent {"src":"n0","dest":"c11","body":{"in_reply_to":5,"type":"write_ok"}}
2026-02-26 12:54:26,971{GMT}	INFO	[jepsen worker 5] jepsen.util: 5	:ok	:write	[0 1]
2026-02-26 12:54:26,975{GMT}	INFO	[jepsen worker 1] jepsen.util: 1	:invoke	:read	[0 nil]
2026-02-26 12:54:26,978{GMT}	INFO	[n1 stderr] maelstrom.process: [2026-02-26T11:54:26.977657Z INFO  maelstrom::runtime] Received {"id":56,"src":"c17","dest":"n1","body":{"key":0,"type":"read","msg_id":2}}
2026-02-26 12:54:26,978{GMT}	INFO	[n1 stderr] maelstrom.process: Node  received READ for key 0
2026-02-26 12:54:26,978{GMT}	INFO	[n1 stderr] maelstrom.process: [2026-02-26T11:54:26.978026Z INFO  maelstrom::runtime] Sent {"src":"n1","dest":"c17","body":{"in_reply_to":2,"type":"read_ok","value":0}}
2026-02-26 12:54:26,978{GMT}	INFO	[jepsen worker 1] jepsen.util: 1	:ok	:read	[0 0]
2026-02-26 12:54:26,986{GMT}	INFO	[jepsen worker 2] jepsen.util: 2	:invoke	:read	[0 nil]
2026-02-26 12:54:26,989{GMT}	INFO	[n2 stderr] maelstrom.process: [2026-02-26T11:54:26.989238Z INFO  maelstrom::runtime] Received {"id":58,"src":"c12","dest":"n2","body":{"key":0,"type":"read","msg_id":3}}
2026-02-26 12:54:26,990{GMT}	INFO	[n2 stderr] maelstrom.process: Node  received READ for key 0
2026-02-26 12:54:26,990{GMT}	INFO	[n2 stderr] maelstrom.process: [2026-02-26T11:54:26.989570Z INFO  maelstrom::runtime] Sent {"src":"n2","dest":"c12","body":{"in_reply_to":3,"type":"read_ok","value":0}}
2026-02-26 12:54:26,991{GMT}	INFO	[jepsen worker 2] jepsen.util: 2	:ok	:read	[0 0]
2026-02-26 12:54:26,998{GMT}	INFO	[jepsen worker 5] jepsen.util: 5	:invoke	:cas	[0 [3 3]]
2026-02-26 12:54:27,000{GMT}	INFO	[n0 stderr] maelstrom.process: [2026-02-26T11:54:26.999707Z INFO  maelstrom::runtime] Received {"id":60,"src":"c11","dest":"n0","body":{"key":0,"from":3,"to":3,"type":"cas","msg_id":6}}
2026-02-26 12:54:27,000{GMT}	INFO	[n0 stderr] maelstrom.process: Node  received CAS (not implemented)
2026-02-26 12:54:27,001{GMT}	INFO	[n0 stderr] maelstrom.process: [2026-02-26T11:54:26.999957Z INFO  maelstrom::runtime] Sent {"src":"n0","dest":"c11","body":{"in_reply_to":6,"type":"cas_ok"}}
2026-02-26 12:54:27,001{GMT}	INFO	[jepsen worker 5] jepsen.util: 5	:ok	:cas	[0 [3 3]]
2026-02-26 12:54:27,012{GMT}	INFO	[jepsen worker 4] jepsen.util: 4	:invoke	:read	[0 nil]
2026-02-26 12:54:27,013{GMT}	INFO	[n4 stderr] maelstrom.process: [2026-02-26T11:54:27.013147Z INFO  maelstrom::runtime] Received {"id":62,"src":"c13","dest":"n4","body":{"key":0,"type":"read","msg_id":3}}
2026-02-26 12:54:27,014{GMT}	INFO	[n4 stderr] maelstrom.process: Node  received READ for key 0
2026-02-26 12:54:27,015{GMT}	INFO	[jepsen worker 4] jepsen.util: 4	:ok	:read	[0 0]
2026-02-26 12:54:27,015{GMT}	INFO	[n4 stderr] maelstrom.process: [2026-02-26T11:54:27.013325Z INFO  maelstrom::runtime] Sent {"src":"n4","dest":"c13","body":{"in_reply_to":3,"type":"read_ok","value":0}}
2026-02-26 12:54:27,025{GMT}	INFO	[jepsen worker 5] jepsen.util: 5	:invoke	:cas	[0 [3 0]]
2026-02-26 12:54:27,027{GMT}	INFO	[n0 stderr] maelstrom.process: [2026-02-26T11:54:27.027171Z INFO  maelstrom::runtime] Received {"id":64,"src":"c11","dest":"n0","body":{"key":0,"from":3,"to":0,"type":"cas","msg_id":7}}
2026-02-26 12:54:27,028{GMT}	INFO	[n0 stderr] maelstrom.process: Node  received CAS (not implemented)
2026-02-26 12:54:27,028{GMT}	INFO	[jepsen worker 5] jepsen.util: 5	:ok	:cas	[0 [3 0]]
2026-02-26 12:54:27,029{GMT}	INFO	[n0 stderr] maelstrom.process: [2026-02-26T11:54:27.027406Z INFO  maelstrom::runtime] Sent {"src":"n0","dest":"c11","body":{"in_reply_to":7,"type":"cas_ok"}}
2026-02-26 12:54:27,036{GMT}	INFO	[jepsen worker 0] jepsen.util: 0	:invoke	:read	[0 nil]
2026-02-26 12:54:27,039{GMT}	INFO	[n0 stderr] maelstrom.process: [2026-02-26T11:54:27.038537Z INFO  maelstrom::runtime] Received {"id":66,"src":"c10","dest":"n0","body":{"key":0,"type":"read","msg_id":9}}
2026-02-26 12:54:27,040{GMT}	INFO	[n0 stderr] maelstrom.process: Node  received READ for key 0
2026-02-26 12:54:27,040{GMT}	INFO	[n0 stderr] maelstrom.process: [2026-02-26T11:54:27.038940Z INFO  maelstrom::runtime] Sent {"src":"n0","dest":"c10","body":{"in_reply_to":9,"type":"read_ok","value":0}}
2026-02-26 12:54:27,040{GMT}	INFO	[jepsen worker 0] jepsen.util: 0	:ok	:read	[0 0]
2026-02-26 12:54:27,048{GMT}	INFO	[jepsen worker 7] jepsen.util: 7	:invoke	:cas	[0 [0 0]]
2026-02-26 12:54:27,052{GMT}	INFO	[n2 stderr] maelstrom.process: [2026-02-26T11:54:27.051775Z INFO  maelstrom::runtime] Received {"id":68,"src":"c15","dest":"n2","body":{"key":0,"from":0,"to":0,"type":"cas","msg_id":3}}
2026-02-26 12:54:27,053{GMT}	INFO	[n2 stderr] maelstrom.process: Node  received CAS (not implemented)
2026-02-26 12:54:27,053{GMT}	INFO	[n2 stderr] maelstrom.process: [2026-02-26T11:54:27.052243Z INFO  maelstrom::runtime] Sent {"src":"n2","dest":"c15","body":{"in_reply_to":3,"type":"cas_ok"}}
2026-02-26 12:54:27,053{GMT}	INFO	[jepsen worker 7] jepsen.util: 7	:ok	:cas	[0 [0 0]]
2026-02-26 12:54:27,070{GMT}	INFO	[jepsen worker 0] jepsen.util: 0	:invoke	:read	[0 nil]
2026-02-26 12:54:27,073{GMT}	INFO	[n0 stderr] maelstrom.process: [2026-02-26T11:54:27.072910Z INFO  maelstrom::runtime] Received {"id":70,"src":"c10","dest":"n0","body":{"key":0,"type":"read","msg_id":10}}
2026-02-26 12:54:27,075{GMT}	INFO	[n0 stderr] maelstrom.process: Node  received READ for key 0
2026-02-26 12:54:27,076{GMT}	INFO	[n0 stderr] maelstrom.process: [2026-02-26T11:54:27.073300Z INFO  maelstrom::runtime] Sent {"src":"n0","dest":"c10","body":{"in_reply_to":10,"type":"read_ok","value":0}}
2026-02-26 12:54:27,076{GMT}	INFO	[jepsen worker 0] jepsen.util: 0	:ok	:read	[0 0]
2026-02-26 12:54:27,089{GMT}	INFO	[jepsen worker 0] jepsen.util: 0	:invoke	:read	[0 nil]
2026-02-26 12:54:27,092{GMT}	INFO	[n0 stderr] maelstrom.process: [2026-02-26T11:54:27.091325Z INFO  maelstrom::runtime] Received {"id":72,"src":"c10","dest":"n0","body":{"key":0,"type":"read","msg_id":11}}
2026-02-26 12:54:27,092{GMT}	INFO	[n0 stderr] maelstrom.process: Node  received READ for key 0
2026-02-26 12:54:27,093{GMT}	INFO	[n0 stderr] maelstrom.process: [2026-02-26T11:54:27.091604Z INFO  maelstrom::runtime] Sent {"src":"n0","dest":"c10","body":{"in_reply_to":11,"type":"read_ok","value":0}}
2026-02-26 12:54:27,093{GMT}	INFO	[jepsen worker 0] jepsen.util: 0	:ok	:read	[0 0]
2026-02-26 12:54:27,098{GMT}	INFO	[jepsen worker 0] jepsen.util: 0	:invoke	:read	[0 nil]
2026-02-26 12:54:27,100{GMT}	INFO	[n0 stderr] maelstrom.process: [2026-02-26T11:54:27.099650Z INFO  maelstrom::runtime] Received {"id":74,"src":"c10","dest":"n0","body":{"key":0,"type":"read","msg_id":12}}
2026-02-26 12:54:27,101{GMT}	INFO	[n0 stderr] maelstrom.process: Node  received READ for key 0
2026-02-26 12:54:27,101{GMT}	INFO	[jepsen worker 0] jepsen.util: 0	:ok	:read	[0 0]
2026-02-26 12:54:27,102{GMT}	INFO	[n0 stderr] maelstrom.process: [2026-02-26T11:54:27.099914Z INFO  maelstrom::runtime] Sent {"src":"n0","dest":"c10","body":{"in_reply_to":12,"type":"read_ok","value":0}}
2026-02-26 12:54:27,107{GMT}	INFO	[jepsen worker 0] jepsen.util: 0	:invoke	:read	[0 nil]
2026-02-26 12:54:27,110{GMT}	INFO	[n0 stderr] maelstrom.process: [2026-02-26T11:54:27.109921Z INFO  maelstrom::runtime] Received {"id":76,"src":"c10","dest":"n0","body":{"key":0,"type":"read","msg_id":13}}
2026-02-26 12:54:27,111{GMT}	INFO	[n0 stderr] maelstrom.process: Node  received READ for key 0
2026-02-26 12:54:27,111{GMT}	INFO	[n0 stderr] maelstrom.process: [2026-02-26T11:54:27.110157Z INFO  maelstrom::runtime] Sent {"src":"n0","dest":"c10","body":{"in_reply_to":13,"type":"read_ok","value":0}}
2026-02-26 12:54:27,111{GMT}	INFO	[jepsen worker 0] jepsen.util: 0	:ok	:read	[0 0]
2026-02-26 12:54:27,112{GMT}	INFO	[jepsen worker 5] jepsen.util: 5	:invoke	:write	[0 1]
2026-02-26 12:54:27,114{GMT}	INFO	[n0 stderr] maelstrom.process: [2026-02-26T11:54:27.113907Z INFO  maelstrom::runtime] Received {"id":78,"src":"c11","dest":"n0","body":{"key":0,"value":1,"type":"write","msg_id":8}}
2026-02-26 12:54:27,115{GMT}	INFO	[n0 stderr] maelstrom.process: Node  received WRITE: 0=1
2026-02-26 12:54:27,116{GMT}	INFO	[n0 stderr] maelstrom.process: [2026-02-26T11:54:27.114288Z INFO  maelstrom::runtime] Sent {"src":"n0","dest":"c11","body":{"in_reply_to":8,"type":"write_ok"}}
2026-02-26 12:54:27,116{GMT}	INFO	[jepsen worker 5] jepsen.util: 5	:ok	:write	[0 1]
2026-02-26 12:54:27,133{GMT}	INFO	[jepsen worker 5] jepsen.util: 5	:invoke	:cas	[0 [3 0]]
2026-02-26 12:54:27,135{GMT}	INFO	[n0 stderr] maelstrom.process: [2026-02-26T11:54:27.134950Z INFO  maelstrom::runtime] Received {"id":80,"src":"c11","dest":"n0","body":{"key":0,"from":3,"to":0,"type":"cas","msg_id":9}}
2026-02-26 12:54:27,136{GMT}	INFO	[n0 stderr] maelstrom.process: Node  received CAS (not implemented)
2026-02-26 12:54:27,137{GMT}	INFO	[n0 stderr] maelstrom.process: [2026-02-26T11:54:27.135202Z INFO  maelstrom::runtime] Sent {"src":"n0","dest":"c11","body":{"in_reply_to":9,"type":"cas_ok"}}
2026-02-26 12:54:27,137{GMT}	INFO	[jepsen worker 5] jepsen.util: 5	:ok	:cas	[0 [3 0]]
2026-02-26 12:54:27,146{GMT}	INFO	[jepsen worker 3] jepsen.util: 3	:invoke	:read	[0 nil]
2026-02-26 12:54:27,150{GMT}	INFO	[jepsen worker 5] jepsen.util: 5	:invoke	:cas	[0 [0 4]]
2026-02-26 12:54:27,151{GMT}	INFO	[n3 stderr] maelstrom.process: [2026-02-26T11:54:27.150960Z INFO  maelstrom::runtime] Received {"id":82,"src":"c19","dest":"n3","body":{"key":0,"type":"read","msg_id":1}}
2026-02-26 12:54:27,151{GMT}	INFO	[n3 stderr] maelstrom.process: Node  received READ for key 0
2026-02-26 12:54:27,152{GMT}	INFO	[n3 stderr] maelstrom.process: [2026-02-26T11:54:27.151208Z INFO  maelstrom::runtime] Sent {"src":"n3","dest":"c19","body":{"in_reply_to":1,"type":"read_ok","value":0}}
2026-02-26 12:54:27,152{GMT}	INFO	[jepsen worker 3] jepsen.util: 3	:ok	:read	[0 0]
2026-02-26 12:54:27,152{GMT}	INFO	[n0 stderr] maelstrom.process: [2026-02-26T11:54:27.152685Z INFO  maelstrom::runtime] Received {"id":83,"src":"c11","dest":"n0","body":{"key":0,"from":0,"to":4,"type":"cas","msg_id":10}}
2026-02-26 12:54:27,153{GMT}	INFO	[n0 stderr] maelstrom.process: Node  received CAS (not implemented)
2026-02-26 12:54:27,154{GMT}	INFO	[n0 stderr] maelstrom.process: [2026-02-26T11:54:27.153108Z INFO  maelstrom::runtime] Sent {"src":"n0","dest":"c11","body":{"in_reply_to":10,"type":"cas_ok"}}
2026-02-26 12:54:27,155{GMT}	INFO	[jepsen worker 5] jepsen.util: 5	:ok	:cas	[0 [0 4]]
2026-02-26 12:54:27,163{GMT}	INFO	[jepsen worker 5] jepsen.util: 5	:invoke	:cas	[0 [0 1]]
2026-02-26 12:54:27,165{GMT}	INFO	[n0 stderr] maelstrom.process: [2026-02-26T11:54:27.165578Z INFO  maelstrom::runtime] Received {"id":86,"src":"c11","dest":"n0","body":{"key":0,"from":0,"to":1,"type":"cas","msg_id":11}}
2026-02-26 12:54:27,167{GMT}	INFO	[jepsen worker 6] jepsen.util: 6	:invoke	:write	[0 2]
2026-02-26 12:54:27,167{GMT}	INFO	[n0 stderr] maelstrom.process: Node  received CAS (not implemented)
2026-02-26 12:54:27,167{GMT}	INFO	[jepsen worker 5] jepsen.util: 5	:ok	:cas	[0 [0 1]]
2026-02-26 12:54:27,167{GMT}	INFO	[n0 stderr] maelstrom.process: [2026-02-26T11:54:27.165884Z INFO  maelstrom::runtime] Sent {"src":"n0","dest":"c11","body":{"in_reply_to":11,"type":"cas_ok"}}
2026-02-26 12:54:27,168{GMT}	INFO	[n1 stderr] maelstrom.process: [2026-02-26T11:54:27.168107Z INFO  maelstrom::runtime] Received {"id":88,"src":"c14","dest":"n1","body":{"key":0,"value":2,"type":"write","msg_id":2}}
2026-02-26 12:54:27,169{GMT}	INFO	[n1 stderr] maelstrom.process: Node  received WRITE: 0=2
2026-02-26 12:54:27,170{GMT}	INFO	[n1 stderr] maelstrom.process: [2026-02-26T11:54:27.168491Z INFO  maelstrom::runtime] Sent {"src":"n1","dest":"c14","body":{"in_reply_to":2,"type":"write_ok"}}
2026-02-26 12:54:27,171{GMT}	INFO	[jepsen worker 6] jepsen.util: 6	:ok	:write	[0 2]
2026-02-26 12:54:27,182{GMT}	INFO	[jepsen worker 0] jepsen.util: 0	:invoke	:read	[0 nil]
2026-02-26 12:54:27,182{GMT}	INFO	[jepsen worker 1] jepsen.util: 1	:invoke	:read	[0 nil]
2026-02-26 12:54:27,183{GMT}	INFO	[n1 stderr] maelstrom.process: [2026-02-26T11:54:27.183529Z INFO  maelstrom::runtime] Received {"id":91,"src":"c17","dest":"n1","body":{"key":0,"type":"read","msg_id":3}}
2026-02-26 12:54:27,183{GMT}	INFO	[n0 stderr] maelstrom.process: [2026-02-26T11:54:27.183412Z INFO  maelstrom::runtime] Received {"id":90,"src":"c10","dest":"n0","body":{"key":0,"type":"read","msg_id":14}}
2026-02-26 12:54:27,184{GMT}	INFO	[n0 stderr] maelstrom.process: Node  received READ for key 0
2026-02-26 12:54:27,184{GMT}	INFO	[n1 stderr] maelstrom.process: Node  received READ for key 0
2026-02-26 12:54:27,184{GMT}	INFO	[n1 stderr] maelstrom.process: [2026-02-26T11:54:27.183717Z INFO  maelstrom::runtime] Sent {"src":"n1","dest":"c17","body":{"in_reply_to":3,"type":"read_ok","value":0}}
2026-02-26 12:54:27,184{GMT}	INFO	[n0 stderr] maelstrom.process: [2026-02-26T11:54:27.183574Z INFO  maelstrom::runtime] Sent {"src":"n0","dest":"c10","body":{"in_reply_to":14,"type":"read_ok","value":0}}
2026-02-26 12:54:27,184{GMT}	INFO	[jepsen worker 0] jepsen.util: 0	:ok	:read	[0 0]
2026-02-26 12:54:27,186{GMT}	INFO	[jepsen worker 1] jepsen.util: 1	:ok	:read	[0 0]
2026-02-26 12:54:27,190{GMT}	INFO	[jepsen worker 0] jepsen.util: 0	:invoke	:read	[0 nil]
2026-02-26 12:54:27,191{GMT}	INFO	[n0 stderr] maelstrom.process: [2026-02-26T11:54:27.191571Z INFO  maelstrom::runtime] Received {"id":94,"src":"c10","dest":"n0","body":{"key":0,"type":"read","msg_id":15}}
2026-02-26 12:54:27,192{GMT}	INFO	[n0 stderr] maelstrom.process: Node  received READ for key 0
2026-02-26 12:54:27,192{GMT}	INFO	[jepsen worker 0] jepsen.util: 0	:ok	:read	[0 0]
2026-02-26 12:54:27,192{GMT}	INFO	[n0 stderr] maelstrom.process: [2026-02-26T11:54:27.191712Z INFO  maelstrom::runtime] Sent {"src":"n0","dest":"c10","body":{"in_reply_to":15,"type":"read_ok","value":0}}
2026-02-26 12:54:27,204{GMT}	INFO	[jepsen worker 5] jepsen.util: 5	:invoke	:cas	[0 [3 1]]
2026-02-26 12:54:27,205{GMT}	INFO	[n0 stderr] maelstrom.process: [2026-02-26T11:54:27.205746Z INFO  maelstrom::runtime] Received {"id":96,"src":"c11","dest":"n0","body":{"key":0,"from":3,"to":1,"type":"cas","msg_id":12}}
2026-02-26 12:54:27,206{GMT}	INFO	[n0 stderr] maelstrom.process: Node  received CAS (not implemented)
2026-02-26 12:54:27,206{GMT}	INFO	[jepsen worker 5] jepsen.util: 5	:ok	:cas	[0 [3 1]]
2026-02-26 12:54:27,206{GMT}	INFO	[n0 stderr] maelstrom.process: [2026-02-26T11:54:27.205892Z INFO  maelstrom::runtime] Sent {"src":"n0","dest":"c11","body":{"in_reply_to":12,"type":"cas_ok"}}
2026-02-26 12:54:27,216{GMT}	INFO	[jepsen worker 0] jepsen.util: 0	:invoke	:read	[0 nil]
2026-02-26 12:54:27,218{GMT}	INFO	[n0 stderr] maelstrom.process: [2026-02-26T11:54:27.217992Z INFO  maelstrom::runtime] Received {"id":98,"src":"c10","dest":"n0","body":{"key":0,"type":"read","msg_id":16}}
2026-02-26 12:54:27,218{GMT}	INFO	[n0 stderr] maelstrom.process: Node  received READ for key 0
2026-02-26 12:54:27,218{GMT}	INFO	[jepsen worker 5] jepsen.util: 5	:invoke	:cas	[0 [2 3]]
2026-02-26 12:54:27,219{GMT}	INFO	[jepsen worker 0] jepsen.util: 0	:ok	:read	[0 0]
2026-02-26 12:54:27,219{GMT}	INFO	[n0 stderr] maelstrom.process: [2026-02-26T11:54:27.218154Z INFO  maelstrom::runtime] Sent {"src":"n0","dest":"c10","body":{"in_reply_to":16,"type":"read_ok","value":0}}
2026-02-26 12:54:27,220{GMT}	INFO	[n0 stderr] maelstrom.process: [2026-02-26T11:54:27.219891Z INFO  maelstrom::runtime] Received {"id":100,"src":"c11","dest":"n0","body":{"key":0,"from":2,"to":3,"type":"cas","msg_id":13}}
2026-02-26 12:54:27,220{GMT}	INFO	[n0 stderr] maelstrom.process: Node  received CAS (not implemented)
2026-02-26 12:54:27,220{GMT}	INFO	[n0 stderr] maelstrom.process: [2026-02-26T11:54:27.220042Z INFO  maelstrom::runtime] Sent {"src":"n0","dest":"c11","body":{"in_reply_to":13,"type":"cas_ok"}}
2026-02-26 12:54:27,220{GMT}	INFO	[jepsen worker 5] jepsen.util: 5	:ok	:cas	[0 [2 3]]
2026-02-26 12:54:27,224{GMT}	INFO	[jepsen worker 5] jepsen.util: 5	:invoke	:write	[0 2]
2026-02-26 12:54:27,225{GMT}	INFO	[n0 stderr] maelstrom.process: [2026-02-26T11:54:27.225706Z INFO  maelstrom::runtime] Received {"id":102,"src":"c11","dest":"n0","body":{"key":0,"value":2,"type":"write","msg_id":14}}
2026-02-26 12:54:27,226{GMT}	INFO	[n0 stderr] maelstrom.process: Node  received WRITE: 0=2
2026-02-26 12:54:27,226{GMT}	INFO	[n0 stderr] maelstrom.process: [2026-02-26T11:54:27.225879Z INFO  maelstrom::runtime] Sent {"src":"n0","dest":"c11","body":{"in_reply_to":14,"type":"write_ok"}}
2026-02-26 12:54:27,226{GMT}	INFO	[jepsen worker 5] jepsen.util: 5	:ok	:write	[0 2]
2026-02-26 12:54:27,239{GMT}	INFO	[jepsen worker 3] jepsen.util: 3	:invoke	:read	[0 nil]
2026-02-26 12:54:27,240{GMT}	INFO	[n3 stderr] maelstrom.process: [2026-02-26T11:54:27.240579Z INFO  maelstrom::runtime] Received {"id":104,"src":"c19","dest":"n3","body":{"key":0,"type":"read","msg_id":2}}
2026-02-26 12:54:27,241{GMT}	INFO	[n3 stderr] maelstrom.process: Node  received READ for key 0
2026-02-26 12:54:27,241{GMT}	INFO	[n3 stderr] maelstrom.process: [2026-02-26T11:54:27.240732Z INFO  maelstrom::runtime] Sent {"src":"n3","dest":"c19","body":{"in_reply_to":2,"type":"read_ok","value":0}}
2026-02-26 12:54:27,241{GMT}	INFO	[jepsen worker 3] jepsen.util: 3	:ok	:read	[0 0]
2026-02-26 12:54:27,244{GMT}	INFO	[jepsen worker 5] jepsen.util: 5	:invoke	:cas	[0 [1 1]]
2026-02-26 12:54:27,246{GMT}	INFO	[n0 stderr] maelstrom.process: [2026-02-26T11:54:27.246251Z INFO  maelstrom::runtime] Received {"id":106,"src":"c11","dest":"n0","body":{"key":0,"from":1,"to":1,"type":"cas","msg_id":15}}
2026-02-26 12:54:27,246{GMT}	INFO	[n0 stderr] maelstrom.process: Node  received CAS (not implemented)
2026-02-26 12:54:27,247{GMT}	INFO	[n0 stderr] maelstrom.process: [2026-02-26T11:54:27.246490Z INFO  maelstrom::runtime] Sent {"src":"n0","dest":"c11","body":{"in_reply_to":15,"type":"cas_ok"}}
2026-02-26 12:54:27,247{GMT}	INFO	[jepsen worker 5] jepsen.util: 5	:ok	:cas	[0 [1 1]]
2026-02-26 12:54:27,262{GMT}	INFO	[jepsen worker 5] jepsen.util: 5	:invoke	:cas	[0 [2 2]]
2026-02-26 12:54:27,264{GMT}	INFO	[n0 stderr] maelstrom.process: [2026-02-26T11:54:27.264400Z INFO  maelstrom::runtime] Received {"id":108,"src":"c11","dest":"n0","body":{"key":0,"from":2,"to":2,"type":"cas","msg_id":16}}
2026-02-26 12:54:27,265{GMT}	INFO	[n0 stderr] maelstrom.process: Node  received CAS (not implemented)
2026-02-26 12:54:27,265{GMT}	INFO	[n0 stderr] maelstrom.process: [2026-02-26T11:54:27.264636Z INFO  maelstrom::runtime] Sent {"src":"n0","dest":"c11","body":{"in_reply_to":16,"type":"cas_ok"}}
2026-02-26 12:54:27,266{GMT}	INFO	[jepsen worker 5] jepsen.util: 5	:ok	:cas	[0 [2 2]]
2026-02-26 12:54:27,277{GMT}	INFO	[jepsen worker 0] jepsen.util: 0	:invoke	:read	[0 nil]
2026-02-26 12:54:27,280{GMT}	INFO	[n0 stderr] maelstrom.process: [2026-02-26T11:54:27.280258Z INFO  maelstrom::runtime] Received {"id":110,"src":"c10","dest":"n0","body":{"key":0,"type":"read","msg_id":17}}
2026-02-26 12:54:27,282{GMT}	INFO	[n0 stderr] maelstrom.process: Node  received READ for key 0
2026-02-26 12:54:27,282{GMT}	INFO	[n0 stderr] maelstrom.process: [2026-02-26T11:54:27.280577Z INFO  maelstrom::runtime] Sent {"src":"n0","dest":"c10","body":{"in_reply_to":17,"type":"read_ok","value":0}}
2026-02-26 12:54:27,283{GMT}	INFO	[jepsen worker 0] jepsen.util: 0	:ok	:read	[0 0]
2026-02-26 12:54:27,288{GMT}	INFO	[jepsen worker 0] jepsen.util: 0	:invoke	:read	[0 nil]
2026-02-26 12:54:27,291{GMT}	INFO	[n0 stderr] maelstrom.process: [2026-02-26T11:54:27.291316Z INFO  maelstrom::runtime] Received {"id":112,"src":"c10","dest":"n0","body":{"key":0,"type":"read","msg_id":18}}
2026-02-26 12:54:27,293{GMT}	INFO	[n0 stderr] maelstrom.process: Node  received READ for key 0
2026-02-26 12:54:27,293{GMT}	INFO	[jepsen worker 0] jepsen.util: 0	:ok	:read	[0 0]
2026-02-26 12:54:27,294{GMT}	INFO	[n0 stderr] maelstrom.process: [2026-02-26T11:54:27.291644Z INFO  maelstrom::runtime] Sent {"src":"n0","dest":"c10","body":{"in_reply_to":18,"type":"read_ok","value":0}}
2026-02-26 12:54:27,307{GMT}	INFO	[jepsen worker 0] jepsen.util: 0	:invoke	:read	[0 nil]
2026-02-26 12:54:27,311{GMT}	INFO	[n0 stderr] maelstrom.process: [2026-02-26T11:54:27.310983Z INFO  maelstrom::runtime] Received {"id":114,"src":"c10","dest":"n0","body":{"key":0,"type":"read","msg_id":19}}
2026-02-26 12:54:27,312{GMT}	INFO	[n0 stderr] maelstrom.process: Node  received READ for key 0
2026-02-26 12:54:27,313{GMT}	INFO	[n0 stderr] maelstrom.process: [2026-02-26T11:54:27.311261Z INFO  maelstrom::runtime] Sent {"src":"n0","dest":"c10","body":{"in_reply_to":19,"type":"read_ok","value":0}}
2026-02-26 12:54:27,313{GMT}	INFO	[jepsen worker 0] jepsen.util: 0	:ok	:read	[0 0]
2026-02-26 12:54:27,316{GMT}	INFO	[jepsen worker 9] jepsen.util: 9	:invoke	:cas	[0 [1 0]]
2026-02-26 12:54:27,319{GMT}	INFO	[n4 stderr] maelstrom.process: [2026-02-26T11:54:27.318674Z INFO  maelstrom::runtime] Received {"id":116,"src":"c18","dest":"n4","body":{"key":0,"from":1,"to":0,"type":"cas","msg_id":2}}
2026-02-26 12:54:27,320{GMT}	INFO	[n4 stderr] maelstrom.process: Node  received CAS (not implemented)
2026-02-26 12:54:27,321{GMT}	INFO	[n4 stderr] maelstrom.process: [2026-02-26T11:54:27.319361Z INFO  maelstrom::runtime] Sent {"src":"n4","dest":"c18","body":{"in_reply_to":2,"type":"cas_ok"}}
2026-02-26 12:54:27,322{GMT}	INFO	[jepsen worker 9] jepsen.util: 9	:ok	:cas	[0 [1 0]]
2026-02-26 12:54:27,326{GMT}	INFO	[jepsen worker 0] jepsen.util: 0	:invoke	:read	[0 nil]
2026-02-26 12:54:27,327{GMT}	INFO	[jepsen worker 1] jepsen.util: 1	:invoke	:read	[0 nil]
2026-02-26 12:54:27,328{GMT}	INFO	[n0 stderr] maelstrom.process: [2026-02-26T11:54:27.328196Z INFO  maelstrom::runtime] Received {"id":118,"src":"c10","dest":"n0","body":{"key":0,"type":"read","msg_id":20}}
2026-02-26 12:54:27,329{GMT}	INFO	[n1 stderr] maelstrom.process: [2026-02-26T11:54:27.328638Z INFO  maelstrom::runtime] Received {"id":119,"src":"c17","dest":"n1","body":{"key":0,"type":"read","msg_id":4}}
2026-02-26 12:54:27,329{GMT}	INFO	[n0 stderr] maelstrom.process: Node  received READ for key 0
2026-02-26 12:54:27,329{GMT}	INFO	[n1 stderr] maelstrom.process: Node  received READ for key 0
2026-02-26 12:54:27,329{GMT}	INFO	[n0 stderr] maelstrom.process: [2026-02-26T11:54:27.328503Z INFO  maelstrom::runtime] Sent {"src":"n0","dest":"c10","body":{"in_reply_to":20,"type":"read_ok","value":0}}
2026-02-26 12:54:27,329{GMT}	INFO	[n1 stderr] maelstrom.process: [2026-02-26T11:54:27.328843Z INFO  maelstrom::runtime] Sent {"src":"n1","dest":"c17","body":{"in_reply_to":4,"type":"read_ok","value":0}}
2026-02-26 12:54:27,330{GMT}	INFO	[jepsen worker 0] jepsen.util: 0	:ok	:read	[0 0]
2026-02-26 12:54:27,330{GMT}	INFO	[jepsen worker 1] jepsen.util: 1	:ok	:read	[0 0]
2026-02-26 12:54:27,347{GMT}	INFO	[jepsen worker 1] jepsen.util: 1	:invoke	:read	[0 nil]
2026-02-26 12:54:27,350{GMT}	INFO	[n1 stderr] maelstrom.process: [2026-02-26T11:54:27.349426Z INFO  maelstrom::runtime] Received {"id":122,"src":"c17","dest":"n1","body":{"key":0,"type":"read","msg_id":5}}
2026-02-26 12:54:27,350{GMT}	INFO	[n1 stderr] maelstrom.process: Node  received READ for key 0
2026-02-26 12:54:27,351{GMT}	INFO	[n1 stderr] maelstrom.process: [2026-02-26T11:54:27.350031Z INFO  maelstrom::runtime] Sent {"src":"n1","dest":"c17","body":{"in_reply_to":5,"type":"read_ok","value":0}}
2026-02-26 12:54:27,352{GMT}	INFO	[jepsen worker 1] jepsen.util: 1	:ok	:read	[0 0]
2026-02-26 12:54:27,369{GMT}	INFO	[jepsen worker 2] jepsen.util: 2	:invoke	:read	[0 nil]
2026-02-26 12:54:27,371{GMT}	INFO	[n2 stderr] maelstrom.process: [2026-02-26T11:54:27.371057Z INFO  maelstrom::runtime] Received {"id":124,"src":"c12","dest":"n2","body":{"key":0,"type":"read","msg_id":4}}
2026-02-26 12:54:27,372{GMT}	INFO	[n2 stderr] maelstrom.process: Node  received READ for key 0
2026-02-26 12:54:27,372{GMT}	INFO	[n2 stderr] maelstrom.process: [2026-02-26T11:54:27.371407Z INFO  maelstrom::runtime] Sent {"src":"n2","dest":"c12","body":{"in_reply_to":4,"type":"read_ok","value":0}}
2026-02-26 12:54:27,373{GMT}	INFO	[jepsen worker 2] jepsen.util: 2	:ok	:read	[0 0]
2026-02-26 12:54:27,378{GMT}	INFO	[jepsen worker 3] jepsen.util: 3	:invoke	:read	[0 nil]
2026-02-26 12:54:27,380{GMT}	INFO	[n3 stderr] maelstrom.process: [2026-02-26T11:54:27.380333Z INFO  maelstrom::runtime] Received {"id":126,"src":"c19","dest":"n3","body":{"key":0,"type":"read","msg_id":3}}
2026-02-26 12:54:27,381{GMT}	INFO	[n3 stderr] maelstrom.process: Node  received READ for key 0
2026-02-26 12:54:27,382{GMT}	INFO	[n3 stderr] maelstrom.process: [2026-02-26T11:54:27.380735Z INFO  maelstrom::runtime] Sent {"src":"n3","dest":"c19","body":{"in_reply_to":3,"type":"read_ok","value":0}}
2026-02-26 12:54:27,382{GMT}	INFO	[jepsen worker 3] jepsen.util: 3	:ok	:read	[0 0]
2026-02-26 12:54:27,393{GMT}	INFO	[jepsen worker 5] jepsen.util: 5	:invoke	:cas	[0 [1 3]]
2026-02-26 12:54:27,396{GMT}	INFO	[n0 stderr] maelstrom.process: [2026-02-26T11:54:27.396186Z INFO  maelstrom::runtime] Received {"id":128,"src":"c11","dest":"n0","body":{"key":0,"from":1,"to":3,"type":"cas","msg_id":17}}
2026-02-26 12:54:27,397{GMT}	INFO	[n0 stderr] maelstrom.process: Node  received CAS (not implemented)
2026-02-26 12:54:27,398{GMT}	INFO	[n0 stderr] maelstrom.process: [2026-02-26T11:54:27.396636Z INFO  maelstrom::runtime] Sent {"src":"n0","dest":"c11","body":{"in_reply_to":17,"type":"cas_ok"}}
2026-02-26 12:54:27,398{GMT}	INFO	[jepsen worker 5] jepsen.util: 5	:ok	:cas	[0 [1 3]]
2026-02-26 12:54:27,413{GMT}	INFO	[jepsen worker 0] jepsen.util: 0	:invoke	:read	[0 nil]
2026-02-26 12:54:27,417{GMT}	INFO	[n0 stderr] maelstrom.process: [2026-02-26T11:54:27.417166Z INFO  maelstrom::runtime] Received {"id":130,"src":"c10","dest":"n0","body":{"key":0,"type":"read","msg_id":21}}
2026-02-26 12:54:27,418{GMT}	INFO	[n0 stderr] maelstrom.process: Node  received READ for key 0
2026-02-26 12:54:27,418{GMT}	INFO	[n0 stderr] maelstrom.process: [2026-02-26T11:54:27.417524Z INFO  maelstrom::runtime] Sent {"src":"n0","dest":"c10","body":{"in_reply_to":21,"type":"read_ok","value":0}}
2026-02-26 12:54:27,419{GMT}	INFO	[jepsen worker 0] jepsen.util: 0	:ok	:read	[0 0]
2026-02-26 12:54:27,434{GMT}	INFO	[jepsen worker 6] jepsen.util: 6	:invoke	:write	[0 0]
2026-02-26 12:54:27,437{GMT}	INFO	[n1 stderr] maelstrom.process: [2026-02-26T11:54:27.436972Z INFO  maelstrom::runtime] Received {"id":132,"src":"c14","dest":"n1","body":{"key":0,"value":0,"type":"write","msg_id":3}}
2026-02-26 12:54:27,438{GMT}	INFO	[n1 stderr] maelstrom.process: Node  received WRITE: 0=0
2026-02-26 12:54:27,438{GMT}	INFO	[n1 stderr] maelstrom.process: [2026-02-26T11:54:27.437281Z INFO  maelstrom::runtime] Sent {"src":"n1","dest":"c14","body":{"in_reply_to":3,"type":"write_ok"}}
2026-02-26 12:54:27,439{GMT}	INFO	[jepsen worker 6] jepsen.util: 6	:ok	:write	[0 0]
2026-02-26 12:54:27,447{GMT}	INFO	[jepsen worker 7] jepsen.util: 7	:invoke	:cas	[0 [4 3]]
2026-02-26 12:54:27,450{GMT}	INFO	[n2 stderr] maelstrom.process: [2026-02-26T11:54:27.449850Z INFO  maelstrom::runtime] Received {"id":134,"src":"c15","dest":"n2","body":{"key":0,"from":4,"to":3,"type":"cas","msg_id":4}}
2026-02-26 12:54:27,450{GMT}	INFO	[jepsen worker 8] jepsen.util: 8	:invoke	:cas	[0 [4 0]]
2026-02-26 12:54:27,451{GMT}	INFO	[n2 stderr] maelstrom.process: Node  received CAS (not implemented)
2026-02-26 12:54:27,451{GMT}	INFO	[n2 stderr] maelstrom.process: [2026-02-26T11:54:27.450299Z INFO  maelstrom::runtime] Sent {"src":"n2","dest":"c15","body":{"in_reply_to":4,"type":"cas_ok"}}
2026-02-26 12:54:27,452{GMT}	INFO	[jepsen worker 7] jepsen.util: 7	:ok	:cas	[0 [4 3]]
2026-02-26 12:54:27,452{GMT}	INFO	[n3 stderr] maelstrom.process: [2026-02-26T11:54:27.452589Z INFO  maelstrom::runtime] Received {"id":136,"src":"c16","dest":"n3","body":{"key":0,"from":4,"to":0,"type":"cas","msg_id":2}}
2026-02-26 12:54:27,453{GMT}	INFO	[n3 stderr] maelstrom.process: Node  received CAS (not implemented)
2026-02-26 12:54:27,453{GMT}	INFO	[n3 stderr] maelstrom.process: [2026-02-26T11:54:27.452928Z INFO  maelstrom::runtime] Sent {"src":"n3","dest":"c16","body":{"in_reply_to":2,"type":"cas_ok"}}
2026-02-26 12:54:27,454{GMT}	INFO	[jepsen worker 8] jepsen.util: 8	:ok	:cas	[0 [4 0]]
2026-02-26 12:54:27,459{GMT}	INFO	[jepsen worker 9] jepsen.util: 9	:invoke	:cas	[0 [4 1]]
2026-02-26 12:54:27,462{GMT}	INFO	[n4 stderr] maelstrom.process: [2026-02-26T11:54:27.462123Z INFO  maelstrom::runtime] Received {"id":138,"src":"c18","dest":"n4","body":{"key":0,"from":4,"to":1,"type":"cas","msg_id":3}}
2026-02-26 12:54:27,463{GMT}	INFO	[n4 stderr] maelstrom.process: Node  received CAS (not implemented)
2026-02-26 12:54:27,464{GMT}	INFO	[n4 stderr] maelstrom.process: [2026-02-26T11:54:27.462503Z INFO  maelstrom::runtime] Sent {"src":"n4","dest":"c18","body":{"in_reply_to":3,"type":"cas_ok"}}
2026-02-26 12:54:27,464{GMT}	INFO	[jepsen worker 9] jepsen.util: 9	:ok	:cas	[0 [4 1]]
2026-02-26 12:54:27,467{GMT}	INFO	[jepsen worker 0] jepsen.util: 0	:invoke	:read	[0 nil]
2026-02-26 12:54:27,471{GMT}	INFO	[n0 stderr] maelstrom.process: [2026-02-26T11:54:27.471029Z INFO  maelstrom::runtime] Received {"id":140,"src":"c10","dest":"n0","body":{"key":0,"type":"read","msg_id":22}}
2026-02-26 12:54:27,472{GMT}	INFO	[n0 stderr] maelstrom.process: Node  received READ for key 0
2026-02-26 12:54:27,472{GMT}	INFO	[n0 stderr] maelstrom.process: [2026-02-26T11:54:27.471302Z INFO  maelstrom::runtime] Sent {"src":"n0","dest":"c10","body":{"in_reply_to":22,"type":"read_ok","value":0}}
2026-02-26 12:54:27,474{GMT}	INFO	[jepsen worker 0] jepsen.util: 0	:ok	:read	[0 0]
2026-02-26 12:54:27,482{GMT}	INFO	[jepsen worker 5] jepsen.util: 5	:invoke	:cas	[0 [0 1]]
2026-02-26 12:54:27,486{GMT}	INFO	[n0 stderr] maelstrom.process: [2026-02-26T11:54:27.485381Z INFO  maelstrom::runtime] Received {"id":142,"src":"c11","dest":"n0","body":{"key":0,"from":0,"to":1,"type":"cas","msg_id":18}}
2026-02-26 12:54:27,487{GMT}	INFO	[n0 stderr] maelstrom.process: Node  received CAS (not implemented)
2026-02-26 12:54:27,487{GMT}	INFO	[n0 stderr] maelstrom.process: [2026-02-26T11:54:27.485722Z INFO  maelstrom::runtime] Sent {"src":"n0","dest":"c11","body":{"in_reply_to":18,"type":"cas_ok"}}
2026-02-26 12:54:27,487{GMT}	INFO	[jepsen worker 5] jepsen.util: 5	:ok	:cas	[0 [0 1]]
2026-02-26 12:54:27,489{GMT}	INFO	[jepsen worker 1] jepsen.util: 1	:invoke	:read	[0 nil]
2026-02-26 12:54:27,492{GMT}	INFO	[n1 stderr] maelstrom.process: [2026-02-26T11:54:27.492291Z INFO  maelstrom::runtime] Received {"id":144,"src":"c17","dest":"n1","body":{"key":0,"type":"read","msg_id":6}}
2026-02-26 12:54:27,493{GMT}	INFO	[n1 stderr] maelstrom.process: Node  received READ for key 0
2026-02-26 12:54:27,494{GMT}	INFO	[n1 stderr] maelstrom.process: [2026-02-26T11:54:27.492542Z INFO  maelstrom::runtime] Sent {"src":"n1","dest":"c17","body":{"in_reply_to":6,"type":"read_ok","value":0}}
2026-02-26 12:54:27,494{GMT}	INFO	[jepsen worker 1] jepsen.util: 1	:ok	:read	[0 0]
2026-02-26 12:54:27,500{GMT}	INFO	[jepsen worker 2] jepsen.util: 2	:invoke	:read	[0 nil]
2026-02-26 12:54:27,504{GMT}	INFO	[n2 stderr] maelstrom.process: [2026-02-26T11:54:27.504037Z INFO  maelstrom::runtime] Received {"id":146,"src":"c12","dest":"n2","body":{"key":0,"type":"read","msg_id":5}}
2026-02-26 12:54:27,505{GMT}	INFO	[n2 stderr] maelstrom.process: Node  received READ for key 0
2026-02-26 12:54:27,505{GMT}	INFO	[n2 stderr] maelstrom.process: [2026-02-26T11:54:27.504269Z INFO  maelstrom::runtime] Sent {"src":"n2","dest":"c12","body":{"in_reply_to":5,"type":"read_ok","value":0}}
2026-02-26 12:54:27,505{GMT}	INFO	[jepsen worker 2] jepsen.util: 2	:ok	:read	[0 0]
2026-02-26 12:54:27,515{GMT}	INFO	[jepsen worker 3] jepsen.util: 3	:invoke	:read	[0 nil]
2026-02-26 12:54:27,518{GMT}	INFO	[n3 stderr] maelstrom.process: [2026-02-26T11:54:27.517683Z INFO  maelstrom::runtime] Received {"id":148,"src":"c19","dest":"n3","body":{"key":0,"type":"read","msg_id":4}}
2026-02-26 12:54:27,520{GMT}	INFO	[n3 stderr] maelstrom.process: Node  received READ for key 0
2026-02-26 12:54:27,520{GMT}	INFO	[jepsen worker 3] jepsen.util: 3	:ok	:read	[0 0]
2026-02-26 12:54:27,520{GMT}	INFO	[n3 stderr] maelstrom.process: [2026-02-26T11:54:27.518092Z INFO  maelstrom::runtime] Sent {"src":"n3","dest":"c19","body":{"in_reply_to":4,"type":"read_ok","value":0}}
2026-02-26 12:54:27,537{GMT}	INFO	[jepsen worker 4] jepsen.util: 4	:invoke	:read	[0 nil]
2026-02-26 12:54:27,540{GMT}	INFO	[n4 stderr] maelstrom.process: [2026-02-26T11:54:27.539687Z INFO  maelstrom::runtime] Received {"id":150,"src":"c13","dest":"n4","body":{"key":0,"type":"read","msg_id":4}}
2026-02-26 12:54:27,541{GMT}	INFO	[n4 stderr] maelstrom.process: Node  received READ for key 0
2026-02-26 12:54:27,542{GMT}	INFO	[n4 stderr] maelstrom.process: [2026-02-26T11:54:27.540178Z INFO  maelstrom::runtime] Sent {"src":"n4","dest":"c13","body":{"in_reply_to":4,"type":"read_ok","value":0}}
2026-02-26 12:54:27,542{GMT}	INFO	[jepsen worker 4] jepsen.util: 4	:ok	:read	[0 0]
2026-02-26 12:54:27,544{GMT}	INFO	[jepsen worker 0] jepsen.util: 0	:invoke	:read	[0 nil]
2026-02-26 12:54:27,548{GMT}	INFO	[n0 stderr] maelstrom.process: [2026-02-26T11:54:27.547228Z INFO  maelstrom::runtime] Received {"id":152,"src":"c10","dest":"n0","body":{"key":0,"type":"read","msg_id":23}}
2026-02-26 12:54:27,548{GMT}	INFO	[jepsen worker 6] jepsen.util: 6	:invoke	:write	[0 3]
2026-02-26 12:54:27,549{GMT}	INFO	[n0 stderr] maelstrom.process: Node  received READ for key 0
2026-02-26 12:54:27,549{GMT}	INFO	[n0 stderr] maelstrom.process: [2026-02-26T11:54:27.547737Z INFO  maelstrom::runtime] Sent {"src":"n0","dest":"c10","body":{"in_reply_to":23,"type":"read_ok","value":0}}
2026-02-26 12:54:27,549{GMT}	INFO	[jepsen worker 0] jepsen.util: 0	:ok	:read	[0 0]
2026-02-26 12:54:27,550{GMT}	INFO	[n1 stderr] maelstrom.process: [2026-02-26T11:54:27.550307Z INFO  maelstrom::runtime] Received {"id":154,"src":"c14","dest":"n1","body":{"key":0,"value":3,"type":"write","msg_id":4}}
2026-02-26 12:54:27,551{GMT}	INFO	[n1 stderr] maelstrom.process: Node  received WRITE: 0=3
2026-02-26 12:54:27,552{GMT}	INFO	[n1 stderr] maelstrom.process: [2026-02-26T11:54:27.550585Z INFO  maelstrom::runtime] Sent {"src":"n1","dest":"c14","body":{"in_reply_to":4,"type":"write_ok"}}
2026-02-26 12:54:27,552{GMT}	INFO	[jepsen worker 6] jepsen.util: 6	:ok	:write	[0 3]
2026-02-26 12:54:27,553{GMT}	INFO	[jepsen worker 7] jepsen.util: 7	:invoke	:cas	[0 [1 0]]
2026-02-26 12:54:27,556{GMT}	INFO	[n2 stderr] maelstrom.process: [2026-02-26T11:54:27.555753Z INFO  maelstrom::runtime] Received {"id":156,"src":"c15","dest":"n2","body":{"key":0,"from":1,"to":0,"type":"cas","msg_id":5}}
2026-02-26 12:54:27,556{GMT}	INFO	[jepsen worker 0] jepsen.util: 0	:invoke	:read	[0 nil]
2026-02-26 12:54:27,556{GMT}	INFO	[n2 stderr] maelstrom.process: Node  received CAS (not implemented)
2026-02-26 12:54:27,557{GMT}	INFO	[n2 stderr] maelstrom.process: [2026-02-26T11:54:27.556105Z INFO  maelstrom::runtime] Sent {"src":"n2","dest":"c15","body":{"in_reply_to":5,"type":"cas_ok"}}
2026-02-26 12:54:27,557{GMT}	INFO	[jepsen worker 7] jepsen.util: 7	:ok	:cas	[0 [1 0]]
2026-02-26 12:54:27,558{GMT}	INFO	[n0 stderr] maelstrom.process: [2026-02-26T11:54:27.557824Z INFO  maelstrom::runtime] Received {"id":158,"src":"c10","dest":"n0","body":{"key":0,"type":"read","msg_id":24}}
2026-02-26 12:54:27,558{GMT}	INFO	[n0 stderr] maelstrom.process: Node  received READ for key 0
2026-02-26 12:54:27,559{GMT}	INFO	[n0 stderr] maelstrom.process: [2026-02-26T11:54:27.558102Z INFO  maelstrom::runtime] Sent {"src":"n0","dest":"c10","body":{"in_reply_to":24,"type":"read_ok","value":0}}
2026-02-26 12:54:27,559{GMT}	INFO	[jepsen worker 0] jepsen.util: 0	:ok	:read	[0 0]
2026-02-26 12:54:27,561{GMT}	INFO	[jepsen worker 1] jepsen.util: 1	:invoke	:read	[0 nil]
2026-02-26 12:54:27,564{GMT}	INFO	[n1 stderr] maelstrom.process: [2026-02-26T11:54:27.563827Z INFO  maelstrom::runtime] Received {"id":160,"src":"c17","dest":"n1","body":{"key":0,"type":"read","msg_id":7}}
2026-02-26 12:54:27,564{GMT}	INFO	[jepsen worker 0] jepsen.util: 0	:invoke	:read	[0 nil]
2026-02-26 12:54:27,564{GMT}	INFO	[n1 stderr] maelstrom.process: Node  received READ for key 0
2026-02-26 12:54:27,565{GMT}	INFO	[n1 stderr] maelstrom.process: [2026-02-26T11:54:27.564116Z INFO  maelstrom::runtime] Sent {"src":"n1","dest":"c17","body":{"in_reply_to":7,"type":"read_ok","value":0}}
2026-02-26 12:54:27,566{GMT}	INFO	[jepsen worker 1] jepsen.util: 1	:ok	:read	[0 0]
2026-02-26 12:54:27,566{GMT}	INFO	[n0 stderr] maelstrom.process: [2026-02-26T11:54:27.566074Z INFO  maelstrom::runtime] Received {"id":162,"src":"c10","dest":"n0","body":{"key":0,"type":"read","msg_id":25}}
2026-02-26 12:54:27,567{GMT}	INFO	[n0 stderr] maelstrom.process: Node  received READ for key 0
2026-02-26 12:54:27,567{GMT}	INFO	[n0 stderr] maelstrom.process: [2026-02-26T11:54:27.566444Z INFO  maelstrom::runtime] Sent {"src":"n0","dest":"c10","body":{"in_reply_to":25,"type":"read_ok","value":0}}
2026-02-26 12:54:27,568{GMT}	INFO	[jepsen worker 0] jepsen.util: 0	:ok	:read	[0 0]
2026-02-26 12:54:27,575{GMT}	INFO	[jepsen worker 0] jepsen.util: 0	:invoke	:read	[0 nil]
2026-02-26 12:54:27,577{GMT}	INFO	[n0 stderr] maelstrom.process: [2026-02-26T11:54:27.577023Z INFO  maelstrom::runtime] Received {"id":164,"src":"c10","dest":"n0","body":{"key":0,"type":"read","msg_id":26}}
2026-02-26 12:54:27,578{GMT}	INFO	[n0 stderr] maelstrom.process: Node  received READ for key 0
2026-02-26 12:54:27,578{GMT}	INFO	[n0 stderr] maelstrom.process: [2026-02-26T11:54:27.577312Z INFO  maelstrom::runtime] Sent {"src":"n0","dest":"c10","body":{"in_reply_to":26,"type":"read_ok","value":0}}
2026-02-26 12:54:27,578{GMT}	INFO	[jepsen worker 5] jepsen.util: 5	:invoke	:cas	[0 [1 2]]
2026-02-26 12:54:27,579{GMT}	INFO	[jepsen worker 0] jepsen.util: 0	:ok	:read	[0 0]
2026-02-26 12:54:27,580{GMT}	INFO	[n0 stderr] maelstrom.process: [2026-02-26T11:54:27.580336Z INFO  maelstrom::runtime] Received {"id":166,"src":"c11","dest":"n0","body":{"key":0,"from":1,"to":2,"type":"cas","msg_id":19}}
2026-02-26 12:54:27,581{GMT}	INFO	[n0 stderr] maelstrom.process: Node  received CAS (not implemented)
2026-02-26 12:54:27,581{GMT}	INFO	[n0 stderr] maelstrom.process: [2026-02-26T11:54:27.580727Z INFO  maelstrom::runtime] Sent {"src":"n0","dest":"c11","body":{"in_reply_to":19,"type":"cas_ok"}}
2026-02-26 12:54:27,582{GMT}	INFO	[jepsen worker 5] jepsen.util: 5	:ok	:cas	[0 [1 2]]
2026-02-26 12:54:27,594{GMT}	INFO	[jepsen worker 5] jepsen.util: 5	:invoke	:write	[0 4]
2026-02-26 12:54:27,597{GMT}	INFO	[n0 stderr] maelstrom.process: [2026-02-26T11:54:27.597149Z INFO  maelstrom::runtime] Received {"id":168,"src":"c11","dest":"n0","body":{"key":0,"value":4,"type":"write","msg_id":20}}
2026-02-26 12:54:27,598{GMT}	INFO	[n0 stderr] maelstrom.process: Node  received WRITE: 0=4
2026-02-26 12:54:27,599{GMT}	INFO	[n0 stderr] maelstrom.process: [2026-02-26T11:54:27.597676Z INFO  maelstrom::runtime] Sent {"src":"n0","dest":"c11","body":{"in_reply_to":20,"type":"write_ok"}}
2026-02-26 12:54:27,599{GMT}	INFO	[jepsen worker 5] jepsen.util: 5	:ok	:write	[0 4]
2026-02-26 12:54:27,614{GMT}	INFO	[jepsen worker 3] jepsen.util: 3	:invoke	:read	[0 nil]
2026-02-26 12:54:27,616{GMT}	INFO	[n3 stderr] maelstrom.process: [2026-02-26T11:54:27.616476Z INFO  maelstrom::runtime] Received {"id":170,"src":"c19","dest":"n3","body":{"key":0,"type":"read","msg_id":5}}
2026-02-26 12:54:27,617{GMT}	INFO	[n3 stderr] maelstrom.process: Node  received READ for key 0
2026-02-26 12:54:27,617{GMT}	INFO	[n3 stderr] maelstrom.process: [2026-02-26T11:54:27.616708Z INFO  maelstrom::runtime] Sent {"src":"n3","dest":"c19","body":{"in_reply_to":5,"type":"read_ok","value":0}}
2026-02-26 12:54:27,618{GMT}	INFO	[jepsen worker 3] jepsen.util: 3	:ok	:read	[0 0]
2026-02-26 12:54:27,623{GMT}	INFO	[jepsen worker 4] jepsen.util: 4	:invoke	:read	[0 nil]
2026-02-26 12:54:27,625{GMT}	INFO	[n4 stderr] maelstrom.process: [2026-02-26T11:54:27.625213Z INFO  maelstrom::runtime] Received {"id":172,"src":"c13","dest":"n4","body":{"key":0,"type":"read","msg_id":5}}
2026-02-26 12:54:27,626{GMT}	INFO	[n4 stderr] maelstrom.process: Node  received READ for key 0
2026-02-26 12:54:27,627{GMT}	INFO	[n4 stderr] maelstrom.process: [2026-02-26T11:54:27.625504Z INFO  maelstrom::runtime] Sent {"src":"n4","dest":"c13","body":{"in_reply_to":5,"type":"read_ok","value":0}}
2026-02-26 12:54:27,627{GMT}	INFO	[jepsen worker 4] jepsen.util: 4	:ok	:read	[0 0]
2026-02-26 12:54:27,628{GMT}	INFO	[jepsen worker 0] jepsen.util: 0	:invoke	:read	[0 nil]
2026-02-26 12:54:27,631{GMT}	INFO	[n0 stderr] maelstrom.process: [2026-02-26T11:54:27.631230Z INFO  maelstrom::runtime] Received {"id":174,"src":"c10","dest":"n0","body":{"key":0,"type":"read","msg_id":27}}
2026-02-26 12:54:27,632{GMT}	INFO	[n0 stderr] maelstrom.process: Node  received READ for key 0
2026-02-26 12:54:27,632{GMT}	INFO	[n0 stderr] maelstrom.process: [2026-02-26T11:54:27.631663Z INFO  maelstrom::runtime] Sent {"src":"n0","dest":"c10","body":{"in_reply_to":27,"type":"read_ok","value":0}}
2026-02-26 12:54:27,633{GMT}	INFO	[jepsen worker 0] jepsen.util: 0	:ok	:read	[0 0]
2026-02-26 12:54:27,643{GMT}	INFO	[jepsen worker 0] jepsen.util: 0	:invoke	:read	[0 nil]
2026-02-26 12:54:27,645{GMT}	INFO	[n0 stderr] maelstrom.process: [2026-02-26T11:54:27.645362Z INFO  maelstrom::runtime] Received {"id":176,"src":"c10","dest":"n0","body":{"key":0,"type":"read","msg_id":28}}
2026-02-26 12:54:27,646{GMT}	INFO	[n0 stderr] maelstrom.process: Node  received READ for key 0
2026-02-26 12:54:27,647{GMT}	INFO	[n0 stderr] maelstrom.process: [2026-02-26T11:54:27.645661Z INFO  maelstrom::runtime] Sent {"src":"n0","dest":"c10","body":{"in_reply_to":28,"type":"read_ok","value":0}}
2026-02-26 12:54:27,647{GMT}	INFO	[jepsen worker 0] jepsen.util: 0	:ok	:read	[0 0]
2026-02-26 12:54:27,662{GMT}	INFO	[jepsen worker 0] jepsen.util: 0	:invoke	:read	[0 nil]
2026-02-26 12:54:27,664{GMT}	INFO	[n0 stderr] maelstrom.process: [2026-02-26T11:54:27.664114Z INFO  maelstrom::runtime] Received {"id":178,"src":"c10","dest":"n0","body":{"key":0,"type":"read","msg_id":29}}
2026-02-26 12:54:27,665{GMT}	INFO	[n0 stderr] maelstrom.process: Node  received READ for key 0
2026-02-26 12:54:27,665{GMT}	INFO	[n0 stderr] maelstrom.process: [2026-02-26T11:54:27.664493Z INFO  maelstrom::runtime] Sent {"src":"n0","dest":"c10","body":{"in_reply_to":29,"type":"read_ok","value":0}}
2026-02-26 12:54:27,666{GMT}	INFO	[jepsen worker 0] jepsen.util: 0	:ok	:read	[0 0]
2026-02-26 12:54:27,672{GMT}	INFO	[jepsen worker 8] jepsen.util: 8	:invoke	:cas	[0 [4 4]]
2026-02-26 12:54:27,674{GMT}	INFO	[n3 stderr] maelstrom.process: [2026-02-26T11:54:27.673637Z INFO  maelstrom::runtime] Received {"id":180,"src":"c16","dest":"n3","body":{"key":0,"from":4,"to":4,"type":"cas","msg_id":3}}
2026-02-26 12:54:27,675{GMT}	INFO	[n3 stderr] maelstrom.process: Node  received CAS (not implemented)
2026-02-26 12:54:27,675{GMT}	INFO	[n3 stderr] maelstrom.process: [2026-02-26T11:54:27.674080Z INFO  maelstrom::runtime] Sent {"src":"n3","dest":"c16","body":{"in_reply_to":3,"type":"cas_ok"}}
2026-02-26 12:54:27,676{GMT}	INFO	[jepsen worker 8] jepsen.util: 8	:ok	:cas	[0 [4 4]]
2026-02-26 12:54:27,690{GMT}	INFO	[jepsen worker 0] jepsen.util: 0	:invoke	:read	[0 nil]
2026-02-26 12:54:27,694{GMT}	INFO	[n0 stderr] maelstrom.process: [2026-02-26T11:54:27.693638Z INFO  maelstrom::runtime] Received {"id":182,"src":"c10","dest":"n0","body":{"key":0,"type":"read","msg_id":30}}
2026-02-26 12:54:27,694{GMT}	INFO	[n0 stderr] maelstrom.process: Node  received READ for key 0
2026-02-26 12:54:27,695{GMT}	INFO	[n0 stderr] maelstrom.process: [2026-02-26T11:54:27.694030Z INFO  maelstrom::runtime] Sent {"src":"n0","dest":"c10","body":{"in_reply_to":30,"type":"read_ok","value":0}}
2026-02-26 12:54:27,696{GMT}	INFO	[jepsen worker 1] jepsen.util: 1	:invoke	:read	[0 nil]
2026-02-26 12:54:27,696{GMT}	INFO	[jepsen worker 0] jepsen.util: 0	:ok	:read	[0 0]
2026-02-26 12:54:27,697{GMT}	INFO	[n1 stderr] maelstrom.process: [2026-02-26T11:54:27.697438Z INFO  maelstrom::runtime] Received {"id":184,"src":"c17","dest":"n1","body":{"key":0,"type":"read","msg_id":8}}
2026-02-26 12:54:27,698{GMT}	INFO	[n1 stderr] maelstrom.process: Node  received READ for key 0
2026-02-26 12:54:27,699{GMT}	INFO	[n1 stderr] maelstrom.process: [2026-02-26T11:54:27.697817Z INFO  maelstrom::runtime] Sent {"src":"n1","dest":"c17","body":{"in_reply_to":8,"type":"read_ok","value":0}}
2026-02-26 12:54:27,700{GMT}	INFO	[jepsen worker 1] jepsen.util: 1	:ok	:read	[0 0]
2026-02-26 12:54:27,714{GMT}	INFO	[jepsen worker 5] jepsen.util: 5	:invoke	:write	[0 0]
2026-02-26 12:54:27,716{GMT}	INFO	[n0 stderr] maelstrom.process: [2026-02-26T11:54:27.716222Z INFO  maelstrom::runtime] Received {"id":186,"src":"c11","dest":"n0","body":{"key":0,"value":0,"type":"write","msg_id":21}}
2026-02-26 12:54:27,717{GMT}	INFO	[n0 stderr] maelstrom.process: Node  received WRITE: 0=0
2026-02-26 12:54:27,717{GMT}	INFO	[n0 stderr] maelstrom.process: [2026-02-26T11:54:27.716694Z INFO  maelstrom::runtime] Sent {"src":"n0","dest":"c11","body":{"in_reply_to":21,"type":"write_ok"}}
2026-02-26 12:54:27,718{GMT}	INFO	[jepsen worker 5] jepsen.util: 5	:ok	:write	[0 0]
2026-02-26 12:54:27,760{GMT}	INFO	[jepsen test runner] jepsen.core: Run complete, writing
2026-02-26 12:54:27,875{GMT}	INFO	[jepsen node n0] maelstrom.db: Tearing down n0
2026-02-26 12:54:27,876{GMT}	INFO	[jepsen node n1] maelstrom.db: Tearing down n1
2026-02-26 12:54:27,876{GMT}	INFO	[jepsen node n2] maelstrom.db: Tearing down n2
2026-02-26 12:54:27,876{GMT}	INFO	[jepsen node n3] maelstrom.db: Tearing down n3
2026-02-26 12:54:27,877{GMT}	INFO	[jepsen node n4] maelstrom.db: Tearing down n4
2026-02-26 12:54:29,657{GMT}	INFO	[jepsen node n0] maelstrom.net: Shutting down Maelstrom network
2026-02-26 12:54:29,659{GMT}	INFO	[jepsen test runner] jepsen.core: Analyzing...
2026-02-26 12:54:29,928{GMT}	WARN	[clojure-agent-send-off-pool-4] jepsen.checker: Error rendering linearizability analysis
java.lang.AssertionError: Assert failed: Expected index but got nil for op #knossos.op.Op{:process nil, :type nil, :f nil, :value nil, :index nil}
i
	at knossos.linear.report$time_coords$fn__10900.invoke(report.clj:184)
	at clojure.core$map$fn__5954.invoke(core.clj:2770)
	at clojure.lang.LazySeq.force(LazySeq.java:50)
	at clojure.lang.LazySeq.realize(LazySeq.java:89)
	at clojure.lang.LazySeq.seq(LazySeq.java:106)
	at clojure.lang.RT.seq(RT.java:555)
	at clojure.core$seq__5486.invokeStatic(core.clj:139)
	at clojure.core.protocols$seq_reduce.invokeStatic(protocols.clj:24)
	at clojure.core.protocols$fn__8262.invokeStatic(protocols.clj:74)
	at clojure.core.protocols$fn__8262.invoke(protocols.clj:74)
	at clojure.core.protocols$fn__8203$G__8198__8216.invoke(protocols.clj:13)
	at clojure.core$reduce.invokeStatic(core.clj:6965)
	at clojure.core$into.invokeStatic(core.clj:7038)
	at clojure.core$into.invoke(core.clj:7029)
	at knossos.linear.report$time_coords.invokeStatic(report.clj:194)
	at knossos.linear.report$time_coords.invoke(report.clj:177)
	at knossos.linear.report$learnings.invokeStatic(report.clj:442)
	at knossos.linear.report$learnings.invoke(report.clj:422)
	at knossos.linear.report$render_analysis_BANG_.invokeStatic(report.clj:654)
	at knossos.linear.report$render_analysis_BANG_.invoke(report.clj:649)
	at jepsen.checker$linearizable$reify__11134$fn__11136.invoke(checker.clj:226)
	at jepsen.checker$linearizable$reify__11134.check(checker.clj:224)
	at jepsen.checker$check_safe.invokeStatic(checker.clj:88)
	at jepsen.checker$check_safe.invoke(checker.clj:80)
	at jepsen.checker$compose$reify__11089$fn__11091.invoke(checker.clj:104)
	at clojure.core$pmap$fn__8582$fn__8583.invoke(core.clj:7169)
	at clojure.core$binding_conveyor_fn$fn__5842.invoke(core.clj:2047)
	at clojure.lang.AFn.call(AFn.java:18)
	at java.base/java.util.concurrent.FutureTask.run(FutureTask.java:328)
	at java.base/java.util.concurrent.ThreadPoolExecutor.runWorker(ThreadPoolExecutor.java:1090)
	at java.base/java.util.concurrent.ThreadPoolExecutor$Worker.run(ThreadPoolExecutor.java:614)
	at java.base/java.lang.Thread.run(Thread.java:1474)
2026-02-26 12:54:29,992{GMT}	INFO	[clojure-agent-send-pool-0] jepsen.independent: Wrote /home/tim/Work/ID2203/omnipaxos-kv-main/store/lin-kv/20260226T125425.503+0100/independent/0/results.edn
2026-02-26 12:54:30,000{GMT}	INFO	[clojure-agent-send-pool-0] jepsen.independent: Wrote /home/tim/Work/ID2203/omnipaxos-kv-main/store/lin-kv/20260226T125425.503+0100/independent/0/history.edn
2026-02-26 12:54:30,169{GMT}	INFO	[jepsen test runner] jepsen.core: Analysis complete
2026-02-26 12:54:30,191{GMT}	INFO	[jepsen results] jepsen.store: Wrote /home/tim/Work/ID2203/omnipaxos-kv-main/store/lin-kv/20260226T125425.503+0100/results.edn
2026-02-26 12:54:30,232{GMT}	INFO	[jepsen test runner] jepsen.core: {:perf {:latency-graph {:valid? true},
        :rate-graph {:valid? true},
        :valid? true},
 :timeline {:valid? true},
 :exceptions {:valid? true},
 :stats {:valid? true,
         :count 89,
         :ok-count 89,
         :fail-count 0,
         :info-count 0,
         :by-f {:cas {:valid? true,
                      :count 23,
                      :ok-count 23,
                      :fail-count 0,
                      :info-count 0},
                :read {:valid? true,
                       :count 53,
                       :ok-count 53,
                       :fail-count 0,
                       :info-count 0},
                :write {:valid? true,
                        :count 13,
                        :ok-count 13,
                        :fail-count 0,
                        :info-count 0}}},
 :availability {:valid? true, :ok-fraction 1.0},
 :net {:all {:send-count 188,
             :recv-count 188,
             :msg-count 188,
             :msgs-per-op 2.1123595},
       :clients {:send-count 188, :recv-count 188, :msg-count 188},
       :servers {:send-count 0,
                 :recv-count 0,
                 :msg-count 0,
                 :msgs-per-op 0.0},
       :valid? true},
 :workload {:valid? false,
            :results {0 {:linearizable {:valid? false,
                                        :configs ({:model #knossos.model.CASRegister{:value nil},
                                                   :last-op nil,
                                                   :pending [{:process 0,
                                                              :type :invoke,
                                                              :f :read,
                                                              :value 0,
                                                              :index 0,
                                                              :time 16871014}
                                                             {:process 5,
                                                              :type :invoke,
                                                              :f :write,
                                                              :value 2,
                                                              :index 1,
                                                              :time 23525590}]}),
                                        :final-paths ([{:op nil,
                                                        :model #knossos.model.CASRegister{:value nil}}
                                                       {:op {:process 5,
                                                             :type :invoke,
                                                             :f :write,
                                                             :value 2,
                                                             :index 1,
                                                             :time 23525590},
                                                        :model #knossos.model.CASRegister{:value 2}}
                                                       {:op {:process 0,
                                                             :type :ok,
                                                             :f :read,
                                                             :value 0,
                                                             :index 2,
                                                             :time 26627255},
                                                        :model #knossos.model.Inconsistent{:msg "can't read 0 from register 2"}}]
                                                      [{:op nil,
                                                        :model #knossos.model.CASRegister{:value nil}}
                                                       {:op {:process 0,
                                                             :type :ok,
                                                             :f :read,
                                                             :value 0,
                                                             :index 2,
                                                             :time 26627255},
                                                        :model #knossos.model.Inconsistent{:msg "can't read 0 from register "}}]),
                                        :previous-ok nil,
                                        :last-op nil,
                                        :op {:process 0,
                                             :type :ok,
                                             :f :read,
                                             :value 0,
                                             :index 2,
                                             :time 26627255}},
                         :timeline {:valid? true},
                         :valid? false}},
            :failures [0]},
 :valid? false}


Analysis invalid! (ﾉಥ益ಥ）ﾉ ┻━┻
