2026-02-26 14:12:55,012{GMT}	INFO	[jepsen test runner] jepsen.core: Test version cae4e7ea62e897578bc7cb05acf3c5d06f2c031e (plus uncommitted changes)
2026-02-26 14:12:55,012{GMT}	INFO	[jepsen test runner] jepsen.core: Command line:
lein run test -w lin-kv --bin target/release/shim --node-count 5 --concurrency 2n --time-limit 1 --rate 100 --log-stderr
2026-02-26 14:12:55,052{GMT}	INFO	[jepsen test runner] jepsen.core: Running test:
{:args []
 :remote
 #jepsen.control.retry.Remote{:remote #jepsen.control.scp.Remote{:cmd-remote #jepsen.control.sshj.SSHJRemote{:concurrency-limit 6,
                                                                                                             :conn-spec nil,
                                                                                                             :client nil,
                                                                                                             :semaphore nil},
                                                                 :conn-spec nil},
                              :conn nil}
 :log-net-send false
 :node-count 5
 :availability nil
 :max-txn-length 4
 :concurrency 10
 :db
 #object[maelstrom.db$db$reify__16612
         "0x4ebf82d9"
         "maelstrom.db$db$reify__16612@4ebf82d9"]
 :max-writes-per-key 16
 :leave-db-running? false
 :name "lin-kv"
 :logging-json? false
 :start-time
 #object[org.joda.time.DateTime "0x7d26b390" "2026-02-26T14:12:54.994+01:00"]
 :nemesis-interval 10
 :net
 #object[maelstrom.net$jepsen_net$reify__15721
         "0x6ff5eeed"
         "maelstrom.net$jepsen_net$reify__15721@6ff5eeed"]
 :client
 #object[maelstrom.workload.lin_kv$client$reify__20973
         "0x76b49d0"
         "maelstrom.workload.lin_kv$client$reify__20973@76b49d0"]
 :barrier
 #object[java.util.concurrent.CyclicBarrier
         "0x223c42b0"
         "java.util.concurrent.CyclicBarrier@223c42b0"]
 :log-stderr true
 :pure-generators true
 :ssh {:dummy? true}
 :rate 100.0
 :checker
 #object[jepsen.checker$compose$reify__11089
         "0x6acedf54"
         "jepsen.checker$compose$reify__11089@6acedf54"]
 :argv
 ("test"
  "-w"
  "lin-kv"
  "--bin"
  "target/release/shim"
  "--node-count"
  "5"
  "--concurrency"
  "2n"
  "--time-limit"
  "1"
  "--rate"
  "100"
  "--log-stderr")
 :nemesis
 (jepsen.nemesis.ReflCompose
  {:fm {:start-partition 0,
        :stop-partition 0,
        :kill 1,
        :start 1,
        :pause 1,
        :resume 1},
   :nemeses [#unprintable "jepsen.nemesis.combined$partition_nemesis$reify__16905@2a0cc666"
             #unprintable "jepsen.nemesis.combined$db_nemesis$reify__16886@77f43f3e"]})
 :nodes ["n0" "n1" "n2" "n3" "n4"]
 :test-count 1
 :latency {:mean 0, :dist :constant}
 :bin "target/release/shim"
 :generator
 #object[jepsen.util.Forgettable
         "0x67a6f2c4"
         (jepsen.generator.TimeLimit
          {:limit 1000000000,
           :cutoff nil,
           :gen (jepsen.generator.Any
                 {:gens [(jepsen.generator.OnThreads
                          {:f #{:nemesis},
                           :context-filter #object[jepsen.generator.context$make_thread_filter$lazy_filter__12077
                                                   "0x36e23af"
                                                   "jepsen.generator.context$make_thread_filter$lazy_filter__12077@36e23af"],
                           :gen nil})
                         (jepsen.generator.OnThreads
                          {:f #jepsen.generator.context.AllBut{:element :nemesis},
                           :context-filter #object[jepsen.generator.context$make_thread_filter$lazy_filter__12077
                                                   "0x5e4a9c16"
                                                   "jepsen.generator.context$make_thread_filter$lazy_filter__12077@5e4a9c16"],
                           :gen (jepsen.generator.Stagger
                                 {:dt 20000000,
                                  :next-time nil,
                                  :gen (jepsen.generator.OnThreads
                                        {:f #jepsen.generator.context.AllBut{:element :nemesis},
                                         :context-filter #object[jepsen.generator.context$make_thread_filter$lazy_filter__12077
                                                                 "0x544ee437"
                                                                 "jepsen.generator.context$make_thread_filter$lazy_filter__12077@544ee437"],
                                         :gen (jepsen.independent.ConcurrentGenerator
                                               {:n 10,
                                                :fgen #object[jepsen.tests.linearizable_register$test$fn__17385
                                                              "0xffd26d1"
                                                              "jepsen.tests.linearizable_register$test$fn__17385@ffd26d1"],
                                                :group->threads nil,
                                                :thread->group nil,
                                                :group->context-filter nil,
                                                :keys (0 1 2 3 4 5 6 7 ...),
                                                :gens nil})})})})]})})]
 :log-net-recv false
 :os
 #object[maelstrom.net$jepsen_os$reify__15724
         "0x775c865f"
         "maelstrom.net$jepsen_os$reify__15724@775c865f"]
 :time-limit 1
 :workload :lin-kv
 :consistency-models [:strict-serializable]
 :topology :grid}

2026-02-26 14:12:56,112{GMT}	INFO	[jepsen node n0] maelstrom.net: Starting Maelstrom network
2026-02-26 14:12:56,113{GMT}	INFO	[jepsen test runner] jepsen.db: Tearing down DB
2026-02-26 14:12:56,114{GMT}	INFO	[jepsen test runner] jepsen.db: Setting up DB
2026-02-26 14:12:56,114{GMT}	INFO	[jepsen node n3] maelstrom.db: Setting up n3
2026-02-26 14:12:56,114{GMT}	INFO	[jepsen node n1] maelstrom.db: Setting up n1
2026-02-26 14:12:56,114{GMT}	INFO	[jepsen node n2] maelstrom.db: Setting up n2
2026-02-26 14:12:56,114{GMT}	INFO	[jepsen node n4] maelstrom.db: Setting up n4
2026-02-26 14:12:56,114{GMT}	INFO	[jepsen node n1] maelstrom.process: launching target/release/shim []
2026-02-26 14:12:56,114{GMT}	INFO	[jepsen node n4] maelstrom.process: launching target/release/shim []
2026-02-26 14:12:56,114{GMT}	INFO	[jepsen node n2] maelstrom.process: launching target/release/shim []
2026-02-26 14:12:56,114{GMT}	INFO	[jepsen node n3] maelstrom.process: launching target/release/shim []
2026-02-26 14:12:56,115{GMT}	INFO	[jepsen node n0] maelstrom.service: Starting services: (lin-kv lin-tso lww-kv seq-kv)
2026-02-26 14:12:56,116{GMT}	INFO	[jepsen node n0] maelstrom.db: Setting up n0
2026-02-26 14:12:56,117{GMT}	INFO	[jepsen node n0] maelstrom.process: launching target/release/shim []
2026-02-26 14:12:56,127{GMT}	INFO	[n3 stderr] maelstrom.process: [2026-02-26T13:12:56.127557Z INFO  maelstrom::runtime] Received {"id":3,"src":"c3","dest":"n3","body":{"type":"init","node_id":"n3","node_ids":["n0","n1","n2","n3","n4"],"msg_id":1}}
2026-02-26 14:12:56,127{GMT}	INFO	[n2 stderr] maelstrom.process: [2026-02-26T13:12:56.127545Z INFO  maelstrom::runtime] Received {"id":1,"src":"c1","dest":"n2","body":{"type":"init","node_id":"n2","node_ids":["n0","n1","n2","n3","n4"],"msg_id":1}}
2026-02-26 14:12:56,127{GMT}	INFO	[n1 stderr] maelstrom.process: [2026-02-26T13:12:56.127546Z INFO  maelstrom::runtime] Received {"id":2,"src":"c2","dest":"n1","body":{"type":"init","node_id":"n1","node_ids":["n0","n1","n2","n3","n4"],"msg_id":1}}
2026-02-26 14:12:56,128{GMT}	INFO	[n3 stderr] maelstrom.process: Initializing with 2 nodes: "n3"
2026-02-26 14:12:56,128{GMT}	INFO	[n2 stderr] maelstrom.process: Initializing with 2 nodes: "n2"
2026-02-26 14:12:56,128{GMT}	INFO	[n1 stderr] maelstrom.process: Initializing with 2 nodes: "n1"
2026-02-26 14:12:56,128{GMT}	INFO	[n2 stderr] maelstrom.process: [2026-02-26T13:12:56.127887Z INFO  maelstrom::runtime] Sent {"src":"n2","dest":"c1","body":{"in_reply_to":1,"type":"init_ok"}}
2026-02-26 14:12:56,128{GMT}	INFO	[n3 stderr] maelstrom.process: [2026-02-26T13:12:56.127987Z INFO  maelstrom::runtime] Sent {"src":"n3","dest":"c3","body":{"in_reply_to":1,"type":"init_ok"}}
2026-02-26 14:12:56,128{GMT}	INFO	[n1 stderr] maelstrom.process: [2026-02-26T13:12:56.127883Z INFO  maelstrom::runtime] Sent {"src":"n1","dest":"c2","body":{"in_reply_to":1,"type":"init_ok"}}
2026-02-26 14:12:56,127{GMT}	INFO	[n0 stderr] maelstrom.process: [2026-02-26T13:12:56.127540Z INFO  maelstrom::runtime] Received {"id":4,"src":"c4","dest":"n0","body":{"type":"init","node_id":"n0","node_ids":["n0","n1","n2","n3","n4"],"msg_id":1}}
2026-02-26 14:12:56,127{GMT}	INFO	[n4 stderr] maelstrom.process: [2026-02-26T13:12:56.127724Z INFO  maelstrom::runtime] Received {"id":0,"src":"c0","dest":"n4","body":{"type":"init","node_id":"n4","node_ids":["n0","n1","n2","n3","n4"],"msg_id":1}}
2026-02-26 14:12:56,128{GMT}	INFO	[n0 stderr] maelstrom.process: Initializing with 2 nodes: "n0"
2026-02-26 14:12:56,128{GMT}	INFO	[n4 stderr] maelstrom.process: Initializing with 2 nodes: "n4"
2026-02-26 14:12:56,128{GMT}	INFO	[n0 stderr] maelstrom.process: [2026-02-26T13:12:56.127852Z INFO  maelstrom::runtime] Sent {"src":"n0","dest":"c4","body":{"in_reply_to":1,"type":"init_ok"}}
2026-02-26 14:12:56,128{GMT}	INFO	[n4 stderr] maelstrom.process: [2026-02-26T13:12:56.128063Z INFO  maelstrom::runtime] Sent {"src":"n4","dest":"c0","body":{"in_reply_to":1,"type":"init_ok"}}
2026-02-26 14:12:56,137{GMT}	INFO	[jepsen test runner] jepsen.core: Relative time begins now
2026-02-26 14:12:56,164{GMT}	INFO	[jepsen worker 5] jepsen.util: 5	:invoke	:cas	[0 [1 1]]
2026-02-26 14:12:56,165{GMT}	INFO	[n0 stderr] maelstrom.process: [2026-02-26T13:12:56.165682Z INFO  maelstrom::runtime] Received {"id":10,"src":"c10","dest":"n0","body":{"key":0,"from":1,"to":1,"type":"cas","msg_id":1}}
2026-02-26 14:12:56,166{GMT}	INFO	[n0 stderr] maelstrom.process: Node  received CAS (not implemented)
2026-02-26 14:12:56,166{GMT}	INFO	[n0 stderr] maelstrom.process: [2026-02-26T13:12:56.165762Z INFO  maelstrom::runtime] Sent {"src":"n0","dest":"c10","body":{"in_reply_to":1,"type":"cas_ok"}}
2026-02-26 14:12:56,166{GMT}	INFO	[jepsen worker 5] jepsen.util: 5	:ok	:cas	[0 [1 1]]
2026-02-26 14:12:56,174{GMT}	INFO	[jepsen worker 1] jepsen.util: 1	:invoke	:read	[0 nil]
2026-02-26 14:12:56,176{GMT}	INFO	[n1 stderr] maelstrom.process: [2026-02-26T13:12:56.176257Z INFO  maelstrom::runtime] Received {"id":12,"src":"c11","dest":"n1","body":{"key":0,"type":"read","msg_id":1}}
2026-02-26 14:12:56,176{GMT}	INFO	[n1 stderr] maelstrom.process: Node  received READ for key 0
2026-02-26 14:12:56,176{GMT}	INFO	[n1 stderr] maelstrom.process: [2026-02-26T13:12:56.176414Z INFO  maelstrom::runtime] Sent {"src":"n1","dest":"c11","body":{"in_reply_to":1,"type":"read_ok","value":0}}
2026-02-26 14:12:56,177{GMT}	INFO	[jepsen worker 1] jepsen.util: 1	:ok	:read	[0 0]
2026-02-26 14:12:56,191{GMT}	INFO	[jepsen worker 5] jepsen.util: 5	:invoke	:write	[0 3]
2026-02-26 14:12:56,192{GMT}	INFO	[n0 stderr] maelstrom.process: [2026-02-26T13:12:56.192306Z INFO  maelstrom::runtime] Received {"id":14,"src":"c10","dest":"n0","body":{"key":0,"value":3,"type":"write","msg_id":2}}
2026-02-26 14:12:56,192{GMT}	INFO	[n0 stderr] maelstrom.process: Node  received WRITE: 0=3
2026-02-26 14:12:56,192{GMT}	INFO	[n0 stderr] maelstrom.process: [2026-02-26T13:12:56.192394Z INFO  maelstrom::runtime] Sent {"src":"n0","dest":"c10","body":{"in_reply_to":2,"type":"write_ok"}}
2026-02-26 14:12:56,192{GMT}	INFO	[jepsen worker 5] jepsen.util: 5	:ok	:write	[0 3]
2026-02-26 14:12:56,197{GMT}	INFO	[jepsen worker 3] jepsen.util: 3	:invoke	:read	[0 nil]
2026-02-26 14:12:56,198{GMT}	INFO	[n3 stderr] maelstrom.process: [2026-02-26T13:12:56.198509Z INFO  maelstrom::runtime] Received {"id":16,"src":"c12","dest":"n3","body":{"key":0,"type":"read","msg_id":1}}
2026-02-26 14:12:56,198{GMT}	INFO	[jepsen worker 4] jepsen.util: 4	:invoke	:read	[0 nil]
2026-02-26 14:12:56,198{GMT}	INFO	[n3 stderr] maelstrom.process: Node  received READ for key 0
2026-02-26 14:12:56,198{GMT}	INFO	[n3 stderr] maelstrom.process: [2026-02-26T13:12:56.198635Z INFO  maelstrom::runtime] Sent {"src":"n3","dest":"c12","body":{"in_reply_to":1,"type":"read_ok","value":0}}
2026-02-26 14:12:56,199{GMT}	INFO	[jepsen worker 3] jepsen.util: 3	:ok	:read	[0 0]
2026-02-26 14:12:56,199{GMT}	INFO	[n4 stderr] maelstrom.process: [2026-02-26T13:12:56.199650Z INFO  maelstrom::runtime] Received {"id":18,"src":"c13","dest":"n4","body":{"key":0,"type":"read","msg_id":1}}
2026-02-26 14:12:56,199{GMT}	INFO	[n4 stderr] maelstrom.process: Node  received READ for key 0
2026-02-26 14:12:56,199{GMT}	INFO	[n4 stderr] maelstrom.process: [2026-02-26T13:12:56.199719Z INFO  maelstrom::runtime] Sent {"src":"n4","dest":"c13","body":{"in_reply_to":1,"type":"read_ok","value":0}}
2026-02-26 14:12:56,200{GMT}	INFO	[jepsen worker 4] jepsen.util: 4	:ok	:read	[0 0]
2026-02-26 14:12:56,215{GMT}	INFO	[jepsen worker 0] jepsen.util: 0	:invoke	:read	[0 nil]
2026-02-26 14:12:56,217{GMT}	INFO	[n0 stderr] maelstrom.process: [2026-02-26T13:12:56.217126Z INFO  maelstrom::runtime] Received {"id":20,"src":"c14","dest":"n0","body":{"key":0,"type":"read","msg_id":1}}
2026-02-26 14:12:56,217{GMT}	INFO	[n0 stderr] maelstrom.process: Node  received READ for key 0
2026-02-26 14:12:56,217{GMT}	INFO	[n0 stderr] maelstrom.process: [2026-02-26T13:12:56.217270Z INFO  maelstrom::runtime] Sent {"src":"n0","dest":"c14","body":{"in_reply_to":1,"type":"read_ok","value":0}}
2026-02-26 14:12:56,217{GMT}	INFO	[jepsen worker 0] jepsen.util: 0	:ok	:read	[0 0]
2026-02-26 14:12:56,232{GMT}	INFO	[jepsen worker 6] jepsen.util: 6	:invoke	:cas	[0 [0 3]]
2026-02-26 14:12:56,233{GMT}	INFO	[n1 stderr] maelstrom.process: [2026-02-26T13:12:56.232964Z INFO  maelstrom::runtime] Received {"id":22,"src":"c15","dest":"n1","body":{"key":0,"from":0,"to":3,"type":"cas","msg_id":1}}
2026-02-26 14:12:56,233{GMT}	INFO	[n1 stderr] maelstrom.process: Node  received CAS (not implemented)
2026-02-26 14:12:56,233{GMT}	INFO	[n1 stderr] maelstrom.process: [2026-02-26T13:12:56.233141Z INFO  maelstrom::runtime] Sent {"src":"n1","dest":"c15","body":{"in_reply_to":1,"type":"cas_ok"}}
2026-02-26 14:12:56,233{GMT}	INFO	[jepsen worker 6] jepsen.util: 6	:ok	:cas	[0 [0 3]]
2026-02-26 14:12:56,242{GMT}	INFO	[jepsen worker 0] jepsen.util: 0	:invoke	:read	[0 nil]
2026-02-26 14:12:56,243{GMT}	INFO	[n0 stderr] maelstrom.process: [2026-02-26T13:12:56.243106Z INFO  maelstrom::runtime] Received {"id":24,"src":"c14","dest":"n0","body":{"key":0,"type":"read","msg_id":2}}
2026-02-26 14:12:56,243{GMT}	INFO	[n0 stderr] maelstrom.process: Node  received READ for key 0
2026-02-26 14:12:56,243{GMT}	INFO	[n0 stderr] maelstrom.process: [2026-02-26T13:12:56.243222Z INFO  maelstrom::runtime] Sent {"src":"n0","dest":"c14","body":{"in_reply_to":2,"type":"read_ok","value":0}}
2026-02-26 14:12:56,243{GMT}	INFO	[jepsen worker 0] jepsen.util: 0	:ok	:read	[0 0]
2026-02-26 14:12:56,261{GMT}	INFO	[jepsen worker 0] jepsen.util: 0	:invoke	:read	[0 nil]
2026-02-26 14:12:56,262{GMT}	INFO	[n0 stderr] maelstrom.process: [2026-02-26T13:12:56.262487Z INFO  maelstrom::runtime] Received {"id":26,"src":"c14","dest":"n0","body":{"key":0,"type":"read","msg_id":3}}
2026-02-26 14:12:56,262{GMT}	INFO	[n0 stderr] maelstrom.process: Node  received READ for key 0
2026-02-26 14:12:56,262{GMT}	INFO	[n0 stderr] maelstrom.process: [2026-02-26T13:12:56.262592Z INFO  maelstrom::runtime] Sent {"src":"n0","dest":"c14","body":{"in_reply_to":3,"type":"read_ok","value":0}}
2026-02-26 14:12:56,263{GMT}	INFO	[jepsen worker 0] jepsen.util: 0	:ok	:read	[0 0]
2026-02-26 14:12:56,272{GMT}	INFO	[jepsen worker 0] jepsen.util: 0	:invoke	:read	[0 nil]
2026-02-26 14:12:56,273{GMT}	INFO	[n0 stderr] maelstrom.process: [2026-02-26T13:12:56.273259Z INFO  maelstrom::runtime] Received {"id":28,"src":"c14","dest":"n0","body":{"key":0,"type":"read","msg_id":4}}
2026-02-26 14:12:56,273{GMT}	INFO	[n0 stderr] maelstrom.process: Node  received READ for key 0
2026-02-26 14:12:56,273{GMT}	INFO	[n0 stderr] maelstrom.process: [2026-02-26T13:12:56.273421Z INFO  maelstrom::runtime] Sent {"src":"n0","dest":"c14","body":{"in_reply_to":4,"type":"read_ok","value":0}}
2026-02-26 14:12:56,274{GMT}	INFO	[jepsen worker 0] jepsen.util: 0	:ok	:read	[0 0]
2026-02-26 14:12:56,287{GMT}	INFO	[jepsen worker 0] jepsen.util: 0	:invoke	:read	[0 nil]
2026-02-26 14:12:56,288{GMT}	INFO	[n0 stderr] maelstrom.process: [2026-02-26T13:12:56.288736Z INFO  maelstrom::runtime] Received {"id":30,"src":"c14","dest":"n0","body":{"key":0,"type":"read","msg_id":5}}
2026-02-26 14:12:56,289{GMT}	INFO	[n0 stderr] maelstrom.process: Node  received READ for key 0
2026-02-26 14:12:56,289{GMT}	INFO	[n0 stderr] maelstrom.process: [2026-02-26T13:12:56.288926Z INFO  maelstrom::runtime] Sent {"src":"n0","dest":"c14","body":{"in_reply_to":5,"type":"read_ok","value":0}}
2026-02-26 14:12:56,289{GMT}	INFO	[jepsen worker 0] jepsen.util: 0	:ok	:read	[0 0]
2026-02-26 14:12:56,304{GMT}	INFO	[jepsen worker 0] jepsen.util: 0	:invoke	:read	[0 nil]
2026-02-26 14:12:56,305{GMT}	INFO	[n0 stderr] maelstrom.process: [2026-02-26T13:12:56.305002Z INFO  maelstrom::runtime] Received {"id":32,"src":"c14","dest":"n0","body":{"key":0,"type":"read","msg_id":6}}
2026-02-26 14:12:56,305{GMT}	INFO	[n0 stderr] maelstrom.process: Node  received READ for key 0
2026-02-26 14:12:56,305{GMT}	INFO	[n0 stderr] maelstrom.process: [2026-02-26T13:12:56.305201Z INFO  maelstrom::runtime] Sent {"src":"n0","dest":"c14","body":{"in_reply_to":6,"type":"read_ok","value":0}}
2026-02-26 14:12:56,306{GMT}	INFO	[jepsen worker 0] jepsen.util: 0	:ok	:read	[0 0]
2026-02-26 14:12:56,307{GMT}	INFO	[jepsen worker 1] jepsen.util: 1	:invoke	:read	[0 nil]
2026-02-26 14:12:56,308{GMT}	INFO	[n1 stderr] maelstrom.process: [2026-02-26T13:12:56.308186Z INFO  maelstrom::runtime] Received {"id":34,"src":"c11","dest":"n1","body":{"key":0,"type":"read","msg_id":2}}
2026-02-26 14:12:56,308{GMT}	INFO	[n1 stderr] maelstrom.process: Node  received READ for key 0
2026-02-26 14:12:56,308{GMT}	INFO	[n1 stderr] maelstrom.process: [2026-02-26T13:12:56.308368Z INFO  maelstrom::runtime] Sent {"src":"n1","dest":"c11","body":{"in_reply_to":2,"type":"read_ok","value":0}}
2026-02-26 14:12:56,309{GMT}	INFO	[jepsen worker 1] jepsen.util: 1	:ok	:read	[0 0]
2026-02-26 14:12:56,324{GMT}	INFO	[jepsen worker 2] jepsen.util: 2	:invoke	:read	[0 nil]
2026-02-26 14:12:56,326{GMT}	INFO	[n2 stderr] maelstrom.process: [2026-02-26T13:12:56.326578Z INFO  maelstrom::runtime] Received {"id":36,"src":"c16","dest":"n2","body":{"key":0,"type":"read","msg_id":1}}
2026-02-26 14:12:56,327{GMT}	INFO	[n2 stderr] maelstrom.process: Node  received READ for key 0
2026-02-26 14:12:56,327{GMT}	INFO	[n2 stderr] maelstrom.process: [2026-02-26T13:12:56.326770Z INFO  maelstrom::runtime] Sent {"src":"n2","dest":"c16","body":{"in_reply_to":1,"type":"read_ok","value":0}}
2026-02-26 14:12:56,328{GMT}	INFO	[jepsen worker 2] jepsen.util: 2	:ok	:read	[0 0]
2026-02-26 14:12:56,337{GMT}	INFO	[jepsen worker 3] jepsen.util: 3	:invoke	:read	[0 nil]
2026-02-26 14:12:56,340{GMT}	INFO	[n3 stderr] maelstrom.process: [2026-02-26T13:12:56.339587Z INFO  maelstrom::runtime] Received {"id":38,"src":"c12","dest":"n3","body":{"key":0,"type":"read","msg_id":2}}
2026-02-26 14:12:56,340{GMT}	INFO	[n3 stderr] maelstrom.process: Node  received READ for key 0
2026-02-26 14:12:56,341{GMT}	INFO	[n3 stderr] maelstrom.process: [2026-02-26T13:12:56.339872Z INFO  maelstrom::runtime] Sent {"src":"n3","dest":"c12","body":{"in_reply_to":2,"type":"read_ok","value":0}}
2026-02-26 14:12:56,341{GMT}	INFO	[jepsen worker 3] jepsen.util: 3	:ok	:read	[0 0]
2026-02-26 14:12:56,349{GMT}	INFO	[jepsen worker 5] jepsen.util: 5	:invoke	:write	[0 4]
2026-02-26 14:12:56,351{GMT}	INFO	[n0 stderr] maelstrom.process: [2026-02-26T13:12:56.350680Z INFO  maelstrom::runtime] Received {"id":40,"src":"c10","dest":"n0","body":{"key":0,"value":4,"type":"write","msg_id":3}}
2026-02-26 14:12:56,351{GMT}	INFO	[n0 stderr] maelstrom.process: Node  received WRITE: 0=4
2026-02-26 14:12:56,352{GMT}	INFO	[n0 stderr] maelstrom.process: [2026-02-26T13:12:56.350993Z INFO  maelstrom::runtime] Sent {"src":"n0","dest":"c10","body":{"in_reply_to":3,"type":"write_ok"}}
2026-02-26 14:12:56,352{GMT}	INFO	[jepsen worker 5] jepsen.util: 5	:ok	:write	[0 4]
2026-02-26 14:12:56,366{GMT}	INFO	[jepsen worker 0] jepsen.util: 0	:invoke	:read	[0 nil]
2026-02-26 14:12:56,367{GMT}	INFO	[n0 stderr] maelstrom.process: [2026-02-26T13:12:56.367649Z INFO  maelstrom::runtime] Received {"id":42,"src":"c14","dest":"n0","body":{"key":0,"type":"read","msg_id":7}}
2026-02-26 14:12:56,368{GMT}	INFO	[n0 stderr] maelstrom.process: Node  received READ for key 0
2026-02-26 14:12:56,369{GMT}	INFO	[n0 stderr] maelstrom.process: [2026-02-26T13:12:56.367837Z INFO  maelstrom::runtime] Sent {"src":"n0","dest":"c14","body":{"in_reply_to":7,"type":"read_ok","value":0}}
2026-02-26 14:12:56,369{GMT}	INFO	[jepsen worker 0] jepsen.util: 0	:ok	:read	[0 0]
2026-02-26 14:12:56,378{GMT}	INFO	[jepsen worker 6] jepsen.util: 6	:invoke	:write	[0 0]
2026-02-26 14:12:56,380{GMT}	INFO	[n1 stderr] maelstrom.process: [2026-02-26T13:12:56.380105Z INFO  maelstrom::runtime] Received {"id":44,"src":"c15","dest":"n1","body":{"key":0,"value":0,"type":"write","msg_id":2}}
2026-02-26 14:12:56,381{GMT}	INFO	[n1 stderr] maelstrom.process: Node  received WRITE: 0=0
2026-02-26 14:12:56,381{GMT}	INFO	[n1 stderr] maelstrom.process: [2026-02-26T13:12:56.380374Z INFO  maelstrom::runtime] Sent {"src":"n1","dest":"c15","body":{"in_reply_to":2,"type":"write_ok"}}
2026-02-26 14:12:56,381{GMT}	INFO	[jepsen worker 6] jepsen.util: 6	:ok	:write	[0 0]
2026-02-26 14:12:56,383{GMT}	INFO	[jepsen worker 7] jepsen.util: 7	:invoke	:cas	[0 [1 4]]
2026-02-26 14:12:56,385{GMT}	INFO	[n2 stderr] maelstrom.process: [2026-02-26T13:12:56.385464Z INFO  maelstrom::runtime] Received {"id":46,"src":"c17","dest":"n2","body":{"key":0,"from":1,"to":4,"type":"cas","msg_id":1}}
2026-02-26 14:12:56,386{GMT}	INFO	[n2 stderr] maelstrom.process: Node  received CAS (not implemented)
2026-02-26 14:12:56,387{GMT}	INFO	[n2 stderr] maelstrom.process: [2026-02-26T13:12:56.385746Z INFO  maelstrom::runtime] Sent {"src":"n2","dest":"c17","body":{"in_reply_to":1,"type":"cas_ok"}}
2026-02-26 14:12:56,387{GMT}	INFO	[jepsen worker 7] jepsen.util: 7	:ok	:cas	[0 [1 4]]
2026-02-26 14:12:56,398{GMT}	INFO	[jepsen worker 8] jepsen.util: 8	:invoke	:cas	[0 [0 1]]
2026-02-26 14:12:56,401{GMT}	INFO	[n3 stderr] maelstrom.process: [2026-02-26T13:12:56.400984Z INFO  maelstrom::runtime] Received {"id":48,"src":"c18","dest":"n3","body":{"key":0,"from":0,"to":1,"type":"cas","msg_id":1}}
2026-02-26 14:12:56,402{GMT}	INFO	[n3 stderr] maelstrom.process: Node  received CAS (not implemented)
2026-02-26 14:12:56,402{GMT}	INFO	[n3 stderr] maelstrom.process: [2026-02-26T13:12:56.401297Z INFO  maelstrom::runtime] Sent {"src":"n3","dest":"c18","body":{"in_reply_to":1,"type":"cas_ok"}}
2026-02-26 14:12:56,402{GMT}	INFO	[jepsen worker 8] jepsen.util: 8	:ok	:cas	[0 [0 1]]
2026-02-26 14:12:56,404{GMT}	INFO	[jepsen worker 0] jepsen.util: 0	:invoke	:read	[0 nil]
2026-02-26 14:12:56,406{GMT}	INFO	[n0 stderr] maelstrom.process: [2026-02-26T13:12:56.406269Z INFO  maelstrom::runtime] Received {"id":50,"src":"c14","dest":"n0","body":{"key":0,"type":"read","msg_id":8}}
2026-02-26 14:12:56,407{GMT}	INFO	[n0 stderr] maelstrom.process: Node  received READ for key 0
2026-02-26 14:12:56,407{GMT}	INFO	[n0 stderr] maelstrom.process: [2026-02-26T13:12:56.406569Z INFO  maelstrom::runtime] Sent {"src":"n0","dest":"c14","body":{"in_reply_to":8,"type":"read_ok","value":0}}
2026-02-26 14:12:56,408{GMT}	INFO	[jepsen worker 0] jepsen.util: 0	:ok	:read	[0 0]
2026-02-26 14:12:56,412{GMT}	INFO	[jepsen worker 5] jepsen.util: 5	:invoke	:cas	[0 [4 4]]
2026-02-26 14:12:56,414{GMT}	INFO	[n0 stderr] maelstrom.process: [2026-02-26T13:12:56.414243Z INFO  maelstrom::runtime] Received {"id":52,"src":"c10","dest":"n0","body":{"key":0,"from":4,"to":4,"type":"cas","msg_id":4}}
2026-02-26 14:12:56,415{GMT}	INFO	[n0 stderr] maelstrom.process: Node  received CAS (not implemented)
2026-02-26 14:12:56,415{GMT}	INFO	[n0 stderr] maelstrom.process: [2026-02-26T13:12:56.414523Z INFO  maelstrom::runtime] Sent {"src":"n0","dest":"c10","body":{"in_reply_to":4,"type":"cas_ok"}}
2026-02-26 14:12:56,415{GMT}	INFO	[jepsen worker 5] jepsen.util: 5	:ok	:cas	[0 [4 4]]
2026-02-26 14:12:56,429{GMT}	INFO	[jepsen worker 0] jepsen.util: 0	:invoke	:read	[0 nil]
2026-02-26 14:12:56,431{GMT}	INFO	[n0 stderr] maelstrom.process: [2026-02-26T13:12:56.431450Z INFO  maelstrom::runtime] Received {"id":54,"src":"c14","dest":"n0","body":{"key":0,"type":"read","msg_id":9}}
2026-02-26 14:12:56,432{GMT}	INFO	[n0 stderr] maelstrom.process: Node  received READ for key 0
2026-02-26 14:12:56,432{GMT}	INFO	[jepsen worker 5] jepsen.util: 5	:invoke	:write	[0 4]
2026-02-26 14:12:56,432{GMT}	INFO	[n0 stderr] maelstrom.process: [2026-02-26T13:12:56.431694Z INFO  maelstrom::runtime] Sent {"src":"n0","dest":"c14","body":{"in_reply_to":9,"type":"read_ok","value":0}}
2026-02-26 14:12:56,433{GMT}	INFO	[jepsen worker 0] jepsen.util: 0	:ok	:read	[0 0]
2026-02-26 14:12:56,434{GMT}	INFO	[n0 stderr] maelstrom.process: [2026-02-26T13:12:56.434168Z INFO  maelstrom::runtime] Received {"id":56,"src":"c10","dest":"n0","body":{"key":0,"value":4,"type":"write","msg_id":5}}
2026-02-26 14:12:56,435{GMT}	INFO	[n0 stderr] maelstrom.process: Node  received WRITE: 0=4
2026-02-26 14:12:56,435{GMT}	INFO	[n0 stderr] maelstrom.process: [2026-02-26T13:12:56.434439Z INFO  maelstrom::runtime] Sent {"src":"n0","dest":"c10","body":{"in_reply_to":5,"type":"write_ok"}}
2026-02-26 14:12:56,435{GMT}	INFO	[jepsen worker 5] jepsen.util: 5	:ok	:write	[0 4]
2026-02-26 14:12:56,447{GMT}	INFO	[jepsen worker 2] jepsen.util: 2	:invoke	:read	[0 nil]
2026-02-26 14:12:56,448{GMT}	INFO	[n2 stderr] maelstrom.process: [2026-02-26T13:12:56.448632Z INFO  maelstrom::runtime] Received {"id":58,"src":"c16","dest":"n2","body":{"key":0,"type":"read","msg_id":2}}
2026-02-26 14:12:56,449{GMT}	INFO	[n2 stderr] maelstrom.process: Node  received READ for key 0
2026-02-26 14:12:56,450{GMT}	INFO	[n2 stderr] maelstrom.process: [2026-02-26T13:12:56.448856Z INFO  maelstrom::runtime] Sent {"src":"n2","dest":"c16","body":{"in_reply_to":2,"type":"read_ok","value":0}}
2026-02-26 14:12:56,450{GMT}	INFO	[jepsen worker 2] jepsen.util: 2	:ok	:read	[0 0]
2026-02-26 14:12:56,458{GMT}	INFO	[jepsen worker 3] jepsen.util: 3	:invoke	:read	[0 nil]
2026-02-26 14:12:56,460{GMT}	INFO	[n3 stderr] maelstrom.process: [2026-02-26T13:12:56.460215Z INFO  maelstrom::runtime] Received {"id":60,"src":"c12","dest":"n3","body":{"key":0,"type":"read","msg_id":3}}
2026-02-26 14:12:56,461{GMT}	INFO	[n3 stderr] maelstrom.process: Node  received READ for key 0
2026-02-26 14:12:56,461{GMT}	INFO	[n3 stderr] maelstrom.process: [2026-02-26T13:12:56.460534Z INFO  maelstrom::runtime] Sent {"src":"n3","dest":"c12","body":{"in_reply_to":3,"type":"read_ok","value":0}}
2026-02-26 14:12:56,462{GMT}	INFO	[jepsen worker 3] jepsen.util: 3	:ok	:read	[0 0]
2026-02-26 14:12:56,462{GMT}	INFO	[jepsen worker 5] jepsen.util: 5	:invoke	:write	[0 1]
2026-02-26 14:12:56,463{GMT}	INFO	[n0 stderr] maelstrom.process: [2026-02-26T13:12:56.463622Z INFO  maelstrom::runtime] Received {"id":62,"src":"c10","dest":"n0","body":{"key":0,"value":1,"type":"write","msg_id":6}}
2026-02-26 14:12:56,464{GMT}	INFO	[n0 stderr] maelstrom.process: Node  received WRITE: 0=1
2026-02-26 14:12:56,464{GMT}	INFO	[n0 stderr] maelstrom.process: [2026-02-26T13:12:56.463851Z INFO  maelstrom::runtime] Sent {"src":"n0","dest":"c10","body":{"in_reply_to":6,"type":"write_ok"}}
2026-02-26 14:12:56,465{GMT}	INFO	[jepsen worker 5] jepsen.util: 5	:ok	:write	[0 1]
2026-02-26 14:12:56,481{GMT}	INFO	[jepsen worker 0] jepsen.util: 0	:invoke	:read	[0 nil]
2026-02-26 14:12:56,483{GMT}	INFO	[n0 stderr] maelstrom.process: [2026-02-26T13:12:56.483535Z INFO  maelstrom::runtime] Received {"id":64,"src":"c14","dest":"n0","body":{"key":0,"type":"read","msg_id":10}}
2026-02-26 14:12:56,484{GMT}	INFO	[n0 stderr] maelstrom.process: Node  received READ for key 0
2026-02-26 14:12:56,485{GMT}	INFO	[jepsen worker 0] jepsen.util: 0	:ok	:read	[0 0]
2026-02-26 14:12:56,485{GMT}	INFO	[n0 stderr] maelstrom.process: [2026-02-26T13:12:56.483744Z INFO  maelstrom::runtime] Sent {"src":"n0","dest":"c14","body":{"in_reply_to":10,"type":"read_ok","value":0}}
2026-02-26 14:12:56,492{GMT}	INFO	[jepsen worker 0] jepsen.util: 0	:invoke	:read	[0 nil]
2026-02-26 14:12:56,494{GMT}	INFO	[n0 stderr] maelstrom.process: [2026-02-26T13:12:56.494185Z INFO  maelstrom::runtime] Received {"id":66,"src":"c14","dest":"n0","body":{"key":0,"type":"read","msg_id":11}}
2026-02-26 14:12:56,495{GMT}	INFO	[n0 stderr] maelstrom.process: Node  received READ for key 0
2026-02-26 14:12:56,495{GMT}	INFO	[n0 stderr] maelstrom.process: [2026-02-26T13:12:56.494486Z INFO  maelstrom::runtime] Sent {"src":"n0","dest":"c14","body":{"in_reply_to":11,"type":"read_ok","value":0}}
2026-02-26 14:12:56,495{GMT}	INFO	[jepsen worker 0] jepsen.util: 0	:ok	:read	[0 0]
2026-02-26 14:12:56,506{GMT}	INFO	[jepsen worker 7] jepsen.util: 7	:invoke	:write	[0 2]
2026-02-26 14:12:56,507{GMT}	INFO	[n2 stderr] maelstrom.process: [2026-02-26T13:12:56.507629Z INFO  maelstrom::runtime] Received {"id":68,"src":"c17","dest":"n2","body":{"key":0,"value":2,"type":"write","msg_id":2}}
2026-02-26 14:12:56,508{GMT}	INFO	[n2 stderr] maelstrom.process: Node  received WRITE: 0=2
2026-02-26 14:12:56,509{GMT}	INFO	[jepsen worker 7] jepsen.util: 7	:ok	:write	[0 2]
2026-02-26 14:12:56,509{GMT}	INFO	[n2 stderr] maelstrom.process: [2026-02-26T13:12:56.507981Z INFO  maelstrom::runtime] Sent {"src":"n2","dest":"c17","body":{"in_reply_to":2,"type":"write_ok"}}
2026-02-26 14:12:56,520{GMT}	INFO	[jepsen worker 0] jepsen.util: 0	:invoke	:read	[0 nil]
2026-02-26 14:12:56,522{GMT}	INFO	[n0 stderr] maelstrom.process: [2026-02-26T13:12:56.522382Z INFO  maelstrom::runtime] Received {"id":70,"src":"c14","dest":"n0","body":{"key":0,"type":"read","msg_id":12}}
2026-02-26 14:12:56,523{GMT}	INFO	[n0 stderr] maelstrom.process: Node  received READ for key 0
2026-02-26 14:12:56,523{GMT}	INFO	[n0 stderr] maelstrom.process: [2026-02-26T13:12:56.522658Z INFO  maelstrom::runtime] Sent {"src":"n0","dest":"c14","body":{"in_reply_to":12,"type":"read_ok","value":0}}
2026-02-26 14:12:56,524{GMT}	INFO	[jepsen worker 0] jepsen.util: 0	:ok	:read	[0 0]
2026-02-26 14:12:56,535{GMT}	INFO	[jepsen worker 0] jepsen.util: 0	:invoke	:read	[0 nil]
2026-02-26 14:12:56,537{GMT}	INFO	[n0 stderr] maelstrom.process: [2026-02-26T13:12:56.537330Z INFO  maelstrom::runtime] Received {"id":72,"src":"c14","dest":"n0","body":{"key":0,"type":"read","msg_id":13}}
2026-02-26 14:12:56,538{GMT}	INFO	[n0 stderr] maelstrom.process: Node  received READ for key 0
2026-02-26 14:12:56,538{GMT}	INFO	[jepsen worker 0] jepsen.util: 0	:ok	:read	[0 0]
2026-02-26 14:12:56,538{GMT}	INFO	[n0 stderr] maelstrom.process: [2026-02-26T13:12:56.537528Z INFO  maelstrom::runtime] Sent {"src":"n0","dest":"c14","body":{"in_reply_to":13,"type":"read_ok","value":0}}
2026-02-26 14:12:56,557{GMT}	INFO	[jepsen worker 5] jepsen.util: 5	:invoke	:cas	[0 [4 3]]
2026-02-26 14:12:56,559{GMT}	INFO	[n0 stderr] maelstrom.process: [2026-02-26T13:12:56.558739Z INFO  maelstrom::runtime] Received {"id":74,"src":"c10","dest":"n0","body":{"key":0,"from":4,"to":3,"type":"cas","msg_id":7}}
2026-02-26 14:12:56,559{GMT}	INFO	[n0 stderr] maelstrom.process: Node  received CAS (not implemented)
2026-02-26 14:12:56,559{GMT}	INFO	[n0 stderr] maelstrom.process: [2026-02-26T13:12:56.558934Z INFO  maelstrom::runtime] Sent {"src":"n0","dest":"c10","body":{"in_reply_to":7,"type":"cas_ok"}}
2026-02-26 14:12:56,560{GMT}	INFO	[jepsen worker 5] jepsen.util: 5	:ok	:cas	[0 [4 3]]
2026-02-26 14:12:56,576{GMT}	INFO	[jepsen worker 0] jepsen.util: 0	:invoke	:read	[0 nil]
2026-02-26 14:12:56,578{GMT}	INFO	[n0 stderr] maelstrom.process: [2026-02-26T13:12:56.577818Z INFO  maelstrom::runtime] Received {"id":76,"src":"c14","dest":"n0","body":{"key":0,"type":"read","msg_id":14}}
2026-02-26 14:12:56,578{GMT}	INFO	[n0 stderr] maelstrom.process: Node  received READ for key 0
2026-02-26 14:12:56,578{GMT}	INFO	[n0 stderr] maelstrom.process: [2026-02-26T13:12:56.578084Z INFO  maelstrom::runtime] Sent {"src":"n0","dest":"c14","body":{"in_reply_to":14,"type":"read_ok","value":0}}
2026-02-26 14:12:56,579{GMT}	INFO	[jepsen worker 0] jepsen.util: 0	:ok	:read	[0 0]
2026-02-26 14:12:56,591{GMT}	INFO	[jepsen worker 1] jepsen.util: 1	:invoke	:read	[0 nil]
2026-02-26 14:12:56,593{GMT}	INFO	[n1 stderr] maelstrom.process: [2026-02-26T13:12:56.592944Z INFO  maelstrom::runtime] Received {"id":78,"src":"c11","dest":"n1","body":{"key":0,"type":"read","msg_id":3}}
2026-02-26 14:12:56,593{GMT}	INFO	[jepsen worker 5] jepsen.util: 5	:invoke	:cas	[0 [2 4]]
2026-02-26 14:12:56,593{GMT}	INFO	[n1 stderr] maelstrom.process: Node  received READ for key 0
2026-02-26 14:12:56,594{GMT}	INFO	[n1 stderr] maelstrom.process: [2026-02-26T13:12:56.593103Z INFO  maelstrom::runtime] Sent {"src":"n1","dest":"c11","body":{"in_reply_to":3,"type":"read_ok","value":0}}
2026-02-26 14:12:56,594{GMT}	INFO	[jepsen worker 3] jepsen.util: 3	:invoke	:read	[0 nil]
2026-02-26 14:12:56,594{GMT}	INFO	[jepsen worker 1] jepsen.util: 1	:ok	:read	[0 0]
2026-02-26 14:12:56,595{GMT}	INFO	[n0 stderr] maelstrom.process: [2026-02-26T13:12:56.594990Z INFO  maelstrom::runtime] Received {"id":80,"src":"c10","dest":"n0","body":{"key":0,"from":2,"to":4,"type":"cas","msg_id":8}}
2026-02-26 14:12:56,595{GMT}	INFO	[n0 stderr] maelstrom.process: Node  received CAS (not implemented)
2026-02-26 14:12:56,596{GMT}	INFO	[n3 stderr] maelstrom.process: [2026-02-26T13:12:56.595889Z INFO  maelstrom::runtime] Received {"id":81,"src":"c12","dest":"n3","body":{"key":0,"type":"read","msg_id":4}}
2026-02-26 14:12:56,596{GMT}	INFO	[n0 stderr] maelstrom.process: [2026-02-26T13:12:56.595231Z INFO  maelstrom::runtime] Sent {"src":"n0","dest":"c10","body":{"in_reply_to":8,"type":"cas_ok"}}
2026-02-26 14:12:56,596{GMT}	INFO	[jepsen worker 5] jepsen.util: 5	:ok	:cas	[0 [2 4]]
2026-02-26 14:12:56,596{GMT}	INFO	[n3 stderr] maelstrom.process: Node  received READ for key 0
2026-02-26 14:12:56,597{GMT}	INFO	[n3 stderr] maelstrom.process: [2026-02-26T13:12:56.596071Z INFO  maelstrom::runtime] Sent {"src":"n3","dest":"c12","body":{"in_reply_to":4,"type":"read_ok","value":0}}
2026-02-26 14:12:56,597{GMT}	INFO	[jepsen worker 3] jepsen.util: 3	:ok	:read	[0 0]
2026-02-26 14:12:56,608{GMT}	INFO	[jepsen worker 4] jepsen.util: 4	:invoke	:read	[0 nil]
2026-02-26 14:12:56,610{GMT}	INFO	[n4 stderr] maelstrom.process: [2026-02-26T13:12:56.610099Z INFO  maelstrom::runtime] Received {"id":84,"src":"c13","dest":"n4","body":{"key":0,"type":"read","msg_id":2}}
2026-02-26 14:12:56,610{GMT}	INFO	[n4 stderr] maelstrom.process: Node  received READ for key 0
2026-02-26 14:12:56,611{GMT}	INFO	[n4 stderr] maelstrom.process: [2026-02-26T13:12:56.610387Z INFO  maelstrom::runtime] Sent {"src":"n4","dest":"c13","body":{"in_reply_to":2,"type":"read_ok","value":0}}
2026-02-26 14:12:56,611{GMT}	INFO	[jepsen worker 4] jepsen.util: 4	:ok	:read	[0 0]
2026-02-26 14:12:56,625{GMT}	INFO	[jepsen worker 5] jepsen.util: 5	:invoke	:cas	[0 [1 1]]
2026-02-26 14:12:56,627{GMT}	INFO	[jepsen worker 0] jepsen.util: 0	:invoke	:read	[0 nil]
2026-02-26 14:12:56,628{GMT}	INFO	[n0 stderr] maelstrom.process: [2026-02-26T13:12:56.627767Z INFO  maelstrom::runtime] Received {"id":86,"src":"c10","dest":"n0","body":{"key":0,"from":1,"to":1,"type":"cas","msg_id":9}}
2026-02-26 14:12:56,628{GMT}	INFO	[n0 stderr] maelstrom.process: Node  received CAS (not implemented)
2026-02-26 14:12:56,629{GMT}	INFO	[n0 stderr] maelstrom.process: [2026-02-26T13:12:56.628125Z INFO  maelstrom::runtime] Sent {"src":"n0","dest":"c10","body":{"in_reply_to":9,"type":"cas_ok"}}
2026-02-26 14:12:56,629{GMT}	INFO	[jepsen worker 5] jepsen.util: 5	:ok	:cas	[0 [1 1]]
2026-02-26 14:12:56,629{GMT}	INFO	[n0 stderr] maelstrom.process: [2026-02-26T13:12:56.629084Z INFO  maelstrom::runtime] Received {"id":87,"src":"c14","dest":"n0","body":{"key":0,"type":"read","msg_id":15}}
2026-02-26 14:12:56,630{GMT}	INFO	[n0 stderr] maelstrom.process: Node  received READ for key 0
2026-02-26 14:12:56,630{GMT}	INFO	[n0 stderr] maelstrom.process: [2026-02-26T13:12:56.629259Z INFO  maelstrom::runtime] Sent {"src":"n0","dest":"c14","body":{"in_reply_to":15,"type":"read_ok","value":0}}
2026-02-26 14:12:56,630{GMT}	INFO	[jepsen worker 0] jepsen.util: 0	:ok	:read	[0 0]
2026-02-26 14:12:56,630{GMT}	INFO	[jepsen worker 7] jepsen.util: 7	:invoke	:write	[0 1]
2026-02-26 14:12:56,632{GMT}	INFO	[n2 stderr] maelstrom.process: [2026-02-26T13:12:56.632073Z INFO  maelstrom::runtime] Received {"id":90,"src":"c17","dest":"n2","body":{"key":0,"value":1,"type":"write","msg_id":3}}
2026-02-26 14:12:56,632{GMT}	INFO	[n2 stderr] maelstrom.process: Node  received WRITE: 0=1
2026-02-26 14:12:56,633{GMT}	INFO	[n2 stderr] maelstrom.process: [2026-02-26T13:12:56.632346Z INFO  maelstrom::runtime] Sent {"src":"n2","dest":"c17","body":{"in_reply_to":3,"type":"write_ok"}}
2026-02-26 14:12:56,633{GMT}	INFO	[jepsen worker 7] jepsen.util: 7	:ok	:write	[0 1]
2026-02-26 14:12:56,634{GMT}	INFO	[jepsen worker 8] jepsen.util: 8	:invoke	:cas	[0 [4 1]]
2026-02-26 14:12:56,636{GMT}	INFO	[n3 stderr] maelstrom.process: [2026-02-26T13:12:56.636051Z INFO  maelstrom::runtime] Received {"id":92,"src":"c18","dest":"n3","body":{"key":0,"from":4,"to":1,"type":"cas","msg_id":2}}
2026-02-26 14:12:56,636{GMT}	INFO	[n3 stderr] maelstrom.process: Node  received CAS (not implemented)
2026-02-26 14:12:56,637{GMT}	INFO	[n3 stderr] maelstrom.process: [2026-02-26T13:12:56.636270Z INFO  maelstrom::runtime] Sent {"src":"n3","dest":"c18","body":{"in_reply_to":2,"type":"cas_ok"}}
2026-02-26 14:12:56,637{GMT}	INFO	[jepsen worker 8] jepsen.util: 8	:ok	:cas	[0 [4 1]]
2026-02-26 14:12:56,640{GMT}	INFO	[jepsen worker 0] jepsen.util: 0	:invoke	:read	[0 nil]
2026-02-26 14:12:56,641{GMT}	INFO	[n0 stderr] maelstrom.process: [2026-02-26T13:12:56.641464Z INFO  maelstrom::runtime] Received {"id":94,"src":"c14","dest":"n0","body":{"key":0,"type":"read","msg_id":16}}
2026-02-26 14:12:56,642{GMT}	INFO	[n0 stderr] maelstrom.process: Node  received READ for key 0
2026-02-26 14:12:56,642{GMT}	INFO	[n0 stderr] maelstrom.process: [2026-02-26T13:12:56.641672Z INFO  maelstrom::runtime] Sent {"src":"n0","dest":"c14","body":{"in_reply_to":16,"type":"read_ok","value":0}}
2026-02-26 14:12:56,643{GMT}	INFO	[jepsen worker 0] jepsen.util: 0	:ok	:read	[0 0]
2026-02-26 14:12:56,658{GMT}	INFO	[jepsen worker 0] jepsen.util: 0	:invoke	:read	[0 nil]
2026-02-26 14:12:56,659{GMT}	INFO	[n0 stderr] maelstrom.process: [2026-02-26T13:12:56.659217Z INFO  maelstrom::runtime] Received {"id":96,"src":"c14","dest":"n0","body":{"key":0,"type":"read","msg_id":17}}
2026-02-26 14:12:56,660{GMT}	INFO	[n0 stderr] maelstrom.process: Node  received READ for key 0
2026-02-26 14:12:56,660{GMT}	INFO	[n0 stderr] maelstrom.process: [2026-02-26T13:12:56.659541Z INFO  maelstrom::runtime] Sent {"src":"n0","dest":"c14","body":{"in_reply_to":17,"type":"read_ok","value":0}}
2026-02-26 14:12:56,660{GMT}	INFO	[jepsen worker 0] jepsen.util: 0	:ok	:read	[0 0]
2026-02-26 14:12:56,678{GMT}	INFO	[jepsen worker 0] jepsen.util: 0	:invoke	:read	[0 nil]
2026-02-26 14:12:56,679{GMT}	INFO	[n0 stderr] maelstrom.process: [2026-02-26T13:12:56.679546Z INFO  maelstrom::runtime] Received {"id":98,"src":"c14","dest":"n0","body":{"key":0,"type":"read","msg_id":18}}
2026-02-26 14:12:56,680{GMT}	INFO	[n0 stderr] maelstrom.process: Node  received READ for key 0
2026-02-26 14:12:56,681{GMT}	INFO	[n0 stderr] maelstrom.process: [2026-02-26T13:12:56.679756Z INFO  maelstrom::runtime] Sent {"src":"n0","dest":"c14","body":{"in_reply_to":18,"type":"read_ok","value":0}}
2026-02-26 14:12:56,681{GMT}	INFO	[jepsen worker 0] jepsen.util: 0	:ok	:read	[0 0]
2026-02-26 14:12:56,688{GMT}	INFO	[jepsen worker 5] jepsen.util: 5	:invoke	:cas	[0 [2 3]]
2026-02-26 14:12:56,690{GMT}	INFO	[n0 stderr] maelstrom.process: [2026-02-26T13:12:56.690009Z INFO  maelstrom::runtime] Received {"id":100,"src":"c10","dest":"n0","body":{"key":0,"from":2,"to":3,"type":"cas","msg_id":10}}
2026-02-26 14:12:56,690{GMT}	INFO	[n0 stderr] maelstrom.process: Node  received CAS (not implemented)
2026-02-26 14:12:56,691{GMT}	INFO	[n0 stderr] maelstrom.process: [2026-02-26T13:12:56.690301Z INFO  maelstrom::runtime] Sent {"src":"n0","dest":"c10","body":{"in_reply_to":10,"type":"cas_ok"}}
2026-02-26 14:12:56,691{GMT}	INFO	[jepsen worker 5] jepsen.util: 5	:ok	:cas	[0 [2 3]]
2026-02-26 14:12:56,706{GMT}	INFO	[jepsen worker 2] jepsen.util: 2	:invoke	:read	[0 nil]
2026-02-26 14:12:56,708{GMT}	INFO	[n2 stderr] maelstrom.process: [2026-02-26T13:12:56.708147Z INFO  maelstrom::runtime] Received {"id":102,"src":"c16","dest":"n2","body":{"key":0,"type":"read","msg_id":3}}
2026-02-26 14:12:56,709{GMT}	INFO	[n2 stderr] maelstrom.process: Node  received READ for key 0
2026-02-26 14:12:56,709{GMT}	INFO	[n2 stderr] maelstrom.process: [2026-02-26T13:12:56.708376Z INFO  maelstrom::runtime] Sent {"src":"n2","dest":"c16","body":{"in_reply_to":3,"type":"read_ok","value":0}}
2026-02-26 14:12:56,709{GMT}	INFO	[jepsen worker 2] jepsen.util: 2	:ok	:read	[0 0]
2026-02-26 14:12:56,720{GMT}	INFO	[jepsen worker 3] jepsen.util: 3	:invoke	:read	[0 nil]
2026-02-26 14:12:56,722{GMT}	INFO	[n3 stderr] maelstrom.process: [2026-02-26T13:12:56.721841Z INFO  maelstrom::runtime] Received {"id":104,"src":"c12","dest":"n3","body":{"key":0,"type":"read","msg_id":5}}
2026-02-26 14:12:56,722{GMT}	INFO	[jepsen worker 4] jepsen.util: 4	:invoke	:read	[0 nil]
2026-02-26 14:12:56,722{GMT}	INFO	[n3 stderr] maelstrom.process: Node  received READ for key 0
2026-02-26 14:12:56,723{GMT}	INFO	[n3 stderr] maelstrom.process: [2026-02-26T13:12:56.722170Z INFO  maelstrom::runtime] Sent {"src":"n3","dest":"c12","body":{"in_reply_to":5,"type":"read_ok","value":0}}
2026-02-26 14:12:56,723{GMT}	INFO	[jepsen worker 3] jepsen.util: 3	:ok	:read	[0 0]
2026-02-26 14:12:56,723{GMT}	INFO	[n4 stderr] maelstrom.process: [2026-02-26T13:12:56.723453Z INFO  maelstrom::runtime] Received {"id":105,"src":"c13","dest":"n4","body":{"key":0,"type":"read","msg_id":3}}
2026-02-26 14:12:56,724{GMT}	INFO	[n4 stderr] maelstrom.process: Node  received READ for key 0
2026-02-26 14:12:56,724{GMT}	INFO	[n4 stderr] maelstrom.process: [2026-02-26T13:12:56.723712Z INFO  maelstrom::runtime] Sent {"src":"n4","dest":"c13","body":{"in_reply_to":3,"type":"read_ok","value":0}}
2026-02-26 14:12:56,724{GMT}	INFO	[jepsen worker 4] jepsen.util: 4	:ok	:read	[0 0]
2026-02-26 14:12:56,731{GMT}	INFO	[jepsen worker 5] jepsen.util: 5	:invoke	:cas	[0 [1 1]]
2026-02-26 14:12:56,734{GMT}	INFO	[n0 stderr] maelstrom.process: [2026-02-26T13:12:56.733626Z INFO  maelstrom::runtime] Received {"id":108,"src":"c10","dest":"n0","body":{"key":0,"from":1,"to":1,"type":"cas","msg_id":11}}
2026-02-26 14:12:56,734{GMT}	INFO	[n0 stderr] maelstrom.process: Node  received CAS (not implemented)
2026-02-26 14:12:56,735{GMT}	INFO	[n0 stderr] maelstrom.process: [2026-02-26T13:12:56.734100Z INFO  maelstrom::runtime] Sent {"src":"n0","dest":"c10","body":{"in_reply_to":11,"type":"cas_ok"}}
2026-02-26 14:12:56,736{GMT}	INFO	[jepsen worker 5] jepsen.util: 5	:ok	:cas	[0 [1 1]]
2026-02-26 14:12:56,744{GMT}	INFO	[jepsen worker 0] jepsen.util: 0	:invoke	:read	[0 nil]
2026-02-26 14:12:56,745{GMT}	INFO	[n0 stderr] maelstrom.process: [2026-02-26T13:12:56.745635Z INFO  maelstrom::runtime] Received {"id":110,"src":"c14","dest":"n0","body":{"key":0,"type":"read","msg_id":19}}
2026-02-26 14:12:56,746{GMT}	INFO	[n0 stderr] maelstrom.process: Node  received READ for key 0
2026-02-26 14:12:56,747{GMT}	INFO	[n0 stderr] maelstrom.process: [2026-02-26T13:12:56.745889Z INFO  maelstrom::runtime] Sent {"src":"n0","dest":"c14","body":{"in_reply_to":19,"type":"read_ok","value":0}}
2026-02-26 14:12:56,747{GMT}	INFO	[jepsen worker 0] jepsen.util: 0	:ok	:read	[0 0]
2026-02-26 14:12:56,759{GMT}	INFO	[jepsen worker 7] jepsen.util: 7	:invoke	:write	[0 0]
2026-02-26 14:12:56,760{GMT}	INFO	[n2 stderr] maelstrom.process: [2026-02-26T13:12:56.760234Z INFO  maelstrom::runtime] Received {"id":112,"src":"c17","dest":"n2","body":{"key":0,"value":0,"type":"write","msg_id":4}}
2026-02-26 14:12:56,761{GMT}	INFO	[n2 stderr] maelstrom.process: Node  received WRITE: 0=0
2026-02-26 14:12:56,761{GMT}	INFO	[n2 stderr] maelstrom.process: [2026-02-26T13:12:56.760475Z INFO  maelstrom::runtime] Sent {"src":"n2","dest":"c17","body":{"in_reply_to":4,"type":"write_ok"}}
2026-02-26 14:12:56,761{GMT}	INFO	[jepsen worker 7] jepsen.util: 7	:ok	:write	[0 0]
2026-02-26 14:12:56,768{GMT}	INFO	[jepsen worker 8] jepsen.util: 8	:invoke	:cas	[0 [0 1]]
2026-02-26 14:12:56,769{GMT}	INFO	[n3 stderr] maelstrom.process: [2026-02-26T13:12:56.769512Z INFO  maelstrom::runtime] Received {"id":114,"src":"c18","dest":"n3","body":{"key":0,"from":0,"to":1,"type":"cas","msg_id":3}}
2026-02-26 14:12:56,770{GMT}	INFO	[n3 stderr] maelstrom.process: Node  received CAS (not implemented)
2026-02-26 14:12:56,770{GMT}	INFO	[jepsen worker 8] jepsen.util: 8	:ok	:cas	[0 [0 1]]
2026-02-26 14:12:56,771{GMT}	INFO	[n3 stderr] maelstrom.process: [2026-02-26T13:12:56.769767Z INFO  maelstrom::runtime] Sent {"src":"n3","dest":"c18","body":{"in_reply_to":3,"type":"cas_ok"}}
2026-02-26 14:12:56,775{GMT}	INFO	[jepsen worker 9] jepsen.util: 9	:invoke	:write	[0 4]
2026-02-26 14:12:56,777{GMT}	INFO	[n4 stderr] maelstrom.process: [2026-02-26T13:12:56.777421Z INFO  maelstrom::runtime] Received {"id":116,"src":"c19","dest":"n4","body":{"key":0,"value":4,"type":"write","msg_id":1}}
2026-02-26 14:12:56,778{GMT}	INFO	[n4 stderr] maelstrom.process: Node  received WRITE: 0=4
2026-02-26 14:12:56,778{GMT}	INFO	[n4 stderr] maelstrom.process: [2026-02-26T13:12:56.777718Z INFO  maelstrom::runtime] Sent {"src":"n4","dest":"c19","body":{"in_reply_to":1,"type":"write_ok"}}
2026-02-26 14:12:56,779{GMT}	INFO	[jepsen worker 9] jepsen.util: 9	:ok	:write	[0 4]
2026-02-26 14:12:56,781{GMT}	INFO	[jepsen worker 0] jepsen.util: 0	:invoke	:read	[0 nil]
2026-02-26 14:12:56,783{GMT}	INFO	[n0 stderr] maelstrom.process: [2026-02-26T13:12:56.783310Z INFO  maelstrom::runtime] Received {"id":118,"src":"c14","dest":"n0","body":{"key":0,"type":"read","msg_id":20}}
2026-02-26 14:12:56,784{GMT}	INFO	[n0 stderr] maelstrom.process: Node  received READ for key 0
2026-02-26 14:12:56,784{GMT}	INFO	[n0 stderr] maelstrom.process: [2026-02-26T13:12:56.783554Z INFO  maelstrom::runtime] Sent {"src":"n0","dest":"c14","body":{"in_reply_to":20,"type":"read_ok","value":0}}
2026-02-26 14:12:56,785{GMT}	INFO	[jepsen worker 0] jepsen.util: 0	:ok	:read	[0 0]
2026-02-26 14:12:56,787{GMT}	INFO	[jepsen worker 5] jepsen.util: 5	:invoke	:cas	[0 [1 2]]
2026-02-26 14:12:56,789{GMT}	INFO	[n0 stderr] maelstrom.process: [2026-02-26T13:12:56.789268Z INFO  maelstrom::runtime] Received {"id":120,"src":"c10","dest":"n0","body":{"key":0,"from":1,"to":2,"type":"cas","msg_id":12}}
2026-02-26 14:12:56,790{GMT}	INFO	[n0 stderr] maelstrom.process: Node  received CAS (not implemented)
2026-02-26 14:12:56,790{GMT}	INFO	[jepsen worker 5] jepsen.util: 5	:ok	:cas	[0 [1 2]]
2026-02-26 14:12:56,791{GMT}	INFO	[n0 stderr] maelstrom.process: [2026-02-26T13:12:56.789507Z INFO  maelstrom::runtime] Sent {"src":"n0","dest":"c10","body":{"in_reply_to":12,"type":"cas_ok"}}
2026-02-26 14:12:56,797{GMT}	INFO	[jepsen worker 1] jepsen.util: 1	:invoke	:read	[0 nil]
2026-02-26 14:12:56,798{GMT}	INFO	[n1 stderr] maelstrom.process: [2026-02-26T13:12:56.798412Z INFO  maelstrom::runtime] Received {"id":122,"src":"c11","dest":"n1","body":{"key":0,"type":"read","msg_id":4}}
2026-02-26 14:12:56,799{GMT}	INFO	[n1 stderr] maelstrom.process: Node  received READ for key 0
2026-02-26 14:12:56,799{GMT}	INFO	[jepsen worker 5] jepsen.util: 5	:invoke	:write	[0 3]
2026-02-26 14:12:56,799{GMT}	INFO	[n1 stderr] maelstrom.process: [2026-02-26T13:12:56.798693Z INFO  maelstrom::runtime] Sent {"src":"n1","dest":"c11","body":{"in_reply_to":4,"type":"read_ok","value":0}}
2026-02-26 14:12:56,799{GMT}	INFO	[jepsen worker 1] jepsen.util: 1	:ok	:read	[0 0]
2026-02-26 14:12:56,800{GMT}	INFO	[n0 stderr] maelstrom.process: [2026-02-26T13:12:56.800714Z INFO  maelstrom::runtime] Received {"id":124,"src":"c10","dest":"n0","body":{"key":0,"value":3,"type":"write","msg_id":13}}
2026-02-26 14:12:56,801{GMT}	INFO	[n0 stderr] maelstrom.process: Node  received WRITE: 0=3
2026-02-26 14:12:56,802{GMT}	INFO	[n0 stderr] maelstrom.process: [2026-02-26T13:12:56.801025Z INFO  maelstrom::runtime] Sent {"src":"n0","dest":"c10","body":{"in_reply_to":13,"type":"write_ok"}}
2026-02-26 14:12:56,802{GMT}	INFO	[jepsen worker 5] jepsen.util: 5	:ok	:write	[0 3]
2026-02-26 14:12:56,803{GMT}	INFO	[jepsen worker 3] jepsen.util: 3	:invoke	:read	[0 nil]
2026-02-26 14:12:56,804{GMT}	INFO	[n3 stderr] maelstrom.process: [2026-02-26T13:12:56.804207Z INFO  maelstrom::runtime] Received {"id":126,"src":"c12","dest":"n3","body":{"key":0,"type":"read","msg_id":6}}
2026-02-26 14:12:56,805{GMT}	INFO	[n3 stderr] maelstrom.process: Node  received READ for key 0
2026-02-26 14:12:56,805{GMT}	INFO	[n3 stderr] maelstrom.process: [2026-02-26T13:12:56.804447Z INFO  maelstrom::runtime] Sent {"src":"n3","dest":"c12","body":{"in_reply_to":6,"type":"read_ok","value":0}}
2026-02-26 14:12:56,805{GMT}	INFO	[jepsen worker 3] jepsen.util: 3	:ok	:read	[0 0]
2026-02-26 14:12:56,809{GMT}	INFO	[jepsen worker 4] jepsen.util: 4	:invoke	:read	[0 nil]
2026-02-26 14:12:56,810{GMT}	INFO	[n4 stderr] maelstrom.process: [2026-02-26T13:12:56.810342Z INFO  maelstrom::runtime] Received {"id":128,"src":"c13","dest":"n4","body":{"key":0,"type":"read","msg_id":4}}
2026-02-26 14:12:56,811{GMT}	INFO	[n4 stderr] maelstrom.process: Node  received READ for key 0
2026-02-26 14:12:56,811{GMT}	INFO	[n4 stderr] maelstrom.process: [2026-02-26T13:12:56.810630Z INFO  maelstrom::runtime] Sent {"src":"n4","dest":"c13","body":{"in_reply_to":4,"type":"read_ok","value":0}}
2026-02-26 14:12:56,812{GMT}	INFO	[jepsen worker 4] jepsen.util: 4	:ok	:read	[0 0]
2026-02-26 14:12:56,820{GMT}	INFO	[jepsen worker 0] jepsen.util: 0	:invoke	:read	[0 nil]
2026-02-26 14:12:56,821{GMT}	INFO	[n0 stderr] maelstrom.process: [2026-02-26T13:12:56.821383Z INFO  maelstrom::runtime] Received {"id":130,"src":"c14","dest":"n0","body":{"key":0,"type":"read","msg_id":21}}
2026-02-26 14:12:56,822{GMT}	INFO	[n0 stderr] maelstrom.process: Node  received READ for key 0
2026-02-26 14:12:56,822{GMT}	INFO	[n0 stderr] maelstrom.process: [2026-02-26T13:12:56.821673Z INFO  maelstrom::runtime] Sent {"src":"n0","dest":"c14","body":{"in_reply_to":21,"type":"read_ok","value":0}}
2026-02-26 14:12:56,822{GMT}	INFO	[jepsen worker 0] jepsen.util: 0	:ok	:read	[0 0]
2026-02-26 14:12:56,828{GMT}	INFO	[jepsen worker 0] jepsen.util: 0	:invoke	:read	[0 nil]
2026-02-26 14:12:56,829{GMT}	INFO	[n0 stderr] maelstrom.process: [2026-02-26T13:12:56.829257Z INFO  maelstrom::runtime] Received {"id":132,"src":"c14","dest":"n0","body":{"key":0,"type":"read","msg_id":22}}
2026-02-26 14:12:56,829{GMT}	INFO	[n0 stderr] maelstrom.process: Node  received READ for key 0
2026-02-26 14:12:56,830{GMT}	INFO	[n0 stderr] maelstrom.process: [2026-02-26T13:12:56.829470Z INFO  maelstrom::runtime] Sent {"src":"n0","dest":"c14","body":{"in_reply_to":22,"type":"read_ok","value":0}}
2026-02-26 14:12:56,830{GMT}	INFO	[jepsen worker 0] jepsen.util: 0	:ok	:read	[0 0]
2026-02-26 14:12:56,833{GMT}	INFO	[jepsen worker 0] jepsen.util: 0	:invoke	:read	[0 nil]
2026-02-26 14:12:56,834{GMT}	INFO	[n0 stderr] maelstrom.process: [2026-02-26T13:12:56.834697Z INFO  maelstrom::runtime] Received {"id":134,"src":"c14","dest":"n0","body":{"key":0,"type":"read","msg_id":23}}
2026-02-26 14:12:56,835{GMT}	INFO	[n0 stderr] maelstrom.process: Node  received READ for key 0
2026-02-26 14:12:56,835{GMT}	INFO	[n0 stderr] maelstrom.process: [2026-02-26T13:12:56.834896Z INFO  maelstrom::runtime] Sent {"src":"n0","dest":"c14","body":{"in_reply_to":23,"type":"read_ok","value":0}}
2026-02-26 14:12:56,836{GMT}	INFO	[jepsen worker 0] jepsen.util: 0	:ok	:read	[0 0]
2026-02-26 14:12:56,844{GMT}	INFO	[jepsen worker 0] jepsen.util: 0	:invoke	:read	[0 nil]
2026-02-26 14:12:56,845{GMT}	INFO	[n0 stderr] maelstrom.process: [2026-02-26T13:12:56.845528Z INFO  maelstrom::runtime] Received {"id":136,"src":"c14","dest":"n0","body":{"key":0,"type":"read","msg_id":24}}
2026-02-26 14:12:56,846{GMT}	INFO	[n0 stderr] maelstrom.process: Node  received READ for key 0
2026-02-26 14:12:56,846{GMT}	INFO	[n0 stderr] maelstrom.process: [2026-02-26T13:12:56.845813Z INFO  maelstrom::runtime] Sent {"src":"n0","dest":"c14","body":{"in_reply_to":24,"type":"read_ok","value":0}}
2026-02-26 14:12:56,847{GMT}	INFO	[jepsen worker 0] jepsen.util: 0	:ok	:read	[0 0]
2026-02-26 14:12:56,857{GMT}	INFO	[jepsen worker 9] jepsen.util: 9	:invoke	:write	[0 1]
2026-02-26 14:12:56,858{GMT}	INFO	[n4 stderr] maelstrom.process: [2026-02-26T13:12:56.858297Z INFO  maelstrom::runtime] Received {"id":138,"src":"c19","dest":"n4","body":{"key":0,"value":1,"type":"write","msg_id":2}}
2026-02-26 14:12:56,859{GMT}	INFO	[n4 stderr] maelstrom.process: Node  received WRITE: 0=1
2026-02-26 14:12:56,859{GMT}	INFO	[n4 stderr] maelstrom.process: [2026-02-26T13:12:56.858591Z INFO  maelstrom::runtime] Sent {"src":"n4","dest":"c19","body":{"in_reply_to":2,"type":"write_ok"}}
2026-02-26 14:12:56,859{GMT}	INFO	[jepsen worker 9] jepsen.util: 9	:ok	:write	[0 1]
2026-02-26 14:12:56,869{GMT}	INFO	[jepsen worker 0] jepsen.util: 0	:invoke	:read	[0 nil]
2026-02-26 14:12:56,871{GMT}	INFO	[n0 stderr] maelstrom.process: [2026-02-26T13:12:56.870948Z INFO  maelstrom::runtime] Received {"id":140,"src":"c14","dest":"n0","body":{"key":0,"type":"read","msg_id":25}}
2026-02-26 14:12:56,871{GMT}	INFO	[n0 stderr] maelstrom.process: Node  received READ for key 0
2026-02-26 14:12:56,871{GMT}	INFO	[jepsen worker 5] jepsen.util: 5	:invoke	:cas	[0 [1 0]]
2026-02-26 14:12:56,872{GMT}	INFO	[n0 stderr] maelstrom.process: [2026-02-26T13:12:56.871215Z INFO  maelstrom::runtime] Sent {"src":"n0","dest":"c14","body":{"in_reply_to":25,"type":"read_ok","value":0}}
2026-02-26 14:12:56,872{GMT}	INFO	[jepsen worker 0] jepsen.util: 0	:ok	:read	[0 0]
2026-02-26 14:12:56,873{GMT}	INFO	[n0 stderr] maelstrom.process: [2026-02-26T13:12:56.873151Z INFO  maelstrom::runtime] Received {"id":142,"src":"c10","dest":"n0","body":{"key":0,"from":1,"to":0,"type":"cas","msg_id":14}}
2026-02-26 14:12:56,873{GMT}	INFO	[n0 stderr] maelstrom.process: Node  received CAS (not implemented)
2026-02-26 14:12:56,874{GMT}	INFO	[n0 stderr] maelstrom.process: [2026-02-26T13:12:56.873375Z INFO  maelstrom::runtime] Sent {"src":"n0","dest":"c10","body":{"in_reply_to":14,"type":"cas_ok"}}
2026-02-26 14:12:56,874{GMT}	INFO	[jepsen worker 5] jepsen.util: 5	:ok	:cas	[0 [1 0]]
2026-02-26 14:12:56,876{GMT}	INFO	[jepsen worker 5] jepsen.util: 5	:invoke	:cas	[0 [4 0]]
2026-02-26 14:12:56,878{GMT}	INFO	[n0 stderr] maelstrom.process: [2026-02-26T13:12:56.877771Z INFO  maelstrom::runtime] Received {"id":144,"src":"c10","dest":"n0","body":{"key":0,"from":4,"to":0,"type":"cas","msg_id":15}}
2026-02-26 14:12:56,878{GMT}	INFO	[n0 stderr] maelstrom.process: Node  received CAS (not implemented)
2026-02-26 14:12:56,878{GMT}	INFO	[n0 stderr] maelstrom.process: [2026-02-26T13:12:56.878029Z INFO  maelstrom::runtime] Sent {"src":"n0","dest":"c10","body":{"in_reply_to":15,"type":"cas_ok"}}
2026-02-26 14:12:56,879{GMT}	INFO	[jepsen worker 5] jepsen.util: 5	:ok	:cas	[0 [4 0]]
2026-02-26 14:12:56,892{GMT}	INFO	[jepsen worker 5] jepsen.util: 5	:invoke	:cas	[0 [3 4]]
2026-02-26 14:12:56,893{GMT}	INFO	[n0 stderr] maelstrom.process: [2026-02-26T13:12:56.893430Z INFO  maelstrom::runtime] Received {"id":146,"src":"c10","dest":"n0","body":{"key":0,"from":3,"to":4,"type":"cas","msg_id":16}}
2026-02-26 14:12:56,894{GMT}	INFO	[n0 stderr] maelstrom.process: Node  received CAS (not implemented)
2026-02-26 14:12:56,894{GMT}	INFO	[n0 stderr] maelstrom.process: [2026-02-26T13:12:56.893641Z INFO  maelstrom::runtime] Sent {"src":"n0","dest":"c10","body":{"in_reply_to":16,"type":"cas_ok"}}
2026-02-26 14:12:56,894{GMT}	INFO	[jepsen worker 5] jepsen.util: 5	:ok	:cas	[0 [3 4]]
2026-02-26 14:12:56,900{GMT}	INFO	[jepsen worker 5] jepsen.util: 5	:invoke	:cas	[0 [3 0]]
2026-02-26 14:12:56,902{GMT}	INFO	[n0 stderr] maelstrom.process: [2026-02-26T13:12:56.902321Z INFO  maelstrom::runtime] Received {"id":148,"src":"c10","dest":"n0","body":{"key":0,"from":3,"to":0,"type":"cas","msg_id":17}}
2026-02-26 14:12:56,903{GMT}	INFO	[n0 stderr] maelstrom.process: Node  received CAS (not implemented)
2026-02-26 14:12:56,903{GMT}	INFO	[n0 stderr] maelstrom.process: [2026-02-26T13:12:56.902534Z INFO  maelstrom::runtime] Sent {"src":"n0","dest":"c10","body":{"in_reply_to":17,"type":"cas_ok"}}
2026-02-26 14:12:56,903{GMT}	INFO	[jepsen worker 5] jepsen.util: 5	:ok	:cas	[0 [3 0]]
2026-02-26 14:12:56,914{GMT}	INFO	[jepsen worker 4] jepsen.util: 4	:invoke	:read	[0 nil]
2026-02-26 14:12:56,916{GMT}	INFO	[n4 stderr] maelstrom.process: [2026-02-26T13:12:56.915893Z INFO  maelstrom::runtime] Received {"id":150,"src":"c13","dest":"n4","body":{"key":0,"type":"read","msg_id":5}}
2026-02-26 14:12:56,916{GMT}	INFO	[n4 stderr] maelstrom.process: Node  received READ for key 0
2026-02-26 14:12:56,917{GMT}	INFO	[n4 stderr] maelstrom.process: [2026-02-26T13:12:56.916159Z INFO  maelstrom::runtime] Sent {"src":"n4","dest":"c13","body":{"in_reply_to":5,"type":"read_ok","value":0}}
2026-02-26 14:12:56,917{GMT}	INFO	[jepsen worker 4] jepsen.util: 4	:ok	:read	[0 0]
2026-02-26 14:12:56,920{GMT}	INFO	[jepsen worker 0] jepsen.util: 0	:invoke	:read	[0 nil]
2026-02-26 14:12:56,921{GMT}	INFO	[n0 stderr] maelstrom.process: [2026-02-26T13:12:56.921386Z INFO  maelstrom::runtime] Received {"id":152,"src":"c14","dest":"n0","body":{"key":0,"type":"read","msg_id":26}}
2026-02-26 14:12:56,922{GMT}	INFO	[n0 stderr] maelstrom.process: Node  received READ for key 0
2026-02-26 14:12:56,922{GMT}	INFO	[n0 stderr] maelstrom.process: [2026-02-26T13:12:56.921610Z INFO  maelstrom::runtime] Sent {"src":"n0","dest":"c14","body":{"in_reply_to":26,"type":"read_ok","value":0}}
2026-02-26 14:12:56,922{GMT}	INFO	[jepsen worker 0] jepsen.util: 0	:ok	:read	[0 0]
2026-02-26 14:12:56,932{GMT}	INFO	[jepsen worker 6] jepsen.util: 6	:invoke	:cas	[0 [1 4]]
2026-02-26 14:12:56,934{GMT}	INFO	[n1 stderr] maelstrom.process: [2026-02-26T13:12:56.934073Z INFO  maelstrom::runtime] Received {"id":154,"src":"c15","dest":"n1","body":{"key":0,"from":1,"to":4,"type":"cas","msg_id":3}}
2026-02-26 14:12:56,935{GMT}	INFO	[n1 stderr] maelstrom.process: Node  received CAS (not implemented)
2026-02-26 14:12:56,935{GMT}	INFO	[n1 stderr] maelstrom.process: [2026-02-26T13:12:56.934327Z INFO  maelstrom::runtime] Sent {"src":"n1","dest":"c15","body":{"in_reply_to":3,"type":"cas_ok"}}
2026-02-26 14:12:56,935{GMT}	INFO	[jepsen worker 6] jepsen.util: 6	:ok	:cas	[0 [1 4]]
2026-02-26 14:12:56,949{GMT}	INFO	[jepsen worker 0] jepsen.util: 0	:invoke	:read	[0 nil]
2026-02-26 14:12:56,950{GMT}	INFO	[n0 stderr] maelstrom.process: [2026-02-26T13:12:56.950437Z INFO  maelstrom::runtime] Received {"id":156,"src":"c14","dest":"n0","body":{"key":0,"type":"read","msg_id":27}}
2026-02-26 14:12:56,951{GMT}	INFO	[n0 stderr] maelstrom.process: Node  received READ for key 0
2026-02-26 14:12:56,951{GMT}	INFO	[n0 stderr] maelstrom.process: [2026-02-26T13:12:56.950690Z INFO  maelstrom::runtime] Sent {"src":"n0","dest":"c14","body":{"in_reply_to":27,"type":"read_ok","value":0}}
2026-02-26 14:12:56,951{GMT}	INFO	[jepsen worker 0] jepsen.util: 0	:ok	:read	[0 0]
2026-02-26 14:12:56,963{GMT}	INFO	[jepsen worker 0] jepsen.util: 0	:invoke	:read	[0 nil]
2026-02-26 14:12:56,965{GMT}	INFO	[n0 stderr] maelstrom.process: [2026-02-26T13:12:56.965039Z INFO  maelstrom::runtime] Received {"id":158,"src":"c14","dest":"n0","body":{"key":0,"type":"read","msg_id":28}}
2026-02-26 14:12:56,965{GMT}	INFO	[n0 stderr] maelstrom.process: Node  received READ for key 0
2026-02-26 14:12:56,965{GMT}	INFO	[n0 stderr] maelstrom.process: [2026-02-26T13:12:56.965304Z INFO  maelstrom::runtime] Sent {"src":"n0","dest":"c14","body":{"in_reply_to":28,"type":"read_ok","value":0}}
2026-02-26 14:12:56,966{GMT}	INFO	[jepsen worker 0] jepsen.util: 0	:ok	:read	[0 0]
2026-02-26 14:12:56,971{GMT}	INFO	[jepsen worker 0] jepsen.util: 0	:invoke	:read	[0 nil]
2026-02-26 14:12:56,972{GMT}	INFO	[n0 stderr] maelstrom.process: [2026-02-26T13:12:56.972278Z INFO  maelstrom::runtime] Received {"id":160,"src":"c14","dest":"n0","body":{"key":0,"type":"read","msg_id":29}}
2026-02-26 14:12:56,972{GMT}	INFO	[n0 stderr] maelstrom.process: Node  received READ for key 0
2026-02-26 14:12:56,973{GMT}	INFO	[n0 stderr] maelstrom.process: [2026-02-26T13:12:56.972493Z INFO  maelstrom::runtime] Sent {"src":"n0","dest":"c14","body":{"in_reply_to":29,"type":"read_ok","value":0}}
2026-02-26 14:12:56,973{GMT}	INFO	[jepsen worker 0] jepsen.util: 0	:ok	:read	[0 0]
2026-02-26 14:12:56,978{GMT}	INFO	[jepsen worker 5] jepsen.util: 5	:invoke	:cas	[0 [3 2]]
2026-02-26 14:12:56,979{GMT}	INFO	[n0 stderr] maelstrom.process: [2026-02-26T13:12:56.979766Z INFO  maelstrom::runtime] Received {"id":162,"src":"c10","dest":"n0","body":{"key":0,"from":3,"to":2,"type":"cas","msg_id":18}}
2026-02-26 14:12:56,980{GMT}	INFO	[n0 stderr] maelstrom.process: Node  received CAS (not implemented)
2026-02-26 14:12:56,981{GMT}	INFO	[n0 stderr] maelstrom.process: [2026-02-26T13:12:56.980052Z INFO  maelstrom::runtime] Sent {"src":"n0","dest":"c10","body":{"in_reply_to":18,"type":"cas_ok"}}
2026-02-26 14:12:56,981{GMT}	INFO	[jepsen worker 5] jepsen.util: 5	:ok	:cas	[0 [3 2]]
2026-02-26 14:12:56,991{GMT}	INFO	[jepsen worker 5] jepsen.util: 5	:invoke	:write	[0 4]
2026-02-26 14:12:56,993{GMT}	INFO	[n0 stderr] maelstrom.process: [2026-02-26T13:12:56.992824Z INFO  maelstrom::runtime] Received {"id":164,"src":"c10","dest":"n0","body":{"key":0,"value":4,"type":"write","msg_id":19}}
2026-02-26 14:12:56,993{GMT}	INFO	[n0 stderr] maelstrom.process: Node  received WRITE: 0=4
2026-02-26 14:12:56,993{GMT}	INFO	[n0 stderr] maelstrom.process: [2026-02-26T13:12:56.993115Z INFO  maelstrom::runtime] Sent {"src":"n0","dest":"c10","body":{"in_reply_to":19,"type":"write_ok"}}
2026-02-26 14:12:56,994{GMT}	INFO	[jepsen worker 5] jepsen.util: 5	:ok	:write	[0 4]
2026-02-26 14:12:57,000{GMT}	INFO	[jepsen worker 1] jepsen.util: 1	:invoke	:read	[0 nil]
2026-02-26 14:12:57,001{GMT}	INFO	[n1 stderr] maelstrom.process: [2026-02-26T13:12:57.001443Z INFO  maelstrom::runtime] Received {"id":166,"src":"c11","dest":"n1","body":{"key":0,"type":"read","msg_id":5}}
2026-02-26 14:12:57,002{GMT}	INFO	[n1 stderr] maelstrom.process: Node  received READ for key 0
2026-02-26 14:12:57,002{GMT}	INFO	[n1 stderr] maelstrom.process: [2026-02-26T13:12:57.001649Z INFO  maelstrom::runtime] Sent {"src":"n1","dest":"c11","body":{"in_reply_to":5,"type":"read_ok","value":0}}
2026-02-26 14:12:57,002{GMT}	INFO	[jepsen worker 1] jepsen.util: 1	:ok	:read	[0 0]
2026-02-26 14:12:57,016{GMT}	INFO	[jepsen worker 5] jepsen.util: 5	:invoke	:cas	[0 [1 2]]
2026-02-26 14:12:57,017{GMT}	INFO	[n0 stderr] maelstrom.process: [2026-02-26T13:12:57.017669Z INFO  maelstrom::runtime] Received {"id":168,"src":"c10","dest":"n0","body":{"key":0,"from":1,"to":2,"type":"cas","msg_id":20}}
2026-02-26 14:12:57,018{GMT}	INFO	[n0 stderr] maelstrom.process: Node  received CAS (not implemented)
2026-02-26 14:12:57,018{GMT}	INFO	[n0 stderr] maelstrom.process: [2026-02-26T13:12:57.017951Z INFO  maelstrom::runtime] Sent {"src":"n0","dest":"c10","body":{"in_reply_to":20,"type":"cas_ok"}}
2026-02-26 14:12:57,019{GMT}	INFO	[jepsen worker 5] jepsen.util: 5	:ok	:cas	[0 [1 2]]
2026-02-26 14:12:57,019{GMT}	INFO	[jepsen worker 6] jepsen.util: 6	:invoke	:cas	[0 [1 2]]
2026-02-26 14:12:57,020{GMT}	INFO	[n1 stderr] maelstrom.process: [2026-02-26T13:12:57.020259Z INFO  maelstrom::runtime] Received {"id":170,"src":"c15","dest":"n1","body":{"key":0,"from":1,"to":2,"type":"cas","msg_id":4}}
2026-02-26 14:12:57,020{GMT}	INFO	[n1 stderr] maelstrom.process: Node  received CAS (not implemented)
2026-02-26 14:12:57,021{GMT}	INFO	[n1 stderr] maelstrom.process: [2026-02-26T13:12:57.020518Z INFO  maelstrom::runtime] Sent {"src":"n1","dest":"c15","body":{"in_reply_to":4,"type":"cas_ok"}}
2026-02-26 14:12:57,021{GMT}	INFO	[jepsen worker 6] jepsen.util: 6	:ok	:cas	[0 [1 2]]
2026-02-26 14:12:57,025{GMT}	INFO	[jepsen worker 4] jepsen.util: 4	:invoke	:read	[0 nil]
2026-02-26 14:12:57,026{GMT}	INFO	[n4 stderr] maelstrom.process: [2026-02-26T13:12:57.026551Z INFO  maelstrom::runtime] Received {"id":172,"src":"c13","dest":"n4","body":{"key":0,"type":"read","msg_id":6}}
2026-02-26 14:12:57,027{GMT}	INFO	[n4 stderr] maelstrom.process: Node  received READ for key 0
2026-02-26 14:12:57,027{GMT}	INFO	[n4 stderr] maelstrom.process: [2026-02-26T13:12:57.026748Z INFO  maelstrom::runtime] Sent {"src":"n4","dest":"c13","body":{"in_reply_to":6,"type":"read_ok","value":0}}
2026-02-26 14:12:57,027{GMT}	INFO	[jepsen worker 4] jepsen.util: 4	:ok	:read	[0 0]
2026-02-26 14:12:57,032{GMT}	INFO	[jepsen worker 0] jepsen.util: 0	:invoke	:read	[0 nil]
2026-02-26 14:12:57,033{GMT}	INFO	[n0 stderr] maelstrom.process: [2026-02-26T13:12:57.033166Z INFO  maelstrom::runtime] Received {"id":174,"src":"c14","dest":"n0","body":{"key":0,"type":"read","msg_id":30}}
2026-02-26 14:12:57,033{GMT}	INFO	[n0 stderr] maelstrom.process: Node  received READ for key 0
2026-02-26 14:12:57,034{GMT}	INFO	[n0 stderr] maelstrom.process: [2026-02-26T13:12:57.033451Z INFO  maelstrom::runtime] Sent {"src":"n0","dest":"c14","body":{"in_reply_to":30,"type":"read_ok","value":0}}
2026-02-26 14:12:57,034{GMT}	INFO	[jepsen worker 0] jepsen.util: 0	:ok	:read	[0 0]
2026-02-26 14:12:57,037{GMT}	INFO	[jepsen worker 6] jepsen.util: 6	:invoke	:write	[0 0]
2026-02-26 14:12:57,038{GMT}	INFO	[n1 stderr] maelstrom.process: [2026-02-26T13:12:57.038143Z INFO  maelstrom::runtime] Received {"id":176,"src":"c15","dest":"n1","body":{"key":0,"value":0,"type":"write","msg_id":5}}
2026-02-26 14:12:57,038{GMT}	INFO	[n1 stderr] maelstrom.process: Node  received WRITE: 0=0
2026-02-26 14:12:57,039{GMT}	INFO	[n1 stderr] maelstrom.process: [2026-02-26T13:12:57.038429Z INFO  maelstrom::runtime] Sent {"src":"n1","dest":"c15","body":{"in_reply_to":5,"type":"write_ok"}}
2026-02-26 14:12:57,039{GMT}	INFO	[jepsen worker 6] jepsen.util: 6	:ok	:write	[0 0]
2026-02-26 14:12:57,054{GMT}	INFO	[jepsen worker 7] jepsen.util: 7	:invoke	:cas	[0 [2 2]]
2026-02-26 14:12:57,055{GMT}	INFO	[n2 stderr] maelstrom.process: [2026-02-26T13:12:57.055559Z INFO  maelstrom::runtime] Received {"id":178,"src":"c17","dest":"n2","body":{"key":0,"from":2,"to":2,"type":"cas","msg_id":5}}
2026-02-26 14:12:57,056{GMT}	INFO	[n2 stderr] maelstrom.process: Node  received CAS (not implemented)
2026-02-26 14:12:57,056{GMT}	INFO	[n2 stderr] maelstrom.process: [2026-02-26T13:12:57.055806Z INFO  maelstrom::runtime] Sent {"src":"n2","dest":"c17","body":{"in_reply_to":5,"type":"cas_ok"}}
2026-02-26 14:12:57,056{GMT}	INFO	[jepsen worker 7] jepsen.util: 7	:ok	:cas	[0 [2 2]]
2026-02-26 14:12:57,057{GMT}	INFO	[jepsen worker 8] jepsen.util: 8	:invoke	:write	[0 1]
2026-02-26 14:12:57,058{GMT}	INFO	[n3 stderr] maelstrom.process: [2026-02-26T13:12:57.058738Z INFO  maelstrom::runtime] Received {"id":180,"src":"c18","dest":"n3","body":{"key":0,"value":1,"type":"write","msg_id":4}}
2026-02-26 14:12:57,059{GMT}	INFO	[n3 stderr] maelstrom.process: Node  received WRITE: 0=1
2026-02-26 14:12:57,059{GMT}	INFO	[n3 stderr] maelstrom.process: [2026-02-26T13:12:57.058962Z INFO  maelstrom::runtime] Sent {"src":"n3","dest":"c18","body":{"in_reply_to":4,"type":"write_ok"}}
2026-02-26 14:12:57,059{GMT}	INFO	[jepsen worker 8] jepsen.util: 8	:ok	:write	[0 1]
2026-02-26 14:12:57,067{GMT}	INFO	[jepsen worker 0] jepsen.util: 0	:invoke	:read	[0 nil]
2026-02-26 14:12:57,069{GMT}	INFO	[n0 stderr] maelstrom.process: [2026-02-26T13:12:57.068903Z INFO  maelstrom::runtime] Received {"id":182,"src":"c14","dest":"n0","body":{"key":0,"type":"read","msg_id":31}}
2026-02-26 14:12:57,069{GMT}	INFO	[n0 stderr] maelstrom.process: Node  received READ for key 0
2026-02-26 14:12:57,070{GMT}	INFO	[n0 stderr] maelstrom.process: [2026-02-26T13:12:57.069190Z INFO  maelstrom::runtime] Sent {"src":"n0","dest":"c14","body":{"in_reply_to":31,"type":"read_ok","value":0}}
2026-02-26 14:12:57,070{GMT}	INFO	[jepsen worker 0] jepsen.util: 0	:ok	:read	[0 0]
2026-02-26 14:12:57,085{GMT}	INFO	[jepsen worker 5] jepsen.util: 5	:invoke	:cas	[0 [3 4]]
2026-02-26 14:12:57,086{GMT}	INFO	[n0 stderr] maelstrom.process: [2026-02-26T13:12:57.086200Z INFO  maelstrom::runtime] Received {"id":184,"src":"c10","dest":"n0","body":{"key":0,"from":3,"to":4,"type":"cas","msg_id":21}}
2026-02-26 14:12:57,086{GMT}	INFO	[n0 stderr] maelstrom.process: Node  received CAS (not implemented)
2026-02-26 14:12:57,087{GMT}	INFO	[n0 stderr] maelstrom.process: [2026-02-26T13:12:57.086425Z INFO  maelstrom::runtime] Sent {"src":"n0","dest":"c10","body":{"in_reply_to":21,"type":"cas_ok"}}
2026-02-26 14:12:57,087{GMT}	INFO	[jepsen worker 5] jepsen.util: 5	:ok	:cas	[0 [3 4]]
2026-02-26 14:12:57,090{GMT}	INFO	[jepsen worker 0] jepsen.util: 0	:invoke	:read	[0 nil]
2026-02-26 14:12:57,091{GMT}	INFO	[n0 stderr] maelstrom.process: [2026-02-26T13:12:57.091404Z INFO  maelstrom::runtime] Received {"id":186,"src":"c14","dest":"n0","body":{"key":0,"type":"read","msg_id":32}}
2026-02-26 14:12:57,092{GMT}	INFO	[n0 stderr] maelstrom.process: Node  received READ for key 0
2026-02-26 14:12:57,092{GMT}	INFO	[n0 stderr] maelstrom.process: [2026-02-26T13:12:57.091610Z INFO  maelstrom::runtime] Sent {"src":"n0","dest":"c14","body":{"in_reply_to":32,"type":"read_ok","value":0}}
2026-02-26 14:12:57,092{GMT}	INFO	[jepsen worker 0] jepsen.util: 0	:ok	:read	[0 0]
2026-02-26 14:12:57,093{GMT}	INFO	[jepsen worker 5] jepsen.util: 5	:invoke	:cas	[0 [2 2]]
2026-02-26 14:12:57,094{GMT}	INFO	[n0 stderr] maelstrom.process: [2026-02-26T13:12:57.094408Z INFO  maelstrom::runtime] Received {"id":188,"src":"c10","dest":"n0","body":{"key":0,"from":2,"to":2,"type":"cas","msg_id":22}}
2026-02-26 14:12:57,094{GMT}	INFO	[n0 stderr] maelstrom.process: Node  received CAS (not implemented)
2026-02-26 14:12:57,095{GMT}	INFO	[n0 stderr] maelstrom.process: [2026-02-26T13:12:57.094689Z INFO  maelstrom::runtime] Sent {"src":"n0","dest":"c10","body":{"in_reply_to":22,"type":"cas_ok"}}
2026-02-26 14:12:57,095{GMT}	INFO	[jepsen worker 5] jepsen.util: 5	:ok	:cas	[0 [2 2]]
2026-02-26 14:12:57,114{GMT}	INFO	[jepsen worker 2] jepsen.util: 2	:invoke	:read	[0 nil]
2026-02-26 14:12:57,115{GMT}	INFO	[n2 stderr] maelstrom.process: [2026-02-26T13:12:57.115719Z INFO  maelstrom::runtime] Received {"id":190,"src":"c16","dest":"n2","body":{"key":0,"type":"read","msg_id":4}}
2026-02-26 14:12:57,116{GMT}	INFO	[n2 stderr] maelstrom.process: Node  received READ for key 0
2026-02-26 14:12:57,116{GMT}	INFO	[n2 stderr] maelstrom.process: [2026-02-26T13:12:57.116037Z INFO  maelstrom::runtime] Sent {"src":"n2","dest":"c16","body":{"in_reply_to":4,"type":"read_ok","value":0}}
2026-02-26 14:12:57,117{GMT}	INFO	[jepsen worker 2] jepsen.util: 2	:ok	:read	[0 0]
2026-02-26 14:12:57,134{GMT}	INFO	[jepsen worker 5] jepsen.util: 5	:invoke	:cas	[0 [3 1]]
2026-02-26 14:12:57,136{GMT}	INFO	[n0 stderr] maelstrom.process: [2026-02-26T13:12:57.135982Z INFO  maelstrom::runtime] Received {"id":192,"src":"c10","dest":"n0","body":{"key":0,"from":3,"to":1,"type":"cas","msg_id":23}}
2026-02-26 14:12:57,136{GMT}	INFO	[n0 stderr] maelstrom.process: Node  received CAS (not implemented)
2026-02-26 14:12:57,136{GMT}	INFO	[n0 stderr] maelstrom.process: [2026-02-26T13:12:57.136223Z INFO  maelstrom::runtime] Sent {"src":"n0","dest":"c10","body":{"in_reply_to":23,"type":"cas_ok"}}
2026-02-26 14:12:57,137{GMT}	INFO	[jepsen worker 5] jepsen.util: 5	:ok	:cas	[0 [3 1]]
2026-02-26 14:12:57,139{GMT}	INFO	[jepsen worker 4] jepsen.util: 4	:invoke	:read	[0 nil]
2026-02-26 14:12:57,140{GMT}	INFO	[n4 stderr] maelstrom.process: [2026-02-26T13:12:57.140488Z INFO  maelstrom::runtime] Received {"id":194,"src":"c13","dest":"n4","body":{"key":0,"type":"read","msg_id":7}}
2026-02-26 14:12:57,141{GMT}	INFO	[n4 stderr] maelstrom.process: Node  received READ for key 0
2026-02-26 14:12:57,141{GMT}	INFO	[n4 stderr] maelstrom.process: [2026-02-26T13:12:57.140715Z INFO  maelstrom::runtime] Sent {"src":"n4","dest":"c13","body":{"in_reply_to":7,"type":"read_ok","value":0}}
2026-02-26 14:12:57,141{GMT}	INFO	[jepsen worker 4] jepsen.util: 4	:ok	:read	[0 0]
2026-02-26 14:12:57,151{GMT}	INFO	[jepsen worker 5] jepsen.util: 5	:invoke	:write	[0 2]
2026-02-26 14:12:57,152{GMT}	INFO	[jepsen worker 0] jepsen.util: 0	:invoke	:read	[0 nil]
2026-02-26 14:12:57,152{GMT}	INFO	[n0 stderr] maelstrom.process: [2026-02-26T13:12:57.152330Z INFO  maelstrom::runtime] Received {"id":196,"src":"c10","dest":"n0","body":{"key":0,"value":2,"type":"write","msg_id":24}}
2026-02-26 14:12:57,152{GMT}	INFO	[n0 stderr] maelstrom.process: Node  received WRITE: 0=2
2026-02-26 14:12:57,153{GMT}	INFO	[n0 stderr] maelstrom.process: [2026-02-26T13:12:57.152610Z INFO  maelstrom::runtime] Sent {"src":"n0","dest":"c10","body":{"in_reply_to":24,"type":"write_ok"}}
2026-02-26 14:12:57,153{GMT}	INFO	[n0 stderr] maelstrom.process: [2026-02-26T13:12:57.153116Z INFO  maelstrom::runtime] Received {"id":197,"src":"c14","dest":"n0","body":{"key":0,"type":"read","msg_id":33}}
2026-02-26 14:12:57,153{GMT}	INFO	[n0 stderr] maelstrom.process: Node  received READ for key 0
2026-02-26 14:12:57,153{GMT}	INFO	[jepsen worker 5] jepsen.util: 5	:ok	:write	[0 2]
2026-02-26 14:12:57,154{GMT}	INFO	[n0 stderr] maelstrom.process: [2026-02-26T13:12:57.153313Z INFO  maelstrom::runtime] Sent {"src":"n0","dest":"c14","body":{"in_reply_to":33,"type":"read_ok","value":0}}
2026-02-26 14:12:57,154{GMT}	INFO	[jepsen worker 0] jepsen.util: 0	:ok	:read	[0 0]
2026-02-26 14:12:57,181{GMT}	INFO	[jepsen test runner] jepsen.core: Run complete, writing
2026-02-26 14:12:57,298{GMT}	INFO	[jepsen node n0] maelstrom.db: Tearing down n0
2026-02-26 14:12:57,298{GMT}	INFO	[jepsen node n1] maelstrom.db: Tearing down n1
2026-02-26 14:12:57,298{GMT}	INFO	[jepsen node n2] maelstrom.db: Tearing down n2
2026-02-26 14:12:57,299{GMT}	INFO	[jepsen node n3] maelstrom.db: Tearing down n3
2026-02-26 14:12:57,299{GMT}	INFO	[jepsen node n4] maelstrom.db: Tearing down n4
2026-02-26 14:12:59,119{GMT}	INFO	[jepsen node n0] maelstrom.net: Shutting down Maelstrom network
2026-02-26 14:12:59,121{GMT}	INFO	[jepsen test runner] jepsen.core: Analyzing...
2026-02-26 14:12:59,392{GMT}	WARN	[clojure-agent-send-off-pool-7] jepsen.checker: Error rendering linearizability analysis
java.lang.AssertionError: Assert failed: Expected index but got nil for op #knossos.op.Op{:process nil, :type nil, :f nil, :value nil, :index nil}
i
	at knossos.linear.report$time_coords$fn__10900.invoke(report.clj:184)
	at clojure.core$map$fn__5954.invoke(core.clj:2770)
	at clojure.lang.LazySeq.force(LazySeq.java:50)
	at clojure.lang.LazySeq.realize(LazySeq.java:89)
	at clojure.lang.LazySeq.seq(LazySeq.java:106)
	at clojure.lang.RT.seq(RT.java:555)
	at clojure.core$seq__5486.invokeStatic(core.clj:139)
	at clojure.core.protocols$seq_reduce.invokeStatic(protocols.clj:24)
	at clojure.core.protocols$fn__8262.invokeStatic(protocols.clj:74)
	at clojure.core.protocols$fn__8262.invoke(protocols.clj:74)
	at clojure.core.protocols$fn__8203$G__8198__8216.invoke(protocols.clj:13)
	at clojure.core$reduce.invokeStatic(core.clj:6965)
	at clojure.core$into.invokeStatic(core.clj:7038)
	at clojure.core$into.invoke(core.clj:7029)
	at knossos.linear.report$time_coords.invokeStatic(report.clj:194)
	at knossos.linear.report$time_coords.invoke(report.clj:177)
	at knossos.linear.report$learnings.invokeStatic(report.clj:442)
	at knossos.linear.report$learnings.invoke(report.clj:422)
	at knossos.linear.report$render_analysis_BANG_.invokeStatic(report.clj:654)
	at knossos.linear.report$render_analysis_BANG_.invoke(report.clj:649)
	at jepsen.checker$linearizable$reify__11134$fn__11136.invoke(checker.clj:226)
	at jepsen.checker$linearizable$reify__11134.check(checker.clj:224)
	at jepsen.checker$check_safe.invokeStatic(checker.clj:88)
	at jepsen.checker$check_safe.invoke(checker.clj:80)
	at jepsen.checker$compose$reify__11089$fn__11091.invoke(checker.clj:104)
	at clojure.core$pmap$fn__8582$fn__8583.invoke(core.clj:7169)
	at clojure.core$binding_conveyor_fn$fn__5842.invoke(core.clj:2047)
	at clojure.lang.AFn.call(AFn.java:18)
	at java.base/java.util.concurrent.FutureTask.run(FutureTask.java:328)
	at java.base/java.util.concurrent.ThreadPoolExecutor.runWorker(ThreadPoolExecutor.java:1090)
	at java.base/java.util.concurrent.ThreadPoolExecutor$Worker.run(ThreadPoolExecutor.java:614)
	at java.base/java.lang.Thread.run(Thread.java:1474)
2026-02-26 14:12:59,427{GMT}	INFO	[clojure-agent-send-pool-0] jepsen.independent: Wrote /home/tim/Work/ID2203/omnipaxos-kv-main/store/lin-kv/20260226T141254.994+0100/independent/0/results.edn
2026-02-26 14:12:59,433{GMT}	INFO	[clojure-agent-send-pool-0] jepsen.independent: Wrote /home/tim/Work/ID2203/omnipaxos-kv-main/store/lin-kv/20260226T141254.994+0100/independent/0/history.edn
2026-02-26 14:12:59,553{GMT}	INFO	[jepsen test runner] jepsen.core: Analysis complete
2026-02-26 14:12:59,563{GMT}	INFO	[jepsen results] jepsen.store: Wrote /home/tim/Work/ID2203/omnipaxos-kv-main/store/lin-kv/20260226T141254.994+0100/results.edn
2026-02-26 14:12:59,583{GMT}	INFO	[jepsen test runner] jepsen.core: {:perf {:latency-graph {:valid? true},
        :rate-graph {:valid? true},
        :valid? true},
 :timeline {:valid? true},
 :exceptions {:valid? true},
 :stats {:valid? true,
         :count 95,
         :ok-count 95,
         :fail-count 0,
         :info-count 0,
         :by-f {:cas {:valid? true,
                      :count 25,
                      :ok-count 25,
                      :fail-count 0,
                      :info-count 0},
                :read {:valid? true,
                       :count 55,
                       :ok-count 55,
                       :fail-count 0,
                       :info-count 0},
                :write {:valid? true,
                        :count 15,
                        :ok-count 15,
                        :fail-count 0,
                        :info-count 0}}},
 :availability {:valid? true, :ok-fraction 1.0},
 :net {:all {:send-count 200,
             :recv-count 200,
             :msg-count 200,
             :msgs-per-op 2.1052632},
       :clients {:send-count 200, :recv-count 200, :msg-count 200},
       :servers {:send-count 0,
                 :recv-count 0,
                 :msg-count 0,
                 :msgs-per-op 0.0},
       :valid? true},
 :workload {:valid? false,
            :results {0 {:linearizable {:valid? false,
                                        :op {:process 5,
                                             :type :ok,
                                             :f :cas,
                                             :value [1 1],
                                             :index 1,
                                             :time 29580787},
                                        :previous-ok nil,
                                        :final-paths ([{:op nil,
                                                        :model #knossos.model.CASRegister{:value nil}}
                                                       {:op {:process 5,
                                                             :type :ok,
                                                             :f :cas,
                                                             :value [1
                                                                     1],
                                                             :index 1,
                                                             :time 29580787},
                                                        :model #knossos.model.Inconsistent{:msg "can't CAS  from 1 to 1"}}]),
                                        :configs ()},
                         :timeline {:valid? true},
                         :valid? false}},
            :failures [0]},
 :valid? false}


Analysis invalid! (ﾉಥ益ಥ）ﾉ ┻━┻
