2026-02-26 14:02:15,255{GMT}	INFO	[jepsen test runner] jepsen.core: Test version cae4e7ea62e897578bc7cb05acf3c5d06f2c031e (plus uncommitted changes)
2026-02-26 14:02:15,256{GMT}	INFO	[jepsen test runner] jepsen.core: Command line:
lein run test -w lin-kv --bin maelstrom/demo/rust/target/debug/lin_kv --node-count 1 --concurrency 2n --time-limit 1 --rate 100 --log-stderr
2026-02-26 14:02:15,348{GMT}	INFO	[jepsen test runner] jepsen.core: Running test:
{:args []
 :remote
 #jepsen.control.retry.Remote{:remote #jepsen.control.scp.Remote{:cmd-remote #jepsen.control.sshj.SSHJRemote{:concurrency-limit 6,
                                                                                                             :conn-spec nil,
                                                                                                             :client nil,
                                                                                                             :semaphore nil},
                                                                 :conn-spec nil},
                              :conn nil}
 :log-net-send false
 :node-count 1
 :availability nil
 :max-txn-length 4
 :concurrency 2
 :db
 #object[maelstrom.db$db$reify__16612
         "0x2102eb7a"
         "maelstrom.db$db$reify__16612@2102eb7a"]
 :max-writes-per-key 16
 :leave-db-running? false
 :name "lin-kv"
 :logging-json? false
 :start-time
 #object[org.joda.time.DateTime "0x4f3d49e4" "2026-02-26T14:02:15.208+01:00"]
 :nemesis-interval 10
 :net
 #object[maelstrom.net$jepsen_net$reify__15721
         "0x7d26b390"
         "maelstrom.net$jepsen_net$reify__15721@7d26b390"]
 :client
 #object[maelstrom.workload.lin_kv$client$reify__20973
         "0x6ff5eeed"
         "maelstrom.workload.lin_kv$client$reify__20973@6ff5eeed"]
 :barrier
 #object[java.util.concurrent.CyclicBarrier
         "0x76b49d0"
         "java.util.concurrent.CyclicBarrier@76b49d0"]
 :log-stderr true
 :pure-generators true
 :ssh {:dummy? true}
 :rate 100.0
 :checker
 #object[jepsen.checker$compose$reify__11089
         "0x223c42b0"
         "jepsen.checker$compose$reify__11089@223c42b0"]
 :argv
 ("test"
  "-w"
  "lin-kv"
  "--bin"
  "maelstrom/demo/rust/target/debug/lin_kv"
  "--node-count"
  "1"
  "--concurrency"
  "2n"
  "--time-limit"
  "1"
  "--rate"
  "100"
  "--log-stderr")
 :nemesis
 (jepsen.nemesis.ReflCompose
  {:fm {:start-partition 0,
        :stop-partition 0,
        :kill 1,
        :start 1,
        :pause 1,
        :resume 1},
   :nemeses [#unprintable "jepsen.nemesis.combined$partition_nemesis$reify__16905@6acedf54"
             #unprintable "jepsen.nemesis.combined$db_nemesis$reify__16886@2a0cc666"]})
 :nodes ["n0"]
 :test-count 1
 :latency {:mean 0, :dist :constant}
 :bin "maelstrom/demo/rust/target/debug/lin_kv"
 :generator
 #object[jepsen.util.Forgettable
         "0x3acae925"
         (jepsen.generator.TimeLimit
          {:limit 1000000000,
           :cutoff nil,
           :gen (jepsen.generator.Any
                 {:gens [(jepsen.generator.OnThreads
                          {:f #{:nemesis},
                           :context-filter #object[jepsen.generator.context$make_thread_filter$lazy_filter__12077
                                                   "0x92a584f"
                                                   "jepsen.generator.context$make_thread_filter$lazy_filter__12077@92a584f"],
                           :gen nil})
                         (jepsen.generator.OnThreads
                          {:f #jepsen.generator.context.AllBut{:element :nemesis},
                           :context-filter #object[jepsen.generator.context$make_thread_filter$lazy_filter__12077
                                                   "0x36e23af"
                                                   "jepsen.generator.context$make_thread_filter$lazy_filter__12077@36e23af"],
                           :gen (jepsen.generator.Stagger
                                 {:dt 20000000,
                                  :next-time nil,
                                  :gen (jepsen.generator.OnThreads
                                        {:f #jepsen.generator.context.AllBut{:element :nemesis},
                                         :context-filter #object[jepsen.generator.context$make_thread_filter$lazy_filter__12077
                                                                 "0x5e4a9c16"
                                                                 "jepsen.generator.context$make_thread_filter$lazy_filter__12077@5e4a9c16"],
                                         :gen (jepsen.independent.ConcurrentGenerator
                                               {:n 2,
                                                :fgen #object[jepsen.tests.linearizable_register$test$fn__17385
                                                              "0x544ee437"
                                                              "jepsen.tests.linearizable_register$test$fn__17385@544ee437"],
                                                :group->threads nil,
                                                :thread->group nil,
                                                :group->context-filter nil,
                                                :keys (0 1 2 3 4 5 6 7 ...),
                                                :gens nil})})})})]})})]
 :log-net-recv false
 :os
 #object[maelstrom.net$jepsen_os$reify__15724
         "0x7dfc0fda"
         "maelstrom.net$jepsen_os$reify__15724@7dfc0fda"]
 :time-limit 1
 :workload :lin-kv
 :consistency-models [:strict-serializable]
 :topology :grid}

2026-02-26 14:02:16,707{GMT}	INFO	[jepsen node n0] maelstrom.net: Starting Maelstrom network
2026-02-26 14:02:16,708{GMT}	INFO	[jepsen test runner] jepsen.db: Tearing down DB
2026-02-26 14:02:16,709{GMT}	INFO	[jepsen test runner] jepsen.db: Setting up DB
2026-02-26 14:02:16,710{GMT}	INFO	[jepsen node n0] maelstrom.service: Starting services: (lin-kv lin-tso lww-kv seq-kv)
2026-02-26 14:02:16,711{GMT}	INFO	[jepsen node n0] maelstrom.db: Setting up n0
2026-02-26 14:02:16,712{GMT}	INFO	[jepsen node n0] maelstrom.process: launching maelstrom/demo/rust/target/debug/lin_kv []
2026-02-26 14:02:16,747{GMT}	INFO	[n0 stderr] maelstrom.process: [2026-02-26T13:02:16.746606Z INFO  maelstrom::runtime] Received {"id":0,"src":"c0","dest":"n0","body":{"type":"init","node_id":"n0","node_ids":["n0"],"msg_id":1}}
2026-02-26 14:02:16,750{GMT}	INFO	[n0 stderr] maelstrom.process: [2026-02-26T13:02:16.748381Z INFO  maelstrom::runtime] Sent {"src":"n0","dest":"c0","body":{"in_reply_to":1,"type":"init_ok"}}
2026-02-26 14:02:16,760{GMT}	INFO	[jepsen test runner] jepsen.core: Relative time begins now
2026-02-26 14:02:16,774{GMT}	INFO	[jepsen worker 0] jepsen.util: 0	:invoke	:read	[0 nil]
2026-02-26 14:02:16,776{GMT}	INFO	[n0 stderr] maelstrom.process: [2026-02-26T13:02:16.776442Z INFO  maelstrom::runtime] Received {"id":2,"src":"c2","dest":"n0","body":{"key":0,"type":"read","msg_id":1}}
2026-02-26 14:02:16,776{GMT}	INFO	[n0 stderr] maelstrom.process: [2026-02-26T13:02:16.776675Z INFO  maelstrom::runtime] Sent {"src":"n0","dest":"lin-kv","body":{"msg_id":1,"key":"0","type":"read"}}
2026-02-26 14:02:16,778{GMT}	INFO	[n0 stderr] maelstrom.process: [2026-02-26T13:02:16.777972Z INFO  maelstrom::runtime] Received {"id":4,"src":"lin-kv","dest":"n0","body":{"type":"error","code":20,"text":"key does not exist","in_reply_to":1}}
2026-02-26 14:02:16,778{GMT}	INFO	[n0 stderr] maelstrom.process: [2026-02-26T13:02:16.778116Z INFO  maelstrom::runtime] Sent {"src":"n0","dest":"c2","body":{"in_reply_to":1,"code":20,"text":"key does not exist","type":"error"}}
2026-02-26 14:02:16,785{GMT}	INFO	[jepsen worker 1] jepsen.util: 1	:invoke	:cas	[0 [3 3]]
2026-02-26 14:02:16,786{GMT}	INFO	[jepsen worker 0] jepsen.util: 0	:fail	:read	[0 nil]	[:key-does-not-exist "key does not exist"]
2026-02-26 14:02:16,786{GMT}	INFO	[n0 stderr] maelstrom.process: [2026-02-26T13:02:16.786721Z INFO  maelstrom::runtime] Received {"id":6,"src":"c3","dest":"n0","body":{"key":0,"from":3,"to":3,"type":"cas","msg_id":1}}
2026-02-26 14:02:16,787{GMT}	INFO	[n0 stderr] maelstrom.process: [2026-02-26T13:02:16.786942Z INFO  maelstrom::runtime] Sent {"src":"n0","dest":"lin-kv","body":{"msg_id":2,"from":3,"key":"0","to":3,"type":"cas"}}
2026-02-26 14:02:16,787{GMT}	INFO	[n0 stderr] maelstrom.process: [2026-02-26T13:02:16.787794Z INFO  maelstrom::runtime] Received {"id":8,"src":"lin-kv","dest":"n0","body":{"type":"error","code":20,"text":"key does not exist","in_reply_to":2}}
2026-02-26 14:02:16,788{GMT}	INFO	[n0 stderr] maelstrom.process: [2026-02-26T13:02:16.787999Z INFO  maelstrom::runtime] Sent {"src":"n0","dest":"c3","body":{"in_reply_to":1,"code":20,"text":"key does not exist","type":"error"}}
2026-02-26 14:02:16,788{GMT}	INFO	[jepsen worker 1] jepsen.util: 1	:fail	:cas	[0 [3 3]]	[:key-does-not-exist "key does not exist"]
2026-02-26 14:02:16,792{GMT}	INFO	[jepsen worker 1] jepsen.util: 1	:invoke	:cas	[0 [1 1]]
2026-02-26 14:02:16,795{GMT}	INFO	[n0 stderr] maelstrom.process: [2026-02-26T13:02:16.795076Z INFO  maelstrom::runtime] Received {"id":10,"src":"c3","dest":"n0","body":{"key":0,"from":1,"to":1,"type":"cas","msg_id":2}}
2026-02-26 14:02:16,796{GMT}	INFO	[n0 stderr] maelstrom.process: [2026-02-26T13:02:16.795936Z INFO  maelstrom::runtime] Sent {"src":"n0","dest":"lin-kv","body":{"msg_id":3,"from":1,"key":"0","to":1,"type":"cas"}}
2026-02-26 14:02:16,801{GMT}	INFO	[n0 stderr] maelstrom.process: [2026-02-26T13:02:16.801052Z INFO  maelstrom::runtime] Received {"id":12,"src":"lin-kv","dest":"n0","body":{"type":"error","code":20,"text":"key does not exist","in_reply_to":3}}
2026-02-26 14:02:16,802{GMT}	INFO	[n0 stderr] maelstrom.process: [2026-02-26T13:02:16.801575Z INFO  maelstrom::runtime] Sent {"src":"n0","dest":"c3","body":{"in_reply_to":2,"code":20,"text":"key does not exist","type":"error"}}
2026-02-26 14:02:16,803{GMT}	INFO	[jepsen worker 1] jepsen.util: 1	:fail	:cas	[0 [1 1]]	[:key-does-not-exist "key does not exist"]
2026-02-26 14:02:16,810{GMT}	INFO	[jepsen worker 1] jepsen.util: 1	:invoke	:cas	[0 [3 0]]
2026-02-26 14:02:16,810{GMT}	INFO	[jepsen worker 0] jepsen.util: 0	:invoke	:read	[0 nil]
2026-02-26 14:02:16,819{GMT}	INFO	[n0 stderr] maelstrom.process: [2026-02-26T13:02:16.817291Z INFO  maelstrom::runtime] Received {"id":15,"src":"c3","dest":"n0","body":{"key":0,"from":3,"to":0,"type":"cas","msg_id":3}}
2026-02-26 14:02:16,823{GMT}	INFO	[n0 stderr] maelstrom.process: [2026-02-26T13:02:16.818193Z INFO  maelstrom::runtime] Received {"id":14,"src":"c2","dest":"n0","body":{"key":0,"type":"read","msg_id":2}}
2026-02-26 14:02:16,826{GMT}	INFO	[n0 stderr] maelstrom.process: [2026-02-26T13:02:16.818994Z INFO  maelstrom::runtime] Sent {"src":"n0","dest":"lin-kv","body":{"msg_id":4,"from":3,"key":"0","to":0,"type":"cas"}}
2026-02-26 14:02:16,827{GMT}	INFO	[n0 stderr] maelstrom.process: [2026-02-26T13:02:16.820622Z INFO  maelstrom::runtime] Sent {"src":"n0","dest":"lin-kv","body":{"msg_id":5,"key":"0","type":"read"}}
2026-02-26 14:02:16,827{GMT}	INFO	[n0 stderr] maelstrom.process: [2026-02-26T13:02:16.825622Z INFO  maelstrom::runtime] Received {"id":17,"src":"lin-kv","dest":"n0","body":{"type":"error","code":20,"text":"key does not exist","in_reply_to":4}}
2026-02-26 14:02:16,828{GMT}	INFO	[n0 stderr] maelstrom.process: [2026-02-26T13:02:16.825978Z INFO  maelstrom::runtime] Received {"id":19,"src":"lin-kv","dest":"n0","body":{"type":"error","code":20,"text":"key does not exist","in_reply_to":5}}
2026-02-26 14:02:16,828{GMT}	INFO	[n0 stderr] maelstrom.process: [2026-02-26T13:02:16.826915Z INFO  maelstrom::runtime] Sent {"src":"n0","dest":"c3","body":{"in_reply_to":3,"code":20,"text":"key does not exist","type":"error"}}
2026-02-26 14:02:16,828{GMT}	INFO	[n0 stderr] maelstrom.process: [2026-02-26T13:02:16.827114Z INFO  maelstrom::runtime] Sent {"src":"n0","dest":"c2","body":{"in_reply_to":2,"code":20,"text":"key does not exist","type":"error"}}
2026-02-26 14:02:16,829{GMT}	INFO	[jepsen worker 0] jepsen.util: 0	:fail	:read	[0 nil]	[:key-does-not-exist "key does not exist"]
2026-02-26 14:02:16,829{GMT}	INFO	[jepsen worker 1] jepsen.util: 1	:fail	:cas	[0 [3 0]]	[:key-does-not-exist "key does not exist"]
2026-02-26 14:02:16,837{GMT}	INFO	[jepsen worker 0] jepsen.util: 0	:invoke	:read	[0 nil]
2026-02-26 14:02:16,843{GMT}	INFO	[n0 stderr] maelstrom.process: [2026-02-26T13:02:16.842091Z INFO  maelstrom::runtime] Received {"id":22,"src":"c2","dest":"n0","body":{"key":0,"type":"read","msg_id":3}}
2026-02-26 14:02:16,844{GMT}	INFO	[n0 stderr] maelstrom.process: [2026-02-26T13:02:16.843303Z INFO  maelstrom::runtime] Sent {"src":"n0","dest":"lin-kv","body":{"msg_id":6,"key":"0","type":"read"}}
2026-02-26 14:02:16,848{GMT}	INFO	[n0 stderr] maelstrom.process: [2026-02-26T13:02:16.847773Z INFO  maelstrom::runtime] Received {"id":24,"src":"lin-kv","dest":"n0","body":{"type":"error","code":20,"text":"key does not exist","in_reply_to":6}}
2026-02-26 14:02:16,850{GMT}	INFO	[jepsen worker 1] jepsen.util: 1	:invoke	:write	[0 4]
2026-02-26 14:02:16,850{GMT}	INFO	[n0 stderr] maelstrom.process: [2026-02-26T13:02:16.849118Z INFO  maelstrom::runtime] Sent {"src":"n0","dest":"c2","body":{"in_reply_to":3,"code":20,"text":"key does not exist","type":"error"}}
2026-02-26 14:02:16,853{GMT}	INFO	[jepsen worker 0] jepsen.util: 0	:fail	:read	[0 nil]	[:key-does-not-exist "key does not exist"]
2026-02-26 14:02:16,853{GMT}	INFO	[n0 stderr] maelstrom.process: [2026-02-26T13:02:16.852885Z INFO  maelstrom::runtime] Received {"id":26,"src":"c3","dest":"n0","body":{"key":0,"value":4,"type":"write","msg_id":4}}
2026-02-26 14:02:16,854{GMT}	INFO	[n0 stderr] maelstrom.process: [2026-02-26T13:02:16.853426Z INFO  maelstrom::runtime] Sent {"src":"n0","dest":"lin-kv","body":{"msg_id":7,"key":"0","type":"write","value":4}}
2026-02-26 14:02:16,855{GMT}	INFO	[n0 stderr] maelstrom.process: [2026-02-26T13:02:16.855534Z INFO  maelstrom::runtime] Received {"id":28,"src":"lin-kv","dest":"n0","body":{"type":"write_ok","in_reply_to":7}}
2026-02-26 14:02:16,856{GMT}	INFO	[n0 stderr] maelstrom.process: [2026-02-26T13:02:16.855941Z INFO  maelstrom::runtime] Sent {"src":"n0","dest":"c3","body":{"in_reply_to":4,"type":"write_ok"}}
2026-02-26 14:02:16,856{GMT}	INFO	[jepsen worker 1] jepsen.util: 1	:ok	:write	[0 4]
2026-02-26 14:02:16,865{GMT}	INFO	[jepsen worker 0] jepsen.util: 0	:invoke	:read	[0 nil]
2026-02-26 14:02:16,866{GMT}	INFO	[n0 stderr] maelstrom.process: [2026-02-26T13:02:16.866366Z INFO  maelstrom::runtime] Received {"id":30,"src":"c2","dest":"n0","body":{"key":0,"type":"read","msg_id":4}}
2026-02-26 14:02:16,866{GMT}	INFO	[n0 stderr] maelstrom.process: [2026-02-26T13:02:16.866620Z INFO  maelstrom::runtime] Sent {"src":"n0","dest":"lin-kv","body":{"msg_id":8,"key":"0","type":"read"}}
2026-02-26 14:02:16,867{GMT}	INFO	[n0 stderr] maelstrom.process: [2026-02-26T13:02:16.867331Z INFO  maelstrom::runtime] Received {"id":32,"src":"lin-kv","dest":"n0","body":{"type":"read_ok","value":4,"in_reply_to":8}}
2026-02-26 14:02:16,867{GMT}	INFO	[n0 stderr] maelstrom.process: [2026-02-26T13:02:16.867535Z INFO  maelstrom::runtime] Sent {"src":"n0","dest":"c2","body":{"in_reply_to":4,"type":"read_ok","value":4}}
2026-02-26 14:02:16,868{GMT}	INFO	[jepsen worker 0] jepsen.util: 0	:ok	:read	[0 4]
2026-02-26 14:02:16,885{GMT}	INFO	[jepsen worker 0] jepsen.util: 0	:invoke	:read	[0 nil]
2026-02-26 14:02:16,886{GMT}	INFO	[n0 stderr] maelstrom.process: [2026-02-26T13:02:16.886077Z INFO  maelstrom::runtime] Received {"id":34,"src":"c2","dest":"n0","body":{"key":0,"type":"read","msg_id":5}}
2026-02-26 14:02:16,886{GMT}	INFO	[jepsen worker 1] jepsen.util: 1	:invoke	:write	[0 4]
2026-02-26 14:02:16,886{GMT}	INFO	[n0 stderr] maelstrom.process: [2026-02-26T13:02:16.886671Z INFO  maelstrom::runtime] Sent {"src":"n0","dest":"lin-kv","body":{"msg_id":9,"key":"0","type":"read"}}
2026-02-26 14:02:16,888{GMT}	INFO	[n0 stderr] maelstrom.process: [2026-02-26T13:02:16.887957Z INFO  maelstrom::runtime] Received {"id":35,"src":"c3","dest":"n0","body":{"key":0,"value":4,"type":"write","msg_id":5}}
2026-02-26 14:02:16,888{GMT}	INFO	[n0 stderr] maelstrom.process: [2026-02-26T13:02:16.888383Z INFO  maelstrom::runtime] Sent {"src":"n0","dest":"lin-kv","body":{"msg_id":10,"key":"0","type":"write","value":4}}
2026-02-26 14:02:16,889{GMT}	INFO	[n0 stderr] maelstrom.process: [2026-02-26T13:02:16.888885Z INFO  maelstrom::runtime] Received {"id":37,"src":"lin-kv","dest":"n0","body":{"type":"read_ok","value":4,"in_reply_to":9}}
2026-02-26 14:02:16,889{GMT}	INFO	[n0 stderr] maelstrom.process: [2026-02-26T13:02:16.889387Z INFO  maelstrom::runtime] Sent {"src":"n0","dest":"c2","body":{"in_reply_to":5,"type":"read_ok","value":4}}
2026-02-26 14:02:16,890{GMT}	INFO	[n0 stderr] maelstrom.process: [2026-02-26T13:02:16.890369Z INFO  maelstrom::runtime] Received {"id":39,"src":"lin-kv","dest":"n0","body":{"type":"write_ok","in_reply_to":10}}
2026-02-26 14:02:16,890{GMT}	INFO	[jepsen worker 0] jepsen.util: 0	:ok	:read	[0 4]
2026-02-26 14:02:16,890{GMT}	INFO	[n0 stderr] maelstrom.process: [2026-02-26T13:02:16.890721Z INFO  maelstrom::runtime] Sent {"src":"n0","dest":"c3","body":{"in_reply_to":5,"type":"write_ok"}}
2026-02-26 14:02:16,891{GMT}	INFO	[jepsen worker 1] jepsen.util: 1	:ok	:write	[0 4]
2026-02-26 14:02:16,902{GMT}	INFO	[jepsen worker 1] jepsen.util: 1	:invoke	:cas	[0 [4 3]]
2026-02-26 14:02:16,901{GMT}	INFO	[jepsen worker 0] jepsen.util: 0	:invoke	:read	[0 nil]
2026-02-26 14:02:16,904{GMT}	INFO	[n0 stderr] maelstrom.process: [2026-02-26T13:02:16.903681Z INFO  maelstrom::runtime] Received {"id":43,"src":"c3","dest":"n0","body":{"key":0,"from":4,"to":3,"type":"cas","msg_id":6}}
2026-02-26 14:02:16,906{GMT}	INFO	[n0 stderr] maelstrom.process: [2026-02-26T13:02:16.904154Z INFO  maelstrom::runtime] Received {"id":42,"src":"c2","dest":"n0","body":{"key":0,"type":"read","msg_id":6}}
2026-02-26 14:02:16,906{GMT}	INFO	[n0 stderr] maelstrom.process: [2026-02-26T13:02:16.904829Z INFO  maelstrom::runtime] Sent {"src":"n0","dest":"lin-kv","body":{"msg_id":12,"from":4,"key":"0","to":3,"type":"cas"}}
2026-02-26 14:02:16,906{GMT}	INFO	[n0 stderr] maelstrom.process: [2026-02-26T13:02:16.905003Z INFO  maelstrom::runtime] Sent {"src":"n0","dest":"lin-kv","body":{"msg_id":11,"key":"0","type":"read"}}
2026-02-26 14:02:16,907{GMT}	INFO	[n0 stderr] maelstrom.process: [2026-02-26T13:02:16.907121Z INFO  maelstrom::runtime] Received {"id":45,"src":"lin-kv","dest":"n0","body":{"type":"cas_ok","in_reply_to":12}}
2026-02-26 14:02:16,907{GMT}	INFO	[n0 stderr] maelstrom.process: [2026-02-26T13:02:16.907171Z INFO  maelstrom::runtime] Received {"id":47,"src":"lin-kv","dest":"n0","body":{"type":"read_ok","value":3,"in_reply_to":11}}
2026-02-26 14:02:16,907{GMT}	INFO	[n0 stderr] maelstrom.process: [2026-02-26T13:02:16.907493Z INFO  maelstrom::runtime] Sent {"src":"n0","dest":"c3","body":{"in_reply_to":6,"type":"cas_ok"}}
2026-02-26 14:02:16,907{GMT}	INFO	[n0 stderr] maelstrom.process: [2026-02-26T13:02:16.907584Z INFO  maelstrom::runtime] Sent {"src":"n0","dest":"c2","body":{"in_reply_to":6,"type":"read_ok","value":3}}
2026-02-26 14:02:16,912{GMT}	INFO	[jepsen worker 1] jepsen.util: 1	:ok	:cas	[0 [4 3]]
2026-02-26 14:02:16,912{GMT}	INFO	[jepsen worker 0] jepsen.util: 0	:ok	:read	[0 3]
2026-02-26 14:02:16,917{GMT}	INFO	[jepsen worker 1] jepsen.util: 1	:invoke	:write	[0 0]
2026-02-26 14:02:16,921{GMT}	INFO	[n0 stderr] maelstrom.process: [2026-02-26T13:02:16.921324Z INFO  maelstrom::runtime] Received {"id":50,"src":"c3","dest":"n0","body":{"key":0,"value":0,"type":"write","msg_id":7}}
2026-02-26 14:02:16,923{GMT}	INFO	[n0 stderr] maelstrom.process: [2026-02-26T13:02:16.922270Z INFO  maelstrom::runtime] Sent {"src":"n0","dest":"lin-kv","body":{"msg_id":13,"key":"0","type":"write","value":0}}
2026-02-26 14:02:16,932{GMT}	INFO	[n0 stderr] maelstrom.process: [2026-02-26T13:02:16.931325Z INFO  maelstrom::runtime] Received {"id":52,"src":"lin-kv","dest":"n0","body":{"type":"write_ok","in_reply_to":13}}
2026-02-26 14:02:16,934{GMT}	INFO	[n0 stderr] maelstrom.process: [2026-02-26T13:02:16.932129Z INFO  maelstrom::runtime] Sent {"src":"n0","dest":"c3","body":{"in_reply_to":7,"type":"write_ok"}}
2026-02-26 14:02:16,935{GMT}	INFO	[jepsen worker 1] jepsen.util: 1	:ok	:write	[0 0]
2026-02-26 14:02:16,935{GMT}	INFO	[jepsen worker 0] jepsen.util: 0	:invoke	:read	[0 nil]
2026-02-26 14:02:16,940{GMT}	INFO	[jepsen worker 1] jepsen.util: 1	:invoke	:cas	[0 [2 0]]
2026-02-26 14:02:16,940{GMT}	INFO	[n0 stderr] maelstrom.process: [2026-02-26T13:02:16.939927Z INFO  maelstrom::runtime] Received {"id":54,"src":"c2","dest":"n0","body":{"key":0,"type":"read","msg_id":7}}
2026-02-26 14:02:16,942{GMT}	INFO	[n0 stderr] maelstrom.process: [2026-02-26T13:02:16.941045Z INFO  maelstrom::runtime] Sent {"src":"n0","dest":"lin-kv","body":{"msg_id":14,"key":"0","type":"read"}}
2026-02-26 14:02:16,944{GMT}	INFO	[n0 stderr] maelstrom.process: [2026-02-26T13:02:16.943833Z INFO  maelstrom::runtime] Received {"id":55,"src":"c3","dest":"n0","body":{"key":0,"from":2,"to":0,"type":"cas","msg_id":8}}
2026-02-26 14:02:16,945{GMT}	INFO	[n0 stderr] maelstrom.process: [2026-02-26T13:02:16.944244Z INFO  maelstrom::runtime] Received {"id":57,"src":"lin-kv","dest":"n0","body":{"type":"read_ok","value":0,"in_reply_to":14}}
2026-02-26 14:02:16,945{GMT}	INFO	[n0 stderr] maelstrom.process: [2026-02-26T13:02:16.944628Z INFO  maelstrom::runtime] Sent {"src":"n0","dest":"c2","body":{"in_reply_to":7,"type":"read_ok","value":0}}
2026-02-26 14:02:16,945{GMT}	INFO	[n0 stderr] maelstrom.process: [2026-02-26T13:02:16.944735Z INFO  maelstrom::runtime] Sent {"src":"n0","dest":"lin-kv","body":{"msg_id":15,"from":2,"key":"0","to":0,"type":"cas"}}
2026-02-26 14:02:16,947{GMT}	INFO	[n0 stderr] maelstrom.process: [2026-02-26T13:02:16.947792Z INFO  maelstrom::runtime] Received {"id":60,"src":"lin-kv","dest":"n0","body":{"type":"error","code":22,"text":"current value 0 is not 2","in_reply_to":15}}
2026-02-26 14:02:16,947{GMT}	INFO	[jepsen worker 0] jepsen.util: 0	:ok	:read	[0 0]
2026-02-26 14:02:16,948{GMT}	INFO	[n0 stderr] maelstrom.process: [2026-02-26T13:02:16.948198Z INFO  maelstrom::runtime] Sent {"src":"n0","dest":"c3","body":{"in_reply_to":8,"code":22,"text":"precondition failed","type":"error"}}
2026-02-26 14:02:16,948{GMT}	INFO	[jepsen worker 0] jepsen.util: 0	:invoke	:read	[0 nil]
2026-02-26 14:02:16,949{GMT}	INFO	[n0 stderr] maelstrom.process: [2026-02-26T13:02:16.949032Z INFO  maelstrom::runtime] Received {"id":62,"src":"c2","dest":"n0","body":{"key":0,"type":"read","msg_id":8}}
2026-02-26 14:02:16,949{GMT}	INFO	[n0 stderr] maelstrom.process: [2026-02-26T13:02:16.949272Z INFO  maelstrom::runtime] Sent {"src":"n0","dest":"lin-kv","body":{"msg_id":16,"key":"0","type":"read"}}
2026-02-26 14:02:16,949{GMT}	INFO	[jepsen worker 1] jepsen.util: 1	:fail	:cas	[0 [2 0]]	[:precondition-failed "precondition failed"]
2026-02-26 14:02:16,950{GMT}	INFO	[n0 stderr] maelstrom.process: [2026-02-26T13:02:16.950531Z INFO  maelstrom::runtime] Received {"id":64,"src":"lin-kv","dest":"n0","body":{"type":"read_ok","value":0,"in_reply_to":16}}
2026-02-26 14:02:16,951{GMT}	INFO	[n0 stderr] maelstrom.process: [2026-02-26T13:02:16.950868Z INFO  maelstrom::runtime] Sent {"src":"n0","dest":"c2","body":{"in_reply_to":8,"type":"read_ok","value":0}}
2026-02-26 14:02:16,951{GMT}	INFO	[jepsen worker 0] jepsen.util: 0	:ok	:read	[0 0]
2026-02-26 14:02:16,965{GMT}	INFO	[jepsen worker 1] jepsen.util: 1	:invoke	:cas	[0 [4 0]]
2026-02-26 14:02:16,966{GMT}	INFO	[n0 stderr] maelstrom.process: [2026-02-26T13:02:16.966744Z INFO  maelstrom::runtime] Received {"id":66,"src":"c3","dest":"n0","body":{"key":0,"from":4,"to":0,"type":"cas","msg_id":9}}
2026-02-26 14:02:16,967{GMT}	INFO	[n0 stderr] maelstrom.process: [2026-02-26T13:02:16.966959Z INFO  maelstrom::runtime] Sent {"src":"n0","dest":"lin-kv","body":{"msg_id":17,"from":4,"key":"0","to":0,"type":"cas"}}
2026-02-26 14:02:16,967{GMT}	INFO	[n0 stderr] maelstrom.process: [2026-02-26T13:02:16.967741Z INFO  maelstrom::runtime] Received {"id":68,"src":"lin-kv","dest":"n0","body":{"type":"error","code":22,"text":"current value 0 is not 4","in_reply_to":17}}
2026-02-26 14:02:16,968{GMT}	INFO	[n0 stderr] maelstrom.process: [2026-02-26T13:02:16.967947Z INFO  maelstrom::runtime] Sent {"src":"n0","dest":"c3","body":{"in_reply_to":9,"code":22,"text":"precondition failed","type":"error"}}
2026-02-26 14:02:16,968{GMT}	INFO	[jepsen worker 1] jepsen.util: 1	:fail	:cas	[0 [4 0]]	[:precondition-failed "precondition failed"]
2026-02-26 14:02:16,984{GMT}	INFO	[jepsen worker 1] jepsen.util: 1	:invoke	:cas	[0 [1 4]]
2026-02-26 14:02:16,987{GMT}	INFO	[n0 stderr] maelstrom.process: [2026-02-26T13:02:16.986905Z INFO  maelstrom::runtime] Received {"id":70,"src":"c3","dest":"n0","body":{"key":0,"from":1,"to":4,"type":"cas","msg_id":10}}
2026-02-26 14:02:16,988{GMT}	INFO	[n0 stderr] maelstrom.process: [2026-02-26T13:02:16.987854Z INFO  maelstrom::runtime] Sent {"src":"n0","dest":"lin-kv","body":{"msg_id":18,"from":1,"key":"0","to":4,"type":"cas"}}
2026-02-26 14:02:16,994{GMT}	INFO	[jepsen worker 0] jepsen.util: 0	:invoke	:read	[0 nil]
2026-02-26 14:02:16,995{GMT}	INFO	[n0 stderr] maelstrom.process: [2026-02-26T13:02:16.995344Z INFO  maelstrom::runtime] Received {"id":72,"src":"lin-kv","dest":"n0","body":{"type":"error","code":22,"text":"current value 0 is not 1","in_reply_to":18}}
2026-02-26 14:02:16,996{GMT}	INFO	[n0 stderr] maelstrom.process: [2026-02-26T13:02:16.995894Z INFO  maelstrom::runtime] Sent {"src":"n0","dest":"c3","body":{"in_reply_to":10,"code":22,"text":"precondition failed","type":"error"}}
2026-02-26 14:02:16,996{GMT}	INFO	[n0 stderr] maelstrom.process: [2026-02-26T13:02:16.996273Z INFO  maelstrom::runtime] Received {"id":73,"src":"c2","dest":"n0","body":{"key":0,"type":"read","msg_id":9}}
2026-02-26 14:02:16,996{GMT}	INFO	[n0 stderr] maelstrom.process: [2026-02-26T13:02:16.996419Z INFO  maelstrom::runtime] Sent {"src":"n0","dest":"lin-kv","body":{"msg_id":19,"key":"0","type":"read"}}
2026-02-26 14:02:16,996{GMT}	INFO	[jepsen worker 1] jepsen.util: 1	:fail	:cas	[0 [1 4]]	[:precondition-failed "precondition failed"]
2026-02-26 14:02:16,996{GMT}	INFO	[n0 stderr] maelstrom.process: [2026-02-26T13:02:16.996932Z INFO  maelstrom::runtime] Received {"id":76,"src":"lin-kv","dest":"n0","body":{"type":"read_ok","value":0,"in_reply_to":19}}
2026-02-26 14:02:16,997{GMT}	INFO	[n0 stderr] maelstrom.process: [2026-02-26T13:02:16.997147Z INFO  maelstrom::runtime] Sent {"src":"n0","dest":"c2","body":{"in_reply_to":9,"type":"read_ok","value":0}}
2026-02-26 14:02:16,997{GMT}	INFO	[jepsen worker 0] jepsen.util: 0	:ok	:read	[0 0]
2026-02-26 14:02:17,006{GMT}	INFO	[jepsen worker 0] jepsen.util: 0	:invoke	:read	[0 nil]
2026-02-26 14:02:17,008{GMT}	INFO	[n0 stderr] maelstrom.process: [2026-02-26T13:02:17.007672Z INFO  maelstrom::runtime] Received {"id":78,"src":"c2","dest":"n0","body":{"key":0,"type":"read","msg_id":10}}
2026-02-26 14:02:17,009{GMT}	INFO	[n0 stderr] maelstrom.process: [2026-02-26T13:02:17.008285Z INFO  maelstrom::runtime] Sent {"src":"n0","dest":"lin-kv","body":{"msg_id":20,"key":"0","type":"read"}}
2026-02-26 14:02:17,015{GMT}	INFO	[n0 stderr] maelstrom.process: [2026-02-26T13:02:17.014830Z INFO  maelstrom::runtime] Received {"id":80,"src":"lin-kv","dest":"n0","body":{"type":"read_ok","value":0,"in_reply_to":20}}
2026-02-26 14:02:17,015{GMT}	INFO	[jepsen worker 1] jepsen.util: 1	:invoke	:write	[0 3]
2026-02-26 14:02:17,017{GMT}	INFO	[n0 stderr] maelstrom.process: [2026-02-26T13:02:17.015929Z INFO  maelstrom::runtime] Sent {"src":"n0","dest":"c2","body":{"in_reply_to":10,"type":"read_ok","value":0}}
2026-02-26 14:02:17,019{GMT}	INFO	[jepsen worker 0] jepsen.util: 0	:ok	:read	[0 0]
2026-02-26 14:02:17,021{GMT}	INFO	[n0 stderr] maelstrom.process: [2026-02-26T13:02:17.020430Z INFO  maelstrom::runtime] Received {"id":81,"src":"c3","dest":"n0","body":{"key":0,"value":3,"type":"write","msg_id":11}}
2026-02-26 14:02:17,024{GMT}	INFO	[jepsen worker 0] jepsen.util: 0	:invoke	:read	[0 nil]
2026-02-26 14:02:17,025{GMT}	INFO	[n0 stderr] maelstrom.process: [2026-02-26T13:02:17.022087Z INFO  maelstrom::runtime] Sent {"src":"n0","dest":"lin-kv","body":{"msg_id":21,"key":"0","type":"write","value":3}}
2026-02-26 14:02:17,027{GMT}	INFO	[n0 stderr] maelstrom.process: [2026-02-26T13:02:17.026833Z INFO  maelstrom::runtime] Received {"id":84,"src":"lin-kv","dest":"n0","body":{"type":"write_ok","in_reply_to":21}}
2026-02-26 14:02:17,030{GMT}	INFO	[n0 stderr] maelstrom.process: [2026-02-26T13:02:17.027586Z INFO  maelstrom::runtime] Received {"id":85,"src":"c2","dest":"n0","body":{"key":0,"type":"read","msg_id":11}}
2026-02-26 14:02:17,032{GMT}	INFO	[n0 stderr] maelstrom.process: [2026-02-26T13:02:17.028436Z INFO  maelstrom::runtime] Sent {"src":"n0","dest":"c3","body":{"in_reply_to":11,"type":"write_ok"}}
2026-02-26 14:02:17,034{GMT}	INFO	[n0 stderr] maelstrom.process: [2026-02-26T13:02:17.028877Z INFO  maelstrom::runtime] Sent {"src":"n0","dest":"lin-kv","body":{"msg_id":22,"key":"0","type":"read"}}
2026-02-26 14:02:17,034{GMT}	INFO	[jepsen worker 1] jepsen.util: 1	:ok	:write	[0 3]
2026-02-26 14:02:17,039{GMT}	INFO	[jepsen worker 1] jepsen.util: 1	:invoke	:write	[0 0]
2026-02-26 14:02:17,041{GMT}	INFO	[n0 stderr] maelstrom.process: [2026-02-26T13:02:17.040308Z INFO  maelstrom::runtime] Received {"id":88,"src":"lin-kv","dest":"n0","body":{"type":"read_ok","value":3,"in_reply_to":22}}
2026-02-26 14:02:17,042{GMT}	INFO	[n0 stderr] maelstrom.process: [2026-02-26T13:02:17.041720Z INFO  maelstrom::runtime] Sent {"src":"n0","dest":"c2","body":{"in_reply_to":11,"type":"read_ok","value":3}}
2026-02-26 14:02:17,042{GMT}	INFO	[n0 stderr] maelstrom.process: [2026-02-26T13:02:17.042589Z INFO  maelstrom::runtime] Received {"id":89,"src":"c3","dest":"n0","body":{"key":0,"value":0,"type":"write","msg_id":12}}
2026-02-26 14:02:17,043{GMT}	INFO	[n0 stderr] maelstrom.process: [2026-02-26T13:02:17.043089Z INFO  maelstrom::runtime] Sent {"src":"n0","dest":"lin-kv","body":{"msg_id":23,"key":"0","type":"write","value":0}}
2026-02-26 14:02:17,043{GMT}	INFO	[jepsen worker 0] jepsen.util: 0	:ok	:read	[0 3]
2026-02-26 14:02:17,044{GMT}	INFO	[n0 stderr] maelstrom.process: [2026-02-26T13:02:17.044303Z INFO  maelstrom::runtime] Received {"id":92,"src":"lin-kv","dest":"n0","body":{"type":"write_ok","in_reply_to":23}}
2026-02-26 14:02:17,044{GMT}	INFO	[n0 stderr] maelstrom.process: [2026-02-26T13:02:17.044602Z INFO  maelstrom::runtime] Sent {"src":"n0","dest":"c3","body":{"in_reply_to":12,"type":"write_ok"}}
2026-02-26 14:02:17,045{GMT}	INFO	[jepsen worker 0] jepsen.util: 0	:invoke	:read	[0 nil]
2026-02-26 14:02:17,045{GMT}	INFO	[jepsen worker 1] jepsen.util: 1	:ok	:write	[0 0]
2026-02-26 14:02:17,046{GMT}	INFO	[n0 stderr] maelstrom.process: [2026-02-26T13:02:17.046087Z INFO  maelstrom::runtime] Received {"id":94,"src":"c2","dest":"n0","body":{"key":0,"type":"read","msg_id":12}}
2026-02-26 14:02:17,046{GMT}	INFO	[n0 stderr] maelstrom.process: [2026-02-26T13:02:17.046467Z INFO  maelstrom::runtime] Sent {"src":"n0","dest":"lin-kv","body":{"msg_id":24,"key":"0","type":"read"}}
2026-02-26 14:02:17,047{GMT}	INFO	[n0 stderr] maelstrom.process: [2026-02-26T13:02:17.047507Z INFO  maelstrom::runtime] Received {"id":96,"src":"lin-kv","dest":"n0","body":{"type":"read_ok","value":0,"in_reply_to":24}}
2026-02-26 14:02:17,048{GMT}	INFO	[n0 stderr] maelstrom.process: [2026-02-26T13:02:17.047922Z INFO  maelstrom::runtime] Sent {"src":"n0","dest":"c2","body":{"in_reply_to":12,"type":"read_ok","value":0}}
2026-02-26 14:02:17,048{GMT}	INFO	[jepsen worker 0] jepsen.util: 0	:ok	:read	[0 0]
2026-02-26 14:02:17,053{GMT}	INFO	[jepsen worker 1] jepsen.util: 1	:invoke	:cas	[0 [2 4]]
2026-02-26 14:02:17,054{GMT}	INFO	[n0 stderr] maelstrom.process: [2026-02-26T13:02:17.054128Z INFO  maelstrom::runtime] Received {"id":98,"src":"c3","dest":"n0","body":{"key":0,"from":2,"to":4,"type":"cas","msg_id":13}}
2026-02-26 14:02:17,054{GMT}	INFO	[n0 stderr] maelstrom.process: [2026-02-26T13:02:17.054441Z INFO  maelstrom::runtime] Sent {"src":"n0","dest":"lin-kv","body":{"msg_id":25,"from":2,"key":"0","to":4,"type":"cas"}}
2026-02-26 14:02:17,055{GMT}	INFO	[n0 stderr] maelstrom.process: [2026-02-26T13:02:17.055260Z INFO  maelstrom::runtime] Received {"id":100,"src":"lin-kv","dest":"n0","body":{"type":"error","code":22,"text":"current value 0 is not 2","in_reply_to":25}}
2026-02-26 14:02:17,055{GMT}	INFO	[n0 stderr] maelstrom.process: [2026-02-26T13:02:17.055454Z INFO  maelstrom::runtime] Sent {"src":"n0","dest":"c3","body":{"in_reply_to":13,"code":22,"text":"precondition failed","type":"error"}}
2026-02-26 14:02:17,056{GMT}	INFO	[jepsen worker 1] jepsen.util: 1	:fail	:cas	[0 [2 4]]	[:precondition-failed "precondition failed"]
2026-02-26 14:02:17,062{GMT}	INFO	[jepsen worker 1] jepsen.util: 1	:invoke	:cas	[0 [4 2]]
2026-02-26 14:02:17,064{GMT}	INFO	[n0 stderr] maelstrom.process: [2026-02-26T13:02:17.064275Z INFO  maelstrom::runtime] Received {"id":102,"src":"c3","dest":"n0","body":{"key":0,"from":4,"to":2,"type":"cas","msg_id":14}}
2026-02-26 14:02:17,064{GMT}	INFO	[n0 stderr] maelstrom.process: [2026-02-26T13:02:17.064706Z INFO  maelstrom::runtime] Sent {"src":"n0","dest":"lin-kv","body":{"msg_id":26,"from":4,"key":"0","to":2,"type":"cas"}}
2026-02-26 14:02:17,065{GMT}	INFO	[n0 stderr] maelstrom.process: [2026-02-26T13:02:17.065628Z INFO  maelstrom::runtime] Received {"id":104,"src":"lin-kv","dest":"n0","body":{"type":"error","code":22,"text":"current value 0 is not 4","in_reply_to":26}}
2026-02-26 14:02:17,065{GMT}	INFO	[n0 stderr] maelstrom.process: [2026-02-26T13:02:17.065886Z INFO  maelstrom::runtime] Sent {"src":"n0","dest":"c3","body":{"in_reply_to":14,"code":22,"text":"precondition failed","type":"error"}}
2026-02-26 14:02:17,066{GMT}	INFO	[jepsen worker 1] jepsen.util: 1	:fail	:cas	[0 [4 2]]	[:precondition-failed "precondition failed"]
2026-02-26 14:02:17,076{GMT}	INFO	[jepsen worker 1] jepsen.util: 1	:invoke	:write	[0 0]
2026-02-26 14:02:17,077{GMT}	INFO	[n0 stderr] maelstrom.process: [2026-02-26T13:02:17.077123Z INFO  maelstrom::runtime] Received {"id":106,"src":"c3","dest":"n0","body":{"key":0,"value":0,"type":"write","msg_id":15}}
2026-02-26 14:02:17,077{GMT}	INFO	[n0 stderr] maelstrom.process: [2026-02-26T13:02:17.077410Z INFO  maelstrom::runtime] Sent {"src":"n0","dest":"lin-kv","body":{"msg_id":27,"key":"0","type":"write","value":0}}
2026-02-26 14:02:17,078{GMT}	INFO	[n0 stderr] maelstrom.process: [2026-02-26T13:02:17.078141Z INFO  maelstrom::runtime] Received {"id":108,"src":"lin-kv","dest":"n0","body":{"type":"write_ok","in_reply_to":27}}
2026-02-26 14:02:17,078{GMT}	INFO	[n0 stderr] maelstrom.process: [2026-02-26T13:02:17.078354Z INFO  maelstrom::runtime] Sent {"src":"n0","dest":"c3","body":{"in_reply_to":15,"type":"write_ok"}}
2026-02-26 14:02:17,078{GMT}	INFO	[jepsen worker 1] jepsen.util: 1	:ok	:write	[0 0]
2026-02-26 14:02:17,099{GMT}	INFO	[jepsen worker 0] jepsen.util: 0	:invoke	:read	[0 nil]
2026-02-26 14:02:17,103{GMT}	INFO	[jepsen worker 1] jepsen.util: 1	:invoke	:cas	[0 [3 4]]
2026-02-26 14:02:17,103{GMT}	INFO	[n0 stderr] maelstrom.process: [2026-02-26T13:02:17.102857Z INFO  maelstrom::runtime] Received {"id":110,"src":"c2","dest":"n0","body":{"key":0,"type":"read","msg_id":13}}
2026-02-26 14:02:17,105{GMT}	INFO	[n0 stderr] maelstrom.process: [2026-02-26T13:02:17.103684Z INFO  maelstrom::runtime] Sent {"src":"n0","dest":"lin-kv","body":{"msg_id":28,"key":"0","type":"read"}}
2026-02-26 14:02:17,109{GMT}	INFO	[n0 stderr] maelstrom.process: [2026-02-26T13:02:17.108323Z INFO  maelstrom::runtime] Received {"id":111,"src":"c3","dest":"n0","body":{"key":0,"from":3,"to":4,"type":"cas","msg_id":16}}
2026-02-26 14:02:17,111{GMT}	INFO	[n0 stderr] maelstrom.process: [2026-02-26T13:02:17.109065Z INFO  maelstrom::runtime] Received {"id":113,"src":"lin-kv","dest":"n0","body":{"type":"read_ok","value":0,"in_reply_to":28}}
2026-02-26 14:02:17,112{GMT}	INFO	[n0 stderr] maelstrom.process: [2026-02-26T13:02:17.109705Z INFO  maelstrom::runtime] Sent {"src":"n0","dest":"lin-kv","body":{"msg_id":29,"from":3,"key":"0","to":4,"type":"cas"}}
2026-02-26 14:02:17,113{GMT}	INFO	[n0 stderr] maelstrom.process: [2026-02-26T13:02:17.110031Z INFO  maelstrom::runtime] Sent {"src":"n0","dest":"c2","body":{"in_reply_to":13,"type":"read_ok","value":0}}
2026-02-26 14:02:17,114{GMT}	INFO	[jepsen worker 0] jepsen.util: 0	:ok	:read	[0 0]
2026-02-26 14:02:17,115{GMT}	INFO	[n0 stderr] maelstrom.process: [2026-02-26T13:02:17.114715Z INFO  maelstrom::runtime] Received {"id":115,"src":"lin-kv","dest":"n0","body":{"type":"error","code":22,"text":"current value 0 is not 3","in_reply_to":29}}
2026-02-26 14:02:17,116{GMT}	INFO	[n0 stderr] maelstrom.process: [2026-02-26T13:02:17.116190Z INFO  maelstrom::runtime] Sent {"src":"n0","dest":"c3","body":{"in_reply_to":16,"code":22,"text":"precondition failed","type":"error"}}
2026-02-26 14:02:17,119{GMT}	INFO	[jepsen worker 1] jepsen.util: 1	:fail	:cas	[0 [3 4]]	[:precondition-failed "precondition failed"]
2026-02-26 14:02:17,123{GMT}	INFO	[jepsen worker 1] jepsen.util: 1	:invoke	:cas	[0 [2 1]]
2026-02-26 14:02:17,124{GMT}	INFO	[n0 stderr] maelstrom.process: [2026-02-26T13:02:17.124372Z INFO  maelstrom::runtime] Received {"id":118,"src":"c3","dest":"n0","body":{"key":0,"from":2,"to":1,"type":"cas","msg_id":17}}
2026-02-26 14:02:17,124{GMT}	INFO	[n0 stderr] maelstrom.process: [2026-02-26T13:02:17.124616Z INFO  maelstrom::runtime] Sent {"src":"n0","dest":"lin-kv","body":{"msg_id":30,"from":2,"key":"0","to":1,"type":"cas"}}
2026-02-26 14:02:17,125{GMT}	INFO	[n0 stderr] maelstrom.process: [2026-02-26T13:02:17.125389Z INFO  maelstrom::runtime] Received {"id":120,"src":"lin-kv","dest":"n0","body":{"type":"error","code":22,"text":"current value 0 is not 2","in_reply_to":30}}
2026-02-26 14:02:17,125{GMT}	INFO	[n0 stderr] maelstrom.process: [2026-02-26T13:02:17.125573Z INFO  maelstrom::runtime] Sent {"src":"n0","dest":"c3","body":{"in_reply_to":17,"code":22,"text":"precondition failed","type":"error"}}
2026-02-26 14:02:17,126{GMT}	INFO	[jepsen worker 1] jepsen.util: 1	:fail	:cas	[0 [2 1]]	[:precondition-failed "precondition failed"]
2026-02-26 14:02:17,130{GMT}	INFO	[jepsen worker 0] jepsen.util: 0	:invoke	:read	[0 nil]
2026-02-26 14:02:17,130{GMT}	INFO	[n0 stderr] maelstrom.process: [2026-02-26T13:02:17.130648Z INFO  maelstrom::runtime] Received {"id":122,"src":"c2","dest":"n0","body":{"key":0,"type":"read","msg_id":14}}
2026-02-26 14:02:17,130{GMT}	INFO	[n0 stderr] maelstrom.process: [2026-02-26T13:02:17.130851Z INFO  maelstrom::runtime] Sent {"src":"n0","dest":"lin-kv","body":{"msg_id":31,"key":"0","type":"read"}}
2026-02-26 14:02:17,131{GMT}	INFO	[jepsen worker 1] jepsen.util: 1	:invoke	:cas	[0 [1 0]]
2026-02-26 14:02:17,131{GMT}	INFO	[n0 stderr] maelstrom.process: [2026-02-26T13:02:17.131365Z INFO  maelstrom::runtime] Received {"id":124,"src":"lin-kv","dest":"n0","body":{"type":"read_ok","value":0,"in_reply_to":31}}
2026-02-26 14:02:17,131{GMT}	INFO	[n0 stderr] maelstrom.process: [2026-02-26T13:02:17.131428Z INFO  maelstrom::runtime] Received {"id":125,"src":"c3","dest":"n0","body":{"key":0,"from":1,"to":0,"type":"cas","msg_id":18}}
2026-02-26 14:02:17,131{GMT}	INFO	[n0 stderr] maelstrom.process: [2026-02-26T13:02:17.131560Z INFO  maelstrom::runtime] Sent {"src":"n0","dest":"c2","body":{"in_reply_to":14,"type":"read_ok","value":0}}
2026-02-26 14:02:17,131{GMT}	INFO	[n0 stderr] maelstrom.process: [2026-02-26T13:02:17.131646Z INFO  maelstrom::runtime] Sent {"src":"n0","dest":"lin-kv","body":{"msg_id":32,"from":1,"key":"0","to":0,"type":"cas"}}
2026-02-26 14:02:17,131{GMT}	INFO	[jepsen worker 0] jepsen.util: 0	:ok	:read	[0 0]
2026-02-26 14:02:17,132{GMT}	INFO	[n0 stderr] maelstrom.process: [2026-02-26T13:02:17.132270Z INFO  maelstrom::runtime] Received {"id":128,"src":"lin-kv","dest":"n0","body":{"type":"error","code":22,"text":"current value 0 is not 1","in_reply_to":32}}
2026-02-26 14:02:17,132{GMT}	INFO	[n0 stderr] maelstrom.process: [2026-02-26T13:02:17.132440Z INFO  maelstrom::runtime] Sent {"src":"n0","dest":"c3","body":{"in_reply_to":18,"code":22,"text":"precondition failed","type":"error"}}
2026-02-26 14:02:17,133{GMT}	INFO	[jepsen worker 1] jepsen.util: 1	:fail	:cas	[0 [1 0]]	[:precondition-failed "precondition failed"]
2026-02-26 14:02:17,135{GMT}	INFO	[jepsen worker 0] jepsen.util: 0	:invoke	:read	[0 nil]
2026-02-26 14:02:17,135{GMT}	INFO	[n0 stderr] maelstrom.process: [2026-02-26T13:02:17.135800Z INFO  maelstrom::runtime] Received {"id":130,"src":"c2","dest":"n0","body":{"key":0,"type":"read","msg_id":15}}
2026-02-26 14:02:17,136{GMT}	INFO	[n0 stderr] maelstrom.process: [2026-02-26T13:02:17.135983Z INFO  maelstrom::runtime] Sent {"src":"n0","dest":"lin-kv","body":{"msg_id":33,"key":"0","type":"read"}}
2026-02-26 14:02:17,136{GMT}	INFO	[n0 stderr] maelstrom.process: [2026-02-26T13:02:17.136559Z INFO  maelstrom::runtime] Received {"id":132,"src":"lin-kv","dest":"n0","body":{"type":"read_ok","value":0,"in_reply_to":33}}
2026-02-26 14:02:17,136{GMT}	INFO	[n0 stderr] maelstrom.process: [2026-02-26T13:02:17.136730Z INFO  maelstrom::runtime] Sent {"src":"n0","dest":"c2","body":{"in_reply_to":15,"type":"read_ok","value":0}}
2026-02-26 14:02:17,137{GMT}	INFO	[jepsen worker 0] jepsen.util: 0	:ok	:read	[0 0]
2026-02-26 14:02:17,151{GMT}	INFO	[jepsen worker 1] jepsen.util: 1	:invoke	:cas	[0 [3 4]]
2026-02-26 14:02:17,151{GMT}	INFO	[n0 stderr] maelstrom.process: [2026-02-26T13:02:17.151685Z INFO  maelstrom::runtime] Received {"id":134,"src":"c3","dest":"n0","body":{"key":0,"from":3,"to":4,"type":"cas","msg_id":19}}
2026-02-26 14:02:17,152{GMT}	INFO	[n0 stderr] maelstrom.process: [2026-02-26T13:02:17.151955Z INFO  maelstrom::runtime] Sent {"src":"n0","dest":"lin-kv","body":{"msg_id":34,"from":3,"key":"0","to":4,"type":"cas"}}
2026-02-26 14:02:17,153{GMT}	INFO	[n0 stderr] maelstrom.process: [2026-02-26T13:02:17.152869Z INFO  maelstrom::runtime] Received {"id":136,"src":"lin-kv","dest":"n0","body":{"type":"error","code":22,"text":"current value 0 is not 3","in_reply_to":34}}
2026-02-26 14:02:17,153{GMT}	INFO	[n0 stderr] maelstrom.process: [2026-02-26T13:02:17.153307Z INFO  maelstrom::runtime] Sent {"src":"n0","dest":"c3","body":{"in_reply_to":19,"code":22,"text":"precondition failed","type":"error"}}
2026-02-26 14:02:17,155{GMT}	INFO	[jepsen worker 1] jepsen.util: 1	:fail	:cas	[0 [3 4]]	[:precondition-failed "precondition failed"]
2026-02-26 14:02:17,172{GMT}	INFO	[jepsen worker 0] jepsen.util: 0	:invoke	:read	[0 nil]
2026-02-26 14:02:17,176{GMT}	INFO	[n0 stderr] maelstrom.process: [2026-02-26T13:02:17.175353Z INFO  maelstrom::runtime] Received {"id":138,"src":"c2","dest":"n0","body":{"key":0,"type":"read","msg_id":16}}
2026-02-26 14:02:17,178{GMT}	INFO	[n0 stderr] maelstrom.process: [2026-02-26T13:02:17.176326Z INFO  maelstrom::runtime] Sent {"src":"n0","dest":"lin-kv","body":{"msg_id":35,"key":"0","type":"read"}}
2026-02-26 14:02:17,183{GMT}	INFO	[jepsen worker 1] jepsen.util: 1	:invoke	:cas	[0 [1 3]]
2026-02-26 14:02:17,186{GMT}	INFO	[n0 stderr] maelstrom.process: [2026-02-26T13:02:17.184532Z INFO  maelstrom::runtime] Received {"id":140,"src":"lin-kv","dest":"n0","body":{"type":"read_ok","value":0,"in_reply_to":35}}
2026-02-26 14:02:17,188{GMT}	INFO	[n0 stderr] maelstrom.process: [2026-02-26T13:02:17.187676Z INFO  maelstrom::runtime] Sent {"src":"n0","dest":"c2","body":{"in_reply_to":16,"type":"read_ok","value":0}}
2026-02-26 14:02:17,190{GMT}	INFO	[n0 stderr] maelstrom.process: [2026-02-26T13:02:17.188567Z INFO  maelstrom::runtime] Received {"id":141,"src":"c3","dest":"n0","body":{"key":0,"from":1,"to":3,"type":"cas","msg_id":20}}
2026-02-26 14:02:17,191{GMT}	INFO	[jepsen worker 0] jepsen.util: 0	:ok	:read	[0 0]
2026-02-26 14:02:17,192{GMT}	INFO	[n0 stderr] maelstrom.process: [2026-02-26T13:02:17.191096Z INFO  maelstrom::runtime] Sent {"src":"n0","dest":"lin-kv","body":{"msg_id":36,"from":1,"key":"0","to":3,"type":"cas"}}
2026-02-26 14:02:17,193{GMT}	INFO	[jepsen worker 0] jepsen.util: 0	:invoke	:read	[0 nil]
2026-02-26 14:02:17,197{GMT}	INFO	[n0 stderr] maelstrom.process: [2026-02-26T13:02:17.196052Z INFO  maelstrom::runtime] Received {"id":144,"src":"lin-kv","dest":"n0","body":{"type":"error","code":22,"text":"current value 0 is not 1","in_reply_to":36}}
2026-02-26 14:02:17,198{GMT}	INFO	[n0 stderr] maelstrom.process: [2026-02-26T13:02:17.197192Z INFO  maelstrom::runtime] Received {"id":145,"src":"c2","dest":"n0","body":{"key":0,"type":"read","msg_id":17}}
2026-02-26 14:02:17,199{GMT}	INFO	[n0 stderr] maelstrom.process: [2026-02-26T13:02:17.197678Z INFO  maelstrom::runtime] Sent {"src":"n0","dest":"lin-kv","body":{"msg_id":37,"key":"0","type":"read"}}
2026-02-26 14:02:17,199{GMT}	INFO	[n0 stderr] maelstrom.process: [2026-02-26T13:02:17.198505Z INFO  maelstrom::runtime] Sent {"src":"n0","dest":"c3","body":{"in_reply_to":20,"code":22,"text":"precondition failed","type":"error"}}
2026-02-26 14:02:17,204{GMT}	INFO	[n0 stderr] maelstrom.process: [2026-02-26T13:02:17.203297Z INFO  maelstrom::runtime] Received {"id":148,"src":"lin-kv","dest":"n0","body":{"type":"read_ok","value":0,"in_reply_to":37}}
2026-02-26 14:02:17,209{GMT}	INFO	[n0 stderr] maelstrom.process: [2026-02-26T13:02:17.205677Z INFO  maelstrom::runtime] Sent {"src":"n0","dest":"c2","body":{"in_reply_to":17,"type":"read_ok","value":0}}
2026-02-26 14:02:17,208{GMT}	INFO	[jepsen worker 1] jepsen.util: 1	:fail	:cas	[0 [1 3]]	[:precondition-failed "precondition failed"]
2026-02-26 14:02:17,209{GMT}	INFO	[jepsen worker 0] jepsen.util: 0	:ok	:read	[0 0]
2026-02-26 14:02:17,213{GMT}	INFO	[jepsen worker 1] jepsen.util: 1	:invoke	:write	[0 2]
2026-02-26 14:02:17,219{GMT}	INFO	[n0 stderr] maelstrom.process: [2026-02-26T13:02:17.218370Z INFO  maelstrom::runtime] Received {"id":150,"src":"c3","dest":"n0","body":{"key":0,"value":2,"type":"write","msg_id":21}}
2026-02-26 14:02:17,221{GMT}	INFO	[n0 stderr] maelstrom.process: [2026-02-26T13:02:17.219614Z INFO  maelstrom::runtime] Sent {"src":"n0","dest":"lin-kv","body":{"msg_id":38,"key":"0","type":"write","value":2}}
2026-02-26 14:02:17,224{GMT}	INFO	[jepsen worker 0] jepsen.util: 0	:invoke	:read	[0 nil]
2026-02-26 14:02:17,226{GMT}	INFO	[n0 stderr] maelstrom.process: [2026-02-26T13:02:17.225659Z INFO  maelstrom::runtime] Received {"id":152,"src":"lin-kv","dest":"n0","body":{"type":"write_ok","in_reply_to":38}}
2026-02-26 14:02:17,227{GMT}	INFO	[n0 stderr] maelstrom.process: [2026-02-26T13:02:17.227110Z INFO  maelstrom::runtime] Sent {"src":"n0","dest":"c3","body":{"in_reply_to":21,"type":"write_ok"}}
2026-02-26 14:02:17,228{GMT}	INFO	[jepsen worker 1] jepsen.util: 1	:ok	:write	[0 2]
2026-02-26 14:02:17,229{GMT}	INFO	[n0 stderr] maelstrom.process: [2026-02-26T13:02:17.229100Z INFO  maelstrom::runtime] Received {"id":153,"src":"c2","dest":"n0","body":{"key":0,"type":"read","msg_id":18}}
2026-02-26 14:02:17,230{GMT}	INFO	[n0 stderr] maelstrom.process: [2026-02-26T13:02:17.230234Z INFO  maelstrom::runtime] Sent {"src":"n0","dest":"lin-kv","body":{"msg_id":39,"key":"0","type":"read"}}
2026-02-26 14:02:17,231{GMT}	INFO	[n0 stderr] maelstrom.process: [2026-02-26T13:02:17.231294Z INFO  maelstrom::runtime] Received {"id":156,"src":"lin-kv","dest":"n0","body":{"type":"read_ok","value":2,"in_reply_to":39}}
2026-02-26 14:02:17,231{GMT}	INFO	[n0 stderr] maelstrom.process: [2026-02-26T13:02:17.231607Z INFO  maelstrom::runtime] Sent {"src":"n0","dest":"c2","body":{"in_reply_to":18,"type":"read_ok","value":2}}
2026-02-26 14:02:17,232{GMT}	INFO	[jepsen worker 0] jepsen.util: 0	:ok	:read	[0 2]
2026-02-26 14:02:17,233{GMT}	INFO	[jepsen worker 0] jepsen.util: 0	:invoke	:read	[0 nil]
2026-02-26 14:02:17,234{GMT}	INFO	[n0 stderr] maelstrom.process: [2026-02-26T13:02:17.234051Z INFO  maelstrom::runtime] Received {"id":158,"src":"c2","dest":"n0","body":{"key":0,"type":"read","msg_id":19}}
2026-02-26 14:02:17,234{GMT}	INFO	[n0 stderr] maelstrom.process: [2026-02-26T13:02:17.234297Z INFO  maelstrom::runtime] Sent {"src":"n0","dest":"lin-kv","body":{"msg_id":40,"key":"0","type":"read"}}
2026-02-26 14:02:17,235{GMT}	INFO	[n0 stderr] maelstrom.process: [2026-02-26T13:02:17.235048Z INFO  maelstrom::runtime] Received {"id":160,"src":"lin-kv","dest":"n0","body":{"type":"read_ok","value":2,"in_reply_to":40}}
2026-02-26 14:02:17,235{GMT}	INFO	[n0 stderr] maelstrom.process: [2026-02-26T13:02:17.235305Z INFO  maelstrom::runtime] Sent {"src":"n0","dest":"c2","body":{"in_reply_to":19,"type":"read_ok","value":2}}
2026-02-26 14:02:17,235{GMT}	INFO	[jepsen worker 0] jepsen.util: 0	:ok	:read	[0 2]
2026-02-26 14:02:17,239{GMT}	INFO	[jepsen worker 1] jepsen.util: 1	:invoke	:cas	[0 [4 2]]
2026-02-26 14:02:17,240{GMT}	INFO	[n0 stderr] maelstrom.process: [2026-02-26T13:02:17.240379Z INFO  maelstrom::runtime] Received {"id":162,"src":"c3","dest":"n0","body":{"key":0,"from":4,"to":2,"type":"cas","msg_id":22}}
2026-02-26 14:02:17,240{GMT}	INFO	[jepsen worker 0] jepsen.util: 0	:invoke	:read	[0 nil]
2026-02-26 14:02:17,241{GMT}	INFO	[n0 stderr] maelstrom.process: [2026-02-26T13:02:17.240925Z INFO  maelstrom::runtime] Sent {"src":"n0","dest":"lin-kv","body":{"msg_id":41,"from":4,"key":"0","to":2,"type":"cas"}}
2026-02-26 14:02:17,241{GMT}	INFO	[n0 stderr] maelstrom.process: [2026-02-26T13:02:17.241613Z INFO  maelstrom::runtime] Received {"id":163,"src":"c2","dest":"n0","body":{"key":0,"type":"read","msg_id":20}}
2026-02-26 14:02:17,241{GMT}	INFO	[n0 stderr] maelstrom.process: [2026-02-26T13:02:17.241753Z INFO  maelstrom::runtime] Received {"id":165,"src":"lin-kv","dest":"n0","body":{"type":"error","code":22,"text":"current value 2 is not 4","in_reply_to":41}}
2026-02-26 14:02:17,242{GMT}	INFO	[n0 stderr] maelstrom.process: [2026-02-26T13:02:17.241844Z INFO  maelstrom::runtime] Sent {"src":"n0","dest":"lin-kv","body":{"msg_id":42,"key":"0","type":"read"}}
2026-02-26 14:02:17,242{GMT}	INFO	[n0 stderr] maelstrom.process: [2026-02-26T13:02:17.241976Z INFO  maelstrom::runtime] Sent {"src":"n0","dest":"c3","body":{"in_reply_to":22,"code":22,"text":"precondition failed","type":"error"}}
2026-02-26 14:02:17,242{GMT}	INFO	[n0 stderr] maelstrom.process: [2026-02-26T13:02:17.242358Z INFO  maelstrom::runtime] Received {"id":167,"src":"lin-kv","dest":"n0","body":{"type":"read_ok","value":2,"in_reply_to":42}}
2026-02-26 14:02:17,242{GMT}	INFO	[n0 stderr] maelstrom.process: [2026-02-26T13:02:17.242544Z INFO  maelstrom::runtime] Sent {"src":"n0","dest":"c2","body":{"in_reply_to":20,"type":"read_ok","value":2}}
2026-02-26 14:02:17,242{GMT}	INFO	[jepsen worker 1] jepsen.util: 1	:fail	:cas	[0 [4 2]]	[:precondition-failed "precondition failed"]
2026-02-26 14:02:17,242{GMT}	INFO	[jepsen worker 0] jepsen.util: 0	:ok	:read	[0 2]
2026-02-26 14:02:17,252{GMT}	INFO	[jepsen worker 1] jepsen.util: 1	:invoke	:cas	[0 [1 0]]
2026-02-26 14:02:17,253{GMT}	INFO	[n0 stderr] maelstrom.process: [2026-02-26T13:02:17.253673Z INFO  maelstrom::runtime] Received {"id":170,"src":"c3","dest":"n0","body":{"key":0,"from":1,"to":0,"type":"cas","msg_id":23}}
2026-02-26 14:02:17,254{GMT}	INFO	[n0 stderr] maelstrom.process: [2026-02-26T13:02:17.254009Z INFO  maelstrom::runtime] Sent {"src":"n0","dest":"lin-kv","body":{"msg_id":43,"from":1,"key":"0","to":0,"type":"cas"}}
2026-02-26 14:02:17,254{GMT}	INFO	[n0 stderr] maelstrom.process: [2026-02-26T13:02:17.254629Z INFO  maelstrom::runtime] Received {"id":172,"src":"lin-kv","dest":"n0","body":{"type":"error","code":22,"text":"current value 2 is not 1","in_reply_to":43}}
2026-02-26 14:02:17,254{GMT}	INFO	[n0 stderr] maelstrom.process: [2026-02-26T13:02:17.254824Z INFO  maelstrom::runtime] Sent {"src":"n0","dest":"c3","body":{"in_reply_to":23,"code":22,"text":"precondition failed","type":"error"}}
2026-02-26 14:02:17,255{GMT}	INFO	[jepsen worker 1] jepsen.util: 1	:fail	:cas	[0 [1 0]]	[:precondition-failed "precondition failed"]
2026-02-26 14:02:17,267{GMT}	INFO	[jepsen worker 0] jepsen.util: 0	:invoke	:read	[0 nil]
2026-02-26 14:02:17,273{GMT}	INFO	[n0 stderr] maelstrom.process: [2026-02-26T13:02:17.273250Z INFO  maelstrom::runtime] Received {"id":174,"src":"c2","dest":"n0","body":{"key":0,"type":"read","msg_id":21}}
2026-02-26 14:02:17,274{GMT}	INFO	[n0 stderr] maelstrom.process: [2026-02-26T13:02:17.273773Z INFO  maelstrom::runtime] Sent {"src":"n0","dest":"lin-kv","body":{"msg_id":44,"key":"0","type":"read"}}
2026-02-26 14:02:17,275{GMT}	INFO	[n0 stderr] maelstrom.process: [2026-02-26T13:02:17.274907Z INFO  maelstrom::runtime] Received {"id":176,"src":"lin-kv","dest":"n0","body":{"type":"read_ok","value":2,"in_reply_to":44}}
2026-02-26 14:02:17,275{GMT}	INFO	[n0 stderr] maelstrom.process: [2026-02-26T13:02:17.275197Z INFO  maelstrom::runtime] Sent {"src":"n0","dest":"c2","body":{"in_reply_to":21,"type":"read_ok","value":2}}
2026-02-26 14:02:17,276{GMT}	INFO	[jepsen worker 0] jepsen.util: 0	:ok	:read	[0 2]
2026-02-26 14:02:17,281{GMT}	INFO	[jepsen worker 1] jepsen.util: 1	:invoke	:cas	[0 [3 1]]
2026-02-26 14:02:17,284{GMT}	INFO	[n0 stderr] maelstrom.process: [2026-02-26T13:02:17.283878Z INFO  maelstrom::runtime] Received {"id":178,"src":"c3","dest":"n0","body":{"key":0,"from":3,"to":1,"type":"cas","msg_id":24}}
2026-02-26 14:02:17,285{GMT}	INFO	[n0 stderr] maelstrom.process: [2026-02-26T13:02:17.284497Z INFO  maelstrom::runtime] Sent {"src":"n0","dest":"lin-kv","body":{"msg_id":45,"from":3,"key":"0","to":1,"type":"cas"}}
2026-02-26 14:02:17,294{GMT}	INFO	[jepsen worker 0] jepsen.util: 0	:invoke	:read	[0 nil]
2026-02-26 14:02:17,291{GMT}	INFO	[n0 stderr] maelstrom.process: [2026-02-26T13:02:17.287829Z INFO  maelstrom::runtime] Received {"id":180,"src":"lin-kv","dest":"n0","body":{"type":"error","code":22,"text":"current value 2 is not 3","in_reply_to":45}}
2026-02-26 14:02:17,302{GMT}	INFO	[n0 stderr] maelstrom.process: [2026-02-26T13:02:17.296285Z INFO  maelstrom::runtime] Sent {"src":"n0","dest":"c3","body":{"in_reply_to":24,"code":22,"text":"precondition failed","type":"error"}}
2026-02-26 14:02:17,304{GMT}	INFO	[n0 stderr] maelstrom.process: [2026-02-26T13:02:17.303056Z INFO  maelstrom::runtime] Received {"id":181,"src":"c2","dest":"n0","body":{"key":0,"type":"read","msg_id":22}}
2026-02-26 14:02:17,309{GMT}	INFO	[n0 stderr] maelstrom.process: [2026-02-26T13:02:17.308290Z INFO  maelstrom::runtime] Sent {"src":"n0","dest":"lin-kv","body":{"msg_id":46,"key":"0","type":"read"}}
2026-02-26 14:02:17,316{GMT}	INFO	[jepsen worker 1] jepsen.util: 1	:fail	:cas	[0 [3 1]]	[:precondition-failed "precondition failed"]
2026-02-26 14:02:17,319{GMT}	INFO	[n0 stderr] maelstrom.process: [2026-02-26T13:02:17.318197Z INFO  maelstrom::runtime] Received {"id":184,"src":"lin-kv","dest":"n0","body":{"type":"read_ok","value":2,"in_reply_to":46}}
2026-02-26 14:02:17,320{GMT}	INFO	[n0 stderr] maelstrom.process: [2026-02-26T13:02:17.319732Z INFO  maelstrom::runtime] Sent {"src":"n0","dest":"c2","body":{"in_reply_to":22,"type":"read_ok","value":2}}
2026-02-26 14:02:17,320{GMT}	INFO	[jepsen worker 1] jepsen.util: 1	:invoke	:write	[0 4]
2026-02-26 14:02:17,322{GMT}	INFO	[jepsen worker 0] jepsen.util: 0	:ok	:read	[0 2]
2026-02-26 14:02:17,324{GMT}	INFO	[n0 stderr] maelstrom.process: [2026-02-26T13:02:17.323458Z INFO  maelstrom::runtime] Received {"id":186,"src":"c3","dest":"n0","body":{"key":0,"value":4,"type":"write","msg_id":25}}
2026-02-26 14:02:17,325{GMT}	INFO	[n0 stderr] maelstrom.process: [2026-02-26T13:02:17.324902Z INFO  maelstrom::runtime] Sent {"src":"n0","dest":"lin-kv","body":{"msg_id":47,"key":"0","type":"write","value":4}}
2026-02-26 14:02:17,330{GMT}	INFO	[n0 stderr] maelstrom.process: [2026-02-26T13:02:17.329550Z INFO  maelstrom::runtime] Received {"id":188,"src":"lin-kv","dest":"n0","body":{"type":"write_ok","in_reply_to":47}}
2026-02-26 14:02:17,332{GMT}	INFO	[n0 stderr] maelstrom.process: [2026-02-26T13:02:17.331237Z INFO  maelstrom::runtime] Sent {"src":"n0","dest":"c3","body":{"in_reply_to":25,"type":"write_ok"}}
2026-02-26 14:02:17,333{GMT}	INFO	[jepsen worker 1] jepsen.util: 1	:ok	:write	[0 4]
2026-02-26 14:02:17,334{GMT}	INFO	[jepsen worker 0] jepsen.util: 0	:invoke	:read	[0 nil]
2026-02-26 14:02:17,335{GMT}	INFO	[n0 stderr] maelstrom.process: [2026-02-26T13:02:17.335559Z INFO  maelstrom::runtime] Received {"id":190,"src":"c2","dest":"n0","body":{"key":0,"type":"read","msg_id":23}}
2026-02-26 14:02:17,336{GMT}	INFO	[n0 stderr] maelstrom.process: [2026-02-26T13:02:17.336036Z INFO  maelstrom::runtime] Sent {"src":"n0","dest":"lin-kv","body":{"msg_id":48,"key":"0","type":"read"}}
2026-02-26 14:02:17,337{GMT}	INFO	[n0 stderr] maelstrom.process: [2026-02-26T13:02:17.337391Z INFO  maelstrom::runtime] Received {"id":192,"src":"lin-kv","dest":"n0","body":{"type":"read_ok","value":4,"in_reply_to":48}}
2026-02-26 14:02:17,338{GMT}	INFO	[n0 stderr] maelstrom.process: [2026-02-26T13:02:17.337991Z INFO  maelstrom::runtime] Sent {"src":"n0","dest":"c2","body":{"in_reply_to":23,"type":"read_ok","value":4}}
2026-02-26 14:02:17,339{GMT}	INFO	[jepsen worker 0] jepsen.util: 0	:ok	:read	[0 4]
2026-02-26 14:02:17,353{GMT}	INFO	[jepsen worker 1] jepsen.util: 1	:invoke	:write	[0 0]
2026-02-26 14:02:17,354{GMT}	INFO	[n0 stderr] maelstrom.process: [2026-02-26T13:02:17.354066Z INFO  maelstrom::runtime] Received {"id":194,"src":"c3","dest":"n0","body":{"key":0,"value":0,"type":"write","msg_id":26}}
2026-02-26 14:02:17,354{GMT}	INFO	[n0 stderr] maelstrom.process: [2026-02-26T13:02:17.354321Z INFO  maelstrom::runtime] Sent {"src":"n0","dest":"lin-kv","body":{"msg_id":49,"key":"0","type":"write","value":0}}
2026-02-26 14:02:17,354{GMT}	INFO	[n0 stderr] maelstrom.process: [2026-02-26T13:02:17.354799Z INFO  maelstrom::runtime] Received {"id":196,"src":"lin-kv","dest":"n0","body":{"type":"write_ok","in_reply_to":49}}
2026-02-26 14:02:17,355{GMT}	INFO	[n0 stderr] maelstrom.process: [2026-02-26T13:02:17.354959Z INFO  maelstrom::runtime] Sent {"src":"n0","dest":"c3","body":{"in_reply_to":26,"type":"write_ok"}}
2026-02-26 14:02:17,355{GMT}	INFO	[jepsen worker 1] jepsen.util: 1	:ok	:write	[0 0]
2026-02-26 14:02:17,373{GMT}	INFO	[jepsen worker 0] jepsen.util: 0	:invoke	:read	[0 nil]
2026-02-26 14:02:17,376{GMT}	INFO	[n0 stderr] maelstrom.process: [2026-02-26T13:02:17.376171Z INFO  maelstrom::runtime] Received {"id":198,"src":"c2","dest":"n0","body":{"key":0,"type":"read","msg_id":24}}
2026-02-26 14:02:17,378{GMT}	INFO	[n0 stderr] maelstrom.process: [2026-02-26T13:02:17.377058Z INFO  maelstrom::runtime] Sent {"src":"n0","dest":"lin-kv","body":{"msg_id":50,"key":"0","type":"read"}}
2026-02-26 14:02:17,382{GMT}	INFO	[n0 stderr] maelstrom.process: [2026-02-26T13:02:17.381772Z INFO  maelstrom::runtime] Received {"id":200,"src":"lin-kv","dest":"n0","body":{"type":"read_ok","value":0,"in_reply_to":50}}
2026-02-26 14:02:17,382{GMT}	INFO	[n0 stderr] maelstrom.process: [2026-02-26T13:02:17.382275Z INFO  maelstrom::runtime] Sent {"src":"n0","dest":"c2","body":{"in_reply_to":24,"type":"read_ok","value":0}}
2026-02-26 14:02:17,383{GMT}	INFO	[jepsen worker 0] jepsen.util: 0	:ok	:read	[0 0]
2026-02-26 14:02:17,391{GMT}	INFO	[jepsen worker 1] jepsen.util: 1	:invoke	:cas	[0 [4 4]]
2026-02-26 14:02:17,394{GMT}	INFO	[n0 stderr] maelstrom.process: [2026-02-26T13:02:17.394172Z INFO  maelstrom::runtime] Received {"id":202,"src":"c3","dest":"n0","body":{"key":0,"from":4,"to":4,"type":"cas","msg_id":27}}
2026-02-26 14:02:17,396{GMT}	INFO	[n0 stderr] maelstrom.process: [2026-02-26T13:02:17.395797Z INFO  maelstrom::runtime] Sent {"src":"n0","dest":"lin-kv","body":{"msg_id":51,"from":4,"key":"0","to":4,"type":"cas"}}
2026-02-26 14:02:17,405{GMT}	INFO	[n0 stderr] maelstrom.process: [2026-02-26T13:02:17.404106Z INFO  maelstrom::runtime] Received {"id":204,"src":"lin-kv","dest":"n0","body":{"type":"error","code":22,"text":"current value 0 is not 4","in_reply_to":51}}
2026-02-26 14:02:17,406{GMT}	INFO	[n0 stderr] maelstrom.process: [2026-02-26T13:02:17.405807Z INFO  maelstrom::runtime] Sent {"src":"n0","dest":"c3","body":{"in_reply_to":27,"code":22,"text":"precondition failed","type":"error"}}
2026-02-26 14:02:17,410{GMT}	INFO	[jepsen worker 0] jepsen.util: 0	:invoke	:read	[0 nil]
2026-02-26 14:02:17,411{GMT}	INFO	[jepsen worker 1] jepsen.util: 1	:fail	:cas	[0 [4 4]]	[:precondition-failed "precondition failed"]
2026-02-26 14:02:17,414{GMT}	INFO	[n0 stderr] maelstrom.process: [2026-02-26T13:02:17.414016Z INFO  maelstrom::runtime] Received {"id":206,"src":"c2","dest":"n0","body":{"key":0,"type":"read","msg_id":25}}
2026-02-26 14:02:17,415{GMT}	INFO	[n0 stderr] maelstrom.process: [2026-02-26T13:02:17.414746Z INFO  maelstrom::runtime] Sent {"src":"n0","dest":"lin-kv","body":{"msg_id":52,"key":"0","type":"read"}}
2026-02-26 14:02:17,418{GMT}	INFO	[n0 stderr] maelstrom.process: [2026-02-26T13:02:17.417520Z INFO  maelstrom::runtime] Received {"id":208,"src":"lin-kv","dest":"n0","body":{"type":"read_ok","value":0,"in_reply_to":52}}
2026-02-26 14:02:17,421{GMT}	INFO	[n0 stderr] maelstrom.process: [2026-02-26T13:02:17.420060Z INFO  maelstrom::runtime] Sent {"src":"n0","dest":"c2","body":{"in_reply_to":25,"type":"read_ok","value":0}}
2026-02-26 14:02:17,425{GMT}	INFO	[jepsen worker 0] jepsen.util: 0	:ok	:read	[0 0]
2026-02-26 14:02:17,426{GMT}	INFO	[jepsen worker 1] jepsen.util: 1	:invoke	:cas	[0 [4 3]]
2026-02-26 14:02:17,431{GMT}	INFO	[n0 stderr] maelstrom.process: [2026-02-26T13:02:17.430267Z INFO  maelstrom::runtime] Received {"id":210,"src":"c3","dest":"n0","body":{"key":0,"from":4,"to":3,"type":"cas","msg_id":28}}
2026-02-26 14:02:17,432{GMT}	INFO	[n0 stderr] maelstrom.process: [2026-02-26T13:02:17.431589Z INFO  maelstrom::runtime] Sent {"src":"n0","dest":"lin-kv","body":{"msg_id":53,"from":4,"key":"0","to":3,"type":"cas"}}
2026-02-26 14:02:17,437{GMT}	INFO	[n0 stderr] maelstrom.process: [2026-02-26T13:02:17.436063Z INFO  maelstrom::runtime] Received {"id":212,"src":"lin-kv","dest":"n0","body":{"type":"error","code":22,"text":"current value 0 is not 4","in_reply_to":53}}
2026-02-26 14:02:17,438{GMT}	INFO	[n0 stderr] maelstrom.process: [2026-02-26T13:02:17.437706Z INFO  maelstrom::runtime] Sent {"src":"n0","dest":"c3","body":{"in_reply_to":28,"code":22,"text":"precondition failed","type":"error"}}
2026-02-26 14:02:17,440{GMT}	INFO	[jepsen worker 1] jepsen.util: 1	:fail	:cas	[0 [4 3]]	[:precondition-failed "precondition failed"]
2026-02-26 14:02:17,442{GMT}	INFO	[jepsen worker 1] jepsen.util: 1	:invoke	:cas	[0 [0 1]]
2026-02-26 14:02:17,443{GMT}	INFO	[n0 stderr] maelstrom.process: [2026-02-26T13:02:17.443222Z INFO  maelstrom::runtime] Received {"id":214,"src":"c3","dest":"n0","body":{"key":0,"from":0,"to":1,"type":"cas","msg_id":29}}
2026-02-26 14:02:17,443{GMT}	INFO	[n0 stderr] maelstrom.process: [2026-02-26T13:02:17.443831Z INFO  maelstrom::runtime] Sent {"src":"n0","dest":"lin-kv","body":{"msg_id":54,"from":0,"key":"0","to":1,"type":"cas"}}
2026-02-26 14:02:17,445{GMT}	INFO	[n0 stderr] maelstrom.process: [2026-02-26T13:02:17.445234Z INFO  maelstrom::runtime] Received {"id":216,"src":"lin-kv","dest":"n0","body":{"type":"cas_ok","in_reply_to":54}}
2026-02-26 14:02:17,446{GMT}	INFO	[n0 stderr] maelstrom.process: [2026-02-26T13:02:17.445715Z INFO  maelstrom::runtime] Sent {"src":"n0","dest":"c3","body":{"in_reply_to":29,"type":"cas_ok"}}
2026-02-26 14:02:17,446{GMT}	INFO	[jepsen worker 1] jepsen.util: 1	:ok	:cas	[0 [0 1]]
2026-02-26 14:02:17,459{GMT}	INFO	[jepsen worker 1] jepsen.util: 1	:invoke	:write	[0 4]
2026-02-26 14:02:17,459{GMT}	INFO	[n0 stderr] maelstrom.process: [2026-02-26T13:02:17.459713Z INFO  maelstrom::runtime] Received {"id":218,"src":"c3","dest":"n0","body":{"key":0,"value":4,"type":"write","msg_id":30}}
2026-02-26 14:02:17,460{GMT}	INFO	[n0 stderr] maelstrom.process: [2026-02-26T13:02:17.460039Z INFO  maelstrom::runtime] Sent {"src":"n0","dest":"lin-kv","body":{"msg_id":55,"key":"0","type":"write","value":4}}
2026-02-26 14:02:17,460{GMT}	INFO	[n0 stderr] maelstrom.process: [2026-02-26T13:02:17.460570Z INFO  maelstrom::runtime] Received {"id":220,"src":"lin-kv","dest":"n0","body":{"type":"write_ok","in_reply_to":55}}
2026-02-26 14:02:17,460{GMT}	INFO	[n0 stderr] maelstrom.process: [2026-02-26T13:02:17.460713Z INFO  maelstrom::runtime] Sent {"src":"n0","dest":"c3","body":{"in_reply_to":30,"type":"write_ok"}}
2026-02-26 14:02:17,460{GMT}	INFO	[jepsen worker 1] jepsen.util: 1	:ok	:write	[0 4]
2026-02-26 14:02:17,467{GMT}	INFO	[jepsen worker 0] jepsen.util: 0	:invoke	:read	[0 nil]
2026-02-26 14:02:17,467{GMT}	INFO	[n0 stderr] maelstrom.process: [2026-02-26T13:02:17.467377Z INFO  maelstrom::runtime] Received {"id":222,"src":"c2","dest":"n0","body":{"key":0,"type":"read","msg_id":26}}
2026-02-26 14:02:17,467{GMT}	INFO	[n0 stderr] maelstrom.process: [2026-02-26T13:02:17.467556Z INFO  maelstrom::runtime] Sent {"src":"n0","dest":"lin-kv","body":{"msg_id":56,"key":"0","type":"read"}}
2026-02-26 14:02:17,467{GMT}	INFO	[n0 stderr] maelstrom.process: [2026-02-26T13:02:17.467895Z INFO  maelstrom::runtime] Received {"id":224,"src":"lin-kv","dest":"n0","body":{"type":"read_ok","value":4,"in_reply_to":56}}
2026-02-26 14:02:17,468{GMT}	INFO	[n0 stderr] maelstrom.process: [2026-02-26T13:02:17.468111Z INFO  maelstrom::runtime] Sent {"src":"n0","dest":"c2","body":{"in_reply_to":26,"type":"read_ok","value":4}}
2026-02-26 14:02:17,468{GMT}	INFO	[jepsen worker 0] jepsen.util: 0	:ok	:read	[0 4]
2026-02-26 14:02:17,484{GMT}	INFO	[jepsen worker 0] jepsen.util: 0	:invoke	:read	[0 nil]
2026-02-26 14:02:17,488{GMT}	INFO	[n0 stderr] maelstrom.process: [2026-02-26T13:02:17.488447Z INFO  maelstrom::runtime] Received {"id":226,"src":"c2","dest":"n0","body":{"key":0,"type":"read","msg_id":27}}
2026-02-26 14:02:17,489{GMT}	INFO	[n0 stderr] maelstrom.process: [2026-02-26T13:02:17.488947Z INFO  maelstrom::runtime] Sent {"src":"n0","dest":"lin-kv","body":{"msg_id":57,"key":"0","type":"read"}}
2026-02-26 14:02:17,489{GMT}	INFO	[n0 stderr] maelstrom.process: [2026-02-26T13:02:17.489886Z INFO  maelstrom::runtime] Received {"id":228,"src":"lin-kv","dest":"n0","body":{"type":"read_ok","value":4,"in_reply_to":57}}
2026-02-26 14:02:17,490{GMT}	INFO	[n0 stderr] maelstrom.process: [2026-02-26T13:02:17.490074Z INFO  maelstrom::runtime] Sent {"src":"n0","dest":"c2","body":{"in_reply_to":27,"type":"read_ok","value":4}}
2026-02-26 14:02:17,490{GMT}	INFO	[jepsen worker 0] jepsen.util: 0	:ok	:read	[0 4]
2026-02-26 14:02:17,495{GMT}	INFO	[jepsen worker 0] jepsen.util: 0	:invoke	:read	[0 nil]
2026-02-26 14:02:17,496{GMT}	INFO	[n0 stderr] maelstrom.process: [2026-02-26T13:02:17.496543Z INFO  maelstrom::runtime] Received {"id":230,"src":"c2","dest":"n0","body":{"key":0,"type":"read","msg_id":28}}
2026-02-26 14:02:17,497{GMT}	INFO	[n0 stderr] maelstrom.process: [2026-02-26T13:02:17.497147Z INFO  maelstrom::runtime] Sent {"src":"n0","dest":"lin-kv","body":{"msg_id":58,"key":"0","type":"read"}}
2026-02-26 14:02:17,498{GMT}	INFO	[n0 stderr] maelstrom.process: [2026-02-26T13:02:17.498297Z INFO  maelstrom::runtime] Received {"id":232,"src":"lin-kv","dest":"n0","body":{"type":"read_ok","value":4,"in_reply_to":58}}
2026-02-26 14:02:17,498{GMT}	INFO	[n0 stderr] maelstrom.process: [2026-02-26T13:02:17.498677Z INFO  maelstrom::runtime] Sent {"src":"n0","dest":"c2","body":{"in_reply_to":28,"type":"read_ok","value":4}}
2026-02-26 14:02:17,499{GMT}	INFO	[jepsen worker 0] jepsen.util: 0	:ok	:read	[0 4]
2026-02-26 14:02:17,513{GMT}	INFO	[jepsen worker 1] jepsen.util: 1	:invoke	:cas	[0 [4 4]]
2026-02-26 14:02:17,519{GMT}	INFO	[n0 stderr] maelstrom.process: [2026-02-26T13:02:17.518635Z INFO  maelstrom::runtime] Received {"id":234,"src":"c3","dest":"n0","body":{"key":0,"from":4,"to":4,"type":"cas","msg_id":31}}
2026-02-26 14:02:17,519{GMT}	INFO	[jepsen worker 0] jepsen.util: 0	:invoke	:read	[0 nil]
2026-02-26 14:02:17,520{GMT}	INFO	[n0 stderr] maelstrom.process: [2026-02-26T13:02:17.519868Z INFO  maelstrom::runtime] Sent {"src":"n0","dest":"lin-kv","body":{"msg_id":59,"from":4,"key":"0","to":4,"type":"cas"}}
2026-02-26 14:02:17,522{GMT}	INFO	[n0 stderr] maelstrom.process: [2026-02-26T13:02:17.522169Z INFO  maelstrom::runtime] Received {"id":235,"src":"c2","dest":"n0","body":{"key":0,"type":"read","msg_id":29}}
2026-02-26 14:02:17,523{GMT}	INFO	[n0 stderr] maelstrom.process: [2026-02-26T13:02:17.523270Z INFO  maelstrom::runtime] Received {"id":237,"src":"lin-kv","dest":"n0","body":{"type":"cas_ok","in_reply_to":59}}
2026-02-26 14:02:17,523{GMT}	INFO	[n0 stderr] maelstrom.process: [2026-02-26T13:02:17.523270Z INFO  maelstrom::runtime] Sent {"src":"n0","dest":"lin-kv","body":{"msg_id":60,"key":"0","type":"read"}}
2026-02-26 14:02:17,524{GMT}	INFO	[n0 stderr] maelstrom.process: [2026-02-26T13:02:17.523527Z INFO  maelstrom::runtime] Sent {"src":"n0","dest":"c3","body":{"in_reply_to":31,"type":"cas_ok"}}
2026-02-26 14:02:17,527{GMT}	INFO	[jepsen worker 1] jepsen.util: 1	:ok	:cas	[0 [4 4]]
2026-02-26 14:02:17,527{GMT}	INFO	[n0 stderr] maelstrom.process: [2026-02-26T13:02:17.527260Z INFO  maelstrom::runtime] Received {"id":239,"src":"lin-kv","dest":"n0","body":{"type":"read_ok","value":4,"in_reply_to":60}}
2026-02-26 14:02:17,530{GMT}	INFO	[n0 stderr] maelstrom.process: [2026-02-26T13:02:17.529591Z INFO  maelstrom::runtime] Sent {"src":"n0","dest":"c2","body":{"in_reply_to":29,"type":"read_ok","value":4}}
2026-02-26 14:02:17,533{GMT}	INFO	[jepsen worker 0] jepsen.util: 0	:ok	:read	[0 4]
2026-02-26 14:02:17,539{GMT}	INFO	[jepsen worker 1] jepsen.util: 1	:invoke	:write	[0 3]
2026-02-26 14:02:17,542{GMT}	INFO	[n0 stderr] maelstrom.process: [2026-02-26T13:02:17.541864Z INFO  maelstrom::runtime] Received {"id":242,"src":"c3","dest":"n0","body":{"key":0,"value":3,"type":"write","msg_id":32}}
2026-02-26 14:02:17,543{GMT}	INFO	[n0 stderr] maelstrom.process: [2026-02-26T13:02:17.542778Z INFO  maelstrom::runtime] Sent {"src":"n0","dest":"lin-kv","body":{"msg_id":61,"key":"0","type":"write","value":3}}
2026-02-26 14:02:17,545{GMT}	INFO	[n0 stderr] maelstrom.process: [2026-02-26T13:02:17.545262Z INFO  maelstrom::runtime] Received {"id":244,"src":"lin-kv","dest":"n0","body":{"type":"write_ok","in_reply_to":61}}
2026-02-26 14:02:17,546{GMT}	INFO	[n0 stderr] maelstrom.process: [2026-02-26T13:02:17.546010Z INFO  maelstrom::runtime] Sent {"src":"n0","dest":"c3","body":{"in_reply_to":32,"type":"write_ok"}}
2026-02-26 14:02:17,546{GMT}	INFO	[jepsen worker 1] jepsen.util: 1	:ok	:write	[0 3]
2026-02-26 14:02:17,555{GMT}	INFO	[jepsen worker 0] jepsen.util: 0	:invoke	:read	[0 nil]
2026-02-26 14:02:17,555{GMT}	INFO	[n0 stderr] maelstrom.process: [2026-02-26T13:02:17.555741Z INFO  maelstrom::runtime] Received {"id":246,"src":"c2","dest":"n0","body":{"key":0,"type":"read","msg_id":30}}
2026-02-26 14:02:17,556{GMT}	INFO	[n0 stderr] maelstrom.process: [2026-02-26T13:02:17.555949Z INFO  maelstrom::runtime] Sent {"src":"n0","dest":"lin-kv","body":{"msg_id":62,"key":"0","type":"read"}}
2026-02-26 14:02:17,556{GMT}	INFO	[n0 stderr] maelstrom.process: [2026-02-26T13:02:17.556401Z INFO  maelstrom::runtime] Received {"id":248,"src":"lin-kv","dest":"n0","body":{"type":"read_ok","value":3,"in_reply_to":62}}
2026-02-26 14:02:17,556{GMT}	INFO	[n0 stderr] maelstrom.process: [2026-02-26T13:02:17.556574Z INFO  maelstrom::runtime] Sent {"src":"n0","dest":"c2","body":{"in_reply_to":30,"type":"read_ok","value":3}}
2026-02-26 14:02:17,556{GMT}	INFO	[jepsen worker 0] jepsen.util: 0	:ok	:read	[0 3]
2026-02-26 14:02:17,573{GMT}	INFO	[jepsen worker 0] jepsen.util: 0	:invoke	:read	[0 nil]
2026-02-26 14:02:17,574{GMT}	INFO	[n0 stderr] maelstrom.process: [2026-02-26T13:02:17.574068Z INFO  maelstrom::runtime] Received {"id":250,"src":"c2","dest":"n0","body":{"key":0,"type":"read","msg_id":31}}
2026-02-26 14:02:17,574{GMT}	INFO	[n0 stderr] maelstrom.process: [2026-02-26T13:02:17.574334Z INFO  maelstrom::runtime] Sent {"src":"n0","dest":"lin-kv","body":{"msg_id":63,"key":"0","type":"read"}}
2026-02-26 14:02:17,574{GMT}	INFO	[n0 stderr] maelstrom.process: [2026-02-26T13:02:17.574824Z INFO  maelstrom::runtime] Received {"id":252,"src":"lin-kv","dest":"n0","body":{"type":"read_ok","value":3,"in_reply_to":63}}
2026-02-26 14:02:17,575{GMT}	INFO	[n0 stderr] maelstrom.process: [2026-02-26T13:02:17.575022Z INFO  maelstrom::runtime] Sent {"src":"n0","dest":"c2","body":{"in_reply_to":31,"type":"read_ok","value":3}}
2026-02-26 14:02:17,575{GMT}	INFO	[jepsen worker 0] jepsen.util: 0	:ok	:read	[0 3]
2026-02-26 14:02:17,584{GMT}	INFO	[jepsen worker 1] jepsen.util: 1	:invoke	:cas	[0 [1 1]]
2026-02-26 14:02:17,586{GMT}	INFO	[n0 stderr] maelstrom.process: [2026-02-26T13:02:17.586260Z INFO  maelstrom::runtime] Received {"id":254,"src":"c3","dest":"n0","body":{"key":0,"from":1,"to":1,"type":"cas","msg_id":33}}
2026-02-26 14:02:17,587{GMT}	INFO	[n0 stderr] maelstrom.process: [2026-02-26T13:02:17.586955Z INFO  maelstrom::runtime] Sent {"src":"n0","dest":"lin-kv","body":{"msg_id":64,"from":1,"key":"0","to":1,"type":"cas"}}
2026-02-26 14:02:17,593{GMT}	INFO	[n0 stderr] maelstrom.process: [2026-02-26T13:02:17.592823Z INFO  maelstrom::runtime] Received {"id":256,"src":"lin-kv","dest":"n0","body":{"type":"error","code":22,"text":"current value 3 is not 1","in_reply_to":64}}
2026-02-26 14:02:17,593{GMT}	INFO	[n0 stderr] maelstrom.process: [2026-02-26T13:02:17.593308Z INFO  maelstrom::runtime] Sent {"src":"n0","dest":"c3","body":{"in_reply_to":33,"code":22,"text":"precondition failed","type":"error"}}
2026-02-26 14:02:17,594{GMT}	INFO	[jepsen worker 1] jepsen.util: 1	:fail	:cas	[0 [1 1]]	[:precondition-failed "precondition failed"]
2026-02-26 14:02:17,601{GMT}	INFO	[jepsen worker 1] jepsen.util: 1	:invoke	:cas	[0 [3 4]]
2026-02-26 14:02:17,601{GMT}	INFO	[jepsen worker 0] jepsen.util: 0	:invoke	:read	[0 nil]
2026-02-26 14:02:17,603{GMT}	INFO	[n0 stderr] maelstrom.process: [2026-02-26T13:02:17.603171Z INFO  maelstrom::runtime] Received {"id":258,"src":"c2","dest":"n0","body":{"key":0,"type":"read","msg_id":32}}
2026-02-26 14:02:17,604{GMT}	INFO	[n0 stderr] maelstrom.process: [2026-02-26T13:02:17.603481Z INFO  maelstrom::runtime] Received {"id":259,"src":"c3","dest":"n0","body":{"key":0,"from":3,"to":4,"type":"cas","msg_id":34}}
2026-02-26 14:02:17,604{GMT}	INFO	[n0 stderr] maelstrom.process: [2026-02-26T13:02:17.603940Z INFO  maelstrom::runtime] Sent {"src":"n0","dest":"lin-kv","body":{"msg_id":66,"from":3,"key":"0","to":4,"type":"cas"}}
2026-02-26 14:02:17,605{GMT}	INFO	[n0 stderr] maelstrom.process: [2026-02-26T13:02:17.604143Z INFO  maelstrom::runtime] Sent {"src":"n0","dest":"lin-kv","body":{"msg_id":65,"key":"0","type":"read"}}
2026-02-26 14:02:17,607{GMT}	INFO	[n0 stderr] maelstrom.process: [2026-02-26T13:02:17.606627Z INFO  maelstrom::runtime] Received {"id":261,"src":"lin-kv","dest":"n0","body":{"type":"cas_ok","in_reply_to":66}}
2026-02-26 14:02:17,610{GMT}	INFO	[n0 stderr] maelstrom.process: [2026-02-26T13:02:17.607474Z INFO  maelstrom::runtime] Received {"id":263,"src":"lin-kv","dest":"n0","body":{"type":"read_ok","value":4,"in_reply_to":65}}
2026-02-26 14:02:17,611{GMT}	INFO	[n0 stderr] maelstrom.process: [2026-02-26T13:02:17.608487Z INFO  maelstrom::runtime] Sent {"src":"n0","dest":"c3","body":{"in_reply_to":34,"type":"cas_ok"}}
2026-02-26 14:02:17,613{GMT}	INFO	[n0 stderr] maelstrom.process: [2026-02-26T13:02:17.608986Z INFO  maelstrom::runtime] Sent {"src":"n0","dest":"c2","body":{"in_reply_to":32,"type":"read_ok","value":4}}
2026-02-26 14:02:17,613{GMT}	INFO	[jepsen worker 1] jepsen.util: 1	:ok	:cas	[0 [3 4]]
2026-02-26 14:02:17,615{GMT}	INFO	[jepsen worker 0] jepsen.util: 0	:ok	:read	[0 4]
2026-02-26 14:02:17,615{GMT}	INFO	[jepsen worker 1] jepsen.util: 1	:invoke	:cas	[0 [2 0]]
2026-02-26 14:02:17,619{GMT}	INFO	[n0 stderr] maelstrom.process: [2026-02-26T13:02:17.618548Z INFO  maelstrom::runtime] Received {"id":266,"src":"c3","dest":"n0","body":{"key":0,"from":2,"to":0,"type":"cas","msg_id":35}}
2026-02-26 14:02:17,621{GMT}	INFO	[n0 stderr] maelstrom.process: [2026-02-26T13:02:17.621194Z INFO  maelstrom::runtime] Sent {"src":"n0","dest":"lin-kv","body":{"msg_id":67,"from":2,"key":"0","to":0,"type":"cas"}}
2026-02-26 14:02:17,626{GMT}	INFO	[n0 stderr] maelstrom.process: [2026-02-26T13:02:17.626011Z INFO  maelstrom::runtime] Received {"id":268,"src":"lin-kv","dest":"n0","body":{"type":"error","code":22,"text":"current value 4 is not 2","in_reply_to":67}}
2026-02-26 14:02:17,629{GMT}	INFO	[n0 stderr] maelstrom.process: [2026-02-26T13:02:17.627357Z INFO  maelstrom::runtime] Sent {"src":"n0","dest":"c3","body":{"in_reply_to":35,"code":22,"text":"precondition failed","type":"error"}}
2026-02-26 14:02:17,635{GMT}	INFO	[jepsen worker 0] jepsen.util: 0	:invoke	:read	[0 nil]
2026-02-26 14:02:17,637{GMT}	INFO	[jepsen worker 1] jepsen.util: 1	:fail	:cas	[0 [2 0]]	[:precondition-failed "precondition failed"]
2026-02-26 14:02:17,638{GMT}	INFO	[n0 stderr] maelstrom.process: [2026-02-26T13:02:17.638130Z INFO  maelstrom::runtime] Received {"id":270,"src":"c2","dest":"n0","body":{"key":0,"type":"read","msg_id":33}}
2026-02-26 14:02:17,640{GMT}	INFO	[n0 stderr] maelstrom.process: [2026-02-26T13:02:17.640112Z INFO  maelstrom::runtime] Sent {"src":"n0","dest":"lin-kv","body":{"msg_id":68,"key":"0","type":"read"}}
2026-02-26 14:02:17,645{GMT}	INFO	[n0 stderr] maelstrom.process: [2026-02-26T13:02:17.644204Z INFO  maelstrom::runtime] Received {"id":272,"src":"lin-kv","dest":"n0","body":{"type":"read_ok","value":4,"in_reply_to":68}}
2026-02-26 14:02:17,646{GMT}	INFO	[n0 stderr] maelstrom.process: [2026-02-26T13:02:17.645758Z INFO  maelstrom::runtime] Sent {"src":"n0","dest":"c2","body":{"in_reply_to":33,"type":"read_ok","value":4}}
2026-02-26 14:02:17,648{GMT}	INFO	[jepsen worker 0] jepsen.util: 0	:ok	:read	[0 4]
2026-02-26 14:02:17,651{GMT}	INFO	[jepsen worker 0] jepsen.util: 0	:invoke	:read	[0 nil]
2026-02-26 14:02:17,654{GMT}	INFO	[n0 stderr] maelstrom.process: [2026-02-26T13:02:17.653628Z INFO  maelstrom::runtime] Received {"id":274,"src":"c2","dest":"n0","body":{"key":0,"type":"read","msg_id":34}}
2026-02-26 14:02:17,654{GMT}	INFO	[n0 stderr] maelstrom.process: [2026-02-26T13:02:17.654371Z INFO  maelstrom::runtime] Sent {"src":"n0","dest":"lin-kv","body":{"msg_id":69,"key":"0","type":"read"}}
2026-02-26 14:02:17,656{GMT}	INFO	[n0 stderr] maelstrom.process: [2026-02-26T13:02:17.656210Z INFO  maelstrom::runtime] Received {"id":276,"src":"lin-kv","dest":"n0","body":{"type":"read_ok","value":4,"in_reply_to":69}}
2026-02-26 14:02:17,657{GMT}	INFO	[n0 stderr] maelstrom.process: [2026-02-26T13:02:17.656915Z INFO  maelstrom::runtime] Sent {"src":"n0","dest":"c2","body":{"in_reply_to":34,"type":"read_ok","value":4}}
2026-02-26 14:02:17,657{GMT}	INFO	[jepsen worker 1] jepsen.util: 1	:invoke	:write	[0 0]
2026-02-26 14:02:17,657{GMT}	INFO	[jepsen worker 0] jepsen.util: 0	:ok	:read	[0 4]
2026-02-26 14:02:17,657{GMT}	INFO	[n0 stderr] maelstrom.process: [2026-02-26T13:02:17.657709Z INFO  maelstrom::runtime] Received {"id":278,"src":"c3","dest":"n0","body":{"key":0,"value":0,"type":"write","msg_id":36}}
2026-02-26 14:02:17,658{GMT}	INFO	[n0 stderr] maelstrom.process: [2026-02-26T13:02:17.657957Z INFO  maelstrom::runtime] Sent {"src":"n0","dest":"lin-kv","body":{"msg_id":70,"key":"0","type":"write","value":0}}
2026-02-26 14:02:17,658{GMT}	INFO	[n0 stderr] maelstrom.process: [2026-02-26T13:02:17.658551Z INFO  maelstrom::runtime] Received {"id":280,"src":"lin-kv","dest":"n0","body":{"type":"write_ok","in_reply_to":70}}
2026-02-26 14:02:17,658{GMT}	INFO	[n0 stderr] maelstrom.process: [2026-02-26T13:02:17.658742Z INFO  maelstrom::runtime] Sent {"src":"n0","dest":"c3","body":{"in_reply_to":36,"type":"write_ok"}}
2026-02-26 14:02:17,659{GMT}	INFO	[jepsen worker 1] jepsen.util: 1	:ok	:write	[0 0]
2026-02-26 14:02:17,662{GMT}	INFO	[jepsen worker 0] jepsen.util: 0	:invoke	:read	[0 nil]
2026-02-26 14:02:17,662{GMT}	INFO	[n0 stderr] maelstrom.process: [2026-02-26T13:02:17.662806Z INFO  maelstrom::runtime] Received {"id":282,"src":"c2","dest":"n0","body":{"key":0,"type":"read","msg_id":35}}
2026-02-26 14:02:17,663{GMT}	INFO	[n0 stderr] maelstrom.process: [2026-02-26T13:02:17.663207Z INFO  maelstrom::runtime] Sent {"src":"n0","dest":"lin-kv","body":{"msg_id":71,"key":"0","type":"read"}}
2026-02-26 14:02:17,666{GMT}	INFO	[n0 stderr] maelstrom.process: [2026-02-26T13:02:17.665637Z INFO  maelstrom::runtime] Received {"id":284,"src":"lin-kv","dest":"n0","body":{"type":"read_ok","value":0,"in_reply_to":71}}
2026-02-26 14:02:17,666{GMT}	INFO	[n0 stderr] maelstrom.process: [2026-02-26T13:02:17.666205Z INFO  maelstrom::runtime] Sent {"src":"n0","dest":"c2","body":{"in_reply_to":35,"type":"read_ok","value":0}}
2026-02-26 14:02:17,667{GMT}	INFO	[jepsen worker 0] jepsen.util: 0	:ok	:read	[0 0]
2026-02-26 14:02:17,676{GMT}	INFO	[jepsen worker 1] jepsen.util: 1	:invoke	:cas	[0 [3 2]]
2026-02-26 14:02:17,677{GMT}	INFO	[n0 stderr] maelstrom.process: [2026-02-26T13:02:17.677217Z INFO  maelstrom::runtime] Received {"id":286,"src":"c3","dest":"n0","body":{"key":0,"from":3,"to":2,"type":"cas","msg_id":37}}
2026-02-26 14:02:17,677{GMT}	INFO	[n0 stderr] maelstrom.process: [2026-02-26T13:02:17.677514Z INFO  maelstrom::runtime] Sent {"src":"n0","dest":"lin-kv","body":{"msg_id":72,"from":3,"key":"0","to":2,"type":"cas"}}
2026-02-26 14:02:17,678{GMT}	INFO	[n0 stderr] maelstrom.process: [2026-02-26T13:02:17.678086Z INFO  maelstrom::runtime] Received {"id":288,"src":"lin-kv","dest":"n0","body":{"type":"error","code":22,"text":"current value 0 is not 3","in_reply_to":72}}
2026-02-26 14:02:17,678{GMT}	INFO	[n0 stderr] maelstrom.process: [2026-02-26T13:02:17.678338Z INFO  maelstrom::runtime] Sent {"src":"n0","dest":"c3","body":{"in_reply_to":37,"code":22,"text":"precondition failed","type":"error"}}
2026-02-26 14:02:17,678{GMT}	INFO	[jepsen worker 1] jepsen.util: 1	:fail	:cas	[0 [3 2]]	[:precondition-failed "precondition failed"]
2026-02-26 14:02:17,680{GMT}	INFO	[jepsen worker 0] jepsen.util: 0	:invoke	:read	[0 nil]
2026-02-26 14:02:17,681{GMT}	INFO	[n0 stderr] maelstrom.process: [2026-02-26T13:02:17.681016Z INFO  maelstrom::runtime] Received {"id":290,"src":"c2","dest":"n0","body":{"key":0,"type":"read","msg_id":36}}
2026-02-26 14:02:17,681{GMT}	INFO	[jepsen worker 1] jepsen.util: 1	:invoke	:write	[0 0]
2026-02-26 14:02:17,681{GMT}	INFO	[n0 stderr] maelstrom.process: [2026-02-26T13:02:17.681240Z INFO  maelstrom::runtime] Sent {"src":"n0","dest":"lin-kv","body":{"msg_id":73,"key":"0","type":"read"}}
2026-02-26 14:02:17,681{GMT}	INFO	[n0 stderr] maelstrom.process: [2026-02-26T13:02:17.681515Z INFO  maelstrom::runtime] Received {"id":291,"src":"c3","dest":"n0","body":{"key":0,"value":0,"type":"write","msg_id":38}}
2026-02-26 14:02:17,681{GMT}	INFO	[n0 stderr] maelstrom.process: [2026-02-26T13:02:17.681744Z INFO  maelstrom::runtime] Sent {"src":"n0","dest":"lin-kv","body":{"msg_id":74,"key":"0","type":"write","value":0}}
2026-02-26 14:02:17,681{GMT}	INFO	[n0 stderr] maelstrom.process: [2026-02-26T13:02:17.681785Z INFO  maelstrom::runtime] Received {"id":293,"src":"lin-kv","dest":"n0","body":{"type":"read_ok","value":0,"in_reply_to":73}}
2026-02-26 14:02:17,682{GMT}	INFO	[n0 stderr] maelstrom.process: [2026-02-26T13:02:17.682011Z INFO  maelstrom::runtime] Sent {"src":"n0","dest":"c2","body":{"in_reply_to":36,"type":"read_ok","value":0}}
2026-02-26 14:02:17,682{GMT}	INFO	[n0 stderr] maelstrom.process: [2026-02-26T13:02:17.682204Z INFO  maelstrom::runtime] Received {"id":295,"src":"lin-kv","dest":"n0","body":{"type":"write_ok","in_reply_to":74}}
2026-02-26 14:02:17,682{GMT}	INFO	[jepsen worker 0] jepsen.util: 0	:ok	:read	[0 0]
2026-02-26 14:02:17,682{GMT}	INFO	[n0 stderr] maelstrom.process: [2026-02-26T13:02:17.682363Z INFO  maelstrom::runtime] Sent {"src":"n0","dest":"c3","body":{"in_reply_to":38,"type":"write_ok"}}
2026-02-26 14:02:17,682{GMT}	INFO	[jepsen worker 1] jepsen.util: 1	:ok	:write	[0 0]
2026-02-26 14:02:17,696{GMT}	INFO	[jepsen worker 1] jepsen.util: 1	:invoke	:write	[0 4]
2026-02-26 14:02:17,697{GMT}	INFO	[n0 stderr] maelstrom.process: [2026-02-26T13:02:17.697685Z INFO  maelstrom::runtime] Received {"id":298,"src":"c3","dest":"n0","body":{"key":0,"value":4,"type":"write","msg_id":39}}
2026-02-26 14:02:17,698{GMT}	INFO	[n0 stderr] maelstrom.process: [2026-02-26T13:02:17.698041Z INFO  maelstrom::runtime] Sent {"src":"n0","dest":"lin-kv","body":{"msg_id":75,"key":"0","type":"write","value":4}}
2026-02-26 14:02:17,698{GMT}	INFO	[jepsen worker 0] jepsen.util: 0	:invoke	:read	[0 nil]
2026-02-26 14:02:17,698{GMT}	INFO	[n0 stderr] maelstrom.process: [2026-02-26T13:02:17.698621Z INFO  maelstrom::runtime] Received {"id":300,"src":"lin-kv","dest":"n0","body":{"type":"write_ok","in_reply_to":75}}
2026-02-26 14:02:17,698{GMT}	INFO	[n0 stderr] maelstrom.process: [2026-02-26T13:02:17.698789Z INFO  maelstrom::runtime] Received {"id":301,"src":"c2","dest":"n0","body":{"key":0,"type":"read","msg_id":37}}
2026-02-26 14:02:17,698{GMT}	INFO	[n0 stderr] maelstrom.process: [2026-02-26T13:02:17.698796Z INFO  maelstrom::runtime] Sent {"src":"n0","dest":"c3","body":{"in_reply_to":39,"type":"write_ok"}}
2026-02-26 14:02:17,699{GMT}	INFO	[n0 stderr] maelstrom.process: [2026-02-26T13:02:17.699040Z INFO  maelstrom::runtime] Sent {"src":"n0","dest":"lin-kv","body":{"msg_id":76,"key":"0","type":"read"}}
2026-02-26 14:02:17,700{GMT}	INFO	[jepsen worker 1] jepsen.util: 1	:ok	:write	[0 4]
2026-02-26 14:02:17,702{GMT}	INFO	[n0 stderr] maelstrom.process: [2026-02-26T13:02:17.701724Z INFO  maelstrom::runtime] Received {"id":304,"src":"lin-kv","dest":"n0","body":{"type":"read_ok","value":4,"in_reply_to":76}}
2026-02-26 14:02:17,703{GMT}	INFO	[n0 stderr] maelstrom.process: [2026-02-26T13:02:17.703024Z INFO  maelstrom::runtime] Sent {"src":"n0","dest":"c2","body":{"in_reply_to":37,"type":"read_ok","value":4}}
2026-02-26 14:02:17,705{GMT}	INFO	[jepsen worker 0] jepsen.util: 0	:ok	:read	[0 4]
2026-02-26 14:02:17,720{GMT}	INFO	[jepsen worker 1] jepsen.util: 1	:invoke	:write	[0 2]
2026-02-26 14:02:17,721{GMT}	INFO	[jepsen worker 0] jepsen.util: 0	:invoke	:read	[0 nil]
2026-02-26 14:02:17,725{GMT}	INFO	[n0 stderr] maelstrom.process: [2026-02-26T13:02:17.724413Z INFO  maelstrom::runtime] Received {"id":306,"src":"c3","dest":"n0","body":{"key":0,"value":2,"type":"write","msg_id":40}}
2026-02-26 14:02:17,726{GMT}	INFO	[n0 stderr] maelstrom.process: [2026-02-26T13:02:17.724706Z INFO  maelstrom::runtime] Received {"id":307,"src":"c2","dest":"n0","body":{"key":0,"type":"read","msg_id":38}}
2026-02-26 14:02:17,726{GMT}	INFO	[n0 stderr] maelstrom.process: [2026-02-26T13:02:17.726639Z INFO  maelstrom::runtime] Sent {"src":"n0","dest":"lin-kv","body":{"msg_id":77,"key":"0","type":"write","value":2}}
2026-02-26 14:02:17,727{GMT}	INFO	[n0 stderr] maelstrom.process: [2026-02-26T13:02:17.726950Z INFO  maelstrom::runtime] Sent {"src":"n0","dest":"lin-kv","body":{"msg_id":78,"key":"0","type":"read"}}
2026-02-26 14:02:17,729{GMT}	INFO	[n0 stderr] maelstrom.process: [2026-02-26T13:02:17.729229Z INFO  maelstrom::runtime] Received {"id":309,"src":"lin-kv","dest":"n0","body":{"type":"write_ok","in_reply_to":77}}
2026-02-26 14:02:17,730{GMT}	INFO	[n0 stderr] maelstrom.process: [2026-02-26T13:02:17.729437Z INFO  maelstrom::runtime] Received {"id":311,"src":"lin-kv","dest":"n0","body":{"type":"read_ok","value":2,"in_reply_to":78}}
2026-02-26 14:02:17,730{GMT}	INFO	[n0 stderr] maelstrom.process: [2026-02-26T13:02:17.730325Z INFO  maelstrom::runtime] Sent {"src":"n0","dest":"c3","body":{"in_reply_to":40,"type":"write_ok"}}
2026-02-26 14:02:17,731{GMT}	INFO	[n0 stderr] maelstrom.process: [2026-02-26T13:02:17.730526Z INFO  maelstrom::runtime] Sent {"src":"n0","dest":"c2","body":{"in_reply_to":38,"type":"read_ok","value":2}}
2026-02-26 14:02:17,731{GMT}	INFO	[jepsen worker 1] jepsen.util: 1	:ok	:write	[0 2]
2026-02-26 14:02:17,731{GMT}	INFO	[jepsen worker 0] jepsen.util: 0	:ok	:read	[0 2]
2026-02-26 14:02:17,735{GMT}	INFO	[jepsen worker 1] jepsen.util: 1	:invoke	:write	[0 4]
2026-02-26 14:02:17,740{GMT}	INFO	[n0 stderr] maelstrom.process: [2026-02-26T13:02:17.740231Z INFO  maelstrom::runtime] Received {"id":314,"src":"c3","dest":"n0","body":{"key":0,"value":4,"type":"write","msg_id":41}}
2026-02-26 14:02:17,741{GMT}	INFO	[n0 stderr] maelstrom.process: [2026-02-26T13:02:17.740931Z INFO  maelstrom::runtime] Sent {"src":"n0","dest":"lin-kv","body":{"msg_id":79,"key":"0","type":"write","value":4}}
2026-02-26 14:02:17,741{GMT}	INFO	[jepsen worker 0] jepsen.util: 0	:invoke	:read	[0 nil]
2026-02-26 14:02:17,742{GMT}	INFO	[n0 stderr] maelstrom.process: [2026-02-26T13:02:17.741999Z INFO  maelstrom::runtime] Received {"id":316,"src":"c2","dest":"n0","body":{"key":0,"type":"read","msg_id":39}}
2026-02-26 14:02:17,743{GMT}	INFO	[n0 stderr] maelstrom.process: [2026-02-26T13:02:17.742336Z INFO  maelstrom::runtime] Received {"id":317,"src":"lin-kv","dest":"n0","body":{"type":"write_ok","in_reply_to":79}}
2026-02-26 14:02:17,744{GMT}	INFO	[n0 stderr] maelstrom.process: [2026-02-26T13:02:17.743066Z INFO  maelstrom::runtime] Sent {"src":"n0","dest":"c3","body":{"in_reply_to":41,"type":"write_ok"}}
2026-02-26 14:02:17,744{GMT}	INFO	[n0 stderr] maelstrom.process: [2026-02-26T13:02:17.743314Z INFO  maelstrom::runtime] Sent {"src":"n0","dest":"lin-kv","body":{"msg_id":80,"key":"0","type":"read"}}
2026-02-26 14:02:17,745{GMT}	INFO	[jepsen worker 1] jepsen.util: 1	:ok	:write	[0 4]
2026-02-26 14:02:17,748{GMT}	INFO	[n0 stderr] maelstrom.process: [2026-02-26T13:02:17.748229Z INFO  maelstrom::runtime] Received {"id":320,"src":"lin-kv","dest":"n0","body":{"type":"read_ok","value":4,"in_reply_to":80}}
2026-02-26 14:02:17,750{GMT}	INFO	[n0 stderr] maelstrom.process: [2026-02-26T13:02:17.749512Z INFO  maelstrom::runtime] Sent {"src":"n0","dest":"c2","body":{"in_reply_to":39,"type":"read_ok","value":4}}
2026-02-26 14:02:17,752{GMT}	INFO	[jepsen worker 0] jepsen.util: 0	:ok	:read	[0 4]
2026-02-26 14:02:17,756{GMT}	INFO	[jepsen worker 1] jepsen.util: 1	:invoke	:write	[0 3]
2026-02-26 14:02:17,758{GMT}	INFO	[n0 stderr] maelstrom.process: [2026-02-26T13:02:17.758045Z INFO  maelstrom::runtime] Received {"id":322,"src":"c3","dest":"n0","body":{"key":0,"value":3,"type":"write","msg_id":42}}
2026-02-26 14:02:17,758{GMT}	INFO	[n0 stderr] maelstrom.process: [2026-02-26T13:02:17.758570Z INFO  maelstrom::runtime] Sent {"src":"n0","dest":"lin-kv","body":{"msg_id":81,"key":"0","type":"write","value":3}}
2026-02-26 14:02:17,759{GMT}	INFO	[n0 stderr] maelstrom.process: [2026-02-26T13:02:17.759269Z INFO  maelstrom::runtime] Received {"id":324,"src":"lin-kv","dest":"n0","body":{"type":"write_ok","in_reply_to":81}}
2026-02-26 14:02:17,759{GMT}	INFO	[n0 stderr] maelstrom.process: [2026-02-26T13:02:17.759559Z INFO  maelstrom::runtime] Sent {"src":"n0","dest":"c3","body":{"in_reply_to":42,"type":"write_ok"}}
2026-02-26 14:02:17,760{GMT}	INFO	[jepsen worker 1] jepsen.util: 1	:ok	:write	[0 3]
2026-02-26 14:02:17,770{GMT}	INFO	[jepsen test runner] jepsen.core: Run complete, writing
2026-02-26 14:02:17,844{GMT}	INFO	[jepsen node n0] maelstrom.db: Tearing down n0
2026-02-26 14:02:19,761{GMT}	INFO	[jepsen node n0] maelstrom.net: Shutting down Maelstrom network
2026-02-26 14:02:19,762{GMT}	INFO	[jepsen test runner] jepsen.core: Analyzing...
2026-02-26 14:02:20,053{GMT}	INFO	[clojure-agent-send-pool-0] jepsen.independent: Wrote /home/tim/Work/ID2203/omnipaxos-kv-main/store/lin-kv/20260226T140215.208+0100/independent/0/results.edn
2026-02-26 14:02:20,061{GMT}	INFO	[clojure-agent-send-pool-0] jepsen.independent: Wrote /home/tim/Work/ID2203/omnipaxos-kv-main/store/lin-kv/20260226T140215.208+0100/independent/0/history.edn
2026-02-26 14:02:20,306{GMT}	INFO	[jepsen test runner] jepsen.core: Analysis complete
2026-02-26 14:02:20,332{GMT}	INFO	[jepsen results] jepsen.store: Wrote /home/tim/Work/ID2203/omnipaxos-kv-main/store/lin-kv/20260226T140215.208+0100/results.edn
2026-02-26 14:02:20,358{GMT}	INFO	[jepsen test runner] jepsen.core: {:perf {:latency-graph {:valid? true},
        :rate-graph {:valid? true},
        :valid? true},
 :timeline {:valid? true},
 :exceptions {:valid? true},
 :stats {:valid? true,
         :count 81,
         :ok-count 57,
         :fail-count 24,
         :info-count 0,
         :by-f {:cas {:valid? true,
                      :count 25,
                      :ok-count 4,
                      :fail-count 21,
                      :info-count 0},
                :read {:valid? true,
                       :count 39,
                       :ok-count 36,
                       :fail-count 3,
                       :info-count 0},
                :write {:valid? true,
                        :count 17,
                        :ok-count 17,
                        :fail-count 0,
                        :info-count 0}}},
 :availability {:valid? true, :ok-fraction 0.7037037},
 :net {:all {:send-count 326,
             :recv-count 326,
             :msg-count 326,
             :msgs-per-op 4.0246916},
       :clients {:send-count 164, :recv-count 164, :msg-count 164},
       :servers {:send-count 162,
                 :recv-count 162,
                 :msg-count 162,
                 :msgs-per-op 2.0},
       :valid? true},
 :workload {:valid? true,
            :results {0 {:linearizable {:valid? true,
                                        :configs ({:model #knossos.model.CASRegister{:value 3},
                                                   :last-op {:process 1,
                                                             :type :ok,
                                                             :f :write,
                                                             :value 3,
                                                             :index 161,
                                                             :time 1000730295},
                                                   :pending []}),
                                        :final-paths ()},
                         :timeline {:valid? true},
                         :valid? true}},
            :failures []},
 :valid? true}


Everything looks good! ヽ(‘ー`)ノ
