Initializing with 0 nodes: ""
[2026-02-26T11:54:26.681344Z INFO  maelstrom::runtime] Received {"id":4,"src":"c4","dest":"n0","body":{"type":"init","node_id":"n0","node_ids":["n0","n1","n2","n3","n4"],"msg_id":1}}
[2026-02-26T11:54:26.682814Z INFO  maelstrom::runtime] Sent {"src":"n0","dest":"c4","body":{"in_reply_to":1,"type":"init_ok"}}
[2026-02-26T11:54:26.722534Z INFO  maelstrom::runtime] Received {"id":10,"src":"c10","dest":"n0","body":{"key":0,"type":"read","msg_id":1}}
Node  received READ for key 0
[2026-02-26T11:54:26.722644Z INFO  maelstrom::runtime] Sent {"src":"n0","dest":"c10","body":{"in_reply_to":1,"type":"read_ok","value":0}}
[2026-02-26T11:54:26.722702Z INFO  maelstrom::runtime] Received {"id":11,"src":"c11","dest":"n0","body":{"key":0,"value":2,"type":"write","msg_id":1}}
Node  received WRITE: 0=2
[2026-02-26T11:54:26.722745Z INFO  maelstrom::runtime] Sent {"src":"n0","dest":"c11","body":{"in_reply_to":1,"type":"write_ok"}}
[2026-02-26T11:54:26.740974Z INFO  maelstrom::runtime] Received {"id":16,"src":"c11","dest":"n0","body":{"key":0,"from":0,"to":3,"type":"cas","msg_id":2}}
Node  received CAS (not implemented)
[2026-02-26T11:54:26.741306Z INFO  maelstrom::runtime] Sent {"src":"n0","dest":"c11","body":{"in_reply_to":2,"type":"cas_ok"}}
[2026-02-26T11:54:26.760953Z INFO  maelstrom::runtime] Received {"id":19,"src":"c10","dest":"n0","body":{"key":0,"type":"read","msg_id":2}}
Node  received READ for key 0
[2026-02-26T11:54:26.761114Z INFO  maelstrom::runtime] Sent {"src":"n0","dest":"c10","body":{"in_reply_to":2,"type":"read_ok","value":0}}
[2026-02-26T11:54:26.812997Z INFO  maelstrom::runtime] Received {"id":28,"src":"c10","dest":"n0","body":{"key":0,"type":"read","msg_id":3}}
Node  received READ for key 0
[2026-02-26T11:54:26.813222Z INFO  maelstrom::runtime] Sent {"src":"n0","dest":"c10","body":{"in_reply_to":3,"type":"read_ok","value":0}}
[2026-02-26T11:54:26.821146Z INFO  maelstrom::runtime] Received {"id":30,"src":"c10","dest":"n0","body":{"key":0,"type":"read","msg_id":4}}
Node  received READ for key 0
[2026-02-26T11:54:26.821324Z INFO  maelstrom::runtime] Sent {"src":"n0","dest":"c10","body":{"in_reply_to":4,"type":"read_ok","value":0}}
[2026-02-26T11:54:26.827269Z INFO  maelstrom::runtime] Received {"id":32,"src":"c10","dest":"n0","body":{"key":0,"type":"read","msg_id":5}}
Node  received READ for key 0
[2026-02-26T11:54:26.827779Z INFO  maelstrom::runtime] Sent {"src":"n0","dest":"c10","body":{"in_reply_to":5,"type":"read_ok","value":0}}
[2026-02-26T11:54:26.858663Z INFO  maelstrom::runtime] Received {"id":38,"src":"c11","dest":"n0","body":{"key":0,"from":1,"to":4,"type":"cas","msg_id":3}}
Node  received CAS (not implemented)
[2026-02-26T11:54:26.858754Z INFO  maelstrom::runtime] Sent {"src":"n0","dest":"c11","body":{"in_reply_to":3,"type":"cas_ok"}}
[2026-02-26T11:54:26.876483Z INFO  maelstrom::runtime] Received {"id":42,"src":"c11","dest":"n0","body":{"key":0,"value":1,"type":"write","msg_id":4}}
Node  received WRITE: 0=1
[2026-02-26T11:54:26.876919Z INFO  maelstrom::runtime] Sent {"src":"n0","dest":"c11","body":{"in_reply_to":4,"type":"write_ok"}}
[2026-02-26T11:54:26.886841Z INFO  maelstrom::runtime] Received {"id":44,"src":"c10","dest":"n0","body":{"key":0,"type":"read","msg_id":6}}
Node  received READ for key 0
[2026-02-26T11:54:26.887270Z INFO  maelstrom::runtime] Sent {"src":"n0","dest":"c10","body":{"in_reply_to":6,"type":"read_ok","value":0}}
[2026-02-26T11:54:26.920993Z INFO  maelstrom::runtime] Received {"id":48,"src":"c10","dest":"n0","body":{"key":0,"type":"read","msg_id":7}}
Node  received READ for key 0
[2026-02-26T11:54:26.921154Z INFO  maelstrom::runtime] Sent {"src":"n0","dest":"c10","body":{"in_reply_to":7,"type":"read_ok","value":0}}
[2026-02-26T11:54:26.955797Z INFO  maelstrom::runtime] Received {"id":52,"src":"c10","dest":"n0","body":{"key":0,"type":"read","msg_id":8}}
Node  received READ for key 0
[2026-02-26T11:54:26.955976Z INFO  maelstrom::runtime] Sent {"src":"n0","dest":"c10","body":{"in_reply_to":8,"type":"read_ok","value":0}}
[2026-02-26T11:54:26.969311Z INFO  maelstrom::runtime] Received {"id":54,"src":"c11","dest":"n0","body":{"key":0,"value":1,"type":"write","msg_id":5}}
Node  received WRITE: 0=1
[2026-02-26T11:54:26.969521Z INFO  maelstrom::runtime] Sent {"src":"n0","dest":"c11","body":{"in_reply_to":5,"type":"write_ok"}}
[2026-02-26T11:54:26.999707Z INFO  maelstrom::runtime] Received {"id":60,"src":"c11","dest":"n0","body":{"key":0,"from":3,"to":3,"type":"cas","msg_id":6}}
Node  received CAS (not implemented)
[2026-02-26T11:54:26.999957Z INFO  maelstrom::runtime] Sent {"src":"n0","dest":"c11","body":{"in_reply_to":6,"type":"cas_ok"}}
[2026-02-26T11:54:27.027171Z INFO  maelstrom::runtime] Received {"id":64,"src":"c11","dest":"n0","body":{"key":0,"from":3,"to":0,"type":"cas","msg_id":7}}
Node  received CAS (not implemented)
[2026-02-26T11:54:27.027406Z INFO  maelstrom::runtime] Sent {"src":"n0","dest":"c11","body":{"in_reply_to":7,"type":"cas_ok"}}
[2026-02-26T11:54:27.038537Z INFO  maelstrom::runtime] Received {"id":66,"src":"c10","dest":"n0","body":{"key":0,"type":"read","msg_id":9}}
Node  received READ for key 0
[2026-02-26T11:54:27.038940Z INFO  maelstrom::runtime] Sent {"src":"n0","dest":"c10","body":{"in_reply_to":9,"type":"read_ok","value":0}}
[2026-02-26T11:54:27.072910Z INFO  maelstrom::runtime] Received {"id":70,"src":"c10","dest":"n0","body":{"key":0,"type":"read","msg_id":10}}
Node  received READ for key 0
[2026-02-26T11:54:27.073300Z INFO  maelstrom::runtime] Sent {"src":"n0","dest":"c10","body":{"in_reply_to":10,"type":"read_ok","value":0}}
[2026-02-26T11:54:27.091325Z INFO  maelstrom::runtime] Received {"id":72,"src":"c10","dest":"n0","body":{"key":0,"type":"read","msg_id":11}}
Node  received READ for key 0
[2026-02-26T11:54:27.091604Z INFO  maelstrom::runtime] Sent {"src":"n0","dest":"c10","body":{"in_reply_to":11,"type":"read_ok","value":0}}
[2026-02-26T11:54:27.099650Z INFO  maelstrom::runtime] Received {"id":74,"src":"c10","dest":"n0","body":{"key":0,"type":"read","msg_id":12}}
Node  received READ for key 0
[2026-02-26T11:54:27.099914Z INFO  maelstrom::runtime] Sent {"src":"n0","dest":"c10","body":{"in_reply_to":12,"type":"read_ok","value":0}}
[2026-02-26T11:54:27.109921Z INFO  maelstrom::runtime] Received {"id":76,"src":"c10","dest":"n0","body":{"key":0,"type":"read","msg_id":13}}
Node  received READ for key 0
[2026-02-26T11:54:27.110157Z INFO  maelstrom::runtime] Sent {"src":"n0","dest":"c10","body":{"in_reply_to":13,"type":"read_ok","value":0}}
[2026-02-26T11:54:27.113907Z INFO  maelstrom::runtime] Received {"id":78,"src":"c11","dest":"n0","body":{"key":0,"value":1,"type":"write","msg_id":8}}
Node  received WRITE: 0=1
[2026-02-26T11:54:27.114288Z INFO  maelstrom::runtime] Sent {"src":"n0","dest":"c11","body":{"in_reply_to":8,"type":"write_ok"}}
[2026-02-26T11:54:27.134950Z INFO  maelstrom::runtime] Received {"id":80,"src":"c11","dest":"n0","body":{"key":0,"from":3,"to":0,"type":"cas","msg_id":9}}
Node  received CAS (not implemented)
[2026-02-26T11:54:27.135202Z INFO  maelstrom::runtime] Sent {"src":"n0","dest":"c11","body":{"in_reply_to":9,"type":"cas_ok"}}
[2026-02-26T11:54:27.152685Z INFO  maelstrom::runtime] Received {"id":83,"src":"c11","dest":"n0","body":{"key":0,"from":0,"to":4,"type":"cas","msg_id":10}}
Node  received CAS (not implemented)
[2026-02-26T11:54:27.153108Z INFO  maelstrom::runtime] Sent {"src":"n0","dest":"c11","body":{"in_reply_to":10,"type":"cas_ok"}}
[2026-02-26T11:54:27.165578Z INFO  maelstrom::runtime] Received {"id":86,"src":"c11","dest":"n0","body":{"key":0,"from":0,"to":1,"type":"cas","msg_id":11}}
Node  received CAS (not implemented)
[2026-02-26T11:54:27.165884Z INFO  maelstrom::runtime] Sent {"src":"n0","dest":"c11","body":{"in_reply_to":11,"type":"cas_ok"}}
[2026-02-26T11:54:27.183412Z INFO  maelstrom::runtime] Received {"id":90,"src":"c10","dest":"n0","body":{"key":0,"type":"read","msg_id":14}}
Node  received READ for key 0
[2026-02-26T11:54:27.183574Z INFO  maelstrom::runtime] Sent {"src":"n0","dest":"c10","body":{"in_reply_to":14,"type":"read_ok","value":0}}
[2026-02-26T11:54:27.191571Z INFO  maelstrom::runtime] Received {"id":94,"src":"c10","dest":"n0","body":{"key":0,"type":"read","msg_id":15}}
Node  received READ for key 0
[2026-02-26T11:54:27.191712Z INFO  maelstrom::runtime] Sent {"src":"n0","dest":"c10","body":{"in_reply_to":15,"type":"read_ok","value":0}}
[2026-02-26T11:54:27.205746Z INFO  maelstrom::runtime] Received {"id":96,"src":"c11","dest":"n0","body":{"key":0,"from":3,"to":1,"type":"cas","msg_id":12}}
Node  received CAS (not implemented)
[2026-02-26T11:54:27.205892Z INFO  maelstrom::runtime] Sent {"src":"n0","dest":"c11","body":{"in_reply_to":12,"type":"cas_ok"}}
[2026-02-26T11:54:27.217992Z INFO  maelstrom::runtime] Received {"id":98,"src":"c10","dest":"n0","body":{"key":0,"type":"read","msg_id":16}}
Node  received READ for key 0
[2026-02-26T11:54:27.218154Z INFO  maelstrom::runtime] Sent {"src":"n0","dest":"c10","body":{"in_reply_to":16,"type":"read_ok","value":0}}
[2026-02-26T11:54:27.219891Z INFO  maelstrom::runtime] Received {"id":100,"src":"c11","dest":"n0","body":{"key":0,"from":2,"to":3,"type":"cas","msg_id":13}}
Node  received CAS (not implemented)
[2026-02-26T11:54:27.220042Z INFO  maelstrom::runtime] Sent {"src":"n0","dest":"c11","body":{"in_reply_to":13,"type":"cas_ok"}}
[2026-02-26T11:54:27.225706Z INFO  maelstrom::runtime] Received {"id":102,"src":"c11","dest":"n0","body":{"key":0,"value":2,"type":"write","msg_id":14}}
Node  received WRITE: 0=2
[2026-02-26T11:54:27.225879Z INFO  maelstrom::runtime] Sent {"src":"n0","dest":"c11","body":{"in_reply_to":14,"type":"write_ok"}}
[2026-02-26T11:54:27.246251Z INFO  maelstrom::runtime] Received {"id":106,"src":"c11","dest":"n0","body":{"key":0,"from":1,"to":1,"type":"cas","msg_id":15}}
Node  received CAS (not implemented)
[2026-02-26T11:54:27.246490Z INFO  maelstrom::runtime] Sent {"src":"n0","dest":"c11","body":{"in_reply_to":15,"type":"cas_ok"}}
[2026-02-26T11:54:27.264400Z INFO  maelstrom::runtime] Received {"id":108,"src":"c11","dest":"n0","body":{"key":0,"from":2,"to":2,"type":"cas","msg_id":16}}
Node  received CAS (not implemented)
[2026-02-26T11:54:27.264636Z INFO  maelstrom::runtime] Sent {"src":"n0","dest":"c11","body":{"in_reply_to":16,"type":"cas_ok"}}
[2026-02-26T11:54:27.280258Z INFO  maelstrom::runtime] Received {"id":110,"src":"c10","dest":"n0","body":{"key":0,"type":"read","msg_id":17}}
Node  received READ for key 0
[2026-02-26T11:54:27.280577Z INFO  maelstrom::runtime] Sent {"src":"n0","dest":"c10","body":{"in_reply_to":17,"type":"read_ok","value":0}}
[2026-02-26T11:54:27.291316Z INFO  maelstrom::runtime] Received {"id":112,"src":"c10","dest":"n0","body":{"key":0,"type":"read","msg_id":18}}
Node  received READ for key 0
[2026-02-26T11:54:27.291644Z INFO  maelstrom::runtime] Sent {"src":"n0","dest":"c10","body":{"in_reply_to":18,"type":"read_ok","value":0}}
[2026-02-26T11:54:27.310983Z INFO  maelstrom::runtime] Received {"id":114,"src":"c10","dest":"n0","body":{"key":0,"type":"read","msg_id":19}}
Node  received READ for key 0
[2026-02-26T11:54:27.311261Z INFO  maelstrom::runtime] Sent {"src":"n0","dest":"c10","body":{"in_reply_to":19,"type":"read_ok","value":0}}
[2026-02-26T11:54:27.328196Z INFO  maelstrom::runtime] Received {"id":118,"src":"c10","dest":"n0","body":{"key":0,"type":"read","msg_id":20}}
Node  received READ for key 0
[2026-02-26T11:54:27.328503Z INFO  maelstrom::runtime] Sent {"src":"n0","dest":"c10","body":{"in_reply_to":20,"type":"read_ok","value":0}}
[2026-02-26T11:54:27.396186Z INFO  maelstrom::runtime] Received {"id":128,"src":"c11","dest":"n0","body":{"key":0,"from":1,"to":3,"type":"cas","msg_id":17}}
Node  received CAS (not implemented)
[2026-02-26T11:54:27.396636Z INFO  maelstrom::runtime] Sent {"src":"n0","dest":"c11","body":{"in_reply_to":17,"type":"cas_ok"}}
[2026-02-26T11:54:27.417166Z INFO  maelstrom::runtime] Received {"id":130,"src":"c10","dest":"n0","body":{"key":0,"type":"read","msg_id":21}}
Node  received READ for key 0
[2026-02-26T11:54:27.417524Z INFO  maelstrom::runtime] Sent {"src":"n0","dest":"c10","body":{"in_reply_to":21,"type":"read_ok","value":0}}
[2026-02-26T11:54:27.471029Z INFO  maelstrom::runtime] Received {"id":140,"src":"c10","dest":"n0","body":{"key":0,"type":"read","msg_id":22}}
Node  received READ for key 0
[2026-02-26T11:54:27.471302Z INFO  maelstrom::runtime] Sent {"src":"n0","dest":"c10","body":{"in_reply_to":22,"type":"read_ok","value":0}}
[2026-02-26T11:54:27.485381Z INFO  maelstrom::runtime] Received {"id":142,"src":"c11","dest":"n0","body":{"key":0,"from":0,"to":1,"type":"cas","msg_id":18}}
Node  received CAS (not implemented)
[2026-02-26T11:54:27.485722Z INFO  maelstrom::runtime] Sent {"src":"n0","dest":"c11","body":{"in_reply_to":18,"type":"cas_ok"}}
[2026-02-26T11:54:27.547228Z INFO  maelstrom::runtime] Received {"id":152,"src":"c10","dest":"n0","body":{"key":0,"type":"read","msg_id":23}}
Node  received READ for key 0
[2026-02-26T11:54:27.547737Z INFO  maelstrom::runtime] Sent {"src":"n0","dest":"c10","body":{"in_reply_to":23,"type":"read_ok","value":0}}
[2026-02-26T11:54:27.557824Z INFO  maelstrom::runtime] Received {"id":158,"src":"c10","dest":"n0","body":{"key":0,"type":"read","msg_id":24}}
Node  received READ for key 0
[2026-02-26T11:54:27.558102Z INFO  maelstrom::runtime] Sent {"src":"n0","dest":"c10","body":{"in_reply_to":24,"type":"read_ok","value":0}}
[2026-02-26T11:54:27.566074Z INFO  maelstrom::runtime] Received {"id":162,"src":"c10","dest":"n0","body":{"key":0,"type":"read","msg_id":25}}
Node  received READ for key 0
[2026-02-26T11:54:27.566444Z INFO  maelstrom::runtime] Sent {"src":"n0","dest":"c10","body":{"in_reply_to":25,"type":"read_ok","value":0}}
[2026-02-26T11:54:27.577023Z INFO  maelstrom::runtime] Received {"id":164,"src":"c10","dest":"n0","body":{"key":0,"type":"read","msg_id":26}}
Node  received READ for key 0
[2026-02-26T11:54:27.577312Z INFO  maelstrom::runtime] Sent {"src":"n0","dest":"c10","body":{"in_reply_to":26,"type":"read_ok","value":0}}
[2026-02-26T11:54:27.580336Z INFO  maelstrom::runtime] Received {"id":166,"src":"c11","dest":"n0","body":{"key":0,"from":1,"to":2,"type":"cas","msg_id":19}}
Node  received CAS (not implemented)
[2026-02-26T11:54:27.580727Z INFO  maelstrom::runtime] Sent {"src":"n0","dest":"c11","body":{"in_reply_to":19,"type":"cas_ok"}}
[2026-02-26T11:54:27.597149Z INFO  maelstrom::runtime] Received {"id":168,"src":"c11","dest":"n0","body":{"key":0,"value":4,"type":"write","msg_id":20}}
Node  received WRITE: 0=4
[2026-02-26T11:54:27.597676Z INFO  maelstrom::runtime] Sent {"src":"n0","dest":"c11","body":{"in_reply_to":20,"type":"write_ok"}}
[2026-02-26T11:54:27.631230Z INFO  maelstrom::runtime] Received {"id":174,"src":"c10","dest":"n0","body":{"key":0,"type":"read","msg_id":27}}
Node  received READ for key 0
[2026-02-26T11:54:27.631663Z INFO  maelstrom::runtime] Sent {"src":"n0","dest":"c10","body":{"in_reply_to":27,"type":"read_ok","value":0}}
[2026-02-26T11:54:27.645362Z INFO  maelstrom::runtime] Received {"id":176,"src":"c10","dest":"n0","body":{"key":0,"type":"read","msg_id":28}}
Node  received READ for key 0
[2026-02-26T11:54:27.645661Z INFO  maelstrom::runtime] Sent {"src":"n0","dest":"c10","body":{"in_reply_to":28,"type":"read_ok","value":0}}
[2026-02-26T11:54:27.664114Z INFO  maelstrom::runtime] Received {"id":178,"src":"c10","dest":"n0","body":{"key":0,"type":"read","msg_id":29}}
Node  received READ for key 0
[2026-02-26T11:54:27.664493Z INFO  maelstrom::runtime] Sent {"src":"n0","dest":"c10","body":{"in_reply_to":29,"type":"read_ok","value":0}}
[2026-02-26T11:54:27.693638Z INFO  maelstrom::runtime] Received {"id":182,"src":"c10","dest":"n0","body":{"key":0,"type":"read","msg_id":30}}
Node  received READ for key 0
[2026-02-26T11:54:27.694030Z INFO  maelstrom::runtime] Sent {"src":"n0","dest":"c10","body":{"in_reply_to":30,"type":"read_ok","value":0}}
[2026-02-26T11:54:27.716222Z INFO  maelstrom::runtime] Received {"id":186,"src":"c11","dest":"n0","body":{"key":0,"value":0,"type":"write","msg_id":21}}
Node  received WRITE: 0=0
[2026-02-26T11:54:27.716694Z INFO  maelstrom::runtime] Sent {"src":"n0","dest":"c11","body":{"in_reply_to":21,"type":"write_ok"}}
