Initializing with 0 nodes: ""
[2026-02-26T11:54:26.681334Z INFO  maelstrom::runtime] Received {"id":3,"src":"c3","dest":"n1","body":{"type":"init","node_id":"n1","node_ids":["n0","n1","n2","n3","n4"],"msg_id":1}}
[2026-02-26T11:54:26.683905Z INFO  maelstrom::runtime] Sent {"src":"n1","dest":"c3","body":{"in_reply_to":1,"type":"init_ok"}}
[2026-02-26T11:54:26.779234Z INFO  maelstrom::runtime] Received {"id":22,"src":"c14","dest":"n1","body":{"key":0,"value":4,"type":"write","msg_id":1}}
Node  received WRITE: 0=4
[2026-02-26T11:54:26.779629Z INFO  maelstrom::runtime] Sent {"src":"n1","dest":"c14","body":{"in_reply_to":1,"type":"write_ok"}}
[2026-02-26T11:54:26.833635Z INFO  maelstrom::runtime] Received {"id":34,"src":"c17","dest":"n1","body":{"key":0,"type":"read","msg_id":1}}
Node  received READ for key 0
[2026-02-26T11:54:26.833943Z INFO  maelstrom::runtime] Sent {"src":"n1","dest":"c17","body":{"in_reply_to":1,"type":"read_ok","value":0}}
[2026-02-26T11:54:26.977657Z INFO  maelstrom::runtime] Received {"id":56,"src":"c17","dest":"n1","body":{"key":0,"type":"read","msg_id":2}}
Node  received READ for key 0
[2026-02-26T11:54:26.978026Z INFO  maelstrom::runtime] Sent {"src":"n1","dest":"c17","body":{"in_reply_to":2,"type":"read_ok","value":0}}
[2026-02-26T11:54:27.168107Z INFO  maelstrom::runtime] Received {"id":88,"src":"c14","dest":"n1","body":{"key":0,"value":2,"type":"write","msg_id":2}}
Node  received WRITE: 0=2
[2026-02-26T11:54:27.168491Z INFO  maelstrom::runtime] Sent {"src":"n1","dest":"c14","body":{"in_reply_to":2,"type":"write_ok"}}
[2026-02-26T11:54:27.183529Z INFO  maelstrom::runtime] Received {"id":91,"src":"c17","dest":"n1","body":{"key":0,"type":"read","msg_id":3}}
Node  received READ for key 0
[2026-02-26T11:54:27.183717Z INFO  maelstrom::runtime] Sent {"src":"n1","dest":"c17","body":{"in_reply_to":3,"type":"read_ok","value":0}}
[2026-02-26T11:54:27.328638Z INFO  maelstrom::runtime] Received {"id":119,"src":"c17","dest":"n1","body":{"key":0,"type":"read","msg_id":4}}
Node  received READ for key 0
[2026-02-26T11:54:27.328843Z INFO  maelstrom::runtime] Sent {"src":"n1","dest":"c17","body":{"in_reply_to":4,"type":"read_ok","value":0}}
[2026-02-26T11:54:27.349426Z INFO  maelstrom::runtime] Received {"id":122,"src":"c17","dest":"n1","body":{"key":0,"type":"read","msg_id":5}}
Node  received READ for key 0
[2026-02-26T11:54:27.350031Z INFO  maelstrom::runtime] Sent {"src":"n1","dest":"c17","body":{"in_reply_to":5,"type":"read_ok","value":0}}
[2026-02-26T11:54:27.436972Z INFO  maelstrom::runtime] Received {"id":132,"src":"c14","dest":"n1","body":{"key":0,"value":0,"type":"write","msg_id":3}}
Node  received WRITE: 0=0
[2026-02-26T11:54:27.437281Z INFO  maelstrom::runtime] Sent {"src":"n1","dest":"c14","body":{"in_reply_to":3,"type":"write_ok"}}
[2026-02-26T11:54:27.492291Z INFO  maelstrom::runtime] Received {"id":144,"src":"c17","dest":"n1","body":{"key":0,"type":"read","msg_id":6}}
Node  received READ for key 0
[2026-02-26T11:54:27.492542Z INFO  maelstrom::runtime] Sent {"src":"n1","dest":"c17","body":{"in_reply_to":6,"type":"read_ok","value":0}}
[2026-02-26T11:54:27.550307Z INFO  maelstrom::runtime] Received {"id":154,"src":"c14","dest":"n1","body":{"key":0,"value":3,"type":"write","msg_id":4}}
Node  received WRITE: 0=3
[2026-02-26T11:54:27.550585Z INFO  maelstrom::runtime] Sent {"src":"n1","dest":"c14","body":{"in_reply_to":4,"type":"write_ok"}}
[2026-02-26T11:54:27.563827Z INFO  maelstrom::runtime] Received {"id":160,"src":"c17","dest":"n1","body":{"key":0,"type":"read","msg_id":7}}
Node  received READ for key 0
[2026-02-26T11:54:27.564116Z INFO  maelstrom::runtime] Sent {"src":"n1","dest":"c17","body":{"in_reply_to":7,"type":"read_ok","value":0}}
[2026-02-26T11:54:27.697438Z INFO  maelstrom::runtime] Received {"id":184,"src":"c17","dest":"n1","body":{"key":0,"type":"read","msg_id":8}}
Node  received READ for key 0
[2026-02-26T11:54:27.697817Z INFO  maelstrom::runtime] Sent {"src":"n1","dest":"c17","body":{"in_reply_to":8,"type":"read_ok","value":0}}
