Initializing with 0 nodes: ""
[2026-02-26T11:54:26.682705Z INFO  maelstrom::runtime] Received {"id":0,"src":"c2","dest":"n2","body":{"type":"init","node_id":"n2","node_ids":["n0","n1","n2","n3","n4"],"msg_id":1}}
[2026-02-26T11:54:26.683185Z INFO  maelstrom::runtime] Sent {"src":"n2","dest":"c2","body":{"in_reply_to":1,"type":"init_ok"}}
[2026-02-26T11:54:26.737991Z INFO  maelstrom::runtime] Received {"id":14,"src":"c12","dest":"n2","body":{"key":0,"type":"read","msg_id":1}}
Node  received READ for key 0
[2026-02-26T11:54:26.738180Z INFO  maelstrom::runtime] Sent {"src":"n2","dest":"c12","body":{"in_reply_to":1,"type":"read_ok","value":0}}
[2026-02-26T11:54:26.784471Z INFO  maelstrom::runtime] Received {"id":24,"src":"c15","dest":"n2","body":{"key":0,"value":0,"type":"write","msg_id":1}}
Node  received WRITE: 0=0
[2026-02-26T11:54:26.784813Z INFO  maelstrom::runtime] Sent {"src":"n2","dest":"c15","body":{"in_reply_to":1,"type":"write_ok"}}
[2026-02-26T11:54:26.848938Z INFO  maelstrom::runtime] Received {"id":36,"src":"c12","dest":"n2","body":{"key":0,"type":"read","msg_id":2}}
Node  received READ for key 0
[2026-02-26T11:54:26.849041Z INFO  maelstrom::runtime] Sent {"src":"n2","dest":"c12","body":{"in_reply_to":2,"type":"read_ok","value":0}}
[2026-02-26T11:54:26.903643Z INFO  maelstrom::runtime] Received {"id":46,"src":"c15","dest":"n2","body":{"key":0,"from":3,"to":1,"type":"cas","msg_id":2}}
Node  received CAS (not implemented)
[2026-02-26T11:54:26.903764Z INFO  maelstrom::runtime] Sent {"src":"n2","dest":"c15","body":{"in_reply_to":2,"type":"cas_ok"}}
[2026-02-26T11:54:26.989238Z INFO  maelstrom::runtime] Received {"id":58,"src":"c12","dest":"n2","body":{"key":0,"type":"read","msg_id":3}}
Node  received READ for key 0
[2026-02-26T11:54:26.989570Z INFO  maelstrom::runtime] Sent {"src":"n2","dest":"c12","body":{"in_reply_to":3,"type":"read_ok","value":0}}
[2026-02-26T11:54:27.051775Z INFO  maelstrom::runtime] Received {"id":68,"src":"c15","dest":"n2","body":{"key":0,"from":0,"to":0,"type":"cas","msg_id":3}}
Node  received CAS (not implemented)
[2026-02-26T11:54:27.052243Z INFO  maelstrom::runtime] Sent {"src":"n2","dest":"c15","body":{"in_reply_to":3,"type":"cas_ok"}}
[2026-02-26T11:54:27.371057Z INFO  maelstrom::runtime] Received {"id":124,"src":"c12","dest":"n2","body":{"key":0,"type":"read","msg_id":4}}
Node  received READ for key 0
[2026-02-26T11:54:27.371407Z INFO  maelstrom::runtime] Sent {"src":"n2","dest":"c12","body":{"in_reply_to":4,"type":"read_ok","value":0}}
[2026-02-26T11:54:27.449850Z INFO  maelstrom::runtime] Received {"id":134,"src":"c15","dest":"n2","body":{"key":0,"from":4,"to":3,"type":"cas","msg_id":4}}
Node  received CAS (not implemented)
[2026-02-26T11:54:27.450299Z INFO  maelstrom::runtime] Sent {"src":"n2","dest":"c15","body":{"in_reply_to":4,"type":"cas_ok"}}
[2026-02-26T11:54:27.504037Z INFO  maelstrom::runtime] Received {"id":146,"src":"c12","dest":"n2","body":{"key":0,"type":"read","msg_id":5}}
Node  received READ for key 0
[2026-02-26T11:54:27.504269Z INFO  maelstrom::runtime] Sent {"src":"n2","dest":"c12","body":{"in_reply_to":5,"type":"read_ok","value":0}}
[2026-02-26T11:54:27.555753Z INFO  maelstrom::runtime] Received {"id":156,"src":"c15","dest":"n2","body":{"key":0,"from":1,"to":0,"type":"cas","msg_id":5}}
Node  received CAS (not implemented)
[2026-02-26T11:54:27.556105Z INFO  maelstrom::runtime] Sent {"src":"n2","dest":"c15","body":{"in_reply_to":5,"type":"cas_ok"}}
