Initializing with 0 nodes: ""
[2026-02-26T11:54:26.681335Z INFO  maelstrom::runtime] Received {"id":1,"src":"c0","dest":"n4","body":{"type":"init","node_id":"n4","node_ids":["n0","n1","n2","n3","n4"],"msg_id":1}}
[2026-02-26T11:54:26.682109Z INFO  maelstrom::runtime] Sent {"src":"n4","dest":"c0","body":{"in_reply_to":1,"type":"init_ok"}}
[2026-02-26T11:54:26.762189Z INFO  maelstrom::runtime] Received {"id":18,"src":"c13","dest":"n4","body":{"key":0,"type":"read","msg_id":1}}
Node  received READ for key 0
[2026-02-26T11:54:26.762472Z INFO  maelstrom::runtime] Sent {"src":"n4","dest":"c13","body":{"in_reply_to":1,"type":"read_ok","value":0}}
[2026-02-26T11:54:26.862550Z INFO  maelstrom::runtime] Received {"id":40,"src":"c13","dest":"n4","body":{"key":0,"type":"read","msg_id":2}}
Node  received READ for key 0
[2026-02-26T11:54:26.862615Z INFO  maelstrom::runtime] Sent {"src":"n4","dest":"c13","body":{"in_reply_to":2,"type":"read_ok","value":0}}
[2026-02-26T11:54:26.938096Z INFO  maelstrom::runtime] Received {"id":50,"src":"c18","dest":"n4","body":{"key":0,"value":4,"type":"write","msg_id":1}}
Node  received WRITE: 0=4
[2026-02-26T11:54:26.938188Z INFO  maelstrom::runtime] Sent {"src":"n4","dest":"c18","body":{"in_reply_to":1,"type":"write_ok"}}
[2026-02-26T11:54:27.013147Z INFO  maelstrom::runtime] Received {"id":62,"src":"c13","dest":"n4","body":{"key":0,"type":"read","msg_id":3}}
Node  received READ for key 0
[2026-02-26T11:54:27.013325Z INFO  maelstrom::runtime] Sent {"src":"n4","dest":"c13","body":{"in_reply_to":3,"type":"read_ok","value":0}}
[2026-02-26T11:54:27.318674Z INFO  maelstrom::runtime] Received {"id":116,"src":"c18","dest":"n4","body":{"key":0,"from":1,"to":0,"type":"cas","msg_id":2}}
Node  received CAS (not implemented)
[2026-02-26T11:54:27.319361Z INFO  maelstrom::runtime] Sent {"src":"n4","dest":"c18","body":{"in_reply_to":2,"type":"cas_ok"}}
[2026-02-26T11:54:27.462123Z INFO  maelstrom::runtime] Received {"id":138,"src":"c18","dest":"n4","body":{"key":0,"from":4,"to":1,"type":"cas","msg_id":3}}
Node  received CAS (not implemented)
[2026-02-26T11:54:27.462503Z INFO  maelstrom::runtime] Sent {"src":"n4","dest":"c18","body":{"in_reply_to":3,"type":"cas_ok"}}
[2026-02-26T11:54:27.539687Z INFO  maelstrom::runtime] Received {"id":150,"src":"c13","dest":"n4","body":{"key":0,"type":"read","msg_id":4}}
Node  received READ for key 0
[2026-02-26T11:54:27.540178Z INFO  maelstrom::runtime] Sent {"src":"n4","dest":"c13","body":{"in_reply_to":4,"type":"read_ok","value":0}}
[2026-02-26T11:54:27.625213Z INFO  maelstrom::runtime] Received {"id":172,"src":"c13","dest":"n4","body":{"key":0,"type":"read","msg_id":5}}
Node  received READ for key 0
[2026-02-26T11:54:27.625504Z INFO  maelstrom::runtime] Sent {"src":"n4","dest":"c13","body":{"in_reply_to":5,"type":"read_ok","value":0}}
