2026-02-26 14:00:13,924{GMT}	INFO	[jepsen test runner] jepsen.core: Test version cae4e7ea62e897578bc7cb05acf3c5d06f2c031e (plus uncommitted changes)
2026-02-26 14:00:13,925{GMT}	INFO	[jepsen test runner] jepsen.core: Command line:
lein run test -w lin-kv --bin target/release/shim --node-count 1 --concurrency 2n --time-limit 1 --rate 100 --log-stderr
2026-02-26 14:00:14,026{GMT}	INFO	[jepsen test runner] jepsen.core: Running test:
{:args []
 :remote
 #jepsen.control.retry.Remote{:remote #jepsen.control.scp.Remote{:cmd-remote #jepsen.control.sshj.SSHJRemote{:concurrency-limit 6,
                                                                                                             :conn-spec nil,
                                                                                                             :client nil,
                                                                                                             :semaphore nil},
                                                                 :conn-spec nil},
                              :conn nil}
 :log-net-send false
 :node-count 1
 :availability nil
 :max-txn-length 4
 :concurrency 2
 :db
 #object[maelstrom.db$db$reify__16612
         "0x2102eb7a"
         "maelstrom.db$db$reify__16612@2102eb7a"]
 :max-writes-per-key 16
 :leave-db-running? false
 :name "lin-kv"
 :logging-json? false
 :start-time
 #object[org.joda.time.DateTime "0x4f3d49e4" "2026-02-26T14:00:13.907+01:00"]
 :nemesis-interval 10
 :net
 #object[maelstrom.net$jepsen_net$reify__15721
         "0x7d26b390"
         "maelstrom.net$jepsen_net$reify__15721@7d26b390"]
 :client
 #object[maelstrom.workload.lin_kv$client$reify__20973
         "0x6ff5eeed"
         "maelstrom.workload.lin_kv$client$reify__20973@6ff5eeed"]
 :barrier
 #object[java.util.concurrent.CyclicBarrier
         "0x76b49d0"
         "java.util.concurrent.CyclicBarrier@76b49d0"]
 :log-stderr true
 :pure-generators true
 :ssh {:dummy? true}
 :rate 100.0
 :checker
 #object[jepsen.checker$compose$reify__11089
         "0x223c42b0"
         "jepsen.checker$compose$reify__11089@223c42b0"]
 :argv
 ("test"
  "-w"
  "lin-kv"
  "--bin"
  "target/release/shim"
  "--node-count"
  "1"
  "--concurrency"
  "2n"
  "--time-limit"
  "1"
  "--rate"
  "100"
  "--log-stderr")
 :nemesis
 (jepsen.nemesis.ReflCompose
  {:fm {:start-partition 0,
        :stop-partition 0,
        :kill 1,
        :start 1,
        :pause 1,
        :resume 1},
   :nemeses [#unprintable "jepsen.nemesis.combined$partition_nemesis$reify__16905@6acedf54"
             #unprintable "jepsen.nemesis.combined$db_nemesis$reify__16886@2a0cc666"]})
 :nodes ["n0"]
 :test-count 1
 :latency {:mean 0, :dist :constant}
 :bin "target/release/shim"
 :generator
 #object[jepsen.util.Forgettable
         "0x3acae925"
         (jepsen.generator.TimeLimit
          {:limit 1000000000,
           :cutoff nil,
           :gen (jepsen.generator.Any
                 {:gens [(jepsen.generator.OnThreads
                          {:f #{:nemesis},
                           :context-filter #object[jepsen.generator.context$make_thread_filter$lazy_filter__12077
                                                   "0x92a584f"
                                                   "jepsen.generator.context$make_thread_filter$lazy_filter__12077@92a584f"],
                           :gen nil})
                         (jepsen.generator.OnThreads
                          {:f #jepsen.generator.context.AllBut{:element :nemesis},
                           :context-filter #object[jepsen.generator.context$make_thread_filter$lazy_filter__12077
                                                   "0x36e23af"
                                                   "jepsen.generator.context$make_thread_filter$lazy_filter__12077@36e23af"],
                           :gen (jepsen.generator.Stagger
                                 {:dt 20000000,
                                  :next-time nil,
                                  :gen (jepsen.generator.OnThreads
                                        {:f #jepsen.generator.context.AllBut{:element :nemesis},
                                         :context-filter #object[jepsen.generator.context$make_thread_filter$lazy_filter__12077
                                                                 "0x5e4a9c16"
                                                                 "jepsen.generator.context$make_thread_filter$lazy_filter__12077@5e4a9c16"],
                                         :gen (jepsen.independent.ConcurrentGenerator
                                               {:n 2,
                                                :fgen #object[jepsen.tests.linearizable_register$test$fn__17385
                                                              "0x544ee437"
                                                              "jepsen.tests.linearizable_register$test$fn__17385@544ee437"],
                                                :group->threads nil,
                                                :thread->group nil,
                                                :group->context-filter nil,
                                                :keys (0 1 2 3 4 5 6 7 ...),
                                                :gens nil})})})})]})})]
 :log-net-recv false
 :os
 #object[maelstrom.net$jepsen_os$reify__15724
         "0x7dfc0fda"
         "maelstrom.net$jepsen_os$reify__15724@7dfc0fda"]
 :time-limit 1
 :workload :lin-kv
 :consistency-models [:strict-serializable]
 :topology :grid}

2026-02-26 14:00:15,910{GMT}	INFO	[jepsen node n0] maelstrom.net: Starting Maelstrom network
2026-02-26 14:00:15,911{GMT}	INFO	[jepsen test runner] jepsen.db: Tearing down DB
2026-02-26 14:00:15,913{GMT}	INFO	[jepsen test runner] jepsen.db: Setting up DB
2026-02-26 14:00:15,918{GMT}	INFO	[jepsen node n0] maelstrom.service: Starting services: (lin-kv lin-tso lww-kv seq-kv)
2026-02-26 14:00:15,920{GMT}	INFO	[jepsen node n0] maelstrom.db: Setting up n0
2026-02-26 14:00:15,923{GMT}	INFO	[jepsen node n0] maelstrom.process: launching target/release/shim []
2026-02-26 14:00:15,952{GMT}	INFO	[n0 stderr] maelstrom.process: Initializing with 0 nodes: ""
2026-02-26 14:00:15,969{GMT}	INFO	[n0 stderr] maelstrom.process: [2026-02-26T13:00:15.969328Z INFO  maelstrom::runtime] Received {"id":0,"src":"c0","dest":"n0","body":{"type":"init","node_id":"n0","node_ids":["n0"],"msg_id":1}}
2026-02-26 14:00:15,969{GMT}	INFO	[n0 stderr] maelstrom.process: [2026-02-26T13:00:15.969580Z INFO  maelstrom::runtime] Sent {"src":"n0","dest":"c0","body":{"in_reply_to":1,"type":"init_ok"}}
2026-02-26 14:00:15,978{GMT}	INFO	[jepsen test runner] jepsen.core: Relative time begins now
2026-02-26 14:00:15,990{GMT}	INFO	[jepsen worker 0] jepsen.util: 0	:invoke	:read	[0 nil]
2026-02-26 14:00:15,991{GMT}	INFO	[n0 stderr] maelstrom.process: [2026-02-26T13:00:15.991653Z INFO  maelstrom::runtime] Received {"id":2,"src":"c2","dest":"n0","body":{"key":0,"type":"read","msg_id":1}}
2026-02-26 14:00:15,991{GMT}	INFO	[n0 stderr] maelstrom.process: Node  received READ for key 0
2026-02-26 14:00:15,992{GMT}	INFO	[n0 stderr] maelstrom.process: [2026-02-26T13:00:15.991726Z INFO  maelstrom::runtime] Sent {"src":"n0","dest":"c2","body":{"in_reply_to":1,"type":"read_ok","value":0}}
2026-02-26 14:00:15,992{GMT}	INFO	[jepsen worker 0] jepsen.util: 0	:ok	:read	[0 0]
2026-02-26 14:00:16,002{GMT}	INFO	[jepsen worker 0] jepsen.util: 0	:invoke	:read	[0 nil]
2026-02-26 14:00:16,009{GMT}	INFO	[n0 stderr] maelstrom.process: [2026-02-26T13:00:16.007849Z INFO  maelstrom::runtime] Received {"id":4,"src":"c2","dest":"n0","body":{"key":0,"type":"read","msg_id":2}}
2026-02-26 14:00:16,011{GMT}	INFO	[n0 stderr] maelstrom.process: Node  received READ for key 0
2026-02-26 14:00:16,011{GMT}	INFO	[n0 stderr] maelstrom.process: [2026-02-26T13:00:16.008432Z INFO  maelstrom::runtime] Sent {"src":"n0","dest":"c2","body":{"in_reply_to":2,"type":"read_ok","value":0}}
2026-02-26 14:00:16,011{GMT}	INFO	[jepsen worker 0] jepsen.util: 0	:ok	:read	[0 0]
2026-02-26 14:00:16,012{GMT}	INFO	[jepsen worker 0] jepsen.util: 0	:invoke	:read	[0 nil]
2026-02-26 14:00:16,015{GMT}	INFO	[n0 stderr] maelstrom.process: [2026-02-26T13:00:16.014926Z INFO  maelstrom::runtime] Received {"id":6,"src":"c2","dest":"n0","body":{"key":0,"type":"read","msg_id":3}}
2026-02-26 14:00:16,018{GMT}	INFO	[n0 stderr] maelstrom.process: Node  received READ for key 0
2026-02-26 14:00:16,019{GMT}	INFO	[jepsen worker 0] jepsen.util: 0	:ok	:read	[0 0]
2026-02-26 14:00:16,020{GMT}	INFO	[n0 stderr] maelstrom.process: [2026-02-26T13:00:16.015151Z INFO  maelstrom::runtime] Sent {"src":"n0","dest":"c2","body":{"in_reply_to":3,"type":"read_ok","value":0}}
2026-02-26 14:00:16,036{GMT}	INFO	[jepsen worker 1] jepsen.util: 1	:invoke	:cas	[0 [3 1]]
2026-02-26 14:00:16,039{GMT}	INFO	[jepsen worker 0] jepsen.util: 0	:invoke	:read	[0 nil]
2026-02-26 14:00:16,043{GMT}	INFO	[n0 stderr] maelstrom.process: [2026-02-26T13:00:16.042390Z INFO  maelstrom::runtime] Received {"id":9,"src":"c2","dest":"n0","body":{"key":0,"type":"read","msg_id":4}}
2026-02-26 14:00:16,044{GMT}	INFO	[n0 stderr] maelstrom.process: Node  received READ for key 0
2026-02-26 14:00:16,045{GMT}	INFO	[n0 stderr] maelstrom.process: [2026-02-26T13:00:16.044527Z INFO  maelstrom::runtime] Received {"id":8,"src":"c3","dest":"n0","body":{"key":0,"from":3,"to":1,"type":"cas","msg_id":1}}
2026-02-26 14:00:16,045{GMT}	INFO	[n0 stderr] maelstrom.process: [2026-02-26T13:00:16.044559Z INFO  maelstrom::runtime] Sent {"src":"n0","dest":"c2","body":{"in_reply_to":4,"type":"read_ok","value":0}}
2026-02-26 14:00:16,047{GMT}	INFO	[n0 stderr] maelstrom.process: Node  received CAS (not implemented)
2026-02-26 14:00:16,051{GMT}	INFO	[jepsen worker 0] jepsen.util: 0	:ok	:read	[0 0]
2026-02-26 14:00:16,051{GMT}	INFO	[n0 stderr] maelstrom.process: [2026-02-26T13:00:16.044947Z INFO  maelstrom::runtime] Sent {"src":"n0","dest":"c3","body":{"in_reply_to":1,"type":"cas_ok"}}
2026-02-26 14:00:16,054{GMT}	INFO	[jepsen worker 1] jepsen.util: 1	:ok	:cas	[0 [3 1]]
2026-02-26 14:00:16,057{GMT}	INFO	[jepsen worker 0] jepsen.util: 0	:invoke	:read	[0 nil]
2026-02-26 14:00:16,063{GMT}	INFO	[n0 stderr] maelstrom.process: [2026-02-26T13:00:16.062466Z INFO  maelstrom::runtime] Received {"id":12,"src":"c2","dest":"n0","body":{"key":0,"type":"read","msg_id":5}}
2026-02-26 14:00:16,065{GMT}	INFO	[n0 stderr] maelstrom.process: Node  received READ for key 0
2026-02-26 14:00:16,066{GMT}	INFO	[jepsen worker 0] jepsen.util: 0	:ok	:read	[0 0]
2026-02-26 14:00:16,066{GMT}	INFO	[n0 stderr] maelstrom.process: [2026-02-26T13:00:16.062751Z INFO  maelstrom::runtime] Sent {"src":"n0","dest":"c2","body":{"in_reply_to":5,"type":"read_ok","value":0}}
2026-02-26 14:00:16,069{GMT}	INFO	[jepsen worker 1] jepsen.util: 1	:invoke	:cas	[0 [1 4]]
2026-02-26 14:00:16,071{GMT}	INFO	[n0 stderr] maelstrom.process: [2026-02-26T13:00:16.070848Z INFO  maelstrom::runtime] Received {"id":14,"src":"c3","dest":"n0","body":{"key":0,"from":1,"to":4,"type":"cas","msg_id":2}}
2026-02-26 14:00:16,072{GMT}	INFO	[n0 stderr] maelstrom.process: Node  received CAS (not implemented)
2026-02-26 14:00:16,072{GMT}	INFO	[n0 stderr] maelstrom.process: [2026-02-26T13:00:16.071027Z INFO  maelstrom::runtime] Sent {"src":"n0","dest":"c3","body":{"in_reply_to":2,"type":"cas_ok"}}
2026-02-26 14:00:16,072{GMT}	INFO	[jepsen worker 1] jepsen.util: 1	:ok	:cas	[0 [1 4]]
2026-02-26 14:00:16,080{GMT}	INFO	[jepsen worker 0] jepsen.util: 0	:invoke	:read	[0 nil]
2026-02-26 14:00:16,081{GMT}	INFO	[n0 stderr] maelstrom.process: [2026-02-26T13:00:16.081361Z INFO  maelstrom::runtime] Received {"id":16,"src":"c2","dest":"n0","body":{"key":0,"type":"read","msg_id":6}}
2026-02-26 14:00:16,081{GMT}	INFO	[n0 stderr] maelstrom.process: Node  received READ for key 0
2026-02-26 14:00:16,081{GMT}	INFO	[n0 stderr] maelstrom.process: [2026-02-26T13:00:16.081450Z INFO  maelstrom::runtime] Sent {"src":"n0","dest":"c2","body":{"in_reply_to":6,"type":"read_ok","value":0}}
2026-02-26 14:00:16,081{GMT}	INFO	[jepsen worker 0] jepsen.util: 0	:ok	:read	[0 0]
2026-02-26 14:00:16,088{GMT}	INFO	[jepsen worker 0] jepsen.util: 0	:invoke	:read	[0 nil]
2026-02-26 14:00:16,089{GMT}	INFO	[n0 stderr] maelstrom.process: [2026-02-26T13:00:16.089247Z INFO  maelstrom::runtime] Received {"id":18,"src":"c2","dest":"n0","body":{"key":0,"type":"read","msg_id":7}}
2026-02-26 14:00:16,089{GMT}	INFO	[n0 stderr] maelstrom.process: Node  received READ for key 0
2026-02-26 14:00:16,089{GMT}	INFO	[n0 stderr] maelstrom.process: [2026-02-26T13:00:16.089337Z INFO  maelstrom::runtime] Sent {"src":"n0","dest":"c2","body":{"in_reply_to":7,"type":"read_ok","value":0}}
2026-02-26 14:00:16,089{GMT}	INFO	[jepsen worker 0] jepsen.util: 0	:ok	:read	[0 0]
2026-02-26 14:00:16,109{GMT}	INFO	[jepsen worker 0] jepsen.util: 0	:invoke	:read	[0 nil]
2026-02-26 14:00:16,114{GMT}	INFO	[n0 stderr] maelstrom.process: [2026-02-26T13:00:16.114338Z INFO  maelstrom::runtime] Received {"id":20,"src":"c2","dest":"n0","body":{"key":0,"type":"read","msg_id":8}}
2026-02-26 14:00:16,115{GMT}	INFO	[n0 stderr] maelstrom.process: Node  received READ for key 0
2026-02-26 14:00:16,115{GMT}	INFO	[n0 stderr] maelstrom.process: [2026-02-26T13:00:16.114566Z INFO  maelstrom::runtime] Sent {"src":"n0","dest":"c2","body":{"in_reply_to":8,"type":"read_ok","value":0}}
2026-02-26 14:00:16,115{GMT}	INFO	[jepsen worker 0] jepsen.util: 0	:ok	:read	[0 0]
2026-02-26 14:00:16,116{GMT}	INFO	[jepsen worker 1] jepsen.util: 1	:invoke	:cas	[0 [0 1]]
2026-02-26 14:00:16,118{GMT}	INFO	[n0 stderr] maelstrom.process: [2026-02-26T13:00:16.118177Z INFO  maelstrom::runtime] Received {"id":22,"src":"c3","dest":"n0","body":{"key":0,"from":0,"to":1,"type":"cas","msg_id":3}}
2026-02-26 14:00:16,120{GMT}	INFO	[n0 stderr] maelstrom.process: Node  received CAS (not implemented)
2026-02-26 14:00:16,120{GMT}	INFO	[jepsen worker 1] jepsen.util: 1	:ok	:cas	[0 [0 1]]
2026-02-26 14:00:16,120{GMT}	INFO	[n0 stderr] maelstrom.process: [2026-02-26T13:00:16.118423Z INFO  maelstrom::runtime] Sent {"src":"n0","dest":"c3","body":{"in_reply_to":3,"type":"cas_ok"}}
2026-02-26 14:00:16,138{GMT}	INFO	[jepsen worker 1] jepsen.util: 1	:invoke	:write	[0 2]
2026-02-26 14:00:16,145{GMT}	INFO	[n0 stderr] maelstrom.process: [2026-02-26T13:00:16.144706Z INFO  maelstrom::runtime] Received {"id":24,"src":"c3","dest":"n0","body":{"key":0,"value":2,"type":"write","msg_id":4}}
2026-02-26 14:00:16,147{GMT}	INFO	[n0 stderr] maelstrom.process: Node  received WRITE: 0=2
2026-02-26 14:00:16,148{GMT}	INFO	[jepsen worker 1] jepsen.util: 1	:ok	:write	[0 2]
2026-02-26 14:00:16,148{GMT}	INFO	[n0 stderr] maelstrom.process: [2026-02-26T13:00:16.145190Z INFO  maelstrom::runtime] Sent {"src":"n0","dest":"c3","body":{"in_reply_to":4,"type":"write_ok"}}
2026-02-26 14:00:16,155{GMT}	INFO	[jepsen worker 0] jepsen.util: 0	:invoke	:read	[0 nil]
2026-02-26 14:00:16,162{GMT}	INFO	[n0 stderr] maelstrom.process: [2026-02-26T13:00:16.161217Z INFO  maelstrom::runtime] Received {"id":26,"src":"c2","dest":"n0","body":{"key":0,"type":"read","msg_id":9}}
2026-02-26 14:00:16,164{GMT}	INFO	[n0 stderr] maelstrom.process: Node  received READ for key 0
2026-02-26 14:00:16,165{GMT}	INFO	[jepsen worker 0] jepsen.util: 0	:ok	:read	[0 0]
2026-02-26 14:00:16,166{GMT}	INFO	[n0 stderr] maelstrom.process: [2026-02-26T13:00:16.161620Z INFO  maelstrom::runtime] Sent {"src":"n0","dest":"c2","body":{"in_reply_to":9,"type":"read_ok","value":0}}
2026-02-26 14:00:16,167{GMT}	INFO	[jepsen worker 1] jepsen.util: 1	:invoke	:write	[0 0]
2026-02-26 14:00:16,171{GMT}	INFO	[n0 stderr] maelstrom.process: [2026-02-26T13:00:16.170674Z INFO  maelstrom::runtime] Received {"id":28,"src":"c3","dest":"n0","body":{"key":0,"value":0,"type":"write","msg_id":5}}
2026-02-26 14:00:16,174{GMT}	INFO	[n0 stderr] maelstrom.process: Node  received WRITE: 0=0
2026-02-26 14:00:16,174{GMT}	INFO	[jepsen worker 1] jepsen.util: 1	:ok	:write	[0 0]
2026-02-26 14:00:16,174{GMT}	INFO	[n0 stderr] maelstrom.process: [2026-02-26T13:00:16.171177Z INFO  maelstrom::runtime] Sent {"src":"n0","dest":"c3","body":{"in_reply_to":5,"type":"write_ok"}}
2026-02-26 14:00:16,185{GMT}	INFO	[jepsen worker 0] jepsen.util: 0	:invoke	:read	[0 nil]
2026-02-26 14:00:16,186{GMT}	INFO	[n0 stderr] maelstrom.process: [2026-02-26T13:00:16.186316Z INFO  maelstrom::runtime] Received {"id":30,"src":"c2","dest":"n0","body":{"key":0,"type":"read","msg_id":10}}
2026-02-26 14:00:16,186{GMT}	INFO	[n0 stderr] maelstrom.process: Node  received READ for key 0
2026-02-26 14:00:16,187{GMT}	INFO	[n0 stderr] maelstrom.process: [2026-02-26T13:00:16.186470Z INFO  maelstrom::runtime] Sent {"src":"n0","dest":"c2","body":{"in_reply_to":10,"type":"read_ok","value":0}}
2026-02-26 14:00:16,187{GMT}	INFO	[jepsen worker 0] jepsen.util: 0	:ok	:read	[0 0]
2026-02-26 14:00:16,195{GMT}	INFO	[jepsen worker 1] jepsen.util: 1	:invoke	:cas	[0 [0 1]]
2026-02-26 14:00:16,197{GMT}	INFO	[n0 stderr] maelstrom.process: [2026-02-26T13:00:16.196913Z INFO  maelstrom::runtime] Received {"id":32,"src":"c3","dest":"n0","body":{"key":0,"from":0,"to":1,"type":"cas","msg_id":6}}
2026-02-26 14:00:16,197{GMT}	INFO	[n0 stderr] maelstrom.process: Node  received CAS (not implemented)
2026-02-26 14:00:16,197{GMT}	INFO	[n0 stderr] maelstrom.process: [2026-02-26T13:00:16.197000Z INFO  maelstrom::runtime] Sent {"src":"n0","dest":"c3","body":{"in_reply_to":6,"type":"cas_ok"}}
2026-02-26 14:00:16,197{GMT}	INFO	[jepsen worker 1] jepsen.util: 1	:ok	:cas	[0 [0 1]]
2026-02-26 14:00:16,204{GMT}	INFO	[jepsen worker 0] jepsen.util: 0	:invoke	:read	[0 nil]
2026-02-26 14:00:16,205{GMT}	INFO	[n0 stderr] maelstrom.process: [2026-02-26T13:00:16.205425Z INFO  maelstrom::runtime] Received {"id":34,"src":"c2","dest":"n0","body":{"key":0,"type":"read","msg_id":11}}
2026-02-26 14:00:16,205{GMT}	INFO	[jepsen worker 1] jepsen.util: 1	:invoke	:cas	[0 [0 2]]
2026-02-26 14:00:16,205{GMT}	INFO	[n0 stderr] maelstrom.process: Node  received READ for key 0
2026-02-26 14:00:16,205{GMT}	INFO	[n0 stderr] maelstrom.process: [2026-02-26T13:00:16.205545Z INFO  maelstrom::runtime] Sent {"src":"n0","dest":"c2","body":{"in_reply_to":11,"type":"read_ok","value":0}}
2026-02-26 14:00:16,206{GMT}	INFO	[jepsen worker 0] jepsen.util: 0	:ok	:read	[0 0]
2026-02-26 14:00:16,206{GMT}	INFO	[n0 stderr] maelstrom.process: [2026-02-26T13:00:16.206056Z INFO  maelstrom::runtime] Received {"id":35,"src":"c3","dest":"n0","body":{"key":0,"from":0,"to":2,"type":"cas","msg_id":7}}
2026-02-26 14:00:16,206{GMT}	INFO	[n0 stderr] maelstrom.process: Node  received CAS (not implemented)
2026-02-26 14:00:16,206{GMT}	INFO	[n0 stderr] maelstrom.process: [2026-02-26T13:00:16.206100Z INFO  maelstrom::runtime] Sent {"src":"n0","dest":"c3","body":{"in_reply_to":7,"type":"cas_ok"}}
2026-02-26 14:00:16,206{GMT}	INFO	[jepsen worker 1] jepsen.util: 1	:ok	:cas	[0 [0 2]]
2026-02-26 14:00:16,220{GMT}	INFO	[jepsen worker 0] jepsen.util: 0	:invoke	:read	[0 nil]
2026-02-26 14:00:16,221{GMT}	INFO	[n0 stderr] maelstrom.process: [2026-02-26T13:00:16.220969Z INFO  maelstrom::runtime] Received {"id":38,"src":"c2","dest":"n0","body":{"key":0,"type":"read","msg_id":12}}
2026-02-26 14:00:16,221{GMT}	INFO	[n0 stderr] maelstrom.process: Node  received READ for key 0
2026-02-26 14:00:16,221{GMT}	INFO	[n0 stderr] maelstrom.process: [2026-02-26T13:00:16.221099Z INFO  maelstrom::runtime] Sent {"src":"n0","dest":"c2","body":{"in_reply_to":12,"type":"read_ok","value":0}}
2026-02-26 14:00:16,221{GMT}	INFO	[jepsen worker 0] jepsen.util: 0	:ok	:read	[0 0]
2026-02-26 14:00:16,231{GMT}	INFO	[jepsen worker 0] jepsen.util: 0	:invoke	:read	[0 nil]
2026-02-26 14:00:16,236{GMT}	INFO	[jepsen worker 1] jepsen.util: 1	:invoke	:cas	[0 [0 1]]
2026-02-26 14:00:16,236{GMT}	INFO	[n0 stderr] maelstrom.process: [2026-02-26T13:00:16.235103Z INFO  maelstrom::runtime] Received {"id":40,"src":"c2","dest":"n0","body":{"key":0,"type":"read","msg_id":13}}
2026-02-26 14:00:16,241{GMT}	INFO	[jepsen worker 0] jepsen.util: 0	:ok	:read	[0 0]
2026-02-26 14:00:16,243{GMT}	INFO	[n0 stderr] maelstrom.process: Node  received READ for key 0
2026-02-26 14:00:16,246{GMT}	INFO	[jepsen worker 0] jepsen.util: 0	:invoke	:read	[0 nil]
2026-02-26 14:00:16,245{GMT}	INFO	[n0 stderr] maelstrom.process: [2026-02-26T13:00:16.235722Z INFO  maelstrom::runtime] Sent {"src":"n0","dest":"c2","body":{"in_reply_to":13,"type":"read_ok","value":0}}
2026-02-26 14:00:16,248{GMT}	INFO	[n0 stderr] maelstrom.process: [2026-02-26T13:00:16.248021Z INFO  maelstrom::runtime] Received {"id":42,"src":"c3","dest":"n0","body":{"key":0,"from":0,"to":1,"type":"cas","msg_id":8}}
2026-02-26 14:00:16,249{GMT}	INFO	[n0 stderr] maelstrom.process: Node  received CAS (not implemented)
2026-02-26 14:00:16,249{GMT}	INFO	[n0 stderr] maelstrom.process: [2026-02-26T13:00:16.248467Z INFO  maelstrom::runtime] Sent {"src":"n0","dest":"c3","body":{"in_reply_to":8,"type":"cas_ok"}}
2026-02-26 14:00:16,250{GMT}	INFO	[n0 stderr] maelstrom.process: [2026-02-26T13:00:16.248888Z INFO  maelstrom::runtime] Received {"id":43,"src":"c2","dest":"n0","body":{"key":0,"type":"read","msg_id":14}}
2026-02-26 14:00:16,250{GMT}	INFO	[jepsen worker 1] jepsen.util: 1	:ok	:cas	[0 [0 1]]
2026-02-26 14:00:16,250{GMT}	INFO	[n0 stderr] maelstrom.process: Node  received READ for key 0
2026-02-26 14:00:16,251{GMT}	INFO	[n0 stderr] maelstrom.process: [2026-02-26T13:00:16.250029Z INFO  maelstrom::runtime] Sent {"src":"n0","dest":"c2","body":{"in_reply_to":14,"type":"read_ok","value":0}}
2026-02-26 14:00:16,251{GMT}	INFO	[jepsen worker 0] jepsen.util: 0	:ok	:read	[0 0]
2026-02-26 14:00:16,263{GMT}	INFO	[jepsen worker 0] jepsen.util: 0	:invoke	:read	[0 nil]
2026-02-26 14:00:16,268{GMT}	INFO	[n0 stderr] maelstrom.process: [2026-02-26T13:00:16.267481Z INFO  maelstrom::runtime] Received {"id":46,"src":"c2","dest":"n0","body":{"key":0,"type":"read","msg_id":15}}
2026-02-26 14:00:16,268{GMT}	INFO	[jepsen worker 1] jepsen.util: 1	:invoke	:cas	[0 [1 3]]
2026-02-26 14:00:16,269{GMT}	INFO	[n0 stderr] maelstrom.process: Node  received READ for key 0
2026-02-26 14:00:16,270{GMT}	INFO	[jepsen worker 0] jepsen.util: 0	:ok	:read	[0 0]
2026-02-26 14:00:16,270{GMT}	INFO	[n0 stderr] maelstrom.process: [2026-02-26T13:00:16.267821Z INFO  maelstrom::runtime] Sent {"src":"n0","dest":"c2","body":{"in_reply_to":15,"type":"read_ok","value":0}}
2026-02-26 14:00:16,270{GMT}	INFO	[n0 stderr] maelstrom.process: [2026-02-26T13:00:16.270640Z INFO  maelstrom::runtime] Received {"id":48,"src":"c3","dest":"n0","body":{"key":0,"from":1,"to":3,"type":"cas","msg_id":9}}
2026-02-26 14:00:16,271{GMT}	INFO	[n0 stderr] maelstrom.process: Node  received CAS (not implemented)
2026-02-26 14:00:16,271{GMT}	INFO	[n0 stderr] maelstrom.process: [2026-02-26T13:00:16.271013Z INFO  maelstrom::runtime] Sent {"src":"n0","dest":"c3","body":{"in_reply_to":9,"type":"cas_ok"}}
2026-02-26 14:00:16,273{GMT}	INFO	[jepsen worker 1] jepsen.util: 1	:ok	:cas	[0 [1 3]]
2026-02-26 14:00:16,287{GMT}	INFO	[jepsen worker 0] jepsen.util: 0	:invoke	:read	[0 nil]
2026-02-26 14:00:16,287{GMT}	INFO	[n0 stderr] maelstrom.process: [2026-02-26T13:00:16.287589Z INFO  maelstrom::runtime] Received {"id":50,"src":"c2","dest":"n0","body":{"key":0,"type":"read","msg_id":16}}
2026-02-26 14:00:16,287{GMT}	INFO	[n0 stderr] maelstrom.process: Node  received READ for key 0
2026-02-26 14:00:16,287{GMT}	INFO	[n0 stderr] maelstrom.process: [2026-02-26T13:00:16.287662Z INFO  maelstrom::runtime] Sent {"src":"n0","dest":"c2","body":{"in_reply_to":16,"type":"read_ok","value":0}}
2026-02-26 14:00:16,288{GMT}	INFO	[jepsen worker 0] jepsen.util: 0	:ok	:read	[0 0]
2026-02-26 14:00:16,302{GMT}	INFO	[jepsen worker 0] jepsen.util: 0	:invoke	:read	[0 nil]
2026-02-26 14:00:16,302{GMT}	INFO	[n0 stderr] maelstrom.process: [2026-02-26T13:00:16.302737Z INFO  maelstrom::runtime] Received {"id":52,"src":"c2","dest":"n0","body":{"key":0,"type":"read","msg_id":17}}
2026-02-26 14:00:16,302{GMT}	INFO	[n0 stderr] maelstrom.process: Node  received READ for key 0
2026-02-26 14:00:16,302{GMT}	INFO	[n0 stderr] maelstrom.process: [2026-02-26T13:00:16.302777Z INFO  maelstrom::runtime] Sent {"src":"n0","dest":"c2","body":{"in_reply_to":17,"type":"read_ok","value":0}}
2026-02-26 14:00:16,303{GMT}	INFO	[jepsen worker 0] jepsen.util: 0	:ok	:read	[0 0]
2026-02-26 14:00:16,307{GMT}	INFO	[jepsen worker 0] jepsen.util: 0	:invoke	:read	[0 nil]
2026-02-26 14:00:16,307{GMT}	INFO	[n0 stderr] maelstrom.process: [2026-02-26T13:00:16.307700Z INFO  maelstrom::runtime] Received {"id":54,"src":"c2","dest":"n0","body":{"key":0,"type":"read","msg_id":18}}
2026-02-26 14:00:16,307{GMT}	INFO	[n0 stderr] maelstrom.process: Node  received READ for key 0
2026-02-26 14:00:16,307{GMT}	INFO	[n0 stderr] maelstrom.process: [2026-02-26T13:00:16.307767Z INFO  maelstrom::runtime] Sent {"src":"n0","dest":"c2","body":{"in_reply_to":18,"type":"read_ok","value":0}}
2026-02-26 14:00:16,308{GMT}	INFO	[jepsen worker 0] jepsen.util: 0	:ok	:read	[0 0]
2026-02-26 14:00:16,319{GMT}	INFO	[jepsen worker 0] jepsen.util: 0	:invoke	:read	[0 nil]
2026-02-26 14:00:16,320{GMT}	INFO	[jepsen worker 1] jepsen.util: 1	:invoke	:cas	[0 [3 0]]
2026-02-26 14:00:16,320{GMT}	INFO	[n0 stderr] maelstrom.process: [2026-02-26T13:00:16.320548Z INFO  maelstrom::runtime] Received {"id":57,"src":"c3","dest":"n0","body":{"key":0,"from":3,"to":0,"type":"cas","msg_id":10}}
2026-02-26 14:00:16,320{GMT}	INFO	[n0 stderr] maelstrom.process: [2026-02-26T13:00:16.320636Z INFO  maelstrom::runtime] Received {"id":56,"src":"c2","dest":"n0","body":{"key":0,"type":"read","msg_id":19}}
2026-02-26 14:00:16,320{GMT}	INFO	[n0 stderr] maelstrom.process: Node  received CAS (not implemented)
2026-02-26 14:00:16,320{GMT}	INFO	[n0 stderr] maelstrom.process: Node  received READ for key 0
2026-02-26 14:00:16,321{GMT}	INFO	[n0 stderr] maelstrom.process: [2026-02-26T13:00:16.320687Z INFO  maelstrom::runtime] Sent {"src":"n0","dest":"c3","body":{"in_reply_to":10,"type":"cas_ok"}}
2026-02-26 14:00:16,321{GMT}	INFO	[jepsen worker 1] jepsen.util: 1	:ok	:cas	[0 [3 0]]
2026-02-26 14:00:16,321{GMT}	INFO	[n0 stderr] maelstrom.process: [2026-02-26T13:00:16.320709Z INFO  maelstrom::runtime] Sent {"src":"n0","dest":"c2","body":{"in_reply_to":19,"type":"read_ok","value":0}}
2026-02-26 14:00:16,321{GMT}	INFO	[jepsen worker 0] jepsen.util: 0	:ok	:read	[0 0]
2026-02-26 14:00:16,331{GMT}	INFO	[jepsen worker 0] jepsen.util: 0	:invoke	:read	[0 nil]
2026-02-26 14:00:16,332{GMT}	INFO	[jepsen worker 1] jepsen.util: 1	:invoke	:cas	[0 [1 4]]
2026-02-26 14:00:16,338{GMT}	INFO	[n0 stderr] maelstrom.process: [2026-02-26T13:00:16.337816Z INFO  maelstrom::runtime] Received {"id":60,"src":"c2","dest":"n0","body":{"key":0,"type":"read","msg_id":20}}
2026-02-26 14:00:16,341{GMT}	INFO	[n0 stderr] maelstrom.process: Node  received READ for key 0
2026-02-26 14:00:16,344{GMT}	INFO	[n0 stderr] maelstrom.process: [2026-02-26T13:00:16.339040Z INFO  maelstrom::runtime] Received {"id":61,"src":"c3","dest":"n0","body":{"key":0,"from":1,"to":4,"type":"cas","msg_id":11}}
2026-02-26 14:00:16,346{GMT}	INFO	[n0 stderr] maelstrom.process: [2026-02-26T13:00:16.339061Z INFO  maelstrom::runtime] Sent {"src":"n0","dest":"c2","body":{"in_reply_to":20,"type":"read_ok","value":0}}
2026-02-26 14:00:16,349{GMT}	INFO	[n0 stderr] maelstrom.process: Node  received CAS (not implemented)
2026-02-26 14:00:16,349{GMT}	INFO	[jepsen worker 0] jepsen.util: 0	:ok	:read	[0 0]
2026-02-26 14:00:16,351{GMT}	INFO	[n0 stderr] maelstrom.process: [2026-02-26T13:00:16.341641Z INFO  maelstrom::runtime] Sent {"src":"n0","dest":"c3","body":{"in_reply_to":11,"type":"cas_ok"}}
2026-02-26 14:00:16,351{GMT}	INFO	[jepsen worker 1] jepsen.util: 1	:ok	:cas	[0 [1 4]]
2026-02-26 14:00:16,355{GMT}	INFO	[jepsen worker 0] jepsen.util: 0	:invoke	:read	[0 nil]
2026-02-26 14:00:16,358{GMT}	INFO	[n0 stderr] maelstrom.process: [2026-02-26T13:00:16.358656Z INFO  maelstrom::runtime] Received {"id":64,"src":"c2","dest":"n0","body":{"key":0,"type":"read","msg_id":21}}
2026-02-26 14:00:16,360{GMT}	INFO	[n0 stderr] maelstrom.process: Node  received READ for key 0
2026-02-26 14:00:16,362{GMT}	INFO	[n0 stderr] maelstrom.process: [2026-02-26T13:00:16.358989Z INFO  maelstrom::runtime] Sent {"src":"n0","dest":"c2","body":{"in_reply_to":21,"type":"read_ok","value":0}}
2026-02-26 14:00:16,363{GMT}	INFO	[jepsen worker 0] jepsen.util: 0	:ok	:read	[0 0]
2026-02-26 14:00:16,367{GMT}	INFO	[jepsen worker 0] jepsen.util: 0	:invoke	:read	[0 nil]
2026-02-26 14:00:16,372{GMT}	INFO	[n0 stderr] maelstrom.process: [2026-02-26T13:00:16.371586Z INFO  maelstrom::runtime] Received {"id":66,"src":"c2","dest":"n0","body":{"key":0,"type":"read","msg_id":22}}
2026-02-26 14:00:16,374{GMT}	INFO	[n0 stderr] maelstrom.process: Node  received READ for key 0
2026-02-26 14:00:16,374{GMT}	INFO	[n0 stderr] maelstrom.process: [2026-02-26T13:00:16.372023Z INFO  maelstrom::runtime] Sent {"src":"n0","dest":"c2","body":{"in_reply_to":22,"type":"read_ok","value":0}}
2026-02-26 14:00:16,375{GMT}	INFO	[jepsen worker 0] jepsen.util: 0	:ok	:read	[0 0]
2026-02-26 14:00:16,381{GMT}	INFO	[jepsen worker 1] jepsen.util: 1	:invoke	:cas	[0 [1 0]]
2026-02-26 14:00:16,382{GMT}	INFO	[n0 stderr] maelstrom.process: [2026-02-26T13:00:16.382221Z INFO  maelstrom::runtime] Received {"id":68,"src":"c3","dest":"n0","body":{"key":0,"from":1,"to":0,"type":"cas","msg_id":12}}
2026-02-26 14:00:16,382{GMT}	INFO	[n0 stderr] maelstrom.process: Node  received CAS (not implemented)
2026-02-26 14:00:16,382{GMT}	INFO	[n0 stderr] maelstrom.process: [2026-02-26T13:00:16.382384Z INFO  maelstrom::runtime] Sent {"src":"n0","dest":"c3","body":{"in_reply_to":12,"type":"cas_ok"}}
2026-02-26 14:00:16,382{GMT}	INFO	[jepsen worker 1] jepsen.util: 1	:ok	:cas	[0 [1 0]]
2026-02-26 14:00:16,391{GMT}	INFO	[jepsen worker 0] jepsen.util: 0	:invoke	:read	[0 nil]
2026-02-26 14:00:16,393{GMT}	INFO	[n0 stderr] maelstrom.process: [2026-02-26T13:00:16.392873Z INFO  maelstrom::runtime] Received {"id":70,"src":"c2","dest":"n0","body":{"key":0,"type":"read","msg_id":23}}
2026-02-26 14:00:16,393{GMT}	INFO	[n0 stderr] maelstrom.process: Node  received READ for key 0
2026-02-26 14:00:16,393{GMT}	INFO	[n0 stderr] maelstrom.process: [2026-02-26T13:00:16.392994Z INFO  maelstrom::runtime] Sent {"src":"n0","dest":"c2","body":{"in_reply_to":23,"type":"read_ok","value":0}}
2026-02-26 14:00:16,393{GMT}	INFO	[jepsen worker 0] jepsen.util: 0	:ok	:read	[0 0]
2026-02-26 14:00:16,409{GMT}	INFO	[jepsen worker 1] jepsen.util: 1	:invoke	:cas	[0 [4 1]]
2026-02-26 14:00:16,411{GMT}	INFO	[n0 stderr] maelstrom.process: [2026-02-26T13:00:16.411288Z INFO  maelstrom::runtime] Received {"id":72,"src":"c3","dest":"n0","body":{"key":0,"from":4,"to":1,"type":"cas","msg_id":13}}
2026-02-26 14:00:16,412{GMT}	INFO	[n0 stderr] maelstrom.process: Node  received CAS (not implemented)
2026-02-26 14:00:16,412{GMT}	INFO	[n0 stderr] maelstrom.process: [2026-02-26T13:00:16.411701Z INFO  maelstrom::runtime] Sent {"src":"n0","dest":"c3","body":{"in_reply_to":13,"type":"cas_ok"}}
2026-02-26 14:00:16,413{GMT}	INFO	[jepsen worker 1] jepsen.util: 1	:ok	:cas	[0 [4 1]]
2026-02-26 14:00:16,423{GMT}	INFO	[jepsen worker 0] jepsen.util: 0	:invoke	:read	[0 nil]
2026-02-26 14:00:16,428{GMT}	INFO	[n0 stderr] maelstrom.process: [2026-02-26T13:00:16.427661Z INFO  maelstrom::runtime] Received {"id":74,"src":"c2","dest":"n0","body":{"key":0,"type":"read","msg_id":24}}
2026-02-26 14:00:16,430{GMT}	INFO	[n0 stderr] maelstrom.process: Node  received READ for key 0
2026-02-26 14:00:16,431{GMT}	INFO	[jepsen worker 0] jepsen.util: 0	:ok	:read	[0 0]
2026-02-26 14:00:16,431{GMT}	INFO	[n0 stderr] maelstrom.process: [2026-02-26T13:00:16.428022Z INFO  maelstrom::runtime] Sent {"src":"n0","dest":"c2","body":{"in_reply_to":24,"type":"read_ok","value":0}}
2026-02-26 14:00:16,431{GMT}	INFO	[jepsen worker 1] jepsen.util: 1	:invoke	:cas	[0 [0 4]]
2026-02-26 14:00:16,434{GMT}	INFO	[n0 stderr] maelstrom.process: [2026-02-26T13:00:16.433820Z INFO  maelstrom::runtime] Received {"id":76,"src":"c3","dest":"n0","body":{"key":0,"from":0,"to":4,"type":"cas","msg_id":14}}
2026-02-26 14:00:16,436{GMT}	INFO	[n0 stderr] maelstrom.process: Node  received CAS (not implemented)
2026-02-26 14:00:16,436{GMT}	INFO	[n0 stderr] maelstrom.process: [2026-02-26T13:00:16.433991Z INFO  maelstrom::runtime] Sent {"src":"n0","dest":"c3","body":{"in_reply_to":14,"type":"cas_ok"}}
2026-02-26 14:00:16,436{GMT}	INFO	[jepsen worker 1] jepsen.util: 1	:ok	:cas	[0 [0 4]]
2026-02-26 14:00:16,436{GMT}	INFO	[jepsen worker 0] jepsen.util: 0	:invoke	:read	[0 nil]
2026-02-26 14:00:16,438{GMT}	INFO	[n0 stderr] maelstrom.process: [2026-02-26T13:00:16.437835Z INFO  maelstrom::runtime] Received {"id":78,"src":"c2","dest":"n0","body":{"key":0,"type":"read","msg_id":25}}
2026-02-26 14:00:16,438{GMT}	INFO	[n0 stderr] maelstrom.process: Node  received READ for key 0
2026-02-26 14:00:16,438{GMT}	INFO	[n0 stderr] maelstrom.process: [2026-02-26T13:00:16.438071Z INFO  maelstrom::runtime] Sent {"src":"n0","dest":"c2","body":{"in_reply_to":25,"type":"read_ok","value":0}}
2026-02-26 14:00:16,439{GMT}	INFO	[jepsen worker 0] jepsen.util: 0	:ok	:read	[0 0]
2026-02-26 14:00:16,447{GMT}	INFO	[jepsen worker 1] jepsen.util: 1	:invoke	:cas	[0 [3 3]]
2026-02-26 14:00:16,447{GMT}	INFO	[n0 stderr] maelstrom.process: [2026-02-26T13:00:16.447848Z INFO  maelstrom::runtime] Received {"id":80,"src":"c3","dest":"n0","body":{"key":0,"from":3,"to":3,"type":"cas","msg_id":15}}
2026-02-26 14:00:16,448{GMT}	INFO	[n0 stderr] maelstrom.process: Node  received CAS (not implemented)
2026-02-26 14:00:16,448{GMT}	INFO	[n0 stderr] maelstrom.process: [2026-02-26T13:00:16.448026Z INFO  maelstrom::runtime] Sent {"src":"n0","dest":"c3","body":{"in_reply_to":15,"type":"cas_ok"}}
2026-02-26 14:00:16,448{GMT}	INFO	[jepsen worker 1] jepsen.util: 1	:ok	:cas	[0 [3 3]]
2026-02-26 14:00:16,462{GMT}	INFO	[jepsen worker 0] jepsen.util: 0	:invoke	:read	[0 nil]
2026-02-26 14:00:16,462{GMT}	INFO	[n0 stderr] maelstrom.process: [2026-02-26T13:00:16.462779Z INFO  maelstrom::runtime] Received {"id":82,"src":"c2","dest":"n0","body":{"key":0,"type":"read","msg_id":26}}
2026-02-26 14:00:16,463{GMT}	INFO	[n0 stderr] maelstrom.process: Node  received READ for key 0
2026-02-26 14:00:16,463{GMT}	INFO	[n0 stderr] maelstrom.process: [2026-02-26T13:00:16.462862Z INFO  maelstrom::runtime] Sent {"src":"n0","dest":"c2","body":{"in_reply_to":26,"type":"read_ok","value":0}}
2026-02-26 14:00:16,463{GMT}	INFO	[jepsen worker 0] jepsen.util: 0	:ok	:read	[0 0]
2026-02-26 14:00:16,466{GMT}	INFO	[jepsen worker 1] jepsen.util: 1	:invoke	:cas	[0 [2 1]]
2026-02-26 14:00:16,466{GMT}	INFO	[n0 stderr] maelstrom.process: [2026-02-26T13:00:16.466517Z INFO  maelstrom::runtime] Received {"id":84,"src":"c3","dest":"n0","body":{"key":0,"from":2,"to":1,"type":"cas","msg_id":16}}
2026-02-26 14:00:16,466{GMT}	INFO	[n0 stderr] maelstrom.process: Node  received CAS (not implemented)
2026-02-26 14:00:16,466{GMT}	INFO	[n0 stderr] maelstrom.process: [2026-02-26T13:00:16.466593Z INFO  maelstrom::runtime] Sent {"src":"n0","dest":"c3","body":{"in_reply_to":16,"type":"cas_ok"}}
2026-02-26 14:00:16,467{GMT}	INFO	[jepsen worker 1] jepsen.util: 1	:ok	:cas	[0 [2 1]]
2026-02-26 14:00:16,480{GMT}	INFO	[jepsen worker 1] jepsen.util: 1	:invoke	:cas	[0 [4 1]]
2026-02-26 14:00:16,485{GMT}	INFO	[n0 stderr] maelstrom.process: [2026-02-26T13:00:16.484509Z INFO  maelstrom::runtime] Received {"id":86,"src":"c3","dest":"n0","body":{"key":0,"from":4,"to":1,"type":"cas","msg_id":17}}
2026-02-26 14:00:16,488{GMT}	INFO	[n0 stderr] maelstrom.process: Node  received CAS (not implemented)
2026-02-26 14:00:16,488{GMT}	INFO	[n0 stderr] maelstrom.process: [2026-02-26T13:00:16.485535Z INFO  maelstrom::runtime] Sent {"src":"n0","dest":"c3","body":{"in_reply_to":17,"type":"cas_ok"}}
2026-02-26 14:00:16,488{GMT}	INFO	[jepsen worker 1] jepsen.util: 1	:ok	:cas	[0 [4 1]]
2026-02-26 14:00:16,501{GMT}	INFO	[jepsen worker 0] jepsen.util: 0	:invoke	:read	[0 nil]
2026-02-26 14:00:16,504{GMT}	INFO	[jepsen worker 1] jepsen.util: 1	:invoke	:cas	[0 [1 0]]
2026-02-26 14:00:16,506{GMT}	INFO	[n0 stderr] maelstrom.process: [2026-02-26T13:00:16.505701Z INFO  maelstrom::runtime] Received {"id":88,"src":"c2","dest":"n0","body":{"key":0,"type":"read","msg_id":27}}
2026-02-26 14:00:16,507{GMT}	INFO	[n0 stderr] maelstrom.process: Node  received READ for key 0
2026-02-26 14:00:16,507{GMT}	INFO	[n0 stderr] maelstrom.process: [2026-02-26T13:00:16.506200Z INFO  maelstrom::runtime] Sent {"src":"n0","dest":"c2","body":{"in_reply_to":27,"type":"read_ok","value":0}}
2026-02-26 14:00:16,507{GMT}	INFO	[n0 stderr] maelstrom.process: [2026-02-26T13:00:16.506933Z INFO  maelstrom::runtime] Received {"id":89,"src":"c3","dest":"n0","body":{"key":0,"from":1,"to":0,"type":"cas","msg_id":18}}
2026-02-26 14:00:16,507{GMT}	INFO	[n0 stderr] maelstrom.process: Node  received CAS (not implemented)
2026-02-26 14:00:16,508{GMT}	INFO	[n0 stderr] maelstrom.process: [2026-02-26T13:00:16.507076Z INFO  maelstrom::runtime] Sent {"src":"n0","dest":"c3","body":{"in_reply_to":18,"type":"cas_ok"}}
2026-02-26 14:00:16,508{GMT}	INFO	[jepsen worker 0] jepsen.util: 0	:ok	:read	[0 0]
2026-02-26 14:00:16,508{GMT}	INFO	[jepsen worker 1] jepsen.util: 1	:ok	:cas	[0 [1 0]]
2026-02-26 14:00:16,509{GMT}	INFO	[jepsen worker 0] jepsen.util: 0	:invoke	:read	[0 nil]
2026-02-26 14:00:16,511{GMT}	INFO	[n0 stderr] maelstrom.process: [2026-02-26T13:00:16.510844Z INFO  maelstrom::runtime] Received {"id":92,"src":"c2","dest":"n0","body":{"key":0,"type":"read","msg_id":28}}
2026-02-26 14:00:16,511{GMT}	INFO	[n0 stderr] maelstrom.process: Node  received READ for key 0
2026-02-26 14:00:16,512{GMT}	INFO	[n0 stderr] maelstrom.process: [2026-02-26T13:00:16.510956Z INFO  maelstrom::runtime] Sent {"src":"n0","dest":"c2","body":{"in_reply_to":28,"type":"read_ok","value":0}}
2026-02-26 14:00:16,513{GMT}	INFO	[jepsen worker 0] jepsen.util: 0	:ok	:read	[0 0]
2026-02-26 14:00:16,530{GMT}	INFO	[jepsen worker 0] jepsen.util: 0	:invoke	:read	[0 nil]
2026-02-26 14:00:16,532{GMT}	INFO	[n0 stderr] maelstrom.process: [2026-02-26T13:00:16.532522Z INFO  maelstrom::runtime] Received {"id":94,"src":"c2","dest":"n0","body":{"key":0,"type":"read","msg_id":29}}
2026-02-26 14:00:16,533{GMT}	INFO	[n0 stderr] maelstrom.process: Node  received READ for key 0
2026-02-26 14:00:16,533{GMT}	INFO	[n0 stderr] maelstrom.process: [2026-02-26T13:00:16.532655Z INFO  maelstrom::runtime] Sent {"src":"n0","dest":"c2","body":{"in_reply_to":29,"type":"read_ok","value":0}}
2026-02-26 14:00:16,533{GMT}	INFO	[jepsen worker 0] jepsen.util: 0	:ok	:read	[0 0]
2026-02-26 14:00:16,538{GMT}	INFO	[jepsen worker 0] jepsen.util: 0	:invoke	:read	[0 nil]
2026-02-26 14:00:16,539{GMT}	INFO	[n0 stderr] maelstrom.process: [2026-02-26T13:00:16.539024Z INFO  maelstrom::runtime] Received {"id":96,"src":"c2","dest":"n0","body":{"key":0,"type":"read","msg_id":30}}
2026-02-26 14:00:16,539{GMT}	INFO	[n0 stderr] maelstrom.process: Node  received READ for key 0
2026-02-26 14:00:16,539{GMT}	INFO	[n0 stderr] maelstrom.process: [2026-02-26T13:00:16.539154Z INFO  maelstrom::runtime] Sent {"src":"n0","dest":"c2","body":{"in_reply_to":30,"type":"read_ok","value":0}}
2026-02-26 14:00:16,539{GMT}	INFO	[jepsen worker 0] jepsen.util: 0	:ok	:read	[0 0]
2026-02-26 14:00:16,550{GMT}	INFO	[jepsen worker 1] jepsen.util: 1	:invoke	:write	[0 0]
2026-02-26 14:00:16,551{GMT}	INFO	[n0 stderr] maelstrom.process: [2026-02-26T13:00:16.551583Z INFO  maelstrom::runtime] Received {"id":98,"src":"c3","dest":"n0","body":{"key":0,"value":0,"type":"write","msg_id":19}}
2026-02-26 14:00:16,552{GMT}	INFO	[n0 stderr] maelstrom.process: Node  received WRITE: 0=0
2026-02-26 14:00:16,552{GMT}	INFO	[n0 stderr] maelstrom.process: [2026-02-26T13:00:16.551754Z INFO  maelstrom::runtime] Sent {"src":"n0","dest":"c3","body":{"in_reply_to":19,"type":"write_ok"}}
2026-02-26 14:00:16,552{GMT}	INFO	[jepsen worker 1] jepsen.util: 1	:ok	:write	[0 0]
2026-02-26 14:00:16,564{GMT}	INFO	[jepsen worker 0] jepsen.util: 0	:invoke	:read	[0 nil]
2026-02-26 14:00:16,565{GMT}	INFO	[n0 stderr] maelstrom.process: [2026-02-26T13:00:16.564913Z INFO  maelstrom::runtime] Received {"id":100,"src":"c2","dest":"n0","body":{"key":0,"type":"read","msg_id":31}}
2026-02-26 14:00:16,565{GMT}	INFO	[n0 stderr] maelstrom.process: Node  received READ for key 0
2026-02-26 14:00:16,565{GMT}	INFO	[n0 stderr] maelstrom.process: [2026-02-26T13:00:16.565026Z INFO  maelstrom::runtime] Sent {"src":"n0","dest":"c2","body":{"in_reply_to":31,"type":"read_ok","value":0}}
2026-02-26 14:00:16,565{GMT}	INFO	[jepsen worker 0] jepsen.util: 0	:ok	:read	[0 0]
2026-02-26 14:00:16,574{GMT}	INFO	[jepsen worker 0] jepsen.util: 0	:invoke	:read	[0 nil]
2026-02-26 14:00:16,580{GMT}	INFO	[n0 stderr] maelstrom.process: [2026-02-26T13:00:16.580212Z INFO  maelstrom::runtime] Received {"id":102,"src":"c2","dest":"n0","body":{"key":0,"type":"read","msg_id":32}}
2026-02-26 14:00:16,581{GMT}	INFO	[n0 stderr] maelstrom.process: Node  received READ for key 0
2026-02-26 14:00:16,581{GMT}	INFO	[n0 stderr] maelstrom.process: [2026-02-26T13:00:16.580448Z INFO  maelstrom::runtime] Sent {"src":"n0","dest":"c2","body":{"in_reply_to":32,"type":"read_ok","value":0}}
2026-02-26 14:00:16,581{GMT}	INFO	[jepsen worker 0] jepsen.util: 0	:ok	:read	[0 0]
2026-02-26 14:00:16,589{GMT}	INFO	[jepsen worker 1] jepsen.util: 1	:invoke	:cas	[0 [3 4]]
2026-02-26 14:00:16,592{GMT}	INFO	[jepsen worker 0] jepsen.util: 0	:invoke	:read	[0 nil]
2026-02-26 14:00:16,595{GMT}	INFO	[n0 stderr] maelstrom.process: [2026-02-26T13:00:16.594689Z INFO  maelstrom::runtime] Received {"id":104,"src":"c3","dest":"n0","body":{"key":0,"from":3,"to":4,"type":"cas","msg_id":20}}
2026-02-26 14:00:16,600{GMT}	INFO	[n0 stderr] maelstrom.process: Node  received CAS (not implemented)
2026-02-26 14:00:16,604{GMT}	INFO	[n0 stderr] maelstrom.process: [2026-02-26T13:00:16.598201Z INFO  maelstrom::runtime] Sent {"src":"n0","dest":"c3","body":{"in_reply_to":20,"type":"cas_ok"}}
2026-02-26 14:00:16,606{GMT}	INFO	[n0 stderr] maelstrom.process: [2026-02-26T13:00:16.598536Z INFO  maelstrom::runtime] Received {"id":105,"src":"c2","dest":"n0","body":{"key":0,"type":"read","msg_id":33}}
2026-02-26 14:00:16,608{GMT}	INFO	[n0 stderr] maelstrom.process: Node  received READ for key 0
2026-02-26 14:00:16,608{GMT}	INFO	[n0 stderr] maelstrom.process: [2026-02-26T13:00:16.598960Z INFO  maelstrom::runtime] Sent {"src":"n0","dest":"c2","body":{"in_reply_to":33,"type":"read_ok","value":0}}
2026-02-26 14:00:16,609{GMT}	INFO	[jepsen worker 1] jepsen.util: 1	:ok	:cas	[0 [3 4]]
2026-02-26 14:00:16,617{GMT}	INFO	[jepsen worker 1] jepsen.util: 1	:invoke	:write	[0 1]
2026-02-26 14:00:16,617{GMT}	INFO	[jepsen worker 0] jepsen.util: 0	:ok	:read	[0 0]
2026-02-26 14:00:16,623{GMT}	INFO	[n0 stderr] maelstrom.process: [2026-02-26T13:00:16.621133Z INFO  maelstrom::runtime] Received {"id":108,"src":"c3","dest":"n0","body":{"key":0,"value":1,"type":"write","msg_id":21}}
2026-02-26 14:00:16,626{GMT}	INFO	[n0 stderr] maelstrom.process: Node  received WRITE: 0=1
2026-02-26 14:00:16,627{GMT}	INFO	[jepsen worker 1] jepsen.util: 1	:ok	:write	[0 1]
2026-02-26 14:00:16,630{GMT}	INFO	[n0 stderr] maelstrom.process: [2026-02-26T13:00:16.623045Z INFO  maelstrom::runtime] Sent {"src":"n0","dest":"c3","body":{"in_reply_to":21,"type":"write_ok"}}
2026-02-26 14:00:16,638{GMT}	INFO	[jepsen worker 1] jepsen.util: 1	:invoke	:write	[0 1]
2026-02-26 14:00:16,648{GMT}	INFO	[jepsen worker 0] jepsen.util: 0	:invoke	:read	[0 nil]
2026-02-26 14:00:16,648{GMT}	INFO	[n0 stderr] maelstrom.process: [2026-02-26T13:00:16.646642Z INFO  maelstrom::runtime] Received {"id":110,"src":"c3","dest":"n0","body":{"key":0,"value":1,"type":"write","msg_id":22}}
2026-02-26 14:00:16,649{GMT}	INFO	[n0 stderr] maelstrom.process: Node  received WRITE: 0=1
2026-02-26 14:00:16,649{GMT}	INFO	[n0 stderr] maelstrom.process: [2026-02-26T13:00:16.647026Z INFO  maelstrom::runtime] Sent {"src":"n0","dest":"c3","body":{"in_reply_to":22,"type":"write_ok"}}
2026-02-26 14:00:16,650{GMT}	INFO	[n0 stderr] maelstrom.process: [2026-02-26T13:00:16.649968Z INFO  maelstrom::runtime] Received {"id":112,"src":"c2","dest":"n0","body":{"key":0,"type":"read","msg_id":34}}
2026-02-26 14:00:16,650{GMT}	INFO	[jepsen worker 1] jepsen.util: 1	:ok	:write	[0 1]
2026-02-26 14:00:16,650{GMT}	INFO	[n0 stderr] maelstrom.process: Node  received READ for key 0
2026-02-26 14:00:16,650{GMT}	INFO	[n0 stderr] maelstrom.process: [2026-02-26T13:00:16.650057Z INFO  maelstrom::runtime] Sent {"src":"n0","dest":"c2","body":{"in_reply_to":34,"type":"read_ok","value":0}}
2026-02-26 14:00:16,650{GMT}	INFO	[jepsen worker 0] jepsen.util: 0	:ok	:read	[0 0]
2026-02-26 14:00:16,660{GMT}	INFO	[jepsen worker 0] jepsen.util: 0	:invoke	:read	[0 nil]
2026-02-26 14:00:16,660{GMT}	INFO	[n0 stderr] maelstrom.process: [2026-02-26T13:00:16.660806Z INFO  maelstrom::runtime] Received {"id":114,"src":"c2","dest":"n0","body":{"key":0,"type":"read","msg_id":35}}
2026-02-26 14:00:16,661{GMT}	INFO	[n0 stderr] maelstrom.process: Node  received READ for key 0
2026-02-26 14:00:16,661{GMT}	INFO	[n0 stderr] maelstrom.process: [2026-02-26T13:00:16.660882Z INFO  maelstrom::runtime] Sent {"src":"n0","dest":"c2","body":{"in_reply_to":35,"type":"read_ok","value":0}}
2026-02-26 14:00:16,661{GMT}	INFO	[jepsen worker 0] jepsen.util: 0	:ok	:read	[0 0]
2026-02-26 14:00:16,670{GMT}	INFO	[jepsen worker 1] jepsen.util: 1	:invoke	:cas	[0 [2 1]]
2026-02-26 14:00:16,671{GMT}	INFO	[n0 stderr] maelstrom.process: [2026-02-26T13:00:16.671441Z INFO  maelstrom::runtime] Received {"id":116,"src":"c3","dest":"n0","body":{"key":0,"from":2,"to":1,"type":"cas","msg_id":23}}
2026-02-26 14:00:16,671{GMT}	INFO	[n0 stderr] maelstrom.process: Node  received CAS (not implemented)
2026-02-26 14:00:16,671{GMT}	INFO	[n0 stderr] maelstrom.process: [2026-02-26T13:00:16.671510Z INFO  maelstrom::runtime] Sent {"src":"n0","dest":"c3","body":{"in_reply_to":23,"type":"cas_ok"}}
2026-02-26 14:00:16,671{GMT}	INFO	[jepsen worker 1] jepsen.util: 1	:ok	:cas	[0 [2 1]]
2026-02-26 14:00:16,686{GMT}	INFO	[jepsen worker 1] jepsen.util: 1	:invoke	:write	[0 2]
2026-02-26 14:00:16,690{GMT}	INFO	[n0 stderr] maelstrom.process: [2026-02-26T13:00:16.689353Z INFO  maelstrom::runtime] Received {"id":118,"src":"c3","dest":"n0","body":{"key":0,"value":2,"type":"write","msg_id":24}}
2026-02-26 14:00:16,691{GMT}	INFO	[n0 stderr] maelstrom.process: Node  received WRITE: 0=2
2026-02-26 14:00:16,692{GMT}	INFO	[jepsen worker 1] jepsen.util: 1	:ok	:write	[0 2]
2026-02-26 14:00:16,692{GMT}	INFO	[n0 stderr] maelstrom.process: [2026-02-26T13:00:16.689607Z INFO  maelstrom::runtime] Sent {"src":"n0","dest":"c3","body":{"in_reply_to":24,"type":"write_ok"}}
2026-02-26 14:00:16,704{GMT}	INFO	[jepsen worker 1] jepsen.util: 1	:invoke	:write	[0 2]
2026-02-26 14:00:16,705{GMT}	INFO	[jepsen worker 0] jepsen.util: 0	:invoke	:read	[0 nil]
2026-02-26 14:00:16,707{GMT}	INFO	[n0 stderr] maelstrom.process: [2026-02-26T13:00:16.706748Z INFO  maelstrom::runtime] Received {"id":120,"src":"c3","dest":"n0","body":{"key":0,"value":2,"type":"write","msg_id":25}}
2026-02-26 14:00:16,708{GMT}	INFO	[n0 stderr] maelstrom.process: [2026-02-26T13:00:16.706941Z INFO  maelstrom::runtime] Received {"id":121,"src":"c2","dest":"n0","body":{"key":0,"type":"read","msg_id":36}}
2026-02-26 14:00:16,709{GMT}	INFO	[jepsen worker 1] jepsen.util: 1	:ok	:write	[0 2]
2026-02-26 14:00:16,709{GMT}	INFO	[n0 stderr] maelstrom.process: Node  received WRITE: 0=2
2026-02-26 14:00:16,709{GMT}	INFO	[n0 stderr] maelstrom.process: Node  received READ for key 0
2026-02-26 14:00:16,710{GMT}	INFO	[n0 stderr] maelstrom.process: [2026-02-26T13:00:16.707115Z INFO  maelstrom::runtime] Sent {"src":"n0","dest":"c3","body":{"in_reply_to":25,"type":"write_ok"}}
2026-02-26 14:00:16,710{GMT}	INFO	[n0 stderr] maelstrom.process: [2026-02-26T13:00:16.707360Z INFO  maelstrom::runtime] Sent {"src":"n0","dest":"c2","body":{"in_reply_to":36,"type":"read_ok","value":0}}
2026-02-26 14:00:16,710{GMT}	INFO	[jepsen worker 0] jepsen.util: 0	:ok	:read	[0 0]
2026-02-26 14:00:16,723{GMT}	INFO	[jepsen worker 0] jepsen.util: 0	:invoke	:read	[0 nil]
2026-02-26 14:00:16,725{GMT}	INFO	[n0 stderr] maelstrom.process: [2026-02-26T13:00:16.725546Z INFO  maelstrom::runtime] Received {"id":124,"src":"c2","dest":"n0","body":{"key":0,"type":"read","msg_id":37}}
2026-02-26 14:00:16,726{GMT}	INFO	[jepsen worker 0] jepsen.util: 0	:ok	:read	[0 0]
2026-02-26 14:00:16,726{GMT}	INFO	[n0 stderr] maelstrom.process: Node  received READ for key 0
2026-02-26 14:00:16,726{GMT}	INFO	[n0 stderr] maelstrom.process: [2026-02-26T13:00:16.725844Z INFO  maelstrom::runtime] Sent {"src":"n0","dest":"c2","body":{"in_reply_to":37,"type":"read_ok","value":0}}
2026-02-26 14:00:16,741{GMT}	INFO	[jepsen worker 1] jepsen.util: 1	:invoke	:write	[0 1]
2026-02-26 14:00:16,742{GMT}	INFO	[n0 stderr] maelstrom.process: [2026-02-26T13:00:16.742292Z INFO  maelstrom::runtime] Received {"id":126,"src":"c3","dest":"n0","body":{"key":0,"value":1,"type":"write","msg_id":26}}
2026-02-26 14:00:16,742{GMT}	INFO	[n0 stderr] maelstrom.process: Node  received WRITE: 0=1
2026-02-26 14:00:16,742{GMT}	INFO	[n0 stderr] maelstrom.process: [2026-02-26T13:00:16.742408Z INFO  maelstrom::runtime] Sent {"src":"n0","dest":"c3","body":{"in_reply_to":26,"type":"write_ok"}}
2026-02-26 14:00:16,742{GMT}	INFO	[jepsen worker 1] jepsen.util: 1	:ok	:write	[0 1]
2026-02-26 14:00:16,754{GMT}	INFO	[jepsen worker 0] jepsen.util: 0	:invoke	:read	[0 nil]
2026-02-26 14:00:16,758{GMT}	INFO	[n0 stderr] maelstrom.process: [2026-02-26T13:00:16.758076Z INFO  maelstrom::runtime] Received {"id":128,"src":"c2","dest":"n0","body":{"key":0,"type":"read","msg_id":38}}
2026-02-26 14:00:16,760{GMT}	INFO	[n0 stderr] maelstrom.process: Node  received READ for key 0
2026-02-26 14:00:16,761{GMT}	INFO	[n0 stderr] maelstrom.process: [2026-02-26T13:00:16.758397Z INFO  maelstrom::runtime] Sent {"src":"n0","dest":"c2","body":{"in_reply_to":38,"type":"read_ok","value":0}}
2026-02-26 14:00:16,761{GMT}	INFO	[jepsen worker 0] jepsen.util: 0	:ok	:read	[0 0]
2026-02-26 14:00:16,774{GMT}	INFO	[jepsen worker 1] jepsen.util: 1	:invoke	:cas	[0 [0 0]]
2026-02-26 14:00:16,780{GMT}	INFO	[n0 stderr] maelstrom.process: [2026-02-26T13:00:16.779749Z INFO  maelstrom::runtime] Received {"id":130,"src":"c3","dest":"n0","body":{"key":0,"from":0,"to":0,"type":"cas","msg_id":27}}
2026-02-26 14:00:16,782{GMT}	INFO	[n0 stderr] maelstrom.process: Node  received CAS (not implemented)
2026-02-26 14:00:16,784{GMT}	INFO	[n0 stderr] maelstrom.process: [2026-02-26T13:00:16.780145Z INFO  maelstrom::runtime] Sent {"src":"n0","dest":"c3","body":{"in_reply_to":27,"type":"cas_ok"}}
2026-02-26 14:00:16,784{GMT}	INFO	[jepsen worker 0] jepsen.util: 0	:invoke	:read	[0 nil]
2026-02-26 14:00:16,784{GMT}	INFO	[jepsen worker 1] jepsen.util: 1	:ok	:cas	[0 [0 0]]
2026-02-26 14:00:16,787{GMT}	INFO	[n0 stderr] maelstrom.process: [2026-02-26T13:00:16.787159Z INFO  maelstrom::runtime] Received {"id":132,"src":"c2","dest":"n0","body":{"key":0,"type":"read","msg_id":39}}
2026-02-26 14:00:16,788{GMT}	INFO	[n0 stderr] maelstrom.process: Node  received READ for key 0
2026-02-26 14:00:16,789{GMT}	INFO	[n0 stderr] maelstrom.process: [2026-02-26T13:00:16.787514Z INFO  maelstrom::runtime] Sent {"src":"n0","dest":"c2","body":{"in_reply_to":39,"type":"read_ok","value":0}}
2026-02-26 14:00:16,789{GMT}	INFO	[jepsen worker 0] jepsen.util: 0	:ok	:read	[0 0]
2026-02-26 14:00:16,794{GMT}	INFO	[jepsen worker 0] jepsen.util: 0	:invoke	:read	[0 nil]
2026-02-26 14:00:16,796{GMT}	INFO	[n0 stderr] maelstrom.process: [2026-02-26T13:00:16.796029Z INFO  maelstrom::runtime] Received {"id":134,"src":"c2","dest":"n0","body":{"key":0,"type":"read","msg_id":40}}
2026-02-26 14:00:16,796{GMT}	INFO	[n0 stderr] maelstrom.process: Node  received READ for key 0
2026-02-26 14:00:16,796{GMT}	INFO	[n0 stderr] maelstrom.process: [2026-02-26T13:00:16.796132Z INFO  maelstrom::runtime] Sent {"src":"n0","dest":"c2","body":{"in_reply_to":40,"type":"read_ok","value":0}}
2026-02-26 14:00:16,796{GMT}	INFO	[jepsen worker 0] jepsen.util: 0	:ok	:read	[0 0]
2026-02-26 14:00:16,797{GMT}	INFO	[jepsen worker 0] jepsen.util: 0	:invoke	:read	[0 nil]
2026-02-26 14:00:16,797{GMT}	INFO	[n0 stderr] maelstrom.process: [2026-02-26T13:00:16.797922Z INFO  maelstrom::runtime] Received {"id":136,"src":"c2","dest":"n0","body":{"key":0,"type":"read","msg_id":41}}
2026-02-26 14:00:16,798{GMT}	INFO	[n0 stderr] maelstrom.process: Node  received READ for key 0
2026-02-26 14:00:16,798{GMT}	INFO	[n0 stderr] maelstrom.process: [2026-02-26T13:00:16.798020Z INFO  maelstrom::runtime] Sent {"src":"n0","dest":"c2","body":{"in_reply_to":41,"type":"read_ok","value":0}}
2026-02-26 14:00:16,798{GMT}	INFO	[jepsen worker 0] jepsen.util: 0	:ok	:read	[0 0]
2026-02-26 14:00:16,813{GMT}	INFO	[jepsen worker 1] jepsen.util: 1	:invoke	:cas	[0 [1 4]]
2026-02-26 14:00:16,814{GMT}	INFO	[n0 stderr] maelstrom.process: [2026-02-26T13:00:16.814177Z INFO  maelstrom::runtime] Received {"id":138,"src":"c3","dest":"n0","body":{"key":0,"from":1,"to":4,"type":"cas","msg_id":28}}
2026-02-26 14:00:16,814{GMT}	INFO	[n0 stderr] maelstrom.process: Node  received CAS (not implemented)
2026-02-26 14:00:16,814{GMT}	INFO	[n0 stderr] maelstrom.process: [2026-02-26T13:00:16.814318Z INFO  maelstrom::runtime] Sent {"src":"n0","dest":"c3","body":{"in_reply_to":28,"type":"cas_ok"}}
2026-02-26 14:00:16,814{GMT}	INFO	[jepsen worker 1] jepsen.util: 1	:ok	:cas	[0 [1 4]]
2026-02-26 14:00:16,817{GMT}	INFO	[jepsen worker 1] jepsen.util: 1	:invoke	:cas	[0 [0 4]]
2026-02-26 14:00:16,818{GMT}	INFO	[jepsen worker 0] jepsen.util: 0	:invoke	:read	[0 nil]
2026-02-26 14:00:16,818{GMT}	INFO	[n0 stderr] maelstrom.process: [2026-02-26T13:00:16.818093Z INFO  maelstrom::runtime] Received {"id":140,"src":"c3","dest":"n0","body":{"key":0,"from":0,"to":4,"type":"cas","msg_id":29}}
2026-02-26 14:00:16,818{GMT}	INFO	[n0 stderr] maelstrom.process: Node  received CAS (not implemented)
2026-02-26 14:00:16,818{GMT}	INFO	[n0 stderr] maelstrom.process: [2026-02-26T13:00:16.818169Z INFO  maelstrom::runtime] Sent {"src":"n0","dest":"c3","body":{"in_reply_to":29,"type":"cas_ok"}}
2026-02-26 14:00:16,818{GMT}	INFO	[jepsen worker 1] jepsen.util: 1	:ok	:cas	[0 [0 4]]
2026-02-26 14:00:16,818{GMT}	INFO	[n0 stderr] maelstrom.process: [2026-02-26T13:00:16.818470Z INFO  maelstrom::runtime] Received {"id":141,"src":"c2","dest":"n0","body":{"key":0,"type":"read","msg_id":42}}
2026-02-26 14:00:16,818{GMT}	INFO	[n0 stderr] maelstrom.process: Node  received READ for key 0
2026-02-26 14:00:16,818{GMT}	INFO	[n0 stderr] maelstrom.process: [2026-02-26T13:00:16.818525Z INFO  maelstrom::runtime] Sent {"src":"n0","dest":"c2","body":{"in_reply_to":42,"type":"read_ok","value":0}}
2026-02-26 14:00:16,818{GMT}	INFO	[jepsen worker 0] jepsen.util: 0	:ok	:read	[0 0]
2026-02-26 14:00:16,826{GMT}	INFO	[jepsen worker 1] jepsen.util: 1	:invoke	:write	[0 2]
2026-02-26 14:00:16,830{GMT}	INFO	[n0 stderr] maelstrom.process: [2026-02-26T13:00:16.829931Z INFO  maelstrom::runtime] Received {"id":144,"src":"c3","dest":"n0","body":{"key":0,"value":2,"type":"write","msg_id":30}}
2026-02-26 14:00:16,831{GMT}	INFO	[n0 stderr] maelstrom.process: Node  received WRITE: 0=2
2026-02-26 14:00:16,831{GMT}	INFO	[n0 stderr] maelstrom.process: [2026-02-26T13:00:16.830301Z INFO  maelstrom::runtime] Sent {"src":"n0","dest":"c3","body":{"in_reply_to":30,"type":"write_ok"}}
2026-02-26 14:00:16,831{GMT}	INFO	[jepsen worker 1] jepsen.util: 1	:ok	:write	[0 2]
2026-02-26 14:00:16,843{GMT}	INFO	[jepsen worker 1] jepsen.util: 1	:invoke	:cas	[0 [1 0]]
2026-02-26 14:00:16,846{GMT}	INFO	[n0 stderr] maelstrom.process: [2026-02-26T13:00:16.846104Z INFO  maelstrom::runtime] Received {"id":146,"src":"c3","dest":"n0","body":{"key":0,"from":1,"to":0,"type":"cas","msg_id":31}}
2026-02-26 14:00:16,846{GMT}	INFO	[jepsen worker 0] jepsen.util: 0	:invoke	:read	[0 nil]
2026-02-26 14:00:16,847{GMT}	INFO	[n0 stderr] maelstrom.process: Node  received CAS (not implemented)
2026-02-26 14:00:16,847{GMT}	INFO	[n0 stderr] maelstrom.process: [2026-02-26T13:00:16.846264Z INFO  maelstrom::runtime] Sent {"src":"n0","dest":"c3","body":{"in_reply_to":31,"type":"cas_ok"}}
2026-02-26 14:00:16,849{GMT}	INFO	[n0 stderr] maelstrom.process: [2026-02-26T13:00:16.848720Z INFO  maelstrom::runtime] Received {"id":148,"src":"c2","dest":"n0","body":{"key":0,"type":"read","msg_id":43}}
2026-02-26 14:00:16,849{GMT}	INFO	[jepsen worker 1] jepsen.util: 1	:ok	:cas	[0 [1 0]]
2026-02-26 14:00:16,850{GMT}	INFO	[n0 stderr] maelstrom.process: Node  received READ for key 0
2026-02-26 14:00:16,851{GMT}	INFO	[n0 stderr] maelstrom.process: [2026-02-26T13:00:16.849601Z INFO  maelstrom::runtime] Sent {"src":"n0","dest":"c2","body":{"in_reply_to":43,"type":"read_ok","value":0}}
2026-02-26 14:00:16,853{GMT}	INFO	[jepsen worker 0] jepsen.util: 0	:ok	:read	[0 0]
2026-02-26 14:00:16,865{GMT}	INFO	[jepsen worker 1] jepsen.util: 1	:invoke	:cas	[0 [0 2]]
2026-02-26 14:00:16,866{GMT}	INFO	[n0 stderr] maelstrom.process: [2026-02-26T13:00:16.866144Z INFO  maelstrom::runtime] Received {"id":150,"src":"c3","dest":"n0","body":{"key":0,"from":0,"to":2,"type":"cas","msg_id":32}}
2026-02-26 14:00:16,866{GMT}	INFO	[n0 stderr] maelstrom.process: Node  received CAS (not implemented)
2026-02-26 14:00:16,866{GMT}	INFO	[n0 stderr] maelstrom.process: [2026-02-26T13:00:16.866336Z INFO  maelstrom::runtime] Sent {"src":"n0","dest":"c3","body":{"in_reply_to":32,"type":"cas_ok"}}
2026-02-26 14:00:16,867{GMT}	INFO	[jepsen worker 1] jepsen.util: 1	:ok	:cas	[0 [0 2]]
2026-02-26 14:00:16,884{GMT}	INFO	[jepsen worker 1] jepsen.util: 1	:invoke	:cas	[0 [4 4]]
2026-02-26 14:00:16,885{GMT}	INFO	[n0 stderr] maelstrom.process: [2026-02-26T13:00:16.885001Z INFO  maelstrom::runtime] Received {"id":152,"src":"c3","dest":"n0","body":{"key":0,"from":4,"to":4,"type":"cas","msg_id":33}}
2026-02-26 14:00:16,885{GMT}	INFO	[n0 stderr] maelstrom.process: Node  received CAS (not implemented)
2026-02-26 14:00:16,885{GMT}	INFO	[n0 stderr] maelstrom.process: [2026-02-26T13:00:16.885155Z INFO  maelstrom::runtime] Sent {"src":"n0","dest":"c3","body":{"in_reply_to":33,"type":"cas_ok"}}
2026-02-26 14:00:16,885{GMT}	INFO	[jepsen worker 1] jepsen.util: 1	:ok	:cas	[0 [4 4]]
2026-02-26 14:00:16,897{GMT}	INFO	[jepsen worker 0] jepsen.util: 0	:invoke	:read	[0 nil]
2026-02-26 14:00:16,898{GMT}	INFO	[n0 stderr] maelstrom.process: [2026-02-26T13:00:16.898279Z INFO  maelstrom::runtime] Received {"id":154,"src":"c2","dest":"n0","body":{"key":0,"type":"read","msg_id":44}}
2026-02-26 14:00:16,898{GMT}	INFO	[n0 stderr] maelstrom.process: Node  received READ for key 0
2026-02-26 14:00:16,898{GMT}	INFO	[n0 stderr] maelstrom.process: [2026-02-26T13:00:16.898338Z INFO  maelstrom::runtime] Sent {"src":"n0","dest":"c2","body":{"in_reply_to":44,"type":"read_ok","value":0}}
2026-02-26 14:00:16,898{GMT}	INFO	[jepsen worker 0] jepsen.util: 0	:ok	:read	[0 0]
2026-02-26 14:00:16,907{GMT}	INFO	[jepsen worker 1] jepsen.util: 1	:invoke	:write	[0 3]
2026-02-26 14:00:16,908{GMT}	INFO	[jepsen worker 0] jepsen.util: 0	:invoke	:read	[0 nil]
2026-02-26 14:00:16,911{GMT}	INFO	[n0 stderr] maelstrom.process: [2026-02-26T13:00:16.910718Z INFO  maelstrom::runtime] Received {"id":157,"src":"c2","dest":"n0","body":{"key":0,"type":"read","msg_id":45}}
2026-02-26 14:00:16,911{GMT}	INFO	[n0 stderr] maelstrom.process: Node  received READ for key 0
2026-02-26 14:00:16,912{GMT}	INFO	[n0 stderr] maelstrom.process: [2026-02-26T13:00:16.911005Z INFO  maelstrom::runtime] Sent {"src":"n0","dest":"c2","body":{"in_reply_to":45,"type":"read_ok","value":0}}
2026-02-26 14:00:16,912{GMT}	INFO	[n0 stderr] maelstrom.process: [2026-02-26T13:00:16.911156Z INFO  maelstrom::runtime] Received {"id":156,"src":"c3","dest":"n0","body":{"key":0,"value":3,"type":"write","msg_id":34}}
2026-02-26 14:00:16,912{GMT}	INFO	[n0 stderr] maelstrom.process: Node  received WRITE: 0=3
2026-02-26 14:00:16,912{GMT}	INFO	[jepsen worker 0] jepsen.util: 0	:ok	:read	[0 0]
2026-02-26 14:00:16,913{GMT}	INFO	[n0 stderr] maelstrom.process: [2026-02-26T13:00:16.911204Z INFO  maelstrom::runtime] Sent {"src":"n0","dest":"c3","body":{"in_reply_to":34,"type":"write_ok"}}
2026-02-26 14:00:16,913{GMT}	INFO	[jepsen worker 1] jepsen.util: 1	:ok	:write	[0 3]
2026-02-26 14:00:16,916{GMT}	INFO	[jepsen worker 1] jepsen.util: 1	:invoke	:write	[0 2]
2026-02-26 14:00:16,918{GMT}	INFO	[jepsen worker 0] jepsen.util: 0	:invoke	:read	[0 nil]
2026-02-26 14:00:16,920{GMT}	INFO	[n0 stderr] maelstrom.process: [2026-02-26T13:00:16.919997Z INFO  maelstrom::runtime] Received {"id":160,"src":"c3","dest":"n0","body":{"key":0,"value":2,"type":"write","msg_id":35}}
2026-02-26 14:00:16,921{GMT}	INFO	[n0 stderr] maelstrom.process: Node  received WRITE: 0=2
2026-02-26 14:00:16,922{GMT}	INFO	[n0 stderr] maelstrom.process: [2026-02-26T13:00:16.920415Z INFO  maelstrom::runtime] Sent {"src":"n0","dest":"c3","body":{"in_reply_to":35,"type":"write_ok"}}
2026-02-26 14:00:16,922{GMT}	INFO	[n0 stderr] maelstrom.process: [2026-02-26T13:00:16.921486Z INFO  maelstrom::runtime] Received {"id":161,"src":"c2","dest":"n0","body":{"key":0,"type":"read","msg_id":46}}
2026-02-26 14:00:16,922{GMT}	INFO	[jepsen worker 1] jepsen.util: 1	:ok	:write	[0 2]
2026-02-26 14:00:16,922{GMT}	INFO	[n0 stderr] maelstrom.process: Node  received READ for key 0
2026-02-26 14:00:16,922{GMT}	INFO	[n0 stderr] maelstrom.process: [2026-02-26T13:00:16.921839Z INFO  maelstrom::runtime] Sent {"src":"n0","dest":"c2","body":{"in_reply_to":46,"type":"read_ok","value":0}}
2026-02-26 14:00:16,923{GMT}	INFO	[jepsen worker 0] jepsen.util: 0	:ok	:read	[0 0]
2026-02-26 14:00:16,936{GMT}	INFO	[jepsen worker 1] jepsen.util: 1	:invoke	:write	[0 3]
2026-02-26 14:00:16,938{GMT}	INFO	[n0 stderr] maelstrom.process: [2026-02-26T13:00:16.938103Z INFO  maelstrom::runtime] Received {"id":164,"src":"c3","dest":"n0","body":{"key":0,"value":3,"type":"write","msg_id":36}}
2026-02-26 14:00:16,938{GMT}	INFO	[n0 stderr] maelstrom.process: Node  received WRITE: 0=3
2026-02-26 14:00:16,939{GMT}	INFO	[n0 stderr] maelstrom.process: [2026-02-26T13:00:16.938296Z INFO  maelstrom::runtime] Sent {"src":"n0","dest":"c3","body":{"in_reply_to":36,"type":"write_ok"}}
2026-02-26 14:00:16,939{GMT}	INFO	[jepsen worker 1] jepsen.util: 1	:ok	:write	[0 3]
2026-02-26 14:00:16,943{GMT}	INFO	[jepsen worker 0] jepsen.util: 0	:invoke	:read	[0 nil]
2026-02-26 14:00:16,944{GMT}	INFO	[n0 stderr] maelstrom.process: [2026-02-26T13:00:16.944433Z INFO  maelstrom::runtime] Received {"id":166,"src":"c2","dest":"n0","body":{"key":0,"type":"read","msg_id":47}}
2026-02-26 14:00:16,944{GMT}	INFO	[n0 stderr] maelstrom.process: Node  received READ for key 0
2026-02-26 14:00:16,944{GMT}	INFO	[n0 stderr] maelstrom.process: [2026-02-26T13:00:16.944565Z INFO  maelstrom::runtime] Sent {"src":"n0","dest":"c2","body":{"in_reply_to":47,"type":"read_ok","value":0}}
2026-02-26 14:00:16,945{GMT}	INFO	[jepsen worker 0] jepsen.util: 0	:ok	:read	[0 0]
2026-02-26 14:00:16,957{GMT}	INFO	[jepsen worker 1] jepsen.util: 1	:invoke	:write	[0 0]
2026-02-26 14:00:16,958{GMT}	INFO	[jepsen worker 0] jepsen.util: 0	:invoke	:read	[0 nil]
2026-02-26 14:00:16,958{GMT}	INFO	[n0 stderr] maelstrom.process: [2026-02-26T13:00:16.958363Z INFO  maelstrom::runtime] Received {"id":168,"src":"c3","dest":"n0","body":{"key":0,"value":0,"type":"write","msg_id":37}}
2026-02-26 14:00:16,958{GMT}	INFO	[n0 stderr] maelstrom.process: Node  received WRITE: 0=0
2026-02-26 14:00:16,958{GMT}	INFO	[n0 stderr] maelstrom.process: [2026-02-26T13:00:16.958455Z INFO  maelstrom::runtime] Sent {"src":"n0","dest":"c3","body":{"in_reply_to":37,"type":"write_ok"}}
2026-02-26 14:00:16,958{GMT}	INFO	[jepsen worker 1] jepsen.util: 1	:ok	:write	[0 0]
2026-02-26 14:00:16,958{GMT}	INFO	[n0 stderr] maelstrom.process: [2026-02-26T13:00:16.958808Z INFO  maelstrom::runtime] Received {"id":169,"src":"c2","dest":"n0","body":{"key":0,"type":"read","msg_id":48}}
2026-02-26 14:00:16,958{GMT}	INFO	[n0 stderr] maelstrom.process: Node  received READ for key 0
2026-02-26 14:00:16,959{GMT}	INFO	[n0 stderr] maelstrom.process: [2026-02-26T13:00:16.958861Z INFO  maelstrom::runtime] Sent {"src":"n0","dest":"c2","body":{"in_reply_to":48,"type":"read_ok","value":0}}
2026-02-26 14:00:16,959{GMT}	INFO	[jepsen worker 0] jepsen.util: 0	:ok	:read	[0 0]
2026-02-26 14:00:16,981{GMT}	INFO	[jepsen worker 0] jepsen.util: 0	:invoke	:read	[0 nil]
2026-02-26 14:00:16,981{GMT}	INFO	[jepsen worker 1] jepsen.util: 1	:invoke	:cas	[0 [4 2]]
2026-02-26 14:00:16,982{GMT}	INFO	[n0 stderr] maelstrom.process: [2026-02-26T13:00:16.982165Z INFO  maelstrom::runtime] Received {"id":172,"src":"c3","dest":"n0","body":{"key":0,"from":4,"to":2,"type":"cas","msg_id":38}}
2026-02-26 14:00:16,982{GMT}	INFO	[n0 stderr] maelstrom.process: Node  received CAS (not implemented)
2026-02-26 14:00:16,982{GMT}	INFO	[n0 stderr] maelstrom.process: [2026-02-26T13:00:16.982270Z INFO  maelstrom::runtime] Received {"id":173,"src":"c2","dest":"n0","body":{"key":0,"type":"read","msg_id":49}}
2026-02-26 14:00:16,982{GMT}	INFO	[n0 stderr] maelstrom.process: Node  received READ for key 0
2026-02-26 14:00:16,982{GMT}	INFO	[n0 stderr] maelstrom.process: [2026-02-26T13:00:16.982326Z INFO  maelstrom::runtime] Sent {"src":"n0","dest":"c3","body":{"in_reply_to":38,"type":"cas_ok"}}
2026-02-26 14:00:16,982{GMT}	INFO	[n0 stderr] maelstrom.process: [2026-02-26T13:00:16.982405Z INFO  maelstrom::runtime] Sent {"src":"n0","dest":"c2","body":{"in_reply_to":49,"type":"read_ok","value":0}}
2026-02-26 14:00:16,982{GMT}	INFO	[jepsen worker 1] jepsen.util: 1	:ok	:cas	[0 [4 2]]
2026-02-26 14:00:16,982{GMT}	INFO	[jepsen worker 0] jepsen.util: 0	:ok	:read	[0 0]
2026-02-26 14:00:16,983{GMT}	INFO	[jepsen worker 0] jepsen.util: 0	:invoke	:read	[0 nil]
2026-02-26 14:00:16,984{GMT}	INFO	[n0 stderr] maelstrom.process: [2026-02-26T13:00:16.984146Z INFO  maelstrom::runtime] Received {"id":176,"src":"c2","dest":"n0","body":{"key":0,"type":"read","msg_id":50}}
2026-02-26 14:00:16,985{GMT}	INFO	[n0 stderr] maelstrom.process: Node  received READ for key 0
2026-02-26 14:00:16,985{GMT}	INFO	[n0 stderr] maelstrom.process: [2026-02-26T13:00:16.984349Z INFO  maelstrom::runtime] Sent {"src":"n0","dest":"c2","body":{"in_reply_to":50,"type":"read_ok","value":0}}
2026-02-26 14:00:16,986{GMT}	INFO	[jepsen worker 0] jepsen.util: 0	:ok	:read	[0 0]
2026-02-26 14:00:17,022{GMT}	INFO	[jepsen test runner] jepsen.core: Run complete, writing
2026-02-26 14:00:17,078{GMT}	INFO	[jepsen node n0] maelstrom.db: Tearing down n0
2026-02-26 14:00:18,923{GMT}	INFO	[jepsen node n0] maelstrom.net: Shutting down Maelstrom network
2026-02-26 14:00:18,923{GMT}	INFO	[jepsen test runner] jepsen.core: Analyzing...
2026-02-26 14:00:19,150{GMT}	WARN	[clojure-agent-send-off-pool-6] jepsen.checker: Error rendering linearizability analysis
java.lang.AssertionError: Assert failed: Expected index but got nil for op #knossos.op.Op{:process nil, :type nil, :f nil, :value nil, :index nil}
i
	at knossos.linear.report$time_coords$fn__10900.invoke(report.clj:184)
	at clojure.core$map$fn__5954.invoke(core.clj:2770)
	at clojure.lang.LazySeq.force(LazySeq.java:50)
	at clojure.lang.LazySeq.realize(LazySeq.java:89)
	at clojure.lang.LazySeq.seq(LazySeq.java:106)
	at clojure.lang.RT.seq(RT.java:555)
	at clojure.core$seq__5486.invokeStatic(core.clj:139)
	at clojure.core.protocols$seq_reduce.invokeStatic(protocols.clj:24)
	at clojure.core.protocols$fn__8262.invokeStatic(protocols.clj:74)
	at clojure.core.protocols$fn__8262.invoke(protocols.clj:74)
	at clojure.core.protocols$fn__8203$G__8198__8216.invoke(protocols.clj:13)
	at clojure.core$reduce.invokeStatic(core.clj:6965)
	at clojure.core$into.invokeStatic(core.clj:7038)
	at clojure.core$into.invoke(core.clj:7029)
	at knossos.linear.report$time_coords.invokeStatic(report.clj:194)
	at knossos.linear.report$time_coords.invoke(report.clj:177)
	at knossos.linear.report$learnings.invokeStatic(report.clj:442)
	at knossos.linear.report$learnings.invoke(report.clj:422)
	at knossos.linear.report$render_analysis_BANG_.invokeStatic(report.clj:654)
	at knossos.linear.report$render_analysis_BANG_.invoke(report.clj:649)
	at jepsen.checker$linearizable$reify__11134$fn__11136.invoke(checker.clj:226)
	at jepsen.checker$linearizable$reify__11134.check(checker.clj:224)
	at jepsen.checker$check_safe.invokeStatic(checker.clj:88)
	at jepsen.checker$check_safe.invoke(checker.clj:80)
	at jepsen.checker$compose$reify__11089$fn__11091.invoke(checker.clj:104)
	at clojure.core$pmap$fn__8582$fn__8583.invoke(core.clj:7169)
	at clojure.core$binding_conveyor_fn$fn__5842.invoke(core.clj:2047)
	at clojure.lang.AFn.call(AFn.java:18)
	at java.base/java.util.concurrent.FutureTask.run(FutureTask.java:328)
	at java.base/java.util.concurrent.ThreadPoolExecutor.runWorker(ThreadPoolExecutor.java:1090)
	at java.base/java.util.concurrent.ThreadPoolExecutor$Worker.run(ThreadPoolExecutor.java:614)
	at java.base/java.lang.Thread.run(Thread.java:1474)
2026-02-26 14:00:19,222{GMT}	INFO	[clojure-agent-send-pool-0] jepsen.independent: Wrote /home/tim/Work/ID2203/omnipaxos-kv-main/store/lin-kv/20260226T140013.907+0100/independent/0/results.edn
2026-02-26 14:00:19,229{GMT}	INFO	[clojure-agent-send-pool-0] jepsen.independent: Wrote /home/tim/Work/ID2203/omnipaxos-kv-main/store/lin-kv/20260226T140013.907+0100/independent/0/history.edn
2026-02-26 14:00:19,434{GMT}	INFO	[jepsen test runner] jepsen.core: Analysis complete
2026-02-26 14:00:19,446{GMT}	INFO	[jepsen results] jepsen.store: Wrote /home/tim/Work/ID2203/omnipaxos-kv-main/store/lin-kv/20260226T140013.907+0100/results.edn
2026-02-26 14:00:19,461{GMT}	INFO	[jepsen test runner] jepsen.core: {:perf {:latency-graph {:valid? true},
        :rate-graph {:valid? true},
        :valid? true},
 :timeline {:valid? true},
 :exceptions {:valid? true},
 :stats {:valid? true,
         :count 88,
         :ok-count 88,
         :fail-count 0,
         :info-count 0,
         :by-f {:cas {:valid? true,
                      :count 25,
                      :ok-count 25,
                      :fail-count 0,
                      :info-count 0},
                :read {:valid? true,
                       :count 50,
                       :ok-count 50,
                       :fail-count 0,
                       :info-count 0},
                :write {:valid? true,
                        :count 13,
                        :ok-count 13,
                        :fail-count 0,
                        :info-count 0}}},
 :availability {:valid? true, :ok-fraction 1.0},
 :net {:all {:send-count 178,
             :recv-count 178,
             :msg-count 178,
             :msgs-per-op 2.0227273},
       :clients {:send-count 178, :recv-count 178, :msg-count 178},
       :servers {:send-count 0,
                 :recv-count 0,
                 :msg-count 0,
                 :msgs-per-op 0.0},
       :valid? true},
 :workload {:valid? false,
            :results {0 {:linearizable {:valid? false,
                                        :configs ({:model #knossos.model.CASRegister{:value nil},
                                                   :last-op nil,
                                                   :pending [{:process 0,
                                                              :type :invoke,
                                                              :f :read,
                                                              :value 0,
                                                              :index 0,
                                                              :time 6644070}]}),
                                        :final-paths ([{:op nil,
                                                        :model #knossos.model.CASRegister{:value nil}}
                                                       {:op {:process 0,
                                                             :type :ok,
                                                             :f :read,
                                                             :value 0,
                                                             :index 1,
                                                             :time 14790029},
                                                        :model #knossos.model.Inconsistent{:msg "can't read 0 from register "}}]),
                                        :previous-ok nil,
                                        :last-op nil,
                                        :op {:process 0,
                                             :type :ok,
                                             :f :read,
                                             :value 0,
                                             :index 1,
                                             :time 14790029}},
                         :timeline {:valid? true},
                         :valid? false}},
            :failures [0]},
 :valid? false}


Analysis invalid! (ﾉಥ益ಥ）ﾉ ┻━┻
