[2026-02-26T13:16:09.929852Z INFO  maelstrom::runtime] Received {"id":4,"src":"c4","dest":"n0","body":{"type":"init","node_id":"n0","node_ids":["n0","n1","n2","n3","n4"],"msg_id":1}}
Node n0 initializing. Total nodes in cluster: 5. All nodes: ["n0", "n1", "n2", "n3", "n4"]
[2026-02-26T13:16:09.930837Z INFO  maelstrom::runtime] Sent {"src":"n0","dest":"c4","body":{"in_reply_to":1,"type":"init_ok"}}
[2026-02-26T13:16:09.950926Z INFO  maelstrom::runtime] Received {"id":10,"src":"c10","dest":"n0","body":{"key":0,"from":4,"to":2,"type":"cas","msg_id":1}}
Node  received CAS (not implemented)
[2026-02-26T13:16:09.951194Z INFO  maelstrom::runtime] Sent {"src":"n0","dest":"c10","body":{"in_reply_to":1,"type":"cas_ok"}}
[2026-02-26T13:16:09.958568Z INFO  maelstrom::runtime] Received {"id":14,"src":"c10","dest":"n0","body":{"key":0,"value":4,"type":"write","msg_id":2}}
Node  received WRITE: 0=4
[2026-02-26T13:16:09.958668Z INFO  maelstrom::runtime] Sent {"src":"n0","dest":"c10","body":{"in_reply_to":2,"type":"write_ok"}}
[2026-02-26T13:16:09.976188Z INFO  maelstrom::runtime] Received {"id":16,"src":"c10","dest":"n0","body":{"key":0,"from":3,"to":4,"type":"cas","msg_id":3}}
Node  received CAS (not implemented)
[2026-02-26T13:16:09.976411Z INFO  maelstrom::runtime] Sent {"src":"n0","dest":"c10","body":{"in_reply_to":3,"type":"cas_ok"}}
[2026-02-26T13:16:09.991672Z INFO  maelstrom::runtime] Received {"id":18,"src":"c10","dest":"n0","body":{"key":0,"from":4,"to":2,"type":"cas","msg_id":4}}
Node  received CAS (not implemented)
[2026-02-26T13:16:09.991774Z INFO  maelstrom::runtime] Sent {"src":"n0","dest":"c10","body":{"in_reply_to":4,"type":"cas_ok"}}
[2026-02-26T13:16:09.996043Z INFO  maelstrom::runtime] Received {"id":20,"src":"c12","dest":"n0","body":{"key":0,"type":"read","msg_id":1}}
Node  received READ for key 0
[2026-02-26T13:16:09.996154Z INFO  maelstrom::runtime] Sent {"src":"n0","dest":"c12","body":{"in_reply_to":1,"type":"read_ok","value":0}}
[2026-02-26T13:16:09.999954Z INFO  maelstrom::runtime] Received {"id":22,"src":"c12","dest":"n0","body":{"key":0,"type":"read","msg_id":2}}
Node  received READ for key 0
[2026-02-26T13:16:10.000172Z INFO  maelstrom::runtime] Sent {"src":"n0","dest":"c12","body":{"in_reply_to":2,"type":"read_ok","value":0}}
[2026-02-26T13:16:10.006407Z INFO  maelstrom::runtime] Received {"id":24,"src":"c12","dest":"n0","body":{"key":0,"type":"read","msg_id":3}}
Node  received READ for key 0
[2026-02-26T13:16:10.006629Z INFO  maelstrom::runtime] Sent {"src":"n0","dest":"c12","body":{"in_reply_to":3,"type":"read_ok","value":0}}
[2026-02-26T13:16:10.018761Z INFO  maelstrom::runtime] Received {"id":26,"src":"c12","dest":"n0","body":{"key":0,"type":"read","msg_id":4}}
Node  received READ for key 0
[2026-02-26T13:16:10.018977Z INFO  maelstrom::runtime] Sent {"src":"n0","dest":"c12","body":{"in_reply_to":4,"type":"read_ok","value":0}}
[2026-02-26T13:16:10.029607Z INFO  maelstrom::runtime] Received {"id":28,"src":"c12","dest":"n0","body":{"key":0,"type":"read","msg_id":5}}
Node  received READ for key 0
[2026-02-26T13:16:10.029661Z INFO  maelstrom::runtime] Sent {"src":"n0","dest":"c12","body":{"in_reply_to":5,"type":"read_ok","value":0}}
[2026-02-26T13:16:10.045161Z INFO  maelstrom::runtime] Received {"id":30,"src":"c10","dest":"n0","body":{"key":0,"value":4,"type":"write","msg_id":5}}
Node  received WRITE: 0=4
[2026-02-26T13:16:10.045287Z INFO  maelstrom::runtime] Sent {"src":"n0","dest":"c10","body":{"in_reply_to":5,"type":"write_ok"}}
[2026-02-26T13:16:10.055061Z INFO  maelstrom::runtime] Received {"id":32,"src":"c10","dest":"n0","body":{"key":0,"value":0,"type":"write","msg_id":6}}
Node  received WRITE: 0=0
[2026-02-26T13:16:10.055126Z INFO  maelstrom::runtime] Sent {"src":"n0","dest":"c10","body":{"in_reply_to":6,"type":"write_ok"}}
[2026-02-26T13:16:10.077714Z INFO  maelstrom::runtime] Received {"id":38,"src":"c10","dest":"n0","body":{"key":0,"from":2,"to":4,"type":"cas","msg_id":7}}
Node  received CAS (not implemented)
[2026-02-26T13:16:10.077759Z INFO  maelstrom::runtime] Sent {"src":"n0","dest":"c10","body":{"in_reply_to":7,"type":"cas_ok"}}
[2026-02-26T13:16:10.096642Z INFO  maelstrom::runtime] Received {"id":42,"src":"c12","dest":"n0","body":{"key":0,"type":"read","msg_id":6}}
Node  received READ for key 0
[2026-02-26T13:16:10.096698Z INFO  maelstrom::runtime] Sent {"src":"n0","dest":"c12","body":{"in_reply_to":6,"type":"read_ok","value":0}}
[2026-02-26T13:16:10.107954Z INFO  maelstrom::runtime] Received {"id":44,"src":"c12","dest":"n0","body":{"key":0,"type":"read","msg_id":7}}
Node  received READ for key 0
[2026-02-26T13:16:10.108124Z INFO  maelstrom::runtime] Sent {"src":"n0","dest":"c12","body":{"in_reply_to":7,"type":"read_ok","value":0}}
[2026-02-26T13:16:10.118215Z INFO  maelstrom::runtime] Received {"id":46,"src":"c12","dest":"n0","body":{"key":0,"type":"read","msg_id":8}}
Node  received READ for key 0
[2026-02-26T13:16:10.118307Z INFO  maelstrom::runtime] Sent {"src":"n0","dest":"c12","body":{"in_reply_to":8,"type":"read_ok","value":0}}
[2026-02-26T13:16:10.136930Z INFO  maelstrom::runtime] Received {"id":48,"src":"c12","dest":"n0","body":{"key":0,"type":"read","msg_id":9}}
Node  received READ for key 0
[2026-02-26T13:16:10.137140Z INFO  maelstrom::runtime] Sent {"src":"n0","dest":"c12","body":{"in_reply_to":9,"type":"read_ok","value":0}}
[2026-02-26T13:16:10.170020Z INFO  maelstrom::runtime] Received {"id":52,"src":"c10","dest":"n0","body":{"key":0,"from":3,"to":4,"type":"cas","msg_id":8}}
Node  received CAS (not implemented)
[2026-02-26T13:16:10.170260Z INFO  maelstrom::runtime] Sent {"src":"n0","dest":"c10","body":{"in_reply_to":8,"type":"cas_ok"}}
[2026-02-26T13:16:10.187184Z INFO  maelstrom::runtime] Received {"id":54,"src":"c10","dest":"n0","body":{"key":0,"value":4,"type":"write","msg_id":9}}
Node  received WRITE: 0=4
[2026-02-26T13:16:10.187455Z INFO  maelstrom::runtime] Sent {"src":"n0","dest":"c10","body":{"in_reply_to":9,"type":"write_ok"}}
[2026-02-26T13:16:10.221456Z INFO  maelstrom::runtime] Received {"id":60,"src":"c10","dest":"n0","body":{"key":0,"value":0,"type":"write","msg_id":10}}
Node  received WRITE: 0=0
[2026-02-26T13:16:10.221688Z INFO  maelstrom::runtime] Sent {"src":"n0","dest":"c10","body":{"in_reply_to":10,"type":"write_ok"}}
[2026-02-26T13:16:10.240337Z INFO  maelstrom::runtime] Received {"id":62,"src":"c10","dest":"n0","body":{"key":0,"from":4,"to":2,"type":"cas","msg_id":11}}
Node  received CAS (not implemented)
[2026-02-26T13:16:10.240623Z INFO  maelstrom::runtime] Sent {"src":"n0","dest":"c10","body":{"in_reply_to":11,"type":"cas_ok"}}
[2026-02-26T13:16:10.244100Z INFO  maelstrom::runtime] Received {"id":64,"src":"c12","dest":"n0","body":{"key":0,"type":"read","msg_id":10}}
Node  received READ for key 0
[2026-02-26T13:16:10.244340Z INFO  maelstrom::runtime] Sent {"src":"n0","dest":"c12","body":{"in_reply_to":10,"type":"read_ok","value":0}}
[2026-02-26T13:16:10.260139Z INFO  maelstrom::runtime] Received {"id":68,"src":"c12","dest":"n0","body":{"key":0,"type":"read","msg_id":11}}
Node  received READ for key 0
[2026-02-26T13:16:10.260365Z INFO  maelstrom::runtime] Sent {"src":"n0","dest":"c12","body":{"in_reply_to":11,"type":"read_ok","value":0}}
[2026-02-26T13:16:10.276162Z INFO  maelstrom::runtime] Received {"id":70,"src":"c12","dest":"n0","body":{"key":0,"type":"read","msg_id":12}}
Node  received READ for key 0
[2026-02-26T13:16:10.276386Z INFO  maelstrom::runtime] Sent {"src":"n0","dest":"c12","body":{"in_reply_to":12,"type":"read_ok","value":0}}
[2026-02-26T13:16:10.284812Z INFO  maelstrom::runtime] Received {"id":74,"src":"c10","dest":"n0","body":{"key":0,"value":4,"type":"write","msg_id":12}}
Node  received WRITE: 0=4
[2026-02-26T13:16:10.285051Z INFO  maelstrom::runtime] Sent {"src":"n0","dest":"c10","body":{"in_reply_to":12,"type":"write_ok"}}
[2026-02-26T13:16:10.301500Z INFO  maelstrom::runtime] Received {"id":76,"src":"c10","dest":"n0","body":{"key":0,"from":3,"to":2,"type":"cas","msg_id":13}}
Node  received CAS (not implemented)
[2026-02-26T13:16:10.301760Z INFO  maelstrom::runtime] Sent {"src":"n0","dest":"c10","body":{"in_reply_to":13,"type":"cas_ok"}}
[2026-02-26T13:16:10.306025Z INFO  maelstrom::runtime] Received {"id":80,"src":"c10","dest":"n0","body":{"key":0,"from":0,"to":1,"type":"cas","msg_id":14}}
Node  received CAS (not implemented)
[2026-02-26T13:16:10.306225Z INFO  maelstrom::runtime] Sent {"src":"n0","dest":"c10","body":{"in_reply_to":14,"type":"cas_ok"}}
[2026-02-26T13:16:10.350967Z INFO  maelstrom::runtime] Received {"id":86,"src":"c12","dest":"n0","body":{"key":0,"type":"read","msg_id":13}}
Node  received READ for key 0
[2026-02-26T13:16:10.351285Z INFO  maelstrom::runtime] Sent {"src":"n0","dest":"c12","body":{"in_reply_to":13,"type":"read_ok","value":0}}
[2026-02-26T13:16:10.403258Z INFO  maelstrom::runtime] Received {"id":96,"src":"c10","dest":"n0","body":{"key":0,"value":3,"type":"write","msg_id":15}}
Node  received WRITE: 0=3
[2026-02-26T13:16:10.403499Z INFO  maelstrom::runtime] Sent {"src":"n0","dest":"c10","body":{"in_reply_to":15,"type":"write_ok"}}
[2026-02-26T13:16:10.412214Z INFO  maelstrom::runtime] Received {"id":98,"src":"c12","dest":"n0","body":{"key":0,"type":"read","msg_id":14}}
Node  received READ for key 0
[2026-02-26T13:16:10.412442Z INFO  maelstrom::runtime] Sent {"src":"n0","dest":"c12","body":{"in_reply_to":14,"type":"read_ok","value":0}}
[2026-02-26T13:16:10.439567Z INFO  maelstrom::runtime] Received {"id":104,"src":"c10","dest":"n0","body":{"key":0,"value":1,"type":"write","msg_id":16}}
Node  received WRITE: 0=1
[2026-02-26T13:16:10.439807Z INFO  maelstrom::runtime] Sent {"src":"n0","dest":"c10","body":{"in_reply_to":16,"type":"write_ok"}}
[2026-02-26T13:16:10.457110Z INFO  maelstrom::runtime] Received {"id":106,"src":"c10","dest":"n0","body":{"key":0,"from":1,"to":0,"type":"cas","msg_id":17}}
Node  received CAS (not implemented)
[2026-02-26T13:16:10.457359Z INFO  maelstrom::runtime] Sent {"src":"n0","dest":"c10","body":{"in_reply_to":17,"type":"cas_ok"}}
[2026-02-26T13:16:10.467480Z INFO  maelstrom::runtime] Received {"id":108,"src":"c12","dest":"n0","body":{"key":0,"type":"read","msg_id":15}}
Node  received READ for key 0
[2026-02-26T13:16:10.467707Z INFO  maelstrom::runtime] Sent {"src":"n0","dest":"c12","body":{"in_reply_to":15,"type":"read_ok","value":0}}
[2026-02-26T13:16:10.478995Z INFO  maelstrom::runtime] Received {"id":110,"src":"c12","dest":"n0","body":{"key":0,"type":"read","msg_id":16}}
Node  received READ for key 0
[2026-02-26T13:16:10.479300Z INFO  maelstrom::runtime] Sent {"src":"n0","dest":"c12","body":{"in_reply_to":16,"type":"read_ok","value":0}}
[2026-02-26T13:16:10.490453Z INFO  maelstrom::runtime] Received {"id":112,"src":"c12","dest":"n0","body":{"key":0,"type":"read","msg_id":17}}
Node  received READ for key 0
[2026-02-26T13:16:10.490709Z INFO  maelstrom::runtime] Sent {"src":"n0","dest":"c12","body":{"in_reply_to":17,"type":"read_ok","value":0}}
[2026-02-26T13:16:10.504636Z INFO  maelstrom::runtime] Received {"id":116,"src":"c12","dest":"n0","body":{"key":0,"type":"read","msg_id":18}}
Node  received READ for key 0
[2026-02-26T13:16:10.504932Z INFO  maelstrom::runtime] Sent {"src":"n0","dest":"c12","body":{"in_reply_to":18,"type":"read_ok","value":0}}
[2026-02-26T13:16:10.525579Z INFO  maelstrom::runtime] Received {"id":120,"src":"c10","dest":"n0","body":{"key":0,"from":4,"to":1,"type":"cas","msg_id":18}}
Node  received CAS (not implemented)
[2026-02-26T13:16:10.525827Z INFO  maelstrom::runtime] Sent {"src":"n0","dest":"c10","body":{"in_reply_to":18,"type":"cas_ok"}}
[2026-02-26T13:16:10.536825Z INFO  maelstrom::runtime] Received {"id":122,"src":"c10","dest":"n0","body":{"key":0,"value":2,"type":"write","msg_id":19}}
Node  received WRITE: 0=2
[2026-02-26T13:16:10.537105Z INFO  maelstrom::runtime] Sent {"src":"n0","dest":"c10","body":{"in_reply_to":19,"type":"write_ok"}}
[2026-02-26T13:16:10.551662Z INFO  maelstrom::runtime] Received {"id":124,"src":"c10","dest":"n0","body":{"key":0,"value":3,"type":"write","msg_id":20}}
Node  received WRITE: 0=3
[2026-02-26T13:16:10.551969Z INFO  maelstrom::runtime] Sent {"src":"n0","dest":"c10","body":{"in_reply_to":20,"type":"write_ok"}}
[2026-02-26T13:16:10.588982Z INFO  maelstrom::runtime] Received {"id":130,"src":"c10","dest":"n0","body":{"key":0,"from":4,"to":2,"type":"cas","msg_id":21}}
Node  received CAS (not implemented)
[2026-02-26T13:16:10.589294Z INFO  maelstrom::runtime] Sent {"src":"n0","dest":"c10","body":{"in_reply_to":21,"type":"cas_ok"}}
[2026-02-26T13:16:10.606111Z INFO  maelstrom::runtime] Received {"id":132,"src":"c12","dest":"n0","body":{"key":0,"type":"read","msg_id":19}}
Node  received READ for key 0
[2026-02-26T13:16:10.606470Z INFO  maelstrom::runtime] Sent {"src":"n0","dest":"c12","body":{"in_reply_to":19,"type":"read_ok","value":0}}
[2026-02-26T13:16:10.632417Z INFO  maelstrom::runtime] Received {"id":136,"src":"c12","dest":"n0","body":{"key":0,"type":"read","msg_id":20}}
Node  received READ for key 0
[2026-02-26T13:16:10.632666Z INFO  maelstrom::runtime] Sent {"src":"n0","dest":"c12","body":{"in_reply_to":20,"type":"read_ok","value":0}}
[2026-02-26T13:16:10.639163Z INFO  maelstrom::runtime] Received {"id":138,"src":"c12","dest":"n0","body":{"key":0,"type":"read","msg_id":21}}
Node  received READ for key 0
[2026-02-26T13:16:10.639483Z INFO  maelstrom::runtime] Sent {"src":"n0","dest":"c12","body":{"in_reply_to":21,"type":"read_ok","value":0}}
[2026-02-26T13:16:10.651358Z INFO  maelstrom::runtime] Received {"id":140,"src":"c10","dest":"n0","body":{"key":0,"value":0,"type":"write","msg_id":22}}
Node  received WRITE: 0=0
[2026-02-26T13:16:10.651684Z INFO  maelstrom::runtime] Sent {"src":"n0","dest":"c10","body":{"in_reply_to":22,"type":"write_ok"}}
[2026-02-26T13:16:10.667263Z INFO  maelstrom::runtime] Received {"id":142,"src":"c10","dest":"n0","body":{"key":0,"from":1,"to":3,"type":"cas","msg_id":23}}
Node  received CAS (not implemented)
[2026-02-26T13:16:10.667608Z INFO  maelstrom::runtime] Sent {"src":"n0","dest":"c10","body":{"in_reply_to":23,"type":"cas_ok"}}
[2026-02-26T13:16:10.682049Z INFO  maelstrom::runtime] Received {"id":146,"src":"c10","dest":"n0","body":{"key":0,"value":0,"type":"write","msg_id":24}}
Node  received WRITE: 0=0
[2026-02-26T13:16:10.682374Z INFO  maelstrom::runtime] Sent {"src":"n0","dest":"c10","body":{"in_reply_to":24,"type":"write_ok"}}
[2026-02-26T13:16:10.697553Z INFO  maelstrom::runtime] Received {"id":148,"src":"c10","dest":"n0","body":{"key":0,"from":0,"to":4,"type":"cas","msg_id":25}}
Node  received CAS (not implemented)
[2026-02-26T13:16:10.697775Z INFO  maelstrom::runtime] Sent {"src":"n0","dest":"c10","body":{"in_reply_to":25,"type":"cas_ok"}}
[2026-02-26T13:16:10.702771Z INFO  maelstrom::runtime] Received {"id":150,"src":"c10","dest":"n0","body":{"key":0,"from":0,"to":2,"type":"cas","msg_id":26}}
Node  received CAS (not implemented)
[2026-02-26T13:16:10.703038Z INFO  maelstrom::runtime] Sent {"src":"n0","dest":"c10","body":{"in_reply_to":26,"type":"cas_ok"}}
[2026-02-26T13:16:10.720021Z INFO  maelstrom::runtime] Received {"id":152,"src":"c10","dest":"n0","body":{"key":0,"from":2,"to":2,"type":"cas","msg_id":27}}
Node  received CAS (not implemented)
[2026-02-26T13:16:10.720340Z INFO  maelstrom::runtime] Sent {"src":"n0","dest":"c10","body":{"in_reply_to":27,"type":"cas_ok"}}
[2026-02-26T13:16:10.739707Z INFO  maelstrom::runtime] Received {"id":154,"src":"c12","dest":"n0","body":{"key":0,"type":"read","msg_id":22}}
Node  received READ for key 0
[2026-02-26T13:16:10.739906Z INFO  maelstrom::runtime] Sent {"src":"n0","dest":"c12","body":{"in_reply_to":22,"type":"read_ok","value":0}}
[2026-02-26T13:16:10.772019Z INFO  maelstrom::runtime] Received {"id":160,"src":"c12","dest":"n0","body":{"key":0,"type":"read","msg_id":23}}
Node  received READ for key 0
[2026-02-26T13:16:10.772216Z INFO  maelstrom::runtime] Sent {"src":"n0","dest":"c12","body":{"in_reply_to":23,"type":"read_ok","value":0}}
[2026-02-26T13:16:10.790645Z INFO  maelstrom::runtime] Received {"id":162,"src":"c10","dest":"n0","body":{"key":0,"from":3,"to":1,"type":"cas","msg_id":28}}
Node  received CAS (not implemented)
[2026-02-26T13:16:10.790750Z INFO  maelstrom::runtime] Sent {"src":"n0","dest":"c10","body":{"in_reply_to":28,"type":"cas_ok"}}
[2026-02-26T13:16:10.804008Z INFO  maelstrom::runtime] Received {"id":164,"src":"c12","dest":"n0","body":{"key":0,"type":"read","msg_id":24}}
Node  received READ for key 0
[2026-02-26T13:16:10.804184Z INFO  maelstrom::runtime] Sent {"src":"n0","dest":"c12","body":{"in_reply_to":24,"type":"read_ok","value":0}}
[2026-02-26T13:16:10.830976Z INFO  maelstrom::runtime] Received {"id":168,"src":"c10","dest":"n0","body":{"key":0,"from":0,"to":1,"type":"cas","msg_id":29}}
Node  received CAS (not implemented)
[2026-02-26T13:16:10.831226Z INFO  maelstrom::runtime] Sent {"src":"n0","dest":"c10","body":{"in_reply_to":29,"type":"cas_ok"}}
[2026-02-26T13:16:10.868548Z INFO  maelstrom::runtime] Received {"id":174,"src":"c10","dest":"n0","body":{"key":0,"from":0,"to":1,"type":"cas","msg_id":30}}
Node  received CAS (not implemented)
[2026-02-26T13:16:10.868735Z INFO  maelstrom::runtime] Sent {"src":"n0","dest":"c10","body":{"in_reply_to":30,"type":"cas_ok"}}
[2026-02-26T13:16:10.870768Z INFO  maelstrom::runtime] Received {"id":176,"src":"c12","dest":"n0","body":{"key":0,"type":"read","msg_id":25}}
Node  received READ for key 0
[2026-02-26T13:16:10.871043Z INFO  maelstrom::runtime] Sent {"src":"n0","dest":"c12","body":{"in_reply_to":25,"type":"read_ok","value":0}}
[2026-02-26T13:16:10.890232Z INFO  maelstrom::runtime] Received {"id":182,"src":"c12","dest":"n0","body":{"key":0,"type":"read","msg_id":26}}
Node  received READ for key 0
[2026-02-26T13:16:10.890482Z INFO  maelstrom::runtime] Sent {"src":"n0","dest":"c12","body":{"in_reply_to":26,"type":"read_ok","value":0}}
[2026-02-26T13:16:10.909662Z INFO  maelstrom::runtime] Received {"id":184,"src":"c10","dest":"n0","body":{"key":0,"from":4,"to":0,"type":"cas","msg_id":31}}
Node  received CAS (not implemented)
[2026-02-26T13:16:10.909849Z INFO  maelstrom::runtime] Received {"id":185,"src":"c12","dest":"n0","body":{"key":0,"type":"read","msg_id":27}}
[2026-02-26T13:16:10.909866Z INFO  maelstrom::runtime] Sent {"src":"n0","dest":"c10","body":{"in_reply_to":31,"type":"cas_ok"}}
Node  received READ for key 0
[2026-02-26T13:16:10.910299Z INFO  maelstrom::runtime] Sent {"src":"n0","dest":"c12","body":{"in_reply_to":27,"type":"read_ok","value":0}}
[2026-02-26T13:16:10.912687Z INFO  maelstrom::runtime] Received {"id":188,"src":"c10","dest":"n0","body":{"key":0,"value":0,"type":"write","msg_id":32}}
Node  received WRITE: 0=0
[2026-02-26T13:16:10.912971Z INFO  maelstrom::runtime] Sent {"src":"n0","dest":"c10","body":{"in_reply_to":32,"type":"write_ok"}}
[2026-02-26T13:16:10.929994Z INFO  maelstrom::runtime] Received {"id":190,"src":"c10","dest":"n0","body":{"key":0,"value":4,"type":"write","msg_id":33}}
Node  received WRITE: 0=4
[2026-02-26T13:16:10.930236Z INFO  maelstrom::runtime] Sent {"src":"n0","dest":"c10","body":{"in_reply_to":33,"type":"write_ok"}}
