[2026-02-26T13:16:09.929864Z INFO  maelstrom::runtime] Received {"id":1,"src":"c1","dest":"n1","body":{"type":"init","node_id":"n1","node_ids":["n0","n1","n2","n3","n4"],"msg_id":1}}
Node n1 initializing. Total nodes in cluster: 5. All nodes: ["n0", "n1", "n2", "n3", "n4"]
[2026-02-26T13:16:09.930890Z INFO  maelstrom::runtime] Sent {"src":"n1","dest":"c1","body":{"in_reply_to":1,"type":"init_ok"}}
[2026-02-26T13:16:09.952666Z INFO  maelstrom::runtime] Received {"id":12,"src":"c11","dest":"n1","body":{"key":0,"type":"read","msg_id":1}}
Node  received READ for key 0
[2026-02-26T13:16:09.952749Z INFO  maelstrom::runtime] Sent {"src":"n1","dest":"c11","body":{"in_reply_to":1,"type":"read_ok","value":0}}
[2026-02-26T13:16:10.066150Z INFO  maelstrom::runtime] Received {"id":34,"src":"c11","dest":"n1","body":{"key":0,"type":"read","msg_id":2}}
Node  received READ for key 0
[2026-02-26T13:16:10.066296Z INFO  maelstrom::runtime] Sent {"src":"n1","dest":"c11","body":{"in_reply_to":2,"type":"read_ok","value":0}}
[2026-02-26T13:16:10.201674Z INFO  maelstrom::runtime] Received {"id":56,"src":"c11","dest":"n1","body":{"key":0,"type":"read","msg_id":3}}
Node  received READ for key 0
[2026-02-26T13:16:10.201965Z INFO  maelstrom::runtime] Sent {"src":"n1","dest":"c11","body":{"in_reply_to":3,"type":"read_ok","value":0}}
[2026-02-26T13:16:10.251992Z INFO  maelstrom::runtime] Received {"id":66,"src":"c16","dest":"n1","body":{"key":0,"value":4,"type":"write","msg_id":1}}
Node  received WRITE: 0=4
[2026-02-26T13:16:10.252298Z INFO  maelstrom::runtime] Sent {"src":"n1","dest":"c16","body":{"in_reply_to":1,"type":"write_ok"}}
[2026-02-26T13:16:10.304011Z INFO  maelstrom::runtime] Received {"id":78,"src":"c11","dest":"n1","body":{"key":0,"type":"read","msg_id":4}}
Node  received READ for key 0
[2026-02-26T13:16:10.304259Z INFO  maelstrom::runtime] Sent {"src":"n1","dest":"c11","body":{"in_reply_to":4,"type":"read_ok","value":0}}
[2026-02-26T13:16:10.359331Z INFO  maelstrom::runtime] Received {"id":88,"src":"c16","dest":"n1","body":{"key":0,"from":4,"to":4,"type":"cas","msg_id":2}}
Node  received CAS (not implemented)
[2026-02-26T13:16:10.359689Z INFO  maelstrom::runtime] Sent {"src":"n1","dest":"c16","body":{"in_reply_to":2,"type":"cas_ok"}}
[2026-02-26T13:16:10.426959Z INFO  maelstrom::runtime] Received {"id":100,"src":"c11","dest":"n1","body":{"key":0,"type":"read","msg_id":5}}
Node  received READ for key 0
[2026-02-26T13:16:10.427277Z INFO  maelstrom::runtime] Sent {"src":"n1","dest":"c11","body":{"in_reply_to":5,"type":"read_ok","value":0}}
[2026-02-26T13:16:10.505441Z INFO  maelstrom::runtime] Received {"id":117,"src":"c11","dest":"n1","body":{"key":0,"type":"read","msg_id":6}}
Node  received READ for key 0
[2026-02-26T13:16:10.505668Z INFO  maelstrom::runtime] Sent {"src":"n1","dest":"c11","body":{"in_reply_to":6,"type":"read_ok","value":0}}
[2026-02-26T13:16:10.670455Z INFO  maelstrom::runtime] Received {"id":144,"src":"c11","dest":"n1","body":{"key":0,"type":"read","msg_id":7}}
Node  received READ for key 0
[2026-02-26T13:16:10.670696Z INFO  maelstrom::runtime] Sent {"src":"n1","dest":"c11","body":{"in_reply_to":7,"type":"read_ok","value":0}}
[2026-02-26T13:16:10.811703Z INFO  maelstrom::runtime] Received {"id":166,"src":"c11","dest":"n1","body":{"key":0,"type":"read","msg_id":8}}
Node  received READ for key 0
[2026-02-26T13:16:10.811961Z INFO  maelstrom::runtime] Sent {"src":"n1","dest":"c11","body":{"in_reply_to":8,"type":"read_ok","value":0}}
[2026-02-26T13:16:10.873207Z INFO  maelstrom::runtime] Received {"id":180,"src":"c11","dest":"n1","body":{"key":0,"type":"read","msg_id":9}}
Node  received READ for key 0
[2026-02-26T13:16:10.873510Z INFO  maelstrom::runtime] Sent {"src":"n1","dest":"c11","body":{"in_reply_to":9,"type":"read_ok","value":0}}
