[2026-02-26T13:16:09.929854Z INFO  maelstrom::runtime] Received {"id":0,"src":"c0","dest":"n2","body":{"type":"init","node_id":"n2","node_ids":["n0","n1","n2","n3","n4"],"msg_id":1}}
Node n2 initializing. Total nodes in cluster: 5. All nodes: ["n0", "n1", "n2", "n3", "n4"]
[2026-02-26T13:16:09.930179Z INFO  maelstrom::runtime] Sent {"src":"n2","dest":"c0","body":{"in_reply_to":1,"type":"init_ok"}}
[2026-02-26T13:16:10.073422Z INFO  maelstrom::runtime] Received {"id":36,"src":"c13","dest":"n2","body":{"key":0,"type":"read","msg_id":1}}
Node  received READ for key 0
[2026-02-26T13:16:10.073546Z INFO  maelstrom::runtime] Sent {"src":"n2","dest":"c13","body":{"in_reply_to":1,"type":"read_ok","value":0}}
[2026-02-26T13:16:10.210573Z INFO  maelstrom::runtime] Received {"id":58,"src":"c13","dest":"n2","body":{"key":0,"type":"read","msg_id":2}}
Node  received READ for key 0
[2026-02-26T13:16:10.210825Z INFO  maelstrom::runtime] Sent {"src":"n2","dest":"c13","body":{"in_reply_to":2,"type":"read_ok","value":0}}
[2026-02-26T13:16:10.377177Z INFO  maelstrom::runtime] Received {"id":90,"src":"c18","dest":"n2","body":{"key":0,"from":2,"to":1,"type":"cas","msg_id":1}}
Node  received CAS (not implemented)
[2026-02-26T13:16:10.377482Z INFO  maelstrom::runtime] Sent {"src":"n2","dest":"c18","body":{"in_reply_to":1,"type":"cas_ok"}}
[2026-02-26T13:16:10.430302Z INFO  maelstrom::runtime] Received {"id":102,"src":"c13","dest":"n2","body":{"key":0,"type":"read","msg_id":3}}
Node  received READ for key 0
[2026-02-26T13:16:10.430506Z INFO  maelstrom::runtime] Sent {"src":"n2","dest":"c13","body":{"in_reply_to":3,"type":"read_ok","value":0}}
[2026-02-26T13:16:10.623340Z INFO  maelstrom::runtime] Received {"id":134,"src":"c18","dest":"n2","body":{"key":0,"value":3,"type":"write","msg_id":2}}
Node  received WRITE: 0=3
[2026-02-26T13:16:10.623675Z INFO  maelstrom::runtime] Sent {"src":"n2","dest":"c18","body":{"in_reply_to":2,"type":"write_ok"}}
[2026-02-26T13:16:10.755649Z INFO  maelstrom::runtime] Received {"id":156,"src":"c18","dest":"n2","body":{"key":0,"from":4,"to":4,"type":"cas","msg_id":3}}
Node  received CAS (not implemented)
[2026-02-26T13:16:10.755756Z INFO  maelstrom::runtime] Sent {"src":"n2","dest":"c18","body":{"in_reply_to":3,"type":"cas_ok"}}
[2026-02-26T13:16:10.871572Z INFO  maelstrom::runtime] Received {"id":177,"src":"c18","dest":"n2","body":{"key":0,"from":3,"to":1,"type":"cas","msg_id":4}}
Node  received CAS (not implemented)
[2026-02-26T13:16:10.871766Z INFO  maelstrom::runtime] Sent {"src":"n2","dest":"c18","body":{"in_reply_to":4,"type":"cas_ok"}}
