[2026-02-26T13:16:09.929819Z INFO  maelstrom::runtime] Received {"id":3,"src":"c3","dest":"n3","body":{"type":"init","node_id":"n3","node_ids":["n0","n1","n2","n3","n4"],"msg_id":1}}
Node n3 initializing. Total nodes in cluster: 5. All nodes: ["n0", "n1", "n2", "n3", "n4"]
[2026-02-26T13:16:09.930304Z INFO  maelstrom::runtime] Sent {"src":"n3","dest":"c3","body":{"in_reply_to":1,"type":"init_ok"}}
[2026-02-26T13:16:10.317568Z INFO  maelstrom::runtime] Received {"id":82,"src":"c17","dest":"n3","body":{"key":0,"type":"read","msg_id":1}}
Node  received READ for key 0
[2026-02-26T13:16:10.317828Z INFO  maelstrom::runtime] Sent {"src":"n3","dest":"c17","body":{"in_reply_to":1,"type":"read_ok","value":0}}
[2026-02-26T13:16:10.393126Z INFO  maelstrom::runtime] Received {"id":92,"src":"c19","dest":"n3","body":{"key":0,"from":2,"to":0,"type":"cas","msg_id":1}}
Node  received CAS (not implemented)
[2026-02-26T13:16:10.393409Z INFO  maelstrom::runtime] Sent {"src":"n3","dest":"c19","body":{"in_reply_to":1,"type":"cas_ok"}}
[2026-02-26T13:16:10.499124Z INFO  maelstrom::runtime] Received {"id":114,"src":"c19","dest":"n3","body":{"key":0,"from":4,"to":3,"type":"cas","msg_id":2}}
Node  received CAS (not implemented)
[2026-02-26T13:16:10.499401Z INFO  maelstrom::runtime] Sent {"src":"n3","dest":"c19","body":{"in_reply_to":2,"type":"cas_ok"}}
[2026-02-26T13:16:10.570756Z INFO  maelstrom::runtime] Received {"id":126,"src":"c17","dest":"n3","body":{"key":0,"type":"read","msg_id":2}}
Node  received READ for key 0
[2026-02-26T13:16:10.571005Z INFO  maelstrom::runtime] Sent {"src":"n3","dest":"c17","body":{"in_reply_to":2,"type":"read_ok","value":0}}
[2026-02-26T13:16:10.764646Z INFO  maelstrom::runtime] Received {"id":158,"src":"c19","dest":"n3","body":{"key":0,"from":2,"to":1,"type":"cas","msg_id":3}}
Node  received CAS (not implemented)
[2026-02-26T13:16:10.764825Z INFO  maelstrom::runtime] Sent {"src":"n3","dest":"c19","body":{"in_reply_to":3,"type":"cas_ok"}}
[2026-02-26T13:16:10.844478Z INFO  maelstrom::runtime] Received {"id":170,"src":"c17","dest":"n3","body":{"key":0,"type":"read","msg_id":3}}
Node  received READ for key 0
[2026-02-26T13:16:10.844736Z INFO  maelstrom::runtime] Sent {"src":"n3","dest":"c17","body":{"in_reply_to":3,"type":"read_ok","value":0}}
[2026-02-26T13:16:10.941928Z INFO  maelstrom::runtime] Received {"id":192,"src":"c17","dest":"n3","body":{"key":0,"type":"read","msg_id":4}}
Node  received READ for key 0
[2026-02-26T13:16:10.942157Z INFO  maelstrom::runtime] Sent {"src":"n3","dest":"c17","body":{"in_reply_to":4,"type":"read_ok","value":0}}
