[2026-02-26T13:16:09.929824Z INFO  maelstrom::runtime] Received {"id":2,"src":"c2","dest":"n4","body":{"type":"init","node_id":"n4","node_ids":["n0","n1","n2","n3","n4"],"msg_id":1}}
Node n4 initializing. Total nodes in cluster: 5. All nodes: ["n0", "n1", "n2", "n3", "n4"]
[2026-02-26T13:16:09.930098Z INFO  maelstrom::runtime] Sent {"src":"n4","dest":"c2","body":{"in_reply_to":1,"type":"init_ok"}}
[2026-02-26T13:16:10.092865Z INFO  maelstrom::runtime] Received {"id":40,"src":"c14","dest":"n4","body":{"key":0,"type":"read","msg_id":1}}
Node  received READ for key 0
[2026-02-26T13:16:10.093024Z INFO  maelstrom::runtime] Sent {"src":"n4","dest":"c14","body":{"in_reply_to":1,"type":"read_ok","value":0}}
[2026-02-26T13:16:10.150222Z INFO  maelstrom::runtime] Received {"id":50,"src":"c15","dest":"n4","body":{"key":0,"from":2,"to":0,"type":"cas","msg_id":1}}
Node  received CAS (not implemented)
[2026-02-26T13:16:10.150499Z INFO  maelstrom::runtime] Sent {"src":"n4","dest":"c15","body":{"in_reply_to":1,"type":"cas_ok"}}
[2026-02-26T13:16:10.282073Z INFO  maelstrom::runtime] Received {"id":72,"src":"c15","dest":"n4","body":{"key":0,"value":1,"type":"write","msg_id":2}}
Node  received WRITE: 0=1
[2026-02-26T13:16:10.282345Z INFO  maelstrom::runtime] Sent {"src":"n4","dest":"c15","body":{"in_reply_to":2,"type":"write_ok"}}
[2026-02-26T13:16:10.337077Z INFO  maelstrom::runtime] Received {"id":84,"src":"c14","dest":"n4","body":{"key":0,"type":"read","msg_id":2}}
Node  received READ for key 0
[2026-02-26T13:16:10.337353Z INFO  maelstrom::runtime] Sent {"src":"n4","dest":"c14","body":{"in_reply_to":2,"type":"read_ok","value":0}}
[2026-02-26T13:16:10.392805Z INFO  maelstrom::runtime] Received {"id":93,"src":"c15","dest":"n4","body":{"key":0,"value":4,"type":"write","msg_id":3}}
Node  received WRITE: 0=4
[2026-02-26T13:16:10.393112Z INFO  maelstrom::runtime] Sent {"src":"n4","dest":"c15","body":{"in_reply_to":3,"type":"write_ok"}}
[2026-02-26T13:16:10.581971Z INFO  maelstrom::runtime] Received {"id":128,"src":"c14","dest":"n4","body":{"key":0,"type":"read","msg_id":3}}
Node  received READ for key 0
[2026-02-26T13:16:10.582200Z INFO  maelstrom::runtime] Sent {"src":"n4","dest":"c14","body":{"in_reply_to":3,"type":"read_ok","value":0}}
[2026-02-26T13:16:10.863258Z INFO  maelstrom::runtime] Received {"id":172,"src":"c14","dest":"n4","body":{"key":0,"type":"read","msg_id":4}}
Node  received READ for key 0
[2026-02-26T13:16:10.863534Z INFO  maelstrom::runtime] Sent {"src":"n4","dest":"c14","body":{"in_reply_to":4,"type":"read_ok","value":0}}
