2026-02-26 14:19:42,903{GMT}	INFO	[jepsen test runner] jepsen.core: Test version cae4e7ea62e897578bc7cb05acf3c5d06f2c031e (plus uncommitted changes)
2026-02-26 14:19:42,904{GMT}	INFO	[jepsen test runner] jepsen.core: Command line:
lein run test -w lin-kv --bin target/release/shim --node-count 5 --concurrency 2n --time-limit 1 --rate 100 --log-stderr
2026-02-26 14:19:42,939{GMT}	INFO	[jepsen test runner] jepsen.core: Running test:
{:args []
 :remote
 #jepsen.control.retry.Remote{:remote #jepsen.control.scp.Remote{:cmd-remote #jepsen.control.sshj.SSHJRemote{:concurrency-limit 6,
                                                                                                             :conn-spec nil,
                                                                                                             :client nil,
                                                                                                             :semaphore nil},
                                                                 :conn-spec nil},
                              :conn nil}
 :log-net-send false
 :node-count 5
 :availability nil
 :max-txn-length 4
 :concurrency 10
 :db
 #object[maelstrom.db$db$reify__16612
         "0x4ebf82d9"
         "maelstrom.db$db$reify__16612@4ebf82d9"]
 :max-writes-per-key 16
 :leave-db-running? false
 :name "lin-kv"
 :logging-json? false
 :start-time
 #object[org.joda.time.DateTime "0x7d26b390" "2026-02-26T14:19:42.889+01:00"]
 :nemesis-interval 10
 :net
 #object[maelstrom.net$jepsen_net$reify__15721
         "0x6ff5eeed"
         "maelstrom.net$jepsen_net$reify__15721@6ff5eeed"]
 :client
 #object[maelstrom.workload.lin_kv$client$reify__20973
         "0x76b49d0"
         "maelstrom.workload.lin_kv$client$reify__20973@76b49d0"]
 :barrier
 #object[java.util.concurrent.CyclicBarrier
         "0x223c42b0"
         "java.util.concurrent.CyclicBarrier@223c42b0"]
 :log-stderr true
 :pure-generators true
 :ssh {:dummy? true}
 :rate 100.0
 :checker
 #object[jepsen.checker$compose$reify__11089
         "0x6acedf54"
         "jepsen.checker$compose$reify__11089@6acedf54"]
 :argv
 ("test"
  "-w"
  "lin-kv"
  "--bin"
  "target/release/shim"
  "--node-count"
  "5"
  "--concurrency"
  "2n"
  "--time-limit"
  "1"
  "--rate"
  "100"
  "--log-stderr")
 :nemesis
 (jepsen.nemesis.ReflCompose
  {:fm {:start-partition 0,
        :stop-partition 0,
        :kill 1,
        :start 1,
        :pause 1,
        :resume 1},
   :nemeses [#unprintable "jepsen.nemesis.combined$partition_nemesis$reify__16905@2a0cc666"
             #unprintable "jepsen.nemesis.combined$db_nemesis$reify__16886@77f43f3e"]})
 :nodes ["n0" "n1" "n2" "n3" "n4"]
 :test-count 1
 :latency {:mean 0, :dist :constant}
 :bin "target/release/shim"
 :generator
 #object[jepsen.util.Forgettable
         "0x67a6f2c4"
         (jepsen.generator.TimeLimit
          {:limit 1000000000,
           :cutoff nil,
           :gen (jepsen.generator.Any
                 {:gens [(jepsen.generator.OnThreads
                          {:f #{:nemesis},
                           :context-filter #object[jepsen.generator.context$make_thread_filter$lazy_filter__12077
                                                   "0x36e23af"
                                                   "jepsen.generator.context$make_thread_filter$lazy_filter__12077@36e23af"],
                           :gen nil})
                         (jepsen.generator.OnThreads
                          {:f #jepsen.generator.context.AllBut{:element :nemesis},
                           :context-filter #object[jepsen.generator.context$make_thread_filter$lazy_filter__12077
                                                   "0x5e4a9c16"
                                                   "jepsen.generator.context$make_thread_filter$lazy_filter__12077@5e4a9c16"],
                           :gen (jepsen.generator.Stagger
                                 {:dt 20000000,
                                  :next-time nil,
                                  :gen (jepsen.generator.OnThreads
                                        {:f #jepsen.generator.context.AllBut{:element :nemesis},
                                         :context-filter #object[jepsen.generator.context$make_thread_filter$lazy_filter__12077
                                                                 "0x544ee437"
                                                                 "jepsen.generator.context$make_thread_filter$lazy_filter__12077@544ee437"],
                                         :gen (jepsen.independent.ConcurrentGenerator
                                               {:n 10,
                                                :fgen #object[jepsen.tests.linearizable_register$test$fn__17385
                                                              "0xffd26d1"
                                                              "jepsen.tests.linearizable_register$test$fn__17385@ffd26d1"],
                                                :group->threads nil,
                                                :thread->group nil,
                                                :group->context-filter nil,
                                                :keys (0 1 2 3 4 5 6 7 ...),
                                                :gens nil})})})})]})})]
 :log-net-recv false
 :os
 #object[maelstrom.net$jepsen_os$reify__15724
         "0x775c865f"
         "maelstrom.net$jepsen_os$reify__15724@775c865f"]
 :time-limit 1
 :workload :lin-kv
 :consistency-models [:strict-serializable]
 :topology :grid}

2026-02-26 14:19:44,023{GMT}	INFO	[jepsen node n0] maelstrom.net: Starting Maelstrom network
2026-02-26 14:19:44,024{GMT}	INFO	[jepsen test runner] jepsen.db: Tearing down DB
2026-02-26 14:19:44,025{GMT}	INFO	[jepsen test runner] jepsen.db: Setting up DB
2026-02-26 14:19:44,026{GMT}	INFO	[jepsen node n2] maelstrom.db: Setting up n2
2026-02-26 14:19:44,026{GMT}	INFO	[jepsen node n1] maelstrom.db: Setting up n1
2026-02-26 14:19:44,026{GMT}	INFO	[jepsen node n3] maelstrom.db: Setting up n3
2026-02-26 14:19:44,026{GMT}	INFO	[jepsen node n4] maelstrom.db: Setting up n4
2026-02-26 14:19:44,026{GMT}	INFO	[jepsen node n4] maelstrom.process: launching target/release/shim []
2026-02-26 14:19:44,026{GMT}	INFO	[jepsen node n2] maelstrom.process: launching target/release/shim []
2026-02-26 14:19:44,026{GMT}	INFO	[jepsen node n1] maelstrom.process: launching target/release/shim []
2026-02-26 14:19:44,026{GMT}	INFO	[jepsen node n3] maelstrom.process: launching target/release/shim []
2026-02-26 14:19:44,027{GMT}	INFO	[jepsen node n0] maelstrom.service: Starting services: (lin-kv lin-tso lww-kv seq-kv)
2026-02-26 14:19:44,028{GMT}	INFO	[jepsen node n0] maelstrom.db: Setting up n0
2026-02-26 14:19:44,028{GMT}	INFO	[jepsen node n0] maelstrom.process: launching target/release/shim []
2026-02-26 14:19:44,039{GMT}	INFO	[n3 stderr] maelstrom.process: [2026-02-26T13:19:44.039028Z INFO  maelstrom::runtime] Received {"id":3,"src":"c3","dest":"n3","body":{"type":"init","node_id":"n3","node_ids":["n0","n1","n2","n3","n4"],"msg_id":1}}
2026-02-26 14:19:44,039{GMT}	INFO	[n4 stderr] maelstrom.process: [2026-02-26T13:19:44.039001Z INFO  maelstrom::runtime] Received {"id":2,"src":"c2","dest":"n4","body":{"type":"init","node_id":"n4","node_ids":["n0","n1","n2","n3","n4"],"msg_id":1}}
2026-02-26 14:19:44,039{GMT}	INFO	[n2 stderr] maelstrom.process: [2026-02-26T13:19:44.039022Z INFO  maelstrom::runtime] Received {"id":1,"src":"c0","dest":"n2","body":{"type":"init","node_id":"n2","node_ids":["n0","n1","n2","n3","n4"],"msg_id":1}}
2026-02-26 14:19:44,039{GMT}	INFO	[n0 stderr] maelstrom.process: [2026-02-26T13:19:44.039013Z INFO  maelstrom::runtime] Received {"id":4,"src":"c4","dest":"n0","body":{"type":"init","node_id":"n0","node_ids":["n0","n1","n2","n3","n4"],"msg_id":1}}
2026-02-26 14:19:44,039{GMT}	INFO	[n4 stderr] maelstrom.process: Node n4 initializing. Total nodes in cluster: 5. All nodes: ["n0", "n1", "n2", "n3", "n4"]
2026-02-26 14:19:44,039{GMT}	INFO	[n1 stderr] maelstrom.process: [2026-02-26T13:19:44.039035Z INFO  maelstrom::runtime] Received {"id":0,"src":"c1","dest":"n1","body":{"type":"init","node_id":"n1","node_ids":["n0","n1","n2","n3","n4"],"msg_id":1}}
2026-02-26 14:19:44,039{GMT}	INFO	[n3 stderr] maelstrom.process: Node n3 initializing. Total nodes in cluster: 5. All nodes: ["n0", "n1", "n2", "n3", "n4"]
2026-02-26 14:19:44,039{GMT}	INFO	[n4 stderr] maelstrom.process: [2026-02-26T13:19:44.039594Z INFO  maelstrom::runtime] Sent {"src":"n4","dest":"c2","body":{"in_reply_to":1,"type":"init_ok"}}
2026-02-26 14:19:44,039{GMT}	INFO	[n0 stderr] maelstrom.process: Node n0 initializing. Total nodes in cluster: 5. All nodes: ["n0", "n1", "n2", "n3", "n4"]
2026-02-26 14:19:44,039{GMT}	INFO	[n3 stderr] maelstrom.process: [2026-02-26T13:19:44.039256Z INFO  maelstrom::runtime] Sent {"src":"n3","dest":"c3","body":{"in_reply_to":1,"type":"init_ok"}}
2026-02-26 14:19:44,039{GMT}	INFO	[n1 stderr] maelstrom.process: Node n1 initializing. Total nodes in cluster: 5. All nodes: ["n0", "n1", "n2", "n3", "n4"]
2026-02-26 14:19:44,039{GMT}	INFO	[n0 stderr] maelstrom.process: [2026-02-26T13:19:44.039332Z INFO  maelstrom::runtime] Sent {"src":"n0","dest":"c4","body":{"in_reply_to":1,"type":"init_ok"}}
2026-02-26 14:19:44,039{GMT}	INFO	[n1 stderr] maelstrom.process: [2026-02-26T13:19:44.039493Z INFO  maelstrom::runtime] Sent {"src":"n1","dest":"c1","body":{"in_reply_to":1,"type":"init_ok"}}
2026-02-26 14:19:44,040{GMT}	INFO	[n2 stderr] maelstrom.process: Node n2 initializing. Total nodes in cluster: 5. All nodes: ["n0", "n1", "n2", "n3", "n4"]
2026-02-26 14:19:44,040{GMT}	INFO	[n2 stderr] maelstrom.process: [2026-02-26T13:19:44.040093Z INFO  maelstrom::runtime] Sent {"src":"n2","dest":"c0","body":{"in_reply_to":1,"type":"init_ok"}}
2026-02-26 14:19:44,046{GMT}	INFO	[jepsen test runner] jepsen.core: Relative time begins now
2026-02-26 14:19:44,064{GMT}	INFO	[jepsen worker 5] jepsen.util: 5	:invoke	:cas	[0 [2 3]]
2026-02-26 14:19:44,065{GMT}	INFO	[n0 stderr] maelstrom.process: [2026-02-26T13:19:44.065551Z INFO  maelstrom::runtime] Received {"id":10,"src":"c10","dest":"n0","body":{"key":0,"from":2,"to":3,"type":"cas","msg_id":1}}
2026-02-26 14:19:44,065{GMT}	INFO	[n0 stderr] maelstrom.process: Node  received CAS (not implemented)
2026-02-26 14:19:44,065{GMT}	INFO	[n0 stderr] maelstrom.process: [2026-02-26T13:19:44.065625Z INFO  maelstrom::runtime] Sent {"src":"n0","dest":"c10","body":{"in_reply_to":1,"type":"cas_ok"}}
2026-02-26 14:19:44,066{GMT}	INFO	[jepsen worker 5] jepsen.util: 5	:ok	:cas	[0 [2 3]]
2026-02-26 14:19:44,077{GMT}	INFO	[jepsen worker 5] jepsen.util: 5	:invoke	:cas	[0 [1 3]]
2026-02-26 14:19:44,079{GMT}	INFO	[n0 stderr] maelstrom.process: [2026-02-26T13:19:44.078883Z INFO  maelstrom::runtime] Received {"id":12,"src":"c10","dest":"n0","body":{"key":0,"from":1,"to":3,"type":"cas","msg_id":2}}
2026-02-26 14:19:44,079{GMT}	INFO	[n0 stderr] maelstrom.process: Node  received CAS (not implemented)
2026-02-26 14:19:44,079{GMT}	INFO	[n0 stderr] maelstrom.process: [2026-02-26T13:19:44.079003Z INFO  maelstrom::runtime] Sent {"src":"n0","dest":"c10","body":{"in_reply_to":2,"type":"cas_ok"}}
2026-02-26 14:19:44,079{GMT}	INFO	[jepsen worker 5] jepsen.util: 5	:ok	:cas	[0 [1 3]]
2026-02-26 14:19:44,080{GMT}	INFO	[jepsen worker 2] jepsen.util: 2	:invoke	:read	[0 nil]
2026-02-26 14:19:44,081{GMT}	INFO	[n2 stderr] maelstrom.process: [2026-02-26T13:19:44.081307Z INFO  maelstrom::runtime] Received {"id":14,"src":"c11","dest":"n2","body":{"key":0,"type":"read","msg_id":1}}
2026-02-26 14:19:44,081{GMT}	INFO	[n2 stderr] maelstrom.process: Node  received READ for key 0
2026-02-26 14:19:44,081{GMT}	INFO	[n2 stderr] maelstrom.process: [2026-02-26T13:19:44.081431Z INFO  maelstrom::runtime] Sent {"src":"n2","dest":"c11","body":{"in_reply_to":1,"type":"read_ok","value":0}}
2026-02-26 14:19:44,082{GMT}	INFO	[jepsen worker 2] jepsen.util: 2	:ok	:read	[0 0]
2026-02-26 14:19:44,095{GMT}	INFO	[jepsen worker 3] jepsen.util: 3	:invoke	:read	[0 nil]
2026-02-26 14:19:44,097{GMT}	INFO	[n3 stderr] maelstrom.process: [2026-02-26T13:19:44.096802Z INFO  maelstrom::runtime] Received {"id":16,"src":"c12","dest":"n3","body":{"key":0,"type":"read","msg_id":1}}
2026-02-26 14:19:44,097{GMT}	INFO	[n3 stderr] maelstrom.process: Node  received READ for key 0
2026-02-26 14:19:44,097{GMT}	INFO	[n3 stderr] maelstrom.process: [2026-02-26T13:19:44.096965Z INFO  maelstrom::runtime] Sent {"src":"n3","dest":"c12","body":{"in_reply_to":1,"type":"read_ok","value":0}}
2026-02-26 14:19:44,097{GMT}	INFO	[jepsen worker 3] jepsen.util: 3	:ok	:read	[0 0]
2026-02-26 14:19:44,116{GMT}	INFO	[jepsen worker 5] jepsen.util: 5	:invoke	:cas	[0 [4 4]]
2026-02-26 14:19:44,116{GMT}	INFO	[n0 stderr] maelstrom.process: [2026-02-26T13:19:44.116640Z INFO  maelstrom::runtime] Received {"id":18,"src":"c10","dest":"n0","body":{"key":0,"from":4,"to":4,"type":"cas","msg_id":3}}
2026-02-26 14:19:44,116{GMT}	INFO	[n0 stderr] maelstrom.process: Node  received CAS (not implemented)
2026-02-26 14:19:44,117{GMT}	INFO	[n0 stderr] maelstrom.process: [2026-02-26T13:19:44.116705Z INFO  maelstrom::runtime] Sent {"src":"n0","dest":"c10","body":{"in_reply_to":3,"type":"cas_ok"}}
2026-02-26 14:19:44,117{GMT}	INFO	[jepsen worker 5] jepsen.util: 5	:ok	:cas	[0 [4 4]]
2026-02-26 14:19:44,135{GMT}	INFO	[jepsen worker 5] jepsen.util: 5	:invoke	:cas	[0 [3 4]]
2026-02-26 14:19:44,136{GMT}	INFO	[n0 stderr] maelstrom.process: [2026-02-26T13:19:44.136642Z INFO  maelstrom::runtime] Received {"id":20,"src":"c10","dest":"n0","body":{"key":0,"from":3,"to":4,"type":"cas","msg_id":4}}
2026-02-26 14:19:44,136{GMT}	INFO	[n0 stderr] maelstrom.process: Node  received CAS (not implemented)
2026-02-26 14:19:44,137{GMT}	INFO	[n0 stderr] maelstrom.process: [2026-02-26T13:19:44.136709Z INFO  maelstrom::runtime] Sent {"src":"n0","dest":"c10","body":{"in_reply_to":4,"type":"cas_ok"}}
2026-02-26 14:19:44,137{GMT}	INFO	[jepsen worker 5] jepsen.util: 5	:ok	:cas	[0 [3 4]]
2026-02-26 14:19:44,155{GMT}	INFO	[jepsen worker 6] jepsen.util: 6	:invoke	:write	[0 1]
2026-02-26 14:19:44,156{GMT}	INFO	[n1 stderr] maelstrom.process: [2026-02-26T13:19:44.156121Z INFO  maelstrom::runtime] Received {"id":22,"src":"c13","dest":"n1","body":{"key":0,"value":1,"type":"write","msg_id":1}}
2026-02-26 14:19:44,156{GMT}	INFO	[n1 stderr] maelstrom.process: Node  received WRITE: 0=1
2026-02-26 14:19:44,156{GMT}	INFO	[n1 stderr] maelstrom.process: [2026-02-26T13:19:44.156264Z INFO  maelstrom::runtime] Sent {"src":"n1","dest":"c13","body":{"in_reply_to":1,"type":"write_ok"}}
2026-02-26 14:19:44,156{GMT}	INFO	[jepsen worker 6] jepsen.util: 6	:ok	:write	[0 1]
2026-02-26 14:19:44,171{GMT}	INFO	[jepsen worker 0] jepsen.util: 0	:invoke	:read	[0 nil]
2026-02-26 14:19:44,172{GMT}	INFO	[n0 stderr] maelstrom.process: [2026-02-26T13:19:44.172656Z INFO  maelstrom::runtime] Received {"id":24,"src":"c14","dest":"n0","body":{"key":0,"type":"read","msg_id":1}}
2026-02-26 14:19:44,172{GMT}	INFO	[n0 stderr] maelstrom.process: Node  received READ for key 0
2026-02-26 14:19:44,173{GMT}	INFO	[n0 stderr] maelstrom.process: [2026-02-26T13:19:44.172708Z INFO  maelstrom::runtime] Sent {"src":"n0","dest":"c14","body":{"in_reply_to":1,"type":"read_ok","value":0}}
2026-02-26 14:19:44,173{GMT}	INFO	[jepsen worker 0] jepsen.util: 0	:ok	:read	[0 0]
2026-02-26 14:19:44,175{GMT}	INFO	[jepsen worker 0] jepsen.util: 0	:invoke	:read	[0 nil]
2026-02-26 14:19:44,175{GMT}	INFO	[n0 stderr] maelstrom.process: [2026-02-26T13:19:44.175573Z INFO  maelstrom::runtime] Received {"id":26,"src":"c14","dest":"n0","body":{"key":0,"type":"read","msg_id":2}}
2026-02-26 14:19:44,175{GMT}	INFO	[n0 stderr] maelstrom.process: Node  received READ for key 0
2026-02-26 14:19:44,175{GMT}	INFO	[n0 stderr] maelstrom.process: [2026-02-26T13:19:44.175678Z INFO  maelstrom::runtime] Sent {"src":"n0","dest":"c14","body":{"in_reply_to":2,"type":"read_ok","value":0}}
2026-02-26 14:19:44,176{GMT}	INFO	[jepsen worker 0] jepsen.util: 0	:ok	:read	[0 0]
2026-02-26 14:19:44,176{GMT}	INFO	[jepsen worker 0] jepsen.util: 0	:invoke	:read	[0 nil]
2026-02-26 14:19:44,177{GMT}	INFO	[n0 stderr] maelstrom.process: [2026-02-26T13:19:44.177295Z INFO  maelstrom::runtime] Received {"id":28,"src":"c14","dest":"n0","body":{"key":0,"type":"read","msg_id":3}}
2026-02-26 14:19:44,177{GMT}	INFO	[n0 stderr] maelstrom.process: Node  received READ for key 0
2026-02-26 14:19:44,177{GMT}	INFO	[n0 stderr] maelstrom.process: [2026-02-26T13:19:44.177436Z INFO  maelstrom::runtime] Sent {"src":"n0","dest":"c14","body":{"in_reply_to":3,"type":"read_ok","value":0}}
2026-02-26 14:19:44,177{GMT}	INFO	[jepsen worker 0] jepsen.util: 0	:ok	:read	[0 0]
2026-02-26 14:19:44,191{GMT}	INFO	[jepsen worker 0] jepsen.util: 0	:invoke	:read	[0 nil]
2026-02-26 14:19:44,192{GMT}	INFO	[n0 stderr] maelstrom.process: [2026-02-26T13:19:44.192455Z INFO  maelstrom::runtime] Received {"id":30,"src":"c14","dest":"n0","body":{"key":0,"type":"read","msg_id":4}}
2026-02-26 14:19:44,192{GMT}	INFO	[n0 stderr] maelstrom.process: Node  received READ for key 0
2026-02-26 14:19:44,192{GMT}	INFO	[n0 stderr] maelstrom.process: [2026-02-26T13:19:44.192610Z INFO  maelstrom::runtime] Sent {"src":"n0","dest":"c14","body":{"in_reply_to":4,"type":"read_ok","value":0}}
2026-02-26 14:19:44,193{GMT}	INFO	[jepsen worker 0] jepsen.util: 0	:ok	:read	[0 0]
2026-02-26 14:19:44,199{GMT}	INFO	[jepsen worker 0] jepsen.util: 0	:invoke	:read	[0 nil]
2026-02-26 14:19:44,200{GMT}	INFO	[n0 stderr] maelstrom.process: [2026-02-26T13:19:44.199988Z INFO  maelstrom::runtime] Received {"id":32,"src":"c14","dest":"n0","body":{"key":0,"type":"read","msg_id":5}}
2026-02-26 14:19:44,200{GMT}	INFO	[n0 stderr] maelstrom.process: Node  received READ for key 0
2026-02-26 14:19:44,200{GMT}	INFO	[n0 stderr] maelstrom.process: [2026-02-26T13:19:44.200164Z INFO  maelstrom::runtime] Sent {"src":"n0","dest":"c14","body":{"in_reply_to":5,"type":"read_ok","value":0}}
2026-02-26 14:19:44,200{GMT}	INFO	[jepsen worker 0] jepsen.util: 0	:ok	:read	[0 0]
2026-02-26 14:19:44,214{GMT}	INFO	[jepsen worker 5] jepsen.util: 5	:invoke	:cas	[0 [0 0]]
2026-02-26 14:19:44,215{GMT}	INFO	[n0 stderr] maelstrom.process: [2026-02-26T13:19:44.215096Z INFO  maelstrom::runtime] Received {"id":34,"src":"c10","dest":"n0","body":{"key":0,"from":0,"to":0,"type":"cas","msg_id":5}}
2026-02-26 14:19:44,215{GMT}	INFO	[n0 stderr] maelstrom.process: Node  received CAS (not implemented)
2026-02-26 14:19:44,215{GMT}	INFO	[n0 stderr] maelstrom.process: [2026-02-26T13:19:44.215296Z INFO  maelstrom::runtime] Sent {"src":"n0","dest":"c10","body":{"in_reply_to":5,"type":"cas_ok"}}
2026-02-26 14:19:44,216{GMT}	INFO	[jepsen worker 5] jepsen.util: 5	:ok	:cas	[0 [0 0]]
2026-02-26 14:19:44,232{GMT}	INFO	[jepsen worker 2] jepsen.util: 2	:invoke	:read	[0 nil]
2026-02-26 14:19:44,233{GMT}	INFO	[n2 stderr] maelstrom.process: [2026-02-26T13:19:44.233328Z INFO  maelstrom::runtime] Received {"id":36,"src":"c11","dest":"n2","body":{"key":0,"type":"read","msg_id":2}}
2026-02-26 14:19:44,233{GMT}	INFO	[n2 stderr] maelstrom.process: Node  received READ for key 0
2026-02-26 14:19:44,234{GMT}	INFO	[n2 stderr] maelstrom.process: [2026-02-26T13:19:44.233538Z INFO  maelstrom::runtime] Sent {"src":"n2","dest":"c11","body":{"in_reply_to":2,"type":"read_ok","value":0}}
2026-02-26 14:19:44,234{GMT}	INFO	[jepsen worker 2] jepsen.util: 2	:ok	:read	[0 0]
2026-02-26 14:19:44,247{GMT}	INFO	[jepsen worker 5] jepsen.util: 5	:invoke	:write	[0 1]
2026-02-26 14:19:44,249{GMT}	INFO	[n0 stderr] maelstrom.process: [2026-02-26T13:19:44.249469Z INFO  maelstrom::runtime] Received {"id":38,"src":"c10","dest":"n0","body":{"key":0,"value":1,"type":"write","msg_id":6}}
2026-02-26 14:19:44,250{GMT}	INFO	[n0 stderr] maelstrom.process: Node  received WRITE: 0=1
2026-02-26 14:19:44,250{GMT}	INFO	[n0 stderr] maelstrom.process: [2026-02-26T13:19:44.249713Z INFO  maelstrom::runtime] Sent {"src":"n0","dest":"c10","body":{"in_reply_to":6,"type":"write_ok"}}
2026-02-26 14:19:44,251{GMT}	INFO	[jepsen worker 5] jepsen.util: 5	:ok	:write	[0 1]
2026-02-26 14:19:44,268{GMT}	INFO	[jepsen worker 4] jepsen.util: 4	:invoke	:read	[0 nil]
2026-02-26 14:19:44,271{GMT}	INFO	[n4 stderr] maelstrom.process: [2026-02-26T13:19:44.270986Z INFO  maelstrom::runtime] Received {"id":40,"src":"c15","dest":"n4","body":{"key":0,"type":"read","msg_id":1}}
2026-02-26 14:19:44,272{GMT}	INFO	[n4 stderr] maelstrom.process: Node  received READ for key 0
2026-02-26 14:19:44,272{GMT}	INFO	[n4 stderr] maelstrom.process: [2026-02-26T13:19:44.271279Z INFO  maelstrom::runtime] Sent {"src":"n4","dest":"c15","body":{"in_reply_to":1,"type":"read_ok","value":0}}
2026-02-26 14:19:44,273{GMT}	INFO	[jepsen worker 4] jepsen.util: 4	:ok	:read	[0 0]
2026-02-26 14:19:44,281{GMT}	INFO	[jepsen worker 5] jepsen.util: 5	:invoke	:cas	[0 [4 1]]
2026-02-26 14:19:44,283{GMT}	INFO	[n0 stderr] maelstrom.process: [2026-02-26T13:19:44.283431Z INFO  maelstrom::runtime] Received {"id":42,"src":"c10","dest":"n0","body":{"key":0,"from":4,"to":1,"type":"cas","msg_id":7}}
2026-02-26 14:19:44,284{GMT}	INFO	[n0 stderr] maelstrom.process: Node  received CAS (not implemented)
2026-02-26 14:19:44,284{GMT}	INFO	[n0 stderr] maelstrom.process: [2026-02-26T13:19:44.283730Z INFO  maelstrom::runtime] Sent {"src":"n0","dest":"c10","body":{"in_reply_to":7,"type":"cas_ok"}}
2026-02-26 14:19:44,285{GMT}	INFO	[jepsen worker 5] jepsen.util: 5	:ok	:cas	[0 [4 1]]
2026-02-26 14:19:44,301{GMT}	INFO	[jepsen worker 0] jepsen.util: 0	:invoke	:read	[0 nil]
2026-02-26 14:19:44,303{GMT}	INFO	[n0 stderr] maelstrom.process: [2026-02-26T13:19:44.303019Z INFO  maelstrom::runtime] Received {"id":44,"src":"c14","dest":"n0","body":{"key":0,"type":"read","msg_id":6}}
2026-02-26 14:19:44,304{GMT}	INFO	[n0 stderr] maelstrom.process: Node  received READ for key 0
2026-02-26 14:19:44,304{GMT}	INFO	[n0 stderr] maelstrom.process: [2026-02-26T13:19:44.303346Z INFO  maelstrom::runtime] Sent {"src":"n0","dest":"c14","body":{"in_reply_to":6,"type":"read_ok","value":0}}
2026-02-26 14:19:44,304{GMT}	INFO	[jepsen worker 0] jepsen.util: 0	:ok	:read	[0 0]
2026-02-26 14:19:44,310{GMT}	INFO	[jepsen worker 7] jepsen.util: 7	:invoke	:cas	[0 [2 1]]
2026-02-26 14:19:44,313{GMT}	INFO	[n2 stderr] maelstrom.process: [2026-02-26T13:19:44.313054Z INFO  maelstrom::runtime] Received {"id":46,"src":"c16","dest":"n2","body":{"key":0,"from":2,"to":1,"type":"cas","msg_id":1}}
2026-02-26 14:19:44,314{GMT}	INFO	[n2 stderr] maelstrom.process: Node  received CAS (not implemented)
2026-02-26 14:19:44,314{GMT}	INFO	[n2 stderr] maelstrom.process: [2026-02-26T13:19:44.313326Z INFO  maelstrom::runtime] Sent {"src":"n2","dest":"c16","body":{"in_reply_to":1,"type":"cas_ok"}}
2026-02-26 14:19:44,314{GMT}	INFO	[jepsen worker 7] jepsen.util: 7	:ok	:cas	[0 [2 1]]
2026-02-26 14:19:44,327{GMT}	INFO	[jepsen worker 8] jepsen.util: 8	:invoke	:cas	[0 [2 4]]
2026-02-26 14:19:44,331{GMT}	INFO	[n3 stderr] maelstrom.process: [2026-02-26T13:19:44.330727Z INFO  maelstrom::runtime] Received {"id":48,"src":"c17","dest":"n3","body":{"key":0,"from":2,"to":4,"type":"cas","msg_id":1}}
2026-02-26 14:19:44,331{GMT}	INFO	[jepsen worker 9] jepsen.util: 9	:invoke	:write	[0 3]
2026-02-26 14:19:44,332{GMT}	INFO	[n3 stderr] maelstrom.process: Node  received CAS (not implemented)
2026-02-26 14:19:44,332{GMT}	INFO	[jepsen worker 8] jepsen.util: 8	:ok	:cas	[0 [2 4]]
2026-02-26 14:19:44,332{GMT}	INFO	[n3 stderr] maelstrom.process: [2026-02-26T13:19:44.331002Z INFO  maelstrom::runtime] Sent {"src":"n3","dest":"c17","body":{"in_reply_to":1,"type":"cas_ok"}}
2026-02-26 14:19:44,334{GMT}	INFO	[n4 stderr] maelstrom.process: [2026-02-26T13:19:44.334280Z INFO  maelstrom::runtime] Received {"id":50,"src":"c18","dest":"n4","body":{"key":0,"value":3,"type":"write","msg_id":1}}
2026-02-26 14:19:44,335{GMT}	INFO	[n4 stderr] maelstrom.process: Node  received WRITE: 0=3
2026-02-26 14:19:44,335{GMT}	INFO	[n4 stderr] maelstrom.process: [2026-02-26T13:19:44.334578Z INFO  maelstrom::runtime] Sent {"src":"n4","dest":"c18","body":{"in_reply_to":1,"type":"write_ok"}}
2026-02-26 14:19:44,336{GMT}	INFO	[jepsen worker 9] jepsen.util: 9	:ok	:write	[0 3]
2026-02-26 14:19:44,344{GMT}	INFO	[jepsen worker 5] jepsen.util: 5	:invoke	:cas	[0 [2 0]]
2026-02-26 14:19:44,346{GMT}	INFO	[n0 stderr] maelstrom.process: [2026-02-26T13:19:44.346064Z INFO  maelstrom::runtime] Received {"id":52,"src":"c10","dest":"n0","body":{"key":0,"from":2,"to":0,"type":"cas","msg_id":8}}
2026-02-26 14:19:44,346{GMT}	INFO	[n0 stderr] maelstrom.process: Node  received CAS (not implemented)
2026-02-26 14:19:44,347{GMT}	INFO	[n0 stderr] maelstrom.process: [2026-02-26T13:19:44.346350Z INFO  maelstrom::runtime] Sent {"src":"n0","dest":"c10","body":{"in_reply_to":8,"type":"cas_ok"}}
2026-02-26 14:19:44,347{GMT}	INFO	[jepsen worker 5] jepsen.util: 5	:ok	:cas	[0 [2 0]]
2026-02-26 14:19:44,355{GMT}	INFO	[jepsen worker 0] jepsen.util: 0	:invoke	:read	[0 nil]
2026-02-26 14:19:44,357{GMT}	INFO	[n0 stderr] maelstrom.process: [2026-02-26T13:19:44.357148Z INFO  maelstrom::runtime] Received {"id":54,"src":"c14","dest":"n0","body":{"key":0,"type":"read","msg_id":7}}
2026-02-26 14:19:44,358{GMT}	INFO	[n0 stderr] maelstrom.process: Node  received READ for key 0
2026-02-26 14:19:44,358{GMT}	INFO	[n0 stderr] maelstrom.process: [2026-02-26T13:19:44.357440Z INFO  maelstrom::runtime] Sent {"src":"n0","dest":"c14","body":{"in_reply_to":7,"type":"read_ok","value":0}}
2026-02-26 14:19:44,358{GMT}	INFO	[jepsen worker 0] jepsen.util: 0	:ok	:read	[0 0]
2026-02-26 14:19:44,368{GMT}	INFO	[jepsen worker 1] jepsen.util: 1	:invoke	:read	[0 nil]
2026-02-26 14:19:44,370{GMT}	INFO	[n1 stderr] maelstrom.process: [2026-02-26T13:19:44.370530Z INFO  maelstrom::runtime] Received {"id":56,"src":"c19","dest":"n1","body":{"key":0,"type":"read","msg_id":1}}
2026-02-26 14:19:44,371{GMT}	INFO	[n1 stderr] maelstrom.process: Node  received READ for key 0
2026-02-26 14:19:44,371{GMT}	INFO	[n1 stderr] maelstrom.process: [2026-02-26T13:19:44.370752Z INFO  maelstrom::runtime] Sent {"src":"n1","dest":"c19","body":{"in_reply_to":1,"type":"read_ok","value":0}}
2026-02-26 14:19:44,372{GMT}	INFO	[jepsen worker 1] jepsen.util: 1	:ok	:read	[0 0]
2026-02-26 14:19:44,373{GMT}	INFO	[jepsen worker 5] jepsen.util: 5	:invoke	:write	[0 2]
2026-02-26 14:19:44,375{GMT}	INFO	[n0 stderr] maelstrom.process: [2026-02-26T13:19:44.374779Z INFO  maelstrom::runtime] Received {"id":58,"src":"c10","dest":"n0","body":{"key":0,"value":2,"type":"write","msg_id":9}}
2026-02-26 14:19:44,375{GMT}	INFO	[n0 stderr] maelstrom.process: Node  received WRITE: 0=2
2026-02-26 14:19:44,375{GMT}	INFO	[n0 stderr] maelstrom.process: [2026-02-26T13:19:44.375098Z INFO  maelstrom::runtime] Sent {"src":"n0","dest":"c10","body":{"in_reply_to":9,"type":"write_ok"}}
2026-02-26 14:19:44,376{GMT}	INFO	[jepsen worker 5] jepsen.util: 5	:ok	:write	[0 2]
2026-02-26 14:19:44,387{GMT}	INFO	[jepsen worker 5] jepsen.util: 5	:invoke	:write	[0 2]
2026-02-26 14:19:44,389{GMT}	INFO	[n0 stderr] maelstrom.process: [2026-02-26T13:19:44.389707Z INFO  maelstrom::runtime] Received {"id":60,"src":"c10","dest":"n0","body":{"key":0,"value":2,"type":"write","msg_id":10}}
2026-02-26 14:19:44,390{GMT}	INFO	[n0 stderr] maelstrom.process: Node  received WRITE: 0=2
2026-02-26 14:19:44,391{GMT}	INFO	[n0 stderr] maelstrom.process: [2026-02-26T13:19:44.390025Z INFO  maelstrom::runtime] Sent {"src":"n0","dest":"c10","body":{"in_reply_to":10,"type":"write_ok"}}
2026-02-26 14:19:44,391{GMT}	INFO	[jepsen worker 5] jepsen.util: 5	:ok	:write	[0 2]
2026-02-26 14:19:44,400{GMT}	INFO	[jepsen worker 4] jepsen.util: 4	:invoke	:read	[0 nil]
2026-02-26 14:19:44,402{GMT}	INFO	[n4 stderr] maelstrom.process: [2026-02-26T13:19:44.401862Z INFO  maelstrom::runtime] Received {"id":62,"src":"c15","dest":"n4","body":{"key":0,"type":"read","msg_id":2}}
2026-02-26 14:19:44,402{GMT}	INFO	[n4 stderr] maelstrom.process: Node  received READ for key 0
2026-02-26 14:19:44,403{GMT}	INFO	[n4 stderr] maelstrom.process: [2026-02-26T13:19:44.402092Z INFO  maelstrom::runtime] Sent {"src":"n4","dest":"c15","body":{"in_reply_to":2,"type":"read_ok","value":0}}
2026-02-26 14:19:44,403{GMT}	INFO	[jepsen worker 4] jepsen.util: 4	:ok	:read	[0 0]
2026-02-26 14:19:44,406{GMT}	INFO	[jepsen worker 0] jepsen.util: 0	:invoke	:read	[0 nil]
2026-02-26 14:19:44,408{GMT}	INFO	[n0 stderr] maelstrom.process: [2026-02-26T13:19:44.408435Z INFO  maelstrom::runtime] Received {"id":64,"src":"c14","dest":"n0","body":{"key":0,"type":"read","msg_id":8}}
2026-02-26 14:19:44,409{GMT}	INFO	[n0 stderr] maelstrom.process: Node  received READ for key 0
2026-02-26 14:19:44,409{GMT}	INFO	[n0 stderr] maelstrom.process: [2026-02-26T13:19:44.408690Z INFO  maelstrom::runtime] Sent {"src":"n0","dest":"c14","body":{"in_reply_to":8,"type":"read_ok","value":0}}
2026-02-26 14:19:44,409{GMT}	INFO	[jepsen worker 0] jepsen.util: 0	:ok	:read	[0 0]
2026-02-26 14:19:44,423{GMT}	INFO	[jepsen worker 0] jepsen.util: 0	:invoke	:read	[0 nil]
2026-02-26 14:19:44,425{GMT}	INFO	[n0 stderr] maelstrom.process: [2026-02-26T13:19:44.425323Z INFO  maelstrom::runtime] Received {"id":66,"src":"c14","dest":"n0","body":{"key":0,"type":"read","msg_id":9}}
2026-02-26 14:19:44,426{GMT}	INFO	[n0 stderr] maelstrom.process: Node  received READ for key 0
2026-02-26 14:19:44,426{GMT}	INFO	[n0 stderr] maelstrom.process: [2026-02-26T13:19:44.425624Z INFO  maelstrom::runtime] Sent {"src":"n0","dest":"c14","body":{"in_reply_to":9,"type":"read_ok","value":0}}
2026-02-26 14:19:44,427{GMT}	INFO	[jepsen worker 0] jepsen.util: 0	:ok	:read	[0 0]
2026-02-26 14:19:44,437{GMT}	INFO	[jepsen worker 0] jepsen.util: 0	:invoke	:read	[0 nil]
2026-02-26 14:19:44,439{GMT}	INFO	[n0 stderr] maelstrom.process: [2026-02-26T13:19:44.439019Z INFO  maelstrom::runtime] Received {"id":68,"src":"c14","dest":"n0","body":{"key":0,"type":"read","msg_id":10}}
2026-02-26 14:19:44,439{GMT}	INFO	[n0 stderr] maelstrom.process: Node  received READ for key 0
2026-02-26 14:19:44,440{GMT}	INFO	[n0 stderr] maelstrom.process: [2026-02-26T13:19:44.439318Z INFO  maelstrom::runtime] Sent {"src":"n0","dest":"c14","body":{"in_reply_to":10,"type":"read_ok","value":0}}
2026-02-26 14:19:44,440{GMT}	INFO	[jepsen worker 0] jepsen.util: 0	:ok	:read	[0 0]
2026-02-26 14:19:44,452{GMT}	INFO	[jepsen worker 0] jepsen.util: 0	:invoke	:read	[0 nil]
2026-02-26 14:19:44,455{GMT}	INFO	[n0 stderr] maelstrom.process: [2026-02-26T13:19:44.454634Z INFO  maelstrom::runtime] Received {"id":70,"src":"c14","dest":"n0","body":{"key":0,"type":"read","msg_id":11}}
2026-02-26 14:19:44,455{GMT}	INFO	[n0 stderr] maelstrom.process: Node  received READ for key 0
2026-02-26 14:19:44,455{GMT}	INFO	[n0 stderr] maelstrom.process: [2026-02-26T13:19:44.454840Z INFO  maelstrom::runtime] Sent {"src":"n0","dest":"c14","body":{"in_reply_to":11,"type":"read_ok","value":0}}
2026-02-26 14:19:44,456{GMT}	INFO	[jepsen worker 0] jepsen.util: 0	:ok	:read	[0 0]
2026-02-26 14:19:44,457{GMT}	INFO	[jepsen worker 9] jepsen.util: 9	:invoke	:write	[0 1]
2026-02-26 14:19:44,459{GMT}	INFO	[n4 stderr] maelstrom.process: [2026-02-26T13:19:44.458849Z INFO  maelstrom::runtime] Received {"id":72,"src":"c18","dest":"n4","body":{"key":0,"value":1,"type":"write","msg_id":2}}
2026-02-26 14:19:44,459{GMT}	INFO	[n4 stderr] maelstrom.process: Node  received WRITE: 0=1
2026-02-26 14:19:44,459{GMT}	INFO	[n4 stderr] maelstrom.process: [2026-02-26T13:19:44.459087Z INFO  maelstrom::runtime] Sent {"src":"n4","dest":"c18","body":{"in_reply_to":2,"type":"write_ok"}}
2026-02-26 14:19:44,460{GMT}	INFO	[jepsen worker 9] jepsen.util: 9	:ok	:write	[0 1]
2026-02-26 14:19:44,469{GMT}	INFO	[jepsen worker 0] jepsen.util: 0	:invoke	:read	[0 nil]
2026-02-26 14:19:44,471{GMT}	INFO	[n0 stderr] maelstrom.process: [2026-02-26T13:19:44.470888Z INFO  maelstrom::runtime] Received {"id":74,"src":"c14","dest":"n0","body":{"key":0,"type":"read","msg_id":12}}
2026-02-26 14:19:44,471{GMT}	INFO	[n0 stderr] maelstrom.process: Node  received READ for key 0
2026-02-26 14:19:44,472{GMT}	INFO	[n0 stderr] maelstrom.process: [2026-02-26T13:19:44.471185Z INFO  maelstrom::runtime] Sent {"src":"n0","dest":"c14","body":{"in_reply_to":12,"type":"read_ok","value":0}}
2026-02-26 14:19:44,472{GMT}	INFO	[jepsen worker 0] jepsen.util: 0	:ok	:read	[0 0]
2026-02-26 14:19:44,477{GMT}	INFO	[jepsen worker 5] jepsen.util: 5	:invoke	:cas	[0 [3 0]]
2026-02-26 14:19:44,479{GMT}	INFO	[n0 stderr] maelstrom.process: [2026-02-26T13:19:44.478653Z INFO  maelstrom::runtime] Received {"id":76,"src":"c10","dest":"n0","body":{"key":0,"from":3,"to":0,"type":"cas","msg_id":11}}
2026-02-26 14:19:44,479{GMT}	INFO	[n0 stderr] maelstrom.process: Node  received CAS (not implemented)
2026-02-26 14:19:44,479{GMT}	INFO	[n0 stderr] maelstrom.process: [2026-02-26T13:19:44.478934Z INFO  maelstrom::runtime] Sent {"src":"n0","dest":"c10","body":{"in_reply_to":11,"type":"cas_ok"}}
2026-02-26 14:19:44,480{GMT}	INFO	[jepsen worker 5] jepsen.util: 5	:ok	:cas	[0 [3 0]]
2026-02-26 14:19:44,487{GMT}	INFO	[jepsen worker 5] jepsen.util: 5	:invoke	:write	[0 1]
2026-02-26 14:19:44,488{GMT}	INFO	[n0 stderr] maelstrom.process: [2026-02-26T13:19:44.488666Z INFO  maelstrom::runtime] Received {"id":78,"src":"c10","dest":"n0","body":{"key":0,"value":1,"type":"write","msg_id":12}}
2026-02-26 14:19:44,489{GMT}	INFO	[n0 stderr] maelstrom.process: Node  received WRITE: 0=1
2026-02-26 14:19:44,489{GMT}	INFO	[n0 stderr] maelstrom.process: [2026-02-26T13:19:44.488938Z INFO  maelstrom::runtime] Sent {"src":"n0","dest":"c10","body":{"in_reply_to":12,"type":"write_ok"}}
2026-02-26 14:19:44,490{GMT}	INFO	[jepsen worker 5] jepsen.util: 5	:ok	:write	[0 1]
2026-02-26 14:19:44,490{GMT}	INFO	[jepsen worker 2] jepsen.util: 2	:invoke	:read	[0 nil]
2026-02-26 14:19:44,492{GMT}	INFO	[n2 stderr] maelstrom.process: [2026-02-26T13:19:44.492024Z INFO  maelstrom::runtime] Received {"id":80,"src":"c11","dest":"n2","body":{"key":0,"type":"read","msg_id":3}}
2026-02-26 14:19:44,492{GMT}	INFO	[n2 stderr] maelstrom.process: Node  received READ for key 0
2026-02-26 14:19:44,493{GMT}	INFO	[n2 stderr] maelstrom.process: [2026-02-26T13:19:44.492257Z INFO  maelstrom::runtime] Sent {"src":"n2","dest":"c11","body":{"in_reply_to":3,"type":"read_ok","value":0}}
2026-02-26 14:19:44,493{GMT}	INFO	[jepsen worker 2] jepsen.util: 2	:ok	:read	[0 0]
2026-02-26 14:19:44,504{GMT}	INFO	[jepsen worker 3] jepsen.util: 3	:invoke	:read	[0 nil]
2026-02-26 14:19:44,506{GMT}	INFO	[n3 stderr] maelstrom.process: [2026-02-26T13:19:44.506049Z INFO  maelstrom::runtime] Received {"id":82,"src":"c12","dest":"n3","body":{"key":0,"type":"read","msg_id":2}}
2026-02-26 14:19:44,506{GMT}	INFO	[n3 stderr] maelstrom.process: Node  received READ for key 0
2026-02-26 14:19:44,507{GMT}	INFO	[n3 stderr] maelstrom.process: [2026-02-26T13:19:44.506294Z INFO  maelstrom::runtime] Sent {"src":"n3","dest":"c12","body":{"in_reply_to":2,"type":"read_ok","value":0}}
2026-02-26 14:19:44,507{GMT}	INFO	[jepsen worker 3] jepsen.util: 3	:ok	:read	[0 0]
2026-02-26 14:19:44,521{GMT}	INFO	[jepsen worker 5] jepsen.util: 5	:invoke	:cas	[0 [4 2]]
2026-02-26 14:19:44,523{GMT}	INFO	[n0 stderr] maelstrom.process: [2026-02-26T13:19:44.522771Z INFO  maelstrom::runtime] Received {"id":84,"src":"c10","dest":"n0","body":{"key":0,"from":4,"to":2,"type":"cas","msg_id":13}}
2026-02-26 14:19:44,524{GMT}	INFO	[n0 stderr] maelstrom.process: Node  received CAS (not implemented)
2026-02-26 14:19:44,524{GMT}	INFO	[jepsen worker 5] jepsen.util: 5	:ok	:cas	[0 [4 2]]
2026-02-26 14:19:44,524{GMT}	INFO	[n0 stderr] maelstrom.process: [2026-02-26T13:19:44.523111Z INFO  maelstrom::runtime] Sent {"src":"n0","dest":"c10","body":{"in_reply_to":13,"type":"cas_ok"}}
2026-02-26 14:19:44,535{GMT}	INFO	[jepsen worker 5] jepsen.util: 5	:invoke	:cas	[0 [2 1]]
2026-02-26 14:19:44,537{GMT}	INFO	[n0 stderr] maelstrom.process: [2026-02-26T13:19:44.537042Z INFO  maelstrom::runtime] Received {"id":86,"src":"c10","dest":"n0","body":{"key":0,"from":2,"to":1,"type":"cas","msg_id":14}}
2026-02-26 14:19:44,537{GMT}	INFO	[n0 stderr] maelstrom.process: Node  received CAS (not implemented)
2026-02-26 14:19:44,538{GMT}	INFO	[n0 stderr] maelstrom.process: [2026-02-26T13:19:44.537336Z INFO  maelstrom::runtime] Sent {"src":"n0","dest":"c10","body":{"in_reply_to":14,"type":"cas_ok"}}
2026-02-26 14:19:44,538{GMT}	INFO	[jepsen worker 5] jepsen.util: 5	:ok	:cas	[0 [2 1]]
2026-02-26 14:19:44,542{GMT}	INFO	[jepsen worker 0] jepsen.util: 0	:invoke	:read	[0 nil]
2026-02-26 14:19:44,543{GMT}	INFO	[n0 stderr] maelstrom.process: [2026-02-26T13:19:44.543689Z INFO  maelstrom::runtime] Received {"id":88,"src":"c14","dest":"n0","body":{"key":0,"type":"read","msg_id":13}}
2026-02-26 14:19:44,544{GMT}	INFO	[n0 stderr] maelstrom.process: Node  received READ for key 0
2026-02-26 14:19:44,544{GMT}	INFO	[n0 stderr] maelstrom.process: [2026-02-26T13:19:44.543890Z INFO  maelstrom::runtime] Sent {"src":"n0","dest":"c14","body":{"in_reply_to":13,"type":"read_ok","value":0}}
2026-02-26 14:19:44,545{GMT}	INFO	[jepsen worker 0] jepsen.util: 0	:ok	:read	[0 0]
2026-02-26 14:19:44,545{GMT}	INFO	[jepsen worker 1] jepsen.util: 1	:invoke	:read	[0 nil]
2026-02-26 14:19:44,546{GMT}	INFO	[n1 stderr] maelstrom.process: [2026-02-26T13:19:44.546327Z INFO  maelstrom::runtime] Received {"id":90,"src":"c19","dest":"n1","body":{"key":0,"type":"read","msg_id":2}}
2026-02-26 14:19:44,547{GMT}	INFO	[n1 stderr] maelstrom.process: Node  received READ for key 0
2026-02-26 14:19:44,547{GMT}	INFO	[n1 stderr] maelstrom.process: [2026-02-26T13:19:44.546555Z INFO  maelstrom::runtime] Sent {"src":"n1","dest":"c19","body":{"in_reply_to":2,"type":"read_ok","value":0}}
2026-02-26 14:19:44,548{GMT}	INFO	[jepsen worker 1] jepsen.util: 1	:ok	:read	[0 0]
2026-02-26 14:19:44,555{GMT}	INFO	[jepsen worker 8] jepsen.util: 8	:invoke	:cas	[0 [1 1]]
2026-02-26 14:19:44,556{GMT}	INFO	[n3 stderr] maelstrom.process: [2026-02-26T13:19:44.556512Z INFO  maelstrom::runtime] Received {"id":92,"src":"c17","dest":"n3","body":{"key":0,"from":1,"to":1,"type":"cas","msg_id":2}}
2026-02-26 14:19:44,557{GMT}	INFO	[n3 stderr] maelstrom.process: Node  received CAS (not implemented)
2026-02-26 14:19:44,557{GMT}	INFO	[n3 stderr] maelstrom.process: [2026-02-26T13:19:44.556711Z INFO  maelstrom::runtime] Sent {"src":"n3","dest":"c17","body":{"in_reply_to":2,"type":"cas_ok"}}
2026-02-26 14:19:44,557{GMT}	INFO	[jepsen worker 8] jepsen.util: 8	:ok	:cas	[0 [1 1]]
2026-02-26 14:19:44,564{GMT}	INFO	[jepsen worker 0] jepsen.util: 0	:invoke	:read	[0 nil]
2026-02-26 14:19:44,566{GMT}	INFO	[n0 stderr] maelstrom.process: [2026-02-26T13:19:44.566019Z INFO  maelstrom::runtime] Received {"id":94,"src":"c14","dest":"n0","body":{"key":0,"type":"read","msg_id":14}}
2026-02-26 14:19:44,566{GMT}	INFO	[n0 stderr] maelstrom.process: Node  received READ for key 0
2026-02-26 14:19:44,567{GMT}	INFO	[n0 stderr] maelstrom.process: [2026-02-26T13:19:44.566317Z INFO  maelstrom::runtime] Sent {"src":"n0","dest":"c14","body":{"in_reply_to":14,"type":"read_ok","value":0}}
2026-02-26 14:19:44,567{GMT}	INFO	[jepsen worker 0] jepsen.util: 0	:ok	:read	[0 0]
2026-02-26 14:19:44,570{GMT}	INFO	[jepsen worker 5] jepsen.util: 5	:invoke	:cas	[0 [2 1]]
2026-02-26 14:19:44,571{GMT}	INFO	[n0 stderr] maelstrom.process: [2026-02-26T13:19:44.571582Z INFO  maelstrom::runtime] Received {"id":96,"src":"c10","dest":"n0","body":{"key":0,"from":2,"to":1,"type":"cas","msg_id":15}}
2026-02-26 14:19:44,572{GMT}	INFO	[n0 stderr] maelstrom.process: Node  received CAS (not implemented)
2026-02-26 14:19:44,572{GMT}	INFO	[n0 stderr] maelstrom.process: [2026-02-26T13:19:44.571769Z INFO  maelstrom::runtime] Sent {"src":"n0","dest":"c10","body":{"in_reply_to":15,"type":"cas_ok"}}
2026-02-26 14:19:44,573{GMT}	INFO	[jepsen worker 5] jepsen.util: 5	:ok	:cas	[0 [2 1]]
2026-02-26 14:19:44,591{GMT}	INFO	[jepsen worker 5] jepsen.util: 5	:invoke	:write	[0 1]
2026-02-26 14:19:44,592{GMT}	INFO	[n0 stderr] maelstrom.process: [2026-02-26T13:19:44.592359Z INFO  maelstrom::runtime] Received {"id":98,"src":"c10","dest":"n0","body":{"key":0,"value":1,"type":"write","msg_id":16}}
2026-02-26 14:19:44,593{GMT}	INFO	[n0 stderr] maelstrom.process: Node  received WRITE: 0=1
2026-02-26 14:19:44,593{GMT}	INFO	[n0 stderr] maelstrom.process: [2026-02-26T13:19:44.592685Z INFO  maelstrom::runtime] Sent {"src":"n0","dest":"c10","body":{"in_reply_to":16,"type":"write_ok"}}
2026-02-26 14:19:44,593{GMT}	INFO	[jepsen worker 5] jepsen.util: 5	:ok	:write	[0 1]
2026-02-26 14:19:44,608{GMT}	INFO	[jepsen worker 1] jepsen.util: 1	:invoke	:read	[0 nil]
2026-02-26 14:19:44,610{GMT}	INFO	[n1 stderr] maelstrom.process: [2026-02-26T13:19:44.610199Z INFO  maelstrom::runtime] Received {"id":100,"src":"c19","dest":"n1","body":{"key":0,"type":"read","msg_id":3}}
2026-02-26 14:19:44,610{GMT}	INFO	[n1 stderr] maelstrom.process: Node  received READ for key 0
2026-02-26 14:19:44,611{GMT}	INFO	[n1 stderr] maelstrom.process: [2026-02-26T13:19:44.610425Z INFO  maelstrom::runtime] Sent {"src":"n1","dest":"c19","body":{"in_reply_to":3,"type":"read_ok","value":0}}
2026-02-26 14:19:44,611{GMT}	INFO	[jepsen worker 1] jepsen.util: 1	:ok	:read	[0 0]
2026-02-26 14:19:44,622{GMT}	INFO	[jepsen worker 5] jepsen.util: 5	:invoke	:cas	[0 [1 3]]
2026-02-26 14:19:44,623{GMT}	INFO	[n0 stderr] maelstrom.process: [2026-02-26T13:19:44.623565Z INFO  maelstrom::runtime] Received {"id":102,"src":"c10","dest":"n0","body":{"key":0,"from":1,"to":3,"type":"cas","msg_id":17}}
2026-02-26 14:19:44,624{GMT}	INFO	[n0 stderr] maelstrom.process: Node  received CAS (not implemented)
2026-02-26 14:19:44,624{GMT}	INFO	[n0 stderr] maelstrom.process: [2026-02-26T13:19:44.623908Z INFO  maelstrom::runtime] Sent {"src":"n0","dest":"c10","body":{"in_reply_to":17,"type":"cas_ok"}}
2026-02-26 14:19:44,625{GMT}	INFO	[jepsen worker 5] jepsen.util: 5	:ok	:cas	[0 [1 3]]
2026-02-26 14:19:44,631{GMT}	INFO	[jepsen worker 5] jepsen.util: 5	:invoke	:cas	[0 [1 2]]
2026-02-26 14:19:44,632{GMT}	INFO	[n0 stderr] maelstrom.process: [2026-02-26T13:19:44.632539Z INFO  maelstrom::runtime] Received {"id":104,"src":"c10","dest":"n0","body":{"key":0,"from":1,"to":2,"type":"cas","msg_id":18}}
2026-02-26 14:19:44,633{GMT}	INFO	[n0 stderr] maelstrom.process: Node  received CAS (not implemented)
2026-02-26 14:19:44,633{GMT}	INFO	[n0 stderr] maelstrom.process: [2026-02-26T13:19:44.632755Z INFO  maelstrom::runtime] Sent {"src":"n0","dest":"c10","body":{"in_reply_to":18,"type":"cas_ok"}}
2026-02-26 14:19:44,634{GMT}	INFO	[jepsen worker 5] jepsen.util: 5	:ok	:cas	[0 [1 2]]
2026-02-26 14:19:44,640{GMT}	INFO	[jepsen worker 5] jepsen.util: 5	:invoke	:cas	[0 [0 0]]
2026-02-26 14:19:44,641{GMT}	INFO	[n0 stderr] maelstrom.process: [2026-02-26T13:19:44.641471Z INFO  maelstrom::runtime] Received {"id":106,"src":"c10","dest":"n0","body":{"key":0,"from":0,"to":0,"type":"cas","msg_id":19}}
2026-02-26 14:19:44,642{GMT}	INFO	[n0 stderr] maelstrom.process: Node  received CAS (not implemented)
2026-02-26 14:19:44,642{GMT}	INFO	[n0 stderr] maelstrom.process: [2026-02-26T13:19:44.641689Z INFO  maelstrom::runtime] Sent {"src":"n0","dest":"c10","body":{"in_reply_to":19,"type":"cas_ok"}}
2026-02-26 14:19:44,642{GMT}	INFO	[jepsen worker 5] jepsen.util: 5	:ok	:cas	[0 [0 0]]
2026-02-26 14:19:44,650{GMT}	INFO	[jepsen worker 0] jepsen.util: 0	:invoke	:read	[0 nil]
2026-02-26 14:19:44,652{GMT}	INFO	[n0 stderr] maelstrom.process: [2026-02-26T13:19:44.652263Z INFO  maelstrom::runtime] Received {"id":108,"src":"c14","dest":"n0","body":{"key":0,"type":"read","msg_id":15}}
2026-02-26 14:19:44,653{GMT}	INFO	[n0 stderr] maelstrom.process: Node  received READ for key 0
2026-02-26 14:19:44,653{GMT}	INFO	[n0 stderr] maelstrom.process: [2026-02-26T13:19:44.652550Z INFO  maelstrom::runtime] Sent {"src":"n0","dest":"c14","body":{"in_reply_to":15,"type":"read_ok","value":0}}
2026-02-26 14:19:44,654{GMT}	INFO	[jepsen worker 0] jepsen.util: 0	:ok	:read	[0 0]
2026-02-26 14:19:44,654{GMT}	INFO	[jepsen worker 6] jepsen.util: 6	:invoke	:cas	[0 [0 4]]
2026-02-26 14:19:44,656{GMT}	INFO	[n1 stderr] maelstrom.process: [2026-02-26T13:19:44.655983Z INFO  maelstrom::runtime] Received {"id":110,"src":"c13","dest":"n1","body":{"key":0,"from":0,"to":4,"type":"cas","msg_id":2}}
2026-02-26 14:19:44,656{GMT}	INFO	[n1 stderr] maelstrom.process: Node  received CAS (not implemented)
2026-02-26 14:19:44,657{GMT}	INFO	[n1 stderr] maelstrom.process: [2026-02-26T13:19:44.656194Z INFO  maelstrom::runtime] Sent {"src":"n1","dest":"c13","body":{"in_reply_to":2,"type":"cas_ok"}}
2026-02-26 14:19:44,657{GMT}	INFO	[jepsen worker 0] jepsen.util: 0	:invoke	:read	[0 nil]
2026-02-26 14:19:44,657{GMT}	INFO	[jepsen worker 6] jepsen.util: 6	:ok	:cas	[0 [0 4]]
2026-02-26 14:19:44,658{GMT}	INFO	[jepsen worker 1] jepsen.util: 1	:invoke	:read	[0 nil]
2026-02-26 14:19:44,659{GMT}	INFO	[n0 stderr] maelstrom.process: [2026-02-26T13:19:44.658653Z INFO  maelstrom::runtime] Received {"id":112,"src":"c14","dest":"n0","body":{"key":0,"type":"read","msg_id":16}}
2026-02-26 14:19:44,659{GMT}	INFO	[n0 stderr] maelstrom.process: Node  received READ for key 0
2026-02-26 14:19:44,659{GMT}	INFO	[n0 stderr] maelstrom.process: [2026-02-26T13:19:44.659052Z INFO  maelstrom::runtime] Sent {"src":"n0","dest":"c14","body":{"in_reply_to":16,"type":"read_ok","value":0}}
2026-02-26 14:19:44,660{GMT}	INFO	[jepsen worker 0] jepsen.util: 0	:ok	:read	[0 0]
2026-02-26 14:19:44,660{GMT}	INFO	[n1 stderr] maelstrom.process: [2026-02-26T13:19:44.660308Z INFO  maelstrom::runtime] Received {"id":113,"src":"c19","dest":"n1","body":{"key":0,"type":"read","msg_id":4}}
2026-02-26 14:19:44,661{GMT}	INFO	[n1 stderr] maelstrom.process: Node  received READ for key 0
2026-02-26 14:19:44,661{GMT}	INFO	[n1 stderr] maelstrom.process: [2026-02-26T13:19:44.660522Z INFO  maelstrom::runtime] Sent {"src":"n1","dest":"c19","body":{"in_reply_to":4,"type":"read_ok","value":0}}
2026-02-26 14:19:44,662{GMT}	INFO	[jepsen worker 1] jepsen.util: 1	:ok	:read	[0 0]
2026-02-26 14:19:44,662{GMT}	INFO	[jepsen worker 0] jepsen.util: 0	:invoke	:read	[0 nil]
2026-02-26 14:19:44,663{GMT}	INFO	[jepsen worker 1] jepsen.util: 1	:invoke	:read	[0 nil]
2026-02-26 14:19:44,664{GMT}	INFO	[n0 stderr] maelstrom.process: [2026-02-26T13:19:44.663987Z INFO  maelstrom::runtime] Received {"id":116,"src":"c14","dest":"n0","body":{"key":0,"type":"read","msg_id":17}}
2026-02-26 14:19:44,664{GMT}	INFO	[n0 stderr] maelstrom.process: Node  received READ for key 0
2026-02-26 14:19:44,664{GMT}	INFO	[n1 stderr] maelstrom.process: [2026-02-26T13:19:44.664747Z INFO  maelstrom::runtime] Received {"id":117,"src":"c19","dest":"n1","body":{"key":0,"type":"read","msg_id":5}}
2026-02-26 14:19:44,665{GMT}	INFO	[n0 stderr] maelstrom.process: [2026-02-26T13:19:44.664234Z INFO  maelstrom::runtime] Sent {"src":"n0","dest":"c14","body":{"in_reply_to":17,"type":"read_ok","value":0}}
2026-02-26 14:19:44,665{GMT}	INFO	[n1 stderr] maelstrom.process: Node  received READ for key 0
2026-02-26 14:19:44,665{GMT}	INFO	[jepsen worker 0] jepsen.util: 0	:ok	:read	[0 0]
2026-02-26 14:19:44,665{GMT}	INFO	[n1 stderr] maelstrom.process: [2026-02-26T13:19:44.664975Z INFO  maelstrom::runtime] Sent {"src":"n1","dest":"c19","body":{"in_reply_to":5,"type":"read_ok","value":0}}
2026-02-26 14:19:44,666{GMT}	INFO	[jepsen worker 1] jepsen.util: 1	:ok	:read	[0 0]
2026-02-26 14:19:44,674{GMT}	INFO	[jepsen worker 5] jepsen.util: 5	:invoke	:cas	[0 [3 0]]
2026-02-26 14:19:44,676{GMT}	INFO	[n0 stderr] maelstrom.process: [2026-02-26T13:19:44.676223Z INFO  maelstrom::runtime] Received {"id":120,"src":"c10","dest":"n0","body":{"key":0,"from":3,"to":0,"type":"cas","msg_id":20}}
2026-02-26 14:19:44,676{GMT}	INFO	[n0 stderr] maelstrom.process: Node  received CAS (not implemented)
2026-02-26 14:19:44,677{GMT}	INFO	[n0 stderr] maelstrom.process: [2026-02-26T13:19:44.676470Z INFO  maelstrom::runtime] Sent {"src":"n0","dest":"c10","body":{"in_reply_to":20,"type":"cas_ok"}}
2026-02-26 14:19:44,677{GMT}	INFO	[jepsen worker 5] jepsen.util: 5	:ok	:cas	[0 [3 0]]
2026-02-26 14:19:44,681{GMT}	INFO	[jepsen worker 1] jepsen.util: 1	:invoke	:read	[0 nil]
2026-02-26 14:19:44,683{GMT}	INFO	[n1 stderr] maelstrom.process: [2026-02-26T13:19:44.682821Z INFO  maelstrom::runtime] Received {"id":122,"src":"c19","dest":"n1","body":{"key":0,"type":"read","msg_id":6}}
2026-02-26 14:19:44,683{GMT}	INFO	[n1 stderr] maelstrom.process: Node  received READ for key 0
2026-02-26 14:19:44,683{GMT}	INFO	[n1 stderr] maelstrom.process: [2026-02-26T13:19:44.683043Z INFO  maelstrom::runtime] Sent {"src":"n1","dest":"c19","body":{"in_reply_to":6,"type":"read_ok","value":0}}
2026-02-26 14:19:44,684{GMT}	INFO	[jepsen worker 1] jepsen.util: 1	:ok	:read	[0 0]
2026-02-26 14:19:44,697{GMT}	INFO	[jepsen worker 2] jepsen.util: 2	:invoke	:read	[0 nil]
2026-02-26 14:19:44,698{GMT}	INFO	[jepsen worker 3] jepsen.util: 3	:invoke	:read	[0 nil]
2026-02-26 14:19:44,698{GMT}	INFO	[n2 stderr] maelstrom.process: [2026-02-26T13:19:44.698602Z INFO  maelstrom::runtime] Received {"id":124,"src":"c11","dest":"n2","body":{"key":0,"type":"read","msg_id":4}}
2026-02-26 14:19:44,699{GMT}	INFO	[n2 stderr] maelstrom.process: Node  received READ for key 0
2026-02-26 14:19:44,699{GMT}	INFO	[n2 stderr] maelstrom.process: [2026-02-26T13:19:44.698859Z INFO  maelstrom::runtime] Sent {"src":"n2","dest":"c11","body":{"in_reply_to":4,"type":"read_ok","value":0}}
2026-02-26 14:19:44,699{GMT}	INFO	[n3 stderr] maelstrom.process: [2026-02-26T13:19:44.699361Z INFO  maelstrom::runtime] Received {"id":125,"src":"c12","dest":"n3","body":{"key":0,"type":"read","msg_id":3}}
2026-02-26 14:19:44,700{GMT}	INFO	[n3 stderr] maelstrom.process: Node  received READ for key 0
2026-02-26 14:19:44,700{GMT}	INFO	[jepsen worker 2] jepsen.util: 2	:ok	:read	[0 0]
2026-02-26 14:19:44,700{GMT}	INFO	[n3 stderr] maelstrom.process: [2026-02-26T13:19:44.699595Z INFO  maelstrom::runtime] Sent {"src":"n3","dest":"c12","body":{"in_reply_to":3,"type":"read_ok","value":0}}
2026-02-26 14:19:44,700{GMT}	INFO	[jepsen worker 3] jepsen.util: 3	:ok	:read	[0 0]
2026-02-26 14:19:44,705{GMT}	INFO	[jepsen worker 5] jepsen.util: 5	:invoke	:cas	[0 [3 4]]
2026-02-26 14:19:44,707{GMT}	INFO	[n0 stderr] maelstrom.process: [2026-02-26T13:19:44.706918Z INFO  maelstrom::runtime] Received {"id":128,"src":"c10","dest":"n0","body":{"key":0,"from":3,"to":4,"type":"cas","msg_id":21}}
2026-02-26 14:19:44,707{GMT}	INFO	[n0 stderr] maelstrom.process: Node  received CAS (not implemented)
2026-02-26 14:19:44,707{GMT}	INFO	[n0 stderr] maelstrom.process: [2026-02-26T13:19:44.707245Z INFO  maelstrom::runtime] Sent {"src":"n0","dest":"c10","body":{"in_reply_to":21,"type":"cas_ok"}}
2026-02-26 14:19:44,708{GMT}	INFO	[jepsen worker 5] jepsen.util: 5	:ok	:cas	[0 [3 4]]
2026-02-26 14:19:44,723{GMT}	INFO	[jepsen worker 0] jepsen.util: 0	:invoke	:read	[0 nil]
2026-02-26 14:19:44,723{GMT}	INFO	[jepsen worker 1] jepsen.util: 1	:invoke	:read	[0 nil]
2026-02-26 14:19:44,724{GMT}	INFO	[n0 stderr] maelstrom.process: [2026-02-26T13:19:44.724696Z INFO  maelstrom::runtime] Received {"id":130,"src":"c14","dest":"n0","body":{"key":0,"type":"read","msg_id":18}}
2026-02-26 14:19:44,725{GMT}	INFO	[n1 stderr] maelstrom.process: [2026-02-26T13:19:44.724951Z INFO  maelstrom::runtime] Received {"id":131,"src":"c19","dest":"n1","body":{"key":0,"type":"read","msg_id":7}}
2026-02-26 14:19:44,725{GMT}	INFO	[jepsen worker 7] jepsen.util: 7	:invoke	:cas	[0 [0 4]]
2026-02-26 14:19:44,725{GMT}	INFO	[n0 stderr] maelstrom.process: Node  received READ for key 0
2026-02-26 14:19:44,725{GMT}	INFO	[n1 stderr] maelstrom.process: Node  received READ for key 0
2026-02-26 14:19:44,725{GMT}	INFO	[n0 stderr] maelstrom.process: [2026-02-26T13:19:44.724934Z INFO  maelstrom::runtime] Sent {"src":"n0","dest":"c14","body":{"in_reply_to":18,"type":"read_ok","value":0}}
2026-02-26 14:19:44,726{GMT}	INFO	[n1 stderr] maelstrom.process: [2026-02-26T13:19:44.725184Z INFO  maelstrom::runtime] Sent {"src":"n1","dest":"c19","body":{"in_reply_to":7,"type":"read_ok","value":0}}
2026-02-26 14:19:44,726{GMT}	INFO	[jepsen worker 0] jepsen.util: 0	:ok	:read	[0 0]
2026-02-26 14:19:44,726{GMT}	INFO	[jepsen worker 1] jepsen.util: 1	:ok	:read	[0 0]
2026-02-26 14:19:44,726{GMT}	INFO	[n2 stderr] maelstrom.process: [2026-02-26T13:19:44.726553Z INFO  maelstrom::runtime] Received {"id":133,"src":"c16","dest":"n2","body":{"key":0,"from":0,"to":4,"type":"cas","msg_id":2}}
2026-02-26 14:19:44,727{GMT}	INFO	[n2 stderr] maelstrom.process: Node  received CAS (not implemented)
2026-02-26 14:19:44,727{GMT}	INFO	[n2 stderr] maelstrom.process: [2026-02-26T13:19:44.726750Z INFO  maelstrom::runtime] Sent {"src":"n2","dest":"c16","body":{"in_reply_to":2,"type":"cas_ok"}}
2026-02-26 14:19:44,727{GMT}	INFO	[jepsen worker 7] jepsen.util: 7	:ok	:cas	[0 [0 4]]
2026-02-26 14:19:44,741{GMT}	INFO	[jepsen worker 8] jepsen.util: 8	:invoke	:cas	[0 [2 3]]
2026-02-26 14:19:44,743{GMT}	INFO	[n3 stderr] maelstrom.process: [2026-02-26T13:19:44.742988Z INFO  maelstrom::runtime] Received {"id":136,"src":"c17","dest":"n3","body":{"key":0,"from":2,"to":3,"type":"cas","msg_id":3}}
2026-02-26 14:19:44,743{GMT}	INFO	[n3 stderr] maelstrom.process: Node  received CAS (not implemented)
2026-02-26 14:19:44,744{GMT}	INFO	[n3 stderr] maelstrom.process: [2026-02-26T13:19:44.743184Z INFO  maelstrom::runtime] Sent {"src":"n3","dest":"c17","body":{"in_reply_to":3,"type":"cas_ok"}}
2026-02-26 14:19:44,744{GMT}	INFO	[jepsen worker 8] jepsen.util: 8	:ok	:cas	[0 [2 3]]
2026-02-26 14:19:44,755{GMT}	INFO	[jepsen worker 9] jepsen.util: 9	:invoke	:write	[0 0]
2026-02-26 14:19:44,756{GMT}	INFO	[n4 stderr] maelstrom.process: [2026-02-26T13:19:44.756460Z INFO  maelstrom::runtime] Received {"id":138,"src":"c18","dest":"n4","body":{"key":0,"value":0,"type":"write","msg_id":3}}
2026-02-26 14:19:44,757{GMT}	INFO	[n4 stderr] maelstrom.process: Node  received WRITE: 0=0
2026-02-26 14:19:44,757{GMT}	INFO	[n4 stderr] maelstrom.process: [2026-02-26T13:19:44.756686Z INFO  maelstrom::runtime] Sent {"src":"n4","dest":"c18","body":{"in_reply_to":3,"type":"write_ok"}}
2026-02-26 14:19:44,757{GMT}	INFO	[jepsen worker 9] jepsen.util: 9	:ok	:write	[0 0]
2026-02-26 14:19:44,761{GMT}	INFO	[jepsen worker 0] jepsen.util: 0	:invoke	:read	[0 nil]
2026-02-26 14:19:44,762{GMT}	INFO	[n0 stderr] maelstrom.process: [2026-02-26T13:19:44.762241Z INFO  maelstrom::runtime] Received {"id":140,"src":"c14","dest":"n0","body":{"key":0,"type":"read","msg_id":19}}
2026-02-26 14:19:44,763{GMT}	INFO	[n0 stderr] maelstrom.process: Node  received READ for key 0
2026-02-26 14:19:44,763{GMT}	INFO	[n0 stderr] maelstrom.process: [2026-02-26T13:19:44.762537Z INFO  maelstrom::runtime] Sent {"src":"n0","dest":"c14","body":{"in_reply_to":19,"type":"read_ok","value":0}}
2026-02-26 14:19:44,764{GMT}	INFO	[jepsen worker 0] jepsen.util: 0	:ok	:read	[0 0]
2026-02-26 14:19:44,770{GMT}	INFO	[jepsen worker 5] jepsen.util: 5	:invoke	:write	[0 2]
2026-02-26 14:19:44,772{GMT}	INFO	[n0 stderr] maelstrom.process: [2026-02-26T13:19:44.771812Z INFO  maelstrom::runtime] Received {"id":142,"src":"c10","dest":"n0","body":{"key":0,"value":2,"type":"write","msg_id":22}}
2026-02-26 14:19:44,772{GMT}	INFO	[n0 stderr] maelstrom.process: Node  received WRITE: 0=2
2026-02-26 14:19:44,772{GMT}	INFO	[n0 stderr] maelstrom.process: [2026-02-26T13:19:44.772113Z INFO  maelstrom::runtime] Sent {"src":"n0","dest":"c10","body":{"in_reply_to":22,"type":"write_ok"}}
2026-02-26 14:19:44,773{GMT}	INFO	[jepsen worker 5] jepsen.util: 5	:ok	:write	[0 2]
2026-02-26 14:19:44,786{GMT}	INFO	[jepsen worker 5] jepsen.util: 5	:invoke	:cas	[0 [4 0]]
2026-02-26 14:19:44,787{GMT}	INFO	[n0 stderr] maelstrom.process: [2026-02-26T13:19:44.787167Z INFO  maelstrom::runtime] Received {"id":144,"src":"c10","dest":"n0","body":{"key":0,"from":4,"to":0,"type":"cas","msg_id":23}}
2026-02-26 14:19:44,788{GMT}	INFO	[n0 stderr] maelstrom.process: Node  received CAS (not implemented)
2026-02-26 14:19:44,788{GMT}	INFO	[n0 stderr] maelstrom.process: [2026-02-26T13:19:44.787411Z INFO  maelstrom::runtime] Sent {"src":"n0","dest":"c10","body":{"in_reply_to":23,"type":"cas_ok"}}
2026-02-26 14:19:44,788{GMT}	INFO	[jepsen worker 5] jepsen.util: 5	:ok	:cas	[0 [4 0]]
2026-02-26 14:19:44,806{GMT}	INFO	[jepsen worker 5] jepsen.util: 5	:invoke	:cas	[0 [4 0]]
2026-02-26 14:19:44,807{GMT}	INFO	[n0 stderr] maelstrom.process: [2026-02-26T13:19:44.807445Z INFO  maelstrom::runtime] Received {"id":146,"src":"c10","dest":"n0","body":{"key":0,"from":4,"to":0,"type":"cas","msg_id":24}}
2026-02-26 14:19:44,808{GMT}	INFO	[n0 stderr] maelstrom.process: Node  received CAS (not implemented)
2026-02-26 14:19:44,808{GMT}	INFO	[n0 stderr] maelstrom.process: [2026-02-26T13:19:44.807681Z INFO  maelstrom::runtime] Sent {"src":"n0","dest":"c10","body":{"in_reply_to":24,"type":"cas_ok"}}
2026-02-26 14:19:44,809{GMT}	INFO	[jepsen worker 5] jepsen.util: 5	:ok	:cas	[0 [4 0]]
2026-02-26 14:19:44,812{GMT}	INFO	[jepsen worker 3] jepsen.util: 3	:invoke	:read	[0 nil]
2026-02-26 14:19:44,814{GMT}	INFO	[n3 stderr] maelstrom.process: [2026-02-26T13:19:44.814137Z INFO  maelstrom::runtime] Received {"id":148,"src":"c12","dest":"n3","body":{"key":0,"type":"read","msg_id":4}}
2026-02-26 14:19:44,815{GMT}	INFO	[n3 stderr] maelstrom.process: Node  received READ for key 0
2026-02-26 14:19:44,815{GMT}	INFO	[n3 stderr] maelstrom.process: [2026-02-26T13:19:44.814393Z INFO  maelstrom::runtime] Sent {"src":"n3","dest":"c12","body":{"in_reply_to":4,"type":"read_ok","value":0}}
2026-02-26 14:19:44,815{GMT}	INFO	[jepsen worker 3] jepsen.util: 3	:ok	:read	[0 0]
2026-02-26 14:19:44,821{GMT}	INFO	[jepsen worker 5] jepsen.util: 5	:invoke	:cas	[0 [1 3]]
2026-02-26 14:19:44,823{GMT}	INFO	[n0 stderr] maelstrom.process: [2026-02-26T13:19:44.823133Z INFO  maelstrom::runtime] Received {"id":150,"src":"c10","dest":"n0","body":{"key":0,"from":1,"to":3,"type":"cas","msg_id":25}}
2026-02-26 14:19:44,823{GMT}	INFO	[n0 stderr] maelstrom.process: Node  received CAS (not implemented)
2026-02-26 14:19:44,824{GMT}	INFO	[n0 stderr] maelstrom.process: [2026-02-26T13:19:44.823432Z INFO  maelstrom::runtime] Sent {"src":"n0","dest":"c10","body":{"in_reply_to":25,"type":"cas_ok"}}
2026-02-26 14:19:44,824{GMT}	INFO	[jepsen worker 5] jepsen.util: 5	:ok	:cas	[0 [1 3]]
2026-02-26 14:19:44,840{GMT}	INFO	[jepsen worker 5] jepsen.util: 5	:invoke	:cas	[0 [4 2]]
2026-02-26 14:19:44,841{GMT}	INFO	[n0 stderr] maelstrom.process: [2026-02-26T13:19:44.841421Z INFO  maelstrom::runtime] Received {"id":152,"src":"c10","dest":"n0","body":{"key":0,"from":4,"to":2,"type":"cas","msg_id":26}}
2026-02-26 14:19:44,841{GMT}	INFO	[n0 stderr] maelstrom.process: Node  received CAS (not implemented)
2026-02-26 14:19:44,842{GMT}	INFO	[n0 stderr] maelstrom.process: [2026-02-26T13:19:44.841565Z INFO  maelstrom::runtime] Sent {"src":"n0","dest":"c10","body":{"in_reply_to":26,"type":"cas_ok"}}
2026-02-26 14:19:44,842{GMT}	INFO	[jepsen worker 5] jepsen.util: 5	:ok	:cas	[0 [4 2]]
2026-02-26 14:19:44,859{GMT}	INFO	[jepsen worker 6] jepsen.util: 6	:invoke	:cas	[0 [2 2]]
2026-02-26 14:19:44,860{GMT}	INFO	[n1 stderr] maelstrom.process: [2026-02-26T13:19:44.860669Z INFO  maelstrom::runtime] Received {"id":154,"src":"c13","dest":"n1","body":{"key":0,"from":2,"to":2,"type":"cas","msg_id":3}}
2026-02-26 14:19:44,861{GMT}	INFO	[n1 stderr] maelstrom.process: Node  received CAS (not implemented)
2026-02-26 14:19:44,861{GMT}	INFO	[n1 stderr] maelstrom.process: [2026-02-26T13:19:44.860951Z INFO  maelstrom::runtime] Sent {"src":"n1","dest":"c13","body":{"in_reply_to":3,"type":"cas_ok"}}
2026-02-26 14:19:44,861{GMT}	INFO	[jepsen worker 6] jepsen.util: 6	:ok	:cas	[0 [2 2]]
2026-02-26 14:19:44,864{GMT}	INFO	[jepsen worker 7] jepsen.util: 7	:invoke	:write	[0 2]
2026-02-26 14:19:44,865{GMT}	INFO	[n2 stderr] maelstrom.process: [2026-02-26T13:19:44.865654Z INFO  maelstrom::runtime] Received {"id":156,"src":"c16","dest":"n2","body":{"key":0,"value":2,"type":"write","msg_id":3}}
2026-02-26 14:19:44,866{GMT}	INFO	[n2 stderr] maelstrom.process: Node  received WRITE: 0=2
2026-02-26 14:19:44,866{GMT}	INFO	[n2 stderr] maelstrom.process: [2026-02-26T13:19:44.865808Z INFO  maelstrom::runtime] Sent {"src":"n2","dest":"c16","body":{"in_reply_to":3,"type":"write_ok"}}
2026-02-26 14:19:44,866{GMT}	INFO	[jepsen worker 7] jepsen.util: 7	:ok	:write	[0 2]
2026-02-26 14:19:44,882{GMT}	INFO	[jepsen worker 0] jepsen.util: 0	:invoke	:read	[0 nil]
2026-02-26 14:19:44,883{GMT}	INFO	[n0 stderr] maelstrom.process: [2026-02-26T13:19:44.883334Z INFO  maelstrom::runtime] Received {"id":158,"src":"c14","dest":"n0","body":{"key":0,"type":"read","msg_id":20}}
2026-02-26 14:19:44,883{GMT}	INFO	[n0 stderr] maelstrom.process: Node  received READ for key 0
2026-02-26 14:19:44,884{GMT}	INFO	[n0 stderr] maelstrom.process: [2026-02-26T13:19:44.883583Z INFO  maelstrom::runtime] Sent {"src":"n0","dest":"c14","body":{"in_reply_to":20,"type":"read_ok","value":0}}
2026-02-26 14:19:44,884{GMT}	INFO	[jepsen worker 0] jepsen.util: 0	:ok	:read	[0 0]
2026-02-26 14:19:44,892{GMT}	INFO	[jepsen worker 0] jepsen.util: 0	:invoke	:read	[0 nil]
2026-02-26 14:19:44,893{GMT}	INFO	[n0 stderr] maelstrom.process: [2026-02-26T13:19:44.892970Z INFO  maelstrom::runtime] Received {"id":160,"src":"c14","dest":"n0","body":{"key":0,"type":"read","msg_id":21}}
2026-02-26 14:19:44,893{GMT}	INFO	[n0 stderr] maelstrom.process: Node  received READ for key 0
2026-02-26 14:19:44,893{GMT}	INFO	[n0 stderr] maelstrom.process: [2026-02-26T13:19:44.893167Z INFO  maelstrom::runtime] Sent {"src":"n0","dest":"c14","body":{"in_reply_to":21,"type":"read_ok","value":0}}
2026-02-26 14:19:44,894{GMT}	INFO	[jepsen worker 0] jepsen.util: 0	:ok	:read	[0 0]
2026-02-26 14:19:44,910{GMT}	INFO	[jepsen worker 0] jepsen.util: 0	:invoke	:read	[0 nil]
2026-02-26 14:19:44,911{GMT}	INFO	[n0 stderr] maelstrom.process: [2026-02-26T13:19:44.911138Z INFO  maelstrom::runtime] Received {"id":162,"src":"c14","dest":"n0","body":{"key":0,"type":"read","msg_id":22}}
2026-02-26 14:19:44,911{GMT}	INFO	[n0 stderr] maelstrom.process: Node  received READ for key 0
2026-02-26 14:19:44,911{GMT}	INFO	[n0 stderr] maelstrom.process: [2026-02-26T13:19:44.911407Z INFO  maelstrom::runtime] Sent {"src":"n0","dest":"c14","body":{"in_reply_to":22,"type":"read_ok","value":0}}
2026-02-26 14:19:44,912{GMT}	INFO	[jepsen worker 0] jepsen.util: 0	:ok	:read	[0 0]
2026-02-26 14:19:44,919{GMT}	INFO	[jepsen worker 5] jepsen.util: 5	:invoke	:cas	[0 [1 0]]
2026-02-26 14:19:44,920{GMT}	INFO	[n0 stderr] maelstrom.process: [2026-02-26T13:19:44.920043Z INFO  maelstrom::runtime] Received {"id":164,"src":"c10","dest":"n0","body":{"key":0,"from":1,"to":0,"type":"cas","msg_id":27}}
2026-02-26 14:19:44,920{GMT}	INFO	[n0 stderr] maelstrom.process: Node  received CAS (not implemented)
2026-02-26 14:19:44,920{GMT}	INFO	[n0 stderr] maelstrom.process: [2026-02-26T13:19:44.920200Z INFO  maelstrom::runtime] Sent {"src":"n0","dest":"c10","body":{"in_reply_to":27,"type":"cas_ok"}}
2026-02-26 14:19:44,920{GMT}	INFO	[jepsen worker 5] jepsen.util: 5	:ok	:cas	[0 [1 0]]
2026-02-26 14:19:44,925{GMT}	INFO	[jepsen worker 1] jepsen.util: 1	:invoke	:read	[0 nil]
2026-02-26 14:19:44,926{GMT}	INFO	[n1 stderr] maelstrom.process: [2026-02-26T13:19:44.926159Z INFO  maelstrom::runtime] Received {"id":166,"src":"c19","dest":"n1","body":{"key":0,"type":"read","msg_id":8}}
2026-02-26 14:19:44,926{GMT}	INFO	[n1 stderr] maelstrom.process: Node  received READ for key 0
2026-02-26 14:19:44,926{GMT}	INFO	[n1 stderr] maelstrom.process: [2026-02-26T13:19:44.926264Z INFO  maelstrom::runtime] Sent {"src":"n1","dest":"c19","body":{"in_reply_to":8,"type":"read_ok","value":0}}
2026-02-26 14:19:44,926{GMT}	INFO	[jepsen worker 1] jepsen.util: 1	:ok	:read	[0 0]
2026-02-26 14:19:44,935{GMT}	INFO	[jepsen worker 5] jepsen.util: 5	:invoke	:cas	[0 [2 1]]
2026-02-26 14:19:44,936{GMT}	INFO	[n0 stderr] maelstrom.process: [2026-02-26T13:19:44.936562Z INFO  maelstrom::runtime] Received {"id":168,"src":"c10","dest":"n0","body":{"key":0,"from":2,"to":1,"type":"cas","msg_id":28}}
2026-02-26 14:19:44,936{GMT}	INFO	[n0 stderr] maelstrom.process: Node  received CAS (not implemented)
2026-02-26 14:19:44,937{GMT}	INFO	[n0 stderr] maelstrom.process: [2026-02-26T13:19:44.936720Z INFO  maelstrom::runtime] Sent {"src":"n0","dest":"c10","body":{"in_reply_to":28,"type":"cas_ok"}}
2026-02-26 14:19:44,937{GMT}	INFO	[jepsen worker 5] jepsen.util: 5	:ok	:cas	[0 [2 1]]
2026-02-26 14:19:44,941{GMT}	INFO	[jepsen worker 5] jepsen.util: 5	:invoke	:cas	[0 [4 4]]
2026-02-26 14:19:44,942{GMT}	INFO	[n0 stderr] maelstrom.process: [2026-02-26T13:19:44.942513Z INFO  maelstrom::runtime] Received {"id":170,"src":"c10","dest":"n0","body":{"key":0,"from":4,"to":4,"type":"cas","msg_id":29}}
2026-02-26 14:19:44,942{GMT}	INFO	[n0 stderr] maelstrom.process: Node  received CAS (not implemented)
2026-02-26 14:19:44,943{GMT}	INFO	[n0 stderr] maelstrom.process: [2026-02-26T13:19:44.942641Z INFO  maelstrom::runtime] Sent {"src":"n0","dest":"c10","body":{"in_reply_to":29,"type":"cas_ok"}}
2026-02-26 14:19:44,943{GMT}	INFO	[jepsen worker 5] jepsen.util: 5	:ok	:cas	[0 [4 4]]
2026-02-26 14:19:44,957{GMT}	INFO	[jepsen worker 5] jepsen.util: 5	:invoke	:cas	[0 [0 2]]
2026-02-26 14:19:44,958{GMT}	INFO	[n0 stderr] maelstrom.process: [2026-02-26T13:19:44.958072Z INFO  maelstrom::runtime] Received {"id":172,"src":"c10","dest":"n0","body":{"key":0,"from":0,"to":2,"type":"cas","msg_id":30}}
2026-02-26 14:19:44,958{GMT}	INFO	[n0 stderr] maelstrom.process: Node  received CAS (not implemented)
2026-02-26 14:19:44,958{GMT}	INFO	[n0 stderr] maelstrom.process: [2026-02-26T13:19:44.958253Z INFO  maelstrom::runtime] Sent {"src":"n0","dest":"c10","body":{"in_reply_to":30,"type":"cas_ok"}}
2026-02-26 14:19:44,958{GMT}	INFO	[jepsen worker 5] jepsen.util: 5	:ok	:cas	[0 [0 2]]
2026-02-26 14:19:44,961{GMT}	INFO	[jepsen worker 5] jepsen.util: 5	:invoke	:cas	[0 [3 4]]
2026-02-26 14:19:44,962{GMT}	INFO	[n0 stderr] maelstrom.process: [2026-02-26T13:19:44.962370Z INFO  maelstrom::runtime] Received {"id":174,"src":"c10","dest":"n0","body":{"key":0,"from":3,"to":4,"type":"cas","msg_id":31}}
2026-02-26 14:19:44,962{GMT}	INFO	[n0 stderr] maelstrom.process: Node  received CAS (not implemented)
2026-02-26 14:19:44,962{GMT}	INFO	[n0 stderr] maelstrom.process: [2026-02-26T13:19:44.962556Z INFO  maelstrom::runtime] Sent {"src":"n0","dest":"c10","body":{"in_reply_to":31,"type":"cas_ok"}}
2026-02-26 14:19:44,963{GMT}	INFO	[jepsen worker 5] jepsen.util: 5	:ok	:cas	[0 [3 4]]
2026-02-26 14:19:44,969{GMT}	INFO	[jepsen worker 0] jepsen.util: 0	:invoke	:read	[0 nil]
2026-02-26 14:19:44,969{GMT}	INFO	[n0 stderr] maelstrom.process: [2026-02-26T13:19:44.969608Z INFO  maelstrom::runtime] Received {"id":176,"src":"c14","dest":"n0","body":{"key":0,"type":"read","msg_id":23}}
2026-02-26 14:19:44,969{GMT}	INFO	[n0 stderr] maelstrom.process: Node  received READ for key 0
2026-02-26 14:19:44,970{GMT}	INFO	[n0 stderr] maelstrom.process: [2026-02-26T13:19:44.969774Z INFO  maelstrom::runtime] Sent {"src":"n0","dest":"c14","body":{"in_reply_to":23,"type":"read_ok","value":0}}
2026-02-26 14:19:44,970{GMT}	INFO	[jepsen worker 0] jepsen.util: 0	:ok	:read	[0 0]
2026-02-26 14:19:44,982{GMT}	INFO	[jepsen worker 0] jepsen.util: 0	:invoke	:read	[0 nil]
2026-02-26 14:19:44,983{GMT}	INFO	[n0 stderr] maelstrom.process: [2026-02-26T13:19:44.983589Z INFO  maelstrom::runtime] Received {"id":178,"src":"c14","dest":"n0","body":{"key":0,"type":"read","msg_id":24}}
2026-02-26 14:19:44,984{GMT}	INFO	[n0 stderr] maelstrom.process: Node  received READ for key 0
2026-02-26 14:19:44,984{GMT}	INFO	[n0 stderr] maelstrom.process: [2026-02-26T13:19:44.983847Z INFO  maelstrom::runtime] Sent {"src":"n0","dest":"c14","body":{"in_reply_to":24,"type":"read_ok","value":0}}
2026-02-26 14:19:44,984{GMT}	INFO	[jepsen worker 0] jepsen.util: 0	:ok	:read	[0 0]
2026-02-26 14:19:45,003{GMT}	INFO	[jepsen worker 0] jepsen.util: 0	:invoke	:read	[0 nil]
2026-02-26 14:19:45,004{GMT}	INFO	[n0 stderr] maelstrom.process: [2026-02-26T13:19:45.004563Z INFO  maelstrom::runtime] Received {"id":180,"src":"c14","dest":"n0","body":{"key":0,"type":"read","msg_id":25}}
2026-02-26 14:19:45,005{GMT}	INFO	[n0 stderr] maelstrom.process: Node  received READ for key 0
2026-02-26 14:19:45,005{GMT}	INFO	[n0 stderr] maelstrom.process: [2026-02-26T13:19:45.004829Z INFO  maelstrom::runtime] Sent {"src":"n0","dest":"c14","body":{"in_reply_to":25,"type":"read_ok","value":0}}
2026-02-26 14:19:45,006{GMT}	INFO	[jepsen worker 0] jepsen.util: 0	:ok	:read	[0 0]
2026-02-26 14:19:45,006{GMT}	INFO	[jepsen worker 0] jepsen.util: 0	:invoke	:read	[0 nil]
2026-02-26 14:19:45,007{GMT}	INFO	[n0 stderr] maelstrom.process: [2026-02-26T13:19:45.007734Z INFO  maelstrom::runtime] Received {"id":182,"src":"c14","dest":"n0","body":{"key":0,"type":"read","msg_id":26}}
2026-02-26 14:19:45,008{GMT}	INFO	[n0 stderr] maelstrom.process: Node  received READ for key 0
2026-02-26 14:19:45,008{GMT}	INFO	[n0 stderr] maelstrom.process: [2026-02-26T13:19:45.007942Z INFO  maelstrom::runtime] Sent {"src":"n0","dest":"c14","body":{"in_reply_to":26,"type":"read_ok","value":0}}
2026-02-26 14:19:45,009{GMT}	INFO	[jepsen worker 0] jepsen.util: 0	:ok	:read	[0 0]
2026-02-26 14:19:45,017{GMT}	INFO	[jepsen worker 0] jepsen.util: 0	:invoke	:read	[0 nil]
2026-02-26 14:19:45,018{GMT}	INFO	[n0 stderr] maelstrom.process: [2026-02-26T13:19:45.018337Z INFO  maelstrom::runtime] Received {"id":184,"src":"c14","dest":"n0","body":{"key":0,"type":"read","msg_id":27}}
2026-02-26 14:19:45,018{GMT}	INFO	[n0 stderr] maelstrom.process: Node  received READ for key 0
2026-02-26 14:19:45,019{GMT}	INFO	[n0 stderr] maelstrom.process: [2026-02-26T13:19:45.018582Z INFO  maelstrom::runtime] Sent {"src":"n0","dest":"c14","body":{"in_reply_to":27,"type":"read_ok","value":0}}
2026-02-26 14:19:45,019{GMT}	INFO	[jepsen worker 0] jepsen.util: 0	:ok	:read	[0 0]
2026-02-26 14:19:45,024{GMT}	INFO	[jepsen worker 5] jepsen.util: 5	:invoke	:cas	[0 [3 2]]
2026-02-26 14:19:45,025{GMT}	INFO	[n0 stderr] maelstrom.process: [2026-02-26T13:19:45.025098Z INFO  maelstrom::runtime] Received {"id":186,"src":"c10","dest":"n0","body":{"key":0,"from":3,"to":2,"type":"cas","msg_id":32}}
2026-02-26 14:19:45,025{GMT}	INFO	[jepsen worker 6] jepsen.util: 6	:invoke	:cas	[0 [1 1]]
2026-02-26 14:19:45,025{GMT}	INFO	[n0 stderr] maelstrom.process: Node  received CAS (not implemented)
2026-02-26 14:19:45,026{GMT}	INFO	[n0 stderr] maelstrom.process: [2026-02-26T13:19:45.025324Z INFO  maelstrom::runtime] Sent {"src":"n0","dest":"c10","body":{"in_reply_to":32,"type":"cas_ok"}}
2026-02-26 14:19:45,026{GMT}	INFO	[jepsen worker 5] jepsen.util: 5	:ok	:cas	[0 [3 2]]
2026-02-26 14:19:45,026{GMT}	INFO	[n1 stderr] maelstrom.process: [2026-02-26T13:19:45.026716Z INFO  maelstrom::runtime] Received {"id":188,"src":"c13","dest":"n1","body":{"key":0,"from":1,"to":1,"type":"cas","msg_id":4}}
2026-02-26 14:19:45,027{GMT}	INFO	[n1 stderr] maelstrom.process: Node  received CAS (not implemented)
2026-02-26 14:19:45,027{GMT}	INFO	[n1 stderr] maelstrom.process: [2026-02-26T13:19:45.026941Z INFO  maelstrom::runtime] Sent {"src":"n1","dest":"c13","body":{"in_reply_to":4,"type":"cas_ok"}}
2026-02-26 14:19:45,027{GMT}	INFO	[jepsen worker 6] jepsen.util: 6	:ok	:cas	[0 [1 1]]
2026-02-26 14:19:45,035{GMT}	INFO	[jepsen worker 2] jepsen.util: 2	:invoke	:read	[0 nil]
2026-02-26 14:19:45,036{GMT}	INFO	[n2 stderr] maelstrom.process: [2026-02-26T13:19:45.036277Z INFO  maelstrom::runtime] Received {"id":190,"src":"c11","dest":"n2","body":{"key":0,"type":"read","msg_id":5}}
2026-02-26 14:19:45,036{GMT}	INFO	[n2 stderr] maelstrom.process: Node  received READ for key 0
2026-02-26 14:19:45,037{GMT}	INFO	[n2 stderr] maelstrom.process: [2026-02-26T13:19:45.036600Z INFO  maelstrom::runtime] Sent {"src":"n2","dest":"c11","body":{"in_reply_to":5,"type":"read_ok","value":0}}
2026-02-26 14:19:45,037{GMT}	INFO	[jepsen worker 2] jepsen.util: 2	:ok	:read	[0 0]
2026-02-26 14:19:45,051{GMT}	INFO	[jepsen worker 5] jepsen.util: 5	:invoke	:cas	[0 [4 3]]
2026-02-26 14:19:45,053{GMT}	INFO	[n0 stderr] maelstrom.process: [2026-02-26T13:19:45.053066Z INFO  maelstrom::runtime] Received {"id":192,"src":"c10","dest":"n0","body":{"key":0,"from":4,"to":3,"type":"cas","msg_id":33}}
2026-02-26 14:19:45,053{GMT}	INFO	[n0 stderr] maelstrom.process: Node  received CAS (not implemented)
2026-02-26 14:19:45,054{GMT}	INFO	[n0 stderr] maelstrom.process: [2026-02-26T13:19:45.053325Z INFO  maelstrom::runtime] Sent {"src":"n0","dest":"c10","body":{"in_reply_to":33,"type":"cas_ok"}}
2026-02-26 14:19:45,054{GMT}	INFO	[jepsen worker 5] jepsen.util: 5	:ok	:cas	[0 [4 3]]
2026-02-26 14:19:45,079{GMT}	INFO	[jepsen test runner] jepsen.core: Run complete, writing
2026-02-26 14:19:45,192{GMT}	INFO	[jepsen node n1] maelstrom.db: Tearing down n1
2026-02-26 14:19:45,192{GMT}	INFO	[jepsen node n0] maelstrom.db: Tearing down n0
2026-02-26 14:19:45,192{GMT}	INFO	[jepsen node n2] maelstrom.db: Tearing down n2
2026-02-26 14:19:45,192{GMT}	INFO	[jepsen node n3] maelstrom.db: Tearing down n3
2026-02-26 14:19:45,193{GMT}	INFO	[jepsen node n4] maelstrom.db: Tearing down n4
2026-02-26 14:19:47,031{GMT}	INFO	[jepsen node n0] maelstrom.net: Shutting down Maelstrom network
2026-02-26 14:19:47,032{GMT}	INFO	[jepsen test runner] jepsen.core: Analyzing...
2026-02-26 14:19:47,312{GMT}	WARN	[clojure-agent-send-off-pool-5] jepsen.checker: Error rendering linearizability analysis
java.lang.AssertionError: Assert failed: Expected index but got nil for op #knossos.op.Op{:process nil, :type nil, :f nil, :value nil, :index nil}
i
	at knossos.linear.report$time_coords$fn__10900.invoke(report.clj:184)
	at clojure.core$map$fn__5954.invoke(core.clj:2770)
	at clojure.lang.LazySeq.force(LazySeq.java:50)
	at clojure.lang.LazySeq.realize(LazySeq.java:89)
	at clojure.lang.LazySeq.seq(LazySeq.java:106)
	at clojure.lang.RT.seq(RT.java:555)
	at clojure.core$seq__5486.invokeStatic(core.clj:139)
	at clojure.core.protocols$seq_reduce.invokeStatic(protocols.clj:24)
	at clojure.core.protocols$fn__8262.invokeStatic(protocols.clj:74)
	at clojure.core.protocols$fn__8262.invoke(protocols.clj:74)
	at clojure.core.protocols$fn__8203$G__8198__8216.invoke(protocols.clj:13)
	at clojure.core$reduce.invokeStatic(core.clj:6965)
	at clojure.core$into.invokeStatic(core.clj:7038)
	at clojure.core$into.invoke(core.clj:7029)
	at knossos.linear.report$time_coords.invokeStatic(report.clj:194)
	at knossos.linear.report$time_coords.invoke(report.clj:177)
	at knossos.linear.report$learnings.invokeStatic(report.clj:442)
	at knossos.linear.report$learnings.invoke(report.clj:422)
	at knossos.linear.report$render_analysis_BANG_.invokeStatic(report.clj:654)
	at knossos.linear.report$render_analysis_BANG_.invoke(report.clj:649)
	at jepsen.checker$linearizable$reify__11134$fn__11136.invoke(checker.clj:226)
	at jepsen.checker$linearizable$reify__11134.check(checker.clj:224)
	at jepsen.checker$check_safe.invokeStatic(checker.clj:88)
	at jepsen.checker$check_safe.invoke(checker.clj:80)
	at jepsen.checker$compose$reify__11089$fn__11091.invoke(checker.clj:104)
	at clojure.core$pmap$fn__8582$fn__8583.invoke(core.clj:7169)
	at clojure.core$binding_conveyor_fn$fn__5842.invoke(core.clj:2047)
	at clojure.lang.AFn.call(AFn.java:18)
	at java.base/java.util.concurrent.FutureTask.run(FutureTask.java:328)
	at java.base/java.util.concurrent.ThreadPoolExecutor.runWorker(ThreadPoolExecutor.java:1090)
	at java.base/java.util.concurrent.ThreadPoolExecutor$Worker.run(ThreadPoolExecutor.java:614)
	at java.base/java.lang.Thread.run(Thread.java:1474)
2026-02-26 14:19:47,343{GMT}	INFO	[clojure-agent-send-pool-0] jepsen.independent: Wrote /home/tim/Work/ID2203/omnipaxos-kv-main/store/lin-kv/20260226T141942.889+0100/independent/0/results.edn
2026-02-26 14:19:47,348{GMT}	INFO	[clojure-agent-send-pool-0] jepsen.independent: Wrote /home/tim/Work/ID2203/omnipaxos-kv-main/store/lin-kv/20260226T141942.889+0100/independent/0/history.edn
2026-02-26 14:19:47,467{GMT}	INFO	[jepsen test runner] jepsen.core: Analysis complete
2026-02-26 14:19:47,481{GMT}	INFO	[jepsen results] jepsen.store: Wrote /home/tim/Work/ID2203/omnipaxos-kv-main/store/lin-kv/20260226T141942.889+0100/results.edn
2026-02-26 14:19:47,497{GMT}	INFO	[jepsen test runner] jepsen.core: {:perf {:latency-graph {:valid? true},
        :rate-graph {:valid? true},
        :valid? true},
 :timeline {:valid? true},
 :exceptions {:valid? true},
 :stats {:valid? true,
         :count 92,
         :ok-count 92,
         :fail-count 0,
         :info-count 0,
         :by-f {:cas {:valid? true,
                      :count 35,
                      :ok-count 35,
                      :fail-count 0,
                      :info-count 0},
                :read {:valid? true,
                       :count 46,
                       :ok-count 46,
                       :fail-count 0,
                       :info-count 0},
                :write {:valid? true,
                        :count 11,
                        :ok-count 11,
                        :fail-count 0,
                        :info-count 0}}},
 :availability {:valid? true, :ok-fraction 1.0},
 :net {:all {:send-count 194,
             :recv-count 194,
             :msg-count 194,
             :msgs-per-op 2.1086957},
       :clients {:send-count 194, :recv-count 194, :msg-count 194},
       :servers {:send-count 0,
                 :recv-count 0,
                 :msg-count 0,
                 :msgs-per-op 0.0},
       :valid? true},
 :workload {:valid? false,
            :results {0 {:linearizable {:valid? false,
                                        :configs ({:model #knossos.model.CASRegister{:value nil},
                                                   :last-op nil,
                                                   :pending [{:process 5,
                                                              :type :invoke,
                                                              :f :cas,
                                                              :value [2
                                                                      3],
                                                              :index 0,
                                                              :time 11191180}]}),
                                        :final-paths ([{:op nil,
                                                        :model #knossos.model.CASRegister{:value nil}}
                                                       {:op {:process 5,
                                                             :type :ok,
                                                             :f :cas,
                                                             :value [2
                                                                     3],
                                                             :index 1,
                                                             :time 20129149},
                                                        :model #knossos.model.Inconsistent{:msg "can't CAS  from 2 to 3"}}]),
                                        :previous-ok nil,
                                        :last-op nil,
                                        :op {:process 5,
                                             :type :ok,
                                             :f :cas,
                                             :value [2 3],
                                             :index 1,
                                             :time 20129149}},
                         :timeline {:valid? true},
                         :valid? false}},
            :failures [0]},
 :valid? false}


Analysis invalid! (ﾉಥ益ಥ）ﾉ ┻━┻
