[2026-02-25T16:54:27.129745Z INFO  maelstrom::runtime] Received {"id":0,"src":"c0","dest":"n1","body":{"type":"init","node_id":"n1","node_ids":["n0","n1","n2","n3"],"msg_id":1}}
[2026-02-25T16:54:27.130165Z INFO  maelstrom::runtime] Sent {"src":"n1","dest":"c0","body":{"in_reply_to":1,"type":"init_ok"}}
[2026-02-25T16:54:27.159699Z INFO  maelstrom::runtime] Received {"id":10,"src":"c9","dest":"n1","body":{"key":0,"type":"read","msg_id":1}}
Node  received READ for key 0
[2026-02-25T16:54:27.159806Z INFO  maelstrom::runtime] Sent {"src":"n1","dest":"c9","body":{"in_reply_to":1,"type":"read_ok","value":0}}
[2026-02-25T16:54:27.208815Z INFO  maelstrom::runtime] Received {"id":18,"src":"c12","dest":"n1","body":{"key":0,"from":4,"to":3,"type":"cas","msg_id":1}}
Node  received CAS (not implemented)
[2026-02-25T16:54:27.208908Z INFO  maelstrom::runtime] Sent {"src":"n1","dest":"c12","body":{"in_reply_to":1,"type":"cas_ok"}}
[2026-02-25T16:54:27.246815Z INFO  maelstrom::runtime] Received {"id":28,"src":"c9","dest":"n1","body":{"key":0,"type":"read","msg_id":2}}
Node  received READ for key 0
[2026-02-25T16:54:27.247022Z INFO  maelstrom::runtime] Sent {"src":"n1","dest":"c9","body":{"in_reply_to":2,"type":"read_ok","value":0}}
[2026-02-25T16:54:27.296239Z INFO  maelstrom::runtime] Received {"id":35,"src":"c12","dest":"n1","body":{"key":0,"from":0,"to":0,"type":"cas","msg_id":2}}
Node  received CAS (not implemented)
[2026-02-25T16:54:27.296492Z INFO  maelstrom::runtime] Sent {"src":"n1","dest":"c12","body":{"in_reply_to":2,"type":"cas_ok"}}
[2026-02-25T16:54:27.414009Z INFO  maelstrom::runtime] Received {"id":54,"src":"c12","dest":"n1","body":{"key":0,"from":3,"to":4,"type":"cas","msg_id":3}}
Node  received CAS (not implemented)
[2026-02-25T16:54:27.414294Z INFO  maelstrom::runtime] Sent {"src":"n1","dest":"c12","body":{"in_reply_to":3,"type":"cas_ok"}}
[2026-02-25T16:54:27.499584Z INFO  maelstrom::runtime] Received {"id":64,"src":"c9","dest":"n1","body":{"key":0,"type":"read","msg_id":3}}
Node  received READ for key 0
[2026-02-25T16:54:27.499774Z INFO  maelstrom::runtime] Sent {"src":"n1","dest":"c9","body":{"in_reply_to":3,"type":"read_ok","value":0}}
[2026-02-25T16:54:27.558347Z INFO  maelstrom::runtime] Received {"id":74,"src":"c9","dest":"n1","body":{"key":0,"type":"read","msg_id":4}}
Node  received READ for key 0
[2026-02-25T16:54:27.558661Z INFO  maelstrom::runtime] Sent {"src":"n1","dest":"c9","body":{"in_reply_to":4,"type":"read_ok","value":0}}
[2026-02-25T16:54:27.635034Z INFO  maelstrom::runtime] Received {"id":90,"src":"c12","dest":"n1","body":{"key":0,"from":2,"to":0,"type":"cas","msg_id":4}}
Node  received CAS (not implemented)
[2026-02-25T16:54:27.635250Z INFO  maelstrom::runtime] Sent {"src":"n1","dest":"c12","body":{"in_reply_to":4,"type":"cas_ok"}}
[2026-02-25T16:54:27.756574Z INFO  maelstrom::runtime] Received {"id":116,"src":"c9","dest":"n1","body":{"key":0,"type":"read","msg_id":5}}
Node  received READ for key 0
[2026-02-25T16:54:27.756725Z INFO  maelstrom::runtime] Sent {"src":"n1","dest":"c9","body":{"in_reply_to":5,"type":"read_ok","value":0}}
[2026-02-25T16:54:27.873261Z INFO  maelstrom::runtime] Received {"id":136,"src":"c9","dest":"n1","body":{"key":0,"type":"read","msg_id":6}}
Node  received READ for key 0
[2026-02-25T16:54:27.873387Z INFO  maelstrom::runtime] Sent {"src":"n1","dest":"c9","body":{"in_reply_to":6,"type":"read_ok","value":0}}
[2026-02-25T16:54:27.909309Z INFO  maelstrom::runtime] Received {"id":144,"src":"c12","dest":"n1","body":{"key":0,"value":1,"type":"write","msg_id":5}}
Node  received WRITE: 0=1
[2026-02-25T16:54:27.909481Z INFO  maelstrom::runtime] Sent {"src":"n1","dest":"c12","body":{"in_reply_to":5,"type":"write_ok"}}
[2026-02-25T16:54:27.926483Z INFO  maelstrom::runtime] Received {"id":147,"src":"c9","dest":"n1","body":{"key":0,"type":"read","msg_id":7}}
Node  received READ for key 0
[2026-02-25T16:54:27.926634Z INFO  maelstrom::runtime] Sent {"src":"n1","dest":"c9","body":{"in_reply_to":7,"type":"read_ok","value":0}}
[2026-02-25T16:54:27.942921Z INFO  maelstrom::runtime] Received {"id":152,"src":"c9","dest":"n1","body":{"key":0,"type":"read","msg_id":8}}
Node  received READ for key 0
[2026-02-25T16:54:27.943068Z INFO  maelstrom::runtime] Sent {"src":"n1","dest":"c9","body":{"in_reply_to":8,"type":"read_ok","value":0}}
[2026-02-25T16:54:28.062261Z INFO  maelstrom::runtime] Received {"id":172,"src":"c9","dest":"n1","body":{"key":0,"type":"read","msg_id":9}}
Node  received READ for key 0
[2026-02-25T16:54:28.062346Z INFO  maelstrom::runtime] Sent {"src":"n1","dest":"c9","body":{"in_reply_to":9,"type":"read_ok","value":0}}
[2026-02-25T16:54:28.113779Z INFO  maelstrom::runtime] Received {"id":180,"src":"c12","dest":"n1","body":{"key":0,"value":1,"type":"write","msg_id":6}}
Node  received WRITE: 0=1
[2026-02-25T16:54:28.113955Z INFO  maelstrom::runtime] Sent {"src":"n1","dest":"c12","body":{"in_reply_to":6,"type":"write_ok"}}
[2026-02-25T16:54:28.155226Z INFO  maelstrom::runtime] Received {"id":189,"src":"c9","dest":"n1","body":{"key":0,"type":"read","msg_id":10}}
Node  received READ for key 0
[2026-02-25T16:54:28.155321Z INFO  maelstrom::runtime] Sent {"src":"n1","dest":"c9","body":{"in_reply_to":10,"type":"read_ok","value":0}}
[2026-02-25T16:54:28.281117Z INFO  maelstrom::runtime] Received {"id":208,"src":"c9","dest":"n1","body":{"key":0,"type":"read","msg_id":11}}
Node  received READ for key 0
[2026-02-25T16:54:28.281361Z INFO  maelstrom::runtime] Sent {"src":"n1","dest":"c9","body":{"in_reply_to":11,"type":"read_ok","value":0}}
[2026-02-25T16:54:28.330065Z INFO  maelstrom::runtime] Received {"id":216,"src":"c12","dest":"n1","body":{"key":0,"from":2,"to":3,"type":"cas","msg_id":7}}
Node  received CAS (not implemented)
[2026-02-25T16:54:28.330229Z INFO  maelstrom::runtime] Sent {"src":"n1","dest":"c12","body":{"in_reply_to":7,"type":"cas_ok"}}
[2026-02-25T16:54:28.370624Z INFO  maelstrom::runtime] Received {"id":226,"src":"c9","dest":"n1","body":{"key":0,"type":"read","msg_id":12}}
Node  received READ for key 0
[2026-02-25T16:54:28.370930Z INFO  maelstrom::runtime] Sent {"src":"n1","dest":"c9","body":{"in_reply_to":12,"type":"read_ok","value":0}}
[2026-02-25T16:54:28.454020Z INFO  maelstrom::runtime] Received {"id":252,"src":"c12","dest":"n1","body":{"key":0,"from":1,"to":2,"type":"cas","msg_id":8}}
Node  received CAS (not implemented)
[2026-02-25T16:54:28.454228Z INFO  maelstrom::runtime] Sent {"src":"n1","dest":"c12","body":{"in_reply_to":8,"type":"cas_ok"}}
[2026-02-25T16:54:28.540402Z INFO  maelstrom::runtime] Received {"id":270,"src":"c12","dest":"n1","body":{"key":0,"from":4,"to":0,"type":"cas","msg_id":9}}
Node  received CAS (not implemented)
[2026-02-25T16:54:28.540547Z INFO  maelstrom::runtime] Sent {"src":"n1","dest":"c12","body":{"in_reply_to":9,"type":"cas_ok"}}
[2026-02-25T16:54:28.752307Z INFO  maelstrom::runtime] Received {"id":306,"src":"c12","dest":"n1","body":{"key":0,"from":4,"to":2,"type":"cas","msg_id":10}}
Node  received CAS (not implemented)
[2026-02-25T16:54:28.752402Z INFO  maelstrom::runtime] Sent {"src":"n1","dest":"c12","body":{"in_reply_to":10,"type":"cas_ok"}}
[2026-02-25T16:54:28.789143Z INFO  maelstrom::runtime] Received {"id":316,"src":"c9","dest":"n1","body":{"key":0,"type":"read","msg_id":13}}
Node  received READ for key 0
[2026-02-25T16:54:28.789227Z INFO  maelstrom::runtime] Sent {"src":"n1","dest":"c9","body":{"in_reply_to":13,"type":"read_ok","value":0}}
[2026-02-25T16:54:28.869237Z INFO  maelstrom::runtime] Received {"id":334,"src":"c9","dest":"n1","body":{"key":0,"type":"read","msg_id":14}}
Node  received READ for key 0
[2026-02-25T16:54:28.869344Z INFO  maelstrom::runtime] Sent {"src":"n1","dest":"c9","body":{"in_reply_to":14,"type":"read_ok","value":0}}
[2026-02-25T16:54:28.988921Z INFO  maelstrom::runtime] Received {"id":352,"src":"c9","dest":"n1","body":{"key":0,"type":"read","msg_id":15}}
Node  received READ for key 0
[2026-02-25T16:54:28.989235Z INFO  maelstrom::runtime] Sent {"src":"n1","dest":"c9","body":{"in_reply_to":15,"type":"read_ok","value":0}}
[2026-02-25T16:54:29.093915Z INFO  maelstrom::runtime] Received {"id":370,"src":"c9","dest":"n1","body":{"key":0,"type":"read","msg_id":16}}
Node  received READ for key 0
[2026-02-25T16:54:29.094144Z INFO  maelstrom::runtime] Sent {"src":"n1","dest":"c9","body":{"in_reply_to":16,"type":"read_ok","value":0}}
[2026-02-25T16:54:29.139222Z INFO  maelstrom::runtime] Received {"id":378,"src":"c12","dest":"n1","body":{"key":0,"value":1,"type":"write","msg_id":11}}
Node  received WRITE: 0=1
[2026-02-25T16:54:29.139635Z INFO  maelstrom::runtime] Sent {"src":"n1","dest":"c12","body":{"in_reply_to":11,"type":"write_ok"}}
[2026-02-25T16:54:29.298007Z INFO  maelstrom::runtime] Received {"id":406,"src":"c9","dest":"n1","body":{"key":0,"type":"read","msg_id":17}}
Node  received READ for key 0
[2026-02-25T16:54:29.298272Z INFO  maelstrom::runtime] Sent {"src":"n1","dest":"c9","body":{"in_reply_to":17,"type":"read_ok","value":0}}
[2026-02-25T16:54:29.328331Z INFO  maelstrom::runtime] Received {"id":414,"src":"c12","dest":"n1","body":{"key":0,"from":3,"to":1,"type":"cas","msg_id":12}}
Node  received CAS (not implemented)
[2026-02-25T16:54:29.328594Z INFO  maelstrom::runtime] Sent {"src":"n1","dest":"c12","body":{"in_reply_to":12,"type":"cas_ok"}}
[2026-02-25T16:54:29.411351Z INFO  maelstrom::runtime] Received {"id":424,"src":"c9","dest":"n1","body":{"key":0,"type":"read","msg_id":18}}
Node  received READ for key 0
[2026-02-25T16:54:29.411425Z INFO  maelstrom::runtime] Sent {"src":"n1","dest":"c9","body":{"in_reply_to":18,"type":"read_ok","value":0}}
[2026-02-25T16:54:29.461843Z INFO  maelstrom::runtime] Received {"id":432,"src":"c12","dest":"n1","body":{"key":0,"from":2,"to":0,"type":"cas","msg_id":13}}
Node  received CAS (not implemented)
[2026-02-25T16:54:29.462041Z INFO  maelstrom::runtime] Sent {"src":"n1","dest":"c12","body":{"in_reply_to":13,"type":"cas_ok"}}
[2026-02-25T16:54:29.636338Z INFO  maelstrom::runtime] Received {"id":460,"src":"c9","dest":"n1","body":{"key":0,"type":"read","msg_id":19}}
Node  received READ for key 0
[2026-02-25T16:54:29.636578Z INFO  maelstrom::runtime] Sent {"src":"n1","dest":"c9","body":{"in_reply_to":19,"type":"read_ok","value":0}}
[2026-02-25T16:54:29.782384Z INFO  maelstrom::runtime] Received {"id":486,"src":"c12","dest":"n1","body":{"key":0,"from":2,"to":2,"type":"cas","msg_id":14}}
Node  received CAS (not implemented)
[2026-02-25T16:54:29.782721Z INFO  maelstrom::runtime] Sent {"src":"n1","dest":"c12","body":{"in_reply_to":14,"type":"cas_ok"}}
[2026-02-25T16:54:29.862799Z INFO  maelstrom::runtime] Received {"id":504,"src":"c12","dest":"n1","body":{"key":0,"value":1,"type":"write","msg_id":15}}
Node  received WRITE: 0=1
[2026-02-25T16:54:29.863021Z INFO  maelstrom::runtime] Sent {"src":"n1","dest":"c12","body":{"in_reply_to":15,"type":"write_ok"}}
[2026-02-25T16:54:29.922536Z INFO  maelstrom::runtime] Received {"id":514,"src":"c9","dest":"n1","body":{"key":0,"type":"read","msg_id":20}}
Node  received READ for key 0
[2026-02-25T16:54:29.922784Z INFO  maelstrom::runtime] Sent {"src":"n1","dest":"c9","body":{"in_reply_to":20,"type":"read_ok","value":0}}
[2026-02-25T16:54:30.122351Z INFO  maelstrom::runtime] Received {"id":550,"src":"c9","dest":"n1","body":{"key":0,"type":"read","msg_id":21}}
Node  received READ for key 0
[2026-02-25T16:54:30.122759Z INFO  maelstrom::runtime] Sent {"src":"n1","dest":"c9","body":{"in_reply_to":21,"type":"read_ok","value":0}}
[2026-02-25T16:54:30.178112Z INFO  maelstrom::runtime] Received {"id":558,"src":"c12","dest":"n1","body":{"key":0,"value":3,"type":"write","msg_id":16}}
Node  received WRITE: 0=3
[2026-02-25T16:54:30.178220Z INFO  maelstrom::runtime] Sent {"src":"n1","dest":"c12","body":{"in_reply_to":16,"type":"write_ok"}}
[2026-02-25T16:54:30.255063Z INFO  maelstrom::runtime] Received {"id":576,"src":"c9","dest":"n1","body":{"key":0,"type":"read","msg_id":22}}
Node  received READ for key 0
[2026-02-25T16:54:30.255597Z INFO  maelstrom::runtime] Sent {"src":"n1","dest":"c9","body":{"in_reply_to":22,"type":"read_ok","value":0}}
[2026-02-25T16:54:30.288379Z INFO  maelstrom::runtime] Received {"id":586,"src":"c9","dest":"n1","body":{"key":0,"type":"read","msg_id":23}}
Node  received READ for key 0
[2026-02-25T16:54:30.288605Z INFO  maelstrom::runtime] Sent {"src":"n1","dest":"c9","body":{"in_reply_to":23,"type":"read_ok","value":0}}
[2026-02-25T16:54:30.315624Z INFO  maelstrom::runtime] Received {"id":594,"src":"c12","dest":"n1","body":{"key":0,"from":2,"to":3,"type":"cas","msg_id":17}}
Node  received CAS (not implemented)
[2026-02-25T16:54:30.316018Z INFO  maelstrom::runtime] Sent {"src":"n1","dest":"c12","body":{"in_reply_to":17,"type":"cas_ok"}}
[2026-02-25T16:54:30.347365Z INFO  maelstrom::runtime] Received {"id":604,"src":"c9","dest":"n1","body":{"key":0,"type":"read","msg_id":24}}
Node  received READ for key 0
[2026-02-25T16:54:30.347596Z INFO  maelstrom::runtime] Sent {"src":"n1","dest":"c9","body":{"in_reply_to":24,"type":"read_ok","value":0}}
[2026-02-25T16:54:30.636624Z INFO  maelstrom::runtime] Received {"id":658,"src":"c9","dest":"n1","body":{"key":0,"type":"read","msg_id":25}}
Node  received READ for key 0
[2026-02-25T16:54:30.636834Z INFO  maelstrom::runtime] Sent {"src":"n1","dest":"c9","body":{"in_reply_to":25,"type":"read_ok","value":0}}
[2026-02-25T16:54:30.718886Z INFO  maelstrom::runtime] Received {"id":676,"src":"c9","dest":"n1","body":{"key":0,"type":"read","msg_id":26}}
Node  received READ for key 0
[2026-02-25T16:54:30.719186Z INFO  maelstrom::runtime] Sent {"src":"n1","dest":"c9","body":{"in_reply_to":26,"type":"read_ok","value":0}}
[2026-02-25T16:54:30.764666Z INFO  maelstrom::runtime] Received {"id":684,"src":"c12","dest":"n1","body":{"key":0,"from":1,"to":0,"type":"cas","msg_id":18}}
Node  received CAS (not implemented)
[2026-02-25T16:54:30.764853Z INFO  maelstrom::runtime] Sent {"src":"n1","dest":"c12","body":{"in_reply_to":18,"type":"cas_ok"}}
[2026-02-25T16:54:30.815983Z INFO  maelstrom::runtime] Received {"id":694,"src":"c9","dest":"n1","body":{"key":0,"type":"read","msg_id":27}}
Node  received READ for key 0
[2026-02-25T16:54:30.816227Z INFO  maelstrom::runtime] Sent {"src":"n1","dest":"c9","body":{"in_reply_to":27,"type":"read_ok","value":0}}
[2026-02-25T16:54:30.854702Z INFO  maelstrom::runtime] Received {"id":702,"src":"c12","dest":"n1","body":{"key":0,"value":4,"type":"write","msg_id":19}}
Node  received WRITE: 0=4
[2026-02-25T16:54:30.854926Z INFO  maelstrom::runtime] Sent {"src":"n1","dest":"c12","body":{"in_reply_to":19,"type":"write_ok"}}
[2026-02-25T16:54:30.967545Z INFO  maelstrom::runtime] Received {"id":720,"src":"c12","dest":"n1","body":{"key":0,"value":1,"type":"write","msg_id":20}}
Node  received WRITE: 0=1
[2026-02-25T16:54:30.967734Z INFO  maelstrom::runtime] Sent {"src":"n1","dest":"c12","body":{"in_reply_to":20,"type":"write_ok"}}
[2026-02-25T16:54:31.012329Z INFO  maelstrom::runtime] Received {"id":730,"src":"c9","dest":"n1","body":{"key":0,"type":"read","msg_id":28}}
Node  received READ for key 0
[2026-02-25T16:54:31.012626Z INFO  maelstrom::runtime] Sent {"src":"n1","dest":"c9","body":{"in_reply_to":28,"type":"read_ok","value":0}}
[2026-02-25T16:54:31.051210Z INFO  maelstrom::runtime] Received {"id":738,"src":"c12","dest":"n1","body":{"key":0,"from":1,"to":3,"type":"cas","msg_id":21}}
Node  received CAS (not implemented)
[2026-02-25T16:54:31.051427Z INFO  maelstrom::runtime] Sent {"src":"n1","dest":"c12","body":{"in_reply_to":21,"type":"cas_ok"}}
[2026-02-25T16:54:31.120729Z INFO  maelstrom::runtime] Received {"id":756,"src":"c12","dest":"n1","body":{"key":0,"from":3,"to":2,"type":"cas","msg_id":22}}
Node  received CAS (not implemented)
[2026-02-25T16:54:31.120977Z INFO  maelstrom::runtime] Sent {"src":"n1","dest":"c12","body":{"in_reply_to":22,"type":"cas_ok"}}
[2026-02-25T16:54:31.177709Z INFO  maelstrom::runtime] Received {"id":766,"src":"c9","dest":"n1","body":{"key":0,"type":"read","msg_id":29}}
Node  received READ for key 0
[2026-02-25T16:54:31.178091Z INFO  maelstrom::runtime] Sent {"src":"n1","dest":"c9","body":{"in_reply_to":29,"type":"read_ok","value":0}}
[2026-02-25T16:54:31.251390Z INFO  maelstrom::runtime] Received {"id":784,"src":"c12","dest":"n1","body":{"key":0,"from":1,"to":1,"type":"cas","msg_id":23}}
Node  received CAS (not implemented)
[2026-02-25T16:54:31.251575Z INFO  maelstrom::runtime] Sent {"src":"n1","dest":"c12","body":{"in_reply_to":23,"type":"cas_ok"}}
[2026-02-25T16:54:31.302202Z INFO  maelstrom::runtime] Received {"id":792,"src":"c12","dest":"n1","body":{"key":0,"from":4,"to":0,"type":"cas","msg_id":24}}
Node  received CAS (not implemented)
[2026-02-25T16:54:31.302374Z INFO  maelstrom::runtime] Sent {"src":"n1","dest":"c12","body":{"in_reply_to":24,"type":"cas_ok"}}
[2026-02-25T16:54:31.445324Z INFO  maelstrom::runtime] Received {"id":820,"src":"c9","dest":"n1","body":{"key":0,"type":"read","msg_id":30}}
Node  received READ for key 0
[2026-02-25T16:54:31.445548Z INFO  maelstrom::runtime] Sent {"src":"n1","dest":"c9","body":{"in_reply_to":30,"type":"read_ok","value":0}}
[2026-02-25T16:54:31.551632Z INFO  maelstrom::runtime] Received {"id":839,"src":"c12","dest":"n1","body":{"key":0,"from":3,"to":0,"type":"cas","msg_id":25}}
Node  received CAS (not implemented)
[2026-02-25T16:54:31.551906Z INFO  maelstrom::runtime] Sent {"src":"n1","dest":"c12","body":{"in_reply_to":25,"type":"cas_ok"}}
[2026-02-25T16:54:31.635741Z INFO  maelstrom::runtime] Received {"id":856,"src":"c9","dest":"n1","body":{"key":0,"type":"read","msg_id":31}}
Node  received READ for key 0
[2026-02-25T16:54:31.635933Z INFO  maelstrom::runtime] Sent {"src":"n1","dest":"c9","body":{"in_reply_to":31,"type":"read_ok","value":0}}
[2026-02-25T16:54:31.857604Z INFO  maelstrom::runtime] Received {"id":900,"src":"c12","dest":"n1","body":{"key":0,"from":0,"to":4,"type":"cas","msg_id":26}}
Node  received CAS (not implemented)
[2026-02-25T16:54:31.857847Z INFO  maelstrom::runtime] Sent {"src":"n1","dest":"c12","body":{"in_reply_to":26,"type":"cas_ok"}}
[2026-02-25T16:54:31.917473Z INFO  maelstrom::runtime] Received {"id":910,"src":"c9","dest":"n1","body":{"key":0,"type":"read","msg_id":32}}
Node  received READ for key 0
[2026-02-25T16:54:31.917702Z INFO  maelstrom::runtime] Sent {"src":"n1","dest":"c9","body":{"in_reply_to":32,"type":"read_ok","value":0}}
[2026-02-25T16:54:31.968582Z INFO  maelstrom::runtime] Received {"id":918,"src":"c12","dest":"n1","body":{"key":0,"from":4,"to":0,"type":"cas","msg_id":27}}
Node  received CAS (not implemented)
[2026-02-25T16:54:31.968901Z INFO  maelstrom::runtime] Sent {"src":"n1","dest":"c12","body":{"in_reply_to":27,"type":"cas_ok"}}
[2026-02-25T16:54:32.015382Z INFO  maelstrom::runtime] Received {"id":928,"src":"c9","dest":"n1","body":{"key":0,"type":"read","msg_id":33}}
Node  received READ for key 0
[2026-02-25T16:54:32.015665Z INFO  maelstrom::runtime] Sent {"src":"n1","dest":"c9","body":{"in_reply_to":33,"type":"read_ok","value":0}}
[2026-02-25T16:54:32.046920Z INFO  maelstrom::runtime] Received {"id":936,"src":"c12","dest":"n1","body":{"key":0,"from":2,"to":2,"type":"cas","msg_id":28}}
Node  received CAS (not implemented)
[2026-02-25T16:54:32.047145Z INFO  maelstrom::runtime] Sent {"src":"n1","dest":"c12","body":{"in_reply_to":28,"type":"cas_ok"}}
[2026-02-25T16:54:32.189444Z INFO  maelstrom::runtime] Received {"id":964,"src":"c9","dest":"n1","body":{"key":0,"type":"read","msg_id":34}}
Node  received READ for key 0
[2026-02-25T16:54:32.189576Z INFO  maelstrom::runtime] Sent {"src":"n1","dest":"c9","body":{"in_reply_to":34,"type":"read_ok","value":0}}
[2026-02-25T16:54:32.218280Z INFO  maelstrom::runtime] Received {"id":971,"src":"c12","dest":"n1","body":{"key":0,"from":3,"to":0,"type":"cas","msg_id":29}}
Node  received CAS (not implemented)
[2026-02-25T16:54:32.218341Z INFO  maelstrom::runtime] Sent {"src":"n1","dest":"c12","body":{"in_reply_to":29,"type":"cas_ok"}}
[2026-02-25T16:54:32.289612Z INFO  maelstrom::runtime] Received {"id":982,"src":"c9","dest":"n1","body":{"key":0,"type":"read","msg_id":35}}
Node  received READ for key 0
[2026-02-25T16:54:32.289704Z INFO  maelstrom::runtime] Sent {"src":"n1","dest":"c9","body":{"in_reply_to":35,"type":"read_ok","value":0}}
[2026-02-25T16:54:32.351033Z INFO  maelstrom::runtime] Received {"id":1000,"src":"c9","dest":"n1","body":{"key":0,"type":"read","msg_id":36}}
Node  received READ for key 0
[2026-02-25T16:54:32.351133Z INFO  maelstrom::runtime] Sent {"src":"n1","dest":"c9","body":{"in_reply_to":36,"type":"read_ok","value":0}}
[2026-02-25T16:54:32.495906Z INFO  maelstrom::runtime] Received {"id":1026,"src":"c12","dest":"n1","body":{"key":0,"from":2,"to":0,"type":"cas","msg_id":30}}
Node  received CAS (not implemented)
[2026-02-25T16:54:32.496014Z INFO  maelstrom::runtime] Sent {"src":"n1","dest":"c12","body":{"in_reply_to":30,"type":"cas_ok"}}
[2026-02-25T16:54:32.570772Z INFO  maelstrom::runtime] Received {"id":1037,"src":"c12","dest":"n1","body":{"key":0,"from":0,"to":2,"type":"cas","msg_id":31}}
Node  received CAS (not implemented)
[2026-02-25T16:54:32.570888Z INFO  maelstrom::runtime] Sent {"src":"n1","dest":"c12","body":{"in_reply_to":31,"type":"cas_ok"}}
[2026-02-25T16:54:32.700237Z INFO  maelstrom::runtime] Received {"id":1064,"src":"c9","dest":"n1","body":{"key":0,"type":"read","msg_id":37}}
Node  received READ for key 0
[2026-02-25T16:54:32.700653Z INFO  maelstrom::runtime] Sent {"src":"n1","dest":"c9","body":{"in_reply_to":37,"type":"read_ok","value":0}}
[2026-02-25T16:54:32.753263Z INFO  maelstrom::runtime] Received {"id":1080,"src":"c12","dest":"n1","body":{"key":0,"value":2,"type":"write","msg_id":32}}
Node  received WRITE: 0=2
[2026-02-25T16:54:32.753378Z INFO  maelstrom::runtime] Sent {"src":"n1","dest":"c12","body":{"in_reply_to":32,"type":"write_ok"}}
[2026-02-25T16:54:32.936466Z INFO  maelstrom::runtime] Received {"id":1116,"src":"c12","dest":"n1","body":{"key":0,"value":3,"type":"write","msg_id":33}}
Node  received WRITE: 0=3
[2026-02-25T16:54:32.936786Z INFO  maelstrom::runtime] Sent {"src":"n1","dest":"c12","body":{"in_reply_to":33,"type":"write_ok"}}
[2026-02-25T16:54:32.995854Z INFO  maelstrom::runtime] Received {"id":1126,"src":"c9","dest":"n1","body":{"key":0,"type":"read","msg_id":38}}
Node  received READ for key 0
[2026-02-25T16:54:32.996093Z INFO  maelstrom::runtime] Sent {"src":"n1","dest":"c9","body":{"in_reply_to":38,"type":"read_ok","value":0}}
[2026-02-25T16:54:33.042122Z INFO  maelstrom::runtime] Received {"id":1134,"src":"c12","dest":"n1","body":{"key":0,"value":0,"type":"write","msg_id":34}}
Node  received WRITE: 0=0
[2026-02-25T16:54:33.042385Z INFO  maelstrom::runtime] Sent {"src":"n1","dest":"c12","body":{"in_reply_to":34,"type":"write_ok"}}
[2026-02-25T16:54:33.185310Z INFO  maelstrom::runtime] Received {"id":1162,"src":"c9","dest":"n1","body":{"key":0,"type":"read","msg_id":39}}
Node  received READ for key 0
[2026-02-25T16:54:33.185562Z INFO  maelstrom::runtime] Sent {"src":"n1","dest":"c9","body":{"in_reply_to":39,"type":"read_ok","value":0}}
[2026-02-25T16:54:33.233095Z INFO  maelstrom::runtime] Received {"id":1170,"src":"c12","dest":"n1","body":{"key":0,"value":4,"type":"write","msg_id":35}}
Node  received WRITE: 0=4
[2026-02-25T16:54:33.233207Z INFO  maelstrom::runtime] Sent {"src":"n1","dest":"c12","body":{"in_reply_to":35,"type":"write_ok"}}
[2026-02-25T16:54:33.289250Z INFO  maelstrom::runtime] Received {"id":1180,"src":"c9","dest":"n1","body":{"key":0,"type":"read","msg_id":40}}
Node  received READ for key 0
[2026-02-25T16:54:33.289634Z INFO  maelstrom::runtime] Sent {"src":"n1","dest":"c9","body":{"in_reply_to":40,"type":"read_ok","value":0}}
[2026-02-25T16:54:33.329786Z INFO  maelstrom::runtime] Received {"id":1188,"src":"c12","dest":"n1","body":{"key":0,"from":0,"to":2,"type":"cas","msg_id":36}}
Node  received CAS (not implemented)
[2026-02-25T16:54:33.329857Z INFO  maelstrom::runtime] Sent {"src":"n1","dest":"c12","body":{"in_reply_to":36,"type":"cas_ok"}}
[2026-02-25T16:54:33.370848Z INFO  maelstrom::runtime] Received {"id":1198,"src":"c9","dest":"n1","body":{"key":0,"type":"read","msg_id":41}}
Node  received READ for key 0
[2026-02-25T16:54:33.371107Z INFO  maelstrom::runtime] Sent {"src":"n1","dest":"c9","body":{"in_reply_to":41,"type":"read_ok","value":0}}
[2026-02-25T16:54:33.430354Z INFO  maelstrom::runtime] Received {"id":1206,"src":"c12","dest":"n1","body":{"key":0,"value":2,"type":"write","msg_id":37}}
Node  received WRITE: 0=2
[2026-02-25T16:54:33.430560Z INFO  maelstrom::runtime] Sent {"src":"n1","dest":"c12","body":{"in_reply_to":37,"type":"write_ok"}}
[2026-02-25T16:54:33.547187Z INFO  maelstrom::runtime] Received {"id":1224,"src":"c12","dest":"n1","body":{"key":0,"from":4,"to":4,"type":"cas","msg_id":38}}
Node  received CAS (not implemented)
[2026-02-25T16:54:33.547381Z INFO  maelstrom::runtime] Sent {"src":"n1","dest":"c12","body":{"in_reply_to":38,"type":"cas_ok"}}
[2026-02-25T16:54:33.619213Z INFO  maelstrom::runtime] Received {"id":1240,"src":"c12","dest":"n1","body":{"key":0,"from":2,"to":1,"type":"cas","msg_id":39}}
Node  received CAS (not implemented)
[2026-02-25T16:54:33.619518Z INFO  maelstrom::runtime] Sent {"src":"n1","dest":"c12","body":{"in_reply_to":39,"type":"cas_ok"}}
[2026-02-25T16:54:33.769399Z INFO  maelstrom::runtime] Received {"id":1265,"src":"c9","dest":"n1","body":{"key":0,"type":"read","msg_id":42}}
Node  received READ for key 0
[2026-02-25T16:54:33.769622Z INFO  maelstrom::runtime] Sent {"src":"n1","dest":"c9","body":{"in_reply_to":42,"type":"read_ok","value":0}}
[2026-02-25T16:54:33.787884Z INFO  maelstrom::runtime] Received {"id":1270,"src":"c9","dest":"n1","body":{"key":0,"type":"read","msg_id":43}}
Node  received READ for key 0
[2026-02-25T16:54:33.787975Z INFO  maelstrom::runtime] Sent {"src":"n1","dest":"c9","body":{"in_reply_to":43,"type":"read_ok","value":0}}
[2026-02-25T16:54:33.831238Z INFO  maelstrom::runtime] Received {"id":1278,"src":"c12","dest":"n1","body":{"key":0,"from":4,"to":0,"type":"cas","msg_id":40}}
Node  received CAS (not implemented)
[2026-02-25T16:54:33.831408Z INFO  maelstrom::runtime] Sent {"src":"n1","dest":"c12","body":{"in_reply_to":40,"type":"cas_ok"}}
[2026-02-25T16:54:33.902761Z INFO  maelstrom::runtime] Received {"id":1288,"src":"c9","dest":"n1","body":{"key":0,"type":"read","msg_id":44}}
Node  received READ for key 0
[2026-02-25T16:54:33.903041Z INFO  maelstrom::runtime] Sent {"src":"n1","dest":"c9","body":{"in_reply_to":44,"type":"read_ok","value":0}}
[2026-02-25T16:54:34.005111Z INFO  maelstrom::runtime] Received {"id":1306,"src":"c9","dest":"n1","body":{"key":0,"type":"read","msg_id":45}}
Node  received READ for key 0
[2026-02-25T16:54:34.005327Z INFO  maelstrom::runtime] Sent {"src":"n1","dest":"c9","body":{"in_reply_to":45,"type":"read_ok","value":0}}
[2026-02-25T16:54:34.068411Z INFO  maelstrom::runtime] Received {"id":1324,"src":"c9","dest":"n1","body":{"key":0,"type":"read","msg_id":46}}
Node  received READ for key 0
[2026-02-25T16:54:34.068679Z INFO  maelstrom::runtime] Sent {"src":"n1","dest":"c9","body":{"in_reply_to":46,"type":"read_ok","value":0}}
[2026-02-25T16:54:34.198844Z INFO  maelstrom::runtime] Received {"id":1350,"src":"c12","dest":"n1","body":{"key":0,"from":0,"to":0,"type":"cas","msg_id":41}}
Node  received CAS (not implemented)
[2026-02-25T16:54:34.199142Z INFO  maelstrom::runtime] Sent {"src":"n1","dest":"c12","body":{"in_reply_to":41,"type":"cas_ok"}}
[2026-02-25T16:54:34.253402Z INFO  maelstrom::runtime] Received {"id":1360,"src":"c9","dest":"n1","body":{"key":0,"type":"read","msg_id":47}}
Node  received READ for key 0
[2026-02-25T16:54:34.253620Z INFO  maelstrom::runtime] Sent {"src":"n1","dest":"c9","body":{"in_reply_to":47,"type":"read_ok","value":0}}
[2026-02-25T16:54:34.298713Z INFO  maelstrom::runtime] Received {"id":1368,"src":"c12","dest":"n1","body":{"key":0,"value":0,"type":"write","msg_id":42}}
Node  received WRITE: 0=0
[2026-02-25T16:54:34.298956Z INFO  maelstrom::runtime] Sent {"src":"n1","dest":"c12","body":{"in_reply_to":42,"type":"write_ok"}}
[2026-02-25T16:54:34.360792Z INFO  maelstrom::runtime] Received {"id":1378,"src":"c9","dest":"n1","body":{"key":0,"type":"read","msg_id":48}}
Node  received READ for key 0
[2026-02-25T16:54:34.360992Z INFO  maelstrom::runtime] Sent {"src":"n1","dest":"c9","body":{"in_reply_to":48,"type":"read_ok","value":0}}
[2026-02-25T16:54:34.541435Z INFO  maelstrom::runtime] Received {"id":1412,"src":"c12","dest":"n1","body":{"key":0,"value":1,"type":"write","msg_id":43}}
Node  received WRITE: 0=1
[2026-02-25T16:54:34.541605Z INFO  maelstrom::runtime] Sent {"src":"n1","dest":"c12","body":{"in_reply_to":43,"type":"write_ok"}}
[2026-02-25T16:54:34.639821Z INFO  maelstrom::runtime] Received {"id":1432,"src":"c9","dest":"n1","body":{"key":0,"type":"read","msg_id":49}}
Node  received READ for key 0
[2026-02-25T16:54:34.639967Z INFO  maelstrom::runtime] Sent {"src":"n1","dest":"c9","body":{"in_reply_to":49,"type":"read_ok","value":0}}
[2026-02-25T16:54:34.668525Z INFO  maelstrom::runtime] Received {"id":1440,"src":"c12","dest":"n1","body":{"key":0,"value":4,"type":"write","msg_id":44}}
Node  received WRITE: 0=4
[2026-02-25T16:54:34.668767Z INFO  maelstrom::runtime] Sent {"src":"n1","dest":"c12","body":{"in_reply_to":44,"type":"write_ok"}}
[2026-02-25T16:54:34.727648Z INFO  maelstrom::runtime] Received {"id":1450,"src":"c9","dest":"n1","body":{"key":0,"type":"read","msg_id":50}}
Node  received READ for key 0
[2026-02-25T16:54:34.727740Z INFO  maelstrom::runtime] Sent {"src":"n1","dest":"c9","body":{"in_reply_to":50,"type":"read_ok","value":0}}
[2026-02-25T16:54:34.780343Z INFO  maelstrom::runtime] Received {"id":1468,"src":"c9","dest":"n1","body":{"key":0,"type":"read","msg_id":51}}
Node  received READ for key 0
[2026-02-25T16:54:34.780415Z INFO  maelstrom::runtime] Sent {"src":"n1","dest":"c9","body":{"in_reply_to":51,"type":"read_ok","value":0}}
[2026-02-25T16:54:34.922301Z INFO  maelstrom::runtime] Received {"id":1494,"src":"c12","dest":"n1","body":{"key":0,"value":2,"type":"write","msg_id":45}}
Node  received WRITE: 0=2
[2026-02-25T16:54:34.922380Z INFO  maelstrom::runtime] Sent {"src":"n1","dest":"c12","body":{"in_reply_to":45,"type":"write_ok"}}
[2026-02-25T16:54:34.981650Z INFO  maelstrom::runtime] Received {"id":1504,"src":"c9","dest":"n1","body":{"key":0,"type":"read","msg_id":52}}
Node  received READ for key 0
[2026-02-25T16:54:34.981845Z INFO  maelstrom::runtime] Sent {"src":"n1","dest":"c9","body":{"in_reply_to":52,"type":"read_ok","value":0}}
[2026-02-25T16:54:35.086677Z INFO  maelstrom::runtime] Received {"id":1522,"src":"c9","dest":"n1","body":{"key":0,"type":"read","msg_id":53}}
Node  received READ for key 0
[2026-02-25T16:54:35.086877Z INFO  maelstrom::runtime] Sent {"src":"n1","dest":"c9","body":{"in_reply_to":53,"type":"read_ok","value":0}}
[2026-02-25T16:54:35.109174Z INFO  maelstrom::runtime] Received {"id":1530,"src":"c12","dest":"n1","body":{"key":0,"from":0,"to":1,"type":"cas","msg_id":46}}
Node  received CAS (not implemented)
[2026-02-25T16:54:35.109318Z INFO  maelstrom::runtime] Sent {"src":"n1","dest":"c12","body":{"in_reply_to":46,"type":"cas_ok"}}
[2026-02-25T16:54:35.358716Z INFO  maelstrom::runtime] Received {"id":1576,"src":"c9","dest":"n1","body":{"key":0,"type":"read","msg_id":54}}
Node  received READ for key 0
[2026-02-25T16:54:35.358844Z INFO  maelstrom::runtime] Sent {"src":"n1","dest":"c9","body":{"in_reply_to":54,"type":"read_ok","value":0}}
[2026-02-25T16:54:35.447364Z INFO  maelstrom::runtime] Received {"id":1594,"src":"c9","dest":"n1","body":{"key":0,"type":"read","msg_id":55}}
Node  received READ for key 0
[2026-02-25T16:54:35.447497Z INFO  maelstrom::runtime] Sent {"src":"n1","dest":"c9","body":{"in_reply_to":55,"type":"read_ok","value":0}}
[2026-02-25T16:54:35.562917Z INFO  maelstrom::runtime] Received {"id":1612,"src":"c9","dest":"n1","body":{"key":0,"type":"read","msg_id":56}}
Node  received READ for key 0
[2026-02-25T16:54:35.563023Z INFO  maelstrom::runtime] Sent {"src":"n1","dest":"c9","body":{"in_reply_to":56,"type":"read_ok","value":0}}
[2026-02-25T16:54:35.594430Z INFO  maelstrom::runtime] Received {"id":1620,"src":"c9","dest":"n1","body":{"key":0,"type":"read","msg_id":57}}
Node  received READ for key 0
[2026-02-25T16:54:35.594644Z INFO  maelstrom::runtime] Sent {"src":"n1","dest":"c9","body":{"in_reply_to":57,"type":"read_ok","value":0}}
[2026-02-25T16:54:35.645057Z INFO  maelstrom::runtime] Received {"id":1630,"src":"c9","dest":"n1","body":{"key":0,"type":"read","msg_id":58}}
Node  received READ for key 0
[2026-02-25T16:54:35.645215Z INFO  maelstrom::runtime] Sent {"src":"n1","dest":"c9","body":{"in_reply_to":58,"type":"read_ok","value":0}}
[2026-02-25T16:54:35.755767Z INFO  maelstrom::runtime] Received {"id":1648,"src":"c9","dest":"n1","body":{"key":0,"type":"read","msg_id":59}}
Node  received READ for key 0
[2026-02-25T16:54:35.755959Z INFO  maelstrom::runtime] Sent {"src":"n1","dest":"c9","body":{"in_reply_to":59,"type":"read_ok","value":0}}
[2026-02-25T16:54:35.826349Z INFO  maelstrom::runtime] Received {"id":1666,"src":"c9","dest":"n1","body":{"key":0,"type":"read","msg_id":60}}
Node  received READ for key 0
[2026-02-25T16:54:35.826793Z INFO  maelstrom::runtime] Sent {"src":"n1","dest":"c9","body":{"in_reply_to":60,"type":"read_ok","value":0}}
[2026-02-25T16:54:35.946623Z INFO  maelstrom::runtime] Received {"id":1691,"src":"c12","dest":"n1","body":{"key":0,"from":2,"to":3,"type":"cas","msg_id":47}}
Node  received CAS (not implemented)
[2026-02-25T16:54:35.947886Z INFO  maelstrom::runtime] Sent {"src":"n1","dest":"c12","body":{"in_reply_to":47,"type":"cas_ok"}}
[2026-02-25T16:54:36.063552Z INFO  maelstrom::runtime] Received {"id":1711,"src":"c9","dest":"n1","body":{"key":0,"type":"read","msg_id":61}}
Node  received READ for key 0
[2026-02-25T16:54:36.063649Z INFO  maelstrom::runtime] Sent {"src":"n1","dest":"c9","body":{"in_reply_to":61,"type":"read_ok","value":0}}
[2026-02-25T16:54:36.171349Z INFO  maelstrom::runtime] Received {"id":1736,"src":"c9","dest":"n1","body":{"key":0,"type":"read","msg_id":62}}
Node  received READ for key 0
[2026-02-25T16:54:36.171600Z INFO  maelstrom::runtime] Sent {"src":"n1","dest":"c9","body":{"in_reply_to":62,"type":"read_ok","value":0}}
[2026-02-25T16:54:36.229439Z INFO  maelstrom::runtime] Received {"id":1746,"src":"c12","dest":"n1","body":{"key":0,"value":2,"type":"write","msg_id":48}}
Node  received WRITE: 0=2
[2026-02-25T16:54:36.229591Z INFO  maelstrom::runtime] Sent {"src":"n1","dest":"c12","body":{"in_reply_to":48,"type":"write_ok"}}
[2026-02-25T16:54:36.350156Z INFO  maelstrom::runtime] Received {"id":1764,"src":"c12","dest":"n1","body":{"key":0,"from":2,"to":0,"type":"cas","msg_id":49}}
Node  received CAS (not implemented)
[2026-02-25T16:54:36.350250Z INFO  maelstrom::runtime] Sent {"src":"n1","dest":"c12","body":{"in_reply_to":49,"type":"cas_ok"}}
[2026-02-25T16:54:36.414737Z INFO  maelstrom::runtime] Received {"id":1774,"src":"c9","dest":"n1","body":{"key":0,"type":"read","msg_id":63}}
Node  received READ for key 0
[2026-02-25T16:54:36.414877Z INFO  maelstrom::runtime] Sent {"src":"n1","dest":"c9","body":{"in_reply_to":63,"type":"read_ok","value":0}}
[2026-02-25T16:54:36.493368Z INFO  maelstrom::runtime] Received {"id":1792,"src":"c9","dest":"n1","body":{"key":0,"type":"read","msg_id":64}}
Node  received READ for key 0
[2026-02-25T16:54:36.493542Z INFO  maelstrom::runtime] Sent {"src":"n1","dest":"c9","body":{"in_reply_to":64,"type":"read_ok","value":0}}
[2026-02-25T16:54:36.656345Z INFO  maelstrom::runtime] Received {"id":1828,"src":"c9","dest":"n1","body":{"key":0,"type":"read","msg_id":65}}
Node  received READ for key 0
[2026-02-25T16:54:36.656465Z INFO  maelstrom::runtime] Sent {"src":"n1","dest":"c9","body":{"in_reply_to":65,"type":"read_ok","value":0}}
[2026-02-25T16:54:36.699849Z INFO  maelstrom::runtime] Received {"id":1836,"src":"c12","dest":"n1","body":{"key":0,"from":4,"to":0,"type":"cas","msg_id":50}}
Node  received CAS (not implemented)
[2026-02-25T16:54:36.699930Z INFO  maelstrom::runtime] Sent {"src":"n1","dest":"c12","body":{"in_reply_to":50,"type":"cas_ok"}}
[2026-02-25T16:54:36.759902Z INFO  maelstrom::runtime] Received {"id":1846,"src":"c9","dest":"n1","body":{"key":0,"type":"read","msg_id":66}}
Node  received READ for key 0
[2026-02-25T16:54:36.760169Z INFO  maelstrom::runtime] Sent {"src":"n1","dest":"c9","body":{"in_reply_to":66,"type":"read_ok","value":0}}
[2026-02-25T16:54:36.774250Z INFO  maelstrom::runtime] Received {"id":1854,"src":"c12","dest":"n1","body":{"key":0,"value":4,"type":"write","msg_id":51}}
Node  received WRITE: 0=4
[2026-02-25T16:54:36.774376Z INFO  maelstrom::runtime] Sent {"src":"n1","dest":"c12","body":{"in_reply_to":51,"type":"write_ok"}}
[2026-02-25T16:54:36.845747Z INFO  maelstrom::runtime] Received {"id":1872,"src":"c12","dest":"n1","body":{"key":0,"value":1,"type":"write","msg_id":52}}
Node  received WRITE: 0=1
[2026-02-25T16:54:36.845956Z INFO  maelstrom::runtime] Sent {"src":"n1","dest":"c12","body":{"in_reply_to":52,"type":"write_ok"}}
[2026-02-25T16:54:36.898789Z INFO  maelstrom::runtime] Received {"id":1882,"src":"c9","dest":"n1","body":{"key":0,"type":"read","msg_id":67}}
Node  received READ for key 0
[2026-02-25T16:54:36.898936Z INFO  maelstrom::runtime] Sent {"src":"n1","dest":"c9","body":{"in_reply_to":67,"type":"read_ok","value":0}}
[2026-02-25T16:54:36.954417Z INFO  maelstrom::runtime] Received {"id":1895,"src":"c9","dest":"n1","body":{"key":0,"type":"read","msg_id":68}}
Node  received READ for key 0
[2026-02-25T16:54:36.954522Z INFO  maelstrom::runtime] Sent {"src":"n1","dest":"c9","body":{"in_reply_to":68,"type":"read_ok","value":0}}
[2026-02-25T16:54:37.092616Z INFO  maelstrom::runtime] Received {"id":1918,"src":"c9","dest":"n1","body":{"key":0,"type":"read","msg_id":69}}
Node  received READ for key 0
[2026-02-25T16:54:37.092970Z INFO  maelstrom::runtime] Sent {"src":"n1","dest":"c9","body":{"in_reply_to":69,"type":"read_ok","value":0}}
[2026-02-25T16:54:37.118591Z INFO  maelstrom::runtime] Received {"id":1926,"src":"c12","dest":"n1","body":{"key":0,"value":3,"type":"write","msg_id":53}}
Node  received WRITE: 0=3
[2026-02-25T16:54:37.118902Z INFO  maelstrom::runtime] Sent {"src":"n1","dest":"c12","body":{"in_reply_to":53,"type":"write_ok"}}
[2026-02-25T16:54:37.167117Z INFO  maelstrom::runtime] Received {"id":1936,"src":"c9","dest":"n1","body":{"key":0,"type":"read","msg_id":70}}
Node  received READ for key 0
[2026-02-25T16:54:37.167228Z INFO  maelstrom::runtime] Sent {"src":"n1","dest":"c9","body":{"in_reply_to":70,"type":"read_ok","value":0}}
[2026-02-25T16:54:37.286923Z INFO  maelstrom::runtime] Received {"id":1954,"src":"c9","dest":"n1","body":{"key":0,"type":"read","msg_id":71}}
Node  received READ for key 0
[2026-02-25T16:54:37.287270Z INFO  maelstrom::runtime] Sent {"src":"n1","dest":"c9","body":{"in_reply_to":71,"type":"read_ok","value":0}}
[2026-02-25T16:54:37.385502Z INFO  maelstrom::runtime] Received {"id":1980,"src":"c12","dest":"n1","body":{"key":0,"from":0,"to":3,"type":"cas","msg_id":54}}
Node  received CAS (not implemented)
[2026-02-25T16:54:37.385726Z INFO  maelstrom::runtime] Sent {"src":"n1","dest":"c12","body":{"in_reply_to":54,"type":"cas_ok"}}
[2026-02-25T16:54:37.493072Z INFO  maelstrom::runtime] Received {"id":1998,"src":"c12","dest":"n1","body":{"key":0,"value":1,"type":"write","msg_id":55}}
Node  received WRITE: 0=1
[2026-02-25T16:54:37.493360Z INFO  maelstrom::runtime] Sent {"src":"n1","dest":"c12","body":{"in_reply_to":55,"type":"write_ok"}}
[2026-02-25T16:54:37.572020Z INFO  maelstrom::runtime] Received {"id":2016,"src":"c12","dest":"n1","body":{"key":0,"value":0,"type":"write","msg_id":56}}
Node  received WRITE: 0=0
[2026-02-25T16:54:37.572171Z INFO  maelstrom::runtime] Sent {"src":"n1","dest":"c12","body":{"in_reply_to":56,"type":"write_ok"}}
[2026-02-25T16:54:37.643486Z INFO  maelstrom::runtime] Received {"id":2026,"src":"c9","dest":"n1","body":{"key":0,"type":"read","msg_id":72}}
Node  received READ for key 0
[2026-02-25T16:54:37.643674Z INFO  maelstrom::runtime] Sent {"src":"n1","dest":"c9","body":{"in_reply_to":72,"type":"read_ok","value":0}}
[2026-02-25T16:54:37.767119Z INFO  maelstrom::runtime] Received {"id":2044,"src":"c9","dest":"n1","body":{"key":0,"type":"read","msg_id":73}}
Node  received READ for key 0
[2026-02-25T16:54:37.767429Z INFO  maelstrom::runtime] Sent {"src":"n1","dest":"c9","body":{"in_reply_to":73,"type":"read_ok","value":0}}
[2026-02-25T16:54:37.818049Z INFO  maelstrom::runtime] Received {"id":2052,"src":"c12","dest":"n1","body":{"key":0,"value":4,"type":"write","msg_id":57}}
Node  received WRITE: 0=4
[2026-02-25T16:54:37.818128Z INFO  maelstrom::runtime] Sent {"src":"n1","dest":"c12","body":{"in_reply_to":57,"type":"write_ok"}}
[2026-02-25T16:54:38.006208Z INFO  maelstrom::runtime] Received {"id":2088,"src":"c12","dest":"n1","body":{"key":0,"value":3,"type":"write","msg_id":58}}
Node  received WRITE: 0=3
[2026-02-25T16:54:38.006427Z INFO  maelstrom::runtime] Sent {"src":"n1","dest":"c12","body":{"in_reply_to":58,"type":"write_ok"}}
[2026-02-25T16:54:38.089556Z INFO  maelstrom::runtime] Received {"id":2106,"src":"c12","dest":"n1","body":{"key":0,"from":0,"to":3,"type":"cas","msg_id":59}}
Node  received CAS (not implemented)
[2026-02-25T16:54:38.089930Z INFO  maelstrom::runtime] Sent {"src":"n1","dest":"c12","body":{"in_reply_to":59,"type":"cas_ok"}}
[2026-02-25T16:54:38.147579Z INFO  maelstrom::runtime] Received {"id":2116,"src":"c9","dest":"n1","body":{"key":0,"type":"read","msg_id":74}}
Node  received READ for key 0
[2026-02-25T16:54:38.147811Z INFO  maelstrom::runtime] Sent {"src":"n1","dest":"c9","body":{"in_reply_to":74,"type":"read_ok","value":0}}
[2026-02-25T16:54:38.282268Z INFO  maelstrom::runtime] Received {"id":2142,"src":"c12","dest":"n1","body":{"key":0,"from":1,"to":3,"type":"cas","msg_id":60}}
Node  received CAS (not implemented)
[2026-02-25T16:54:38.282373Z INFO  maelstrom::runtime] Sent {"src":"n1","dest":"c12","body":{"in_reply_to":60,"type":"cas_ok"}}
[2026-02-25T16:54:38.407932Z INFO  maelstrom::runtime] Received {"id":2160,"src":"c12","dest":"n1","body":{"key":0,"from":3,"to":3,"type":"cas","msg_id":61}}
Node  received CAS (not implemented)
[2026-02-25T16:54:38.408083Z INFO  maelstrom::runtime] Sent {"src":"n1","dest":"c12","body":{"in_reply_to":61,"type":"cas_ok"}}
[2026-02-25T16:54:38.411790Z INFO  maelstrom::runtime] Received {"id":2163,"src":"c9","dest":"n1","body":{"key":0,"type":"read","msg_id":75}}
Node  received READ for key 0
[2026-02-25T16:54:38.412100Z INFO  maelstrom::runtime] Sent {"src":"n1","dest":"c9","body":{"in_reply_to":75,"type":"read_ok","value":0}}
[2026-02-25T16:54:38.549730Z INFO  maelstrom::runtime] Received {"id":2188,"src":"c9","dest":"n1","body":{"key":0,"type":"read","msg_id":76}}
Node  received READ for key 0
[2026-02-25T16:54:38.549800Z INFO  maelstrom::runtime] Sent {"src":"n1","dest":"c9","body":{"in_reply_to":76,"type":"read_ok","value":0}}
[2026-02-25T16:54:38.571252Z INFO  maelstrom::runtime] Received {"id":2196,"src":"c12","dest":"n1","body":{"key":0,"from":1,"to":2,"type":"cas","msg_id":62}}
Node  received CAS (not implemented)
[2026-02-25T16:54:38.571355Z INFO  maelstrom::runtime] Sent {"src":"n1","dest":"c12","body":{"in_reply_to":62,"type":"cas_ok"}}
[2026-02-25T16:54:38.586328Z INFO  maelstrom::runtime] Received {"id":2201,"src":"c9","dest":"n1","body":{"key":0,"type":"read","msg_id":77}}
Node  received READ for key 0
[2026-02-25T16:54:38.586388Z INFO  maelstrom::runtime] Sent {"src":"n1","dest":"c9","body":{"in_reply_to":77,"type":"read_ok","value":0}}
[2026-02-25T16:54:38.705588Z INFO  maelstrom::runtime] Received {"id":2224,"src":"c9","dest":"n1","body":{"key":0,"type":"read","msg_id":78}}
Node  received READ for key 0
[2026-02-25T16:54:38.705781Z INFO  maelstrom::runtime] Sent {"src":"n1","dest":"c9","body":{"in_reply_to":78,"type":"read_ok","value":0}}
[2026-02-25T16:54:38.752621Z INFO  maelstrom::runtime] Received {"id":2232,"src":"c12","dest":"n1","body":{"key":0,"from":1,"to":2,"type":"cas","msg_id":63}}
Node  received CAS (not implemented)
[2026-02-25T16:54:38.752728Z INFO  maelstrom::runtime] Sent {"src":"n1","dest":"c12","body":{"in_reply_to":63,"type":"cas_ok"}}
[2026-02-25T16:54:38.819414Z INFO  maelstrom::runtime] Received {"id":2250,"src":"c12","dest":"n1","body":{"key":0,"from":0,"to":2,"type":"cas","msg_id":64}}
Node  received CAS (not implemented)
[2026-02-25T16:54:38.819498Z INFO  maelstrom::runtime] Sent {"src":"n1","dest":"c12","body":{"in_reply_to":64,"type":"cas_ok"}}
[2026-02-25T16:54:38.882972Z INFO  maelstrom::runtime] Received {"id":2268,"src":"c12","dest":"n1","body":{"key":0,"value":2,"type":"write","msg_id":65}}
Node  received WRITE: 0=2
[2026-02-25T16:54:38.883093Z INFO  maelstrom::runtime] Sent {"src":"n1","dest":"c12","body":{"in_reply_to":65,"type":"write_ok"}}
[2026-02-25T16:54:38.944403Z INFO  maelstrom::runtime] Received {"id":2278,"src":"c9","dest":"n1","body":{"key":0,"type":"read","msg_id":79}}
Node  received READ for key 0
[2026-02-25T16:54:38.944804Z INFO  maelstrom::runtime] Sent {"src":"n1","dest":"c9","body":{"in_reply_to":79,"type":"read_ok","value":0}}
[2026-02-25T16:54:38.985615Z INFO  maelstrom::runtime] Received {"id":2286,"src":"c12","dest":"n1","body":{"key":0,"value":1,"type":"write","msg_id":66}}
Node  received WRITE: 0=1
[2026-02-25T16:54:38.985697Z INFO  maelstrom::runtime] Sent {"src":"n1","dest":"c12","body":{"in_reply_to":66,"type":"write_ok"}}
[2026-02-25T16:54:39.108229Z INFO  maelstrom::runtime] Received {"id":2304,"src":"c12","dest":"n1","body":{"key":0,"value":0,"type":"write","msg_id":67}}
Node  received WRITE: 0=0
[2026-02-25T16:54:39.108351Z INFO  maelstrom::runtime] Sent {"src":"n1","dest":"c12","body":{"in_reply_to":67,"type":"write_ok"}}
[2026-02-25T16:54:39.178497Z INFO  maelstrom::runtime] Received {"id":2314,"src":"c9","dest":"n1","body":{"key":0,"type":"read","msg_id":80}}
Node  received READ for key 0
[2026-02-25T16:54:39.178583Z INFO  maelstrom::runtime] Sent {"src":"n1","dest":"c9","body":{"in_reply_to":80,"type":"read_ok","value":0}}
[2026-02-25T16:54:39.277658Z INFO  maelstrom::runtime] Received {"id":2332,"src":"c9","dest":"n1","body":{"key":0,"type":"read","msg_id":81}}
Node  received READ for key 0
[2026-02-25T16:54:39.277770Z INFO  maelstrom::runtime] Sent {"src":"n1","dest":"c9","body":{"in_reply_to":81,"type":"read_ok","value":0}}
[2026-02-25T16:54:39.421380Z INFO  maelstrom::runtime] Received {"id":2358,"src":"c12","dest":"n1","body":{"key":0,"from":0,"to":0,"type":"cas","msg_id":68}}
Node  received CAS (not implemented)
[2026-02-25T16:54:39.421769Z INFO  maelstrom::runtime] Sent {"src":"n1","dest":"c12","body":{"in_reply_to":68,"type":"cas_ok"}}
[2026-02-25T16:54:39.507450Z INFO  maelstrom::runtime] Received {"id":2376,"src":"c12","dest":"n1","body":{"key":0,"value":2,"type":"write","msg_id":69}}
Node  received WRITE: 0=2
[2026-02-25T16:54:39.507649Z INFO  maelstrom::runtime] Sent {"src":"n1","dest":"c12","body":{"in_reply_to":69,"type":"write_ok"}}
[2026-02-25T16:54:39.551697Z INFO  maelstrom::runtime] Received {"id":2386,"src":"c9","dest":"n1","body":{"key":0,"type":"read","msg_id":82}}
Node  received READ for key 0
[2026-02-25T16:54:39.551933Z INFO  maelstrom::runtime] Sent {"src":"n1","dest":"c9","body":{"in_reply_to":82,"type":"read_ok","value":0}}
[2026-02-25T16:54:39.566871Z INFO  maelstrom::runtime] Received {"id":2390,"src":"c12","dest":"n1","body":{"key":0,"from":4,"to":0,"type":"cas","msg_id":70}}
Node  received CAS (not implemented)
[2026-02-25T16:54:39.567045Z INFO  maelstrom::runtime] Sent {"src":"n1","dest":"c12","body":{"in_reply_to":70,"type":"cas_ok"}}
[2026-02-25T16:54:39.751360Z INFO  maelstrom::runtime] Received {"id":2430,"src":"c12","dest":"n1","body":{"key":0,"value":4,"type":"write","msg_id":71}}
Node  received WRITE: 0=4
[2026-02-25T16:54:39.751599Z INFO  maelstrom::runtime] Sent {"src":"n1","dest":"c12","body":{"in_reply_to":71,"type":"write_ok"}}
[2026-02-25T16:54:39.947180Z INFO  maelstrom::runtime] Received {"id":2466,"src":"c12","dest":"n1","body":{"key":0,"value":3,"type":"write","msg_id":72}}
Node  received WRITE: 0=3
[2026-02-25T16:54:39.947400Z INFO  maelstrom::runtime] Sent {"src":"n1","dest":"c12","body":{"in_reply_to":72,"type":"write_ok"}}
[2026-02-25T16:54:40.093141Z INFO  maelstrom::runtime] Received {"id":2494,"src":"c9","dest":"n1","body":{"key":0,"type":"read","msg_id":83}}
Node  received READ for key 0
[2026-02-25T16:54:40.093352Z INFO  maelstrom::runtime] Sent {"src":"n1","dest":"c9","body":{"in_reply_to":83,"type":"read_ok","value":0}}
[2026-02-25T16:54:40.136212Z INFO  maelstrom::runtime] Received {"id":2502,"src":"c12","dest":"n1","body":{"key":0,"from":2,"to":1,"type":"cas","msg_id":73}}
Node  received CAS (not implemented)
[2026-02-25T16:54:40.136517Z INFO  maelstrom::runtime] Sent {"src":"n1","dest":"c12","body":{"in_reply_to":73,"type":"cas_ok"}}
[2026-02-25T16:54:40.186910Z INFO  maelstrom::runtime] Received {"id":2512,"src":"c9","dest":"n1","body":{"key":0,"type":"read","msg_id":84}}
Node  received READ for key 0
[2026-02-25T16:54:40.187165Z INFO  maelstrom::runtime] Sent {"src":"n1","dest":"c9","body":{"in_reply_to":84,"type":"read_ok","value":0}}
[2026-02-25T16:54:40.279343Z INFO  maelstrom::runtime] Received {"id":2530,"src":"c9","dest":"n1","body":{"key":0,"type":"read","msg_id":85}}
Node  received READ for key 0
[2026-02-25T16:54:40.279616Z INFO  maelstrom::runtime] Sent {"src":"n1","dest":"c9","body":{"in_reply_to":85,"type":"read_ok","value":0}}
[2026-02-25T16:54:40.361855Z INFO  maelstrom::runtime] Received {"id":2548,"src":"c9","dest":"n1","body":{"key":0,"type":"read","msg_id":86}}
Node  received READ for key 0
[2026-02-25T16:54:40.362090Z INFO  maelstrom::runtime] Sent {"src":"n1","dest":"c9","body":{"in_reply_to":86,"type":"read_ok","value":0}}
[2026-02-25T16:54:40.397097Z INFO  maelstrom::runtime] Received {"id":2556,"src":"c12","dest":"n1","body":{"key":0,"from":0,"to":4,"type":"cas","msg_id":74}}
Node  received CAS (not implemented)
[2026-02-25T16:54:40.397293Z INFO  maelstrom::runtime] Sent {"src":"n1","dest":"c12","body":{"in_reply_to":74,"type":"cas_ok"}}
[2026-02-25T16:54:40.440367Z INFO  maelstrom::runtime] Received {"id":2566,"src":"c12","dest":"n1","body":{"key":0,"from":3,"to":1,"type":"cas","msg_id":75}}
Node  received CAS (not implemented)
[2026-02-25T16:54:40.440515Z INFO  maelstrom::runtime] Sent {"src":"n1","dest":"c12","body":{"in_reply_to":75,"type":"cas_ok"}}
[2026-02-25T16:54:40.464206Z INFO  maelstrom::runtime] Received {"id":2574,"src":"c12","dest":"n1","body":{"key":0,"from":3,"to":4,"type":"cas","msg_id":76}}
Node  received CAS (not implemented)
[2026-02-25T16:54:40.464298Z INFO  maelstrom::runtime] Sent {"src":"n1","dest":"c12","body":{"in_reply_to":76,"type":"cas_ok"}}
[2026-02-25T16:54:40.505597Z INFO  maelstrom::runtime] Received {"id":2584,"src":"c9","dest":"n1","body":{"key":0,"type":"read","msg_id":87}}
Node  received READ for key 0
[2026-02-25T16:54:40.505710Z INFO  maelstrom::runtime] Sent {"src":"n1","dest":"c9","body":{"in_reply_to":87,"type":"read_ok","value":0}}
[2026-02-25T16:54:40.536724Z INFO  maelstrom::runtime] Received {"id":2592,"src":"c12","dest":"n1","body":{"key":0,"from":3,"to":1,"type":"cas","msg_id":77}}
Node  received CAS (not implemented)
[2026-02-25T16:54:40.536855Z INFO  maelstrom::runtime] Sent {"src":"n1","dest":"c12","body":{"in_reply_to":77,"type":"cas_ok"}}
[2026-02-25T16:54:40.561599Z INFO  maelstrom::runtime] Received {"id":2601,"src":"c9","dest":"n1","body":{"key":0,"type":"read","msg_id":88}}
Node  received READ for key 0
[2026-02-25T16:54:40.561859Z INFO  maelstrom::runtime] Sent {"src":"n1","dest":"c9","body":{"in_reply_to":88,"type":"read_ok","value":0}}
[2026-02-25T16:54:40.599859Z INFO  maelstrom::runtime] Received {"id":2610,"src":"c12","dest":"n1","body":{"key":0,"value":2,"type":"write","msg_id":78}}
Node  received WRITE: 0=2
[2026-02-25T16:54:40.599941Z INFO  maelstrom::runtime] Sent {"src":"n1","dest":"c12","body":{"in_reply_to":78,"type":"write_ok"}}
[2026-02-25T16:54:40.692480Z INFO  maelstrom::runtime] Received {"id":2628,"src":"c12","dest":"n1","body":{"key":0,"from":4,"to":4,"type":"cas","msg_id":79}}
Node  received CAS (not implemented)
[2026-02-25T16:54:40.692608Z INFO  maelstrom::runtime] Sent {"src":"n1","dest":"c12","body":{"in_reply_to":79,"type":"cas_ok"}}
[2026-02-25T16:54:40.719668Z INFO  maelstrom::runtime] Received {"id":2638,"src":"c9","dest":"n1","body":{"key":0,"type":"read","msg_id":89}}
Node  received READ for key 0
[2026-02-25T16:54:40.719754Z INFO  maelstrom::runtime] Sent {"src":"n1","dest":"c9","body":{"in_reply_to":89,"type":"read_ok","value":0}}
[2026-02-25T16:54:40.758959Z INFO  maelstrom::runtime] Received {"id":2646,"src":"c12","dest":"n1","body":{"key":0,"from":0,"to":0,"type":"cas","msg_id":80}}
Node  received CAS (not implemented)
[2026-02-25T16:54:40.759111Z INFO  maelstrom::runtime] Sent {"src":"n1","dest":"c12","body":{"in_reply_to":80,"type":"cas_ok"}}
[2026-02-25T16:54:40.798446Z INFO  maelstrom::runtime] Received {"id":2656,"src":"c9","dest":"n1","body":{"key":0,"type":"read","msg_id":90}}
Node  received READ for key 0
[2026-02-25T16:54:40.798569Z INFO  maelstrom::runtime] Sent {"src":"n1","dest":"c9","body":{"in_reply_to":90,"type":"read_ok","value":0}}
[2026-02-25T16:54:40.874405Z INFO  maelstrom::runtime] Received {"id":2674,"src":"c9","dest":"n1","body":{"key":0,"type":"read","msg_id":91}}
Node  received READ for key 0
[2026-02-25T16:54:40.874702Z INFO  maelstrom::runtime] Sent {"src":"n1","dest":"c9","body":{"in_reply_to":91,"type":"read_ok","value":0}}
[2026-02-25T16:54:41.042285Z INFO  maelstrom::runtime] Received {"id":2710,"src":"c9","dest":"n1","body":{"key":0,"type":"read","msg_id":92}}
Node  received READ for key 0
[2026-02-25T16:54:41.042545Z INFO  maelstrom::runtime] Sent {"src":"n1","dest":"c9","body":{"in_reply_to":92,"type":"read_ok","value":0}}
[2026-02-25T16:54:41.077959Z INFO  maelstrom::runtime] Received {"id":2718,"src":"c12","dest":"n1","body":{"key":0,"from":0,"to":1,"type":"cas","msg_id":81}}
Node  received CAS (not implemented)
[2026-02-25T16:54:41.078077Z INFO  maelstrom::runtime] Sent {"src":"n1","dest":"c12","body":{"in_reply_to":81,"type":"cas_ok"}}
[2026-02-25T16:54:41.136836Z INFO  maelstrom::runtime] Received {"id":2728,"src":"c9","dest":"n1","body":{"key":0,"type":"read","msg_id":93}}
Node  received READ for key 0
[2026-02-25T16:54:41.136896Z INFO  maelstrom::runtime] Sent {"src":"n1","dest":"c9","body":{"in_reply_to":93,"type":"read_ok","value":0}}
[2026-02-25T16:54:41.193456Z INFO  maelstrom::runtime] Received {"id":2736,"src":"c12","dest":"n1","body":{"key":0,"value":0,"type":"write","msg_id":82}}
Node  received WRITE: 0=0
[2026-02-25T16:54:41.193537Z INFO  maelstrom::runtime] Sent {"src":"n1","dest":"c12","body":{"in_reply_to":82,"type":"write_ok"}}
[2026-02-25T16:54:41.225221Z INFO  maelstrom::runtime] Received {"id":2746,"src":"c9","dest":"n1","body":{"key":0,"type":"read","msg_id":94}}
Node  received READ for key 0
[2026-02-25T16:54:41.225538Z INFO  maelstrom::runtime] Sent {"src":"n1","dest":"c9","body":{"in_reply_to":94,"type":"read_ok","value":0}}
[2026-02-25T16:54:41.281969Z INFO  maelstrom::runtime] Received {"id":2754,"src":"c12","dest":"n1","body":{"key":0,"from":4,"to":4,"type":"cas","msg_id":83}}
Node  received CAS (not implemented)
[2026-02-25T16:54:41.282564Z INFO  maelstrom::runtime] Sent {"src":"n1","dest":"c12","body":{"in_reply_to":83,"type":"cas_ok"}}
