[2026-02-25T16:54:27.129740Z INFO  maelstrom::runtime] Received {"id":1,"src":"c1","dest":"n3","body":{"type":"init","node_id":"n3","node_ids":["n0","n1","n2","n3"],"msg_id":1}}
[2026-02-25T16:54:27.130593Z INFO  maelstrom::runtime] Sent {"src":"n3","dest":"c1","body":{"in_reply_to":1,"type":"init_ok"}}
[2026-02-25T16:54:27.192905Z INFO  maelstrom::runtime] Received {"id":14,"src":"c10","dest":"n3","body":{"key":0,"type":"read","msg_id":1}}
Node  received READ for key 0
[2026-02-25T16:54:27.193026Z INFO  maelstrom::runtime] Sent {"src":"n3","dest":"c10","body":{"in_reply_to":1,"type":"read_ok","value":0}}
[2026-02-25T16:54:27.278132Z INFO  maelstrom::runtime] Received {"id":32,"src":"c10","dest":"n3","body":{"key":0,"type":"read","msg_id":2}}
Node  received READ for key 0
[2026-02-25T16:54:27.278411Z INFO  maelstrom::runtime] Sent {"src":"n3","dest":"c10","body":{"in_reply_to":2,"type":"read_ok","value":0}}
[2026-02-25T16:54:27.453829Z INFO  maelstrom::runtime] Received {"id":58,"src":"c14","dest":"n3","body":{"key":0,"from":1,"to":2,"type":"cas","msg_id":1}}
Node  received CAS (not implemented)
[2026-02-25T16:54:27.454244Z INFO  maelstrom::runtime] Sent {"src":"n3","dest":"c14","body":{"in_reply_to":1,"type":"cas_ok"}}
[2026-02-25T16:54:27.565947Z INFO  maelstrom::runtime] Received {"id":76,"src":"c14","dest":"n3","body":{"key":0,"value":4,"type":"write","msg_id":2}}
Node  received WRITE: 0=4
[2026-02-25T16:54:27.566184Z INFO  maelstrom::runtime] Sent {"src":"n3","dest":"c14","body":{"in_reply_to":2,"type":"write_ok"}}
[2026-02-25T16:54:27.829577Z INFO  maelstrom::runtime] Received {"id":130,"src":"c14","dest":"n3","body":{"key":0,"value":4,"type":"write","msg_id":3}}
Node  received WRITE: 0=4
[2026-02-25T16:54:27.829697Z INFO  maelstrom::runtime] Sent {"src":"n3","dest":"c14","body":{"in_reply_to":3,"type":"write_ok"}}
[2026-02-25T16:54:27.893219Z INFO  maelstrom::runtime] Received {"id":140,"src":"c10","dest":"n3","body":{"key":0,"type":"read","msg_id":3}}
Node  received READ for key 0
[2026-02-25T16:54:27.893379Z INFO  maelstrom::runtime] Sent {"src":"n3","dest":"c10","body":{"in_reply_to":3,"type":"read_ok","value":0}}
[2026-02-25T16:54:27.974175Z INFO  maelstrom::runtime] Received {"id":158,"src":"c10","dest":"n3","body":{"key":0,"type":"read","msg_id":4}}
Node  received READ for key 0
[2026-02-25T16:54:27.974348Z INFO  maelstrom::runtime] Sent {"src":"n3","dest":"c10","body":{"in_reply_to":4,"type":"read_ok","value":0}}
[2026-02-25T16:54:28.022790Z INFO  maelstrom::runtime] Received {"id":166,"src":"c14","dest":"n3","body":{"key":0,"value":4,"type":"write","msg_id":4}}
Node  received WRITE: 0=4
[2026-02-25T16:54:28.022975Z INFO  maelstrom::runtime] Sent {"src":"n3","dest":"c14","body":{"in_reply_to":4,"type":"write_ok"}}
[2026-02-25T16:54:28.132253Z INFO  maelstrom::runtime] Received {"id":184,"src":"c14","dest":"n3","body":{"key":0,"from":3,"to":1,"type":"cas","msg_id":5}}
Node  received CAS (not implemented)
[2026-02-25T16:54:28.132416Z INFO  maelstrom::runtime] Sent {"src":"n3","dest":"c14","body":{"in_reply_to":5,"type":"cas_ok"}}
[2026-02-25T16:54:28.184390Z INFO  maelstrom::runtime] Received {"id":194,"src":"c10","dest":"n3","body":{"key":0,"type":"read","msg_id":5}}
Node  received READ for key 0
[2026-02-25T16:54:28.184630Z INFO  maelstrom::runtime] Sent {"src":"n3","dest":"c10","body":{"in_reply_to":5,"type":"read_ok","value":0}}
[2026-02-25T16:54:28.344078Z INFO  maelstrom::runtime] Received {"id":220,"src":"c14","dest":"n3","body":{"key":0,"from":4,"to":0,"type":"cas","msg_id":6}}
Node  received CAS (not implemented)
[2026-02-25T16:54:28.344170Z INFO  maelstrom::runtime] Sent {"src":"n3","dest":"c14","body":{"in_reply_to":6,"type":"cas_ok"}}
[2026-02-25T16:54:28.433317Z INFO  maelstrom::runtime] Received {"id":248,"src":"c10","dest":"n3","body":{"key":0,"type":"read","msg_id":6}}
Node  received READ for key 0
[2026-02-25T16:54:28.433412Z INFO  maelstrom::runtime] Sent {"src":"n3","dest":"c10","body":{"in_reply_to":6,"type":"read_ok","value":0}}
[2026-02-25T16:54:28.459037Z INFO  maelstrom::runtime] Received {"id":256,"src":"c14","dest":"n3","body":{"key":0,"from":1,"to":4,"type":"cas","msg_id":7}}
Node  received CAS (not implemented)
[2026-02-25T16:54:28.459185Z INFO  maelstrom::runtime] Sent {"src":"n3","dest":"c14","body":{"in_reply_to":7,"type":"cas_ok"}}
[2026-02-25T16:54:28.627705Z INFO  maelstrom::runtime] Received {"id":284,"src":"c10","dest":"n3","body":{"key":0,"type":"read","msg_id":7}}
Node  received READ for key 0
[2026-02-25T16:54:28.627811Z INFO  maelstrom::runtime] Sent {"src":"n3","dest":"c10","body":{"in_reply_to":7,"type":"read_ok","value":0}}
[2026-02-25T16:54:28.672928Z INFO  maelstrom::runtime] Received {"id":292,"src":"c14","dest":"n3","body":{"key":0,"from":1,"to":1,"type":"cas","msg_id":8}}
Node  received CAS (not implemented)
[2026-02-25T16:54:28.673054Z INFO  maelstrom::runtime] Sent {"src":"n3","dest":"c14","body":{"in_reply_to":8,"type":"cas_ok"}}
[2026-02-25T16:54:28.809327Z INFO  maelstrom::runtime] Received {"id":320,"src":"c10","dest":"n3","body":{"key":0,"type":"read","msg_id":8}}
Node  received READ for key 0
[2026-02-25T16:54:28.809434Z INFO  maelstrom::runtime] Sent {"src":"n3","dest":"c10","body":{"in_reply_to":8,"type":"read_ok","value":0}}
[2026-02-25T16:54:28.842374Z INFO  maelstrom::runtime] Received {"id":328,"src":"c14","dest":"n3","body":{"key":0,"from":0,"to":0,"type":"cas","msg_id":9}}
Node  received CAS (not implemented)
[2026-02-25T16:54:28.842510Z INFO  maelstrom::runtime] Sent {"src":"n3","dest":"c14","body":{"in_reply_to":9,"type":"cas_ok"}}
[2026-02-25T16:54:29.065678Z INFO  maelstrom::runtime] Received {"id":364,"src":"c14","dest":"n3","body":{"key":0,"from":0,"to":2,"type":"cas","msg_id":10}}
Node  received CAS (not implemented)
[2026-02-25T16:54:29.065944Z INFO  maelstrom::runtime] Sent {"src":"n3","dest":"c14","body":{"in_reply_to":10,"type":"cas_ok"}}
[2026-02-25T16:54:29.165463Z INFO  maelstrom::runtime] Received {"id":382,"src":"c14","dest":"n3","body":{"key":0,"value":2,"type":"write","msg_id":11}}
Node  received WRITE: 0=2
[2026-02-25T16:54:29.165746Z INFO  maelstrom::runtime] Sent {"src":"n3","dest":"c14","body":{"in_reply_to":11,"type":"write_ok"}}
[2026-02-25T16:54:29.188700Z INFO  maelstrom::runtime] Received {"id":392,"src":"c10","dest":"n3","body":{"key":0,"type":"read","msg_id":9}}
Node  received READ for key 0
[2026-02-25T16:54:29.188934Z INFO  maelstrom::runtime] Sent {"src":"n3","dest":"c10","body":{"in_reply_to":9,"type":"read_ok","value":0}}
[2026-02-25T16:54:29.250989Z INFO  maelstrom::runtime] Received {"id":400,"src":"c14","dest":"n3","body":{"key":0,"from":4,"to":0,"type":"cas","msg_id":12}}
Node  received CAS (not implemented)
[2026-02-25T16:54:29.251270Z INFO  maelstrom::runtime] Sent {"src":"n3","dest":"c14","body":{"in_reply_to":12,"type":"cas_ok"}}
[2026-02-25T16:54:29.359721Z INFO  maelstrom::runtime] Received {"id":418,"src":"c14","dest":"n3","body":{"key":0,"from":4,"to":2,"type":"cas","msg_id":13}}
Node  received CAS (not implemented)
[2026-02-25T16:54:29.359932Z INFO  maelstrom::runtime] Sent {"src":"n3","dest":"c14","body":{"in_reply_to":13,"type":"cas_ok"}}
[2026-02-25T16:54:29.437575Z INFO  maelstrom::runtime] Received {"id":428,"src":"c10","dest":"n3","body":{"key":0,"type":"read","msg_id":10}}
Node  received READ for key 0
[2026-02-25T16:54:29.437739Z INFO  maelstrom::runtime] Sent {"src":"n3","dest":"c10","body":{"in_reply_to":10,"type":"read_ok","value":0}}
[2026-02-25T16:54:29.535995Z INFO  maelstrom::runtime] Received {"id":446,"src":"c10","dest":"n3","body":{"key":0,"type":"read","msg_id":11}}
Node  received READ for key 0
[2026-02-25T16:54:29.536286Z INFO  maelstrom::runtime] Sent {"src":"n3","dest":"c10","body":{"in_reply_to":11,"type":"read_ok","value":0}}
[2026-02-25T16:54:29.590884Z INFO  maelstrom::runtime] Received {"id":454,"src":"c14","dest":"n3","body":{"key":0,"from":0,"to":3,"type":"cas","msg_id":14}}
Node  received CAS (not implemented)
[2026-02-25T16:54:29.591091Z INFO  maelstrom::runtime] Sent {"src":"n3","dest":"c14","body":{"in_reply_to":14,"type":"cas_ok"}}
[2026-02-25T16:54:29.711817Z INFO  maelstrom::runtime] Received {"id":472,"src":"c14","dest":"n3","body":{"key":0,"from":1,"to":4,"type":"cas","msg_id":15}}
Node  received CAS (not implemented)
[2026-02-25T16:54:29.712117Z INFO  maelstrom::runtime] Sent {"src":"n3","dest":"c14","body":{"in_reply_to":15,"type":"cas_ok"}}
[2026-02-25T16:54:29.759461Z INFO  maelstrom::runtime] Received {"id":482,"src":"c10","dest":"n3","body":{"key":0,"type":"read","msg_id":12}}
Node  received READ for key 0
[2026-02-25T16:54:29.759646Z INFO  maelstrom::runtime] Sent {"src":"n3","dest":"c10","body":{"in_reply_to":12,"type":"read_ok","value":0}}
[2026-02-25T16:54:29.813938Z INFO  maelstrom::runtime] Received {"id":490,"src":"c14","dest":"n3","body":{"key":0,"from":4,"to":4,"type":"cas","msg_id":16}}
Node  received CAS (not implemented)
[2026-02-25T16:54:29.814190Z INFO  maelstrom::runtime] Sent {"src":"n3","dest":"c14","body":{"in_reply_to":16,"type":"cas_ok"}}
[2026-02-25T16:54:29.939200Z INFO  maelstrom::runtime] Received {"id":518,"src":"c10","dest":"n3","body":{"key":0,"type":"read","msg_id":13}}
Node  received READ for key 0
[2026-02-25T16:54:29.939416Z INFO  maelstrom::runtime] Sent {"src":"n3","dest":"c10","body":{"in_reply_to":13,"type":"read_ok","value":0}}
[2026-02-25T16:54:30.105554Z INFO  maelstrom::runtime] Received {"id":544,"src":"c14","dest":"n3","body":{"key":0,"from":4,"to":4,"type":"cas","msg_id":17}}
Node  received CAS (not implemented)
[2026-02-25T16:54:30.105867Z INFO  maelstrom::runtime] Sent {"src":"n3","dest":"c14","body":{"in_reply_to":17,"type":"cas_ok"}}
[2026-02-25T16:54:30.152302Z INFO  maelstrom::runtime] Received {"id":554,"src":"c10","dest":"n3","body":{"key":0,"type":"read","msg_id":14}}
Node  received READ for key 0
[2026-02-25T16:54:30.152577Z INFO  maelstrom::runtime] Sent {"src":"n3","dest":"c10","body":{"in_reply_to":14,"type":"read_ok","value":0}}
[2026-02-25T16:54:30.203365Z INFO  maelstrom::runtime] Received {"id":562,"src":"c14","dest":"n3","body":{"key":0,"from":2,"to":3,"type":"cas","msg_id":18}}
Node  received CAS (not implemented)
[2026-02-25T16:54:30.203485Z INFO  maelstrom::runtime] Sent {"src":"n3","dest":"c14","body":{"in_reply_to":18,"type":"cas_ok"}}
[2026-02-25T16:54:30.252151Z INFO  maelstrom::runtime] Received {"id":572,"src":"c10","dest":"n3","body":{"key":0,"type":"read","msg_id":15}}
Node  received READ for key 0
[2026-02-25T16:54:30.252485Z INFO  maelstrom::runtime] Sent {"src":"n3","dest":"c10","body":{"in_reply_to":15,"type":"read_ok","value":0}}
[2026-02-25T16:54:30.265592Z INFO  maelstrom::runtime] Received {"id":580,"src":"c14","dest":"n3","body":{"key":0,"from":3,"to":1,"type":"cas","msg_id":19}}
Node  received CAS (not implemented)
[2026-02-25T16:54:30.265747Z INFO  maelstrom::runtime] Sent {"src":"n3","dest":"c14","body":{"in_reply_to":19,"type":"cas_ok"}}
[2026-02-25T16:54:30.298198Z INFO  maelstrom::runtime] Received {"id":590,"src":"c10","dest":"n3","body":{"key":0,"type":"read","msg_id":16}}
Node  received READ for key 0
[2026-02-25T16:54:30.298347Z INFO  maelstrom::runtime] Sent {"src":"n3","dest":"c10","body":{"in_reply_to":16,"type":"read_ok","value":0}}
[2026-02-25T16:54:30.367625Z INFO  maelstrom::runtime] Received {"id":608,"src":"c10","dest":"n3","body":{"key":0,"type":"read","msg_id":17}}
Node  received READ for key 0
[2026-02-25T16:54:30.367903Z INFO  maelstrom::runtime] Sent {"src":"n3","dest":"c10","body":{"in_reply_to":17,"type":"read_ok","value":0}}
[2026-02-25T16:54:30.395256Z INFO  maelstrom::runtime] Received {"id":616,"src":"c14","dest":"n3","body":{"key":0,"value":2,"type":"write","msg_id":20}}
Node  received WRITE: 0=2
[2026-02-25T16:54:30.395480Z INFO  maelstrom::runtime] Sent {"src":"n3","dest":"c14","body":{"in_reply_to":20,"type":"write_ok"}}
[2026-02-25T16:54:30.455024Z INFO  maelstrom::runtime] Received {"id":626,"src":"c10","dest":"n3","body":{"key":0,"type":"read","msg_id":18}}
Node  received READ for key 0
[2026-02-25T16:54:30.455363Z INFO  maelstrom::runtime] Sent {"src":"n3","dest":"c10","body":{"in_reply_to":18,"type":"read_ok","value":0}}
[2026-02-25T16:54:30.472677Z INFO  maelstrom::runtime] Received {"id":634,"src":"c14","dest":"n3","body":{"key":0,"from":3,"to":2,"type":"cas","msg_id":21}}
Node  received CAS (not implemented)
[2026-02-25T16:54:30.472968Z INFO  maelstrom::runtime] Sent {"src":"n3","dest":"c14","body":{"in_reply_to":21,"type":"cas_ok"}}
[2026-02-25T16:54:30.545045Z INFO  maelstrom::runtime] Received {"id":644,"src":"c10","dest":"n3","body":{"key":0,"type":"read","msg_id":19}}
Node  received READ for key 0
[2026-02-25T16:54:30.545300Z INFO  maelstrom::runtime] Sent {"src":"n3","dest":"c10","body":{"in_reply_to":19,"type":"read_ok","value":0}}
[2026-02-25T16:54:30.639635Z INFO  maelstrom::runtime] Received {"id":662,"src":"c10","dest":"n3","body":{"key":0,"type":"read","msg_id":20}}
Node  received READ for key 0
[2026-02-25T16:54:30.639859Z INFO  maelstrom::runtime] Sent {"src":"n3","dest":"c10","body":{"in_reply_to":20,"type":"read_ok","value":0}}
[2026-02-25T16:54:30.782027Z INFO  maelstrom::runtime] Received {"id":688,"src":"c14","dest":"n3","body":{"key":0,"from":4,"to":0,"type":"cas","msg_id":22}}
Node  received CAS (not implemented)
[2026-02-25T16:54:30.782247Z INFO  maelstrom::runtime] Sent {"src":"n3","dest":"c14","body":{"in_reply_to":22,"type":"cas_ok"}}
[2026-02-25T16:54:30.839471Z INFO  maelstrom::runtime] Received {"id":698,"src":"c10","dest":"n3","body":{"key":0,"type":"read","msg_id":21}}
Node  received READ for key 0
[2026-02-25T16:54:30.839639Z INFO  maelstrom::runtime] Sent {"src":"n3","dest":"c10","body":{"in_reply_to":21,"type":"read_ok","value":0}}
[2026-02-25T16:54:30.885616Z INFO  maelstrom::runtime] Received {"id":706,"src":"c14","dest":"n3","body":{"key":0,"from":1,"to":2,"type":"cas","msg_id":23}}
Node  received CAS (not implemented)
[2026-02-25T16:54:30.885807Z INFO  maelstrom::runtime] Sent {"src":"n3","dest":"c14","body":{"in_reply_to":23,"type":"cas_ok"}}
[2026-02-25T16:54:30.938836Z INFO  maelstrom::runtime] Received {"id":716,"src":"c10","dest":"n3","body":{"key":0,"type":"read","msg_id":22}}
Node  received READ for key 0
[2026-02-25T16:54:30.939003Z INFO  maelstrom::runtime] Sent {"src":"n3","dest":"c10","body":{"in_reply_to":22,"type":"read_ok","value":0}}
[2026-02-25T16:54:31.072303Z INFO  maelstrom::runtime] Received {"id":742,"src":"c14","dest":"n3","body":{"key":0,"from":3,"to":0,"type":"cas","msg_id":24}}
Node  received CAS (not implemented)
[2026-02-25T16:54:31.072467Z INFO  maelstrom::runtime] Sent {"src":"n3","dest":"c14","body":{"in_reply_to":24,"type":"cas_ok"}}
[2026-02-25T16:54:31.101314Z INFO  maelstrom::runtime] Received {"id":752,"src":"c10","dest":"n3","body":{"key":0,"type":"read","msg_id":23}}
Node  received READ for key 0
[2026-02-25T16:54:31.101469Z INFO  maelstrom::runtime] Sent {"src":"n3","dest":"c10","body":{"in_reply_to":23,"type":"read_ok","value":0}}
[2026-02-25T16:54:31.148793Z INFO  maelstrom::runtime] Received {"id":760,"src":"c14","dest":"n3","body":{"key":0,"from":4,"to":0,"type":"cas","msg_id":25}}
Node  received CAS (not implemented)
[2026-02-25T16:54:31.149120Z INFO  maelstrom::runtime] Sent {"src":"n3","dest":"c14","body":{"in_reply_to":25,"type":"cas_ok"}}
[2026-02-25T16:54:31.199099Z INFO  maelstrom::runtime] Received {"id":770,"src":"c10","dest":"n3","body":{"key":0,"type":"read","msg_id":24}}
Node  received READ for key 0
[2026-02-25T16:54:31.199319Z INFO  maelstrom::runtime] Sent {"src":"n3","dest":"c10","body":{"in_reply_to":24,"type":"read_ok","value":0}}
[2026-02-25T16:54:31.228331Z INFO  maelstrom::runtime] Received {"id":777,"src":"c14","dest":"n3","body":{"key":0,"value":3,"type":"write","msg_id":26}}
Node  received WRITE: 0=3
[2026-02-25T16:54:31.228706Z INFO  maelstrom::runtime] Sent {"src":"n3","dest":"c14","body":{"in_reply_to":26,"type":"write_ok"}}
[2026-02-25T16:54:31.325935Z INFO  maelstrom::runtime] Received {"id":796,"src":"c14","dest":"n3","body":{"key":0,"value":2,"type":"write","msg_id":27}}
Node  received WRITE: 0=2
[2026-02-25T16:54:31.326095Z INFO  maelstrom::runtime] Sent {"src":"n3","dest":"c14","body":{"in_reply_to":27,"type":"write_ok"}}
[2026-02-25T16:54:31.378938Z INFO  maelstrom::runtime] Received {"id":806,"src":"c10","dest":"n3","body":{"key":0,"type":"read","msg_id":25}}
Node  received READ for key 0
[2026-02-25T16:54:31.379150Z INFO  maelstrom::runtime] Sent {"src":"n3","dest":"c10","body":{"in_reply_to":25,"type":"read_ok","value":0}}
[2026-02-25T16:54:31.411232Z INFO  maelstrom::runtime] Received {"id":814,"src":"c14","dest":"n3","body":{"key":0,"value":4,"type":"write","msg_id":28}}
Node  received WRITE: 0=4
[2026-02-25T16:54:31.411614Z INFO  maelstrom::runtime] Sent {"src":"n3","dest":"c14","body":{"in_reply_to":28,"type":"write_ok"}}
[2026-02-25T16:54:31.474852Z INFO  maelstrom::runtime] Received {"id":824,"src":"c10","dest":"n3","body":{"key":0,"type":"read","msg_id":26}}
Node  received READ for key 0
[2026-02-25T16:54:31.475088Z INFO  maelstrom::runtime] Sent {"src":"n3","dest":"c10","body":{"in_reply_to":26,"type":"read_ok","value":0}}
[2026-02-25T16:54:31.514633Z INFO  maelstrom::runtime] Received {"id":832,"src":"c14","dest":"n3","body":{"key":0,"from":4,"to":4,"type":"cas","msg_id":29}}
Node  received CAS (not implemented)
[2026-02-25T16:54:31.514817Z INFO  maelstrom::runtime] Sent {"src":"n3","dest":"c14","body":{"in_reply_to":29,"type":"cas_ok"}}
[2026-02-25T16:54:31.648249Z INFO  maelstrom::runtime] Received {"id":860,"src":"c10","dest":"n3","body":{"key":0,"type":"read","msg_id":27}}
Node  received READ for key 0
[2026-02-25T16:54:31.648404Z INFO  maelstrom::runtime] Sent {"src":"n3","dest":"c10","body":{"in_reply_to":27,"type":"read_ok","value":0}}
[2026-02-25T16:54:31.693541Z INFO  maelstrom::runtime] Received {"id":868,"src":"c14","dest":"n3","body":{"key":0,"from":1,"to":3,"type":"cas","msg_id":30}}
Node  received CAS (not implemented)
[2026-02-25T16:54:31.693737Z INFO  maelstrom::runtime] Sent {"src":"n3","dest":"c14","body":{"in_reply_to":30,"type":"cas_ok"}}
[2026-02-25T16:54:31.742041Z INFO  maelstrom::runtime] Received {"id":878,"src":"c10","dest":"n3","body":{"key":0,"type":"read","msg_id":28}}
Node  received READ for key 0
[2026-02-25T16:54:31.742244Z INFO  maelstrom::runtime] Sent {"src":"n3","dest":"c10","body":{"in_reply_to":28,"type":"read_ok","value":0}}
[2026-02-25T16:54:31.830715Z INFO  maelstrom::runtime] Received {"id":896,"src":"c10","dest":"n3","body":{"key":0,"type":"read","msg_id":29}}
Node  received READ for key 0
[2026-02-25T16:54:31.830869Z INFO  maelstrom::runtime] Sent {"src":"n3","dest":"c10","body":{"in_reply_to":29,"type":"read_ok","value":0}}
[2026-02-25T16:54:31.943532Z INFO  maelstrom::runtime] Received {"id":914,"src":"c10","dest":"n3","body":{"key":0,"type":"read","msg_id":30}}
Node  received READ for key 0
[2026-02-25T16:54:31.943787Z INFO  maelstrom::runtime] Sent {"src":"n3","dest":"c10","body":{"in_reply_to":30,"type":"read_ok","value":0}}
[2026-02-25T16:54:31.980383Z INFO  maelstrom::runtime] Received {"id":922,"src":"c14","dest":"n3","body":{"key":0,"value":4,"type":"write","msg_id":31}}
Node  received WRITE: 0=4
[2026-02-25T16:54:31.980617Z INFO  maelstrom::runtime] Sent {"src":"n3","dest":"c14","body":{"in_reply_to":31,"type":"write_ok"}}
[2026-02-25T16:54:32.022044Z INFO  maelstrom::runtime] Received {"id":931,"src":"c10","dest":"n3","body":{"key":0,"type":"read","msg_id":31}}
Node  received READ for key 0
[2026-02-25T16:54:32.022237Z INFO  maelstrom::runtime] Sent {"src":"n3","dest":"c10","body":{"in_reply_to":31,"type":"read_ok","value":0}}
[2026-02-25T16:54:32.165236Z INFO  maelstrom::runtime] Received {"id":958,"src":"c14","dest":"n3","body":{"key":0,"value":0,"type":"write","msg_id":32}}
Node  received WRITE: 0=0
[2026-02-25T16:54:32.165475Z INFO  maelstrom::runtime] Sent {"src":"n3","dest":"c14","body":{"in_reply_to":32,"type":"write_ok"}}
[2026-02-25T16:54:32.217739Z INFO  maelstrom::runtime] Received {"id":968,"src":"c10","dest":"n3","body":{"key":0,"type":"read","msg_id":32}}
Node  received READ for key 0
[2026-02-25T16:54:32.217823Z INFO  maelstrom::runtime] Sent {"src":"n3","dest":"c10","body":{"in_reply_to":32,"type":"read_ok","value":0}}
[2026-02-25T16:54:32.296608Z INFO  maelstrom::runtime] Received {"id":986,"src":"c10","dest":"n3","body":{"key":0,"type":"read","msg_id":33}}
Node  received READ for key 0
[2026-02-25T16:54:32.296736Z INFO  maelstrom::runtime] Sent {"src":"n3","dest":"c10","body":{"in_reply_to":33,"type":"read_ok","value":0}}
[2026-02-25T16:54:32.346771Z INFO  maelstrom::runtime] Received {"id":995,"src":"c14","dest":"n3","body":{"key":0,"from":4,"to":1,"type":"cas","msg_id":33}}
Node  received CAS (not implemented)
[2026-02-25T16:54:32.346895Z INFO  maelstrom::runtime] Sent {"src":"n3","dest":"c14","body":{"in_reply_to":33,"type":"cas_ok"}}
[2026-02-25T16:54:32.474808Z INFO  maelstrom::runtime] Received {"id":1022,"src":"c10","dest":"n3","body":{"key":0,"type":"read","msg_id":34}}
Node  received READ for key 0
[2026-02-25T16:54:32.474935Z INFO  maelstrom::runtime] Sent {"src":"n3","dest":"c10","body":{"in_reply_to":34,"type":"read_ok","value":0}}
[2026-02-25T16:54:32.516889Z INFO  maelstrom::runtime] Received {"id":1030,"src":"c14","dest":"n3","body":{"key":0,"value":3,"type":"write","msg_id":34}}
Node  received WRITE: 0=3
[2026-02-25T16:54:32.517053Z INFO  maelstrom::runtime] Sent {"src":"n3","dest":"c14","body":{"in_reply_to":34,"type":"write_ok"}}
[2026-02-25T16:54:32.585406Z INFO  maelstrom::runtime] Received {"id":1040,"src":"c10","dest":"n3","body":{"key":0,"type":"read","msg_id":35}}
Node  received READ for key 0
[2026-02-25T16:54:32.585586Z INFO  maelstrom::runtime] Sent {"src":"n3","dest":"c10","body":{"in_reply_to":35,"type":"read_ok","value":0}}
[2026-02-25T16:54:32.669181Z INFO  maelstrom::runtime] Received {"id":1058,"src":"c10","dest":"n3","body":{"key":0,"type":"read","msg_id":36}}
Node  received READ for key 0
[2026-02-25T16:54:32.669294Z INFO  maelstrom::runtime] Sent {"src":"n3","dest":"c10","body":{"in_reply_to":36,"type":"read_ok","value":0}}
[2026-02-25T16:54:32.737728Z INFO  maelstrom::runtime] Received {"id":1075,"src":"c10","dest":"n3","body":{"key":0,"type":"read","msg_id":37}}
Node  received READ for key 0
[2026-02-25T16:54:32.737891Z INFO  maelstrom::runtime] Sent {"src":"n3","dest":"c10","body":{"in_reply_to":37,"type":"read_ok","value":0}}
[2026-02-25T16:54:32.753921Z INFO  maelstrom::runtime] Received {"id":1084,"src":"c14","dest":"n3","body":{"key":0,"value":1,"type":"write","msg_id":35}}
Node  received WRITE: 0=1
[2026-02-25T16:54:32.754006Z INFO  maelstrom::runtime] Sent {"src":"n3","dest":"c14","body":{"in_reply_to":35,"type":"write_ok"}}
[2026-02-25T16:54:32.820004Z INFO  maelstrom::runtime] Received {"id":1094,"src":"c10","dest":"n3","body":{"key":0,"type":"read","msg_id":38}}
Node  received READ for key 0
[2026-02-25T16:54:32.820191Z INFO  maelstrom::runtime] Sent {"src":"n3","dest":"c10","body":{"in_reply_to":38,"type":"read_ok","value":0}}
[2026-02-25T16:54:32.841857Z INFO  maelstrom::runtime] Received {"id":1101,"src":"c14","dest":"n3","body":{"key":0,"from":0,"to":0,"type":"cas","msg_id":36}}
Node  received CAS (not implemented)
[2026-02-25T16:54:32.841937Z INFO  maelstrom::runtime] Sent {"src":"n3","dest":"c14","body":{"in_reply_to":36,"type":"cas_ok"}}
[2026-02-25T16:54:32.960722Z INFO  maelstrom::runtime] Received {"id":1120,"src":"c14","dest":"n3","body":{"key":0,"value":0,"type":"write","msg_id":37}}
Node  received WRITE: 0=0
[2026-02-25T16:54:32.960926Z INFO  maelstrom::runtime] Sent {"src":"n3","dest":"c14","body":{"in_reply_to":37,"type":"write_ok"}}
[2026-02-25T16:54:33.015859Z INFO  maelstrom::runtime] Received {"id":1130,"src":"c10","dest":"n3","body":{"key":0,"type":"read","msg_id":39}}
Node  received READ for key 0
[2026-02-25T16:54:33.016226Z INFO  maelstrom::runtime] Sent {"src":"n3","dest":"c10","body":{"in_reply_to":39,"type":"read_ok","value":0}}
[2026-02-25T16:54:33.062389Z INFO  maelstrom::runtime] Received {"id":1138,"src":"c14","dest":"n3","body":{"key":0,"from":1,"to":1,"type":"cas","msg_id":38}}
Node  received CAS (not implemented)
[2026-02-25T16:54:33.062636Z INFO  maelstrom::runtime] Sent {"src":"n3","dest":"c14","body":{"in_reply_to":38,"type":"cas_ok"}}
[2026-02-25T16:54:33.113001Z INFO  maelstrom::runtime] Received {"id":1148,"src":"c10","dest":"n3","body":{"key":0,"type":"read","msg_id":40}}
Node  received READ for key 0
[2026-02-25T16:54:33.113270Z INFO  maelstrom::runtime] Sent {"src":"n3","dest":"c10","body":{"in_reply_to":40,"type":"read_ok","value":0}}
[2026-02-25T16:54:33.156110Z INFO  maelstrom::runtime] Received {"id":1156,"src":"c14","dest":"n3","body":{"key":0,"value":3,"type":"write","msg_id":39}}
Node  received WRITE: 0=3
[2026-02-25T16:54:33.156233Z INFO  maelstrom::runtime] Sent {"src":"n3","dest":"c14","body":{"in_reply_to":39,"type":"write_ok"}}
[2026-02-25T16:54:33.206561Z INFO  maelstrom::runtime] Received {"id":1166,"src":"c10","dest":"n3","body":{"key":0,"type":"read","msg_id":41}}
Node  received READ for key 0
[2026-02-25T16:54:33.206748Z INFO  maelstrom::runtime] Sent {"src":"n3","dest":"c10","body":{"in_reply_to":41,"type":"read_ok","value":0}}
[2026-02-25T16:54:33.347396Z INFO  maelstrom::runtime] Received {"id":1192,"src":"c14","dest":"n3","body":{"key":0,"from":4,"to":1,"type":"cas","msg_id":40}}
Node  received CAS (not implemented)
[2026-02-25T16:54:33.347489Z INFO  maelstrom::runtime] Sent {"src":"n3","dest":"c14","body":{"in_reply_to":40,"type":"cas_ok"}}
[2026-02-25T16:54:33.400445Z INFO  maelstrom::runtime] Received {"id":1202,"src":"c10","dest":"n3","body":{"key":0,"type":"read","msg_id":42}}
Node  received READ for key 0
[2026-02-25T16:54:33.400655Z INFO  maelstrom::runtime] Sent {"src":"n3","dest":"c10","body":{"in_reply_to":42,"type":"read_ok","value":0}}
[2026-02-25T16:54:33.446010Z INFO  maelstrom::runtime] Received {"id":1210,"src":"c14","dest":"n3","body":{"key":0,"value":0,"type":"write","msg_id":41}}
Node  received WRITE: 0=0
[2026-02-25T16:54:33.446193Z INFO  maelstrom::runtime] Sent {"src":"n3","dest":"c14","body":{"in_reply_to":41,"type":"write_ok"}}
[2026-02-25T16:54:33.517160Z INFO  maelstrom::runtime] Received {"id":1220,"src":"c10","dest":"n3","body":{"key":0,"type":"read","msg_id":43}}
Node  received READ for key 0
[2026-02-25T16:54:33.517246Z INFO  maelstrom::runtime] Sent {"src":"n3","dest":"c10","body":{"in_reply_to":43,"type":"read_ok","value":0}}
[2026-02-25T16:54:33.599080Z INFO  maelstrom::runtime] Received {"id":1237,"src":"c10","dest":"n3","body":{"key":0,"type":"read","msg_id":44}}
Node  received READ for key 0
[2026-02-25T16:54:33.599178Z INFO  maelstrom::runtime] Sent {"src":"n3","dest":"c10","body":{"in_reply_to":44,"type":"read_ok","value":0}}
[2026-02-25T16:54:33.646087Z INFO  maelstrom::runtime] Received {"id":1246,"src":"c14","dest":"n3","body":{"key":0,"from":0,"to":4,"type":"cas","msg_id":42}}
Node  received CAS (not implemented)
[2026-02-25T16:54:33.646220Z INFO  maelstrom::runtime] Sent {"src":"n3","dest":"c14","body":{"in_reply_to":42,"type":"cas_ok"}}
[2026-02-25T16:54:33.707137Z INFO  maelstrom::runtime] Received {"id":1256,"src":"c10","dest":"n3","body":{"key":0,"type":"read","msg_id":45}}
Node  received READ for key 0
[2026-02-25T16:54:33.707204Z INFO  maelstrom::runtime] Sent {"src":"n3","dest":"c10","body":{"in_reply_to":45,"type":"read_ok","value":0}}
[2026-02-25T16:54:33.815576Z INFO  maelstrom::runtime] Received {"id":1274,"src":"c10","dest":"n3","body":{"key":0,"type":"read","msg_id":46}}
Node  received READ for key 0
[2026-02-25T16:54:33.815780Z INFO  maelstrom::runtime] Sent {"src":"n3","dest":"c10","body":{"in_reply_to":46,"type":"read_ok","value":0}}
[2026-02-25T16:54:33.861347Z INFO  maelstrom::runtime] Received {"id":1282,"src":"c14","dest":"n3","body":{"key":0,"from":1,"to":1,"type":"cas","msg_id":43}}
Node  received CAS (not implemented)
[2026-02-25T16:54:33.861490Z INFO  maelstrom::runtime] Sent {"src":"n3","dest":"c14","body":{"in_reply_to":43,"type":"cas_ok"}}
[2026-02-25T16:54:33.917948Z INFO  maelstrom::runtime] Received {"id":1292,"src":"c10","dest":"n3","body":{"key":0,"type":"read","msg_id":47}}
Node  received READ for key 0
[2026-02-25T16:54:33.918191Z INFO  maelstrom::runtime] Sent {"src":"n3","dest":"c10","body":{"in_reply_to":47,"type":"read_ok","value":0}}
[2026-02-25T16:54:33.962661Z INFO  maelstrom::runtime] Received {"id":1300,"src":"c14","dest":"n3","body":{"key":0,"from":3,"to":1,"type":"cas","msg_id":44}}
Node  received CAS (not implemented)
[2026-02-25T16:54:33.962894Z INFO  maelstrom::runtime] Sent {"src":"n3","dest":"c14","body":{"in_reply_to":44,"type":"cas_ok"}}
[2026-02-25T16:54:34.102401Z INFO  maelstrom::runtime] Received {"id":1328,"src":"c10","dest":"n3","body":{"key":0,"type":"read","msg_id":48}}
Node  received READ for key 0
[2026-02-25T16:54:34.102645Z INFO  maelstrom::runtime] Sent {"src":"n3","dest":"c10","body":{"in_reply_to":48,"type":"read_ok","value":0}}
[2026-02-25T16:54:34.121315Z INFO  maelstrom::runtime] Received {"id":1335,"src":"c14","dest":"n3","body":{"key":0,"from":1,"to":2,"type":"cas","msg_id":45}}
Node  received CAS (not implemented)
[2026-02-25T16:54:34.121549Z INFO  maelstrom::runtime] Sent {"src":"n3","dest":"c14","body":{"in_reply_to":45,"type":"cas_ok"}}
[2026-02-25T16:54:34.223545Z INFO  maelstrom::runtime] Received {"id":1354,"src":"c14","dest":"n3","body":{"key":0,"from":4,"to":3,"type":"cas","msg_id":46}}
Node  received CAS (not implemented)
[2026-02-25T16:54:34.223802Z INFO  maelstrom::runtime] Sent {"src":"n3","dest":"c14","body":{"in_reply_to":46,"type":"cas_ok"}}
[2026-02-25T16:54:34.392400Z INFO  maelstrom::runtime] Received {"id":1382,"src":"c10","dest":"n3","body":{"key":0,"type":"read","msg_id":49}}
Node  received READ for key 0
[2026-02-25T16:54:34.392857Z INFO  maelstrom::runtime] Sent {"src":"n3","dest":"c10","body":{"in_reply_to":49,"type":"read_ok","value":0}}
[2026-02-25T16:54:34.623263Z INFO  maelstrom::runtime] Received {"id":1426,"src":"c14","dest":"n3","body":{"key":0,"from":2,"to":1,"type":"cas","msg_id":47}}
Node  received CAS (not implemented)
[2026-02-25T16:54:34.623394Z INFO  maelstrom::runtime] Sent {"src":"n3","dest":"c14","body":{"in_reply_to":47,"type":"cas_ok"}}
[2026-02-25T16:54:34.648209Z INFO  maelstrom::runtime] Received {"id":1436,"src":"c10","dest":"n3","body":{"key":0,"type":"read","msg_id":50}}
Node  received READ for key 0
[2026-02-25T16:54:34.648368Z INFO  maelstrom::runtime] Sent {"src":"n3","dest":"c10","body":{"in_reply_to":50,"type":"read_ok","value":0}}
[2026-02-25T16:54:34.765843Z INFO  maelstrom::runtime] Received {"id":1462,"src":"c14","dest":"n3","body":{"key":0,"value":1,"type":"write","msg_id":48}}
Node  received WRITE: 0=1
[2026-02-25T16:54:34.766241Z INFO  maelstrom::runtime] Sent {"src":"n3","dest":"c14","body":{"in_reply_to":48,"type":"write_ok"}}
[2026-02-25T16:54:34.846107Z INFO  maelstrom::runtime] Received {"id":1480,"src":"c14","dest":"n3","body":{"key":0,"from":4,"to":0,"type":"cas","msg_id":49}}
Node  received CAS (not implemented)
[2026-02-25T16:54:34.846231Z INFO  maelstrom::runtime] Sent {"src":"n3","dest":"c14","body":{"in_reply_to":49,"type":"cas_ok"}}
[2026-02-25T16:54:34.896477Z INFO  maelstrom::runtime] Received {"id":1490,"src":"c10","dest":"n3","body":{"key":0,"type":"read","msg_id":51}}
Node  received READ for key 0
[2026-02-25T16:54:34.896622Z INFO  maelstrom::runtime] Sent {"src":"n3","dest":"c10","body":{"in_reply_to":51,"type":"read_ok","value":0}}
[2026-02-25T16:54:35.128850Z INFO  maelstrom::runtime] Received {"id":1534,"src":"c14","dest":"n3","body":{"key":0,"value":2,"type":"write","msg_id":50}}
Node  received WRITE: 0=2
[2026-02-25T16:54:35.129008Z INFO  maelstrom::runtime] Sent {"src":"n3","dest":"c14","body":{"in_reply_to":50,"type":"write_ok"}}
[2026-02-25T16:54:35.235354Z INFO  maelstrom::runtime] Received {"id":1552,"src":"c14","dest":"n3","body":{"key":0,"value":4,"type":"write","msg_id":51}}
Node  received WRITE: 0=4
[2026-02-25T16:54:35.235722Z INFO  maelstrom::runtime] Sent {"src":"n3","dest":"c14","body":{"in_reply_to":51,"type":"write_ok"}}
[2026-02-25T16:54:35.273826Z INFO  maelstrom::runtime] Received {"id":1562,"src":"c10","dest":"n3","body":{"key":0,"type":"read","msg_id":52}}
Node  received READ for key 0
[2026-02-25T16:54:35.274037Z INFO  maelstrom::runtime] Sent {"src":"n3","dest":"c10","body":{"in_reply_to":52,"type":"read_ok","value":0}}
[2026-02-25T16:54:35.385054Z INFO  maelstrom::runtime] Received {"id":1580,"src":"c10","dest":"n3","body":{"key":0,"type":"read","msg_id":53}}
Node  received READ for key 0
[2026-02-25T16:54:35.385142Z INFO  maelstrom::runtime] Sent {"src":"n3","dest":"c10","body":{"in_reply_to":53,"type":"read_ok","value":0}}
[2026-02-25T16:54:35.580632Z INFO  maelstrom::runtime] Received {"id":1616,"src":"c10","dest":"n3","body":{"key":0,"type":"read","msg_id":54}}
Node  received READ for key 0
[2026-02-25T16:54:35.580688Z INFO  maelstrom::runtime] Sent {"src":"n3","dest":"c10","body":{"in_reply_to":54,"type":"read_ok","value":0}}
[2026-02-25T16:54:35.620595Z INFO  maelstrom::runtime] Received {"id":1624,"src":"c14","dest":"n3","body":{"key":0,"value":4,"type":"write","msg_id":52}}
Node  received WRITE: 0=4
[2026-02-25T16:54:35.620659Z INFO  maelstrom::runtime] Sent {"src":"n3","dest":"c14","body":{"in_reply_to":52,"type":"write_ok"}}
[2026-02-25T16:54:35.767747Z INFO  maelstrom::runtime] Received {"id":1652,"src":"c10","dest":"n3","body":{"key":0,"type":"read","msg_id":55}}
Node  received READ for key 0
[2026-02-25T16:54:35.767995Z INFO  maelstrom::runtime] Sent {"src":"n3","dest":"c10","body":{"in_reply_to":55,"type":"read_ok","value":0}}
[2026-02-25T16:54:35.796685Z INFO  maelstrom::runtime] Received {"id":1660,"src":"c14","dest":"n3","body":{"key":0,"value":4,"type":"write","msg_id":53}}
Node  received WRITE: 0=4
[2026-02-25T16:54:35.796811Z INFO  maelstrom::runtime] Sent {"src":"n3","dest":"c14","body":{"in_reply_to":53,"type":"write_ok"}}
[2026-02-25T16:54:35.843934Z INFO  maelstrom::runtime] Received {"id":1670,"src":"c10","dest":"n3","body":{"key":0,"type":"read","msg_id":56}}
Node  received READ for key 0
[2026-02-25T16:54:35.844022Z INFO  maelstrom::runtime] Sent {"src":"n3","dest":"c10","body":{"in_reply_to":56,"type":"read_ok","value":0}}
[2026-02-25T16:54:35.880000Z INFO  maelstrom::runtime] Received {"id":1678,"src":"c14","dest":"n3","body":{"key":0,"value":3,"type":"write","msg_id":54}}
Node  received WRITE: 0=3
[2026-02-25T16:54:35.880066Z INFO  maelstrom::runtime] Sent {"src":"n3","dest":"c14","body":{"in_reply_to":54,"type":"write_ok"}}
[2026-02-25T16:54:36.122929Z INFO  maelstrom::runtime] Received {"id":1724,"src":"c10","dest":"n3","body":{"key":0,"type":"read","msg_id":57}}
Node  received READ for key 0
[2026-02-25T16:54:36.123036Z INFO  maelstrom::runtime] Sent {"src":"n3","dest":"c10","body":{"in_reply_to":57,"type":"read_ok","value":0}}
[2026-02-25T16:54:36.157872Z INFO  maelstrom::runtime] Received {"id":1732,"src":"c14","dest":"n3","body":{"key":0,"value":0,"type":"write","msg_id":55}}
Node  received WRITE: 0=0
[2026-02-25T16:54:36.158219Z INFO  maelstrom::runtime] Sent {"src":"n3","dest":"c14","body":{"in_reply_to":55,"type":"write_ok"}}
[2026-02-25T16:54:36.205501Z INFO  maelstrom::runtime] Received {"id":1742,"src":"c10","dest":"n3","body":{"key":0,"type":"read","msg_id":58}}
Node  received READ for key 0
[2026-02-25T16:54:36.205740Z INFO  maelstrom::runtime] Sent {"src":"n3","dest":"c10","body":{"in_reply_to":58,"type":"read_ok","value":0}}
[2026-02-25T16:54:36.374776Z INFO  maelstrom::runtime] Received {"id":1768,"src":"c14","dest":"n3","body":{"key":0,"from":2,"to":3,"type":"cas","msg_id":56}}
Node  received CAS (not implemented)
[2026-02-25T16:54:36.374918Z INFO  maelstrom::runtime] Sent {"src":"n3","dest":"c14","body":{"in_reply_to":56,"type":"cas_ok"}}
[2026-02-25T16:54:36.418087Z INFO  maelstrom::runtime] Received {"id":1778,"src":"c10","dest":"n3","body":{"key":0,"type":"read","msg_id":59}}
Node  received READ for key 0
[2026-02-25T16:54:36.418147Z INFO  maelstrom::runtime] Sent {"src":"n3","dest":"c10","body":{"in_reply_to":59,"type":"read_ok","value":0}}
[2026-02-25T16:54:36.592319Z INFO  maelstrom::runtime] Received {"id":1814,"src":"c10","dest":"n3","body":{"key":0,"type":"read","msg_id":60}}
Node  received READ for key 0
[2026-02-25T16:54:36.592412Z INFO  maelstrom::runtime] Sent {"src":"n3","dest":"c10","body":{"in_reply_to":60,"type":"read_ok","value":0}}
[2026-02-25T16:54:36.999241Z INFO  maelstrom::runtime] Received {"id":1904,"src":"c10","dest":"n3","body":{"key":0,"type":"read","msg_id":61}}
Node  received READ for key 0
[2026-02-25T16:54:36.999433Z INFO  maelstrom::runtime] Sent {"src":"n3","dest":"c10","body":{"in_reply_to":61,"type":"read_ok","value":0}}
[2026-02-25T16:54:37.132683Z INFO  maelstrom::runtime] Received {"id":1929,"src":"c14","dest":"n3","body":{"key":0,"value":2,"type":"write","msg_id":57}}
Node  received WRITE: 0=2
[2026-02-25T16:54:37.132836Z INFO  maelstrom::runtime] Sent {"src":"n3","dest":"c14","body":{"in_reply_to":57,"type":"write_ok"}}
[2026-02-25T16:54:37.196780Z INFO  maelstrom::runtime] Received {"id":1940,"src":"c10","dest":"n3","body":{"key":0,"type":"read","msg_id":62}}
Node  received READ for key 0
[2026-02-25T16:54:37.196980Z INFO  maelstrom::runtime] Sent {"src":"n3","dest":"c10","body":{"in_reply_to":62,"type":"read_ok","value":0}}
[2026-02-25T16:54:37.232642Z INFO  maelstrom::runtime] Received {"id":1948,"src":"c14","dest":"n3","body":{"key":0,"from":4,"to":4,"type":"cas","msg_id":58}}
Node  received CAS (not implemented)
[2026-02-25T16:54:37.232821Z INFO  maelstrom::runtime] Sent {"src":"n3","dest":"c14","body":{"in_reply_to":58,"type":"cas_ok"}}
[2026-02-25T16:54:37.308744Z INFO  maelstrom::runtime] Received {"id":1958,"src":"c10","dest":"n3","body":{"key":0,"type":"read","msg_id":63}}
Node  received READ for key 0
[2026-02-25T16:54:37.309153Z INFO  maelstrom::runtime] Sent {"src":"n3","dest":"c10","body":{"in_reply_to":63,"type":"read_ok","value":0}}
[2026-02-25T16:54:37.372022Z INFO  maelstrom::runtime] Received {"id":1976,"src":"c10","dest":"n3","body":{"key":0,"type":"read","msg_id":64}}
Node  received READ for key 0
[2026-02-25T16:54:37.372365Z INFO  maelstrom::runtime] Sent {"src":"n3","dest":"c10","body":{"in_reply_to":64,"type":"read_ok","value":0}}
[2026-02-25T16:54:37.472095Z INFO  maelstrom::runtime] Received {"id":1994,"src":"c10","dest":"n3","body":{"key":0,"type":"read","msg_id":65}}
Node  received READ for key 0
[2026-02-25T16:54:37.472277Z INFO  maelstrom::runtime] Sent {"src":"n3","dest":"c10","body":{"in_reply_to":65,"type":"read_ok","value":0}}
[2026-02-25T16:54:37.520858Z INFO  maelstrom::runtime] Received {"id":2002,"src":"c14","dest":"n3","body":{"key":0,"from":3,"to":4,"type":"cas","msg_id":59}}
Node  received CAS (not implemented)
[2026-02-25T16:54:37.521273Z INFO  maelstrom::runtime] Sent {"src":"n3","dest":"c14","body":{"in_reply_to":59,"type":"cas_ok"}}
[2026-02-25T16:54:37.550198Z INFO  maelstrom::runtime] Received {"id":2012,"src":"c10","dest":"n3","body":{"key":0,"type":"read","msg_id":66}}
Node  received READ for key 0
[2026-02-25T16:54:37.550432Z INFO  maelstrom::runtime] Sent {"src":"n3","dest":"c10","body":{"in_reply_to":66,"type":"read_ok","value":0}}
[2026-02-25T16:54:37.599486Z INFO  maelstrom::runtime] Received {"id":2020,"src":"c14","dest":"n3","body":{"key":0,"value":3,"type":"write","msg_id":60}}
Node  received WRITE: 0=3
[2026-02-25T16:54:37.599671Z INFO  maelstrom::runtime] Sent {"src":"n3","dest":"c14","body":{"in_reply_to":60,"type":"write_ok"}}
[2026-02-25T16:54:37.728024Z INFO  maelstrom::runtime] Received {"id":2038,"src":"c14","dest":"n3","body":{"key":0,"from":0,"to":0,"type":"cas","msg_id":61}}
Node  received CAS (not implemented)
[2026-02-25T16:54:37.728151Z INFO  maelstrom::runtime] Sent {"src":"n3","dest":"c14","body":{"in_reply_to":61,"type":"cas_ok"}}
[2026-02-25T16:54:37.852168Z INFO  maelstrom::runtime] Received {"id":2056,"src":"c14","dest":"n3","body":{"key":0,"from":3,"to":1,"type":"cas","msg_id":62}}
Node  received CAS (not implemented)
[2026-02-25T16:54:37.852315Z INFO  maelstrom::runtime] Sent {"src":"n3","dest":"c14","body":{"in_reply_to":62,"type":"cas_ok"}}
[2026-02-25T16:54:37.919394Z INFO  maelstrom::runtime] Received {"id":2066,"src":"c10","dest":"n3","body":{"key":0,"type":"read","msg_id":67}}
Node  received READ for key 0
[2026-02-25T16:54:37.919625Z INFO  maelstrom::runtime] Sent {"src":"n3","dest":"c10","body":{"in_reply_to":67,"type":"read_ok","value":0}}
[2026-02-25T16:54:37.947711Z INFO  maelstrom::runtime] Received {"id":2074,"src":"c14","dest":"n3","body":{"key":0,"from":1,"to":1,"type":"cas","msg_id":63}}
Node  received CAS (not implemented)
[2026-02-25T16:54:37.947928Z INFO  maelstrom::runtime] Sent {"src":"n3","dest":"c14","body":{"in_reply_to":63,"type":"cas_ok"}}
[2026-02-25T16:54:38.064384Z INFO  maelstrom::runtime] Received {"id":2102,"src":"c10","dest":"n3","body":{"key":0,"type":"read","msg_id":68}}
Node  received READ for key 0
[2026-02-25T16:54:38.064512Z INFO  maelstrom::runtime] Sent {"src":"n3","dest":"c10","body":{"in_reply_to":68,"type":"read_ok","value":0}}
[2026-02-25T16:54:38.116680Z INFO  maelstrom::runtime] Received {"id":2110,"src":"c14","dest":"n3","body":{"key":0,"value":4,"type":"write","msg_id":64}}
Node  received WRITE: 0=4
[2026-02-25T16:54:38.116809Z INFO  maelstrom::runtime] Sent {"src":"n3","dest":"c14","body":{"in_reply_to":64,"type":"write_ok"}}
[2026-02-25T16:54:38.259865Z INFO  maelstrom::runtime] Received {"id":2138,"src":"c10","dest":"n3","body":{"key":0,"type":"read","msg_id":69}}
Node  received READ for key 0
[2026-02-25T16:54:38.259990Z INFO  maelstrom::runtime] Sent {"src":"n3","dest":"c10","body":{"in_reply_to":69,"type":"read_ok","value":0}}
[2026-02-25T16:54:38.317422Z INFO  maelstrom::runtime] Received {"id":2146,"src":"c14","dest":"n3","body":{"key":0,"from":4,"to":0,"type":"cas","msg_id":65}}
Node  received CAS (not implemented)
[2026-02-25T16:54:38.317603Z INFO  maelstrom::runtime] Sent {"src":"n3","dest":"c14","body":{"in_reply_to":65,"type":"cas_ok"}}
[2026-02-25T16:54:38.388633Z INFO  maelstrom::runtime] Received {"id":2156,"src":"c10","dest":"n3","body":{"key":0,"type":"read","msg_id":70}}
Node  received READ for key 0
[2026-02-25T16:54:38.388784Z INFO  maelstrom::runtime] Sent {"src":"n3","dest":"c10","body":{"in_reply_to":70,"type":"read_ok","value":0}}
[2026-02-25T16:54:38.478981Z INFO  maelstrom::runtime] Received {"id":2174,"src":"c10","dest":"n3","body":{"key":0,"type":"read","msg_id":71}}
Node  received READ for key 0
[2026-02-25T16:54:38.479100Z INFO  maelstrom::runtime] Sent {"src":"n3","dest":"c10","body":{"in_reply_to":71,"type":"read_ok","value":0}}
[2026-02-25T16:54:38.514990Z INFO  maelstrom::runtime] Received {"id":2182,"src":"c14","dest":"n3","body":{"key":0,"from":2,"to":4,"type":"cas","msg_id":66}}
Node  received CAS (not implemented)
[2026-02-25T16:54:38.515141Z INFO  maelstrom::runtime] Sent {"src":"n3","dest":"c14","body":{"in_reply_to":66,"type":"cas_ok"}}
[2026-02-25T16:54:38.565125Z INFO  maelstrom::runtime] Received {"id":2192,"src":"c10","dest":"n3","body":{"key":0,"type":"read","msg_id":72}}
Node  received READ for key 0
[2026-02-25T16:54:38.565195Z INFO  maelstrom::runtime] Sent {"src":"n3","dest":"c10","body":{"in_reply_to":72,"type":"read_ok","value":0}}
[2026-02-25T16:54:38.739259Z INFO  maelstrom::runtime] Received {"id":2228,"src":"c10","dest":"n3","body":{"key":0,"type":"read","msg_id":73}}
Node  received READ for key 0
[2026-02-25T16:54:38.739383Z INFO  maelstrom::runtime] Sent {"src":"n3","dest":"c10","body":{"in_reply_to":73,"type":"read_ok","value":0}}
[2026-02-25T16:54:38.846668Z INFO  maelstrom::runtime] Received {"id":2254,"src":"c14","dest":"n3","body":{"key":0,"from":4,"to":0,"type":"cas","msg_id":67}}
Node  received CAS (not implemented)
[2026-02-25T16:54:38.846777Z INFO  maelstrom::runtime] Sent {"src":"n3","dest":"c14","body":{"in_reply_to":67,"type":"cas_ok"}}
[2026-02-25T16:54:38.880123Z INFO  maelstrom::runtime] Received {"id":2264,"src":"c10","dest":"n3","body":{"key":0,"type":"read","msg_id":74}}
Node  received READ for key 0
[2026-02-25T16:54:38.880253Z INFO  maelstrom::runtime] Sent {"src":"n3","dest":"c10","body":{"in_reply_to":74,"type":"read_ok","value":0}}
[2026-02-25T16:54:38.914911Z INFO  maelstrom::runtime] Received {"id":2272,"src":"c14","dest":"n3","body":{"key":0,"from":2,"to":1,"type":"cas","msg_id":68}}
Node  received CAS (not implemented)
[2026-02-25T16:54:38.914990Z INFO  maelstrom::runtime] Sent {"src":"n3","dest":"c14","body":{"in_reply_to":68,"type":"cas_ok"}}
[2026-02-25T16:54:39.014033Z INFO  maelstrom::runtime] Received {"id":2290,"src":"c14","dest":"n3","body":{"key":0,"value":1,"type":"write","msg_id":69}}
Node  received WRITE: 0=1
[2026-02-25T16:54:39.014144Z INFO  maelstrom::runtime] Sent {"src":"n3","dest":"c14","body":{"in_reply_to":69,"type":"write_ok"}}
[2026-02-25T16:54:39.138616Z INFO  maelstrom::runtime] Received {"id":2308,"src":"c14","dest":"n3","body":{"key":0,"from":0,"to":3,"type":"cas","msg_id":70}}
Node  received CAS (not implemented)
[2026-02-25T16:54:39.138734Z INFO  maelstrom::runtime] Sent {"src":"n3","dest":"c14","body":{"in_reply_to":70,"type":"cas_ok"}}
[2026-02-25T16:54:39.198322Z INFO  maelstrom::runtime] Received {"id":2318,"src":"c10","dest":"n3","body":{"key":0,"type":"read","msg_id":75}}
Node  received READ for key 0
[2026-02-25T16:54:39.198401Z INFO  maelstrom::runtime] Sent {"src":"n3","dest":"c10","body":{"in_reply_to":75,"type":"read_ok","value":0}}
[2026-02-25T16:54:39.354594Z INFO  maelstrom::runtime] Received {"id":2344,"src":"c14","dest":"n3","body":{"key":0,"from":1,"to":2,"type":"cas","msg_id":71}}
Node  received CAS (not implemented)
[2026-02-25T16:54:39.354778Z INFO  maelstrom::runtime] Sent {"src":"n3","dest":"c14","body":{"in_reply_to":71,"type":"cas_ok"}}
[2026-02-25T16:54:39.390586Z INFO  maelstrom::runtime] Received {"id":2353,"src":"c10","dest":"n3","body":{"key":0,"type":"read","msg_id":76}}
Node  received READ for key 0
[2026-02-25T16:54:39.390713Z INFO  maelstrom::runtime] Sent {"src":"n3","dest":"c10","body":{"in_reply_to":76,"type":"read_ok","value":0}}
[2026-02-25T16:54:39.528023Z INFO  maelstrom::runtime] Received {"id":2380,"src":"c14","dest":"n3","body":{"key":0,"value":4,"type":"write","msg_id":72}}
Node  received WRITE: 0=4
[2026-02-25T16:54:39.528157Z INFO  maelstrom::runtime] Sent {"src":"n3","dest":"c14","body":{"in_reply_to":72,"type":"write_ok"}}
[2026-02-25T16:54:39.603225Z INFO  maelstrom::runtime] Received {"id":2398,"src":"c14","dest":"n3","body":{"key":0,"from":4,"to":4,"type":"cas","msg_id":73}}
Node  received CAS (not implemented)
[2026-02-25T16:54:39.603334Z INFO  maelstrom::runtime] Sent {"src":"n3","dest":"c14","body":{"in_reply_to":73,"type":"cas_ok"}}
[2026-02-25T16:54:39.673722Z INFO  maelstrom::runtime] Received {"id":2416,"src":"c14","dest":"n3","body":{"key":0,"value":3,"type":"write","msg_id":74}}
Node  received WRITE: 0=3
[2026-02-25T16:54:39.673896Z INFO  maelstrom::runtime] Sent {"src":"n3","dest":"c14","body":{"in_reply_to":74,"type":"write_ok"}}
[2026-02-25T16:54:39.721673Z INFO  maelstrom::runtime] Received {"id":2426,"src":"c10","dest":"n3","body":{"key":0,"type":"read","msg_id":77}}
Node  received READ for key 0
[2026-02-25T16:54:39.721898Z INFO  maelstrom::runtime] Sent {"src":"n3","dest":"c10","body":{"in_reply_to":77,"type":"read_ok","value":0}}
[2026-02-25T16:54:39.766291Z INFO  maelstrom::runtime] Received {"id":2434,"src":"c14","dest":"n3","body":{"key":0,"from":3,"to":1,"type":"cas","msg_id":75}}
Node  received CAS (not implemented)
[2026-02-25T16:54:39.766365Z INFO  maelstrom::runtime] Sent {"src":"n3","dest":"c14","body":{"in_reply_to":75,"type":"cas_ok"}}
[2026-02-25T16:54:39.798785Z INFO  maelstrom::runtime] Received {"id":2444,"src":"c10","dest":"n3","body":{"key":0,"type":"read","msg_id":78}}
Node  received READ for key 0
[2026-02-25T16:54:39.798886Z INFO  maelstrom::runtime] Sent {"src":"n3","dest":"c10","body":{"in_reply_to":78,"type":"read_ok","value":0}}
[2026-02-25T16:54:39.845183Z INFO  maelstrom::runtime] Received {"id":2452,"src":"c14","dest":"n3","body":{"key":0,"from":0,"to":0,"type":"cas","msg_id":76}}
Node  received CAS (not implemented)
[2026-02-25T16:54:39.845431Z INFO  maelstrom::runtime] Sent {"src":"n3","dest":"c14","body":{"in_reply_to":76,"type":"cas_ok"}}
[2026-02-25T16:54:39.964656Z INFO  maelstrom::runtime] Received {"id":2470,"src":"c14","dest":"n3","body":{"key":0,"value":1,"type":"write","msg_id":77}}
Node  received WRITE: 0=1
[2026-02-25T16:54:39.964983Z INFO  maelstrom::runtime] Sent {"src":"n3","dest":"c14","body":{"in_reply_to":77,"type":"write_ok"}}
[2026-02-25T16:54:40.130813Z INFO  maelstrom::runtime] Received {"id":2498,"src":"c10","dest":"n3","body":{"key":0,"type":"read","msg_id":79}}
Node  received READ for key 0
[2026-02-25T16:54:40.131031Z INFO  maelstrom::runtime] Sent {"src":"n3","dest":"c10","body":{"in_reply_to":79,"type":"read_ok","value":0}}
[2026-02-25T16:54:40.156969Z INFO  maelstrom::runtime] Received {"id":2506,"src":"c14","dest":"n3","body":{"key":0,"from":4,"to":2,"type":"cas","msg_id":78}}
Node  received CAS (not implemented)
[2026-02-25T16:54:40.157217Z INFO  maelstrom::runtime] Sent {"src":"n3","dest":"c14","body":{"in_reply_to":78,"type":"cas_ok"}}
[2026-02-25T16:54:40.243014Z INFO  maelstrom::runtime] Received {"id":2524,"src":"c14","dest":"n3","body":{"key":0,"from":1,"to":0,"type":"cas","msg_id":79}}
Node  received CAS (not implemented)
[2026-02-25T16:54:40.243239Z INFO  maelstrom::runtime] Sent {"src":"n3","dest":"c14","body":{"in_reply_to":79,"type":"cas_ok"}}
[2026-02-25T16:54:40.451603Z INFO  maelstrom::runtime] Received {"id":2570,"src":"c10","dest":"n3","body":{"key":0,"type":"read","msg_id":80}}
Node  received READ for key 0
[2026-02-25T16:54:40.451730Z INFO  maelstrom::runtime] Sent {"src":"n3","dest":"c10","body":{"in_reply_to":80,"type":"read_ok","value":0}}
[2026-02-25T16:54:40.480817Z INFO  maelstrom::runtime] Received {"id":2578,"src":"c14","dest":"n3","body":{"key":0,"from":2,"to":4,"type":"cas","msg_id":80}}
Node  received CAS (not implemented)
[2026-02-25T16:54:40.480941Z INFO  maelstrom::runtime] Sent {"src":"n3","dest":"c14","body":{"in_reply_to":80,"type":"cas_ok"}}
[2026-02-25T16:54:40.519859Z INFO  maelstrom::runtime] Received {"id":2588,"src":"c10","dest":"n3","body":{"key":0,"type":"read","msg_id":81}}
Node  received READ for key 0
[2026-02-25T16:54:40.520050Z INFO  maelstrom::runtime] Sent {"src":"n3","dest":"c10","body":{"in_reply_to":81,"type":"read_ok","value":0}}
[2026-02-25T16:54:40.633243Z INFO  maelstrom::runtime] Received {"id":2614,"src":"c14","dest":"n3","body":{"key":0,"from":0,"to":4,"type":"cas","msg_id":81}}
Node  received CAS (not implemented)
[2026-02-25T16:54:40.633341Z INFO  maelstrom::runtime] Sent {"src":"n3","dest":"c14","body":{"in_reply_to":81,"type":"cas_ok"}}
[2026-02-25T16:54:40.659678Z INFO  maelstrom::runtime] Received {"id":2624,"src":"c10","dest":"n3","body":{"key":0,"type":"read","msg_id":82}}
Node  received READ for key 0
[2026-02-25T16:54:40.659848Z INFO  maelstrom::runtime] Sent {"src":"n3","dest":"c10","body":{"in_reply_to":82,"type":"read_ok","value":0}}
[2026-02-25T16:54:40.708361Z INFO  maelstrom::runtime] Received {"id":2632,"src":"c14","dest":"n3","body":{"key":0,"value":0,"type":"write","msg_id":82}}
Node  received WRITE: 0=0
[2026-02-25T16:54:40.708432Z INFO  maelstrom::runtime] Sent {"src":"n3","dest":"c14","body":{"in_reply_to":82,"type":"write_ok"}}
[2026-02-25T16:54:40.731864Z INFO  maelstrom::runtime] Received {"id":2641,"src":"c10","dest":"n3","body":{"key":0,"type":"read","msg_id":83}}
Node  received READ for key 0
[2026-02-25T16:54:40.731971Z INFO  maelstrom::runtime] Sent {"src":"n3","dest":"c10","body":{"in_reply_to":83,"type":"read_ok","value":0}}
[2026-02-25T16:54:40.844496Z INFO  maelstrom::runtime] Received {"id":2668,"src":"c14","dest":"n3","body":{"key":0,"value":2,"type":"write","msg_id":83}}
Node  received WRITE: 0=2
[2026-02-25T16:54:40.844589Z INFO  maelstrom::runtime] Sent {"src":"n3","dest":"c14","body":{"in_reply_to":83,"type":"write_ok"}}
[2026-02-25T16:54:40.889192Z INFO  maelstrom::runtime] Received {"id":2678,"src":"c10","dest":"n3","body":{"key":0,"type":"read","msg_id":84}}
Node  received READ for key 0
[2026-02-25T16:54:40.889294Z INFO  maelstrom::runtime] Sent {"src":"n3","dest":"c10","body":{"in_reply_to":84,"type":"read_ok","value":0}}
[2026-02-25T16:54:40.919380Z INFO  maelstrom::runtime] Received {"id":2686,"src":"c14","dest":"n3","body":{"key":0,"from":4,"to":4,"type":"cas","msg_id":84}}
Node  received CAS (not implemented)
[2026-02-25T16:54:40.919425Z INFO  maelstrom::runtime] Sent {"src":"n3","dest":"c14","body":{"in_reply_to":84,"type":"cas_ok"}}
[2026-02-25T16:54:40.959038Z INFO  maelstrom::runtime] Received {"id":2696,"src":"c10","dest":"n3","body":{"key":0,"type":"read","msg_id":85}}
Node  received READ for key 0
[2026-02-25T16:54:40.959117Z INFO  maelstrom::runtime] Sent {"src":"n3","dest":"c10","body":{"in_reply_to":85,"type":"read_ok","value":0}}
[2026-02-25T16:54:41.214756Z INFO  maelstrom::runtime] Received {"id":2740,"src":"c14","dest":"n3","body":{"key":0,"from":0,"to":4,"type":"cas","msg_id":85}}
Node  received CAS (not implemented)
[2026-02-25T16:54:41.214957Z INFO  maelstrom::runtime] Sent {"src":"n3","dest":"c14","body":{"in_reply_to":85,"type":"cas_ok"}}
[2026-02-25T16:54:41.254802Z INFO  maelstrom::runtime] Received {"id":2750,"src":"c10","dest":"n3","body":{"key":0,"type":"read","msg_id":86}}
Node  received READ for key 0
[2026-02-25T16:54:41.254920Z INFO  maelstrom::runtime] Sent {"src":"n3","dest":"c10","body":{"in_reply_to":86,"type":"read_ok","value":0}}
[2026-02-25T16:54:41.297936Z INFO  maelstrom::runtime] Received {"id":2758,"src":"c14","dest":"n3","body":{"key":0,"from":4,"to":0,"type":"cas","msg_id":86}}
Node  received CAS (not implemented)
[2026-02-25T16:54:41.298583Z INFO  maelstrom::runtime] Sent {"src":"n3","dest":"c14","body":{"in_reply_to":86,"type":"cas_ok"}}
