2026-02-26 12:45:12,242{GMT}	INFO	[jepsen test runner] jepsen.core: Test version cae4e7ea62e897578bc7cb05acf3c5d06f2c031e (plus uncommitted changes)
2026-02-26 12:45:12,243{GMT}	INFO	[jepsen test runner] jepsen.core: Command line:
lein run test -w lin-kv --bin target/release/shim --node-count 1 --concurrency 2n --time-limit 1 --rate 100 --log-stderr
2026-02-26 12:45:12,292{GMT}	INFO	[jepsen test runner] jepsen.core: Running test:
{:args []
 :remote
 #jepsen.control.retry.Remote{:remote #jepsen.control.scp.Remote{:cmd-remote #jepsen.control.sshj.SSHJRemote{:concurrency-limit 6,
                                                                                                             :conn-spec nil,
                                                                                                             :client nil,
                                                                                                             :semaphore nil},
                                                                 :conn-spec nil},
                              :conn nil}
 :log-net-send false
 :node-count 1
 :availability nil
 :max-txn-length 4
 :concurrency 2
 :db
 #object[maelstrom.db$db$reify__16612
         "0x2102eb7a"
         "maelstrom.db$db$reify__16612@2102eb7a"]
 :max-writes-per-key 16
 :leave-db-running? false
 :name "lin-kv"
 :logging-json? false
 :start-time
 #object[org.joda.time.DateTime "0x4f3d49e4" "2026-02-26T12:45:12.219+01:00"]
 :nemesis-interval 10
 :net
 #object[maelstrom.net$jepsen_net$reify__15721
         "0x7d26b390"
         "maelstrom.net$jepsen_net$reify__15721@7d26b390"]
 :client
 #object[maelstrom.workload.lin_kv$client$reify__20973
         "0x6ff5eeed"
         "maelstrom.workload.lin_kv$client$reify__20973@6ff5eeed"]
 :barrier
 #object[java.util.concurrent.CyclicBarrier
         "0x76b49d0"
         "java.util.concurrent.CyclicBarrier@76b49d0"]
 :log-stderr true
 :pure-generators true
 :ssh {:dummy? true}
 :rate 100.0
 :checker
 #object[jepsen.checker$compose$reify__11089
         "0x223c42b0"
         "jepsen.checker$compose$reify__11089@223c42b0"]
 :argv
 ("test"
  "-w"
  "lin-kv"
  "--bin"
  "target/release/shim"
  "--node-count"
  "1"
  "--concurrency"
  "2n"
  "--time-limit"
  "1"
  "--rate"
  "100"
  "--log-stderr")
 :nemesis
 (jepsen.nemesis.ReflCompose
  {:fm {:start-partition 0,
        :stop-partition 0,
        :kill 1,
        :start 1,
        :pause 1,
        :resume 1},
   :nemeses [#unprintable "jepsen.nemesis.combined$partition_nemesis$reify__16905@6acedf54"
             #unprintable "jepsen.nemesis.combined$db_nemesis$reify__16886@2a0cc666"]})
 :nodes ["n0"]
 :test-count 1
 :latency {:mean 0, :dist :constant}
 :bin "target/release/shim"
 :generator
 #object[jepsen.util.Forgettable
         "0x3acae925"
         (jepsen.generator.TimeLimit
          {:limit 1000000000,
           :cutoff nil,
           :gen (jepsen.generator.Any
                 {:gens [(jepsen.generator.OnThreads
                          {:f #{:nemesis},
                           :context-filter #object[jepsen.generator.context$make_thread_filter$lazy_filter__12077
                                                   "0x92a584f"
                                                   "jepsen.generator.context$make_thread_filter$lazy_filter__12077@92a584f"],
                           :gen nil})
                         (jepsen.generator.OnThreads
                          {:f #jepsen.generator.context.AllBut{:element :nemesis},
                           :context-filter #object[jepsen.generator.context$make_thread_filter$lazy_filter__12077
                                                   "0x36e23af"
                                                   "jepsen.generator.context$make_thread_filter$lazy_filter__12077@36e23af"],
                           :gen (jepsen.generator.Stagger
                                 {:dt 20000000,
                                  :next-time nil,
                                  :gen (jepsen.generator.OnThreads
                                        {:f #jepsen.generator.context.AllBut{:element :nemesis},
                                         :context-filter #object[jepsen.generator.context$make_thread_filter$lazy_filter__12077
                                                                 "0x5e4a9c16"
                                                                 "jepsen.generator.context$make_thread_filter$lazy_filter__12077@5e4a9c16"],
                                         :gen (jepsen.independent.ConcurrentGenerator
                                               {:n 2,
                                                :fgen #object[jepsen.tests.linearizable_register$test$fn__17385
                                                              "0x544ee437"
                                                              "jepsen.tests.linearizable_register$test$fn__17385@544ee437"],
                                                :group->threads nil,
                                                :thread->group nil,
                                                :group->context-filter nil,
                                                :keys (0 1 2 3 4 5 6 7 ...),
                                                :gens nil})})})})]})})]
 :log-net-recv false
 :os
 #object[maelstrom.net$jepsen_os$reify__15724
         "0x7dfc0fda"
         "maelstrom.net$jepsen_os$reify__15724@7dfc0fda"]
 :time-limit 1
 :workload :lin-kv
 :consistency-models [:strict-serializable]
 :topology :grid}

2026-02-26 12:45:13,345{GMT}	INFO	[jepsen node n0] maelstrom.net: Starting Maelstrom network
2026-02-26 12:45:13,346{GMT}	INFO	[jepsen test runner] jepsen.db: Tearing down DB
2026-02-26 12:45:13,347{GMT}	INFO	[jepsen test runner] jepsen.db: Setting up DB
2026-02-26 12:45:13,348{GMT}	INFO	[jepsen node n0] maelstrom.service: Starting services: (lin-kv lin-tso lww-kv seq-kv)
2026-02-26 12:45:13,349{GMT}	INFO	[jepsen node n0] maelstrom.db: Setting up n0
2026-02-26 12:45:13,350{GMT}	INFO	[jepsen node n0] maelstrom.process: launching target/release/shim []
2026-02-26 12:45:13,364{GMT}	INFO	[n0 stderr] maelstrom.process: [2026-02-26T11:45:13.363938Z INFO  maelstrom::runtime] Received {"id":0,"src":"c0","dest":"n0","body":{"type":"init","node_id":"n0","node_ids":["n0"],"msg_id":1}}
2026-02-26 12:45:13,365{GMT}	INFO	[n0 stderr] maelstrom.process: [2026-02-26T11:45:13.364368Z INFO  maelstrom::runtime] Sent {"src":"n0","dest":"c0","body":{"in_reply_to":1,"type":"init_ok"}}
2026-02-26 12:45:13,373{GMT}	INFO	[jepsen test runner] jepsen.core: Relative time begins now
2026-02-26 12:45:13,395{GMT}	INFO	[jepsen worker 0] jepsen.util: 0	:invoke	:read	[0 nil]
2026-02-26 12:45:13,395{GMT}	INFO	[jepsen worker 1] jepsen.util: 1	:invoke	:cas	[0 [3 1]]
2026-02-26 12:45:13,399{GMT}	INFO	[n0 stderr] maelstrom.process: [2026-02-26T11:45:13.398512Z INFO  maelstrom::runtime] Received {"id":3,"src":"c3","dest":"n0","body":{"key":0,"from":3,"to":1,"type":"cas","msg_id":1}}
2026-02-26 12:45:13,400{GMT}	INFO	[n0 stderr] maelstrom.process: Node  received CAS (not implemented)
2026-02-26 12:45:13,400{GMT}	INFO	[n0 stderr] maelstrom.process: [2026-02-26T11:45:13.398757Z INFO  maelstrom::runtime] Sent {"src":"n0","dest":"c3","body":{"in_reply_to":1,"type":"cas_ok"}}
2026-02-26 12:45:13,400{GMT}	INFO	[n0 stderr] maelstrom.process: [2026-02-26T11:45:13.399286Z INFO  maelstrom::runtime] Received {"id":2,"src":"c2","dest":"n0","body":{"key":0,"type":"read","msg_id":1}}
2026-02-26 12:45:13,400{GMT}	INFO	[jepsen worker 1] jepsen.util: 1	:ok	:cas	[0 [3 1]]
2026-02-26 12:45:13,400{GMT}	INFO	[n0 stderr] maelstrom.process: Node  received READ for key 0
2026-02-26 12:45:13,400{GMT}	INFO	[n0 stderr] maelstrom.process: [2026-02-26T11:45:13.399406Z INFO  maelstrom::runtime] Sent {"src":"n0","dest":"c2","body":{"in_reply_to":1,"type":"read_ok","value":0}}
2026-02-26 12:45:13,401{GMT}	INFO	[jepsen worker 0] jepsen.util: 0	:ok	:read	[0 0]
2026-02-26 12:45:13,402{GMT}	INFO	[jepsen worker 1] jepsen.util: 1	:invoke	:cas	[0 [3 3]]
2026-02-26 12:45:13,403{GMT}	INFO	[n0 stderr] maelstrom.process: [2026-02-26T11:45:13.403306Z INFO  maelstrom::runtime] Received {"id":6,"src":"c3","dest":"n0","body":{"key":0,"from":3,"to":3,"type":"cas","msg_id":2}}
2026-02-26 12:45:13,403{GMT}	INFO	[n0 stderr] maelstrom.process: Node  received CAS (not implemented)
2026-02-26 12:45:13,404{GMT}	INFO	[n0 stderr] maelstrom.process: [2026-02-26T11:45:13.403437Z INFO  maelstrom::runtime] Sent {"src":"n0","dest":"c3","body":{"in_reply_to":2,"type":"cas_ok"}}
2026-02-26 12:45:13,404{GMT}	INFO	[jepsen worker 1] jepsen.util: 1	:ok	:cas	[0 [3 3]]
2026-02-26 12:45:13,423{GMT}	INFO	[jepsen worker 0] jepsen.util: 0	:invoke	:read	[0 nil]
2026-02-26 12:45:13,423{GMT}	INFO	[jepsen worker 1] jepsen.util: 1	:invoke	:cas	[0 [0 3]]
2026-02-26 12:45:13,424{GMT}	INFO	[n0 stderr] maelstrom.process: [2026-02-26T11:45:13.424111Z INFO  maelstrom::runtime] Received {"id":8,"src":"c2","dest":"n0","body":{"key":0,"type":"read","msg_id":2}}
2026-02-26 12:45:13,424{GMT}	INFO	[n0 stderr] maelstrom.process: Node  received READ for key 0
2026-02-26 12:45:13,424{GMT}	INFO	[n0 stderr] maelstrom.process: [2026-02-26T11:45:13.424225Z INFO  maelstrom::runtime] Sent {"src":"n0","dest":"c2","body":{"in_reply_to":2,"type":"read_ok","value":0}}
2026-02-26 12:45:13,424{GMT}	INFO	[n0 stderr] maelstrom.process: [2026-02-26T11:45:13.424258Z INFO  maelstrom::runtime] Received {"id":9,"src":"c3","dest":"n0","body":{"key":0,"from":0,"to":3,"type":"cas","msg_id":3}}
2026-02-26 12:45:13,425{GMT}	INFO	[jepsen worker 0] jepsen.util: 0	:ok	:read	[0 0]
2026-02-26 12:45:13,425{GMT}	INFO	[n0 stderr] maelstrom.process: Node  received CAS (not implemented)
2026-02-26 12:45:13,425{GMT}	INFO	[jepsen worker 1] jepsen.util: 1	:ok	:cas	[0 [0 3]]
2026-02-26 12:45:13,425{GMT}	INFO	[n0 stderr] maelstrom.process: [2026-02-26T11:45:13.424306Z INFO  maelstrom::runtime] Sent {"src":"n0","dest":"c3","body":{"in_reply_to":3,"type":"cas_ok"}}
2026-02-26 12:45:13,435{GMT}	INFO	[jepsen worker 1] jepsen.util: 1	:invoke	:cas	[0 [4 3]]
2026-02-26 12:45:13,437{GMT}	INFO	[n0 stderr] maelstrom.process: [2026-02-26T11:45:13.437761Z INFO  maelstrom::runtime] Received {"id":12,"src":"c3","dest":"n0","body":{"key":0,"from":4,"to":3,"type":"cas","msg_id":4}}
2026-02-26 12:45:13,438{GMT}	INFO	[n0 stderr] maelstrom.process: Node  received CAS (not implemented)
2026-02-26 12:45:13,438{GMT}	INFO	[n0 stderr] maelstrom.process: [2026-02-26T11:45:13.437857Z INFO  maelstrom::runtime] Sent {"src":"n0","dest":"c3","body":{"in_reply_to":4,"type":"cas_ok"}}
2026-02-26 12:45:13,438{GMT}	INFO	[jepsen worker 1] jepsen.util: 1	:ok	:cas	[0 [4 3]]
2026-02-26 12:45:13,446{GMT}	INFO	[jepsen worker 1] jepsen.util: 1	:invoke	:cas	[0 [3 2]]
2026-02-26 12:45:13,448{GMT}	INFO	[n0 stderr] maelstrom.process: [2026-02-26T11:45:13.448140Z INFO  maelstrom::runtime] Received {"id":14,"src":"c3","dest":"n0","body":{"key":0,"from":3,"to":2,"type":"cas","msg_id":5}}
2026-02-26 12:45:13,448{GMT}	INFO	[n0 stderr] maelstrom.process: Node  received CAS (not implemented)
2026-02-26 12:45:13,448{GMT}	INFO	[n0 stderr] maelstrom.process: [2026-02-26T11:45:13.448287Z INFO  maelstrom::runtime] Sent {"src":"n0","dest":"c3","body":{"in_reply_to":5,"type":"cas_ok"}}
2026-02-26 12:45:13,449{GMT}	INFO	[jepsen worker 1] jepsen.util: 1	:ok	:cas	[0 [3 2]]
2026-02-26 12:45:13,456{GMT}	INFO	[jepsen worker 0] jepsen.util: 0	:invoke	:read	[0 nil]
2026-02-26 12:45:13,458{GMT}	INFO	[n0 stderr] maelstrom.process: [2026-02-26T11:45:13.458371Z INFO  maelstrom::runtime] Received {"id":16,"src":"c2","dest":"n0","body":{"key":0,"type":"read","msg_id":3}}
2026-02-26 12:45:13,458{GMT}	INFO	[n0 stderr] maelstrom.process: Node  received READ for key 0
2026-02-26 12:45:13,459{GMT}	INFO	[n0 stderr] maelstrom.process: [2026-02-26T11:45:13.458470Z INFO  maelstrom::runtime] Sent {"src":"n0","dest":"c2","body":{"in_reply_to":3,"type":"read_ok","value":0}}
2026-02-26 12:45:13,459{GMT}	INFO	[jepsen worker 0] jepsen.util: 0	:ok	:read	[0 0]
2026-02-26 12:45:13,467{GMT}	INFO	[jepsen worker 0] jepsen.util: 0	:invoke	:read	[0 nil]
2026-02-26 12:45:13,469{GMT}	INFO	[n0 stderr] maelstrom.process: [2026-02-26T11:45:13.468969Z INFO  maelstrom::runtime] Received {"id":18,"src":"c2","dest":"n0","body":{"key":0,"type":"read","msg_id":4}}
2026-02-26 12:45:13,469{GMT}	INFO	[n0 stderr] maelstrom.process: Node  received READ for key 0
2026-02-26 12:45:13,469{GMT}	INFO	[n0 stderr] maelstrom.process: [2026-02-26T11:45:13.469074Z INFO  maelstrom::runtime] Sent {"src":"n0","dest":"c2","body":{"in_reply_to":4,"type":"read_ok","value":0}}
2026-02-26 12:45:13,470{GMT}	INFO	[jepsen worker 0] jepsen.util: 0	:ok	:read	[0 0]
2026-02-26 12:45:13,472{GMT}	INFO	[jepsen worker 0] jepsen.util: 0	:invoke	:read	[0 nil]
2026-02-26 12:45:13,473{GMT}	INFO	[jepsen worker 1] jepsen.util: 1	:invoke	:cas	[0 [0 1]]
2026-02-26 12:45:13,473{GMT}	INFO	[n0 stderr] maelstrom.process: [2026-02-26T11:45:13.473599Z INFO  maelstrom::runtime] Received {"id":20,"src":"c2","dest":"n0","body":{"key":0,"type":"read","msg_id":5}}
2026-02-26 12:45:13,474{GMT}	INFO	[n0 stderr] maelstrom.process: [2026-02-26T11:45:13.473701Z INFO  maelstrom::runtime] Received {"id":21,"src":"c3","dest":"n0","body":{"key":0,"from":0,"to":1,"type":"cas","msg_id":6}}
2026-02-26 12:45:13,474{GMT}	INFO	[n0 stderr] maelstrom.process: Node  received READ for key 0
2026-02-26 12:45:13,474{GMT}	INFO	[n0 stderr] maelstrom.process: Node  received CAS (not implemented)
2026-02-26 12:45:13,474{GMT}	INFO	[n0 stderr] maelstrom.process: [2026-02-26T11:45:13.473746Z INFO  maelstrom::runtime] Sent {"src":"n0","dest":"c2","body":{"in_reply_to":5,"type":"read_ok","value":0}}
2026-02-26 12:45:13,475{GMT}	INFO	[n0 stderr] maelstrom.process: [2026-02-26T11:45:13.473793Z INFO  maelstrom::runtime] Sent {"src":"n0","dest":"c3","body":{"in_reply_to":6,"type":"cas_ok"}}
2026-02-26 12:45:13,475{GMT}	INFO	[jepsen worker 0] jepsen.util: 0	:ok	:read	[0 0]
2026-02-26 12:45:13,475{GMT}	INFO	[jepsen worker 1] jepsen.util: 1	:ok	:cas	[0 [0 1]]
2026-02-26 12:45:13,493{GMT}	INFO	[jepsen worker 1] jepsen.util: 1	:invoke	:cas	[0 [0 2]]
2026-02-26 12:45:13,494{GMT}	INFO	[n0 stderr] maelstrom.process: [2026-02-26T11:45:13.494585Z INFO  maelstrom::runtime] Received {"id":24,"src":"c3","dest":"n0","body":{"key":0,"from":0,"to":2,"type":"cas","msg_id":7}}
2026-02-26 12:45:13,495{GMT}	INFO	[n0 stderr] maelstrom.process: Node  received CAS (not implemented)
2026-02-26 12:45:13,495{GMT}	INFO	[n0 stderr] maelstrom.process: [2026-02-26T11:45:13.494749Z INFO  maelstrom::runtime] Sent {"src":"n0","dest":"c3","body":{"in_reply_to":7,"type":"cas_ok"}}
2026-02-26 12:45:13,495{GMT}	INFO	[jepsen worker 1] jepsen.util: 1	:ok	:cas	[0 [0 2]]
2026-02-26 12:45:13,500{GMT}	INFO	[jepsen worker 0] jepsen.util: 0	:invoke	:read	[0 nil]
2026-02-26 12:45:13,502{GMT}	INFO	[n0 stderr] maelstrom.process: [2026-02-26T11:45:13.502153Z INFO  maelstrom::runtime] Received {"id":26,"src":"c2","dest":"n0","body":{"key":0,"type":"read","msg_id":6}}
2026-02-26 12:45:13,503{GMT}	INFO	[n0 stderr] maelstrom.process: Node  received READ for key 0
2026-02-26 12:45:13,503{GMT}	INFO	[n0 stderr] maelstrom.process: [2026-02-26T11:45:13.502289Z INFO  maelstrom::runtime] Sent {"src":"n0","dest":"c2","body":{"in_reply_to":6,"type":"read_ok","value":0}}
2026-02-26 12:45:13,503{GMT}	INFO	[jepsen worker 0] jepsen.util: 0	:ok	:read	[0 0]
2026-02-26 12:45:13,513{GMT}	INFO	[jepsen worker 1] jepsen.util: 1	:invoke	:write	[0 2]
2026-02-26 12:45:13,514{GMT}	INFO	[n0 stderr] maelstrom.process: [2026-02-26T11:45:13.514486Z INFO  maelstrom::runtime] Received {"id":28,"src":"c3","dest":"n0","body":{"key":0,"value":2,"type":"write","msg_id":8}}
2026-02-26 12:45:13,515{GMT}	INFO	[n0 stderr] maelstrom.process: Node  received WRITE: 0=2
2026-02-26 12:45:13,515{GMT}	INFO	[n0 stderr] maelstrom.process: [2026-02-26T11:45:13.514625Z INFO  maelstrom::runtime] Sent {"src":"n0","dest":"c3","body":{"in_reply_to":8,"type":"write_ok"}}
2026-02-26 12:45:13,516{GMT}	INFO	[jepsen worker 1] jepsen.util: 1	:ok	:write	[0 2]
2026-02-26 12:45:13,521{GMT}	INFO	[jepsen worker 1] jepsen.util: 1	:invoke	:write	[0 3]
2026-02-26 12:45:13,523{GMT}	INFO	[n0 stderr] maelstrom.process: [2026-02-26T11:45:13.523166Z INFO  maelstrom::runtime] Received {"id":30,"src":"c3","dest":"n0","body":{"key":0,"value":3,"type":"write","msg_id":9}}
2026-02-26 12:45:13,524{GMT}	INFO	[n0 stderr] maelstrom.process: Node  received WRITE: 0=3
2026-02-26 12:45:13,524{GMT}	INFO	[n0 stderr] maelstrom.process: [2026-02-26T11:45:13.523330Z INFO  maelstrom::runtime] Sent {"src":"n0","dest":"c3","body":{"in_reply_to":9,"type":"write_ok"}}
2026-02-26 12:45:13,524{GMT}	INFO	[jepsen worker 1] jepsen.util: 1	:ok	:write	[0 3]
2026-02-26 12:45:13,535{GMT}	INFO	[jepsen worker 1] jepsen.util: 1	:invoke	:cas	[0 [0 1]]
2026-02-26 12:45:13,537{GMT}	INFO	[n0 stderr] maelstrom.process: [2026-02-26T11:45:13.537090Z INFO  maelstrom::runtime] Received {"id":32,"src":"c3","dest":"n0","body":{"key":0,"from":0,"to":1,"type":"cas","msg_id":10}}
2026-02-26 12:45:13,538{GMT}	INFO	[n0 stderr] maelstrom.process: Node  received CAS (not implemented)
2026-02-26 12:45:13,539{GMT}	INFO	[n0 stderr] maelstrom.process: [2026-02-26T11:45:13.537330Z INFO  maelstrom::runtime] Sent {"src":"n0","dest":"c3","body":{"in_reply_to":10,"type":"cas_ok"}}
2026-02-26 12:45:13,539{GMT}	INFO	[jepsen worker 1] jepsen.util: 1	:ok	:cas	[0 [0 1]]
2026-02-26 12:45:13,544{GMT}	INFO	[jepsen worker 1] jepsen.util: 1	:invoke	:cas	[0 [3 3]]
2026-02-26 12:45:13,546{GMT}	INFO	[n0 stderr] maelstrom.process: [2026-02-26T11:45:13.546281Z INFO  maelstrom::runtime] Received {"id":34,"src":"c3","dest":"n0","body":{"key":0,"from":3,"to":3,"type":"cas","msg_id":11}}
2026-02-26 12:45:13,547{GMT}	INFO	[jepsen worker 0] jepsen.util: 0	:invoke	:read	[0 nil]
2026-02-26 12:45:13,547{GMT}	INFO	[n0 stderr] maelstrom.process: Node  received CAS (not implemented)
2026-02-26 12:45:13,548{GMT}	INFO	[jepsen worker 1] jepsen.util: 1	:ok	:cas	[0 [3 3]]
2026-02-26 12:45:13,548{GMT}	INFO	[n0 stderr] maelstrom.process: [2026-02-26T11:45:13.546520Z INFO  maelstrom::runtime] Sent {"src":"n0","dest":"c3","body":{"in_reply_to":11,"type":"cas_ok"}}
2026-02-26 12:45:13,548{GMT}	INFO	[n0 stderr] maelstrom.process: [2026-02-26T11:45:13.548586Z INFO  maelstrom::runtime] Received {"id":36,"src":"c2","dest":"n0","body":{"key":0,"type":"read","msg_id":7}}
2026-02-26 12:45:13,549{GMT}	INFO	[n0 stderr] maelstrom.process: Node  received READ for key 0
2026-02-26 12:45:13,549{GMT}	INFO	[n0 stderr] maelstrom.process: [2026-02-26T11:45:13.548676Z INFO  maelstrom::runtime] Sent {"src":"n0","dest":"c2","body":{"in_reply_to":7,"type":"read_ok","value":0}}
2026-02-26 12:45:13,549{GMT}	INFO	[jepsen worker 0] jepsen.util: 0	:ok	:read	[0 0]
2026-02-26 12:45:13,553{GMT}	INFO	[jepsen worker 1] jepsen.util: 1	:invoke	:write	[0 1]
2026-02-26 12:45:13,555{GMT}	INFO	[n0 stderr] maelstrom.process: [2026-02-26T11:45:13.554877Z INFO  maelstrom::runtime] Received {"id":38,"src":"c3","dest":"n0","body":{"key":0,"value":1,"type":"write","msg_id":12}}
2026-02-26 12:45:13,556{GMT}	INFO	[n0 stderr] maelstrom.process: Node  received WRITE: 0=1
2026-02-26 12:45:13,557{GMT}	INFO	[jepsen worker 1] jepsen.util: 1	:ok	:write	[0 1]
2026-02-26 12:45:13,556{GMT}	INFO	[jepsen worker 0] jepsen.util: 0	:invoke	:read	[0 nil]
2026-02-26 12:45:13,557{GMT}	INFO	[n0 stderr] maelstrom.process: [2026-02-26T11:45:13.555146Z INFO  maelstrom::runtime] Sent {"src":"n0","dest":"c3","body":{"in_reply_to":12,"type":"write_ok"}}
2026-02-26 12:45:13,558{GMT}	INFO	[jepsen worker 1] jepsen.util: 1	:invoke	:write	[0 1]
2026-02-26 12:45:13,558{GMT}	INFO	[n0 stderr] maelstrom.process: [2026-02-26T11:45:13.558467Z INFO  maelstrom::runtime] Received {"id":40,"src":"c2","dest":"n0","body":{"key":0,"type":"read","msg_id":8}}
2026-02-26 12:45:13,558{GMT}	INFO	[n0 stderr] maelstrom.process: Node  received READ for key 0
2026-02-26 12:45:13,559{GMT}	INFO	[n0 stderr] maelstrom.process: [2026-02-26T11:45:13.558720Z INFO  maelstrom::runtime] Sent {"src":"n0","dest":"c2","body":{"in_reply_to":8,"type":"read_ok","value":0}}
2026-02-26 12:45:13,559{GMT}	INFO	[n0 stderr] maelstrom.process: [2026-02-26T11:45:13.559093Z INFO  maelstrom::runtime] Received {"id":41,"src":"c3","dest":"n0","body":{"key":0,"value":1,"type":"write","msg_id":13}}
2026-02-26 12:45:13,559{GMT}	INFO	[jepsen worker 0] jepsen.util: 0	:ok	:read	[0 0]
2026-02-26 12:45:13,560{GMT}	INFO	[n0 stderr] maelstrom.process: Node  received WRITE: 0=1
2026-02-26 12:45:13,560{GMT}	INFO	[n0 stderr] maelstrom.process: [2026-02-26T11:45:13.559385Z INFO  maelstrom::runtime] Sent {"src":"n0","dest":"c3","body":{"in_reply_to":13,"type":"write_ok"}}
2026-02-26 12:45:13,560{GMT}	INFO	[jepsen worker 1] jepsen.util: 1	:ok	:write	[0 1]
2026-02-26 12:45:13,569{GMT}	INFO	[jepsen worker 1] jepsen.util: 1	:invoke	:write	[0 1]
2026-02-26 12:45:13,572{GMT}	INFO	[n0 stderr] maelstrom.process: [2026-02-26T11:45:13.572327Z INFO  maelstrom::runtime] Received {"id":44,"src":"c3","dest":"n0","body":{"key":0,"value":1,"type":"write","msg_id":14}}
2026-02-26 12:45:13,573{GMT}	INFO	[n0 stderr] maelstrom.process: Node  received WRITE: 0=1
2026-02-26 12:45:13,574{GMT}	INFO	[n0 stderr] maelstrom.process: [2026-02-26T11:45:13.572513Z INFO  maelstrom::runtime] Sent {"src":"n0","dest":"c3","body":{"in_reply_to":14,"type":"write_ok"}}
2026-02-26 12:45:13,574{GMT}	INFO	[jepsen worker 1] jepsen.util: 1	:ok	:write	[0 1]
2026-02-26 12:45:13,587{GMT}	INFO	[jepsen worker 0] jepsen.util: 0	:invoke	:read	[0 nil]
2026-02-26 12:45:13,589{GMT}	INFO	[n0 stderr] maelstrom.process: [2026-02-26T11:45:13.589308Z INFO  maelstrom::runtime] Received {"id":46,"src":"c2","dest":"n0","body":{"key":0,"type":"read","msg_id":9}}
2026-02-26 12:45:13,590{GMT}	INFO	[n0 stderr] maelstrom.process: Node  received READ for key 0
2026-02-26 12:45:13,590{GMT}	INFO	[n0 stderr] maelstrom.process: [2026-02-26T11:45:13.589549Z INFO  maelstrom::runtime] Sent {"src":"n0","dest":"c2","body":{"in_reply_to":9,"type":"read_ok","value":0}}
2026-02-26 12:45:13,591{GMT}	INFO	[jepsen worker 0] jepsen.util: 0	:ok	:read	[0 0]
2026-02-26 12:45:13,592{GMT}	INFO	[jepsen worker 1] jepsen.util: 1	:invoke	:cas	[0 [0 4]]
2026-02-26 12:45:13,594{GMT}	INFO	[n0 stderr] maelstrom.process: [2026-02-26T11:45:13.594607Z INFO  maelstrom::runtime] Received {"id":48,"src":"c3","dest":"n0","body":{"key":0,"from":0,"to":4,"type":"cas","msg_id":15}}
2026-02-26 12:45:13,595{GMT}	INFO	[n0 stderr] maelstrom.process: Node  received CAS (not implemented)
2026-02-26 12:45:13,595{GMT}	INFO	[n0 stderr] maelstrom.process: [2026-02-26T11:45:13.594731Z INFO  maelstrom::runtime] Sent {"src":"n0","dest":"c3","body":{"in_reply_to":15,"type":"cas_ok"}}
2026-02-26 12:45:13,595{GMT}	INFO	[jepsen worker 1] jepsen.util: 1	:ok	:cas	[0 [0 4]]
2026-02-26 12:45:13,609{GMT}	INFO	[jepsen worker 1] jepsen.util: 1	:invoke	:cas	[0 [2 2]]
2026-02-26 12:45:13,611{GMT}	INFO	[n0 stderr] maelstrom.process: [2026-02-26T11:45:13.610885Z INFO  maelstrom::runtime] Received {"id":50,"src":"c3","dest":"n0","body":{"key":0,"from":2,"to":2,"type":"cas","msg_id":16}}
2026-02-26 12:45:13,611{GMT}	INFO	[n0 stderr] maelstrom.process: Node  received CAS (not implemented)
2026-02-26 12:45:13,611{GMT}	INFO	[n0 stderr] maelstrom.process: [2026-02-26T11:45:13.611058Z INFO  maelstrom::runtime] Sent {"src":"n0","dest":"c3","body":{"in_reply_to":16,"type":"cas_ok"}}
2026-02-26 12:45:13,611{GMT}	INFO	[jepsen worker 1] jepsen.util: 1	:ok	:cas	[0 [2 2]]
2026-02-26 12:45:13,616{GMT}	INFO	[jepsen worker 0] jepsen.util: 0	:invoke	:read	[0 nil]
2026-02-26 12:45:13,618{GMT}	INFO	[n0 stderr] maelstrom.process: [2026-02-26T11:45:13.618402Z INFO  maelstrom::runtime] Received {"id":52,"src":"c2","dest":"n0","body":{"key":0,"type":"read","msg_id":10}}
2026-02-26 12:45:13,619{GMT}	INFO	[n0 stderr] maelstrom.process: Node  received READ for key 0
2026-02-26 12:45:13,620{GMT}	INFO	[n0 stderr] maelstrom.process: [2026-02-26T11:45:13.618673Z INFO  maelstrom::runtime] Sent {"src":"n0","dest":"c2","body":{"in_reply_to":10,"type":"read_ok","value":0}}
2026-02-26 12:45:13,620{GMT}	INFO	[jepsen worker 0] jepsen.util: 0	:ok	:read	[0 0]
2026-02-26 12:45:13,627{GMT}	INFO	[jepsen worker 1] jepsen.util: 1	:invoke	:write	[0 4]
2026-02-26 12:45:13,629{GMT}	INFO	[n0 stderr] maelstrom.process: [2026-02-26T11:45:13.629345Z INFO  maelstrom::runtime] Received {"id":54,"src":"c3","dest":"n0","body":{"key":0,"value":4,"type":"write","msg_id":17}}
2026-02-26 12:45:13,630{GMT}	INFO	[n0 stderr] maelstrom.process: Node  received WRITE: 0=4
2026-02-26 12:45:13,631{GMT}	INFO	[n0 stderr] maelstrom.process: [2026-02-26T11:45:13.629650Z INFO  maelstrom::runtime] Sent {"src":"n0","dest":"c3","body":{"in_reply_to":17,"type":"write_ok"}}
2026-02-26 12:45:13,631{GMT}	INFO	[jepsen worker 1] jepsen.util: 1	:ok	:write	[0 4]
2026-02-26 12:45:13,636{GMT}	INFO	[jepsen worker 1] jepsen.util: 1	:invoke	:write	[0 2]
2026-02-26 12:45:13,638{GMT}	INFO	[jepsen worker 0] jepsen.util: 0	:invoke	:read	[0 nil]
2026-02-26 12:45:13,638{GMT}	INFO	[n0 stderr] maelstrom.process: [2026-02-26T11:45:13.638289Z INFO  maelstrom::runtime] Received {"id":56,"src":"c3","dest":"n0","body":{"key":0,"value":2,"type":"write","msg_id":18}}
2026-02-26 12:45:13,639{GMT}	INFO	[n0 stderr] maelstrom.process: Node  received WRITE: 0=2
2026-02-26 12:45:13,640{GMT}	INFO	[n0 stderr] maelstrom.process: [2026-02-26T11:45:13.638577Z INFO  maelstrom::runtime] Sent {"src":"n0","dest":"c3","body":{"in_reply_to":18,"type":"write_ok"}}
2026-02-26 12:45:13,640{GMT}	INFO	[jepsen worker 1] jepsen.util: 1	:ok	:write	[0 2]
2026-02-26 12:45:13,640{GMT}	INFO	[n0 stderr] maelstrom.process: [2026-02-26T11:45:13.640550Z INFO  maelstrom::runtime] Received {"id":58,"src":"c2","dest":"n0","body":{"key":0,"type":"read","msg_id":11}}
2026-02-26 12:45:13,640{GMT}	INFO	[n0 stderr] maelstrom.process: Node  received READ for key 0
2026-02-26 12:45:13,641{GMT}	INFO	[n0 stderr] maelstrom.process: [2026-02-26T11:45:13.640739Z INFO  maelstrom::runtime] Sent {"src":"n0","dest":"c2","body":{"in_reply_to":11,"type":"read_ok","value":0}}
2026-02-26 12:45:13,641{GMT}	INFO	[jepsen worker 0] jepsen.util: 0	:ok	:read	[0 0]
2026-02-26 12:45:13,655{GMT}	INFO	[jepsen worker 0] jepsen.util: 0	:invoke	:read	[0 nil]
2026-02-26 12:45:13,656{GMT}	INFO	[n0 stderr] maelstrom.process: [2026-02-26T11:45:13.656099Z INFO  maelstrom::runtime] Received {"id":60,"src":"c2","dest":"n0","body":{"key":0,"type":"read","msg_id":12}}
2026-02-26 12:45:13,656{GMT}	INFO	[n0 stderr] maelstrom.process: Node  received READ for key 0
2026-02-26 12:45:13,656{GMT}	INFO	[n0 stderr] maelstrom.process: [2026-02-26T11:45:13.656192Z INFO  maelstrom::runtime] Sent {"src":"n0","dest":"c2","body":{"in_reply_to":12,"type":"read_ok","value":0}}
2026-02-26 12:45:13,657{GMT}	INFO	[jepsen worker 0] jepsen.util: 0	:ok	:read	[0 0]
2026-02-26 12:45:13,659{GMT}	INFO	[jepsen worker 0] jepsen.util: 0	:invoke	:read	[0 nil]
2026-02-26 12:45:13,661{GMT}	INFO	[n0 stderr] maelstrom.process: [2026-02-26T11:45:13.660844Z INFO  maelstrom::runtime] Received {"id":62,"src":"c2","dest":"n0","body":{"key":0,"type":"read","msg_id":13}}
2026-02-26 12:45:13,662{GMT}	INFO	[n0 stderr] maelstrom.process: Node  received READ for key 0
2026-02-26 12:45:13,662{GMT}	INFO	[n0 stderr] maelstrom.process: [2026-02-26T11:45:13.661210Z INFO  maelstrom::runtime] Sent {"src":"n0","dest":"c2","body":{"in_reply_to":13,"type":"read_ok","value":0}}
2026-02-26 12:45:13,663{GMT}	INFO	[jepsen worker 0] jepsen.util: 0	:ok	:read	[0 0]
2026-02-26 12:45:13,673{GMT}	INFO	[jepsen worker 1] jepsen.util: 1	:invoke	:write	[0 0]
2026-02-26 12:45:13,674{GMT}	INFO	[jepsen worker 0] jepsen.util: 0	:invoke	:read	[0 nil]
2026-02-26 12:45:13,676{GMT}	INFO	[n0 stderr] maelstrom.process: [2026-02-26T11:45:13.676264Z INFO  maelstrom::runtime] Received {"id":64,"src":"c3","dest":"n0","body":{"key":0,"value":0,"type":"write","msg_id":19}}
2026-02-26 12:45:13,677{GMT}	INFO	[n0 stderr] maelstrom.process: Node  received WRITE: 0=0
2026-02-26 12:45:13,677{GMT}	INFO	[n0 stderr] maelstrom.process: [2026-02-26T11:45:13.676596Z INFO  maelstrom::runtime] Received {"id":65,"src":"c2","dest":"n0","body":{"key":0,"type":"read","msg_id":14}}
2026-02-26 12:45:13,677{GMT}	INFO	[jepsen worker 1] jepsen.util: 1	:ok	:write	[0 0]
2026-02-26 12:45:13,677{GMT}	INFO	[n0 stderr] maelstrom.process: [2026-02-26T11:45:13.676596Z INFO  maelstrom::runtime] Sent {"src":"n0","dest":"c3","body":{"in_reply_to":19,"type":"write_ok"}}
2026-02-26 12:45:13,677{GMT}	INFO	[n0 stderr] maelstrom.process: Node  received READ for key 0
2026-02-26 12:45:13,677{GMT}	INFO	[jepsen worker 0] jepsen.util: 0	:ok	:read	[0 0]
2026-02-26 12:45:13,677{GMT}	INFO	[n0 stderr] maelstrom.process: [2026-02-26T11:45:13.676653Z INFO  maelstrom::runtime] Sent {"src":"n0","dest":"c2","body":{"in_reply_to":14,"type":"read_ok","value":0}}
2026-02-26 12:45:13,692{GMT}	INFO	[jepsen worker 0] jepsen.util: 0	:invoke	:read	[0 nil]
2026-02-26 12:45:13,693{GMT}	INFO	[n0 stderr] maelstrom.process: [2026-02-26T11:45:13.693433Z INFO  maelstrom::runtime] Received {"id":68,"src":"c2","dest":"n0","body":{"key":0,"type":"read","msg_id":15}}
2026-02-26 12:45:13,693{GMT}	INFO	[n0 stderr] maelstrom.process: Node  received READ for key 0
2026-02-26 12:45:13,694{GMT}	INFO	[n0 stderr] maelstrom.process: [2026-02-26T11:45:13.693617Z INFO  maelstrom::runtime] Sent {"src":"n0","dest":"c2","body":{"in_reply_to":15,"type":"read_ok","value":0}}
2026-02-26 12:45:13,694{GMT}	INFO	[jepsen worker 0] jepsen.util: 0	:ok	:read	[0 0]
2026-02-26 12:45:13,711{GMT}	INFO	[jepsen worker 0] jepsen.util: 0	:invoke	:read	[0 nil]
2026-02-26 12:45:13,711{GMT}	INFO	[jepsen worker 1] jepsen.util: 1	:invoke	:cas	[0 [1 3]]
2026-02-26 12:45:13,714{GMT}	INFO	[n0 stderr] maelstrom.process: [2026-02-26T11:45:13.713095Z INFO  maelstrom::runtime] Received {"id":71,"src":"c3","dest":"n0","body":{"key":0,"from":1,"to":3,"type":"cas","msg_id":20}}
2026-02-26 12:45:13,715{GMT}	INFO	[n0 stderr] maelstrom.process: [2026-02-26T11:45:13.713311Z INFO  maelstrom::runtime] Received {"id":70,"src":"c2","dest":"n0","body":{"key":0,"type":"read","msg_id":16}}
2026-02-26 12:45:13,715{GMT}	INFO	[n0 stderr] maelstrom.process: Node  received CAS (not implemented)
2026-02-26 12:45:13,715{GMT}	INFO	[jepsen worker 1] jepsen.util: 1	:ok	:cas	[0 [1 3]]
2026-02-26 12:45:13,716{GMT}	INFO	[n0 stderr] maelstrom.process: Node  received READ for key 0
2026-02-26 12:45:13,716{GMT}	INFO	[n0 stderr] maelstrom.process: [2026-02-26T11:45:13.713472Z INFO  maelstrom::runtime] Sent {"src":"n0","dest":"c3","body":{"in_reply_to":20,"type":"cas_ok"}}
2026-02-26 12:45:13,716{GMT}	INFO	[jepsen worker 0] jepsen.util: 0	:ok	:read	[0 0]
2026-02-26 12:45:13,716{GMT}	INFO	[n0 stderr] maelstrom.process: [2026-02-26T11:45:13.713572Z INFO  maelstrom::runtime] Sent {"src":"n0","dest":"c2","body":{"in_reply_to":16,"type":"read_ok","value":0}}
2026-02-26 12:45:13,717{GMT}	INFO	[jepsen worker 1] jepsen.util: 1	:invoke	:write	[0 4]
2026-02-26 12:45:13,718{GMT}	INFO	[n0 stderr] maelstrom.process: [2026-02-26T11:45:13.718094Z INFO  maelstrom::runtime] Received {"id":74,"src":"c3","dest":"n0","body":{"key":0,"value":4,"type":"write","msg_id":21}}
2026-02-26 12:45:13,718{GMT}	INFO	[n0 stderr] maelstrom.process: Node  received WRITE: 0=4
2026-02-26 12:45:13,719{GMT}	INFO	[n0 stderr] maelstrom.process: [2026-02-26T11:45:13.718258Z INFO  maelstrom::runtime] Sent {"src":"n0","dest":"c3","body":{"in_reply_to":21,"type":"write_ok"}}
2026-02-26 12:45:13,720{GMT}	INFO	[jepsen worker 1] jepsen.util: 1	:ok	:write	[0 4]
2026-02-26 12:45:13,733{GMT}	INFO	[jepsen worker 1] jepsen.util: 1	:invoke	:write	[0 3]
2026-02-26 12:45:13,735{GMT}	INFO	[jepsen worker 0] jepsen.util: 0	:invoke	:read	[0 nil]
2026-02-26 12:45:13,735{GMT}	INFO	[n0 stderr] maelstrom.process: [2026-02-26T11:45:13.735522Z INFO  maelstrom::runtime] Received {"id":76,"src":"c3","dest":"n0","body":{"key":0,"value":3,"type":"write","msg_id":22}}
2026-02-26 12:45:13,736{GMT}	INFO	[n0 stderr] maelstrom.process: Node  received WRITE: 0=3
2026-02-26 12:45:13,737{GMT}	INFO	[jepsen worker 1] jepsen.util: 1	:ok	:write	[0 3]
2026-02-26 12:45:13,737{GMT}	INFO	[n0 stderr] maelstrom.process: [2026-02-26T11:45:13.735850Z INFO  maelstrom::runtime] Sent {"src":"n0","dest":"c3","body":{"in_reply_to":22,"type":"write_ok"}}
2026-02-26 12:45:13,738{GMT}	INFO	[n0 stderr] maelstrom.process: [2026-02-26T11:45:13.737504Z INFO  maelstrom::runtime] Received {"id":77,"src":"c2","dest":"n0","body":{"key":0,"type":"read","msg_id":17}}
2026-02-26 12:45:13,738{GMT}	INFO	[n0 stderr] maelstrom.process: Node  received READ for key 0
2026-02-26 12:45:13,740{GMT}	INFO	[n0 stderr] maelstrom.process: [2026-02-26T11:45:13.739909Z INFO  maelstrom::runtime] Sent {"src":"n0","dest":"c2","body":{"in_reply_to":17,"type":"read_ok","value":0}}
2026-02-26 12:45:13,741{GMT}	INFO	[jepsen worker 0] jepsen.util: 0	:ok	:read	[0 0]
2026-02-26 12:45:13,750{GMT}	INFO	[jepsen worker 1] jepsen.util: 1	:invoke	:cas	[0 [4 0]]
2026-02-26 12:45:13,753{GMT}	INFO	[n0 stderr] maelstrom.process: [2026-02-26T11:45:13.752281Z INFO  maelstrom::runtime] Received {"id":80,"src":"c3","dest":"n0","body":{"key":0,"from":4,"to":0,"type":"cas","msg_id":23}}
2026-02-26 12:45:13,754{GMT}	INFO	[n0 stderr] maelstrom.process: Node  received CAS (not implemented)
2026-02-26 12:45:13,755{GMT}	INFO	[n0 stderr] maelstrom.process: [2026-02-26T11:45:13.752597Z INFO  maelstrom::runtime] Sent {"src":"n0","dest":"c3","body":{"in_reply_to":23,"type":"cas_ok"}}
2026-02-26 12:45:13,755{GMT}	INFO	[jepsen worker 1] jepsen.util: 1	:ok	:cas	[0 [4 0]]
2026-02-26 12:45:13,771{GMT}	INFO	[jepsen worker 0] jepsen.util: 0	:invoke	:read	[0 nil]
2026-02-26 12:45:13,772{GMT}	INFO	[n0 stderr] maelstrom.process: [2026-02-26T11:45:13.772334Z INFO  maelstrom::runtime] Received {"id":82,"src":"c2","dest":"n0","body":{"key":0,"type":"read","msg_id":18}}
2026-02-26 12:45:13,772{GMT}	INFO	[n0 stderr] maelstrom.process: Node  received READ for key 0
2026-02-26 12:45:13,773{GMT}	INFO	[n0 stderr] maelstrom.process: [2026-02-26T11:45:13.772470Z INFO  maelstrom::runtime] Sent {"src":"n0","dest":"c2","body":{"in_reply_to":18,"type":"read_ok","value":0}}
2026-02-26 12:45:13,773{GMT}	INFO	[jepsen worker 0] jepsen.util: 0	:ok	:read	[0 0]
2026-02-26 12:45:13,780{GMT}	INFO	[jepsen worker 0] jepsen.util: 0	:invoke	:read	[0 nil]
2026-02-26 12:45:13,781{GMT}	INFO	[n0 stderr] maelstrom.process: [2026-02-26T11:45:13.781252Z INFO  maelstrom::runtime] Received {"id":84,"src":"c2","dest":"n0","body":{"key":0,"type":"read","msg_id":19}}
2026-02-26 12:45:13,781{GMT}	INFO	[n0 stderr] maelstrom.process: Node  received READ for key 0
2026-02-26 12:45:13,781{GMT}	INFO	[n0 stderr] maelstrom.process: [2026-02-26T11:45:13.781411Z INFO  maelstrom::runtime] Sent {"src":"n0","dest":"c2","body":{"in_reply_to":19,"type":"read_ok","value":0}}
2026-02-26 12:45:13,782{GMT}	INFO	[jepsen worker 0] jepsen.util: 0	:ok	:read	[0 0]
2026-02-26 12:45:13,784{GMT}	INFO	[jepsen worker 0] jepsen.util: 0	:invoke	:read	[0 nil]
2026-02-26 12:45:13,785{GMT}	INFO	[n0 stderr] maelstrom.process: [2026-02-26T11:45:13.785527Z INFO  maelstrom::runtime] Received {"id":86,"src":"c2","dest":"n0","body":{"key":0,"type":"read","msg_id":20}}
2026-02-26 12:45:13,785{GMT}	INFO	[n0 stderr] maelstrom.process: Node  received READ for key 0
2026-02-26 12:45:13,786{GMT}	INFO	[n0 stderr] maelstrom.process: [2026-02-26T11:45:13.785697Z INFO  maelstrom::runtime] Sent {"src":"n0","dest":"c2","body":{"in_reply_to":20,"type":"read_ok","value":0}}
2026-02-26 12:45:13,786{GMT}	INFO	[jepsen worker 0] jepsen.util: 0	:ok	:read	[0 0]
2026-02-26 12:45:13,786{GMT}	INFO	[jepsen worker 1] jepsen.util: 1	:invoke	:write	[0 0]
2026-02-26 12:45:13,788{GMT}	INFO	[n0 stderr] maelstrom.process: [2026-02-26T11:45:13.787994Z INFO  maelstrom::runtime] Received {"id":88,"src":"c3","dest":"n0","body":{"key":0,"value":0,"type":"write","msg_id":24}}
2026-02-26 12:45:13,789{GMT}	INFO	[n0 stderr] maelstrom.process: Node  received WRITE: 0=0
2026-02-26 12:45:13,789{GMT}	INFO	[n0 stderr] maelstrom.process: [2026-02-26T11:45:13.788219Z INFO  maelstrom::runtime] Sent {"src":"n0","dest":"c3","body":{"in_reply_to":24,"type":"write_ok"}}
2026-02-26 12:45:13,789{GMT}	INFO	[jepsen worker 1] jepsen.util: 1	:ok	:write	[0 0]
2026-02-26 12:45:13,794{GMT}	INFO	[jepsen worker 0] jepsen.util: 0	:invoke	:read	[0 nil]
2026-02-26 12:45:13,796{GMT}	INFO	[n0 stderr] maelstrom.process: [2026-02-26T11:45:13.795978Z INFO  maelstrom::runtime] Received {"id":90,"src":"c2","dest":"n0","body":{"key":0,"type":"read","msg_id":21}}
2026-02-26 12:45:13,796{GMT}	INFO	[n0 stderr] maelstrom.process: Node  received READ for key 0
2026-02-26 12:45:13,796{GMT}	INFO	[n0 stderr] maelstrom.process: [2026-02-26T11:45:13.796146Z INFO  maelstrom::runtime] Sent {"src":"n0","dest":"c2","body":{"in_reply_to":21,"type":"read_ok","value":0}}
2026-02-26 12:45:13,797{GMT}	INFO	[jepsen worker 0] jepsen.util: 0	:ok	:read	[0 0]
2026-02-26 12:45:13,801{GMT}	INFO	[jepsen worker 0] jepsen.util: 0	:invoke	:read	[0 nil]
2026-02-26 12:45:13,804{GMT}	INFO	[n0 stderr] maelstrom.process: [2026-02-26T11:45:13.803599Z INFO  maelstrom::runtime] Received {"id":92,"src":"c2","dest":"n0","body":{"key":0,"type":"read","msg_id":22}}
2026-02-26 12:45:13,805{GMT}	INFO	[n0 stderr] maelstrom.process: Node  received READ for key 0
2026-02-26 12:45:13,805{GMT}	INFO	[n0 stderr] maelstrom.process: [2026-02-26T11:45:13.803980Z INFO  maelstrom::runtime] Sent {"src":"n0","dest":"c2","body":{"in_reply_to":22,"type":"read_ok","value":0}}
2026-02-26 12:45:13,805{GMT}	INFO	[jepsen worker 0] jepsen.util: 0	:ok	:read	[0 0]
2026-02-26 12:45:13,821{GMT}	INFO	[jepsen worker 0] jepsen.util: 0	:invoke	:read	[0 nil]
2026-02-26 12:45:13,822{GMT}	INFO	[n0 stderr] maelstrom.process: [2026-02-26T11:45:13.822513Z INFO  maelstrom::runtime] Received {"id":94,"src":"c2","dest":"n0","body":{"key":0,"type":"read","msg_id":23}}
2026-02-26 12:45:13,823{GMT}	INFO	[n0 stderr] maelstrom.process: Node  received READ for key 0
2026-02-26 12:45:13,823{GMT}	INFO	[n0 stderr] maelstrom.process: [2026-02-26T11:45:13.822694Z INFO  maelstrom::runtime] Sent {"src":"n0","dest":"c2","body":{"in_reply_to":23,"type":"read_ok","value":0}}
2026-02-26 12:45:13,823{GMT}	INFO	[jepsen worker 0] jepsen.util: 0	:ok	:read	[0 0]
2026-02-26 12:45:13,825{GMT}	INFO	[jepsen worker 1] jepsen.util: 1	:invoke	:write	[0 4]
2026-02-26 12:45:13,828{GMT}	INFO	[n0 stderr] maelstrom.process: [2026-02-26T11:45:13.828329Z INFO  maelstrom::runtime] Received {"id":96,"src":"c3","dest":"n0","body":{"key":0,"value":4,"type":"write","msg_id":25}}
2026-02-26 12:45:13,829{GMT}	INFO	[n0 stderr] maelstrom.process: Node  received WRITE: 0=4
2026-02-26 12:45:13,829{GMT}	INFO	[n0 stderr] maelstrom.process: [2026-02-26T11:45:13.828614Z INFO  maelstrom::runtime] Sent {"src":"n0","dest":"c3","body":{"in_reply_to":25,"type":"write_ok"}}
2026-02-26 12:45:13,829{GMT}	INFO	[jepsen worker 1] jepsen.util: 1	:ok	:write	[0 4]
2026-02-26 12:45:13,837{GMT}	INFO	[jepsen worker 1] jepsen.util: 1	:invoke	:cas	[0 [2 4]]
2026-02-26 12:45:13,839{GMT}	INFO	[n0 stderr] maelstrom.process: [2026-02-26T11:45:13.839476Z INFO  maelstrom::runtime] Received {"id":98,"src":"c3","dest":"n0","body":{"key":0,"from":2,"to":4,"type":"cas","msg_id":26}}
2026-02-26 12:45:13,840{GMT}	INFO	[n0 stderr] maelstrom.process: Node  received CAS (not implemented)
2026-02-26 12:45:13,841{GMT}	INFO	[n0 stderr] maelstrom.process: [2026-02-26T11:45:13.839709Z INFO  maelstrom::runtime] Sent {"src":"n0","dest":"c3","body":{"in_reply_to":26,"type":"cas_ok"}}
2026-02-26 12:45:13,841{GMT}	INFO	[jepsen worker 1] jepsen.util: 1	:ok	:cas	[0 [2 4]]
2026-02-26 12:45:13,852{GMT}	INFO	[jepsen worker 1] jepsen.util: 1	:invoke	:cas	[0 [4 1]]
2026-02-26 12:45:13,854{GMT}	INFO	[n0 stderr] maelstrom.process: [2026-02-26T11:45:13.854505Z INFO  maelstrom::runtime] Received {"id":100,"src":"c3","dest":"n0","body":{"key":0,"from":4,"to":1,"type":"cas","msg_id":27}}
2026-02-26 12:45:13,855{GMT}	INFO	[n0 stderr] maelstrom.process: Node  received CAS (not implemented)
2026-02-26 12:45:13,856{GMT}	INFO	[n0 stderr] maelstrom.process: [2026-02-26T11:45:13.854679Z INFO  maelstrom::runtime] Sent {"src":"n0","dest":"c3","body":{"in_reply_to":27,"type":"cas_ok"}}
2026-02-26 12:45:13,856{GMT}	INFO	[jepsen worker 1] jepsen.util: 1	:ok	:cas	[0 [4 1]]
2026-02-26 12:45:13,870{GMT}	INFO	[jepsen worker 1] jepsen.util: 1	:invoke	:cas	[0 [2 3]]
2026-02-26 12:45:13,872{GMT}	INFO	[n0 stderr] maelstrom.process: [2026-02-26T11:45:13.872730Z INFO  maelstrom::runtime] Received {"id":102,"src":"c3","dest":"n0","body":{"key":0,"from":2,"to":3,"type":"cas","msg_id":28}}
2026-02-26 12:45:13,873{GMT}	INFO	[n0 stderr] maelstrom.process: Node  received CAS (not implemented)
2026-02-26 12:45:13,874{GMT}	INFO	[n0 stderr] maelstrom.process: [2026-02-26T11:45:13.872942Z INFO  maelstrom::runtime] Sent {"src":"n0","dest":"c3","body":{"in_reply_to":28,"type":"cas_ok"}}
2026-02-26 12:45:13,875{GMT}	INFO	[jepsen worker 1] jepsen.util: 1	:ok	:cas	[0 [2 3]]
2026-02-26 12:45:13,875{GMT}	INFO	[jepsen worker 0] jepsen.util: 0	:invoke	:read	[0 nil]
2026-02-26 12:45:13,876{GMT}	INFO	[n0 stderr] maelstrom.process: [2026-02-26T11:45:13.876463Z INFO  maelstrom::runtime] Received {"id":104,"src":"c2","dest":"n0","body":{"key":0,"type":"read","msg_id":24}}
2026-02-26 12:45:13,877{GMT}	INFO	[n0 stderr] maelstrom.process: Node  received READ for key 0
2026-02-26 12:45:13,877{GMT}	INFO	[n0 stderr] maelstrom.process: [2026-02-26T11:45:13.876636Z INFO  maelstrom::runtime] Sent {"src":"n0","dest":"c2","body":{"in_reply_to":24,"type":"read_ok","value":0}}
2026-02-26 12:45:13,878{GMT}	INFO	[jepsen worker 0] jepsen.util: 0	:ok	:read	[0 0]
2026-02-26 12:45:13,890{GMT}	INFO	[jepsen worker 1] jepsen.util: 1	:invoke	:write	[0 1]
2026-02-26 12:45:13,892{GMT}	INFO	[n0 stderr] maelstrom.process: [2026-02-26T11:45:13.892560Z INFO  maelstrom::runtime] Received {"id":106,"src":"c3","dest":"n0","body":{"key":0,"value":1,"type":"write","msg_id":29}}
2026-02-26 12:45:13,893{GMT}	INFO	[n0 stderr] maelstrom.process: Node  received WRITE: 0=1
2026-02-26 12:45:13,894{GMT}	INFO	[n0 stderr] maelstrom.process: [2026-02-26T11:45:13.892902Z INFO  maelstrom::runtime] Sent {"src":"n0","dest":"c3","body":{"in_reply_to":29,"type":"write_ok"}}
2026-02-26 12:45:13,894{GMT}	INFO	[jepsen worker 1] jepsen.util: 1	:ok	:write	[0 1]
2026-02-26 12:45:13,909{GMT}	INFO	[jepsen worker 0] jepsen.util: 0	:invoke	:read	[0 nil]
2026-02-26 12:45:13,911{GMT}	INFO	[n0 stderr] maelstrom.process: [2026-02-26T11:45:13.911476Z INFO  maelstrom::runtime] Received {"id":108,"src":"c2","dest":"n0","body":{"key":0,"type":"read","msg_id":25}}
2026-02-26 12:45:13,912{GMT}	INFO	[n0 stderr] maelstrom.process: Node  received READ for key 0
2026-02-26 12:45:13,912{GMT}	INFO	[n0 stderr] maelstrom.process: [2026-02-26T11:45:13.911654Z INFO  maelstrom::runtime] Sent {"src":"n0","dest":"c2","body":{"in_reply_to":25,"type":"read_ok","value":0}}
2026-02-26 12:45:13,913{GMT}	INFO	[jepsen worker 0] jepsen.util: 0	:ok	:read	[0 0]
2026-02-26 12:45:13,915{GMT}	INFO	[jepsen worker 1] jepsen.util: 1	:invoke	:cas	[0 [3 4]]
2026-02-26 12:45:13,917{GMT}	INFO	[n0 stderr] maelstrom.process: [2026-02-26T11:45:13.917239Z INFO  maelstrom::runtime] Received {"id":110,"src":"c3","dest":"n0","body":{"key":0,"from":3,"to":4,"type":"cas","msg_id":30}}
2026-02-26 12:45:13,918{GMT}	INFO	[n0 stderr] maelstrom.process: Node  received CAS (not implemented)
2026-02-26 12:45:13,919{GMT}	INFO	[n0 stderr] maelstrom.process: [2026-02-26T11:45:13.917403Z INFO  maelstrom::runtime] Sent {"src":"n0","dest":"c3","body":{"in_reply_to":30,"type":"cas_ok"}}
2026-02-26 12:45:13,920{GMT}	INFO	[jepsen worker 1] jepsen.util: 1	:ok	:cas	[0 [3 4]]
2026-02-26 12:45:13,922{GMT}	INFO	[jepsen worker 1] jepsen.util: 1	:invoke	:write	[0 3]
2026-02-26 12:45:13,925{GMT}	INFO	[n0 stderr] maelstrom.process: [2026-02-26T11:45:13.924923Z INFO  maelstrom::runtime] Received {"id":112,"src":"c3","dest":"n0","body":{"key":0,"value":3,"type":"write","msg_id":31}}
2026-02-26 12:45:13,926{GMT}	INFO	[n0 stderr] maelstrom.process: Node  received WRITE: 0=3
2026-02-26 12:45:13,926{GMT}	INFO	[n0 stderr] maelstrom.process: [2026-02-26T11:45:13.925296Z INFO  maelstrom::runtime] Sent {"src":"n0","dest":"c3","body":{"in_reply_to":31,"type":"write_ok"}}
2026-02-26 12:45:13,926{GMT}	INFO	[jepsen worker 1] jepsen.util: 1	:ok	:write	[0 3]
2026-02-26 12:45:13,929{GMT}	INFO	[jepsen worker 1] jepsen.util: 1	:invoke	:write	[0 2]
2026-02-26 12:45:13,931{GMT}	INFO	[n0 stderr] maelstrom.process: [2026-02-26T11:45:13.931432Z INFO  maelstrom::runtime] Received {"id":114,"src":"c3","dest":"n0","body":{"key":0,"value":2,"type":"write","msg_id":32}}
2026-02-26 12:45:13,932{GMT}	INFO	[n0 stderr] maelstrom.process: Node  received WRITE: 0=2
2026-02-26 12:45:13,933{GMT}	INFO	[n0 stderr] maelstrom.process: [2026-02-26T11:45:13.931671Z INFO  maelstrom::runtime] Sent {"src":"n0","dest":"c3","body":{"in_reply_to":32,"type":"write_ok"}}
2026-02-26 12:45:13,933{GMT}	INFO	[jepsen worker 1] jepsen.util: 1	:ok	:write	[0 2]
2026-02-26 12:45:13,951{GMT}	INFO	[jepsen worker 1] jepsen.util: 1	:invoke	:cas	[0 [0 1]]
2026-02-26 12:45:13,953{GMT}	INFO	[n0 stderr] maelstrom.process: [2026-02-26T11:45:13.953390Z INFO  maelstrom::runtime] Received {"id":116,"src":"c3","dest":"n0","body":{"key":0,"from":0,"to":1,"type":"cas","msg_id":33}}
2026-02-26 12:45:13,954{GMT}	INFO	[n0 stderr] maelstrom.process: Node  received CAS (not implemented)
2026-02-26 12:45:13,955{GMT}	INFO	[jepsen worker 1] jepsen.util: 1	:ok	:cas	[0 [0 1]]
2026-02-26 12:45:13,955{GMT}	INFO	[n0 stderr] maelstrom.process: [2026-02-26T11:45:13.953715Z INFO  maelstrom::runtime] Sent {"src":"n0","dest":"c3","body":{"in_reply_to":33,"type":"cas_ok"}}
2026-02-26 12:45:13,956{GMT}	INFO	[jepsen worker 0] jepsen.util: 0	:invoke	:read	[0 nil]
2026-02-26 12:45:13,958{GMT}	INFO	[n0 stderr] maelstrom.process: [2026-02-26T11:45:13.958309Z INFO  maelstrom::runtime] Received {"id":118,"src":"c2","dest":"n0","body":{"key":0,"type":"read","msg_id":26}}
2026-02-26 12:45:13,959{GMT}	INFO	[n0 stderr] maelstrom.process: Node  received READ for key 0
2026-02-26 12:45:13,960{GMT}	INFO	[n0 stderr] maelstrom.process: [2026-02-26T11:45:13.958468Z INFO  maelstrom::runtime] Sent {"src":"n0","dest":"c2","body":{"in_reply_to":26,"type":"read_ok","value":0}}
2026-02-26 12:45:13,960{GMT}	INFO	[jepsen worker 0] jepsen.util: 0	:ok	:read	[0 0]
2026-02-26 12:45:13,969{GMT}	INFO	[jepsen worker 1] jepsen.util: 1	:invoke	:cas	[0 [4 4]]
2026-02-26 12:45:13,971{GMT}	INFO	[n0 stderr] maelstrom.process: [2026-02-26T11:45:13.971469Z INFO  maelstrom::runtime] Received {"id":120,"src":"c3","dest":"n0","body":{"key":0,"from":4,"to":4,"type":"cas","msg_id":34}}
2026-02-26 12:45:13,972{GMT}	INFO	[n0 stderr] maelstrom.process: Node  received CAS (not implemented)
2026-02-26 12:45:13,972{GMT}	INFO	[n0 stderr] maelstrom.process: [2026-02-26T11:45:13.971685Z INFO  maelstrom::runtime] Sent {"src":"n0","dest":"c3","body":{"in_reply_to":34,"type":"cas_ok"}}
2026-02-26 12:45:13,973{GMT}	INFO	[jepsen worker 1] jepsen.util: 1	:ok	:cas	[0 [4 4]]
2026-02-26 12:45:13,984{GMT}	INFO	[jepsen worker 0] jepsen.util: 0	:invoke	:read	[0 nil]
2026-02-26 12:45:13,986{GMT}	INFO	[n0 stderr] maelstrom.process: [2026-02-26T11:45:13.985733Z INFO  maelstrom::runtime] Received {"id":122,"src":"c2","dest":"n0","body":{"key":0,"type":"read","msg_id":27}}
2026-02-26 12:45:13,987{GMT}	INFO	[n0 stderr] maelstrom.process: Node  received READ for key 0
2026-02-26 12:45:13,988{GMT}	INFO	[n0 stderr] maelstrom.process: [2026-02-26T11:45:13.985986Z INFO  maelstrom::runtime] Sent {"src":"n0","dest":"c2","body":{"in_reply_to":27,"type":"read_ok","value":0}}
2026-02-26 12:45:13,988{GMT}	INFO	[jepsen worker 0] jepsen.util: 0	:ok	:read	[0 0]
2026-02-26 12:45:13,995{GMT}	INFO	[jepsen worker 0] jepsen.util: 0	:invoke	:read	[0 nil]
2026-02-26 12:45:13,997{GMT}	INFO	[n0 stderr] maelstrom.process: [2026-02-26T11:45:13.997454Z INFO  maelstrom::runtime] Received {"id":124,"src":"c2","dest":"n0","body":{"key":0,"type":"read","msg_id":28}}
2026-02-26 12:45:13,998{GMT}	INFO	[jepsen worker 1] jepsen.util: 1	:invoke	:write	[0 1]
2026-02-26 12:45:13,999{GMT}	INFO	[n0 stderr] maelstrom.process: Node  received READ for key 0
2026-02-26 12:45:13,999{GMT}	INFO	[n0 stderr] maelstrom.process: [2026-02-26T11:45:13.997992Z INFO  maelstrom::runtime] Sent {"src":"n0","dest":"c2","body":{"in_reply_to":28,"type":"read_ok","value":0}}
2026-02-26 12:45:13,999{GMT}	INFO	[jepsen worker 0] jepsen.util: 0	:ok	:read	[0 0]
2026-02-26 12:45:14,000{GMT}	INFO	[n0 stderr] maelstrom.process: [2026-02-26T11:45:13.999944Z INFO  maelstrom::runtime] Received {"id":126,"src":"c3","dest":"n0","body":{"key":0,"value":1,"type":"write","msg_id":35}}
2026-02-26 12:45:14,000{GMT}	INFO	[n0 stderr] maelstrom.process: Node  received WRITE: 0=1
2026-02-26 12:45:14,000{GMT}	INFO	[n0 stderr] maelstrom.process: [2026-02-26T11:45:14.000142Z INFO  maelstrom::runtime] Sent {"src":"n0","dest":"c3","body":{"in_reply_to":35,"type":"write_ok"}}
2026-02-26 12:45:14,001{GMT}	INFO	[jepsen worker 1] jepsen.util: 1	:ok	:write	[0 1]
2026-02-26 12:45:14,013{GMT}	INFO	[jepsen worker 0] jepsen.util: 0	:invoke	:read	[0 nil]
2026-02-26 12:45:14,014{GMT}	INFO	[jepsen worker 1] jepsen.util: 1	:invoke	:cas	[0 [3 4]]
2026-02-26 12:45:14,015{GMT}	INFO	[n0 stderr] maelstrom.process: [2026-02-26T11:45:14.014895Z INFO  maelstrom::runtime] Received {"id":128,"src":"c2","dest":"n0","body":{"key":0,"type":"read","msg_id":29}}
2026-02-26 12:45:14,016{GMT}	INFO	[n0 stderr] maelstrom.process: Node  received READ for key 0
2026-02-26 12:45:14,016{GMT}	INFO	[n0 stderr] maelstrom.process: [2026-02-26T11:45:14.015410Z INFO  maelstrom::runtime] Sent {"src":"n0","dest":"c2","body":{"in_reply_to":29,"type":"read_ok","value":0}}
2026-02-26 12:45:14,017{GMT}	INFO	[n0 stderr] maelstrom.process: [2026-02-26T11:45:14.017463Z INFO  maelstrom::runtime] Received {"id":129,"src":"c3","dest":"n0","body":{"key":0,"from":3,"to":4,"type":"cas","msg_id":36}}
2026-02-26 12:45:14,017{GMT}	INFO	[jepsen worker 0] jepsen.util: 0	:ok	:read	[0 0]
2026-02-26 12:45:14,018{GMT}	INFO	[n0 stderr] maelstrom.process: Node  received CAS (not implemented)
2026-02-26 12:45:14,018{GMT}	INFO	[n0 stderr] maelstrom.process: [2026-02-26T11:45:14.017732Z INFO  maelstrom::runtime] Sent {"src":"n0","dest":"c3","body":{"in_reply_to":36,"type":"cas_ok"}}
2026-02-26 12:45:14,018{GMT}	INFO	[jepsen worker 1] jepsen.util: 1	:ok	:cas	[0 [3 4]]
2026-02-26 12:45:14,023{GMT}	INFO	[jepsen worker 1] jepsen.util: 1	:invoke	:write	[0 2]
2026-02-26 12:45:14,027{GMT}	INFO	[n0 stderr] maelstrom.process: [2026-02-26T11:45:14.026976Z INFO  maelstrom::runtime] Received {"id":132,"src":"c3","dest":"n0","body":{"key":0,"value":2,"type":"write","msg_id":37}}
2026-02-26 12:45:14,027{GMT}	INFO	[jepsen worker 0] jepsen.util: 0	:invoke	:read	[0 nil]
2026-02-26 12:45:14,027{GMT}	INFO	[n0 stderr] maelstrom.process: Node  received WRITE: 0=2
2026-02-26 12:45:14,028{GMT}	INFO	[n0 stderr] maelstrom.process: [2026-02-26T11:45:14.027428Z INFO  maelstrom::runtime] Sent {"src":"n0","dest":"c3","body":{"in_reply_to":37,"type":"write_ok"}}
2026-02-26 12:45:14,028{GMT}	INFO	[jepsen worker 1] jepsen.util: 1	:ok	:write	[0 2]
2026-02-26 12:45:14,028{GMT}	INFO	[n0 stderr] maelstrom.process: [2026-02-26T11:45:14.028444Z INFO  maelstrom::runtime] Received {"id":133,"src":"c2","dest":"n0","body":{"key":0,"type":"read","msg_id":30}}
2026-02-26 12:45:14,028{GMT}	INFO	[n0 stderr] maelstrom.process: Node  received READ for key 0
2026-02-26 12:45:14,029{GMT}	INFO	[n0 stderr] maelstrom.process: [2026-02-26T11:45:14.028656Z INFO  maelstrom::runtime] Sent {"src":"n0","dest":"c2","body":{"in_reply_to":30,"type":"read_ok","value":0}}
2026-02-26 12:45:14,031{GMT}	INFO	[jepsen worker 0] jepsen.util: 0	:ok	:read	[0 0]
2026-02-26 12:45:14,037{GMT}	INFO	[jepsen worker 1] jepsen.util: 1	:invoke	:cas	[0 [1 0]]
2026-02-26 12:45:14,039{GMT}	INFO	[n0 stderr] maelstrom.process: [2026-02-26T11:45:14.039165Z INFO  maelstrom::runtime] Received {"id":136,"src":"c3","dest":"n0","body":{"key":0,"from":1,"to":0,"type":"cas","msg_id":38}}
2026-02-26 12:45:14,040{GMT}	INFO	[n0 stderr] maelstrom.process: Node  received CAS (not implemented)
2026-02-26 12:45:14,040{GMT}	INFO	[n0 stderr] maelstrom.process: [2026-02-26T11:45:14.039462Z INFO  maelstrom::runtime] Sent {"src":"n0","dest":"c3","body":{"in_reply_to":38,"type":"cas_ok"}}
2026-02-26 12:45:14,041{GMT}	INFO	[jepsen worker 1] jepsen.util: 1	:ok	:cas	[0 [1 0]]
2026-02-26 12:45:14,046{GMT}	INFO	[jepsen worker 0] jepsen.util: 0	:invoke	:read	[0 nil]
2026-02-26 12:45:14,048{GMT}	INFO	[n0 stderr] maelstrom.process: [2026-02-26T11:45:14.047884Z INFO  maelstrom::runtime] Received {"id":138,"src":"c2","dest":"n0","body":{"key":0,"type":"read","msg_id":31}}
2026-02-26 12:45:14,048{GMT}	INFO	[n0 stderr] maelstrom.process: Node  received READ for key 0
2026-02-26 12:45:14,049{GMT}	INFO	[n0 stderr] maelstrom.process: [2026-02-26T11:45:14.048107Z INFO  maelstrom::runtime] Sent {"src":"n0","dest":"c2","body":{"in_reply_to":31,"type":"read_ok","value":0}}
2026-02-26 12:45:14,049{GMT}	INFO	[jepsen worker 0] jepsen.util: 0	:ok	:read	[0 0]
2026-02-26 12:45:14,064{GMT}	INFO	[jepsen worker 1] jepsen.util: 1	:invoke	:cas	[0 [2 0]]
2026-02-26 12:45:14,064{GMT}	INFO	[jepsen worker 0] jepsen.util: 0	:invoke	:read	[0 nil]
2026-02-26 12:45:14,066{GMT}	INFO	[n0 stderr] maelstrom.process: [2026-02-26T11:45:14.065529Z INFO  maelstrom::runtime] Received {"id":140,"src":"c2","dest":"n0","body":{"key":0,"type":"read","msg_id":32}}
2026-02-26 12:45:14,066{GMT}	INFO	[n0 stderr] maelstrom.process: Node  received READ for key 0
2026-02-26 12:45:14,067{GMT}	INFO	[n0 stderr] maelstrom.process: [2026-02-26T11:45:14.065849Z INFO  maelstrom::runtime] Sent {"src":"n0","dest":"c2","body":{"in_reply_to":32,"type":"read_ok","value":0}}
2026-02-26 12:45:14,068{GMT}	INFO	[n0 stderr] maelstrom.process: [2026-02-26T11:45:14.065955Z INFO  maelstrom::runtime] Received {"id":141,"src":"c3","dest":"n0","body":{"key":0,"from":2,"to":0,"type":"cas","msg_id":39}}
2026-02-26 12:45:14,068{GMT}	INFO	[jepsen worker 0] jepsen.util: 0	:ok	:read	[0 0]
2026-02-26 12:45:14,068{GMT}	INFO	[n0 stderr] maelstrom.process: Node  received CAS (not implemented)
2026-02-26 12:45:14,068{GMT}	INFO	[n0 stderr] maelstrom.process: [2026-02-26T11:45:14.066111Z INFO  maelstrom::runtime] Sent {"src":"n0","dest":"c3","body":{"in_reply_to":39,"type":"cas_ok"}}
2026-02-26 12:45:14,069{GMT}	INFO	[jepsen worker 1] jepsen.util: 1	:ok	:cas	[0 [2 0]]
2026-02-26 12:45:14,069{GMT}	INFO	[jepsen worker 0] jepsen.util: 0	:invoke	:read	[0 nil]
2026-02-26 12:45:14,070{GMT}	INFO	[jepsen worker 1] jepsen.util: 1	:invoke	:write	[0 4]
2026-02-26 12:45:14,071{GMT}	INFO	[n0 stderr] maelstrom.process: [2026-02-26T11:45:14.070846Z INFO  maelstrom::runtime] Received {"id":144,"src":"c2","dest":"n0","body":{"key":0,"type":"read","msg_id":33}}
2026-02-26 12:45:14,071{GMT}	INFO	[n0 stderr] maelstrom.process: Node  received READ for key 0
2026-02-26 12:45:14,071{GMT}	INFO	[n0 stderr] maelstrom.process: [2026-02-26T11:45:14.071005Z INFO  maelstrom::runtime] Sent {"src":"n0","dest":"c2","body":{"in_reply_to":33,"type":"read_ok","value":0}}
2026-02-26 12:45:14,072{GMT}	INFO	[n0 stderr] maelstrom.process: [2026-02-26T11:45:14.071406Z INFO  maelstrom::runtime] Received {"id":145,"src":"c3","dest":"n0","body":{"key":0,"value":4,"type":"write","msg_id":40}}
2026-02-26 12:45:14,072{GMT}	INFO	[n0 stderr] maelstrom.process: Node  received WRITE: 0=4
2026-02-26 12:45:14,072{GMT}	INFO	[jepsen worker 0] jepsen.util: 0	:ok	:read	[0 0]
2026-02-26 12:45:14,072{GMT}	INFO	[n0 stderr] maelstrom.process: [2026-02-26T11:45:14.071509Z INFO  maelstrom::runtime] Sent {"src":"n0","dest":"c3","body":{"in_reply_to":40,"type":"write_ok"}}
2026-02-26 12:45:14,073{GMT}	INFO	[jepsen worker 1] jepsen.util: 1	:ok	:write	[0 4]
2026-02-26 12:45:14,078{GMT}	INFO	[jepsen worker 0] jepsen.util: 0	:invoke	:read	[0 nil]
2026-02-26 12:45:14,080{GMT}	INFO	[n0 stderr] maelstrom.process: [2026-02-26T11:45:14.079974Z INFO  maelstrom::runtime] Received {"id":148,"src":"c2","dest":"n0","body":{"key":0,"type":"read","msg_id":34}}
2026-02-26 12:45:14,080{GMT}	INFO	[n0 stderr] maelstrom.process: Node  received READ for key 0
2026-02-26 12:45:14,081{GMT}	INFO	[n0 stderr] maelstrom.process: [2026-02-26T11:45:14.080232Z INFO  maelstrom::runtime] Sent {"src":"n0","dest":"c2","body":{"in_reply_to":34,"type":"read_ok","value":0}}
2026-02-26 12:45:14,081{GMT}	INFO	[jepsen worker 0] jepsen.util: 0	:ok	:read	[0 0]
2026-02-26 12:45:14,087{GMT}	INFO	[jepsen worker 0] jepsen.util: 0	:invoke	:read	[0 nil]
2026-02-26 12:45:14,088{GMT}	INFO	[jepsen worker 1] jepsen.util: 1	:invoke	:cas	[0 [1 1]]
2026-02-26 12:45:14,089{GMT}	INFO	[n0 stderr] maelstrom.process: [2026-02-26T11:45:14.089459Z INFO  maelstrom::runtime] Received {"id":150,"src":"c2","dest":"n0","body":{"key":0,"type":"read","msg_id":35}}
2026-02-26 12:45:14,090{GMT}	INFO	[n0 stderr] maelstrom.process: Node  received READ for key 0
2026-02-26 12:45:14,091{GMT}	INFO	[n0 stderr] maelstrom.process: [2026-02-26T11:45:14.089828Z INFO  maelstrom::runtime] Sent {"src":"n0","dest":"c2","body":{"in_reply_to":35,"type":"read_ok","value":0}}
2026-02-26 12:45:14,091{GMT}	INFO	[jepsen worker 0] jepsen.util: 0	:ok	:read	[0 0]
2026-02-26 12:45:14,091{GMT}	INFO	[n0 stderr] maelstrom.process: [2026-02-26T11:45:14.090080Z INFO  maelstrom::runtime] Received {"id":151,"src":"c3","dest":"n0","body":{"key":0,"from":1,"to":1,"type":"cas","msg_id":41}}
2026-02-26 12:45:14,091{GMT}	INFO	[n0 stderr] maelstrom.process: Node  received CAS (not implemented)
2026-02-26 12:45:14,091{GMT}	INFO	[jepsen worker 1] jepsen.util: 1	:ok	:cas	[0 [1 1]]
2026-02-26 12:45:14,091{GMT}	INFO	[n0 stderr] maelstrom.process: [2026-02-26T11:45:14.090186Z INFO  maelstrom::runtime] Sent {"src":"n0","dest":"c3","body":{"in_reply_to":41,"type":"cas_ok"}}
2026-02-26 12:45:14,106{GMT}	INFO	[jepsen worker 1] jepsen.util: 1	:invoke	:cas	[0 [4 0]]
2026-02-26 12:45:14,107{GMT}	INFO	[n0 stderr] maelstrom.process: [2026-02-26T11:45:14.107629Z INFO  maelstrom::runtime] Received {"id":154,"src":"c3","dest":"n0","body":{"key":0,"from":4,"to":0,"type":"cas","msg_id":42}}
2026-02-26 12:45:14,108{GMT}	INFO	[n0 stderr] maelstrom.process: Node  received CAS (not implemented)
2026-02-26 12:45:14,108{GMT}	INFO	[n0 stderr] maelstrom.process: [2026-02-26T11:45:14.107713Z INFO  maelstrom::runtime] Sent {"src":"n0","dest":"c3","body":{"in_reply_to":42,"type":"cas_ok"}}
2026-02-26 12:45:14,108{GMT}	INFO	[jepsen worker 1] jepsen.util: 1	:ok	:cas	[0 [4 0]]
2026-02-26 12:45:14,118{GMT}	INFO	[jepsen worker 0] jepsen.util: 0	:invoke	:read	[0 nil]
2026-02-26 12:45:14,120{GMT}	INFO	[n0 stderr] maelstrom.process: [2026-02-26T11:45:14.119969Z INFO  maelstrom::runtime] Received {"id":156,"src":"c2","dest":"n0","body":{"key":0,"type":"read","msg_id":36}}
2026-02-26 12:45:14,121{GMT}	INFO	[n0 stderr] maelstrom.process: Node  received READ for key 0
2026-02-26 12:45:14,122{GMT}	INFO	[n0 stderr] maelstrom.process: [2026-02-26T11:45:14.120338Z INFO  maelstrom::runtime] Sent {"src":"n0","dest":"c2","body":{"in_reply_to":36,"type":"read_ok","value":0}}
2026-02-26 12:45:14,122{GMT}	INFO	[jepsen worker 0] jepsen.util: 0	:ok	:read	[0 0]
2026-02-26 12:45:14,133{GMT}	INFO	[jepsen worker 1] jepsen.util: 1	:invoke	:cas	[0 [4 3]]
2026-02-26 12:45:14,136{GMT}	INFO	[n0 stderr] maelstrom.process: [2026-02-26T11:45:14.135309Z INFO  maelstrom::runtime] Received {"id":158,"src":"c3","dest":"n0","body":{"key":0,"from":4,"to":3,"type":"cas","msg_id":43}}
2026-02-26 12:45:14,136{GMT}	INFO	[n0 stderr] maelstrom.process: Node  received CAS (not implemented)
2026-02-26 12:45:14,137{GMT}	INFO	[n0 stderr] maelstrom.process: [2026-02-26T11:45:14.135616Z INFO  maelstrom::runtime] Sent {"src":"n0","dest":"c3","body":{"in_reply_to":43,"type":"cas_ok"}}
2026-02-26 12:45:14,137{GMT}	INFO	[jepsen worker 1] jepsen.util: 1	:ok	:cas	[0 [4 3]]
2026-02-26 12:45:14,152{GMT}	INFO	[jepsen worker 1] jepsen.util: 1	:invoke	:write	[0 3]
2026-02-26 12:45:14,153{GMT}	INFO	[n0 stderr] maelstrom.process: [2026-02-26T11:45:14.153268Z INFO  maelstrom::runtime] Received {"id":160,"src":"c3","dest":"n0","body":{"key":0,"value":3,"type":"write","msg_id":44}}
2026-02-26 12:45:14,153{GMT}	INFO	[n0 stderr] maelstrom.process: Node  received WRITE: 0=3
2026-02-26 12:45:14,153{GMT}	INFO	[n0 stderr] maelstrom.process: [2026-02-26T11:45:14.153436Z INFO  maelstrom::runtime] Sent {"src":"n0","dest":"c3","body":{"in_reply_to":44,"type":"write_ok"}}
2026-02-26 12:45:14,154{GMT}	INFO	[jepsen worker 1] jepsen.util: 1	:ok	:write	[0 3]
2026-02-26 12:45:14,162{GMT}	INFO	[jepsen worker 1] jepsen.util: 1	:invoke	:write	[0 0]
2026-02-26 12:45:14,164{GMT}	INFO	[n0 stderr] maelstrom.process: [2026-02-26T11:45:14.163529Z INFO  maelstrom::runtime] Received {"id":162,"src":"c3","dest":"n0","body":{"key":0,"value":0,"type":"write","msg_id":45}}
2026-02-26 12:45:14,164{GMT}	INFO	[n0 stderr] maelstrom.process: Node  received WRITE: 0=0
2026-02-26 12:45:14,164{GMT}	INFO	[n0 stderr] maelstrom.process: [2026-02-26T11:45:14.164049Z INFO  maelstrom::runtime] Sent {"src":"n0","dest":"c3","body":{"in_reply_to":45,"type":"write_ok"}}
2026-02-26 12:45:14,164{GMT}	INFO	[jepsen worker 1] jepsen.util: 1	:ok	:write	[0 0]
2026-02-26 12:45:14,173{GMT}	INFO	[jepsen worker 0] jepsen.util: 0	:invoke	:read	[0 nil]
2026-02-26 12:45:14,175{GMT}	INFO	[n0 stderr] maelstrom.process: [2026-02-26T11:45:14.174534Z INFO  maelstrom::runtime] Received {"id":164,"src":"c2","dest":"n0","body":{"key":0,"type":"read","msg_id":37}}
2026-02-26 12:45:14,176{GMT}	INFO	[n0 stderr] maelstrom.process: Node  received READ for key 0
2026-02-26 12:45:14,176{GMT}	INFO	[n0 stderr] maelstrom.process: [2026-02-26T11:45:14.174939Z INFO  maelstrom::runtime] Sent {"src":"n0","dest":"c2","body":{"in_reply_to":37,"type":"read_ok","value":0}}
2026-02-26 12:45:14,177{GMT}	INFO	[jepsen worker 0] jepsen.util: 0	:ok	:read	[0 0]
2026-02-26 12:45:14,177{GMT}	INFO	[jepsen worker 1] jepsen.util: 1	:invoke	:cas	[0 [2 2]]
2026-02-26 12:45:14,178{GMT}	INFO	[n0 stderr] maelstrom.process: [2026-02-26T11:45:14.177939Z INFO  maelstrom::runtime] Received {"id":166,"src":"c3","dest":"n0","body":{"key":0,"from":2,"to":2,"type":"cas","msg_id":46}}
2026-02-26 12:45:14,178{GMT}	INFO	[n0 stderr] maelstrom.process: Node  received CAS (not implemented)
2026-02-26 12:45:14,178{GMT}	INFO	[n0 stderr] maelstrom.process: [2026-02-26T11:45:14.178089Z INFO  maelstrom::runtime] Sent {"src":"n0","dest":"c3","body":{"in_reply_to":46,"type":"cas_ok"}}
2026-02-26 12:45:14,178{GMT}	INFO	[jepsen worker 1] jepsen.util: 1	:ok	:cas	[0 [2 2]]
2026-02-26 12:45:14,197{GMT}	INFO	[jepsen worker 1] jepsen.util: 1	:invoke	:cas	[0 [2 3]]
2026-02-26 12:45:14,198{GMT}	INFO	[n0 stderr] maelstrom.process: [2026-02-26T11:45:14.198632Z INFO  maelstrom::runtime] Received {"id":168,"src":"c3","dest":"n0","body":{"key":0,"from":2,"to":3,"type":"cas","msg_id":47}}
2026-02-26 12:45:14,199{GMT}	INFO	[n0 stderr] maelstrom.process: Node  received CAS (not implemented)
2026-02-26 12:45:14,199{GMT}	INFO	[n0 stderr] maelstrom.process: [2026-02-26T11:45:14.198892Z INFO  maelstrom::runtime] Sent {"src":"n0","dest":"c3","body":{"in_reply_to":47,"type":"cas_ok"}}
2026-02-26 12:45:14,199{GMT}	INFO	[jepsen worker 1] jepsen.util: 1	:ok	:cas	[0 [2 3]]
2026-02-26 12:45:14,203{GMT}	INFO	[jepsen worker 0] jepsen.util: 0	:invoke	:read	[0 nil]
2026-02-26 12:45:14,207{GMT}	INFO	[n0 stderr] maelstrom.process: [2026-02-26T11:45:14.207314Z INFO  maelstrom::runtime] Received {"id":170,"src":"c2","dest":"n0","body":{"key":0,"type":"read","msg_id":38}}
2026-02-26 12:45:14,207{GMT}	INFO	[n0 stderr] maelstrom.process: Node  received READ for key 0
2026-02-26 12:45:14,208{GMT}	INFO	[jepsen worker 1] jepsen.util: 1	:invoke	:write	[0 0]
2026-02-26 12:45:14,208{GMT}	INFO	[n0 stderr] maelstrom.process: [2026-02-26T11:45:14.207550Z INFO  maelstrom::runtime] Sent {"src":"n0","dest":"c2","body":{"in_reply_to":38,"type":"read_ok","value":0}}
2026-02-26 12:45:14,208{GMT}	INFO	[jepsen worker 0] jepsen.util: 0	:ok	:read	[0 0]
2026-02-26 12:45:14,209{GMT}	INFO	[n0 stderr] maelstrom.process: [2026-02-26T11:45:14.209443Z INFO  maelstrom::runtime] Received {"id":172,"src":"c3","dest":"n0","body":{"key":0,"value":0,"type":"write","msg_id":48}}
2026-02-26 12:45:14,209{GMT}	INFO	[jepsen worker 0] jepsen.util: 0	:invoke	:read	[0 nil]
2026-02-26 12:45:14,210{GMT}	INFO	[n0 stderr] maelstrom.process: Node  received WRITE: 0=0
2026-02-26 12:45:14,210{GMT}	INFO	[n0 stderr] maelstrom.process: [2026-02-26T11:45:14.209649Z INFO  maelstrom::runtime] Sent {"src":"n0","dest":"c3","body":{"in_reply_to":48,"type":"write_ok"}}
2026-02-26 12:45:14,211{GMT}	INFO	[jepsen worker 1] jepsen.util: 1	:ok	:write	[0 0]
2026-02-26 12:45:14,211{GMT}	INFO	[n0 stderr] maelstrom.process: [2026-02-26T11:45:14.211487Z INFO  maelstrom::runtime] Received {"id":174,"src":"c2","dest":"n0","body":{"key":0,"type":"read","msg_id":39}}
2026-02-26 12:45:14,212{GMT}	INFO	[n0 stderr] maelstrom.process: Node  received READ for key 0
2026-02-26 12:45:14,212{GMT}	INFO	[n0 stderr] maelstrom.process: [2026-02-26T11:45:14.211866Z INFO  maelstrom::runtime] Sent {"src":"n0","dest":"c2","body":{"in_reply_to":39,"type":"read_ok","value":0}}
2026-02-26 12:45:14,213{GMT}	INFO	[jepsen worker 0] jepsen.util: 0	:ok	:read	[0 0]
2026-02-26 12:45:14,222{GMT}	INFO	[jepsen worker 1] jepsen.util: 1	:invoke	:cas	[0 [1 3]]
2026-02-26 12:45:14,224{GMT}	INFO	[n0 stderr] maelstrom.process: [2026-02-26T11:45:14.223329Z INFO  maelstrom::runtime] Received {"id":176,"src":"c3","dest":"n0","body":{"key":0,"from":1,"to":3,"type":"cas","msg_id":49}}
2026-02-26 12:45:14,225{GMT}	INFO	[n0 stderr] maelstrom.process: Node  received CAS (not implemented)
2026-02-26 12:45:14,225{GMT}	INFO	[n0 stderr] maelstrom.process: [2026-02-26T11:45:14.223653Z INFO  maelstrom::runtime] Sent {"src":"n0","dest":"c3","body":{"in_reply_to":49,"type":"cas_ok"}}
2026-02-26 12:45:14,226{GMT}	INFO	[jepsen worker 1] jepsen.util: 1	:ok	:cas	[0 [1 3]]
2026-02-26 12:45:14,242{GMT}	INFO	[jepsen worker 0] jepsen.util: 0	:invoke	:read	[0 nil]
2026-02-26 12:45:14,244{GMT}	INFO	[n0 stderr] maelstrom.process: [2026-02-26T11:45:14.244097Z INFO  maelstrom::runtime] Received {"id":178,"src":"c2","dest":"n0","body":{"key":0,"type":"read","msg_id":40}}
2026-02-26 12:45:14,244{GMT}	INFO	[n0 stderr] maelstrom.process: Node  received READ for key 0
2026-02-26 12:45:14,245{GMT}	INFO	[n0 stderr] maelstrom.process: [2026-02-26T11:45:14.244224Z INFO  maelstrom::runtime] Sent {"src":"n0","dest":"c2","body":{"in_reply_to":40,"type":"read_ok","value":0}}
2026-02-26 12:45:14,245{GMT}	INFO	[jepsen worker 0] jepsen.util: 0	:ok	:read	[0 0]
2026-02-26 12:45:14,262{GMT}	INFO	[jepsen worker 1] jepsen.util: 1	:invoke	:cas	[0 [4 4]]
2026-02-26 12:45:14,263{GMT}	INFO	[n0 stderr] maelstrom.process: [2026-02-26T11:45:14.263239Z INFO  maelstrom::runtime] Received {"id":180,"src":"c3","dest":"n0","body":{"key":0,"from":4,"to":4,"type":"cas","msg_id":50}}
2026-02-26 12:45:14,264{GMT}	INFO	[n0 stderr] maelstrom.process: Node  received CAS (not implemented)
2026-02-26 12:45:14,265{GMT}	INFO	[n0 stderr] maelstrom.process: [2026-02-26T11:45:14.263449Z INFO  maelstrom::runtime] Sent {"src":"n0","dest":"c3","body":{"in_reply_to":50,"type":"cas_ok"}}
2026-02-26 12:45:14,265{GMT}	INFO	[jepsen worker 1] jepsen.util: 1	:ok	:cas	[0 [4 4]]
2026-02-26 12:45:14,272{GMT}	INFO	[jepsen worker 0] jepsen.util: 0	:invoke	:read	[0 nil]
2026-02-26 12:45:14,274{GMT}	INFO	[n0 stderr] maelstrom.process: [2026-02-26T11:45:14.274010Z INFO  maelstrom::runtime] Received {"id":182,"src":"c2","dest":"n0","body":{"key":0,"type":"read","msg_id":41}}
2026-02-26 12:45:14,275{GMT}	INFO	[n0 stderr] maelstrom.process: Node  received READ for key 0
2026-02-26 12:45:14,275{GMT}	INFO	[n0 stderr] maelstrom.process: [2026-02-26T11:45:14.274153Z INFO  maelstrom::runtime] Sent {"src":"n0","dest":"c2","body":{"in_reply_to":41,"type":"read_ok","value":0}}
2026-02-26 12:45:14,276{GMT}	INFO	[jepsen worker 0] jepsen.util: 0	:ok	:read	[0 0]
2026-02-26 12:45:14,285{GMT}	INFO	[jepsen worker 1] jepsen.util: 1	:invoke	:cas	[0 [4 0]]
2026-02-26 12:45:14,287{GMT}	INFO	[n0 stderr] maelstrom.process: [2026-02-26T11:45:14.286880Z INFO  maelstrom::runtime] Received {"id":184,"src":"c3","dest":"n0","body":{"key":0,"from":4,"to":0,"type":"cas","msg_id":51}}
2026-02-26 12:45:14,287{GMT}	INFO	[n0 stderr] maelstrom.process: Node  received CAS (not implemented)
2026-02-26 12:45:14,287{GMT}	INFO	[n0 stderr] maelstrom.process: [2026-02-26T11:45:14.287026Z INFO  maelstrom::runtime] Sent {"src":"n0","dest":"c3","body":{"in_reply_to":51,"type":"cas_ok"}}
2026-02-26 12:45:14,287{GMT}	INFO	[jepsen worker 1] jepsen.util: 1	:ok	:cas	[0 [4 0]]
2026-02-26 12:45:14,290{GMT}	INFO	[jepsen worker 1] jepsen.util: 1	:invoke	:write	[0 4]
2026-02-26 12:45:14,291{GMT}	INFO	[n0 stderr] maelstrom.process: [2026-02-26T11:45:14.291288Z INFO  maelstrom::runtime] Received {"id":186,"src":"c3","dest":"n0","body":{"key":0,"value":4,"type":"write","msg_id":52}}
2026-02-26 12:45:14,291{GMT}	INFO	[n0 stderr] maelstrom.process: Node  received WRITE: 0=4
2026-02-26 12:45:14,291{GMT}	INFO	[n0 stderr] maelstrom.process: [2026-02-26T11:45:14.291479Z INFO  maelstrom::runtime] Sent {"src":"n0","dest":"c3","body":{"in_reply_to":52,"type":"write_ok"}}
2026-02-26 12:45:14,293{GMT}	INFO	[jepsen worker 1] jepsen.util: 1	:ok	:write	[0 4]
2026-02-26 12:45:14,309{GMT}	INFO	[jepsen worker 0] jepsen.util: 0	:invoke	:read	[0 nil]
2026-02-26 12:45:14,310{GMT}	INFO	[n0 stderr] maelstrom.process: [2026-02-26T11:45:14.310435Z INFO  maelstrom::runtime] Received {"id":188,"src":"c2","dest":"n0","body":{"key":0,"type":"read","msg_id":42}}
2026-02-26 12:45:14,311{GMT}	INFO	[n0 stderr] maelstrom.process: Node  received READ for key 0
2026-02-26 12:45:14,311{GMT}	INFO	[n0 stderr] maelstrom.process: [2026-02-26T11:45:14.310621Z INFO  maelstrom::runtime] Sent {"src":"n0","dest":"c2","body":{"in_reply_to":42,"type":"read_ok","value":0}}
2026-02-26 12:45:14,312{GMT}	INFO	[jepsen worker 0] jepsen.util: 0	:ok	:read	[0 0]
2026-02-26 12:45:14,326{GMT}	INFO	[jepsen worker 1] jepsen.util: 1	:invoke	:cas	[0 [3 0]]
2026-02-26 12:45:14,329{GMT}	INFO	[n0 stderr] maelstrom.process: [2026-02-26T11:45:14.328850Z INFO  maelstrom::runtime] Received {"id":190,"src":"c3","dest":"n0","body":{"key":0,"from":3,"to":0,"type":"cas","msg_id":53}}
2026-02-26 12:45:14,329{GMT}	INFO	[n0 stderr] maelstrom.process: Node  received CAS (not implemented)
2026-02-26 12:45:14,330{GMT}	INFO	[n0 stderr] maelstrom.process: [2026-02-26T11:45:14.329177Z INFO  maelstrom::runtime] Sent {"src":"n0","dest":"c3","body":{"in_reply_to":53,"type":"cas_ok"}}
2026-02-26 12:45:14,330{GMT}	INFO	[jepsen worker 1] jepsen.util: 1	:ok	:cas	[0 [3 0]]
2026-02-26 12:45:14,333{GMT}	INFO	[jepsen worker 1] jepsen.util: 1	:invoke	:write	[0 3]
2026-02-26 12:45:14,335{GMT}	INFO	[n0 stderr] maelstrom.process: [2026-02-26T11:45:14.335152Z INFO  maelstrom::runtime] Received {"id":192,"src":"c3","dest":"n0","body":{"key":0,"value":3,"type":"write","msg_id":54}}
2026-02-26 12:45:14,335{GMT}	INFO	[n0 stderr] maelstrom.process: Node  received WRITE: 0=3
2026-02-26 12:45:14,336{GMT}	INFO	[n0 stderr] maelstrom.process: [2026-02-26T11:45:14.335485Z INFO  maelstrom::runtime] Sent {"src":"n0","dest":"c3","body":{"in_reply_to":54,"type":"write_ok"}}
2026-02-26 12:45:14,336{GMT}	INFO	[jepsen worker 1] jepsen.util: 1	:ok	:write	[0 3]
2026-02-26 12:45:14,341{GMT}	INFO	[jepsen worker 0] jepsen.util: 0	:invoke	:read	[0 nil]
2026-02-26 12:45:14,343{GMT}	INFO	[n0 stderr] maelstrom.process: [2026-02-26T11:45:14.343297Z INFO  maelstrom::runtime] Received {"id":194,"src":"c2","dest":"n0","body":{"key":0,"type":"read","msg_id":43}}
2026-02-26 12:45:14,344{GMT}	INFO	[n0 stderr] maelstrom.process: Node  received READ for key 0
2026-02-26 12:45:14,344{GMT}	INFO	[n0 stderr] maelstrom.process: [2026-02-26T11:45:14.343479Z INFO  maelstrom::runtime] Sent {"src":"n0","dest":"c2","body":{"in_reply_to":43,"type":"read_ok","value":0}}
2026-02-26 12:45:14,344{GMT}	INFO	[jepsen worker 0] jepsen.util: 0	:ok	:read	[0 0]
2026-02-26 12:45:14,354{GMT}	INFO	[jepsen worker 0] jepsen.util: 0	:invoke	:read	[0 nil]
2026-02-26 12:45:14,356{GMT}	INFO	[n0 stderr] maelstrom.process: [2026-02-26T11:45:14.356451Z INFO  maelstrom::runtime] Received {"id":196,"src":"c2","dest":"n0","body":{"key":0,"type":"read","msg_id":44}}
2026-02-26 12:45:14,357{GMT}	INFO	[jepsen worker 1] jepsen.util: 1	:invoke	:write	[0 4]
2026-02-26 12:45:14,357{GMT}	INFO	[n0 stderr] maelstrom.process: Node  received READ for key 0
2026-02-26 12:45:14,357{GMT}	INFO	[n0 stderr] maelstrom.process: [2026-02-26T11:45:14.356900Z INFO  maelstrom::runtime] Sent {"src":"n0","dest":"c2","body":{"in_reply_to":44,"type":"read_ok","value":0}}
2026-02-26 12:45:14,358{GMT}	INFO	[jepsen worker 0] jepsen.util: 0	:ok	:read	[0 0]
2026-02-26 12:45:14,358{GMT}	INFO	[n0 stderr] maelstrom.process: [2026-02-26T11:45:14.358541Z INFO  maelstrom::runtime] Received {"id":197,"src":"c3","dest":"n0","body":{"key":0,"value":4,"type":"write","msg_id":55}}
2026-02-26 12:45:14,359{GMT}	INFO	[n0 stderr] maelstrom.process: Node  received WRITE: 0=4
2026-02-26 12:45:14,359{GMT}	INFO	[n0 stderr] maelstrom.process: [2026-02-26T11:45:14.358770Z INFO  maelstrom::runtime] Sent {"src":"n0","dest":"c3","body":{"in_reply_to":55,"type":"write_ok"}}
2026-02-26 12:45:14,359{GMT}	INFO	[jepsen worker 1] jepsen.util: 1	:ok	:write	[0 4]
2026-02-26 12:45:14,372{GMT}	INFO	[jepsen worker 1] jepsen.util: 1	:invoke	:cas	[0 [3 4]]
2026-02-26 12:45:14,374{GMT}	INFO	[n0 stderr] maelstrom.process: [2026-02-26T11:45:14.374595Z INFO  maelstrom::runtime] Received {"id":200,"src":"c3","dest":"n0","body":{"key":0,"from":3,"to":4,"type":"cas","msg_id":56}}
2026-02-26 12:45:14,375{GMT}	INFO	[n0 stderr] maelstrom.process: Node  received CAS (not implemented)
2026-02-26 12:45:14,376{GMT}	INFO	[n0 stderr] maelstrom.process: [2026-02-26T11:45:14.374844Z INFO  maelstrom::runtime] Sent {"src":"n0","dest":"c3","body":{"in_reply_to":56,"type":"cas_ok"}}
2026-02-26 12:45:14,376{GMT}	INFO	[jepsen worker 0] jepsen.util: 0	:invoke	:read	[0 nil]
2026-02-26 12:45:14,376{GMT}	INFO	[jepsen worker 1] jepsen.util: 1	:ok	:cas	[0 [3 4]]
2026-02-26 12:45:14,378{GMT}	INFO	[n0 stderr] maelstrom.process: [2026-02-26T11:45:14.378534Z INFO  maelstrom::runtime] Received {"id":202,"src":"c2","dest":"n0","body":{"key":0,"type":"read","msg_id":45}}
2026-02-26 12:45:14,379{GMT}	INFO	[n0 stderr] maelstrom.process: Node  received READ for key 0
2026-02-26 12:45:14,380{GMT}	INFO	[n0 stderr] maelstrom.process: [2026-02-26T11:45:14.378879Z INFO  maelstrom::runtime] Sent {"src":"n0","dest":"c2","body":{"in_reply_to":45,"type":"read_ok","value":0}}
2026-02-26 12:45:14,380{GMT}	INFO	[jepsen worker 0] jepsen.util: 0	:ok	:read	[0 0]
2026-02-26 12:45:14,381{GMT}	INFO	[jepsen worker 1] jepsen.util: 1	:invoke	:cas	[0 [0 0]]
2026-02-26 12:45:14,384{GMT}	INFO	[n0 stderr] maelstrom.process: [2026-02-26T11:45:14.383907Z INFO  maelstrom::runtime] Received {"id":204,"src":"c3","dest":"n0","body":{"key":0,"from":0,"to":0,"type":"cas","msg_id":57}}
2026-02-26 12:45:14,385{GMT}	INFO	[n0 stderr] maelstrom.process: Node  received CAS (not implemented)
2026-02-26 12:45:14,385{GMT}	INFO	[n0 stderr] maelstrom.process: [2026-02-26T11:45:14.384321Z INFO  maelstrom::runtime] Sent {"src":"n0","dest":"c3","body":{"in_reply_to":57,"type":"cas_ok"}}
2026-02-26 12:45:14,386{GMT}	INFO	[jepsen worker 1] jepsen.util: 1	:ok	:cas	[0 [0 0]]
2026-02-26 12:45:14,418{GMT}	INFO	[jepsen test runner] jepsen.core: Run complete, writing
2026-02-26 12:45:14,521{GMT}	INFO	[jepsen node n0] maelstrom.db: Tearing down n0
2026-02-26 12:45:16,351{GMT}	INFO	[jepsen node n0] maelstrom.net: Shutting down Maelstrom network
2026-02-26 12:45:16,352{GMT}	INFO	[jepsen test runner] jepsen.core: Analyzing...
2026-02-26 12:45:16,700{GMT}	WARN	[clojure-agent-send-off-pool-6] jepsen.checker: Error rendering linearizability analysis
java.lang.AssertionError: Assert failed: Expected index but got nil for op #knossos.op.Op{:process nil, :type nil, :f nil, :value nil, :index nil}
i
	at knossos.linear.report$time_coords$fn__10900.invoke(report.clj:184)
	at clojure.core$map$fn__5954.invoke(core.clj:2770)
	at clojure.lang.LazySeq.force(LazySeq.java:50)
	at clojure.lang.LazySeq.realize(LazySeq.java:89)
	at clojure.lang.LazySeq.seq(LazySeq.java:106)
	at clojure.lang.RT.seq(RT.java:555)
	at clojure.core$seq__5486.invokeStatic(core.clj:139)
	at clojure.core.protocols$seq_reduce.invokeStatic(protocols.clj:24)
	at clojure.core.protocols$fn__8262.invokeStatic(protocols.clj:74)
	at clojure.core.protocols$fn__8262.invoke(protocols.clj:74)
	at clojure.core.protocols$fn__8203$G__8198__8216.invoke(protocols.clj:13)
	at clojure.core$reduce.invokeStatic(core.clj:6965)
	at clojure.core$into.invokeStatic(core.clj:7038)
	at clojure.core$into.invoke(core.clj:7029)
	at knossos.linear.report$time_coords.invokeStatic(report.clj:194)
	at knossos.linear.report$time_coords.invoke(report.clj:177)
	at knossos.linear.report$learnings.invokeStatic(report.clj:442)
	at knossos.linear.report$learnings.invoke(report.clj:422)
	at knossos.linear.report$render_analysis_BANG_.invokeStatic(report.clj:654)
	at knossos.linear.report$render_analysis_BANG_.invoke(report.clj:649)
	at jepsen.checker$linearizable$reify__11134$fn__11136.invoke(checker.clj:226)
	at jepsen.checker$linearizable$reify__11134.check(checker.clj:224)
	at jepsen.checker$check_safe.invokeStatic(checker.clj:88)
	at jepsen.checker$check_safe.invoke(checker.clj:80)
	at jepsen.checker$compose$reify__11089$fn__11091.invoke(checker.clj:104)
	at clojure.core$pmap$fn__8582$fn__8583.invoke(core.clj:7169)
	at clojure.core$binding_conveyor_fn$fn__5842.invoke(core.clj:2047)
	at clojure.lang.AFn.call(AFn.java:18)
	at java.base/java.util.concurrent.FutureTask.run(FutureTask.java:328)
	at java.base/java.util.concurrent.ThreadPoolExecutor.runWorker(ThreadPoolExecutor.java:1090)
	at java.base/java.util.concurrent.ThreadPoolExecutor$Worker.run(ThreadPoolExecutor.java:614)
	at java.base/java.lang.Thread.run(Thread.java:1474)
2026-02-26 12:45:16,739{GMT}	INFO	[clojure-agent-send-pool-0] jepsen.independent: Wrote /home/tim/Work/ID2203/omnipaxos-kv-main/store/lin-kv/20260226T124512.219+0100/independent/0/results.edn
2026-02-26 12:45:16,746{GMT}	INFO	[clojure-agent-send-pool-0] jepsen.independent: Wrote /home/tim/Work/ID2203/omnipaxos-kv-main/store/lin-kv/20260226T124512.219+0100/independent/0/history.edn
2026-02-26 12:45:16,913{GMT}	INFO	[jepsen test runner] jepsen.core: Analysis complete
2026-02-26 12:45:16,931{GMT}	INFO	[jepsen results] jepsen.store: Wrote /home/tim/Work/ID2203/omnipaxos-kv-main/store/lin-kv/20260226T124512.219+0100/results.edn
2026-02-26 12:45:16,948{GMT}	INFO	[jepsen test runner] jepsen.core: {:perf {:latency-graph {:valid? true},
        :rate-graph {:valid? true},
        :valid? true},
 :timeline {:valid? true},
 :exceptions {:valid? true},
 :stats {:valid? true,
         :count 102,
         :ok-count 102,
         :fail-count 0,
         :info-count 0,
         :by-f {:cas {:valid? true,
                      :count 33,
                      :ok-count 33,
                      :fail-count 0,
                      :info-count 0},
                :read {:valid? true,
                       :count 45,
                       :ok-count 45,
                       :fail-count 0,
                       :info-count 0},
                :write {:valid? true,
                        :count 24,
                        :ok-count 24,
                        :fail-count 0,
                        :info-count 0}}},
 :availability {:valid? true, :ok-fraction 1.0},
 :net {:all {:send-count 206,
             :recv-count 206,
             :msg-count 206,
             :msgs-per-op 2.0196078},
       :clients {:send-count 206, :recv-count 206, :msg-count 206},
       :servers {:send-count 0,
                 :recv-count 0,
                 :msg-count 0,
                 :msgs-per-op 0.0},
       :valid? true},
 :workload {:valid? false,
            :results {0 {:linearizable {:valid? false,
                                        :configs ({:model #knossos.model.CASRegister{:value nil},
                                                   :last-op nil,
                                                   :pending [{:process 0,
                                                              :type :invoke,
                                                              :f :read,
                                                              :value 0,
                                                              :index 0,
                                                              :time 10544801}
                                                             {:process 1,
                                                              :type :invoke,
                                                              :f :cas,
                                                              :value [3
                                                                      1],
                                                              :index 1,
                                                              :time 17149247}]}),
                                        :final-paths ([{:op nil,
                                                        :model #knossos.model.CASRegister{:value nil}}
                                                       {:op {:process 1,
                                                             :type :ok,
                                                             :f :cas,
                                                             :value [3
                                                                     1],
                                                             :index 2,
                                                             :time 27612657},
                                                        :model #knossos.model.Inconsistent{:msg "can't CAS  from 3 to 1"}}]
                                                      [{:op nil,
                                                        :model #knossos.model.CASRegister{:value nil}}
                                                       {:op {:process 0,
                                                             :type :invoke,
                                                             :f :read,
                                                             :value 0,
                                                             :index 0,
                                                             :time 10544801},
                                                        :model #knossos.model.Inconsistent{:msg "can't read 0 from register "}}]),
                                        :previous-ok nil,
                                        :last-op nil,
                                        :op {:process 1,
                                             :type :ok,
                                             :f :cas,
                                             :value [3 1],
                                             :index 2,
                                             :time 27612657}},
                         :timeline {:valid? true},
                         :valid? false}},
            :failures [0]},
 :valid? false}


Analysis invalid! (ﾉಥ益ಥ）ﾉ ┻━┻
