Initializing with 0 nodes: ""
[2026-02-26T13:00:15.969328Z INFO  maelstrom::runtime] Received {"id":0,"src":"c0","dest":"n0","body":{"type":"init","node_id":"n0","node_ids":["n0"],"msg_id":1}}
[2026-02-26T13:00:15.969580Z INFO  maelstrom::runtime] Sent {"src":"n0","dest":"c0","body":{"in_reply_to":1,"type":"init_ok"}}
[2026-02-26T13:00:15.991653Z INFO  maelstrom::runtime] Received {"id":2,"src":"c2","dest":"n0","body":{"key":0,"type":"read","msg_id":1}}
Node  received READ for key 0
[2026-02-26T13:00:15.991726Z INFO  maelstrom::runtime] Sent {"src":"n0","dest":"c2","body":{"in_reply_to":1,"type":"read_ok","value":0}}
[2026-02-26T13:00:16.007849Z INFO  maelstrom::runtime] Received {"id":4,"src":"c2","dest":"n0","body":{"key":0,"type":"read","msg_id":2}}
Node  received READ for key 0
[2026-02-26T13:00:16.008432Z INFO  maelstrom::runtime] Sent {"src":"n0","dest":"c2","body":{"in_reply_to":2,"type":"read_ok","value":0}}
[2026-02-26T13:00:16.014926Z INFO  maelstrom::runtime] Received {"id":6,"src":"c2","dest":"n0","body":{"key":0,"type":"read","msg_id":3}}
Node  received READ for key 0
[2026-02-26T13:00:16.015151Z INFO  maelstrom::runtime] Sent {"src":"n0","dest":"c2","body":{"in_reply_to":3,"type":"read_ok","value":0}}
[2026-02-26T13:00:16.042390Z INFO  maelstrom::runtime] Received {"id":9,"src":"c2","dest":"n0","body":{"key":0,"type":"read","msg_id":4}}
Node  received READ for key 0
[2026-02-26T13:00:16.044527Z INFO  maelstrom::runtime] Received {"id":8,"src":"c3","dest":"n0","body":{"key":0,"from":3,"to":1,"type":"cas","msg_id":1}}
[2026-02-26T13:00:16.044559Z INFO  maelstrom::runtime] Sent {"src":"n0","dest":"c2","body":{"in_reply_to":4,"type":"read_ok","value":0}}
Node  received CAS (not implemented)
[2026-02-26T13:00:16.044947Z INFO  maelstrom::runtime] Sent {"src":"n0","dest":"c3","body":{"in_reply_to":1,"type":"cas_ok"}}
[2026-02-26T13:00:16.062466Z INFO  maelstrom::runtime] Received {"id":12,"src":"c2","dest":"n0","body":{"key":0,"type":"read","msg_id":5}}
Node  received READ for key 0
[2026-02-26T13:00:16.062751Z INFO  maelstrom::runtime] Sent {"src":"n0","dest":"c2","body":{"in_reply_to":5,"type":"read_ok","value":0}}
[2026-02-26T13:00:16.070848Z INFO  maelstrom::runtime] Received {"id":14,"src":"c3","dest":"n0","body":{"key":0,"from":1,"to":4,"type":"cas","msg_id":2}}
Node  received CAS (not implemented)
[2026-02-26T13:00:16.071027Z INFO  maelstrom::runtime] Sent {"src":"n0","dest":"c3","body":{"in_reply_to":2,"type":"cas_ok"}}
[2026-02-26T13:00:16.081361Z INFO  maelstrom::runtime] Received {"id":16,"src":"c2","dest":"n0","body":{"key":0,"type":"read","msg_id":6}}
Node  received READ for key 0
[2026-02-26T13:00:16.081450Z INFO  maelstrom::runtime] Sent {"src":"n0","dest":"c2","body":{"in_reply_to":6,"type":"read_ok","value":0}}
[2026-02-26T13:00:16.089247Z INFO  maelstrom::runtime] Received {"id":18,"src":"c2","dest":"n0","body":{"key":0,"type":"read","msg_id":7}}
Node  received READ for key 0
[2026-02-26T13:00:16.089337Z INFO  maelstrom::runtime] Sent {"src":"n0","dest":"c2","body":{"in_reply_to":7,"type":"read_ok","value":0}}
[2026-02-26T13:00:16.114338Z INFO  maelstrom::runtime] Received {"id":20,"src":"c2","dest":"n0","body":{"key":0,"type":"read","msg_id":8}}
Node  received READ for key 0
[2026-02-26T13:00:16.114566Z INFO  maelstrom::runtime] Sent {"src":"n0","dest":"c2","body":{"in_reply_to":8,"type":"read_ok","value":0}}
[2026-02-26T13:00:16.118177Z INFO  maelstrom::runtime] Received {"id":22,"src":"c3","dest":"n0","body":{"key":0,"from":0,"to":1,"type":"cas","msg_id":3}}
Node  received CAS (not implemented)
[2026-02-26T13:00:16.118423Z INFO  maelstrom::runtime] Sent {"src":"n0","dest":"c3","body":{"in_reply_to":3,"type":"cas_ok"}}
[2026-02-26T13:00:16.144706Z INFO  maelstrom::runtime] Received {"id":24,"src":"c3","dest":"n0","body":{"key":0,"value":2,"type":"write","msg_id":4}}
Node  received WRITE: 0=2
[2026-02-26T13:00:16.145190Z INFO  maelstrom::runtime] Sent {"src":"n0","dest":"c3","body":{"in_reply_to":4,"type":"write_ok"}}
[2026-02-26T13:00:16.161217Z INFO  maelstrom::runtime] Received {"id":26,"src":"c2","dest":"n0","body":{"key":0,"type":"read","msg_id":9}}
Node  received READ for key 0
[2026-02-26T13:00:16.161620Z INFO  maelstrom::runtime] Sent {"src":"n0","dest":"c2","body":{"in_reply_to":9,"type":"read_ok","value":0}}
[2026-02-26T13:00:16.170674Z INFO  maelstrom::runtime] Received {"id":28,"src":"c3","dest":"n0","body":{"key":0,"value":0,"type":"write","msg_id":5}}
Node  received WRITE: 0=0
[2026-02-26T13:00:16.171177Z INFO  maelstrom::runtime] Sent {"src":"n0","dest":"c3","body":{"in_reply_to":5,"type":"write_ok"}}
[2026-02-26T13:00:16.186316Z INFO  maelstrom::runtime] Received {"id":30,"src":"c2","dest":"n0","body":{"key":0,"type":"read","msg_id":10}}
Node  received READ for key 0
[2026-02-26T13:00:16.186470Z INFO  maelstrom::runtime] Sent {"src":"n0","dest":"c2","body":{"in_reply_to":10,"type":"read_ok","value":0}}
[2026-02-26T13:00:16.196913Z INFO  maelstrom::runtime] Received {"id":32,"src":"c3","dest":"n0","body":{"key":0,"from":0,"to":1,"type":"cas","msg_id":6}}
Node  received CAS (not implemented)
[2026-02-26T13:00:16.197000Z INFO  maelstrom::runtime] Sent {"src":"n0","dest":"c3","body":{"in_reply_to":6,"type":"cas_ok"}}
[2026-02-26T13:00:16.205425Z INFO  maelstrom::runtime] Received {"id":34,"src":"c2","dest":"n0","body":{"key":0,"type":"read","msg_id":11}}
Node  received READ for key 0
[2026-02-26T13:00:16.205545Z INFO  maelstrom::runtime] Sent {"src":"n0","dest":"c2","body":{"in_reply_to":11,"type":"read_ok","value":0}}
[2026-02-26T13:00:16.206056Z INFO  maelstrom::runtime] Received {"id":35,"src":"c3","dest":"n0","body":{"key":0,"from":0,"to":2,"type":"cas","msg_id":7}}
Node  received CAS (not implemented)
[2026-02-26T13:00:16.206100Z INFO  maelstrom::runtime] Sent {"src":"n0","dest":"c3","body":{"in_reply_to":7,"type":"cas_ok"}}
[2026-02-26T13:00:16.220969Z INFO  maelstrom::runtime] Received {"id":38,"src":"c2","dest":"n0","body":{"key":0,"type":"read","msg_id":12}}
Node  received READ for key 0
[2026-02-26T13:00:16.221099Z INFO  maelstrom::runtime] Sent {"src":"n0","dest":"c2","body":{"in_reply_to":12,"type":"read_ok","value":0}}
[2026-02-26T13:00:16.235103Z INFO  maelstrom::runtime] Received {"id":40,"src":"c2","dest":"n0","body":{"key":0,"type":"read","msg_id":13}}
Node  received READ for key 0
[2026-02-26T13:00:16.235722Z INFO  maelstrom::runtime] Sent {"src":"n0","dest":"c2","body":{"in_reply_to":13,"type":"read_ok","value":0}}
[2026-02-26T13:00:16.248021Z INFO  maelstrom::runtime] Received {"id":42,"src":"c3","dest":"n0","body":{"key":0,"from":0,"to":1,"type":"cas","msg_id":8}}
Node  received CAS (not implemented)
[2026-02-26T13:00:16.248467Z INFO  maelstrom::runtime] Sent {"src":"n0","dest":"c3","body":{"in_reply_to":8,"type":"cas_ok"}}
[2026-02-26T13:00:16.248888Z INFO  maelstrom::runtime] Received {"id":43,"src":"c2","dest":"n0","body":{"key":0,"type":"read","msg_id":14}}
Node  received READ for key 0
[2026-02-26T13:00:16.250029Z INFO  maelstrom::runtime] Sent {"src":"n0","dest":"c2","body":{"in_reply_to":14,"type":"read_ok","value":0}}
[2026-02-26T13:00:16.267481Z INFO  maelstrom::runtime] Received {"id":46,"src":"c2","dest":"n0","body":{"key":0,"type":"read","msg_id":15}}
Node  received READ for key 0
[2026-02-26T13:00:16.267821Z INFO  maelstrom::runtime] Sent {"src":"n0","dest":"c2","body":{"in_reply_to":15,"type":"read_ok","value":0}}
[2026-02-26T13:00:16.270640Z INFO  maelstrom::runtime] Received {"id":48,"src":"c3","dest":"n0","body":{"key":0,"from":1,"to":3,"type":"cas","msg_id":9}}
Node  received CAS (not implemented)
[2026-02-26T13:00:16.271013Z INFO  maelstrom::runtime] Sent {"src":"n0","dest":"c3","body":{"in_reply_to":9,"type":"cas_ok"}}
[2026-02-26T13:00:16.287589Z INFO  maelstrom::runtime] Received {"id":50,"src":"c2","dest":"n0","body":{"key":0,"type":"read","msg_id":16}}
Node  received READ for key 0
[2026-02-26T13:00:16.287662Z INFO  maelstrom::runtime] Sent {"src":"n0","dest":"c2","body":{"in_reply_to":16,"type":"read_ok","value":0}}
[2026-02-26T13:00:16.302737Z INFO  maelstrom::runtime] Received {"id":52,"src":"c2","dest":"n0","body":{"key":0,"type":"read","msg_id":17}}
Node  received READ for key 0
[2026-02-26T13:00:16.302777Z INFO  maelstrom::runtime] Sent {"src":"n0","dest":"c2","body":{"in_reply_to":17,"type":"read_ok","value":0}}
[2026-02-26T13:00:16.307700Z INFO  maelstrom::runtime] Received {"id":54,"src":"c2","dest":"n0","body":{"key":0,"type":"read","msg_id":18}}
Node  received READ for key 0
[2026-02-26T13:00:16.307767Z INFO  maelstrom::runtime] Sent {"src":"n0","dest":"c2","body":{"in_reply_to":18,"type":"read_ok","value":0}}
[2026-02-26T13:00:16.320548Z INFO  maelstrom::runtime] Received {"id":57,"src":"c3","dest":"n0","body":{"key":0,"from":3,"to":0,"type":"cas","msg_id":10}}
[2026-02-26T13:00:16.320636Z INFO  maelstrom::runtime] Received {"id":56,"src":"c2","dest":"n0","body":{"key":0,"type":"read","msg_id":19}}
Node  received CAS (not implemented)
Node  received READ for key 0
[2026-02-26T13:00:16.320687Z INFO  maelstrom::runtime] Sent {"src":"n0","dest":"c3","body":{"in_reply_to":10,"type":"cas_ok"}}
[2026-02-26T13:00:16.320709Z INFO  maelstrom::runtime] Sent {"src":"n0","dest":"c2","body":{"in_reply_to":19,"type":"read_ok","value":0}}
[2026-02-26T13:00:16.337816Z INFO  maelstrom::runtime] Received {"id":60,"src":"c2","dest":"n0","body":{"key":0,"type":"read","msg_id":20}}
Node  received READ for key 0
[2026-02-26T13:00:16.339040Z INFO  maelstrom::runtime] Received {"id":61,"src":"c3","dest":"n0","body":{"key":0,"from":1,"to":4,"type":"cas","msg_id":11}}
[2026-02-26T13:00:16.339061Z INFO  maelstrom::runtime] Sent {"src":"n0","dest":"c2","body":{"in_reply_to":20,"type":"read_ok","value":0}}
Node  received CAS (not implemented)
[2026-02-26T13:00:16.341641Z INFO  maelstrom::runtime] Sent {"src":"n0","dest":"c3","body":{"in_reply_to":11,"type":"cas_ok"}}
[2026-02-26T13:00:16.358656Z INFO  maelstrom::runtime] Received {"id":64,"src":"c2","dest":"n0","body":{"key":0,"type":"read","msg_id":21}}
Node  received READ for key 0
[2026-02-26T13:00:16.358989Z INFO  maelstrom::runtime] Sent {"src":"n0","dest":"c2","body":{"in_reply_to":21,"type":"read_ok","value":0}}
[2026-02-26T13:00:16.371586Z INFO  maelstrom::runtime] Received {"id":66,"src":"c2","dest":"n0","body":{"key":0,"type":"read","msg_id":22}}
Node  received READ for key 0
[2026-02-26T13:00:16.372023Z INFO  maelstrom::runtime] Sent {"src":"n0","dest":"c2","body":{"in_reply_to":22,"type":"read_ok","value":0}}
[2026-02-26T13:00:16.382221Z INFO  maelstrom::runtime] Received {"id":68,"src":"c3","dest":"n0","body":{"key":0,"from":1,"to":0,"type":"cas","msg_id":12}}
Node  received CAS (not implemented)
[2026-02-26T13:00:16.382384Z INFO  maelstrom::runtime] Sent {"src":"n0","dest":"c3","body":{"in_reply_to":12,"type":"cas_ok"}}
[2026-02-26T13:00:16.392873Z INFO  maelstrom::runtime] Received {"id":70,"src":"c2","dest":"n0","body":{"key":0,"type":"read","msg_id":23}}
Node  received READ for key 0
[2026-02-26T13:00:16.392994Z INFO  maelstrom::runtime] Sent {"src":"n0","dest":"c2","body":{"in_reply_to":23,"type":"read_ok","value":0}}
[2026-02-26T13:00:16.411288Z INFO  maelstrom::runtime] Received {"id":72,"src":"c3","dest":"n0","body":{"key":0,"from":4,"to":1,"type":"cas","msg_id":13}}
Node  received CAS (not implemented)
[2026-02-26T13:00:16.411701Z INFO  maelstrom::runtime] Sent {"src":"n0","dest":"c3","body":{"in_reply_to":13,"type":"cas_ok"}}
[2026-02-26T13:00:16.427661Z INFO  maelstrom::runtime] Received {"id":74,"src":"c2","dest":"n0","body":{"key":0,"type":"read","msg_id":24}}
Node  received READ for key 0
[2026-02-26T13:00:16.428022Z INFO  maelstrom::runtime] Sent {"src":"n0","dest":"c2","body":{"in_reply_to":24,"type":"read_ok","value":0}}
[2026-02-26T13:00:16.433820Z INFO  maelstrom::runtime] Received {"id":76,"src":"c3","dest":"n0","body":{"key":0,"from":0,"to":4,"type":"cas","msg_id":14}}
Node  received CAS (not implemented)
[2026-02-26T13:00:16.433991Z INFO  maelstrom::runtime] Sent {"src":"n0","dest":"c3","body":{"in_reply_to":14,"type":"cas_ok"}}
[2026-02-26T13:00:16.437835Z INFO  maelstrom::runtime] Received {"id":78,"src":"c2","dest":"n0","body":{"key":0,"type":"read","msg_id":25}}
Node  received READ for key 0
[2026-02-26T13:00:16.438071Z INFO  maelstrom::runtime] Sent {"src":"n0","dest":"c2","body":{"in_reply_to":25,"type":"read_ok","value":0}}
[2026-02-26T13:00:16.447848Z INFO  maelstrom::runtime] Received {"id":80,"src":"c3","dest":"n0","body":{"key":0,"from":3,"to":3,"type":"cas","msg_id":15}}
Node  received CAS (not implemented)
[2026-02-26T13:00:16.448026Z INFO  maelstrom::runtime] Sent {"src":"n0","dest":"c3","body":{"in_reply_to":15,"type":"cas_ok"}}
[2026-02-26T13:00:16.462779Z INFO  maelstrom::runtime] Received {"id":82,"src":"c2","dest":"n0","body":{"key":0,"type":"read","msg_id":26}}
Node  received READ for key 0
[2026-02-26T13:00:16.462862Z INFO  maelstrom::runtime] Sent {"src":"n0","dest":"c2","body":{"in_reply_to":26,"type":"read_ok","value":0}}
[2026-02-26T13:00:16.466517Z INFO  maelstrom::runtime] Received {"id":84,"src":"c3","dest":"n0","body":{"key":0,"from":2,"to":1,"type":"cas","msg_id":16}}
Node  received CAS (not implemented)
[2026-02-26T13:00:16.466593Z INFO  maelstrom::runtime] Sent {"src":"n0","dest":"c3","body":{"in_reply_to":16,"type":"cas_ok"}}
[2026-02-26T13:00:16.484509Z INFO  maelstrom::runtime] Received {"id":86,"src":"c3","dest":"n0","body":{"key":0,"from":4,"to":1,"type":"cas","msg_id":17}}
Node  received CAS (not implemented)
[2026-02-26T13:00:16.485535Z INFO  maelstrom::runtime] Sent {"src":"n0","dest":"c3","body":{"in_reply_to":17,"type":"cas_ok"}}
[2026-02-26T13:00:16.505701Z INFO  maelstrom::runtime] Received {"id":88,"src":"c2","dest":"n0","body":{"key":0,"type":"read","msg_id":27}}
Node  received READ for key 0
[2026-02-26T13:00:16.506200Z INFO  maelstrom::runtime] Sent {"src":"n0","dest":"c2","body":{"in_reply_to":27,"type":"read_ok","value":0}}
[2026-02-26T13:00:16.506933Z INFO  maelstrom::runtime] Received {"id":89,"src":"c3","dest":"n0","body":{"key":0,"from":1,"to":0,"type":"cas","msg_id":18}}
Node  received CAS (not implemented)
[2026-02-26T13:00:16.507076Z INFO  maelstrom::runtime] Sent {"src":"n0","dest":"c3","body":{"in_reply_to":18,"type":"cas_ok"}}
[2026-02-26T13:00:16.510844Z INFO  maelstrom::runtime] Received {"id":92,"src":"c2","dest":"n0","body":{"key":0,"type":"read","msg_id":28}}
Node  received READ for key 0
[2026-02-26T13:00:16.510956Z INFO  maelstrom::runtime] Sent {"src":"n0","dest":"c2","body":{"in_reply_to":28,"type":"read_ok","value":0}}
[2026-02-26T13:00:16.532522Z INFO  maelstrom::runtime] Received {"id":94,"src":"c2","dest":"n0","body":{"key":0,"type":"read","msg_id":29}}
Node  received READ for key 0
[2026-02-26T13:00:16.532655Z INFO  maelstrom::runtime] Sent {"src":"n0","dest":"c2","body":{"in_reply_to":29,"type":"read_ok","value":0}}
[2026-02-26T13:00:16.539024Z INFO  maelstrom::runtime] Received {"id":96,"src":"c2","dest":"n0","body":{"key":0,"type":"read","msg_id":30}}
Node  received READ for key 0
[2026-02-26T13:00:16.539154Z INFO  maelstrom::runtime] Sent {"src":"n0","dest":"c2","body":{"in_reply_to":30,"type":"read_ok","value":0}}
[2026-02-26T13:00:16.551583Z INFO  maelstrom::runtime] Received {"id":98,"src":"c3","dest":"n0","body":{"key":0,"value":0,"type":"write","msg_id":19}}
Node  received WRITE: 0=0
[2026-02-26T13:00:16.551754Z INFO  maelstrom::runtime] Sent {"src":"n0","dest":"c3","body":{"in_reply_to":19,"type":"write_ok"}}
[2026-02-26T13:00:16.564913Z INFO  maelstrom::runtime] Received {"id":100,"src":"c2","dest":"n0","body":{"key":0,"type":"read","msg_id":31}}
Node  received READ for key 0
[2026-02-26T13:00:16.565026Z INFO  maelstrom::runtime] Sent {"src":"n0","dest":"c2","body":{"in_reply_to":31,"type":"read_ok","value":0}}
[2026-02-26T13:00:16.580212Z INFO  maelstrom::runtime] Received {"id":102,"src":"c2","dest":"n0","body":{"key":0,"type":"read","msg_id":32}}
Node  received READ for key 0
[2026-02-26T13:00:16.580448Z INFO  maelstrom::runtime] Sent {"src":"n0","dest":"c2","body":{"in_reply_to":32,"type":"read_ok","value":0}}
[2026-02-26T13:00:16.594689Z INFO  maelstrom::runtime] Received {"id":104,"src":"c3","dest":"n0","body":{"key":0,"from":3,"to":4,"type":"cas","msg_id":20}}
Node  received CAS (not implemented)
[2026-02-26T13:00:16.598201Z INFO  maelstrom::runtime] Sent {"src":"n0","dest":"c3","body":{"in_reply_to":20,"type":"cas_ok"}}
[2026-02-26T13:00:16.598536Z INFO  maelstrom::runtime] Received {"id":105,"src":"c2","dest":"n0","body":{"key":0,"type":"read","msg_id":33}}
Node  received READ for key 0
[2026-02-26T13:00:16.598960Z INFO  maelstrom::runtime] Sent {"src":"n0","dest":"c2","body":{"in_reply_to":33,"type":"read_ok","value":0}}
[2026-02-26T13:00:16.621133Z INFO  maelstrom::runtime] Received {"id":108,"src":"c3","dest":"n0","body":{"key":0,"value":1,"type":"write","msg_id":21}}
Node  received WRITE: 0=1
[2026-02-26T13:00:16.623045Z INFO  maelstrom::runtime] Sent {"src":"n0","dest":"c3","body":{"in_reply_to":21,"type":"write_ok"}}
[2026-02-26T13:00:16.646642Z INFO  maelstrom::runtime] Received {"id":110,"src":"c3","dest":"n0","body":{"key":0,"value":1,"type":"write","msg_id":22}}
Node  received WRITE: 0=1
[2026-02-26T13:00:16.647026Z INFO  maelstrom::runtime] Sent {"src":"n0","dest":"c3","body":{"in_reply_to":22,"type":"write_ok"}}
[2026-02-26T13:00:16.649968Z INFO  maelstrom::runtime] Received {"id":112,"src":"c2","dest":"n0","body":{"key":0,"type":"read","msg_id":34}}
Node  received READ for key 0
[2026-02-26T13:00:16.650057Z INFO  maelstrom::runtime] Sent {"src":"n0","dest":"c2","body":{"in_reply_to":34,"type":"read_ok","value":0}}
[2026-02-26T13:00:16.660806Z INFO  maelstrom::runtime] Received {"id":114,"src":"c2","dest":"n0","body":{"key":0,"type":"read","msg_id":35}}
Node  received READ for key 0
[2026-02-26T13:00:16.660882Z INFO  maelstrom::runtime] Sent {"src":"n0","dest":"c2","body":{"in_reply_to":35,"type":"read_ok","value":0}}
[2026-02-26T13:00:16.671441Z INFO  maelstrom::runtime] Received {"id":116,"src":"c3","dest":"n0","body":{"key":0,"from":2,"to":1,"type":"cas","msg_id":23}}
Node  received CAS (not implemented)
[2026-02-26T13:00:16.671510Z INFO  maelstrom::runtime] Sent {"src":"n0","dest":"c3","body":{"in_reply_to":23,"type":"cas_ok"}}
[2026-02-26T13:00:16.689353Z INFO  maelstrom::runtime] Received {"id":118,"src":"c3","dest":"n0","body":{"key":0,"value":2,"type":"write","msg_id":24}}
Node  received WRITE: 0=2
[2026-02-26T13:00:16.689607Z INFO  maelstrom::runtime] Sent {"src":"n0","dest":"c3","body":{"in_reply_to":24,"type":"write_ok"}}
[2026-02-26T13:00:16.706748Z INFO  maelstrom::runtime] Received {"id":120,"src":"c3","dest":"n0","body":{"key":0,"value":2,"type":"write","msg_id":25}}
[2026-02-26T13:00:16.706941Z INFO  maelstrom::runtime] Received {"id":121,"src":"c2","dest":"n0","body":{"key":0,"type":"read","msg_id":36}}
Node  received WRITE: 0=2
Node  received READ for key 0
[2026-02-26T13:00:16.707115Z INFO  maelstrom::runtime] Sent {"src":"n0","dest":"c3","body":{"in_reply_to":25,"type":"write_ok"}}
[2026-02-26T13:00:16.707360Z INFO  maelstrom::runtime] Sent {"src":"n0","dest":"c2","body":{"in_reply_to":36,"type":"read_ok","value":0}}
[2026-02-26T13:00:16.725546Z INFO  maelstrom::runtime] Received {"id":124,"src":"c2","dest":"n0","body":{"key":0,"type":"read","msg_id":37}}
Node  received READ for key 0
[2026-02-26T13:00:16.725844Z INFO  maelstrom::runtime] Sent {"src":"n0","dest":"c2","body":{"in_reply_to":37,"type":"read_ok","value":0}}
[2026-02-26T13:00:16.742292Z INFO  maelstrom::runtime] Received {"id":126,"src":"c3","dest":"n0","body":{"key":0,"value":1,"type":"write","msg_id":26}}
Node  received WRITE: 0=1
[2026-02-26T13:00:16.742408Z INFO  maelstrom::runtime] Sent {"src":"n0","dest":"c3","body":{"in_reply_to":26,"type":"write_ok"}}
[2026-02-26T13:00:16.758076Z INFO  maelstrom::runtime] Received {"id":128,"src":"c2","dest":"n0","body":{"key":0,"type":"read","msg_id":38}}
Node  received READ for key 0
[2026-02-26T13:00:16.758397Z INFO  maelstrom::runtime] Sent {"src":"n0","dest":"c2","body":{"in_reply_to":38,"type":"read_ok","value":0}}
[2026-02-26T13:00:16.779749Z INFO  maelstrom::runtime] Received {"id":130,"src":"c3","dest":"n0","body":{"key":0,"from":0,"to":0,"type":"cas","msg_id":27}}
Node  received CAS (not implemented)
[2026-02-26T13:00:16.780145Z INFO  maelstrom::runtime] Sent {"src":"n0","dest":"c3","body":{"in_reply_to":27,"type":"cas_ok"}}
[2026-02-26T13:00:16.787159Z INFO  maelstrom::runtime] Received {"id":132,"src":"c2","dest":"n0","body":{"key":0,"type":"read","msg_id":39}}
Node  received READ for key 0
[2026-02-26T13:00:16.787514Z INFO  maelstrom::runtime] Sent {"src":"n0","dest":"c2","body":{"in_reply_to":39,"type":"read_ok","value":0}}
[2026-02-26T13:00:16.796029Z INFO  maelstrom::runtime] Received {"id":134,"src":"c2","dest":"n0","body":{"key":0,"type":"read","msg_id":40}}
Node  received READ for key 0
[2026-02-26T13:00:16.796132Z INFO  maelstrom::runtime] Sent {"src":"n0","dest":"c2","body":{"in_reply_to":40,"type":"read_ok","value":0}}
[2026-02-26T13:00:16.797922Z INFO  maelstrom::runtime] Received {"id":136,"src":"c2","dest":"n0","body":{"key":0,"type":"read","msg_id":41}}
Node  received READ for key 0
[2026-02-26T13:00:16.798020Z INFO  maelstrom::runtime] Sent {"src":"n0","dest":"c2","body":{"in_reply_to":41,"type":"read_ok","value":0}}
[2026-02-26T13:00:16.814177Z INFO  maelstrom::runtime] Received {"id":138,"src":"c3","dest":"n0","body":{"key":0,"from":1,"to":4,"type":"cas","msg_id":28}}
Node  received CAS (not implemented)
[2026-02-26T13:00:16.814318Z INFO  maelstrom::runtime] Sent {"src":"n0","dest":"c3","body":{"in_reply_to":28,"type":"cas_ok"}}
[2026-02-26T13:00:16.818093Z INFO  maelstrom::runtime] Received {"id":140,"src":"c3","dest":"n0","body":{"key":0,"from":0,"to":4,"type":"cas","msg_id":29}}
Node  received CAS (not implemented)
[2026-02-26T13:00:16.818169Z INFO  maelstrom::runtime] Sent {"src":"n0","dest":"c3","body":{"in_reply_to":29,"type":"cas_ok"}}
[2026-02-26T13:00:16.818470Z INFO  maelstrom::runtime] Received {"id":141,"src":"c2","dest":"n0","body":{"key":0,"type":"read","msg_id":42}}
Node  received READ for key 0
[2026-02-26T13:00:16.818525Z INFO  maelstrom::runtime] Sent {"src":"n0","dest":"c2","body":{"in_reply_to":42,"type":"read_ok","value":0}}
[2026-02-26T13:00:16.829931Z INFO  maelstrom::runtime] Received {"id":144,"src":"c3","dest":"n0","body":{"key":0,"value":2,"type":"write","msg_id":30}}
Node  received WRITE: 0=2
[2026-02-26T13:00:16.830301Z INFO  maelstrom::runtime] Sent {"src":"n0","dest":"c3","body":{"in_reply_to":30,"type":"write_ok"}}
[2026-02-26T13:00:16.846104Z INFO  maelstrom::runtime] Received {"id":146,"src":"c3","dest":"n0","body":{"key":0,"from":1,"to":0,"type":"cas","msg_id":31}}
Node  received CAS (not implemented)
[2026-02-26T13:00:16.846264Z INFO  maelstrom::runtime] Sent {"src":"n0","dest":"c3","body":{"in_reply_to":31,"type":"cas_ok"}}
[2026-02-26T13:00:16.848720Z INFO  maelstrom::runtime] Received {"id":148,"src":"c2","dest":"n0","body":{"key":0,"type":"read","msg_id":43}}
Node  received READ for key 0
[2026-02-26T13:00:16.849601Z INFO  maelstrom::runtime] Sent {"src":"n0","dest":"c2","body":{"in_reply_to":43,"type":"read_ok","value":0}}
[2026-02-26T13:00:16.866144Z INFO  maelstrom::runtime] Received {"id":150,"src":"c3","dest":"n0","body":{"key":0,"from":0,"to":2,"type":"cas","msg_id":32}}
Node  received CAS (not implemented)
[2026-02-26T13:00:16.866336Z INFO  maelstrom::runtime] Sent {"src":"n0","dest":"c3","body":{"in_reply_to":32,"type":"cas_ok"}}
[2026-02-26T13:00:16.885001Z INFO  maelstrom::runtime] Received {"id":152,"src":"c3","dest":"n0","body":{"key":0,"from":4,"to":4,"type":"cas","msg_id":33}}
Node  received CAS (not implemented)
[2026-02-26T13:00:16.885155Z INFO  maelstrom::runtime] Sent {"src":"n0","dest":"c3","body":{"in_reply_to":33,"type":"cas_ok"}}
[2026-02-26T13:00:16.898279Z INFO  maelstrom::runtime] Received {"id":154,"src":"c2","dest":"n0","body":{"key":0,"type":"read","msg_id":44}}
Node  received READ for key 0
[2026-02-26T13:00:16.898338Z INFO  maelstrom::runtime] Sent {"src":"n0","dest":"c2","body":{"in_reply_to":44,"type":"read_ok","value":0}}
[2026-02-26T13:00:16.910718Z INFO  maelstrom::runtime] Received {"id":157,"src":"c2","dest":"n0","body":{"key":0,"type":"read","msg_id":45}}
Node  received READ for key 0
[2026-02-26T13:00:16.911005Z INFO  maelstrom::runtime] Sent {"src":"n0","dest":"c2","body":{"in_reply_to":45,"type":"read_ok","value":0}}
[2026-02-26T13:00:16.911156Z INFO  maelstrom::runtime] Received {"id":156,"src":"c3","dest":"n0","body":{"key":0,"value":3,"type":"write","msg_id":34}}
Node  received WRITE: 0=3
[2026-02-26T13:00:16.911204Z INFO  maelstrom::runtime] Sent {"src":"n0","dest":"c3","body":{"in_reply_to":34,"type":"write_ok"}}
[2026-02-26T13:00:16.919997Z INFO  maelstrom::runtime] Received {"id":160,"src":"c3","dest":"n0","body":{"key":0,"value":2,"type":"write","msg_id":35}}
Node  received WRITE: 0=2
[2026-02-26T13:00:16.920415Z INFO  maelstrom::runtime] Sent {"src":"n0","dest":"c3","body":{"in_reply_to":35,"type":"write_ok"}}
[2026-02-26T13:00:16.921486Z INFO  maelstrom::runtime] Received {"id":161,"src":"c2","dest":"n0","body":{"key":0,"type":"read","msg_id":46}}
Node  received READ for key 0
[2026-02-26T13:00:16.921839Z INFO  maelstrom::runtime] Sent {"src":"n0","dest":"c2","body":{"in_reply_to":46,"type":"read_ok","value":0}}
[2026-02-26T13:00:16.938103Z INFO  maelstrom::runtime] Received {"id":164,"src":"c3","dest":"n0","body":{"key":0,"value":3,"type":"write","msg_id":36}}
Node  received WRITE: 0=3
[2026-02-26T13:00:16.938296Z INFO  maelstrom::runtime] Sent {"src":"n0","dest":"c3","body":{"in_reply_to":36,"type":"write_ok"}}
[2026-02-26T13:00:16.944433Z INFO  maelstrom::runtime] Received {"id":166,"src":"c2","dest":"n0","body":{"key":0,"type":"read","msg_id":47}}
Node  received READ for key 0
[2026-02-26T13:00:16.944565Z INFO  maelstrom::runtime] Sent {"src":"n0","dest":"c2","body":{"in_reply_to":47,"type":"read_ok","value":0}}
[2026-02-26T13:00:16.958363Z INFO  maelstrom::runtime] Received {"id":168,"src":"c3","dest":"n0","body":{"key":0,"value":0,"type":"write","msg_id":37}}
Node  received WRITE: 0=0
[2026-02-26T13:00:16.958455Z INFO  maelstrom::runtime] Sent {"src":"n0","dest":"c3","body":{"in_reply_to":37,"type":"write_ok"}}
[2026-02-26T13:00:16.958808Z INFO  maelstrom::runtime] Received {"id":169,"src":"c2","dest":"n0","body":{"key":0,"type":"read","msg_id":48}}
Node  received READ for key 0
[2026-02-26T13:00:16.958861Z INFO  maelstrom::runtime] Sent {"src":"n0","dest":"c2","body":{"in_reply_to":48,"type":"read_ok","value":0}}
[2026-02-26T13:00:16.982165Z INFO  maelstrom::runtime] Received {"id":172,"src":"c3","dest":"n0","body":{"key":0,"from":4,"to":2,"type":"cas","msg_id":38}}
Node  received CAS (not implemented)
[2026-02-26T13:00:16.982270Z INFO  maelstrom::runtime] Received {"id":173,"src":"c2","dest":"n0","body":{"key":0,"type":"read","msg_id":49}}
Node  received READ for key 0
[2026-02-26T13:00:16.982326Z INFO  maelstrom::runtime] Sent {"src":"n0","dest":"c3","body":{"in_reply_to":38,"type":"cas_ok"}}
[2026-02-26T13:00:16.982405Z INFO  maelstrom::runtime] Sent {"src":"n0","dest":"c2","body":{"in_reply_to":49,"type":"read_ok","value":0}}
[2026-02-26T13:00:16.984146Z INFO  maelstrom::runtime] Received {"id":176,"src":"c2","dest":"n0","body":{"key":0,"type":"read","msg_id":50}}
Node  received READ for key 0
[2026-02-26T13:00:16.984349Z INFO  maelstrom::runtime] Sent {"src":"n0","dest":"c2","body":{"in_reply_to":50,"type":"read_ok","value":0}}
