[2026-02-26T13:12:56.127540Z INFO  maelstrom::runtime] Received {"id":4,"src":"c4","dest":"n0","body":{"type":"init","node_id":"n0","node_ids":["n0","n1","n2","n3","n4"],"msg_id":1}}
Initializing with 2 nodes: "n0"
[2026-02-26T13:12:56.127852Z INFO  maelstrom::runtime] Sent {"src":"n0","dest":"c4","body":{"in_reply_to":1,"type":"init_ok"}}
[2026-02-26T13:12:56.165682Z INFO  maelstrom::runtime] Received {"id":10,"src":"c10","dest":"n0","body":{"key":0,"from":1,"to":1,"type":"cas","msg_id":1}}
Node  received CAS (not implemented)
[2026-02-26T13:12:56.165762Z INFO  maelstrom::runtime] Sent {"src":"n0","dest":"c10","body":{"in_reply_to":1,"type":"cas_ok"}}
[2026-02-26T13:12:56.192306Z INFO  maelstrom::runtime] Received {"id":14,"src":"c10","dest":"n0","body":{"key":0,"value":3,"type":"write","msg_id":2}}
Node  received WRITE: 0=3
[2026-02-26T13:12:56.192394Z INFO  maelstrom::runtime] Sent {"src":"n0","dest":"c10","body":{"in_reply_to":2,"type":"write_ok"}}
[2026-02-26T13:12:56.217126Z INFO  maelstrom::runtime] Received {"id":20,"src":"c14","dest":"n0","body":{"key":0,"type":"read","msg_id":1}}
Node  received READ for key 0
[2026-02-26T13:12:56.217270Z INFO  maelstrom::runtime] Sent {"src":"n0","dest":"c14","body":{"in_reply_to":1,"type":"read_ok","value":0}}
[2026-02-26T13:12:56.243106Z INFO  maelstrom::runtime] Received {"id":24,"src":"c14","dest":"n0","body":{"key":0,"type":"read","msg_id":2}}
Node  received READ for key 0
[2026-02-26T13:12:56.243222Z INFO  maelstrom::runtime] Sent {"src":"n0","dest":"c14","body":{"in_reply_to":2,"type":"read_ok","value":0}}
[2026-02-26T13:12:56.262487Z INFO  maelstrom::runtime] Received {"id":26,"src":"c14","dest":"n0","body":{"key":0,"type":"read","msg_id":3}}
Node  received READ for key 0
[2026-02-26T13:12:56.262592Z INFO  maelstrom::runtime] Sent {"src":"n0","dest":"c14","body":{"in_reply_to":3,"type":"read_ok","value":0}}
[2026-02-26T13:12:56.273259Z INFO  maelstrom::runtime] Received {"id":28,"src":"c14","dest":"n0","body":{"key":0,"type":"read","msg_id":4}}
Node  received READ for key 0
[2026-02-26T13:12:56.273421Z INFO  maelstrom::runtime] Sent {"src":"n0","dest":"c14","body":{"in_reply_to":4,"type":"read_ok","value":0}}
[2026-02-26T13:12:56.288736Z INFO  maelstrom::runtime] Received {"id":30,"src":"c14","dest":"n0","body":{"key":0,"type":"read","msg_id":5}}
Node  received READ for key 0
[2026-02-26T13:12:56.288926Z INFO  maelstrom::runtime] Sent {"src":"n0","dest":"c14","body":{"in_reply_to":5,"type":"read_ok","value":0}}
[2026-02-26T13:12:56.305002Z INFO  maelstrom::runtime] Received {"id":32,"src":"c14","dest":"n0","body":{"key":0,"type":"read","msg_id":6}}
Node  received READ for key 0
[2026-02-26T13:12:56.305201Z INFO  maelstrom::runtime] Sent {"src":"n0","dest":"c14","body":{"in_reply_to":6,"type":"read_ok","value":0}}
[2026-02-26T13:12:56.350680Z INFO  maelstrom::runtime] Received {"id":40,"src":"c10","dest":"n0","body":{"key":0,"value":4,"type":"write","msg_id":3}}
Node  received WRITE: 0=4
[2026-02-26T13:12:56.350993Z INFO  maelstrom::runtime] Sent {"src":"n0","dest":"c10","body":{"in_reply_to":3,"type":"write_ok"}}
[2026-02-26T13:12:56.367649Z INFO  maelstrom::runtime] Received {"id":42,"src":"c14","dest":"n0","body":{"key":0,"type":"read","msg_id":7}}
Node  received READ for key 0
[2026-02-26T13:12:56.367837Z INFO  maelstrom::runtime] Sent {"src":"n0","dest":"c14","body":{"in_reply_to":7,"type":"read_ok","value":0}}
[2026-02-26T13:12:56.406269Z INFO  maelstrom::runtime] Received {"id":50,"src":"c14","dest":"n0","body":{"key":0,"type":"read","msg_id":8}}
Node  received READ for key 0
[2026-02-26T13:12:56.406569Z INFO  maelstrom::runtime] Sent {"src":"n0","dest":"c14","body":{"in_reply_to":8,"type":"read_ok","value":0}}
[2026-02-26T13:12:56.414243Z INFO  maelstrom::runtime] Received {"id":52,"src":"c10","dest":"n0","body":{"key":0,"from":4,"to":4,"type":"cas","msg_id":4}}
Node  received CAS (not implemented)
[2026-02-26T13:12:56.414523Z INFO  maelstrom::runtime] Sent {"src":"n0","dest":"c10","body":{"in_reply_to":4,"type":"cas_ok"}}
[2026-02-26T13:12:56.431450Z INFO  maelstrom::runtime] Received {"id":54,"src":"c14","dest":"n0","body":{"key":0,"type":"read","msg_id":9}}
Node  received READ for key 0
[2026-02-26T13:12:56.431694Z INFO  maelstrom::runtime] Sent {"src":"n0","dest":"c14","body":{"in_reply_to":9,"type":"read_ok","value":0}}
[2026-02-26T13:12:56.434168Z INFO  maelstrom::runtime] Received {"id":56,"src":"c10","dest":"n0","body":{"key":0,"value":4,"type":"write","msg_id":5}}
Node  received WRITE: 0=4
[2026-02-26T13:12:56.434439Z INFO  maelstrom::runtime] Sent {"src":"n0","dest":"c10","body":{"in_reply_to":5,"type":"write_ok"}}
[2026-02-26T13:12:56.463622Z INFO  maelstrom::runtime] Received {"id":62,"src":"c10","dest":"n0","body":{"key":0,"value":1,"type":"write","msg_id":6}}
Node  received WRITE: 0=1
[2026-02-26T13:12:56.463851Z INFO  maelstrom::runtime] Sent {"src":"n0","dest":"c10","body":{"in_reply_to":6,"type":"write_ok"}}
[2026-02-26T13:12:56.483535Z INFO  maelstrom::runtime] Received {"id":64,"src":"c14","dest":"n0","body":{"key":0,"type":"read","msg_id":10}}
Node  received READ for key 0
[2026-02-26T13:12:56.483744Z INFO  maelstrom::runtime] Sent {"src":"n0","dest":"c14","body":{"in_reply_to":10,"type":"read_ok","value":0}}
[2026-02-26T13:12:56.494185Z INFO  maelstrom::runtime] Received {"id":66,"src":"c14","dest":"n0","body":{"key":0,"type":"read","msg_id":11}}
Node  received READ for key 0
[2026-02-26T13:12:56.494486Z INFO  maelstrom::runtime] Sent {"src":"n0","dest":"c14","body":{"in_reply_to":11,"type":"read_ok","value":0}}
[2026-02-26T13:12:56.522382Z INFO  maelstrom::runtime] Received {"id":70,"src":"c14","dest":"n0","body":{"key":0,"type":"read","msg_id":12}}
Node  received READ for key 0
[2026-02-26T13:12:56.522658Z INFO  maelstrom::runtime] Sent {"src":"n0","dest":"c14","body":{"in_reply_to":12,"type":"read_ok","value":0}}
[2026-02-26T13:12:56.537330Z INFO  maelstrom::runtime] Received {"id":72,"src":"c14","dest":"n0","body":{"key":0,"type":"read","msg_id":13}}
Node  received READ for key 0
[2026-02-26T13:12:56.537528Z INFO  maelstrom::runtime] Sent {"src":"n0","dest":"c14","body":{"in_reply_to":13,"type":"read_ok","value":0}}
[2026-02-26T13:12:56.558739Z INFO  maelstrom::runtime] Received {"id":74,"src":"c10","dest":"n0","body":{"key":0,"from":4,"to":3,"type":"cas","msg_id":7}}
Node  received CAS (not implemented)
[2026-02-26T13:12:56.558934Z INFO  maelstrom::runtime] Sent {"src":"n0","dest":"c10","body":{"in_reply_to":7,"type":"cas_ok"}}
[2026-02-26T13:12:56.577818Z INFO  maelstrom::runtime] Received {"id":76,"src":"c14","dest":"n0","body":{"key":0,"type":"read","msg_id":14}}
Node  received READ for key 0
[2026-02-26T13:12:56.578084Z INFO  maelstrom::runtime] Sent {"src":"n0","dest":"c14","body":{"in_reply_to":14,"type":"read_ok","value":0}}
[2026-02-26T13:12:56.594990Z INFO  maelstrom::runtime] Received {"id":80,"src":"c10","dest":"n0","body":{"key":0,"from":2,"to":4,"type":"cas","msg_id":8}}
Node  received CAS (not implemented)
[2026-02-26T13:12:56.595231Z INFO  maelstrom::runtime] Sent {"src":"n0","dest":"c10","body":{"in_reply_to":8,"type":"cas_ok"}}
[2026-02-26T13:12:56.627767Z INFO  maelstrom::runtime] Received {"id":86,"src":"c10","dest":"n0","body":{"key":0,"from":1,"to":1,"type":"cas","msg_id":9}}
Node  received CAS (not implemented)
[2026-02-26T13:12:56.628125Z INFO  maelstrom::runtime] Sent {"src":"n0","dest":"c10","body":{"in_reply_to":9,"type":"cas_ok"}}
[2026-02-26T13:12:56.629084Z INFO  maelstrom::runtime] Received {"id":87,"src":"c14","dest":"n0","body":{"key":0,"type":"read","msg_id":15}}
Node  received READ for key 0
[2026-02-26T13:12:56.629259Z INFO  maelstrom::runtime] Sent {"src":"n0","dest":"c14","body":{"in_reply_to":15,"type":"read_ok","value":0}}
[2026-02-26T13:12:56.641464Z INFO  maelstrom::runtime] Received {"id":94,"src":"c14","dest":"n0","body":{"key":0,"type":"read","msg_id":16}}
Node  received READ for key 0
[2026-02-26T13:12:56.641672Z INFO  maelstrom::runtime] Sent {"src":"n0","dest":"c14","body":{"in_reply_to":16,"type":"read_ok","value":0}}
[2026-02-26T13:12:56.659217Z INFO  maelstrom::runtime] Received {"id":96,"src":"c14","dest":"n0","body":{"key":0,"type":"read","msg_id":17}}
Node  received READ for key 0
[2026-02-26T13:12:56.659541Z INFO  maelstrom::runtime] Sent {"src":"n0","dest":"c14","body":{"in_reply_to":17,"type":"read_ok","value":0}}
[2026-02-26T13:12:56.679546Z INFO  maelstrom::runtime] Received {"id":98,"src":"c14","dest":"n0","body":{"key":0,"type":"read","msg_id":18}}
Node  received READ for key 0
[2026-02-26T13:12:56.679756Z INFO  maelstrom::runtime] Sent {"src":"n0","dest":"c14","body":{"in_reply_to":18,"type":"read_ok","value":0}}
[2026-02-26T13:12:56.690009Z INFO  maelstrom::runtime] Received {"id":100,"src":"c10","dest":"n0","body":{"key":0,"from":2,"to":3,"type":"cas","msg_id":10}}
Node  received CAS (not implemented)
[2026-02-26T13:12:56.690301Z INFO  maelstrom::runtime] Sent {"src":"n0","dest":"c10","body":{"in_reply_to":10,"type":"cas_ok"}}
[2026-02-26T13:12:56.733626Z INFO  maelstrom::runtime] Received {"id":108,"src":"c10","dest":"n0","body":{"key":0,"from":1,"to":1,"type":"cas","msg_id":11}}
Node  received CAS (not implemented)
[2026-02-26T13:12:56.734100Z INFO  maelstrom::runtime] Sent {"src":"n0","dest":"c10","body":{"in_reply_to":11,"type":"cas_ok"}}
[2026-02-26T13:12:56.745635Z INFO  maelstrom::runtime] Received {"id":110,"src":"c14","dest":"n0","body":{"key":0,"type":"read","msg_id":19}}
Node  received READ for key 0
[2026-02-26T13:12:56.745889Z INFO  maelstrom::runtime] Sent {"src":"n0","dest":"c14","body":{"in_reply_to":19,"type":"read_ok","value":0}}
[2026-02-26T13:12:56.783310Z INFO  maelstrom::runtime] Received {"id":118,"src":"c14","dest":"n0","body":{"key":0,"type":"read","msg_id":20}}
Node  received READ for key 0
[2026-02-26T13:12:56.783554Z INFO  maelstrom::runtime] Sent {"src":"n0","dest":"c14","body":{"in_reply_to":20,"type":"read_ok","value":0}}
[2026-02-26T13:12:56.789268Z INFO  maelstrom::runtime] Received {"id":120,"src":"c10","dest":"n0","body":{"key":0,"from":1,"to":2,"type":"cas","msg_id":12}}
Node  received CAS (not implemented)
[2026-02-26T13:12:56.789507Z INFO  maelstrom::runtime] Sent {"src":"n0","dest":"c10","body":{"in_reply_to":12,"type":"cas_ok"}}
[2026-02-26T13:12:56.800714Z INFO  maelstrom::runtime] Received {"id":124,"src":"c10","dest":"n0","body":{"key":0,"value":3,"type":"write","msg_id":13}}
Node  received WRITE: 0=3
[2026-02-26T13:12:56.801025Z INFO  maelstrom::runtime] Sent {"src":"n0","dest":"c10","body":{"in_reply_to":13,"type":"write_ok"}}
[2026-02-26T13:12:56.821383Z INFO  maelstrom::runtime] Received {"id":130,"src":"c14","dest":"n0","body":{"key":0,"type":"read","msg_id":21}}
Node  received READ for key 0
[2026-02-26T13:12:56.821673Z INFO  maelstrom::runtime] Sent {"src":"n0","dest":"c14","body":{"in_reply_to":21,"type":"read_ok","value":0}}
[2026-02-26T13:12:56.829257Z INFO  maelstrom::runtime] Received {"id":132,"src":"c14","dest":"n0","body":{"key":0,"type":"read","msg_id":22}}
Node  received READ for key 0
[2026-02-26T13:12:56.829470Z INFO  maelstrom::runtime] Sent {"src":"n0","dest":"c14","body":{"in_reply_to":22,"type":"read_ok","value":0}}
[2026-02-26T13:12:56.834697Z INFO  maelstrom::runtime] Received {"id":134,"src":"c14","dest":"n0","body":{"key":0,"type":"read","msg_id":23}}
Node  received READ for key 0
[2026-02-26T13:12:56.834896Z INFO  maelstrom::runtime] Sent {"src":"n0","dest":"c14","body":{"in_reply_to":23,"type":"read_ok","value":0}}
[2026-02-26T13:12:56.845528Z INFO  maelstrom::runtime] Received {"id":136,"src":"c14","dest":"n0","body":{"key":0,"type":"read","msg_id":24}}
Node  received READ for key 0
[2026-02-26T13:12:56.845813Z INFO  maelstrom::runtime] Sent {"src":"n0","dest":"c14","body":{"in_reply_to":24,"type":"read_ok","value":0}}
[2026-02-26T13:12:56.870948Z INFO  maelstrom::runtime] Received {"id":140,"src":"c14","dest":"n0","body":{"key":0,"type":"read","msg_id":25}}
Node  received READ for key 0
[2026-02-26T13:12:56.871215Z INFO  maelstrom::runtime] Sent {"src":"n0","dest":"c14","body":{"in_reply_to":25,"type":"read_ok","value":0}}
[2026-02-26T13:12:56.873151Z INFO  maelstrom::runtime] Received {"id":142,"src":"c10","dest":"n0","body":{"key":0,"from":1,"to":0,"type":"cas","msg_id":14}}
Node  received CAS (not implemented)
[2026-02-26T13:12:56.873375Z INFO  maelstrom::runtime] Sent {"src":"n0","dest":"c10","body":{"in_reply_to":14,"type":"cas_ok"}}
[2026-02-26T13:12:56.877771Z INFO  maelstrom::runtime] Received {"id":144,"src":"c10","dest":"n0","body":{"key":0,"from":4,"to":0,"type":"cas","msg_id":15}}
Node  received CAS (not implemented)
[2026-02-26T13:12:56.878029Z INFO  maelstrom::runtime] Sent {"src":"n0","dest":"c10","body":{"in_reply_to":15,"type":"cas_ok"}}
[2026-02-26T13:12:56.893430Z INFO  maelstrom::runtime] Received {"id":146,"src":"c10","dest":"n0","body":{"key":0,"from":3,"to":4,"type":"cas","msg_id":16}}
Node  received CAS (not implemented)
[2026-02-26T13:12:56.893641Z INFO  maelstrom::runtime] Sent {"src":"n0","dest":"c10","body":{"in_reply_to":16,"type":"cas_ok"}}
[2026-02-26T13:12:56.902321Z INFO  maelstrom::runtime] Received {"id":148,"src":"c10","dest":"n0","body":{"key":0,"from":3,"to":0,"type":"cas","msg_id":17}}
Node  received CAS (not implemented)
[2026-02-26T13:12:56.902534Z INFO  maelstrom::runtime] Sent {"src":"n0","dest":"c10","body":{"in_reply_to":17,"type":"cas_ok"}}
[2026-02-26T13:12:56.921386Z INFO  maelstrom::runtime] Received {"id":152,"src":"c14","dest":"n0","body":{"key":0,"type":"read","msg_id":26}}
Node  received READ for key 0
[2026-02-26T13:12:56.921610Z INFO  maelstrom::runtime] Sent {"src":"n0","dest":"c14","body":{"in_reply_to":26,"type":"read_ok","value":0}}
[2026-02-26T13:12:56.950437Z INFO  maelstrom::runtime] Received {"id":156,"src":"c14","dest":"n0","body":{"key":0,"type":"read","msg_id":27}}
Node  received READ for key 0
[2026-02-26T13:12:56.950690Z INFO  maelstrom::runtime] Sent {"src":"n0","dest":"c14","body":{"in_reply_to":27,"type":"read_ok","value":0}}
[2026-02-26T13:12:56.965039Z INFO  maelstrom::runtime] Received {"id":158,"src":"c14","dest":"n0","body":{"key":0,"type":"read","msg_id":28}}
Node  received READ for key 0
[2026-02-26T13:12:56.965304Z INFO  maelstrom::runtime] Sent {"src":"n0","dest":"c14","body":{"in_reply_to":28,"type":"read_ok","value":0}}
[2026-02-26T13:12:56.972278Z INFO  maelstrom::runtime] Received {"id":160,"src":"c14","dest":"n0","body":{"key":0,"type":"read","msg_id":29}}
Node  received READ for key 0
[2026-02-26T13:12:56.972493Z INFO  maelstrom::runtime] Sent {"src":"n0","dest":"c14","body":{"in_reply_to":29,"type":"read_ok","value":0}}
[2026-02-26T13:12:56.979766Z INFO  maelstrom::runtime] Received {"id":162,"src":"c10","dest":"n0","body":{"key":0,"from":3,"to":2,"type":"cas","msg_id":18}}
Node  received CAS (not implemented)
[2026-02-26T13:12:56.980052Z INFO  maelstrom::runtime] Sent {"src":"n0","dest":"c10","body":{"in_reply_to":18,"type":"cas_ok"}}
[2026-02-26T13:12:56.992824Z INFO  maelstrom::runtime] Received {"id":164,"src":"c10","dest":"n0","body":{"key":0,"value":4,"type":"write","msg_id":19}}
Node  received WRITE: 0=4
[2026-02-26T13:12:56.993115Z INFO  maelstrom::runtime] Sent {"src":"n0","dest":"c10","body":{"in_reply_to":19,"type":"write_ok"}}
[2026-02-26T13:12:57.017669Z INFO  maelstrom::runtime] Received {"id":168,"src":"c10","dest":"n0","body":{"key":0,"from":1,"to":2,"type":"cas","msg_id":20}}
Node  received CAS (not implemented)
[2026-02-26T13:12:57.017951Z INFO  maelstrom::runtime] Sent {"src":"n0","dest":"c10","body":{"in_reply_to":20,"type":"cas_ok"}}
[2026-02-26T13:12:57.033166Z INFO  maelstrom::runtime] Received {"id":174,"src":"c14","dest":"n0","body":{"key":0,"type":"read","msg_id":30}}
Node  received READ for key 0
[2026-02-26T13:12:57.033451Z INFO  maelstrom::runtime] Sent {"src":"n0","dest":"c14","body":{"in_reply_to":30,"type":"read_ok","value":0}}
[2026-02-26T13:12:57.068903Z INFO  maelstrom::runtime] Received {"id":182,"src":"c14","dest":"n0","body":{"key":0,"type":"read","msg_id":31}}
Node  received READ for key 0
[2026-02-26T13:12:57.069190Z INFO  maelstrom::runtime] Sent {"src":"n0","dest":"c14","body":{"in_reply_to":31,"type":"read_ok","value":0}}
[2026-02-26T13:12:57.086200Z INFO  maelstrom::runtime] Received {"id":184,"src":"c10","dest":"n0","body":{"key":0,"from":3,"to":4,"type":"cas","msg_id":21}}
Node  received CAS (not implemented)
[2026-02-26T13:12:57.086425Z INFO  maelstrom::runtime] Sent {"src":"n0","dest":"c10","body":{"in_reply_to":21,"type":"cas_ok"}}
[2026-02-26T13:12:57.091404Z INFO  maelstrom::runtime] Received {"id":186,"src":"c14","dest":"n0","body":{"key":0,"type":"read","msg_id":32}}
Node  received READ for key 0
[2026-02-26T13:12:57.091610Z INFO  maelstrom::runtime] Sent {"src":"n0","dest":"c14","body":{"in_reply_to":32,"type":"read_ok","value":0}}
[2026-02-26T13:12:57.094408Z INFO  maelstrom::runtime] Received {"id":188,"src":"c10","dest":"n0","body":{"key":0,"from":2,"to":2,"type":"cas","msg_id":22}}
Node  received CAS (not implemented)
[2026-02-26T13:12:57.094689Z INFO  maelstrom::runtime] Sent {"src":"n0","dest":"c10","body":{"in_reply_to":22,"type":"cas_ok"}}
[2026-02-26T13:12:57.135982Z INFO  maelstrom::runtime] Received {"id":192,"src":"c10","dest":"n0","body":{"key":0,"from":3,"to":1,"type":"cas","msg_id":23}}
Node  received CAS (not implemented)
[2026-02-26T13:12:57.136223Z INFO  maelstrom::runtime] Sent {"src":"n0","dest":"c10","body":{"in_reply_to":23,"type":"cas_ok"}}
[2026-02-26T13:12:57.152330Z INFO  maelstrom::runtime] Received {"id":196,"src":"c10","dest":"n0","body":{"key":0,"value":2,"type":"write","msg_id":24}}
Node  received WRITE: 0=2
[2026-02-26T13:12:57.152610Z INFO  maelstrom::runtime] Sent {"src":"n0","dest":"c10","body":{"in_reply_to":24,"type":"write_ok"}}
[2026-02-26T13:12:57.153116Z INFO  maelstrom::runtime] Received {"id":197,"src":"c14","dest":"n0","body":{"key":0,"type":"read","msg_id":33}}
Node  received READ for key 0
[2026-02-26T13:12:57.153313Z INFO  maelstrom::runtime] Sent {"src":"n0","dest":"c14","body":{"in_reply_to":33,"type":"read_ok","value":0}}
