[2026-02-26T13:12:56.127546Z INFO  maelstrom::runtime] Received {"id":2,"src":"c2","dest":"n1","body":{"type":"init","node_id":"n1","node_ids":["n0","n1","n2","n3","n4"],"msg_id":1}}
Initializing with 2 nodes: "n1"
[2026-02-26T13:12:56.127883Z INFO  maelstrom::runtime] Sent {"src":"n1","dest":"c2","body":{"in_reply_to":1,"type":"init_ok"}}
[2026-02-26T13:12:56.176257Z INFO  maelstrom::runtime] Received {"id":12,"src":"c11","dest":"n1","body":{"key":0,"type":"read","msg_id":1}}
Node  received READ for key 0
[2026-02-26T13:12:56.176414Z INFO  maelstrom::runtime] Sent {"src":"n1","dest":"c11","body":{"in_reply_to":1,"type":"read_ok","value":0}}
[2026-02-26T13:12:56.232964Z INFO  maelstrom::runtime] Received {"id":22,"src":"c15","dest":"n1","body":{"key":0,"from":0,"to":3,"type":"cas","msg_id":1}}
Node  received CAS (not implemented)
[2026-02-26T13:12:56.233141Z INFO  maelstrom::runtime] Sent {"src":"n1","dest":"c15","body":{"in_reply_to":1,"type":"cas_ok"}}
[2026-02-26T13:12:56.308186Z INFO  maelstrom::runtime] Received {"id":34,"src":"c11","dest":"n1","body":{"key":0,"type":"read","msg_id":2}}
Node  received READ for key 0
[2026-02-26T13:12:56.308368Z INFO  maelstrom::runtime] Sent {"src":"n1","dest":"c11","body":{"in_reply_to":2,"type":"read_ok","value":0}}
[2026-02-26T13:12:56.380105Z INFO  maelstrom::runtime] Received {"id":44,"src":"c15","dest":"n1","body":{"key":0,"value":0,"type":"write","msg_id":2}}
Node  received WRITE: 0=0
[2026-02-26T13:12:56.380374Z INFO  maelstrom::runtime] Sent {"src":"n1","dest":"c15","body":{"in_reply_to":2,"type":"write_ok"}}
[2026-02-26T13:12:56.592944Z INFO  maelstrom::runtime] Received {"id":78,"src":"c11","dest":"n1","body":{"key":0,"type":"read","msg_id":3}}
Node  received READ for key 0
[2026-02-26T13:12:56.593103Z INFO  maelstrom::runtime] Sent {"src":"n1","dest":"c11","body":{"in_reply_to":3,"type":"read_ok","value":0}}
[2026-02-26T13:12:56.798412Z INFO  maelstrom::runtime] Received {"id":122,"src":"c11","dest":"n1","body":{"key":0,"type":"read","msg_id":4}}
Node  received READ for key 0
[2026-02-26T13:12:56.798693Z INFO  maelstrom::runtime] Sent {"src":"n1","dest":"c11","body":{"in_reply_to":4,"type":"read_ok","value":0}}
[2026-02-26T13:12:56.934073Z INFO  maelstrom::runtime] Received {"id":154,"src":"c15","dest":"n1","body":{"key":0,"from":1,"to":4,"type":"cas","msg_id":3}}
Node  received CAS (not implemented)
[2026-02-26T13:12:56.934327Z INFO  maelstrom::runtime] Sent {"src":"n1","dest":"c15","body":{"in_reply_to":3,"type":"cas_ok"}}
[2026-02-26T13:12:57.001443Z INFO  maelstrom::runtime] Received {"id":166,"src":"c11","dest":"n1","body":{"key":0,"type":"read","msg_id":5}}
Node  received READ for key 0
[2026-02-26T13:12:57.001649Z INFO  maelstrom::runtime] Sent {"src":"n1","dest":"c11","body":{"in_reply_to":5,"type":"read_ok","value":0}}
[2026-02-26T13:12:57.020259Z INFO  maelstrom::runtime] Received {"id":170,"src":"c15","dest":"n1","body":{"key":0,"from":1,"to":2,"type":"cas","msg_id":4}}
Node  received CAS (not implemented)
[2026-02-26T13:12:57.020518Z INFO  maelstrom::runtime] Sent {"src":"n1","dest":"c15","body":{"in_reply_to":4,"type":"cas_ok"}}
[2026-02-26T13:12:57.038143Z INFO  maelstrom::runtime] Received {"id":176,"src":"c15","dest":"n1","body":{"key":0,"value":0,"type":"write","msg_id":5}}
Node  received WRITE: 0=0
[2026-02-26T13:12:57.038429Z INFO  maelstrom::runtime] Sent {"src":"n1","dest":"c15","body":{"in_reply_to":5,"type":"write_ok"}}
