[2026-02-26T13:12:56.127545Z INFO  maelstrom::runtime] Received {"id":1,"src":"c1","dest":"n2","body":{"type":"init","node_id":"n2","node_ids":["n0","n1","n2","n3","n4"],"msg_id":1}}
Initializing with 2 nodes: "n2"
[2026-02-26T13:12:56.127887Z INFO  maelstrom::runtime] Sent {"src":"n2","dest":"c1","body":{"in_reply_to":1,"type":"init_ok"}}
[2026-02-26T13:12:56.326578Z INFO  maelstrom::runtime] Received {"id":36,"src":"c16","dest":"n2","body":{"key":0,"type":"read","msg_id":1}}
Node  received READ for key 0
[2026-02-26T13:12:56.326770Z INFO  maelstrom::runtime] Sent {"src":"n2","dest":"c16","body":{"in_reply_to":1,"type":"read_ok","value":0}}
[2026-02-26T13:12:56.385464Z INFO  maelstrom::runtime] Received {"id":46,"src":"c17","dest":"n2","body":{"key":0,"from":1,"to":4,"type":"cas","msg_id":1}}
Node  received CAS (not implemented)
[2026-02-26T13:12:56.385746Z INFO  maelstrom::runtime] Sent {"src":"n2","dest":"c17","body":{"in_reply_to":1,"type":"cas_ok"}}
[2026-02-26T13:12:56.448632Z INFO  maelstrom::runtime] Received {"id":58,"src":"c16","dest":"n2","body":{"key":0,"type":"read","msg_id":2}}
Node  received READ for key 0
[2026-02-26T13:12:56.448856Z INFO  maelstrom::runtime] Sent {"src":"n2","dest":"c16","body":{"in_reply_to":2,"type":"read_ok","value":0}}
[2026-02-26T13:12:56.507629Z INFO  maelstrom::runtime] Received {"id":68,"src":"c17","dest":"n2","body":{"key":0,"value":2,"type":"write","msg_id":2}}
Node  received WRITE: 0=2
[2026-02-26T13:12:56.507981Z INFO  maelstrom::runtime] Sent {"src":"n2","dest":"c17","body":{"in_reply_to":2,"type":"write_ok"}}
[2026-02-26T13:12:56.632073Z INFO  maelstrom::runtime] Received {"id":90,"src":"c17","dest":"n2","body":{"key":0,"value":1,"type":"write","msg_id":3}}
Node  received WRITE: 0=1
[2026-02-26T13:12:56.632346Z INFO  maelstrom::runtime] Sent {"src":"n2","dest":"c17","body":{"in_reply_to":3,"type":"write_ok"}}
[2026-02-26T13:12:56.708147Z INFO  maelstrom::runtime] Received {"id":102,"src":"c16","dest":"n2","body":{"key":0,"type":"read","msg_id":3}}
Node  received READ for key 0
[2026-02-26T13:12:56.708376Z INFO  maelstrom::runtime] Sent {"src":"n2","dest":"c16","body":{"in_reply_to":3,"type":"read_ok","value":0}}
[2026-02-26T13:12:56.760234Z INFO  maelstrom::runtime] Received {"id":112,"src":"c17","dest":"n2","body":{"key":0,"value":0,"type":"write","msg_id":4}}
Node  received WRITE: 0=0
[2026-02-26T13:12:56.760475Z INFO  maelstrom::runtime] Sent {"src":"n2","dest":"c17","body":{"in_reply_to":4,"type":"write_ok"}}
[2026-02-26T13:12:57.055559Z INFO  maelstrom::runtime] Received {"id":178,"src":"c17","dest":"n2","body":{"key":0,"from":2,"to":2,"type":"cas","msg_id":5}}
Node  received CAS (not implemented)
[2026-02-26T13:12:57.055806Z INFO  maelstrom::runtime] Sent {"src":"n2","dest":"c17","body":{"in_reply_to":5,"type":"cas_ok"}}
[2026-02-26T13:12:57.115719Z INFO  maelstrom::runtime] Received {"id":190,"src":"c16","dest":"n2","body":{"key":0,"type":"read","msg_id":4}}
Node  received READ for key 0
[2026-02-26T13:12:57.116037Z INFO  maelstrom::runtime] Sent {"src":"n2","dest":"c16","body":{"in_reply_to":4,"type":"read_ok","value":0}}
