[2026-02-26T13:12:56.127557Z INFO  maelstrom::runtime] Received {"id":3,"src":"c3","dest":"n3","body":{"type":"init","node_id":"n3","node_ids":["n0","n1","n2","n3","n4"],"msg_id":1}}
Initializing with 2 nodes: "n3"
[2026-02-26T13:12:56.127987Z INFO  maelstrom::runtime] Sent {"src":"n3","dest":"c3","body":{"in_reply_to":1,"type":"init_ok"}}
[2026-02-26T13:12:56.198509Z INFO  maelstrom::runtime] Received {"id":16,"src":"c12","dest":"n3","body":{"key":0,"type":"read","msg_id":1}}
Node  received READ for key 0
[2026-02-26T13:12:56.198635Z INFO  maelstrom::runtime] Sent {"src":"n3","dest":"c12","body":{"in_reply_to":1,"type":"read_ok","value":0}}
[2026-02-26T13:12:56.339587Z INFO  maelstrom::runtime] Received {"id":38,"src":"c12","dest":"n3","body":{"key":0,"type":"read","msg_id":2}}
Node  received READ for key 0
[2026-02-26T13:12:56.339872Z INFO  maelstrom::runtime] Sent {"src":"n3","dest":"c12","body":{"in_reply_to":2,"type":"read_ok","value":0}}
[2026-02-26T13:12:56.400984Z INFO  maelstrom::runtime] Received {"id":48,"src":"c18","dest":"n3","body":{"key":0,"from":0,"to":1,"type":"cas","msg_id":1}}
Node  received CAS (not implemented)
[2026-02-26T13:12:56.401297Z INFO  maelstrom::runtime] Sent {"src":"n3","dest":"c18","body":{"in_reply_to":1,"type":"cas_ok"}}
[2026-02-26T13:12:56.460215Z INFO  maelstrom::runtime] Received {"id":60,"src":"c12","dest":"n3","body":{"key":0,"type":"read","msg_id":3}}
Node  received READ for key 0
[2026-02-26T13:12:56.460534Z INFO  maelstrom::runtime] Sent {"src":"n3","dest":"c12","body":{"in_reply_to":3,"type":"read_ok","value":0}}
[2026-02-26T13:12:56.595889Z INFO  maelstrom::runtime] Received {"id":81,"src":"c12","dest":"n3","body":{"key":0,"type":"read","msg_id":4}}
Node  received READ for key 0
[2026-02-26T13:12:56.596071Z INFO  maelstrom::runtime] Sent {"src":"n3","dest":"c12","body":{"in_reply_to":4,"type":"read_ok","value":0}}
[2026-02-26T13:12:56.636051Z INFO  maelstrom::runtime] Received {"id":92,"src":"c18","dest":"n3","body":{"key":0,"from":4,"to":1,"type":"cas","msg_id":2}}
Node  received CAS (not implemented)
[2026-02-26T13:12:56.636270Z INFO  maelstrom::runtime] Sent {"src":"n3","dest":"c18","body":{"in_reply_to":2,"type":"cas_ok"}}
[2026-02-26T13:12:56.721841Z INFO  maelstrom::runtime] Received {"id":104,"src":"c12","dest":"n3","body":{"key":0,"type":"read","msg_id":5}}
Node  received READ for key 0
[2026-02-26T13:12:56.722170Z INFO  maelstrom::runtime] Sent {"src":"n3","dest":"c12","body":{"in_reply_to":5,"type":"read_ok","value":0}}
[2026-02-26T13:12:56.769512Z INFO  maelstrom::runtime] Received {"id":114,"src":"c18","dest":"n3","body":{"key":0,"from":0,"to":1,"type":"cas","msg_id":3}}
Node  received CAS (not implemented)
[2026-02-26T13:12:56.769767Z INFO  maelstrom::runtime] Sent {"src":"n3","dest":"c18","body":{"in_reply_to":3,"type":"cas_ok"}}
[2026-02-26T13:12:56.804207Z INFO  maelstrom::runtime] Received {"id":126,"src":"c12","dest":"n3","body":{"key":0,"type":"read","msg_id":6}}
Node  received READ for key 0
[2026-02-26T13:12:56.804447Z INFO  maelstrom::runtime] Sent {"src":"n3","dest":"c12","body":{"in_reply_to":6,"type":"read_ok","value":0}}
[2026-02-26T13:12:57.058738Z INFO  maelstrom::runtime] Received {"id":180,"src":"c18","dest":"n3","body":{"key":0,"value":1,"type":"write","msg_id":4}}
Node  received WRITE: 0=1
[2026-02-26T13:12:57.058962Z INFO  maelstrom::runtime] Sent {"src":"n3","dest":"c18","body":{"in_reply_to":4,"type":"write_ok"}}
