[2026-02-26T13:12:56.127724Z INFO  maelstrom::runtime] Received {"id":0,"src":"c0","dest":"n4","body":{"type":"init","node_id":"n4","node_ids":["n0","n1","n2","n3","n4"],"msg_id":1}}
Initializing with 2 nodes: "n4"
[2026-02-26T13:12:56.128063Z INFO  maelstrom::runtime] Sent {"src":"n4","dest":"c0","body":{"in_reply_to":1,"type":"init_ok"}}
[2026-02-26T13:12:56.199650Z INFO  maelstrom::runtime] Received {"id":18,"src":"c13","dest":"n4","body":{"key":0,"type":"read","msg_id":1}}
Node  received READ for key 0
[2026-02-26T13:12:56.199719Z INFO  maelstrom::runtime] Sent {"src":"n4","dest":"c13","body":{"in_reply_to":1,"type":"read_ok","value":0}}
[2026-02-26T13:12:56.610099Z INFO  maelstrom::runtime] Received {"id":84,"src":"c13","dest":"n4","body":{"key":0,"type":"read","msg_id":2}}
Node  received READ for key 0
[2026-02-26T13:12:56.610387Z INFO  maelstrom::runtime] Sent {"src":"n4","dest":"c13","body":{"in_reply_to":2,"type":"read_ok","value":0}}
[2026-02-26T13:12:56.723453Z INFO  maelstrom::runtime] Received {"id":105,"src":"c13","dest":"n4","body":{"key":0,"type":"read","msg_id":3}}
Node  received READ for key 0
[2026-02-26T13:12:56.723712Z INFO  maelstrom::runtime] Sent {"src":"n4","dest":"c13","body":{"in_reply_to":3,"type":"read_ok","value":0}}
[2026-02-26T13:12:56.777421Z INFO  maelstrom::runtime] Received {"id":116,"src":"c19","dest":"n4","body":{"key":0,"value":4,"type":"write","msg_id":1}}
Node  received WRITE: 0=4
[2026-02-26T13:12:56.777718Z INFO  maelstrom::runtime] Sent {"src":"n4","dest":"c19","body":{"in_reply_to":1,"type":"write_ok"}}
[2026-02-26T13:12:56.810342Z INFO  maelstrom::runtime] Received {"id":128,"src":"c13","dest":"n4","body":{"key":0,"type":"read","msg_id":4}}
Node  received READ for key 0
[2026-02-26T13:12:56.810630Z INFO  maelstrom::runtime] Sent {"src":"n4","dest":"c13","body":{"in_reply_to":4,"type":"read_ok","value":0}}
[2026-02-26T13:12:56.858297Z INFO  maelstrom::runtime] Received {"id":138,"src":"c19","dest":"n4","body":{"key":0,"value":1,"type":"write","msg_id":2}}
Node  received WRITE: 0=1
[2026-02-26T13:12:56.858591Z INFO  maelstrom::runtime] Sent {"src":"n4","dest":"c19","body":{"in_reply_to":2,"type":"write_ok"}}
[2026-02-26T13:12:56.915893Z INFO  maelstrom::runtime] Received {"id":150,"src":"c13","dest":"n4","body":{"key":0,"type":"read","msg_id":5}}
Node  received READ for key 0
[2026-02-26T13:12:56.916159Z INFO  maelstrom::runtime] Sent {"src":"n4","dest":"c13","body":{"in_reply_to":5,"type":"read_ok","value":0}}
[2026-02-26T13:12:57.026551Z INFO  maelstrom::runtime] Received {"id":172,"src":"c13","dest":"n4","body":{"key":0,"type":"read","msg_id":6}}
Node  received READ for key 0
[2026-02-26T13:12:57.026748Z INFO  maelstrom::runtime] Sent {"src":"n4","dest":"c13","body":{"in_reply_to":6,"type":"read_ok","value":0}}
[2026-02-26T13:12:57.140488Z INFO  maelstrom::runtime] Received {"id":194,"src":"c13","dest":"n4","body":{"key":0,"type":"read","msg_id":7}}
Node  received READ for key 0
[2026-02-26T13:12:57.140715Z INFO  maelstrom::runtime] Sent {"src":"n4","dest":"c13","body":{"in_reply_to":7,"type":"read_ok","value":0}}
