2026-02-26 14:05:42,573{GMT}	INFO	[jepsen test runner] jepsen.core: Test version cae4e7ea62e897578bc7cb05acf3c5d06f2c031e (plus uncommitted changes)
2026-02-26 14:05:42,574{GMT}	INFO	[jepsen test runner] jepsen.core: Command line:
lein run test -w lin-kv --bin target/release/shim --node-count 1 --concurrency 2n --time-limit 1 --rate 100 --log-stderr
2026-02-26 14:05:42,628{GMT}	INFO	[jepsen test runner] jepsen.core: Running test:
{:args []
 :remote
 #jepsen.control.retry.Remote{:remote #jepsen.control.scp.Remote{:cmd-remote #jepsen.control.sshj.SSHJRemote{:concurrency-limit 6,
                                                                                                             :conn-spec nil,
                                                                                                             :client nil,
                                                                                                             :semaphore nil},
                                                                 :conn-spec nil},
                              :conn nil}
 :log-net-send false
 :node-count 1
 :availability nil
 :max-txn-length 4
 :concurrency 2
 :db
 #object[maelstrom.db$db$reify__16612
         "0x2102eb7a"
         "maelstrom.db$db$reify__16612@2102eb7a"]
 :max-writes-per-key 16
 :leave-db-running? false
 :name "lin-kv"
 :logging-json? false
 :start-time
 #object[org.joda.time.DateTime "0x4f3d49e4" "2026-02-26T14:05:42.554+01:00"]
 :nemesis-interval 10
 :net
 #object[maelstrom.net$jepsen_net$reify__15721
         "0x7d26b390"
         "maelstrom.net$jepsen_net$reify__15721@7d26b390"]
 :client
 #object[maelstrom.workload.lin_kv$client$reify__20973
         "0x6ff5eeed"
         "maelstrom.workload.lin_kv$client$reify__20973@6ff5eeed"]
 :barrier
 #object[java.util.concurrent.CyclicBarrier
         "0x76b49d0"
         "java.util.concurrent.CyclicBarrier@76b49d0"]
 :log-stderr true
 :pure-generators true
 :ssh {:dummy? true}
 :rate 100.0
 :checker
 #object[jepsen.checker$compose$reify__11089
         "0x223c42b0"
         "jepsen.checker$compose$reify__11089@223c42b0"]
 :argv
 ("test"
  "-w"
  "lin-kv"
  "--bin"
  "target/release/shim"
  "--node-count"
  "1"
  "--concurrency"
  "2n"
  "--time-limit"
  "1"
  "--rate"
  "100"
  "--log-stderr")
 :nemesis
 (jepsen.nemesis.ReflCompose
  {:fm {:start-partition 0,
        :stop-partition 0,
        :kill 1,
        :start 1,
        :pause 1,
        :resume 1},
   :nemeses [#unprintable "jepsen.nemesis.combined$partition_nemesis$reify__16905@6acedf54"
             #unprintable "jepsen.nemesis.combined$db_nemesis$reify__16886@2a0cc666"]})
 :nodes ["n0"]
 :test-count 1
 :latency {:mean 0, :dist :constant}
 :bin "target/release/shim"
 :generator
 #object[jepsen.util.Forgettable
         "0x3acae925"
         (jepsen.generator.TimeLimit
          {:limit 1000000000,
           :cutoff nil,
           :gen (jepsen.generator.Any
                 {:gens [(jepsen.generator.OnThreads
                          {:f #{:nemesis},
                           :context-filter #object[jepsen.generator.context$make_thread_filter$lazy_filter__12077
                                                   "0x92a584f"
                                                   "jepsen.generator.context$make_thread_filter$lazy_filter__12077@92a584f"],
                           :gen nil})
                         (jepsen.generator.OnThreads
                          {:f #jepsen.generator.context.AllBut{:element :nemesis},
                           :context-filter #object[jepsen.generator.context$make_thread_filter$lazy_filter__12077
                                                   "0x36e23af"
                                                   "jepsen.generator.context$make_thread_filter$lazy_filter__12077@36e23af"],
                           :gen (jepsen.generator.Stagger
                                 {:dt 20000000,
                                  :next-time nil,
                                  :gen (jepsen.generator.OnThreads
                                        {:f #jepsen.generator.context.AllBut{:element :nemesis},
                                         :context-filter #object[jepsen.generator.context$make_thread_filter$lazy_filter__12077
                                                                 "0x5e4a9c16"
                                                                 "jepsen.generator.context$make_thread_filter$lazy_filter__12077@5e4a9c16"],
                                         :gen (jepsen.independent.ConcurrentGenerator
                                               {:n 2,
                                                :fgen #object[jepsen.tests.linearizable_register$test$fn__17385
                                                              "0x544ee437"
                                                              "jepsen.tests.linearizable_register$test$fn__17385@544ee437"],
                                                :group->threads nil,
                                                :thread->group nil,
                                                :group->context-filter nil,
                                                :keys (0 1 2 3 4 5 6 7 ...),
                                                :gens nil})})})})]})})]
 :log-net-recv false
 :os
 #object[maelstrom.net$jepsen_os$reify__15724
         "0x7dfc0fda"
         "maelstrom.net$jepsen_os$reify__15724@7dfc0fda"]
 :time-limit 1
 :workload :lin-kv
 :consistency-models [:strict-serializable]
 :topology :grid}

2026-02-26 14:05:43,683{GMT}	INFO	[jepsen node n0] maelstrom.net: Starting Maelstrom network
2026-02-26 14:05:43,684{GMT}	INFO	[jepsen test runner] jepsen.db: Tearing down DB
2026-02-26 14:05:43,684{GMT}	INFO	[jepsen test runner] jepsen.db: Setting up DB
2026-02-26 14:05:43,686{GMT}	INFO	[jepsen node n0] maelstrom.service: Starting services: (lin-kv lin-tso lww-kv seq-kv)
2026-02-26 14:05:43,687{GMT}	INFO	[jepsen node n0] maelstrom.db: Setting up n0
2026-02-26 14:05:43,687{GMT}	INFO	[jepsen node n0] maelstrom.process: launching target/release/shim []
2026-02-26 14:05:43,693{GMT}	INFO	[n0 stderr] maelstrom.process: Initializing with 0 nodes: ""
2026-02-26 14:05:43,700{GMT}	INFO	[n0 stderr] maelstrom.process: [2026-02-26T13:05:43.700069Z INFO  maelstrom::runtime] Received {"id":0,"src":"c0","dest":"n0","body":{"type":"init","node_id":"n0","node_ids":["n0"],"msg_id":1}}
2026-02-26 14:05:43,700{GMT}	INFO	[n0 stderr] maelstrom.process: [2026-02-26T13:05:43.700376Z INFO  maelstrom::runtime] Sent {"src":"n0","dest":"c0","body":{"in_reply_to":1,"type":"init_ok"}}
2026-02-26 14:05:43,710{GMT}	INFO	[jepsen test runner] jepsen.core: Relative time begins now
2026-02-26 14:05:43,736{GMT}	INFO	[jepsen worker 1] jepsen.util: 1	:invoke	:cas	[0 [0 4]]
2026-02-26 14:05:43,739{GMT}	INFO	[n0 stderr] maelstrom.process: [2026-02-26T13:05:43.739448Z INFO  maelstrom::runtime] Received {"id":2,"src":"c2","dest":"n0","body":{"key":0,"from":0,"to":4,"type":"cas","msg_id":1}}
2026-02-26 14:05:43,740{GMT}	INFO	[n0 stderr] maelstrom.process: Node  received CAS (not implemented)
2026-02-26 14:05:43,740{GMT}	INFO	[n0 stderr] maelstrom.process: [2026-02-26T13:05:43.739607Z INFO  maelstrom::runtime] Sent {"src":"n0","dest":"c2","body":{"in_reply_to":1,"type":"cas_ok"}}
2026-02-26 14:05:43,741{GMT}	INFO	[jepsen worker 1] jepsen.util: 1	:ok	:cas	[0 [0 4]]
2026-02-26 14:05:43,744{GMT}	INFO	[jepsen worker 1] jepsen.util: 1	:invoke	:cas	[0 [3 1]]
2026-02-26 14:05:43,746{GMT}	INFO	[n0 stderr] maelstrom.process: [2026-02-26T13:05:43.745663Z INFO  maelstrom::runtime] Received {"id":4,"src":"c2","dest":"n0","body":{"key":0,"from":3,"to":1,"type":"cas","msg_id":2}}
2026-02-26 14:05:43,746{GMT}	INFO	[n0 stderr] maelstrom.process: Node  received CAS (not implemented)
2026-02-26 14:05:43,746{GMT}	INFO	[n0 stderr] maelstrom.process: [2026-02-26T13:05:43.746008Z INFO  maelstrom::runtime] Sent {"src":"n0","dest":"c2","body":{"in_reply_to":2,"type":"cas_ok"}}
2026-02-26 14:05:43,747{GMT}	INFO	[jepsen worker 1] jepsen.util: 1	:ok	:cas	[0 [3 1]]
2026-02-26 14:05:43,754{GMT}	INFO	[jepsen worker 1] jepsen.util: 1	:invoke	:cas	[0 [0 1]]
2026-02-26 14:05:43,757{GMT}	INFO	[n0 stderr] maelstrom.process: [2026-02-26T13:05:43.756753Z INFO  maelstrom::runtime] Received {"id":6,"src":"c2","dest":"n0","body":{"key":0,"from":0,"to":1,"type":"cas","msg_id":3}}
2026-02-26 14:05:43,759{GMT}	INFO	[n0 stderr] maelstrom.process: Node  received CAS (not implemented)
2026-02-26 14:05:43,759{GMT}	INFO	[n0 stderr] maelstrom.process: [2026-02-26T13:05:43.756938Z INFO  maelstrom::runtime] Sent {"src":"n0","dest":"c2","body":{"in_reply_to":3,"type":"cas_ok"}}
2026-02-26 14:05:43,759{GMT}	INFO	[jepsen worker 1] jepsen.util: 1	:ok	:cas	[0 [0 1]]
2026-02-26 14:05:43,763{GMT}	INFO	[jepsen worker 0] jepsen.util: 0	:invoke	:read	[0 nil]
2026-02-26 14:05:43,768{GMT}	INFO	[n0 stderr] maelstrom.process: [2026-02-26T13:05:43.767622Z INFO  maelstrom::runtime] Received {"id":8,"src":"c3","dest":"n0","body":{"key":0,"type":"read","msg_id":1}}
2026-02-26 14:05:43,769{GMT}	INFO	[n0 stderr] maelstrom.process: Node  received READ for key 0
2026-02-26 14:05:43,770{GMT}	INFO	[n0 stderr] maelstrom.process: [2026-02-26T13:05:43.767939Z INFO  maelstrom::runtime] Sent {"src":"n0","dest":"c3","body":{"in_reply_to":1,"type":"read_ok","value":0}}
2026-02-26 14:05:43,770{GMT}	INFO	[jepsen worker 0] jepsen.util: 0	:ok	:read	[0 0]
2026-02-26 14:05:43,770{GMT}	INFO	[jepsen worker 1] jepsen.util: 1	:invoke	:cas	[0 [2 4]]
2026-02-26 14:05:43,772{GMT}	INFO	[n0 stderr] maelstrom.process: [2026-02-26T13:05:43.771928Z INFO  maelstrom::runtime] Received {"id":10,"src":"c2","dest":"n0","body":{"key":0,"from":2,"to":4,"type":"cas","msg_id":4}}
2026-02-26 14:05:43,772{GMT}	INFO	[n0 stderr] maelstrom.process: Node  received CAS (not implemented)
2026-02-26 14:05:43,772{GMT}	INFO	[n0 stderr] maelstrom.process: [2026-02-26T13:05:43.772240Z INFO  maelstrom::runtime] Sent {"src":"n0","dest":"c2","body":{"in_reply_to":4,"type":"cas_ok"}}
2026-02-26 14:05:43,773{GMT}	INFO	[jepsen worker 1] jepsen.util: 1	:ok	:cas	[0 [2 4]]
2026-02-26 14:05:43,773{GMT}	INFO	[jepsen worker 0] jepsen.util: 0	:invoke	:read	[0 nil]
2026-02-26 14:05:43,775{GMT}	INFO	[n0 stderr] maelstrom.process: [2026-02-26T13:05:43.774631Z INFO  maelstrom::runtime] Received {"id":12,"src":"c3","dest":"n0","body":{"key":0,"type":"read","msg_id":2}}
2026-02-26 14:05:43,777{GMT}	INFO	[n0 stderr] maelstrom.process: Node  received READ for key 0
2026-02-26 14:05:43,777{GMT}	INFO	[n0 stderr] maelstrom.process: [2026-02-26T13:05:43.775075Z INFO  maelstrom::runtime] Sent {"src":"n0","dest":"c3","body":{"in_reply_to":2,"type":"read_ok","value":0}}
2026-02-26 14:05:43,777{GMT}	INFO	[jepsen worker 0] jepsen.util: 0	:ok	:read	[0 0]
2026-02-26 14:05:43,777{GMT}	INFO	[jepsen worker 1] jepsen.util: 1	:invoke	:cas	[0 [4 2]]
2026-02-26 14:05:43,779{GMT}	INFO	[n0 stderr] maelstrom.process: [2026-02-26T13:05:43.779233Z INFO  maelstrom::runtime] Received {"id":14,"src":"c2","dest":"n0","body":{"key":0,"from":4,"to":2,"type":"cas","msg_id":5}}
2026-02-26 14:05:43,780{GMT}	INFO	[n0 stderr] maelstrom.process: Node  received CAS (not implemented)
2026-02-26 14:05:43,781{GMT}	INFO	[n0 stderr] maelstrom.process: [2026-02-26T13:05:43.779464Z INFO  maelstrom::runtime] Sent {"src":"n0","dest":"c2","body":{"in_reply_to":5,"type":"cas_ok"}}
2026-02-26 14:05:43,782{GMT}	INFO	[jepsen worker 1] jepsen.util: 1	:ok	:cas	[0 [4 2]]
2026-02-26 14:05:43,789{GMT}	INFO	[jepsen worker 1] jepsen.util: 1	:invoke	:cas	[0 [2 1]]
2026-02-26 14:05:43,791{GMT}	INFO	[n0 stderr] maelstrom.process: [2026-02-26T13:05:43.790638Z INFO  maelstrom::runtime] Received {"id":16,"src":"c2","dest":"n0","body":{"key":0,"from":2,"to":1,"type":"cas","msg_id":6}}
2026-02-26 14:05:43,792{GMT}	INFO	[n0 stderr] maelstrom.process: Node  received CAS (not implemented)
2026-02-26 14:05:43,793{GMT}	INFO	[n0 stderr] maelstrom.process: [2026-02-26T13:05:43.790971Z INFO  maelstrom::runtime] Sent {"src":"n0","dest":"c2","body":{"in_reply_to":6,"type":"cas_ok"}}
2026-02-26 14:05:43,793{GMT}	INFO	[jepsen worker 1] jepsen.util: 1	:ok	:cas	[0 [2 1]]
2026-02-26 14:05:43,793{GMT}	INFO	[jepsen worker 0] jepsen.util: 0	:invoke	:read	[0 nil]
2026-02-26 14:05:43,794{GMT}	INFO	[jepsen worker 1] jepsen.util: 1	:invoke	:cas	[0 [4 1]]
2026-02-26 14:05:43,795{GMT}	INFO	[n0 stderr] maelstrom.process: [2026-02-26T13:05:43.795259Z INFO  maelstrom::runtime] Received {"id":18,"src":"c3","dest":"n0","body":{"key":0,"type":"read","msg_id":3}}
2026-02-26 14:05:43,796{GMT}	INFO	[n0 stderr] maelstrom.process: Node  received READ for key 0
2026-02-26 14:05:43,796{GMT}	INFO	[n0 stderr] maelstrom.process: [2026-02-26T13:05:43.795532Z INFO  maelstrom::runtime] Sent {"src":"n0","dest":"c3","body":{"in_reply_to":3,"type":"read_ok","value":0}}
2026-02-26 14:05:43,796{GMT}	INFO	[n0 stderr] maelstrom.process: [2026-02-26T13:05:43.796575Z INFO  maelstrom::runtime] Received {"id":19,"src":"c2","dest":"n0","body":{"key":0,"from":4,"to":1,"type":"cas","msg_id":7}}
2026-02-26 14:05:43,796{GMT}	INFO	[jepsen worker 0] jepsen.util: 0	:ok	:read	[0 0]
2026-02-26 14:05:43,796{GMT}	INFO	[n0 stderr] maelstrom.process: Node  received CAS (not implemented)
2026-02-26 14:05:43,797{GMT}	INFO	[n0 stderr] maelstrom.process: [2026-02-26T13:05:43.796673Z INFO  maelstrom::runtime] Sent {"src":"n0","dest":"c2","body":{"in_reply_to":7,"type":"cas_ok"}}
2026-02-26 14:05:43,798{GMT}	INFO	[jepsen worker 0] jepsen.util: 0	:invoke	:read	[0 nil]
2026-02-26 14:05:43,798{GMT}	INFO	[jepsen worker 1] jepsen.util: 1	:ok	:cas	[0 [4 1]]
2026-02-26 14:05:43,801{GMT}	INFO	[n0 stderr] maelstrom.process: [2026-02-26T13:05:43.800836Z INFO  maelstrom::runtime] Received {"id":22,"src":"c3","dest":"n0","body":{"key":0,"type":"read","msg_id":4}}
2026-02-26 14:05:43,801{GMT}	INFO	[n0 stderr] maelstrom.process: Node  received READ for key 0
2026-02-26 14:05:43,801{GMT}	INFO	[n0 stderr] maelstrom.process: [2026-02-26T13:05:43.800979Z INFO  maelstrom::runtime] Sent {"src":"n0","dest":"c3","body":{"in_reply_to":4,"type":"read_ok","value":0}}
2026-02-26 14:05:43,801{GMT}	INFO	[jepsen worker 0] jepsen.util: 0	:ok	:read	[0 0]
2026-02-26 14:05:43,805{GMT}	INFO	[jepsen worker 1] jepsen.util: 1	:invoke	:cas	[0 [1 3]]
2026-02-26 14:05:43,808{GMT}	INFO	[n0 stderr] maelstrom.process: [2026-02-26T13:05:43.807865Z INFO  maelstrom::runtime] Received {"id":24,"src":"c2","dest":"n0","body":{"key":0,"from":1,"to":3,"type":"cas","msg_id":8}}
2026-02-26 14:05:43,810{GMT}	INFO	[n0 stderr] maelstrom.process: Node  received CAS (not implemented)
2026-02-26 14:05:43,811{GMT}	INFO	[n0 stderr] maelstrom.process: [2026-02-26T13:05:43.808021Z INFO  maelstrom::runtime] Sent {"src":"n0","dest":"c2","body":{"in_reply_to":8,"type":"cas_ok"}}
2026-02-26 14:05:43,811{GMT}	INFO	[jepsen worker 1] jepsen.util: 1	:ok	:cas	[0 [1 3]]
2026-02-26 14:05:43,812{GMT}	INFO	[jepsen worker 1] jepsen.util: 1	:invoke	:cas	[0 [1 3]]
2026-02-26 14:05:43,814{GMT}	INFO	[n0 stderr] maelstrom.process: [2026-02-26T13:05:43.813982Z INFO  maelstrom::runtime] Received {"id":26,"src":"c2","dest":"n0","body":{"key":0,"from":1,"to":3,"type":"cas","msg_id":9}}
2026-02-26 14:05:43,816{GMT}	INFO	[n0 stderr] maelstrom.process: Node  received CAS (not implemented)
2026-02-26 14:05:43,816{GMT}	INFO	[n0 stderr] maelstrom.process: [2026-02-26T13:05:43.814092Z INFO  maelstrom::runtime] Sent {"src":"n0","dest":"c2","body":{"in_reply_to":9,"type":"cas_ok"}}
2026-02-26 14:05:43,816{GMT}	INFO	[jepsen worker 1] jepsen.util: 1	:ok	:cas	[0 [1 3]]
2026-02-26 14:05:43,829{GMT}	INFO	[jepsen worker 0] jepsen.util: 0	:invoke	:read	[0 nil]
2026-02-26 14:05:43,833{GMT}	INFO	[n0 stderr] maelstrom.process: [2026-02-26T13:05:43.832797Z INFO  maelstrom::runtime] Received {"id":28,"src":"c3","dest":"n0","body":{"key":0,"type":"read","msg_id":5}}
2026-02-26 14:05:43,833{GMT}	INFO	[n0 stderr] maelstrom.process: Node  received READ for key 0
2026-02-26 14:05:43,833{GMT}	INFO	[n0 stderr] maelstrom.process: [2026-02-26T13:05:43.832914Z INFO  maelstrom::runtime] Sent {"src":"n0","dest":"c3","body":{"in_reply_to":5,"type":"read_ok","value":0}}
2026-02-26 14:05:43,833{GMT}	INFO	[jepsen worker 0] jepsen.util: 0	:ok	:read	[0 0]
2026-02-26 14:05:43,841{GMT}	INFO	[jepsen worker 1] jepsen.util: 1	:invoke	:write	[0 0]
2026-02-26 14:05:43,844{GMT}	INFO	[jepsen worker 0] jepsen.util: 0	:invoke	:read	[0 nil]
2026-02-26 14:05:43,844{GMT}	INFO	[n0 stderr] maelstrom.process: [2026-02-26T13:05:43.844555Z INFO  maelstrom::runtime] Received {"id":30,"src":"c2","dest":"n0","body":{"key":0,"value":0,"type":"write","msg_id":10}}
2026-02-26 14:05:43,845{GMT}	INFO	[n0 stderr] maelstrom.process: Node  received WRITE: 0=0
2026-02-26 14:05:43,845{GMT}	INFO	[n0 stderr] maelstrom.process: [2026-02-26T13:05:43.844687Z INFO  maelstrom::runtime] Sent {"src":"n0","dest":"c2","body":{"in_reply_to":10,"type":"write_ok"}}
2026-02-26 14:05:43,846{GMT}	INFO	[jepsen worker 1] jepsen.util: 1	:ok	:write	[0 0]
2026-02-26 14:05:43,846{GMT}	INFO	[n0 stderr] maelstrom.process: [2026-02-26T13:05:43.845144Z INFO  maelstrom::runtime] Received {"id":31,"src":"c3","dest":"n0","body":{"key":0,"type":"read","msg_id":6}}
2026-02-26 14:05:43,846{GMT}	INFO	[n0 stderr] maelstrom.process: Node  received READ for key 0
2026-02-26 14:05:43,847{GMT}	INFO	[n0 stderr] maelstrom.process: [2026-02-26T13:05:43.845285Z INFO  maelstrom::runtime] Sent {"src":"n0","dest":"c3","body":{"in_reply_to":6,"type":"read_ok","value":0}}
2026-02-26 14:05:43,847{GMT}	INFO	[jepsen worker 0] jepsen.util: 0	:ok	:read	[0 0]
2026-02-26 14:05:43,848{GMT}	INFO	[jepsen worker 1] jepsen.util: 1	:invoke	:cas	[0 [3 3]]
2026-02-26 14:05:43,849{GMT}	INFO	[n0 stderr] maelstrom.process: [2026-02-26T13:05:43.849494Z INFO  maelstrom::runtime] Received {"id":34,"src":"c2","dest":"n0","body":{"key":0,"from":3,"to":3,"type":"cas","msg_id":11}}
2026-02-26 14:05:43,850{GMT}	INFO	[n0 stderr] maelstrom.process: Node  received CAS (not implemented)
2026-02-26 14:05:43,851{GMT}	INFO	[n0 stderr] maelstrom.process: [2026-02-26T13:05:43.849796Z INFO  maelstrom::runtime] Sent {"src":"n0","dest":"c2","body":{"in_reply_to":11,"type":"cas_ok"}}
2026-02-26 14:05:43,851{GMT}	INFO	[jepsen worker 1] jepsen.util: 1	:ok	:cas	[0 [3 3]]
2026-02-26 14:05:43,856{GMT}	INFO	[jepsen worker 1] jepsen.util: 1	:invoke	:cas	[0 [4 4]]
2026-02-26 14:05:43,859{GMT}	INFO	[n0 stderr] maelstrom.process: [2026-02-26T13:05:43.859342Z INFO  maelstrom::runtime] Received {"id":36,"src":"c2","dest":"n0","body":{"key":0,"from":4,"to":4,"type":"cas","msg_id":12}}
2026-02-26 14:05:43,861{GMT}	INFO	[n0 stderr] maelstrom.process: Node  received CAS (not implemented)
2026-02-26 14:05:43,861{GMT}	INFO	[jepsen worker 1] jepsen.util: 1	:ok	:cas	[0 [4 4]]
2026-02-26 14:05:43,861{GMT}	INFO	[n0 stderr] maelstrom.process: [2026-02-26T13:05:43.859613Z INFO  maelstrom::runtime] Sent {"src":"n0","dest":"c2","body":{"in_reply_to":12,"type":"cas_ok"}}
2026-02-26 14:05:43,877{GMT}	INFO	[jepsen worker 0] jepsen.util: 0	:invoke	:read	[0 nil]
2026-02-26 14:05:43,880{GMT}	INFO	[n0 stderr] maelstrom.process: [2026-02-26T13:05:43.880235Z INFO  maelstrom::runtime] Received {"id":38,"src":"c3","dest":"n0","body":{"key":0,"type":"read","msg_id":7}}
2026-02-26 14:05:43,880{GMT}	INFO	[n0 stderr] maelstrom.process: Node  received READ for key 0
2026-02-26 14:05:43,880{GMT}	INFO	[n0 stderr] maelstrom.process: [2026-02-26T13:05:43.880358Z INFO  maelstrom::runtime] Sent {"src":"n0","dest":"c3","body":{"in_reply_to":7,"type":"read_ok","value":0}}
2026-02-26 14:05:43,881{GMT}	INFO	[jepsen worker 0] jepsen.util: 0	:ok	:read	[0 0]
2026-02-26 14:05:43,887{GMT}	INFO	[jepsen worker 0] jepsen.util: 0	:invoke	:read	[0 nil]
2026-02-26 14:05:43,890{GMT}	INFO	[n0 stderr] maelstrom.process: [2026-02-26T13:05:43.890124Z INFO  maelstrom::runtime] Received {"id":40,"src":"c3","dest":"n0","body":{"key":0,"type":"read","msg_id":8}}
2026-02-26 14:05:43,891{GMT}	INFO	[n0 stderr] maelstrom.process: Node  received READ for key 0
2026-02-26 14:05:43,892{GMT}	INFO	[n0 stderr] maelstrom.process: [2026-02-26T13:05:43.890402Z INFO  maelstrom::runtime] Sent {"src":"n0","dest":"c3","body":{"in_reply_to":8,"type":"read_ok","value":0}}
2026-02-26 14:05:43,892{GMT}	INFO	[jepsen worker 0] jepsen.util: 0	:ok	:read	[0 0]
2026-02-26 14:05:43,892{GMT}	INFO	[jepsen worker 1] jepsen.util: 1	:invoke	:cas	[0 [2 3]]
2026-02-26 14:05:43,894{GMT}	INFO	[n0 stderr] maelstrom.process: [2026-02-26T13:05:43.894030Z INFO  maelstrom::runtime] Received {"id":42,"src":"c2","dest":"n0","body":{"key":0,"from":2,"to":3,"type":"cas","msg_id":13}}
2026-02-26 14:05:43,894{GMT}	INFO	[n0 stderr] maelstrom.process: Node  received CAS (not implemented)
2026-02-26 14:05:43,895{GMT}	INFO	[n0 stderr] maelstrom.process: [2026-02-26T13:05:43.894198Z INFO  maelstrom::runtime] Sent {"src":"n0","dest":"c2","body":{"in_reply_to":13,"type":"cas_ok"}}
2026-02-26 14:05:43,896{GMT}	INFO	[jepsen worker 1] jepsen.util: 1	:ok	:cas	[0 [2 3]]
2026-02-26 14:05:43,907{GMT}	INFO	[jepsen worker 0] jepsen.util: 0	:invoke	:read	[0 nil]
2026-02-26 14:05:43,909{GMT}	INFO	[n0 stderr] maelstrom.process: [2026-02-26T13:05:43.908817Z INFO  maelstrom::runtime] Received {"id":44,"src":"c3","dest":"n0","body":{"key":0,"type":"read","msg_id":9}}
2026-02-26 14:05:43,911{GMT}	INFO	[n0 stderr] maelstrom.process: Node  received READ for key 0
2026-02-26 14:05:43,912{GMT}	INFO	[jepsen worker 0] jepsen.util: 0	:ok	:read	[0 0]
2026-02-26 14:05:43,912{GMT}	INFO	[n0 stderr] maelstrom.process: [2026-02-26T13:05:43.909038Z INFO  maelstrom::runtime] Sent {"src":"n0","dest":"c3","body":{"in_reply_to":9,"type":"read_ok","value":0}}
2026-02-26 14:05:43,912{GMT}	INFO	[jepsen worker 1] jepsen.util: 1	:invoke	:cas	[0 [4 2]]
2026-02-26 14:05:43,915{GMT}	INFO	[n0 stderr] maelstrom.process: [2026-02-26T13:05:43.914316Z INFO  maelstrom::runtime] Received {"id":46,"src":"c2","dest":"n0","body":{"key":0,"from":4,"to":2,"type":"cas","msg_id":14}}
2026-02-26 14:05:43,915{GMT}	INFO	[n0 stderr] maelstrom.process: Node  received CAS (not implemented)
2026-02-26 14:05:43,915{GMT}	INFO	[n0 stderr] maelstrom.process: [2026-02-26T13:05:43.914735Z INFO  maelstrom::runtime] Sent {"src":"n0","dest":"c2","body":{"in_reply_to":14,"type":"cas_ok"}}
2026-02-26 14:05:43,916{GMT}	INFO	[jepsen worker 1] jepsen.util: 1	:ok	:cas	[0 [4 2]]
2026-02-26 14:05:43,928{GMT}	INFO	[jepsen worker 1] jepsen.util: 1	:invoke	:cas	[0 [0 1]]
2026-02-26 14:05:43,930{GMT}	INFO	[n0 stderr] maelstrom.process: [2026-02-26T13:05:43.930533Z INFO  maelstrom::runtime] Received {"id":48,"src":"c2","dest":"n0","body":{"key":0,"from":0,"to":1,"type":"cas","msg_id":15}}
2026-02-26 14:05:43,932{GMT}	INFO	[n0 stderr] maelstrom.process: Node  received CAS (not implemented)
2026-02-26 14:05:43,932{GMT}	INFO	[jepsen worker 1] jepsen.util: 1	:ok	:cas	[0 [0 1]]
2026-02-26 14:05:43,932{GMT}	INFO	[n0 stderr] maelstrom.process: [2026-02-26T13:05:43.930643Z INFO  maelstrom::runtime] Sent {"src":"n0","dest":"c2","body":{"in_reply_to":15,"type":"cas_ok"}}
2026-02-26 14:05:43,935{GMT}	INFO	[jepsen worker 1] jepsen.util: 1	:invoke	:write	[0 1]
2026-02-26 14:05:43,938{GMT}	INFO	[n0 stderr] maelstrom.process: [2026-02-26T13:05:43.937457Z INFO  maelstrom::runtime] Received {"id":50,"src":"c2","dest":"n0","body":{"key":0,"value":1,"type":"write","msg_id":16}}
2026-02-26 14:05:43,939{GMT}	INFO	[n0 stderr] maelstrom.process: Node  received WRITE: 0=1
2026-02-26 14:05:43,940{GMT}	INFO	[n0 stderr] maelstrom.process: [2026-02-26T13:05:43.937820Z INFO  maelstrom::runtime] Sent {"src":"n0","dest":"c2","body":{"in_reply_to":16,"type":"write_ok"}}
2026-02-26 14:05:43,940{GMT}	INFO	[jepsen worker 1] jepsen.util: 1	:ok	:write	[0 1]
2026-02-26 14:05:43,955{GMT}	INFO	[jepsen worker 1] jepsen.util: 1	:invoke	:write	[0 2]
2026-02-26 14:05:43,957{GMT}	INFO	[n0 stderr] maelstrom.process: [2026-02-26T13:05:43.956841Z INFO  maelstrom::runtime] Received {"id":52,"src":"c2","dest":"n0","body":{"key":0,"value":2,"type":"write","msg_id":17}}
2026-02-26 14:05:43,958{GMT}	INFO	[n0 stderr] maelstrom.process: Node  received WRITE: 0=2
2026-02-26 14:05:43,958{GMT}	INFO	[n0 stderr] maelstrom.process: [2026-02-26T13:05:43.957141Z INFO  maelstrom::runtime] Sent {"src":"n0","dest":"c2","body":{"in_reply_to":17,"type":"write_ok"}}
2026-02-26 14:05:43,959{GMT}	INFO	[jepsen worker 1] jepsen.util: 1	:ok	:write	[0 2]
2026-02-26 14:05:43,971{GMT}	INFO	[jepsen worker 0] jepsen.util: 0	:invoke	:read	[0 nil]
2026-02-26 14:05:43,973{GMT}	INFO	[n0 stderr] maelstrom.process: [2026-02-26T13:05:43.972744Z INFO  maelstrom::runtime] Received {"id":54,"src":"c3","dest":"n0","body":{"key":0,"type":"read","msg_id":10}}
2026-02-26 14:05:43,974{GMT}	INFO	[n0 stderr] maelstrom.process: Node  received READ for key 0
2026-02-26 14:05:43,975{GMT}	INFO	[jepsen worker 0] jepsen.util: 0	:ok	:read	[0 0]
2026-02-26 14:05:43,975{GMT}	INFO	[jepsen worker 1] jepsen.util: 1	:invoke	:cas	[0 [0 2]]
2026-02-26 14:05:43,976{GMT}	INFO	[n0 stderr] maelstrom.process: [2026-02-26T13:05:43.973104Z INFO  maelstrom::runtime] Sent {"src":"n0","dest":"c3","body":{"in_reply_to":10,"type":"read_ok","value":0}}
2026-02-26 14:05:43,978{GMT}	INFO	[n0 stderr] maelstrom.process: [2026-02-26T13:05:43.977499Z INFO  maelstrom::runtime] Received {"id":56,"src":"c2","dest":"n0","body":{"key":0,"from":0,"to":2,"type":"cas","msg_id":18}}
2026-02-26 14:05:43,978{GMT}	INFO	[n0 stderr] maelstrom.process: Node  received CAS (not implemented)
2026-02-26 14:05:43,978{GMT}	INFO	[n0 stderr] maelstrom.process: [2026-02-26T13:05:43.977920Z INFO  maelstrom::runtime] Sent {"src":"n0","dest":"c2","body":{"in_reply_to":18,"type":"cas_ok"}}
2026-02-26 14:05:43,979{GMT}	INFO	[jepsen worker 1] jepsen.util: 1	:ok	:cas	[0 [0 2]]
2026-02-26 14:05:43,986{GMT}	INFO	[jepsen worker 0] jepsen.util: 0	:invoke	:read	[0 nil]
2026-02-26 14:05:43,988{GMT}	INFO	[jepsen worker 1] jepsen.util: 1	:invoke	:cas	[0 [1 0]]
2026-02-26 14:05:43,989{GMT}	INFO	[n0 stderr] maelstrom.process: [2026-02-26T13:05:43.988820Z INFO  maelstrom::runtime] Received {"id":58,"src":"c3","dest":"n0","body":{"key":0,"type":"read","msg_id":11}}
2026-02-26 14:05:43,989{GMT}	INFO	[n0 stderr] maelstrom.process: Node  received READ for key 0
2026-02-26 14:05:43,989{GMT}	INFO	[n0 stderr] maelstrom.process: [2026-02-26T13:05:43.989213Z INFO  maelstrom::runtime] Sent {"src":"n0","dest":"c3","body":{"in_reply_to":11,"type":"read_ok","value":0}}
2026-02-26 14:05:43,989{GMT}	INFO	[jepsen worker 0] jepsen.util: 0	:ok	:read	[0 0]
2026-02-26 14:05:43,990{GMT}	INFO	[jepsen worker 0] jepsen.util: 0	:invoke	:read	[0 nil]
2026-02-26 14:05:43,991{GMT}	INFO	[n0 stderr] maelstrom.process: [2026-02-26T13:05:43.990809Z INFO  maelstrom::runtime] Received {"id":59,"src":"c2","dest":"n0","body":{"key":0,"from":1,"to":0,"type":"cas","msg_id":19}}
2026-02-26 14:05:43,991{GMT}	INFO	[n0 stderr] maelstrom.process: Node  received CAS (not implemented)
2026-02-26 14:05:43,991{GMT}	INFO	[n0 stderr] maelstrom.process: [2026-02-26T13:05:43.991135Z INFO  maelstrom::runtime] Sent {"src":"n0","dest":"c2","body":{"in_reply_to":19,"type":"cas_ok"}}
2026-02-26 14:05:43,993{GMT}	INFO	[jepsen worker 1] jepsen.util: 1	:ok	:cas	[0 [1 0]]
2026-02-26 14:05:43,993{GMT}	INFO	[n0 stderr] maelstrom.process: [2026-02-26T13:05:43.993068Z INFO  maelstrom::runtime] Received {"id":61,"src":"c3","dest":"n0","body":{"key":0,"type":"read","msg_id":12}}
2026-02-26 14:05:43,994{GMT}	INFO	[n0 stderr] maelstrom.process: Node  received READ for key 0
2026-02-26 14:05:43,994{GMT}	INFO	[jepsen worker 0] jepsen.util: 0	:ok	:read	[0 0]
2026-02-26 14:05:43,994{GMT}	INFO	[n0 stderr] maelstrom.process: [2026-02-26T13:05:43.993360Z INFO  maelstrom::runtime] Sent {"src":"n0","dest":"c3","body":{"in_reply_to":12,"type":"read_ok","value":0}}
2026-02-26 14:05:44,006{GMT}	INFO	[jepsen worker 1] jepsen.util: 1	:invoke	:cas	[0 [0 3]]
2026-02-26 14:05:44,009{GMT}	INFO	[n0 stderr] maelstrom.process: [2026-02-26T13:05:44.009346Z INFO  maelstrom::runtime] Received {"id":64,"src":"c2","dest":"n0","body":{"key":0,"from":0,"to":3,"type":"cas","msg_id":20}}
2026-02-26 14:05:44,010{GMT}	INFO	[n0 stderr] maelstrom.process: Node  received CAS (not implemented)
2026-02-26 14:05:44,011{GMT}	INFO	[n0 stderr] maelstrom.process: [2026-02-26T13:05:44.009503Z INFO  maelstrom::runtime] Sent {"src":"n0","dest":"c2","body":{"in_reply_to":20,"type":"cas_ok"}}
2026-02-26 14:05:44,011{GMT}	INFO	[jepsen worker 1] jepsen.util: 1	:ok	:cas	[0 [0 3]]
2026-02-26 14:05:44,020{GMT}	INFO	[jepsen worker 1] jepsen.util: 1	:invoke	:cas	[0 [1 3]]
2026-02-26 14:05:44,023{GMT}	INFO	[n0 stderr] maelstrom.process: [2026-02-26T13:05:44.023164Z INFO  maelstrom::runtime] Received {"id":66,"src":"c2","dest":"n0","body":{"key":0,"from":1,"to":3,"type":"cas","msg_id":21}}
2026-02-26 14:05:44,024{GMT}	INFO	[n0 stderr] maelstrom.process: Node  received CAS (not implemented)
2026-02-26 14:05:44,024{GMT}	INFO	[n0 stderr] maelstrom.process: [2026-02-26T13:05:44.023265Z INFO  maelstrom::runtime] Sent {"src":"n0","dest":"c2","body":{"in_reply_to":21,"type":"cas_ok"}}
2026-02-26 14:05:44,025{GMT}	INFO	[jepsen worker 1] jepsen.util: 1	:ok	:cas	[0 [1 3]]
2026-02-26 14:05:44,039{GMT}	INFO	[jepsen worker 0] jepsen.util: 0	:invoke	:read	[0 nil]
2026-02-26 14:05:44,044{GMT}	INFO	[n0 stderr] maelstrom.process: [2026-02-26T13:05:44.043627Z INFO  maelstrom::runtime] Received {"id":68,"src":"c3","dest":"n0","body":{"key":0,"type":"read","msg_id":13}}
2026-02-26 14:05:44,044{GMT}	INFO	[n0 stderr] maelstrom.process: Node  received READ for key 0
2026-02-26 14:05:44,044{GMT}	INFO	[n0 stderr] maelstrom.process: [2026-02-26T13:05:44.043875Z INFO  maelstrom::runtime] Sent {"src":"n0","dest":"c3","body":{"in_reply_to":13,"type":"read_ok","value":0}}
2026-02-26 14:05:44,044{GMT}	INFO	[jepsen worker 1] jepsen.util: 1	:invoke	:cas	[0 [2 1]]
2026-02-26 14:05:44,044{GMT}	INFO	[jepsen worker 0] jepsen.util: 0	:ok	:read	[0 0]
2026-02-26 14:05:44,046{GMT}	INFO	[n0 stderr] maelstrom.process: [2026-02-26T13:05:44.046381Z INFO  maelstrom::runtime] Received {"id":70,"src":"c2","dest":"n0","body":{"key":0,"from":2,"to":1,"type":"cas","msg_id":22}}
2026-02-26 14:05:44,048{GMT}	INFO	[n0 stderr] maelstrom.process: Node  received CAS (not implemented)
2026-02-26 14:05:44,048{GMT}	INFO	[jepsen worker 1] jepsen.util: 1	:ok	:cas	[0 [2 1]]
2026-02-26 14:05:44,048{GMT}	INFO	[jepsen worker 0] jepsen.util: 0	:invoke	:read	[0 nil]
2026-02-26 14:05:44,048{GMT}	INFO	[n0 stderr] maelstrom.process: [2026-02-26T13:05:44.046635Z INFO  maelstrom::runtime] Sent {"src":"n0","dest":"c2","body":{"in_reply_to":22,"type":"cas_ok"}}
2026-02-26 14:05:44,049{GMT}	INFO	[n0 stderr] maelstrom.process: [2026-02-26T13:05:44.049495Z INFO  maelstrom::runtime] Received {"id":72,"src":"c3","dest":"n0","body":{"key":0,"type":"read","msg_id":14}}
2026-02-26 14:05:44,050{GMT}	INFO	[n0 stderr] maelstrom.process: Node  received READ for key 0
2026-02-26 14:05:44,050{GMT}	INFO	[n0 stderr] maelstrom.process: [2026-02-26T13:05:44.049874Z INFO  maelstrom::runtime] Sent {"src":"n0","dest":"c3","body":{"in_reply_to":14,"type":"read_ok","value":0}}
2026-02-26 14:05:44,051{GMT}	INFO	[jepsen worker 0] jepsen.util: 0	:ok	:read	[0 0]
2026-02-26 14:05:44,055{GMT}	INFO	[jepsen worker 1] jepsen.util: 1	:invoke	:cas	[0 [4 2]]
2026-02-26 14:05:44,057{GMT}	INFO	[n0 stderr] maelstrom.process: [2026-02-26T13:05:44.057128Z INFO  maelstrom::runtime] Received {"id":74,"src":"c2","dest":"n0","body":{"key":0,"from":4,"to":2,"type":"cas","msg_id":23}}
2026-02-26 14:05:44,058{GMT}	INFO	[n0 stderr] maelstrom.process: Node  received CAS (not implemented)
2026-02-26 14:05:44,059{GMT}	INFO	[n0 stderr] maelstrom.process: [2026-02-26T13:05:44.057388Z INFO  maelstrom::runtime] Sent {"src":"n0","dest":"c2","body":{"in_reply_to":23,"type":"cas_ok"}}
2026-02-26 14:05:44,059{GMT}	INFO	[jepsen worker 1] jepsen.util: 1	:ok	:cas	[0 [4 2]]
2026-02-26 14:05:44,069{GMT}	INFO	[jepsen worker 1] jepsen.util: 1	:invoke	:cas	[0 [3 2]]
2026-02-26 14:05:44,070{GMT}	INFO	[n0 stderr] maelstrom.process: [2026-02-26T13:05:44.070014Z INFO  maelstrom::runtime] Received {"id":76,"src":"c2","dest":"n0","body":{"key":0,"from":3,"to":2,"type":"cas","msg_id":24}}
2026-02-26 14:05:44,071{GMT}	INFO	[n0 stderr] maelstrom.process: Node  received CAS (not implemented)
2026-02-26 14:05:44,071{GMT}	INFO	[n0 stderr] maelstrom.process: [2026-02-26T13:05:44.070117Z INFO  maelstrom::runtime] Sent {"src":"n0","dest":"c2","body":{"in_reply_to":24,"type":"cas_ok"}}
2026-02-26 14:05:44,072{GMT}	INFO	[jepsen worker 1] jepsen.util: 1	:ok	:cas	[0 [3 2]]
2026-02-26 14:05:44,087{GMT}	INFO	[jepsen worker 1] jepsen.util: 1	:invoke	:write	[0 4]
2026-02-26 14:05:44,088{GMT}	INFO	[n0 stderr] maelstrom.process: [2026-02-26T13:05:44.088394Z INFO  maelstrom::runtime] Received {"id":78,"src":"c2","dest":"n0","body":{"key":0,"value":4,"type":"write","msg_id":25}}
2026-02-26 14:05:44,088{GMT}	INFO	[n0 stderr] maelstrom.process: Node  received WRITE: 0=4
2026-02-26 14:05:44,088{GMT}	INFO	[n0 stderr] maelstrom.process: [2026-02-26T13:05:44.088556Z INFO  maelstrom::runtime] Sent {"src":"n0","dest":"c2","body":{"in_reply_to":25,"type":"write_ok"}}
2026-02-26 14:05:44,089{GMT}	INFO	[jepsen worker 1] jepsen.util: 1	:ok	:write	[0 4]
2026-02-26 14:05:44,104{GMT}	INFO	[jepsen worker 1] jepsen.util: 1	:invoke	:cas	[0 [0 3]]
2026-02-26 14:05:44,105{GMT}	INFO	[n0 stderr] maelstrom.process: [2026-02-26T13:05:44.105580Z INFO  maelstrom::runtime] Received {"id":80,"src":"c2","dest":"n0","body":{"key":0,"from":0,"to":3,"type":"cas","msg_id":26}}
2026-02-26 14:05:44,106{GMT}	INFO	[n0 stderr] maelstrom.process: Node  received CAS (not implemented)
2026-02-26 14:05:44,106{GMT}	INFO	[n0 stderr] maelstrom.process: [2026-02-26T13:05:44.105679Z INFO  maelstrom::runtime] Sent {"src":"n0","dest":"c2","body":{"in_reply_to":26,"type":"cas_ok"}}
2026-02-26 14:05:44,106{GMT}	INFO	[jepsen worker 1] jepsen.util: 1	:ok	:cas	[0 [0 3]]
2026-02-26 14:05:44,112{GMT}	INFO	[jepsen worker 1] jepsen.util: 1	:invoke	:cas	[0 [4 3]]
2026-02-26 14:05:44,114{GMT}	INFO	[n0 stderr] maelstrom.process: [2026-02-26T13:05:44.114040Z INFO  maelstrom::runtime] Received {"id":82,"src":"c2","dest":"n0","body":{"key":0,"from":4,"to":3,"type":"cas","msg_id":27}}
2026-02-26 14:05:44,115{GMT}	INFO	[n0 stderr] maelstrom.process: Node  received CAS (not implemented)
2026-02-26 14:05:44,115{GMT}	INFO	[n0 stderr] maelstrom.process: [2026-02-26T13:05:44.114287Z INFO  maelstrom::runtime] Sent {"src":"n0","dest":"c2","body":{"in_reply_to":27,"type":"cas_ok"}}
2026-02-26 14:05:44,116{GMT}	INFO	[jepsen worker 1] jepsen.util: 1	:ok	:cas	[0 [4 3]]
2026-02-26 14:05:44,128{GMT}	INFO	[jepsen worker 0] jepsen.util: 0	:invoke	:read	[0 nil]
2026-02-26 14:05:44,130{GMT}	INFO	[n0 stderr] maelstrom.process: [2026-02-26T13:05:44.129693Z INFO  maelstrom::runtime] Received {"id":84,"src":"c3","dest":"n0","body":{"key":0,"type":"read","msg_id":15}}
2026-02-26 14:05:44,130{GMT}	INFO	[n0 stderr] maelstrom.process: Node  received READ for key 0
2026-02-26 14:05:44,131{GMT}	INFO	[n0 stderr] maelstrom.process: [2026-02-26T13:05:44.129935Z INFO  maelstrom::runtime] Sent {"src":"n0","dest":"c3","body":{"in_reply_to":15,"type":"read_ok","value":0}}
2026-02-26 14:05:44,132{GMT}	INFO	[jepsen worker 0] jepsen.util: 0	:ok	:read	[0 0]
2026-02-26 14:05:44,137{GMT}	INFO	[jepsen worker 0] jepsen.util: 0	:invoke	:read	[0 nil]
2026-02-26 14:05:44,139{GMT}	INFO	[n0 stderr] maelstrom.process: [2026-02-26T13:05:44.139060Z INFO  maelstrom::runtime] Received {"id":86,"src":"c3","dest":"n0","body":{"key":0,"type":"read","msg_id":16}}
2026-02-26 14:05:44,139{GMT}	INFO	[n0 stderr] maelstrom.process: Node  received READ for key 0
2026-02-26 14:05:44,140{GMT}	INFO	[n0 stderr] maelstrom.process: [2026-02-26T13:05:44.139316Z INFO  maelstrom::runtime] Sent {"src":"n0","dest":"c3","body":{"in_reply_to":16,"type":"read_ok","value":0}}
2026-02-26 14:05:44,141{GMT}	INFO	[jepsen worker 0] jepsen.util: 0	:ok	:read	[0 0]
2026-02-26 14:05:44,151{GMT}	INFO	[jepsen worker 0] jepsen.util: 0	:invoke	:read	[0 nil]
2026-02-26 14:05:44,152{GMT}	INFO	[n0 stderr] maelstrom.process: [2026-02-26T13:05:44.152034Z INFO  maelstrom::runtime] Received {"id":88,"src":"c3","dest":"n0","body":{"key":0,"type":"read","msg_id":17}}
2026-02-26 14:05:44,152{GMT}	INFO	[n0 stderr] maelstrom.process: Node  received READ for key 0
2026-02-26 14:05:44,153{GMT}	INFO	[n0 stderr] maelstrom.process: [2026-02-26T13:05:44.152289Z INFO  maelstrom::runtime] Sent {"src":"n0","dest":"c3","body":{"in_reply_to":17,"type":"read_ok","value":0}}
2026-02-26 14:05:44,154{GMT}	INFO	[jepsen worker 0] jepsen.util: 0	:ok	:read	[0 0]
2026-02-26 14:05:44,165{GMT}	INFO	[jepsen worker 0] jepsen.util: 0	:invoke	:read	[0 nil]
2026-02-26 14:05:44,168{GMT}	INFO	[n0 stderr] maelstrom.process: [2026-02-26T13:05:44.167653Z INFO  maelstrom::runtime] Received {"id":90,"src":"c3","dest":"n0","body":{"key":0,"type":"read","msg_id":18}}
2026-02-26 14:05:44,168{GMT}	INFO	[n0 stderr] maelstrom.process: Node  received READ for key 0
2026-02-26 14:05:44,168{GMT}	INFO	[n0 stderr] maelstrom.process: [2026-02-26T13:05:44.168177Z INFO  maelstrom::runtime] Sent {"src":"n0","dest":"c3","body":{"in_reply_to":18,"type":"read_ok","value":0}}
2026-02-26 14:05:44,169{GMT}	INFO	[jepsen worker 0] jepsen.util: 0	:ok	:read	[0 0]
2026-02-26 14:05:44,177{GMT}	INFO	[jepsen worker 0] jepsen.util: 0	:invoke	:read	[0 nil]
2026-02-26 14:05:44,179{GMT}	INFO	[n0 stderr] maelstrom.process: [2026-02-26T13:05:44.179028Z INFO  maelstrom::runtime] Received {"id":92,"src":"c3","dest":"n0","body":{"key":0,"type":"read","msg_id":19}}
2026-02-26 14:05:44,181{GMT}	INFO	[n0 stderr] maelstrom.process: Node  received READ for key 0
2026-02-26 14:05:44,181{GMT}	INFO	[n0 stderr] maelstrom.process: [2026-02-26T13:05:44.179430Z INFO  maelstrom::runtime] Sent {"src":"n0","dest":"c3","body":{"in_reply_to":19,"type":"read_ok","value":0}}
2026-02-26 14:05:44,181{GMT}	INFO	[jepsen worker 0] jepsen.util: 0	:ok	:read	[0 0]
2026-02-26 14:05:44,181{GMT}	INFO	[jepsen worker 1] jepsen.util: 1	:invoke	:write	[0 2]
2026-02-26 14:05:44,183{GMT}	INFO	[jepsen worker 0] jepsen.util: 0	:invoke	:read	[0 nil]
2026-02-26 14:05:44,183{GMT}	INFO	[n0 stderr] maelstrom.process: [2026-02-26T13:05:44.183308Z INFO  maelstrom::runtime] Received {"id":94,"src":"c2","dest":"n0","body":{"key":0,"value":2,"type":"write","msg_id":28}}
2026-02-26 14:05:44,184{GMT}	INFO	[n0 stderr] maelstrom.process: Node  received WRITE: 0=2
2026-02-26 14:05:44,185{GMT}	INFO	[n0 stderr] maelstrom.process: [2026-02-26T13:05:44.183571Z INFO  maelstrom::runtime] Sent {"src":"n0","dest":"c2","body":{"in_reply_to":28,"type":"write_ok"}}
2026-02-26 14:05:44,185{GMT}	INFO	[jepsen worker 1] jepsen.util: 1	:ok	:write	[0 2]
2026-02-26 14:05:44,186{GMT}	INFO	[n0 stderr] maelstrom.process: [2026-02-26T13:05:44.185661Z INFO  maelstrom::runtime] Received {"id":95,"src":"c3","dest":"n0","body":{"key":0,"type":"read","msg_id":20}}
2026-02-26 14:05:44,186{GMT}	INFO	[n0 stderr] maelstrom.process: Node  received READ for key 0
2026-02-26 14:05:44,187{GMT}	INFO	[n0 stderr] maelstrom.process: [2026-02-26T13:05:44.186096Z INFO  maelstrom::runtime] Sent {"src":"n0","dest":"c3","body":{"in_reply_to":20,"type":"read_ok","value":0}}
2026-02-26 14:05:44,187{GMT}	INFO	[jepsen worker 1] jepsen.util: 1	:invoke	:write	[0 4]
2026-02-26 14:05:44,188{GMT}	INFO	[jepsen worker 0] jepsen.util: 0	:ok	:read	[0 0]
2026-02-26 14:05:44,190{GMT}	INFO	[n0 stderr] maelstrom.process: [2026-02-26T13:05:44.189528Z INFO  maelstrom::runtime] Received {"id":98,"src":"c2","dest":"n0","body":{"key":0,"value":4,"type":"write","msg_id":29}}
2026-02-26 14:05:44,191{GMT}	INFO	[n0 stderr] maelstrom.process: Node  received WRITE: 0=4
2026-02-26 14:05:44,192{GMT}	INFO	[n0 stderr] maelstrom.process: [2026-02-26T13:05:44.189976Z INFO  maelstrom::runtime] Sent {"src":"n0","dest":"c2","body":{"in_reply_to":29,"type":"write_ok"}}
2026-02-26 14:05:44,192{GMT}	INFO	[jepsen worker 1] jepsen.util: 1	:ok	:write	[0 4]
2026-02-26 14:05:44,196{GMT}	INFO	[jepsen worker 0] jepsen.util: 0	:invoke	:read	[0 nil]
2026-02-26 14:05:44,198{GMT}	INFO	[n0 stderr] maelstrom.process: [2026-02-26T13:05:44.198488Z INFO  maelstrom::runtime] Received {"id":100,"src":"c3","dest":"n0","body":{"key":0,"type":"read","msg_id":21}}
2026-02-26 14:05:44,199{GMT}	INFO	[n0 stderr] maelstrom.process: Node  received READ for key 0
2026-02-26 14:05:44,200{GMT}	INFO	[n0 stderr] maelstrom.process: [2026-02-26T13:05:44.198741Z INFO  maelstrom::runtime] Sent {"src":"n0","dest":"c3","body":{"in_reply_to":21,"type":"read_ok","value":0}}
2026-02-26 14:05:44,200{GMT}	INFO	[jepsen worker 0] jepsen.util: 0	:ok	:read	[0 0]
2026-02-26 14:05:44,200{GMT}	INFO	[jepsen worker 1] jepsen.util: 1	:invoke	:cas	[0 [4 1]]
2026-02-26 14:05:44,203{GMT}	INFO	[n0 stderr] maelstrom.process: [2026-02-26T13:05:44.203085Z INFO  maelstrom::runtime] Received {"id":102,"src":"c2","dest":"n0","body":{"key":0,"from":4,"to":1,"type":"cas","msg_id":30}}
2026-02-26 14:05:44,204{GMT}	INFO	[n0 stderr] maelstrom.process: Node  received CAS (not implemented)
2026-02-26 14:05:44,204{GMT}	INFO	[n0 stderr] maelstrom.process: [2026-02-26T13:05:44.203635Z INFO  maelstrom::runtime] Sent {"src":"n0","dest":"c2","body":{"in_reply_to":30,"type":"cas_ok"}}
2026-02-26 14:05:44,205{GMT}	INFO	[jepsen worker 1] jepsen.util: 1	:ok	:cas	[0 [4 1]]
2026-02-26 14:05:44,216{GMT}	INFO	[jepsen worker 0] jepsen.util: 0	:invoke	:read	[0 nil]
2026-02-26 14:05:44,218{GMT}	INFO	[jepsen worker 1] jepsen.util: 1	:invoke	:cas	[0 [2 3]]
2026-02-26 14:05:44,219{GMT}	INFO	[n0 stderr] maelstrom.process: [2026-02-26T13:05:44.218906Z INFO  maelstrom::runtime] Received {"id":104,"src":"c3","dest":"n0","body":{"key":0,"type":"read","msg_id":22}}
2026-02-26 14:05:44,220{GMT}	INFO	[n0 stderr] maelstrom.process: Node  received READ for key 0
2026-02-26 14:05:44,220{GMT}	INFO	[n0 stderr] maelstrom.process: [2026-02-26T13:05:44.219196Z INFO  maelstrom::runtime] Sent {"src":"n0","dest":"c3","body":{"in_reply_to":22,"type":"read_ok","value":0}}
2026-02-26 14:05:44,221{GMT}	INFO	[n0 stderr] maelstrom.process: [2026-02-26T13:05:44.220458Z INFO  maelstrom::runtime] Received {"id":105,"src":"c2","dest":"n0","body":{"key":0,"from":2,"to":3,"type":"cas","msg_id":31}}
2026-02-26 14:05:44,221{GMT}	INFO	[jepsen worker 0] jepsen.util: 0	:ok	:read	[0 0]
2026-02-26 14:05:44,222{GMT}	INFO	[n0 stderr] maelstrom.process: Node  received CAS (not implemented)
2026-02-26 14:05:44,222{GMT}	INFO	[jepsen worker 1] jepsen.util: 1	:ok	:cas	[0 [2 3]]
2026-02-26 14:05:44,223{GMT}	INFO	[n0 stderr] maelstrom.process: [2026-02-26T13:05:44.220697Z INFO  maelstrom::runtime] Sent {"src":"n0","dest":"c2","body":{"in_reply_to":31,"type":"cas_ok"}}
2026-02-26 14:05:44,236{GMT}	INFO	[jepsen worker 0] jepsen.util: 0	:invoke	:read	[0 nil]
2026-02-26 14:05:44,238{GMT}	INFO	[n0 stderr] maelstrom.process: [2026-02-26T13:05:44.238464Z INFO  maelstrom::runtime] Received {"id":108,"src":"c3","dest":"n0","body":{"key":0,"type":"read","msg_id":23}}
2026-02-26 14:05:44,239{GMT}	INFO	[n0 stderr] maelstrom.process: Node  received READ for key 0
2026-02-26 14:05:44,240{GMT}	INFO	[n0 stderr] maelstrom.process: [2026-02-26T13:05:44.238752Z INFO  maelstrom::runtime] Sent {"src":"n0","dest":"c3","body":{"in_reply_to":23,"type":"read_ok","value":0}}
2026-02-26 14:05:44,240{GMT}	INFO	[jepsen worker 0] jepsen.util: 0	:ok	:read	[0 0]
2026-02-26 14:05:44,240{GMT}	INFO	[jepsen worker 1] jepsen.util: 1	:invoke	:write	[0 2]
2026-02-26 14:05:44,243{GMT}	INFO	[n0 stderr] maelstrom.process: [2026-02-26T13:05:44.243064Z INFO  maelstrom::runtime] Received {"id":110,"src":"c2","dest":"n0","body":{"key":0,"value":2,"type":"write","msg_id":32}}
2026-02-26 14:05:44,245{GMT}	INFO	[n0 stderr] maelstrom.process: Node  received WRITE: 0=2
2026-02-26 14:05:44,245{GMT}	INFO	[n0 stderr] maelstrom.process: [2026-02-26T13:05:44.243543Z INFO  maelstrom::runtime] Sent {"src":"n0","dest":"c2","body":{"in_reply_to":32,"type":"write_ok"}}
2026-02-26 14:05:44,245{GMT}	INFO	[jepsen worker 1] jepsen.util: 1	:ok	:write	[0 2]
2026-02-26 14:05:44,260{GMT}	INFO	[jepsen worker 1] jepsen.util: 1	:invoke	:cas	[0 [2 4]]
2026-02-26 14:05:44,263{GMT}	INFO	[jepsen worker 0] jepsen.util: 0	:invoke	:read	[0 nil]
2026-02-26 14:05:44,263{GMT}	INFO	[n0 stderr] maelstrom.process: [2026-02-26T13:05:44.263085Z INFO  maelstrom::runtime] Received {"id":112,"src":"c2","dest":"n0","body":{"key":0,"from":2,"to":4,"type":"cas","msg_id":33}}
2026-02-26 14:05:44,264{GMT}	INFO	[n0 stderr] maelstrom.process: Node  received CAS (not implemented)
2026-02-26 14:05:44,265{GMT}	INFO	[n0 stderr] maelstrom.process: [2026-02-26T13:05:44.263489Z INFO  maelstrom::runtime] Sent {"src":"n0","dest":"c2","body":{"in_reply_to":33,"type":"cas_ok"}}
2026-02-26 14:05:44,265{GMT}	INFO	[jepsen worker 1] jepsen.util: 1	:ok	:cas	[0 [2 4]]
2026-02-26 14:05:44,266{GMT}	INFO	[n0 stderr] maelstrom.process: [2026-02-26T13:05:44.265863Z INFO  maelstrom::runtime] Received {"id":113,"src":"c3","dest":"n0","body":{"key":0,"type":"read","msg_id":24}}
2026-02-26 14:05:44,267{GMT}	INFO	[n0 stderr] maelstrom.process: Node  received READ for key 0
2026-02-26 14:05:44,268{GMT}	INFO	[n0 stderr] maelstrom.process: [2026-02-26T13:05:44.266110Z INFO  maelstrom::runtime] Sent {"src":"n0","dest":"c3","body":{"in_reply_to":24,"type":"read_ok","value":0}}
2026-02-26 14:05:44,268{GMT}	INFO	[jepsen worker 0] jepsen.util: 0	:ok	:read	[0 0]
2026-02-26 14:05:44,276{GMT}	INFO	[jepsen worker 1] jepsen.util: 1	:invoke	:cas	[0 [0 4]]
2026-02-26 14:05:44,280{GMT}	INFO	[n0 stderr] maelstrom.process: [2026-02-26T13:05:44.279372Z INFO  maelstrom::runtime] Received {"id":116,"src":"c2","dest":"n0","body":{"key":0,"from":0,"to":4,"type":"cas","msg_id":34}}
2026-02-26 14:05:44,280{GMT}	INFO	[n0 stderr] maelstrom.process: Node  received CAS (not implemented)
2026-02-26 14:05:44,281{GMT}	INFO	[n0 stderr] maelstrom.process: [2026-02-26T13:05:44.279657Z INFO  maelstrom::runtime] Sent {"src":"n0","dest":"c2","body":{"in_reply_to":34,"type":"cas_ok"}}
2026-02-26 14:05:44,281{GMT}	INFO	[jepsen worker 1] jepsen.util: 1	:ok	:cas	[0 [0 4]]
2026-02-26 14:05:44,285{GMT}	INFO	[jepsen worker 0] jepsen.util: 0	:invoke	:read	[0 nil]
2026-02-26 14:05:44,287{GMT}	INFO	[n0 stderr] maelstrom.process: [2026-02-26T13:05:44.287354Z INFO  maelstrom::runtime] Received {"id":118,"src":"c3","dest":"n0","body":{"key":0,"type":"read","msg_id":25}}
2026-02-26 14:05:44,288{GMT}	INFO	[n0 stderr] maelstrom.process: Node  received READ for key 0
2026-02-26 14:05:44,289{GMT}	INFO	[n0 stderr] maelstrom.process: [2026-02-26T13:05:44.287624Z INFO  maelstrom::runtime] Sent {"src":"n0","dest":"c3","body":{"in_reply_to":25,"type":"read_ok","value":0}}
2026-02-26 14:05:44,289{GMT}	INFO	[jepsen worker 0] jepsen.util: 0	:ok	:read	[0 0]
2026-02-26 14:05:44,299{GMT}	INFO	[jepsen worker 0] jepsen.util: 0	:invoke	:read	[0 nil]
2026-02-26 14:05:44,302{GMT}	INFO	[n0 stderr] maelstrom.process: [2026-02-26T13:05:44.301460Z INFO  maelstrom::runtime] Received {"id":120,"src":"c3","dest":"n0","body":{"key":0,"type":"read","msg_id":26}}
2026-02-26 14:05:44,303{GMT}	INFO	[n0 stderr] maelstrom.process: Node  received READ for key 0
2026-02-26 14:05:44,303{GMT}	INFO	[n0 stderr] maelstrom.process: [2026-02-26T13:05:44.301816Z INFO  maelstrom::runtime] Sent {"src":"n0","dest":"c3","body":{"in_reply_to":26,"type":"read_ok","value":0}}
2026-02-26 14:05:44,303{GMT}	INFO	[jepsen worker 0] jepsen.util: 0	:ok	:read	[0 0]
2026-02-26 14:05:44,319{GMT}	INFO	[jepsen worker 0] jepsen.util: 0	:invoke	:read	[0 nil]
2026-02-26 14:05:44,320{GMT}	INFO	[jepsen worker 1] jepsen.util: 1	:invoke	:write	[0 4]
2026-02-26 14:05:44,322{GMT}	INFO	[n0 stderr] maelstrom.process: [2026-02-26T13:05:44.321583Z INFO  maelstrom::runtime] Received {"id":122,"src":"c3","dest":"n0","body":{"key":0,"type":"read","msg_id":27}}
2026-02-26 14:05:44,323{GMT}	INFO	[n0 stderr] maelstrom.process: Node  received READ for key 0
2026-02-26 14:05:44,323{GMT}	INFO	[n0 stderr] maelstrom.process: [2026-02-26T13:05:44.322013Z INFO  maelstrom::runtime] Sent {"src":"n0","dest":"c3","body":{"in_reply_to":27,"type":"read_ok","value":0}}
2026-02-26 14:05:44,324{GMT}	INFO	[n0 stderr] maelstrom.process: [2026-02-26T13:05:44.322702Z INFO  maelstrom::runtime] Received {"id":123,"src":"c2","dest":"n0","body":{"key":0,"value":4,"type":"write","msg_id":35}}
2026-02-26 14:05:44,324{GMT}	INFO	[jepsen worker 0] jepsen.util: 0	:ok	:read	[0 0]
2026-02-26 14:05:44,325{GMT}	INFO	[n0 stderr] maelstrom.process: Node  received WRITE: 0=4
2026-02-26 14:05:44,325{GMT}	INFO	[jepsen worker 1] jepsen.util: 1	:ok	:write	[0 4]
2026-02-26 14:05:44,325{GMT}	INFO	[n0 stderr] maelstrom.process: [2026-02-26T13:05:44.323000Z INFO  maelstrom::runtime] Sent {"src":"n0","dest":"c2","body":{"in_reply_to":35,"type":"write_ok"}}
2026-02-26 14:05:44,338{GMT}	INFO	[jepsen worker 1] jepsen.util: 1	:invoke	:cas	[0 [3 1]]
2026-02-26 14:05:44,342{GMT}	INFO	[n0 stderr] maelstrom.process: [2026-02-26T13:05:44.341371Z INFO  maelstrom::runtime] Received {"id":126,"src":"c2","dest":"n0","body":{"key":0,"from":3,"to":1,"type":"cas","msg_id":36}}
2026-02-26 14:05:44,343{GMT}	INFO	[n0 stderr] maelstrom.process: Node  received CAS (not implemented)
2026-02-26 14:05:44,344{GMT}	INFO	[jepsen worker 1] jepsen.util: 1	:ok	:cas	[0 [3 1]]
2026-02-26 14:05:44,344{GMT}	INFO	[n0 stderr] maelstrom.process: [2026-02-26T13:05:44.341752Z INFO  maelstrom::runtime] Sent {"src":"n0","dest":"c2","body":{"in_reply_to":36,"type":"cas_ok"}}
2026-02-26 14:05:44,359{GMT}	INFO	[jepsen worker 1] jepsen.util: 1	:invoke	:cas	[0 [0 1]]
2026-02-26 14:05:44,361{GMT}	INFO	[n0 stderr] maelstrom.process: [2026-02-26T13:05:44.361354Z INFO  maelstrom::runtime] Received {"id":128,"src":"c2","dest":"n0","body":{"key":0,"from":0,"to":1,"type":"cas","msg_id":37}}
2026-02-26 14:05:44,363{GMT}	INFO	[n0 stderr] maelstrom.process: Node  received CAS (not implemented)
2026-02-26 14:05:44,364{GMT}	INFO	[n0 stderr] maelstrom.process: [2026-02-26T13:05:44.361586Z INFO  maelstrom::runtime] Sent {"src":"n0","dest":"c2","body":{"in_reply_to":37,"type":"cas_ok"}}
2026-02-26 14:05:44,364{GMT}	INFO	[jepsen worker 1] jepsen.util: 1	:ok	:cas	[0 [0 1]]
2026-02-26 14:05:44,379{GMT}	INFO	[jepsen worker 1] jepsen.util: 1	:invoke	:write	[0 4]
2026-02-26 14:05:44,382{GMT}	INFO	[n0 stderr] maelstrom.process: [2026-02-26T13:05:44.381730Z INFO  maelstrom::runtime] Received {"id":130,"src":"c2","dest":"n0","body":{"key":0,"value":4,"type":"write","msg_id":38}}
2026-02-26 14:05:44,383{GMT}	INFO	[n0 stderr] maelstrom.process: Node  received WRITE: 0=4
2026-02-26 14:05:44,384{GMT}	INFO	[n0 stderr] maelstrom.process: [2026-02-26T13:05:44.382227Z INFO  maelstrom::runtime] Sent {"src":"n0","dest":"c2","body":{"in_reply_to":38,"type":"write_ok"}}
2026-02-26 14:05:44,384{GMT}	INFO	[jepsen worker 1] jepsen.util: 1	:ok	:write	[0 4]
2026-02-26 14:05:44,396{GMT}	INFO	[jepsen worker 0] jepsen.util: 0	:invoke	:read	[0 nil]
2026-02-26 14:05:44,399{GMT}	INFO	[n0 stderr] maelstrom.process: [2026-02-26T13:05:44.398316Z INFO  maelstrom::runtime] Received {"id":132,"src":"c3","dest":"n0","body":{"key":0,"type":"read","msg_id":28}}
2026-02-26 14:05:44,400{GMT}	INFO	[n0 stderr] maelstrom.process: Node  received READ for key 0
2026-02-26 14:05:44,400{GMT}	INFO	[n0 stderr] maelstrom.process: [2026-02-26T13:05:44.398916Z INFO  maelstrom::runtime] Sent {"src":"n0","dest":"c3","body":{"in_reply_to":28,"type":"read_ok","value":0}}
2026-02-26 14:05:44,401{GMT}	INFO	[jepsen worker 0] jepsen.util: 0	:ok	:read	[0 0]
2026-02-26 14:05:44,410{GMT}	INFO	[jepsen worker 0] jepsen.util: 0	:invoke	:read	[0 nil]
2026-02-26 14:05:44,413{GMT}	INFO	[n0 stderr] maelstrom.process: [2026-02-26T13:05:44.412923Z INFO  maelstrom::runtime] Received {"id":134,"src":"c3","dest":"n0","body":{"key":0,"type":"read","msg_id":29}}
2026-02-26 14:05:44,414{GMT}	INFO	[n0 stderr] maelstrom.process: Node  received READ for key 0
2026-02-26 14:05:44,414{GMT}	INFO	[n0 stderr] maelstrom.process: [2026-02-26T13:05:44.413374Z INFO  maelstrom::runtime] Sent {"src":"n0","dest":"c3","body":{"in_reply_to":29,"type":"read_ok","value":0}}
2026-02-26 14:05:44,415{GMT}	INFO	[jepsen worker 0] jepsen.util: 0	:ok	:read	[0 0]
2026-02-26 14:05:44,431{GMT}	INFO	[jepsen worker 1] jepsen.util: 1	:invoke	:cas	[0 [3 0]]
2026-02-26 14:05:44,433{GMT}	INFO	[n0 stderr] maelstrom.process: [2026-02-26T13:05:44.433375Z INFO  maelstrom::runtime] Received {"id":136,"src":"c2","dest":"n0","body":{"key":0,"from":3,"to":0,"type":"cas","msg_id":39}}
2026-02-26 14:05:44,434{GMT}	INFO	[n0 stderr] maelstrom.process: Node  received CAS (not implemented)
2026-02-26 14:05:44,435{GMT}	INFO	[jepsen worker 0] jepsen.util: 0	:invoke	:read	[0 nil]
2026-02-26 14:05:44,435{GMT}	INFO	[n0 stderr] maelstrom.process: [2026-02-26T13:05:44.433642Z INFO  maelstrom::runtime] Sent {"src":"n0","dest":"c2","body":{"in_reply_to":39,"type":"cas_ok"}}
2026-02-26 14:05:44,436{GMT}	INFO	[jepsen worker 1] jepsen.util: 1	:ok	:cas	[0 [3 0]]
2026-02-26 14:05:44,438{GMT}	INFO	[n0 stderr] maelstrom.process: [2026-02-26T13:05:44.437500Z INFO  maelstrom::runtime] Received {"id":138,"src":"c3","dest":"n0","body":{"key":0,"type":"read","msg_id":30}}
2026-02-26 14:05:44,438{GMT}	INFO	[jepsen worker 1] jepsen.util: 1	:invoke	:cas	[0 [4 0]]
2026-02-26 14:05:44,438{GMT}	INFO	[n0 stderr] maelstrom.process: Node  received READ for key 0
2026-02-26 14:05:44,439{GMT}	INFO	[n0 stderr] maelstrom.process: [2026-02-26T13:05:44.437952Z INFO  maelstrom::runtime] Sent {"src":"n0","dest":"c3","body":{"in_reply_to":30,"type":"read_ok","value":0}}
2026-02-26 14:05:44,439{GMT}	INFO	[jepsen worker 0] jepsen.util: 0	:ok	:read	[0 0]
2026-02-26 14:05:44,440{GMT}	INFO	[n0 stderr] maelstrom.process: [2026-02-26T13:05:44.439738Z INFO  maelstrom::runtime] Received {"id":140,"src":"c2","dest":"n0","body":{"key":0,"from":4,"to":0,"type":"cas","msg_id":40}}
2026-02-26 14:05:44,441{GMT}	INFO	[n0 stderr] maelstrom.process: Node  received CAS (not implemented)
2026-02-26 14:05:44,442{GMT}	INFO	[jepsen worker 0] jepsen.util: 0	:invoke	:read	[0 nil]
2026-02-26 14:05:44,442{GMT}	INFO	[n0 stderr] maelstrom.process: [2026-02-26T13:05:44.442020Z INFO  maelstrom::runtime] Sent {"src":"n0","dest":"c2","body":{"in_reply_to":40,"type":"cas_ok"}}
2026-02-26 14:05:44,444{GMT}	INFO	[jepsen worker 1] jepsen.util: 1	:ok	:cas	[0 [4 0]]
2026-02-26 14:05:44,444{GMT}	INFO	[n0 stderr] maelstrom.process: [2026-02-26T13:05:44.444089Z INFO  maelstrom::runtime] Received {"id":141,"src":"c3","dest":"n0","body":{"key":0,"type":"read","msg_id":31}}
2026-02-26 14:05:44,445{GMT}	INFO	[n0 stderr] maelstrom.process: Node  received READ for key 0
2026-02-26 14:05:44,445{GMT}	INFO	[n0 stderr] maelstrom.process: [2026-02-26T13:05:44.444499Z INFO  maelstrom::runtime] Sent {"src":"n0","dest":"c3","body":{"in_reply_to":31,"type":"read_ok","value":0}}
2026-02-26 14:05:44,446{GMT}	INFO	[jepsen worker 0] jepsen.util: 0	:ok	:read	[0 0]
2026-02-26 14:05:44,454{GMT}	INFO	[jepsen worker 1] jepsen.util: 1	:invoke	:write	[0 0]
2026-02-26 14:05:44,455{GMT}	INFO	[n0 stderr] maelstrom.process: [2026-02-26T13:05:44.455456Z INFO  maelstrom::runtime] Received {"id":144,"src":"c2","dest":"n0","body":{"key":0,"value":0,"type":"write","msg_id":41}}
2026-02-26 14:05:44,456{GMT}	INFO	[n0 stderr] maelstrom.process: Node  received WRITE: 0=0
2026-02-26 14:05:44,456{GMT}	INFO	[n0 stderr] maelstrom.process: [2026-02-26T13:05:44.455730Z INFO  maelstrom::runtime] Sent {"src":"n0","dest":"c2","body":{"in_reply_to":41,"type":"write_ok"}}
2026-02-26 14:05:44,457{GMT}	INFO	[jepsen worker 1] jepsen.util: 1	:ok	:write	[0 0]
2026-02-26 14:05:44,462{GMT}	INFO	[jepsen worker 1] jepsen.util: 1	:invoke	:cas	[0 [0 1]]
2026-02-26 14:05:44,464{GMT}	INFO	[n0 stderr] maelstrom.process: [2026-02-26T13:05:44.463727Z INFO  maelstrom::runtime] Received {"id":146,"src":"c2","dest":"n0","body":{"key":0,"from":0,"to":1,"type":"cas","msg_id":42}}
2026-02-26 14:05:44,465{GMT}	INFO	[n0 stderr] maelstrom.process: Node  received CAS (not implemented)
2026-02-26 14:05:44,466{GMT}	INFO	[n0 stderr] maelstrom.process: [2026-02-26T13:05:44.464086Z INFO  maelstrom::runtime] Sent {"src":"n0","dest":"c2","body":{"in_reply_to":42,"type":"cas_ok"}}
2026-02-26 14:05:44,466{GMT}	INFO	[jepsen worker 1] jepsen.util: 1	:ok	:cas	[0 [0 1]]
2026-02-26 14:05:44,478{GMT}	INFO	[jepsen worker 0] jepsen.util: 0	:invoke	:read	[0 nil]
2026-02-26 14:05:44,481{GMT}	INFO	[n0 stderr] maelstrom.process: [2026-02-26T13:05:44.480558Z INFO  maelstrom::runtime] Received {"id":148,"src":"c3","dest":"n0","body":{"key":0,"type":"read","msg_id":32}}
2026-02-26 14:05:44,482{GMT}	INFO	[n0 stderr] maelstrom.process: Node  received READ for key 0
2026-02-26 14:05:44,483{GMT}	INFO	[n0 stderr] maelstrom.process: [2026-02-26T13:05:44.480846Z INFO  maelstrom::runtime] Sent {"src":"n0","dest":"c3","body":{"in_reply_to":32,"type":"read_ok","value":0}}
2026-02-26 14:05:44,484{GMT}	INFO	[jepsen worker 0] jepsen.util: 0	:ok	:read	[0 0]
2026-02-26 14:05:44,484{GMT}	INFO	[jepsen worker 1] jepsen.util: 1	:invoke	:cas	[0 [1 2]]
2026-02-26 14:05:44,486{GMT}	INFO	[n0 stderr] maelstrom.process: [2026-02-26T13:05:44.485821Z INFO  maelstrom::runtime] Received {"id":150,"src":"c2","dest":"n0","body":{"key":0,"from":1,"to":2,"type":"cas","msg_id":43}}
2026-02-26 14:05:44,487{GMT}	INFO	[n0 stderr] maelstrom.process: Node  received CAS (not implemented)
2026-02-26 14:05:44,487{GMT}	INFO	[n0 stderr] maelstrom.process: [2026-02-26T13:05:44.486050Z INFO  maelstrom::runtime] Sent {"src":"n0","dest":"c2","body":{"in_reply_to":43,"type":"cas_ok"}}
2026-02-26 14:05:44,487{GMT}	INFO	[jepsen worker 1] jepsen.util: 1	:ok	:cas	[0 [1 2]]
2026-02-26 14:05:44,502{GMT}	INFO	[jepsen worker 1] jepsen.util: 1	:invoke	:write	[0 0]
2026-02-26 14:05:44,505{GMT}	INFO	[n0 stderr] maelstrom.process: [2026-02-26T13:05:44.505416Z INFO  maelstrom::runtime] Received {"id":152,"src":"c2","dest":"n0","body":{"key":0,"value":0,"type":"write","msg_id":44}}
2026-02-26 14:05:44,506{GMT}	INFO	[n0 stderr] maelstrom.process: Node  received WRITE: 0=0
2026-02-26 14:05:44,507{GMT}	INFO	[n0 stderr] maelstrom.process: [2026-02-26T13:05:44.505739Z INFO  maelstrom::runtime] Sent {"src":"n0","dest":"c2","body":{"in_reply_to":44,"type":"write_ok"}}
2026-02-26 14:05:44,507{GMT}	INFO	[jepsen worker 1] jepsen.util: 1	:ok	:write	[0 0]
2026-02-26 14:05:44,517{GMT}	INFO	[jepsen worker 1] jepsen.util: 1	:invoke	:cas	[0 [3 3]]
2026-02-26 14:05:44,520{GMT}	INFO	[n0 stderr] maelstrom.process: [2026-02-26T13:05:44.519584Z INFO  maelstrom::runtime] Received {"id":154,"src":"c2","dest":"n0","body":{"key":0,"from":3,"to":3,"type":"cas","msg_id":45}}
2026-02-26 14:05:44,520{GMT}	INFO	[n0 stderr] maelstrom.process: Node  received CAS (not implemented)
2026-02-26 14:05:44,521{GMT}	INFO	[n0 stderr] maelstrom.process: [2026-02-26T13:05:44.519844Z INFO  maelstrom::runtime] Sent {"src":"n0","dest":"c2","body":{"in_reply_to":45,"type":"cas_ok"}}
2026-02-26 14:05:44,521{GMT}	INFO	[jepsen worker 1] jepsen.util: 1	:ok	:cas	[0 [3 3]]
2026-02-26 14:05:44,522{GMT}	INFO	[jepsen worker 0] jepsen.util: 0	:invoke	:read	[0 nil]
2026-02-26 14:05:44,524{GMT}	INFO	[n0 stderr] maelstrom.process: [2026-02-26T13:05:44.524112Z INFO  maelstrom::runtime] Received {"id":156,"src":"c3","dest":"n0","body":{"key":0,"type":"read","msg_id":33}}
2026-02-26 14:05:44,525{GMT}	INFO	[n0 stderr] maelstrom.process: Node  received READ for key 0
2026-02-26 14:05:44,525{GMT}	INFO	[n0 stderr] maelstrom.process: [2026-02-26T13:05:44.524373Z INFO  maelstrom::runtime] Sent {"src":"n0","dest":"c3","body":{"in_reply_to":33,"type":"read_ok","value":0}}
2026-02-26 14:05:44,525{GMT}	INFO	[jepsen worker 0] jepsen.util: 0	:ok	:read	[0 0]
2026-02-26 14:05:44,529{GMT}	INFO	[jepsen worker 1] jepsen.util: 1	:invoke	:write	[0 2]
2026-02-26 14:05:44,531{GMT}	INFO	[jepsen worker 0] jepsen.util: 0	:invoke	:read	[0 nil]
2026-02-26 14:05:44,531{GMT}	INFO	[n0 stderr] maelstrom.process: [2026-02-26T13:05:44.531202Z INFO  maelstrom::runtime] Received {"id":158,"src":"c2","dest":"n0","body":{"key":0,"value":2,"type":"write","msg_id":46}}
2026-02-26 14:05:44,532{GMT}	INFO	[n0 stderr] maelstrom.process: Node  received WRITE: 0=2
2026-02-26 14:05:44,532{GMT}	INFO	[n0 stderr] maelstrom.process: [2026-02-26T13:05:44.531567Z INFO  maelstrom::runtime] Sent {"src":"n0","dest":"c2","body":{"in_reply_to":46,"type":"write_ok"}}
2026-02-26 14:05:44,533{GMT}	INFO	[jepsen worker 1] jepsen.util: 1	:ok	:write	[0 2]
2026-02-26 14:05:44,533{GMT}	INFO	[n0 stderr] maelstrom.process: [2026-02-26T13:05:44.533337Z INFO  maelstrom::runtime] Received {"id":159,"src":"c3","dest":"n0","body":{"key":0,"type":"read","msg_id":34}}
2026-02-26 14:05:44,534{GMT}	INFO	[n0 stderr] maelstrom.process: Node  received READ for key 0
2026-02-26 14:05:44,535{GMT}	INFO	[n0 stderr] maelstrom.process: [2026-02-26T13:05:44.533718Z INFO  maelstrom::runtime] Sent {"src":"n0","dest":"c3","body":{"in_reply_to":34,"type":"read_ok","value":0}}
2026-02-26 14:05:44,535{GMT}	INFO	[jepsen worker 0] jepsen.util: 0	:ok	:read	[0 0]
2026-02-26 14:05:44,541{GMT}	INFO	[jepsen worker 1] jepsen.util: 1	:invoke	:write	[0 3]
2026-02-26 14:05:44,543{GMT}	INFO	[n0 stderr] maelstrom.process: [2026-02-26T13:05:44.543073Z INFO  maelstrom::runtime] Received {"id":162,"src":"c2","dest":"n0","body":{"key":0,"value":3,"type":"write","msg_id":47}}
2026-02-26 14:05:44,544{GMT}	INFO	[n0 stderr] maelstrom.process: Node  received WRITE: 0=3
2026-02-26 14:05:44,544{GMT}	INFO	[n0 stderr] maelstrom.process: [2026-02-26T13:05:44.543422Z INFO  maelstrom::runtime] Sent {"src":"n0","dest":"c2","body":{"in_reply_to":47,"type":"write_ok"}}
2026-02-26 14:05:44,545{GMT}	INFO	[jepsen worker 1] jepsen.util: 1	:ok	:write	[0 3]
2026-02-26 14:05:44,554{GMT}	INFO	[jepsen worker 1] jepsen.util: 1	:invoke	:write	[0 1]
2026-02-26 14:05:44,557{GMT}	INFO	[n0 stderr] maelstrom.process: [2026-02-26T13:05:44.556726Z INFO  maelstrom::runtime] Received {"id":164,"src":"c2","dest":"n0","body":{"key":0,"value":1,"type":"write","msg_id":48}}
2026-02-26 14:05:44,558{GMT}	INFO	[n0 stderr] maelstrom.process: Node  received WRITE: 0=1
2026-02-26 14:05:44,559{GMT}	INFO	[n0 stderr] maelstrom.process: [2026-02-26T13:05:44.557054Z INFO  maelstrom::runtime] Sent {"src":"n0","dest":"c2","body":{"in_reply_to":48,"type":"write_ok"}}
2026-02-26 14:05:44,559{GMT}	INFO	[jepsen worker 1] jepsen.util: 1	:ok	:write	[0 1]
2026-02-26 14:05:44,570{GMT}	INFO	[jepsen worker 0] jepsen.util: 0	:invoke	:read	[0 nil]
2026-02-26 14:05:44,572{GMT}	INFO	[n0 stderr] maelstrom.process: [2026-02-26T13:05:44.572425Z INFO  maelstrom::runtime] Received {"id":166,"src":"c3","dest":"n0","body":{"key":0,"type":"read","msg_id":35}}
2026-02-26 14:05:44,573{GMT}	INFO	[n0 stderr] maelstrom.process: Node  received READ for key 0
2026-02-26 14:05:44,573{GMT}	INFO	[n0 stderr] maelstrom.process: [2026-02-26T13:05:44.572662Z INFO  maelstrom::runtime] Sent {"src":"n0","dest":"c3","body":{"in_reply_to":35,"type":"read_ok","value":0}}
2026-02-26 14:05:44,574{GMT}	INFO	[jepsen worker 0] jepsen.util: 0	:ok	:read	[0 0]
2026-02-26 14:05:44,586{GMT}	INFO	[jepsen worker 0] jepsen.util: 0	:invoke	:read	[0 nil]
2026-02-26 14:05:44,589{GMT}	INFO	[n0 stderr] maelstrom.process: [2026-02-26T13:05:44.589427Z INFO  maelstrom::runtime] Received {"id":168,"src":"c3","dest":"n0","body":{"key":0,"type":"read","msg_id":36}}
2026-02-26 14:05:44,590{GMT}	INFO	[n0 stderr] maelstrom.process: Node  received READ for key 0
2026-02-26 14:05:44,590{GMT}	INFO	[n0 stderr] maelstrom.process: [2026-02-26T13:05:44.589754Z INFO  maelstrom::runtime] Sent {"src":"n0","dest":"c3","body":{"in_reply_to":36,"type":"read_ok","value":0}}
2026-02-26 14:05:44,591{GMT}	INFO	[jepsen worker 0] jepsen.util: 0	:ok	:read	[0 0]
2026-02-26 14:05:44,604{GMT}	INFO	[jepsen worker 0] jepsen.util: 0	:invoke	:read	[0 nil]
2026-02-26 14:05:44,606{GMT}	INFO	[n0 stderr] maelstrom.process: [2026-02-26T13:05:44.606522Z INFO  maelstrom::runtime] Received {"id":170,"src":"c3","dest":"n0","body":{"key":0,"type":"read","msg_id":37}}
2026-02-26 14:05:44,607{GMT}	INFO	[n0 stderr] maelstrom.process: Node  received READ for key 0
2026-02-26 14:05:44,608{GMT}	INFO	[n0 stderr] maelstrom.process: [2026-02-26T13:05:44.606761Z INFO  maelstrom::runtime] Sent {"src":"n0","dest":"c3","body":{"in_reply_to":37,"type":"read_ok","value":0}}
2026-02-26 14:05:44,608{GMT}	INFO	[jepsen worker 0] jepsen.util: 0	:ok	:read	[0 0]
2026-02-26 14:05:44,612{GMT}	INFO	[jepsen worker 1] jepsen.util: 1	:invoke	:cas	[0 [3 2]]
2026-02-26 14:05:44,614{GMT}	INFO	[n0 stderr] maelstrom.process: [2026-02-26T13:05:44.614350Z INFO  maelstrom::runtime] Received {"id":172,"src":"c2","dest":"n0","body":{"key":0,"from":3,"to":2,"type":"cas","msg_id":49}}
2026-02-26 14:05:44,615{GMT}	INFO	[n0 stderr] maelstrom.process: Node  received CAS (not implemented)
2026-02-26 14:05:44,615{GMT}	INFO	[n0 stderr] maelstrom.process: [2026-02-26T13:05:44.614720Z INFO  maelstrom::runtime] Sent {"src":"n0","dest":"c2","body":{"in_reply_to":49,"type":"cas_ok"}}
2026-02-26 14:05:44,616{GMT}	INFO	[jepsen worker 1] jepsen.util: 1	:ok	:cas	[0 [3 2]]
2026-02-26 14:05:44,631{GMT}	INFO	[jepsen worker 1] jepsen.util: 1	:invoke	:cas	[0 [1 1]]
2026-02-26 14:05:44,634{GMT}	INFO	[n0 stderr] maelstrom.process: [2026-02-26T13:05:44.633839Z INFO  maelstrom::runtime] Received {"id":174,"src":"c2","dest":"n0","body":{"key":0,"from":1,"to":1,"type":"cas","msg_id":50}}
2026-02-26 14:05:44,635{GMT}	INFO	[n0 stderr] maelstrom.process: Node  received CAS (not implemented)
2026-02-26 14:05:44,635{GMT}	INFO	[n0 stderr] maelstrom.process: [2026-02-26T13:05:44.634231Z INFO  maelstrom::runtime] Sent {"src":"n0","dest":"c2","body":{"in_reply_to":50,"type":"cas_ok"}}
2026-02-26 14:05:44,636{GMT}	INFO	[jepsen worker 1] jepsen.util: 1	:ok	:cas	[0 [1 1]]
2026-02-26 14:05:44,637{GMT}	INFO	[jepsen worker 0] jepsen.util: 0	:invoke	:read	[0 nil]
2026-02-26 14:05:44,639{GMT}	INFO	[n0 stderr] maelstrom.process: [2026-02-26T13:05:44.639278Z INFO  maelstrom::runtime] Received {"id":176,"src":"c3","dest":"n0","body":{"key":0,"type":"read","msg_id":38}}
2026-02-26 14:05:44,640{GMT}	INFO	[n0 stderr] maelstrom.process: Node  received READ for key 0
2026-02-26 14:05:44,641{GMT}	INFO	[n0 stderr] maelstrom.process: [2026-02-26T13:05:44.639679Z INFO  maelstrom::runtime] Sent {"src":"n0","dest":"c3","body":{"in_reply_to":38,"type":"read_ok","value":0}}
2026-02-26 14:05:44,641{GMT}	INFO	[jepsen worker 0] jepsen.util: 0	:ok	:read	[0 0]
2026-02-26 14:05:44,652{GMT}	INFO	[jepsen worker 1] jepsen.util: 1	:invoke	:cas	[0 [2 1]]
2026-02-26 14:05:44,654{GMT}	INFO	[n0 stderr] maelstrom.process: [2026-02-26T13:05:44.654148Z INFO  maelstrom::runtime] Received {"id":178,"src":"c2","dest":"n0","body":{"key":0,"from":2,"to":1,"type":"cas","msg_id":51}}
2026-02-26 14:05:44,655{GMT}	INFO	[n0 stderr] maelstrom.process: Node  received CAS (not implemented)
2026-02-26 14:05:44,655{GMT}	INFO	[n0 stderr] maelstrom.process: [2026-02-26T13:05:44.654449Z INFO  maelstrom::runtime] Sent {"src":"n0","dest":"c2","body":{"in_reply_to":51,"type":"cas_ok"}}
2026-02-26 14:05:44,657{GMT}	INFO	[jepsen worker 1] jepsen.util: 1	:ok	:cas	[0 [2 1]]
2026-02-26 14:05:44,673{GMT}	INFO	[jepsen worker 0] jepsen.util: 0	:invoke	:read	[0 nil]
2026-02-26 14:05:44,675{GMT}	INFO	[n0 stderr] maelstrom.process: [2026-02-26T13:05:44.675545Z INFO  maelstrom::runtime] Received {"id":180,"src":"c3","dest":"n0","body":{"key":0,"type":"read","msg_id":39}}
2026-02-26 14:05:44,676{GMT}	INFO	[n0 stderr] maelstrom.process: Node  received READ for key 0
2026-02-26 14:05:44,677{GMT}	INFO	[n0 stderr] maelstrom.process: [2026-02-26T13:05:44.675753Z INFO  maelstrom::runtime] Sent {"src":"n0","dest":"c3","body":{"in_reply_to":39,"type":"read_ok","value":0}}
2026-02-26 14:05:44,678{GMT}	INFO	[jepsen worker 0] jepsen.util: 0	:ok	:read	[0 0]
2026-02-26 14:05:44,687{GMT}	INFO	[jepsen worker 1] jepsen.util: 1	:invoke	:cas	[0 [4 3]]
2026-02-26 14:05:44,689{GMT}	INFO	[n0 stderr] maelstrom.process: [2026-02-26T13:05:44.689087Z INFO  maelstrom::runtime] Received {"id":182,"src":"c2","dest":"n0","body":{"key":0,"from":4,"to":3,"type":"cas","msg_id":52}}
2026-02-26 14:05:44,689{GMT}	INFO	[n0 stderr] maelstrom.process: Node  received CAS (not implemented)
2026-02-26 14:05:44,690{GMT}	INFO	[n0 stderr] maelstrom.process: [2026-02-26T13:05:44.689398Z INFO  maelstrom::runtime] Sent {"src":"n0","dest":"c2","body":{"in_reply_to":52,"type":"cas_ok"}}
2026-02-26 14:05:44,692{GMT}	INFO	[jepsen worker 1] jepsen.util: 1	:ok	:cas	[0 [4 3]]
2026-02-26 14:05:44,704{GMT}	INFO	[jepsen worker 0] jepsen.util: 0	:invoke	:read	[0 nil]
2026-02-26 14:05:44,705{GMT}	INFO	[n0 stderr] maelstrom.process: [2026-02-26T13:05:44.705603Z INFO  maelstrom::runtime] Received {"id":184,"src":"c3","dest":"n0","body":{"key":0,"type":"read","msg_id":40}}
2026-02-26 14:05:44,706{GMT}	INFO	[n0 stderr] maelstrom.process: Node  received READ for key 0
2026-02-26 14:05:44,706{GMT}	INFO	[n0 stderr] maelstrom.process: [2026-02-26T13:05:44.706022Z INFO  maelstrom::runtime] Sent {"src":"n0","dest":"c3","body":{"in_reply_to":40,"type":"read_ok","value":0}}
2026-02-26 14:05:44,707{GMT}	INFO	[jepsen worker 0] jepsen.util: 0	:ok	:read	[0 0]
2026-02-26 14:05:44,725{GMT}	INFO	[jepsen worker 1] jepsen.util: 1	:invoke	:cas	[0 [3 1]]
2026-02-26 14:05:44,727{GMT}	INFO	[n0 stderr] maelstrom.process: [2026-02-26T13:05:44.727190Z INFO  maelstrom::runtime] Received {"id":186,"src":"c2","dest":"n0","body":{"key":0,"from":3,"to":1,"type":"cas","msg_id":53}}
2026-02-26 14:05:44,728{GMT}	INFO	[n0 stderr] maelstrom.process: Node  received CAS (not implemented)
2026-02-26 14:05:44,728{GMT}	INFO	[n0 stderr] maelstrom.process: [2026-02-26T13:05:44.727581Z INFO  maelstrom::runtime] Sent {"src":"n0","dest":"c2","body":{"in_reply_to":53,"type":"cas_ok"}}
2026-02-26 14:05:44,729{GMT}	INFO	[jepsen worker 1] jepsen.util: 1	:ok	:cas	[0 [3 1]]
2026-02-26 14:05:44,759{GMT}	INFO	[jepsen test runner] jepsen.core: Run complete, writing
2026-02-26 14:05:44,883{GMT}	INFO	[jepsen node n0] maelstrom.db: Tearing down n0
2026-02-26 14:05:46,690{GMT}	INFO	[jepsen node n0] maelstrom.net: Shutting down Maelstrom network
2026-02-26 14:05:46,691{GMT}	INFO	[jepsen test runner] jepsen.core: Analyzing...
2026-02-26 14:05:46,999{GMT}	WARN	[clojure-agent-send-off-pool-4] jepsen.checker: Error rendering linearizability analysis
java.lang.AssertionError: Assert failed: Expected index but got nil for op #knossos.op.Op{:process nil, :type nil, :f nil, :value nil, :index nil}
i
	at knossos.linear.report$time_coords$fn__10900.invoke(report.clj:184)
	at clojure.core$map$fn__5954.invoke(core.clj:2770)
	at clojure.lang.LazySeq.force(LazySeq.java:50)
	at clojure.lang.LazySeq.realize(LazySeq.java:89)
	at clojure.lang.LazySeq.seq(LazySeq.java:106)
	at clojure.lang.RT.seq(RT.java:555)
	at clojure.core$seq__5486.invokeStatic(core.clj:139)
	at clojure.core.protocols$seq_reduce.invokeStatic(protocols.clj:24)
	at clojure.core.protocols$fn__8262.invokeStatic(protocols.clj:74)
	at clojure.core.protocols$fn__8262.invoke(protocols.clj:74)
	at clojure.core.protocols$fn__8203$G__8198__8216.invoke(protocols.clj:13)
	at clojure.core$reduce.invokeStatic(core.clj:6965)
	at clojure.core$into.invokeStatic(core.clj:7038)
	at clojure.core$into.invoke(core.clj:7029)
	at knossos.linear.report$time_coords.invokeStatic(report.clj:194)
	at knossos.linear.report$time_coords.invoke(report.clj:177)
	at knossos.linear.report$learnings.invokeStatic(report.clj:442)
	at knossos.linear.report$learnings.invoke(report.clj:422)
	at knossos.linear.report$render_analysis_BANG_.invokeStatic(report.clj:654)
	at knossos.linear.report$render_analysis_BANG_.invoke(report.clj:649)
	at jepsen.checker$linearizable$reify__11134$fn__11136.invoke(checker.clj:226)
	at jepsen.checker$linearizable$reify__11134.check(checker.clj:224)
	at jepsen.checker$check_safe.invokeStatic(checker.clj:88)
	at jepsen.checker$check_safe.invoke(checker.clj:80)
	at jepsen.checker$compose$reify__11089$fn__11091.invoke(checker.clj:104)
	at clojure.core$pmap$fn__8582$fn__8583.invoke(core.clj:7169)
	at clojure.core$binding_conveyor_fn$fn__5842.invoke(core.clj:2047)
	at clojure.lang.AFn.call(AFn.java:18)
	at java.base/java.util.concurrent.FutureTask.run(FutureTask.java:328)
	at java.base/java.util.concurrent.ThreadPoolExecutor.runWorker(ThreadPoolExecutor.java:1090)
	at java.base/java.util.concurrent.ThreadPoolExecutor$Worker.run(ThreadPoolExecutor.java:614)
	at java.base/java.lang.Thread.run(Thread.java:1474)
2026-02-26 14:05:47,029{GMT}	INFO	[clojure-agent-send-pool-0] jepsen.independent: Wrote /home/tim/Work/ID2203/omnipaxos-kv-main/store/lin-kv/20260226T140542.554+0100/independent/0/results.edn
2026-02-26 14:05:47,041{GMT}	INFO	[clojure-agent-send-pool-0] jepsen.independent: Wrote /home/tim/Work/ID2203/omnipaxos-kv-main/store/lin-kv/20260226T140542.554+0100/independent/0/history.edn
2026-02-26 14:05:47,154{GMT}	INFO	[jepsen test runner] jepsen.core: Analysis complete
2026-02-26 14:05:47,176{GMT}	INFO	[jepsen results] jepsen.store: Wrote /home/tim/Work/ID2203/omnipaxos-kv-main/store/lin-kv/20260226T140542.554+0100/results.edn
2026-02-26 14:05:47,191{GMT}	INFO	[jepsen test runner] jepsen.core: {:perf {:latency-graph {:valid? true},
        :rate-graph {:valid? true},
        :valid? true},
 :timeline {:valid? true},
 :exceptions {:valid? true},
 :stats {:valid? true,
         :count 93,
         :ok-count 93,
         :fail-count 0,
         :info-count 0,
         :by-f {:cas {:valid? true,
                      :count 39,
                      :ok-count 39,
                      :fail-count 0,
                      :info-count 0},
                :read {:valid? true,
                       :count 40,
                       :ok-count 40,
                       :fail-count 0,
                       :info-count 0},
                :write {:valid? true,
                        :count 14,
                        :ok-count 14,
                        :fail-count 0,
                        :info-count 0}}},
 :availability {:valid? true, :ok-fraction 1.0},
 :net {:all {:send-count 188,
             :recv-count 188,
             :msg-count 188,
             :msgs-per-op 2.0215054},
       :clients {:send-count 188, :recv-count 188, :msg-count 188},
       :servers {:send-count 0,
                 :recv-count 0,
                 :msg-count 0,
                 :msgs-per-op 0.0},
       :valid? true},
 :workload {:valid? false,
            :results {0 {:linearizable {:valid? false,
                                        :configs ({:model #knossos.model.CASRegister{:value nil},
                                                   :last-op nil,
                                                   :pending [{:process 1,
                                                              :type :invoke,
                                                              :f :cas,
                                                              :value [0
                                                                      4],
                                                              :index 0,
                                                              :time 14177583}]}),
                                        :final-paths ([{:op nil,
                                                        :model #knossos.model.CASRegister{:value nil}}
                                                       {:op {:process 1,
                                                             :type :ok,
                                                             :f :cas,
                                                             :value [0
                                                                     4],
                                                             :index 1,
                                                             :time 32184194},
                                                        :model #knossos.model.Inconsistent{:msg "can't CAS  from 0 to 4"}}]),
                                        :previous-ok nil,
                                        :last-op nil,
                                        :op {:process 1,
                                             :type :ok,
                                             :f :cas,
                                             :value [0 4],
                                             :index 1,
                                             :time 32184194}},
                         :timeline {:valid? true},
                         :valid? false}},
            :failures [0]},
 :valid? false}


Analysis invalid! (ﾉಥ益ಥ）ﾉ ┻━┻
