[2026-02-26T13:19:44.039035Z INFO  maelstrom::runtime] Received {"id":0,"src":"c1","dest":"n1","body":{"type":"init","node_id":"n1","node_ids":["n0","n1","n2","n3","n4"],"msg_id":1}}
Node n1 initializing. Total nodes in cluster: 5. All nodes: ["n0", "n1", "n2", "n3", "n4"]
[2026-02-26T13:19:44.039493Z INFO  maelstrom::runtime] Sent {"src":"n1","dest":"c1","body":{"in_reply_to":1,"type":"init_ok"}}
[2026-02-26T13:19:44.156121Z INFO  maelstrom::runtime] Received {"id":22,"src":"c13","dest":"n1","body":{"key":0,"value":1,"type":"write","msg_id":1}}
Node  received WRITE: 0=1
[2026-02-26T13:19:44.156264Z INFO  maelstrom::runtime] Sent {"src":"n1","dest":"c13","body":{"in_reply_to":1,"type":"write_ok"}}
[2026-02-26T13:19:44.370530Z INFO  maelstrom::runtime] Received {"id":56,"src":"c19","dest":"n1","body":{"key":0,"type":"read","msg_id":1}}
Node  received READ for key 0
[2026-02-26T13:19:44.370752Z INFO  maelstrom::runtime] Sent {"src":"n1","dest":"c19","body":{"in_reply_to":1,"type":"read_ok","value":0}}
[2026-02-26T13:19:44.546327Z INFO  maelstrom::runtime] Received {"id":90,"src":"c19","dest":"n1","body":{"key":0,"type":"read","msg_id":2}}
Node  received READ for key 0
[2026-02-26T13:19:44.546555Z INFO  maelstrom::runtime] Sent {"src":"n1","dest":"c19","body":{"in_reply_to":2,"type":"read_ok","value":0}}
[2026-02-26T13:19:44.610199Z INFO  maelstrom::runtime] Received {"id":100,"src":"c19","dest":"n1","body":{"key":0,"type":"read","msg_id":3}}
Node  received READ for key 0
[2026-02-26T13:19:44.610425Z INFO  maelstrom::runtime] Sent {"src":"n1","dest":"c19","body":{"in_reply_to":3,"type":"read_ok","value":0}}
[2026-02-26T13:19:44.655983Z INFO  maelstrom::runtime] Received {"id":110,"src":"c13","dest":"n1","body":{"key":0,"from":0,"to":4,"type":"cas","msg_id":2}}
Node  received CAS (not implemented)
[2026-02-26T13:19:44.656194Z INFO  maelstrom::runtime] Sent {"src":"n1","dest":"c13","body":{"in_reply_to":2,"type":"cas_ok"}}
[2026-02-26T13:19:44.660308Z INFO  maelstrom::runtime] Received {"id":113,"src":"c19","dest":"n1","body":{"key":0,"type":"read","msg_id":4}}
Node  received READ for key 0
[2026-02-26T13:19:44.660522Z INFO  maelstrom::runtime] Sent {"src":"n1","dest":"c19","body":{"in_reply_to":4,"type":"read_ok","value":0}}
[2026-02-26T13:19:44.664747Z INFO  maelstrom::runtime] Received {"id":117,"src":"c19","dest":"n1","body":{"key":0,"type":"read","msg_id":5}}
Node  received READ for key 0
[2026-02-26T13:19:44.664975Z INFO  maelstrom::runtime] Sent {"src":"n1","dest":"c19","body":{"in_reply_to":5,"type":"read_ok","value":0}}
[2026-02-26T13:19:44.682821Z INFO  maelstrom::runtime] Received {"id":122,"src":"c19","dest":"n1","body":{"key":0,"type":"read","msg_id":6}}
Node  received READ for key 0
[2026-02-26T13:19:44.683043Z INFO  maelstrom::runtime] Sent {"src":"n1","dest":"c19","body":{"in_reply_to":6,"type":"read_ok","value":0}}
[2026-02-26T13:19:44.724951Z INFO  maelstrom::runtime] Received {"id":131,"src":"c19","dest":"n1","body":{"key":0,"type":"read","msg_id":7}}
Node  received READ for key 0
[2026-02-26T13:19:44.725184Z INFO  maelstrom::runtime] Sent {"src":"n1","dest":"c19","body":{"in_reply_to":7,"type":"read_ok","value":0}}
[2026-02-26T13:19:44.860669Z INFO  maelstrom::runtime] Received {"id":154,"src":"c13","dest":"n1","body":{"key":0,"from":2,"to":2,"type":"cas","msg_id":3}}
Node  received CAS (not implemented)
[2026-02-26T13:19:44.860951Z INFO  maelstrom::runtime] Sent {"src":"n1","dest":"c13","body":{"in_reply_to":3,"type":"cas_ok"}}
[2026-02-26T13:19:44.926159Z INFO  maelstrom::runtime] Received {"id":166,"src":"c19","dest":"n1","body":{"key":0,"type":"read","msg_id":8}}
Node  received READ for key 0
[2026-02-26T13:19:44.926264Z INFO  maelstrom::runtime] Sent {"src":"n1","dest":"c19","body":{"in_reply_to":8,"type":"read_ok","value":0}}
[2026-02-26T13:19:45.026716Z INFO  maelstrom::runtime] Received {"id":188,"src":"c13","dest":"n1","body":{"key":0,"from":1,"to":1,"type":"cas","msg_id":4}}
Node  received CAS (not implemented)
[2026-02-26T13:19:45.026941Z INFO  maelstrom::runtime] Sent {"src":"n1","dest":"c13","body":{"in_reply_to":4,"type":"cas_ok"}}
