[2026-02-26T13:19:44.039022Z INFO  maelstrom::runtime] Received {"id":1,"src":"c0","dest":"n2","body":{"type":"init","node_id":"n2","node_ids":["n0","n1","n2","n3","n4"],"msg_id":1}}
Node n2 initializing. Total nodes in cluster: 5. All nodes: ["n0", "n1", "n2", "n3", "n4"]
[2026-02-26T13:19:44.040093Z INFO  maelstrom::runtime] Sent {"src":"n2","dest":"c0","body":{"in_reply_to":1,"type":"init_ok"}}
[2026-02-26T13:19:44.081307Z INFO  maelstrom::runtime] Received {"id":14,"src":"c11","dest":"n2","body":{"key":0,"type":"read","msg_id":1}}
Node  received READ for key 0
[2026-02-26T13:19:44.081431Z INFO  maelstrom::runtime] Sent {"src":"n2","dest":"c11","body":{"in_reply_to":1,"type":"read_ok","value":0}}
[2026-02-26T13:19:44.233328Z INFO  maelstrom::runtime] Received {"id":36,"src":"c11","dest":"n2","body":{"key":0,"type":"read","msg_id":2}}
Node  received READ for key 0
[2026-02-26T13:19:44.233538Z INFO  maelstrom::runtime] Sent {"src":"n2","dest":"c11","body":{"in_reply_to":2,"type":"read_ok","value":0}}
[2026-02-26T13:19:44.313054Z INFO  maelstrom::runtime] Received {"id":46,"src":"c16","dest":"n2","body":{"key":0,"from":2,"to":1,"type":"cas","msg_id":1}}
Node  received CAS (not implemented)
[2026-02-26T13:19:44.313326Z INFO  maelstrom::runtime] Sent {"src":"n2","dest":"c16","body":{"in_reply_to":1,"type":"cas_ok"}}
[2026-02-26T13:19:44.492024Z INFO  maelstrom::runtime] Received {"id":80,"src":"c11","dest":"n2","body":{"key":0,"type":"read","msg_id":3}}
Node  received READ for key 0
[2026-02-26T13:19:44.492257Z INFO  maelstrom::runtime] Sent {"src":"n2","dest":"c11","body":{"in_reply_to":3,"type":"read_ok","value":0}}
[2026-02-26T13:19:44.698602Z INFO  maelstrom::runtime] Received {"id":124,"src":"c11","dest":"n2","body":{"key":0,"type":"read","msg_id":4}}
Node  received READ for key 0
[2026-02-26T13:19:44.698859Z INFO  maelstrom::runtime] Sent {"src":"n2","dest":"c11","body":{"in_reply_to":4,"type":"read_ok","value":0}}
[2026-02-26T13:19:44.726553Z INFO  maelstrom::runtime] Received {"id":133,"src":"c16","dest":"n2","body":{"key":0,"from":0,"to":4,"type":"cas","msg_id":2}}
Node  received CAS (not implemented)
[2026-02-26T13:19:44.726750Z INFO  maelstrom::runtime] Sent {"src":"n2","dest":"c16","body":{"in_reply_to":2,"type":"cas_ok"}}
[2026-02-26T13:19:44.865654Z INFO  maelstrom::runtime] Received {"id":156,"src":"c16","dest":"n2","body":{"key":0,"value":2,"type":"write","msg_id":3}}
Node  received WRITE: 0=2
[2026-02-26T13:19:44.865808Z INFO  maelstrom::runtime] Sent {"src":"n2","dest":"c16","body":{"in_reply_to":3,"type":"write_ok"}}
[2026-02-26T13:19:45.036277Z INFO  maelstrom::runtime] Received {"id":190,"src":"c11","dest":"n2","body":{"key":0,"type":"read","msg_id":5}}
Node  received READ for key 0
[2026-02-26T13:19:45.036600Z INFO  maelstrom::runtime] Sent {"src":"n2","dest":"c11","body":{"in_reply_to":5,"type":"read_ok","value":0}}
