[2026-02-26T13:19:44.039028Z INFO  maelstrom::runtime] Received {"id":3,"src":"c3","dest":"n3","body":{"type":"init","node_id":"n3","node_ids":["n0","n1","n2","n3","n4"],"msg_id":1}}
Node n3 initializing. Total nodes in cluster: 5. All nodes: ["n0", "n1", "n2", "n3", "n4"]
[2026-02-26T13:19:44.039256Z INFO  maelstrom::runtime] Sent {"src":"n3","dest":"c3","body":{"in_reply_to":1,"type":"init_ok"}}
[2026-02-26T13:19:44.096802Z INFO  maelstrom::runtime] Received {"id":16,"src":"c12","dest":"n3","body":{"key":0,"type":"read","msg_id":1}}
Node  received READ for key 0
[2026-02-26T13:19:44.096965Z INFO  maelstrom::runtime] Sent {"src":"n3","dest":"c12","body":{"in_reply_to":1,"type":"read_ok","value":0}}
[2026-02-26T13:19:44.330727Z INFO  maelstrom::runtime] Received {"id":48,"src":"c17","dest":"n3","body":{"key":0,"from":2,"to":4,"type":"cas","msg_id":1}}
Node  received CAS (not implemented)
[2026-02-26T13:19:44.331002Z INFO  maelstrom::runtime] Sent {"src":"n3","dest":"c17","body":{"in_reply_to":1,"type":"cas_ok"}}
[2026-02-26T13:19:44.506049Z INFO  maelstrom::runtime] Received {"id":82,"src":"c12","dest":"n3","body":{"key":0,"type":"read","msg_id":2}}
Node  received READ for key 0
[2026-02-26T13:19:44.506294Z INFO  maelstrom::runtime] Sent {"src":"n3","dest":"c12","body":{"in_reply_to":2,"type":"read_ok","value":0}}
[2026-02-26T13:19:44.556512Z INFO  maelstrom::runtime] Received {"id":92,"src":"c17","dest":"n3","body":{"key":0,"from":1,"to":1,"type":"cas","msg_id":2}}
Node  received CAS (not implemented)
[2026-02-26T13:19:44.556711Z INFO  maelstrom::runtime] Sent {"src":"n3","dest":"c17","body":{"in_reply_to":2,"type":"cas_ok"}}
[2026-02-26T13:19:44.699361Z INFO  maelstrom::runtime] Received {"id":125,"src":"c12","dest":"n3","body":{"key":0,"type":"read","msg_id":3}}
Node  received READ for key 0
[2026-02-26T13:19:44.699595Z INFO  maelstrom::runtime] Sent {"src":"n3","dest":"c12","body":{"in_reply_to":3,"type":"read_ok","value":0}}
[2026-02-26T13:19:44.742988Z INFO  maelstrom::runtime] Received {"id":136,"src":"c17","dest":"n3","body":{"key":0,"from":2,"to":3,"type":"cas","msg_id":3}}
Node  received CAS (not implemented)
[2026-02-26T13:19:44.743184Z INFO  maelstrom::runtime] Sent {"src":"n3","dest":"c17","body":{"in_reply_to":3,"type":"cas_ok"}}
[2026-02-26T13:19:44.814137Z INFO  maelstrom::runtime] Received {"id":148,"src":"c12","dest":"n3","body":{"key":0,"type":"read","msg_id":4}}
Node  received READ for key 0
[2026-02-26T13:19:44.814393Z INFO  maelstrom::runtime] Sent {"src":"n3","dest":"c12","body":{"in_reply_to":4,"type":"read_ok","value":0}}
