2026-02-24 11:34:08,832{GMT}	INFO	[jepsen test runner] jepsen.core: Test version bd6147102f26d0959bac9d60c68e05990e786719
2026-02-24 11:34:08,832{GMT}	INFO	[jepsen test runner] jepsen.core: Command line:
lein run test -w echo --bin demo/rust/echo.rb --time-limit 5
2026-02-24 11:34:08,882{GMT}	INFO	[jepsen test runner] jepsen.core: Running test:
{:args []
 :remote
 #jepsen.control.retry.Remote{:remote #jepsen.control.scp.Remote{:cmd-remote #jepsen.control.sshj.SSHJRemote{:concurrency-limit 6,
                                                                                                             :conn-spec nil,
                                                                                                             :client nil,
                                                                                                             :semaphore nil},
                                                                 :conn-spec nil},
                              :conn nil}
 :log-net-send false
 :node-count nil
 :availability nil
 :max-txn-length 4
 :concurrency 5
 :db
 #object[maelstrom.db$db$reify__16612
         "0xace45e9"
         "maelstrom.db$db$reify__16612@ace45e9"]
 :max-writes-per-key 16
 :leave-db-running? false
 :name "echo"
 :logging-json? false
 :start-time
 #object[org.joda.time.DateTime "0x5ca9a6a8" "2026-02-24T11:34:08.815+01:00"]
 :nemesis-interval 10
 :net
 #object[maelstrom.net$jepsen_net$reify__15721
         "0x2102eb7a"
         "maelstrom.net$jepsen_net$reify__15721@2102eb7a"]
 :client
 #object[maelstrom.workload.echo$client$reify__17402
         "0x4ebf82d9"
         "maelstrom.workload.echo$client$reify__17402@4ebf82d9"]
 :barrier
 #object[java.util.concurrent.CyclicBarrier
         "0x685f43ca"
         "java.util.concurrent.CyclicBarrier@685f43ca"]
 :log-stderr false
 :pure-generators true
 :ssh {:dummy? true}
 :rate 5
 :checker
 #object[jepsen.checker$compose$reify__11089
         "0x7952348f"
         "jepsen.checker$compose$reify__11089@7952348f"]
 :argv ("test" "-w" "echo" "--bin" "demo/rust/echo.rb" "--time-limit" "5")
 :nemesis
 (jepsen.nemesis.ReflCompose
  {:fm {:start-partition 0,
        :stop-partition 0,
        :kill 1,
        :start 1,
        :pause 1,
        :resume 1},
   :nemeses [#unprintable "jepsen.nemesis.combined$partition_nemesis$reify__16905@4f3d49e4"
             #unprintable "jepsen.nemesis.combined$db_nemesis$reify__16886@7d26b390"]})
 :nodes ["n1" "n2" "n3" "n4" "n5"]
 :test-count 1
 :latency {:mean 0, :dist :constant}
 :bin "demo/rust/echo.rb"
 :generator
 #object[jepsen.util.Forgettable
         "0x2b35976a"
         (jepsen.generator.TimeLimit
          {:limit 5000000000,
           :cutoff nil,
           :gen (jepsen.generator.Any
                 {:gens [(jepsen.generator.OnThreads
                          {:f #{:nemesis},
                           :context-filter #object[jepsen.generator.context$make_thread_filter$lazy_filter__12077
                                                   "0x6bac199f"
                                                   "jepsen.generator.context$make_thread_filter$lazy_filter__12077@6bac199f"],
                           :gen nil})
                         (jepsen.generator.OnThreads
                          {:f #jepsen.generator.context.AllBut{:element :nemesis},
                           :context-filter #object[jepsen.generator.context$make_thread_filter$lazy_filter__12077
                                                   "0x2a47fb5d"
                                                   "jepsen.generator.context$make_thread_filter$lazy_filter__12077@2a47fb5d"],
                           :gen (jepsen.generator.Stagger
                                 {:dt 400000000,
                                  :next-time nil,
                                  :gen (jepsen.generator.EachThread
                                        {:fresh-gen #object[maelstrom.workload.echo$workload$fn__17421
                                                            "0x47a9bcf1"
                                                            "maelstrom.workload.echo$workload$fn__17421@47a9bcf1"],
                                         :context-filters #object[clojure.core$promise$reify__8621
                                                                  "0x17c95612"
                                                                  {:status :pending,
                                                                   :val nil}],
                                         :gens {}})})})]})})]
 :log-net-recv false
 :os
 #object[maelstrom.net$jepsen_os$reify__15724
         "0x1ca2d595"
         "maelstrom.net$jepsen_os$reify__15724@1ca2d595"]
 :time-limit 5
 :workload :echo
 :consistency-models [:strict-serializable]
 :topology :grid}

