[2026-02-25T16:58:23.975383Z INFO  maelstrom::runtime] Received {"id":2,"src":"c2","dest":"n1","body":{"type":"init","node_id":"n1","node_ids":["n0","n1","n2","n3"],"msg_id":1}}
[2026-02-25T16:58:23.976006Z INFO  maelstrom::runtime] Sent {"src":"n1","dest":"c2","body":{"in_reply_to":1,"type":"init_ok"}}
[2026-02-25T16:58:24.253275Z INFO  maelstrom::runtime] Received {"id":46,"src":"c14","dest":"n1","body":{"key":0,"type":"read","msg_id":1}}
Node  received READ for key 0
[2026-02-25T16:58:24.253696Z INFO  maelstrom::runtime] Sent {"src":"n1","dest":"c14","body":{"in_reply_to":1,"type":"read_ok","value":0}}
[2026-02-25T16:58:24.270071Z INFO  maelstrom::runtime] Received {"id":54,"src":"c15","dest":"n1","body":{"key":0,"value":1,"type":"write","msg_id":1}}
Node  received WRITE: 0=1
[2026-02-25T16:58:24.271695Z INFO  maelstrom::runtime] Sent {"src":"n1","dest":"c15","body":{"in_reply_to":1,"type":"write_ok"}}
[2026-02-25T16:58:24.314342Z INFO  maelstrom::runtime] Received {"id":64,"src":"c14","dest":"n1","body":{"key":0,"type":"read","msg_id":2}}
Node  received READ for key 0
[2026-02-25T16:58:24.314395Z INFO  maelstrom::runtime] Sent {"src":"n1","dest":"c14","body":{"in_reply_to":2,"type":"read_ok","value":0}}
[2026-02-25T16:58:24.328490Z INFO  maelstrom::runtime] Received {"id":70,"src":"c15","dest":"n1","body":{"key":0,"from":0,"to":2,"type":"cas","msg_id":2}}
Node  received CAS (not implemented)
[2026-02-25T16:58:24.328758Z INFO  maelstrom::runtime] Sent {"src":"n1","dest":"c15","body":{"in_reply_to":2,"type":"cas_ok"}}
[2026-02-25T16:58:24.338832Z INFO  maelstrom::runtime] Received {"id":72,"src":"c15","dest":"n1","body":{"key":0,"value":0,"type":"write","msg_id":3}}
Node  received WRITE: 0=0
[2026-02-25T16:58:24.339057Z INFO  maelstrom::runtime] Sent {"src":"n1","dest":"c15","body":{"in_reply_to":3,"type":"write_ok"}}
[2026-02-25T16:58:24.392747Z INFO  maelstrom::runtime] Received {"id":81,"src":"c14","dest":"n1","body":{"key":0,"type":"read","msg_id":3}}
Node  received READ for key 0
[2026-02-25T16:58:24.393049Z INFO  maelstrom::runtime] Sent {"src":"n1","dest":"c14","body":{"in_reply_to":3,"type":"read_ok","value":0}}
[2026-02-25T16:58:24.410998Z INFO  maelstrom::runtime] Received {"id":88,"src":"c15","dest":"n1","body":{"key":0,"from":1,"to":0,"type":"cas","msg_id":4}}
Node  received CAS (not implemented)
[2026-02-25T16:58:24.411206Z INFO  maelstrom::runtime] Sent {"src":"n1","dest":"c15","body":{"in_reply_to":4,"type":"cas_ok"}}
[2026-02-25T16:58:24.420001Z INFO  maelstrom::runtime] Received {"id":90,"src":"c15","dest":"n1","body":{"key":0,"from":4,"to":1,"type":"cas","msg_id":5}}
Node  received CAS (not implemented)
[2026-02-25T16:58:24.420357Z INFO  maelstrom::runtime] Sent {"src":"n1","dest":"c15","body":{"in_reply_to":5,"type":"cas_ok"}}
[2026-02-25T16:58:24.444993Z INFO  maelstrom::runtime] Received {"id":97,"src":"c15","dest":"n1","body":{"key":0,"from":3,"to":2,"type":"cas","msg_id":6}}
Node  received CAS (not implemented)
[2026-02-25T16:58:24.445268Z INFO  maelstrom::runtime] Sent {"src":"n1","dest":"c15","body":{"in_reply_to":6,"type":"cas_ok"}}
[2026-02-25T16:58:24.569132Z INFO  maelstrom::runtime] Received {"id":118,"src":"c14","dest":"n1","body":{"key":0,"type":"read","msg_id":4}}
Node  received READ for key 0
[2026-02-25T16:58:24.569435Z INFO  maelstrom::runtime] Sent {"src":"n1","dest":"c14","body":{"in_reply_to":4,"type":"read_ok","value":0}}
[2026-02-25T16:58:24.601590Z INFO  maelstrom::runtime] Received {"id":123,"src":"c15","dest":"n1","body":{"key":0,"value":1,"type":"write","msg_id":7}}
Node  received WRITE: 0=1
[2026-02-25T16:58:24.601916Z INFO  maelstrom::runtime] Sent {"src":"n1","dest":"c15","body":{"in_reply_to":7,"type":"write_ok"}}
[2026-02-25T16:58:24.643846Z INFO  maelstrom::runtime] Received {"id":135,"src":"c14","dest":"n1","body":{"key":0,"type":"read","msg_id":5}}
Node  received READ for key 0
[2026-02-25T16:58:24.644177Z INFO  maelstrom::runtime] Sent {"src":"n1","dest":"c14","body":{"in_reply_to":5,"type":"read_ok","value":0}}
[2026-02-25T16:58:24.743249Z INFO  maelstrom::runtime] Received {"id":154,"src":"c14","dest":"n1","body":{"key":0,"type":"read","msg_id":6}}
Node  received READ for key 0
[2026-02-25T16:58:24.743593Z INFO  maelstrom::runtime] Sent {"src":"n1","dest":"c14","body":{"in_reply_to":6,"type":"read_ok","value":0}}
[2026-02-25T16:58:24.813977Z INFO  maelstrom::runtime] Received {"id":162,"src":"c15","dest":"n1","body":{"key":0,"from":2,"to":4,"type":"cas","msg_id":8}}
Node  received CAS (not implemented)
[2026-02-25T16:58:24.814295Z INFO  maelstrom::runtime] Sent {"src":"n1","dest":"c15","body":{"in_reply_to":8,"type":"cas_ok"}}
[2026-02-25T16:58:25.028959Z INFO  maelstrom::runtime] Received {"id":197,"src":"c15","dest":"n1","body":{"key":0,"value":2,"type":"write","msg_id":9}}
Node  received WRITE: 0=2
[2026-02-25T16:58:25.030853Z INFO  maelstrom::runtime] Sent {"src":"n1","dest":"c15","body":{"in_reply_to":9,"type":"write_ok"}}
[2026-02-25T16:58:25.038771Z INFO  maelstrom::runtime] Received {"id":200,"src":"c14","dest":"n1","body":{"key":0,"type":"read","msg_id":7}}
Node  received READ for key 0
[2026-02-25T16:58:25.039682Z INFO  maelstrom::runtime] Sent {"src":"n1","dest":"c14","body":{"in_reply_to":7,"type":"read_ok","value":0}}
[2026-02-25T16:58:25.086293Z INFO  maelstrom::runtime] Received {"id":208,"src":"c14","dest":"n1","body":{"key":0,"type":"read","msg_id":8}}
Node  received READ for key 0
[2026-02-25T16:58:25.086486Z INFO  maelstrom::runtime] Sent {"src":"n1","dest":"c14","body":{"in_reply_to":8,"type":"read_ok","value":0}}
[2026-02-25T16:58:25.124499Z INFO  maelstrom::runtime] Received {"id":213,"src":"c14","dest":"n1","body":{"key":0,"type":"read","msg_id":9}}
Node  received READ for key 0
[2026-02-25T16:58:25.124876Z INFO  maelstrom::runtime] Sent {"src":"n1","dest":"c14","body":{"in_reply_to":9,"type":"read_ok","value":0}}
[2026-02-25T16:58:25.177887Z INFO  maelstrom::runtime] Received {"id":226,"src":"c14","dest":"n1","body":{"key":0,"type":"read","msg_id":10}}
Node  received READ for key 0
[2026-02-25T16:58:25.178247Z INFO  maelstrom::runtime] Sent {"src":"n1","dest":"c14","body":{"in_reply_to":10,"type":"read_ok","value":0}}
[2026-02-25T16:58:25.196887Z INFO  maelstrom::runtime] Received {"id":230,"src":"c15","dest":"n1","body":{"key":0,"value":2,"type":"write","msg_id":10}}
Node  received WRITE: 0=2
[2026-02-25T16:58:25.198072Z INFO  maelstrom::runtime] Sent {"src":"n1","dest":"c15","body":{"in_reply_to":10,"type":"write_ok"}}
[2026-02-25T16:58:25.285936Z INFO  maelstrom::runtime] Received {"id":244,"src":"c14","dest":"n1","body":{"key":0,"type":"read","msg_id":11}}
Node  received READ for key 0
[2026-02-25T16:58:25.288094Z INFO  maelstrom::runtime] Sent {"src":"n1","dest":"c14","body":{"in_reply_to":11,"type":"read_ok","value":0}}
[2026-02-25T16:58:25.416334Z INFO  maelstrom::runtime] Received {"id":262,"src":"c14","dest":"n1","body":{"key":0,"type":"read","msg_id":12}}
Node  received READ for key 0
[2026-02-25T16:58:25.420742Z INFO  maelstrom::runtime] Sent {"src":"n1","dest":"c14","body":{"in_reply_to":12,"type":"read_ok","value":0}}
[2026-02-25T16:58:25.508605Z INFO  maelstrom::runtime] Received {"id":280,"src":"c14","dest":"n1","body":{"key":0,"type":"read","msg_id":13}}
Node  received READ for key 0
[2026-02-25T16:58:25.509070Z INFO  maelstrom::runtime] Sent {"src":"n1","dest":"c14","body":{"in_reply_to":13,"type":"read_ok","value":0}}
[2026-02-25T16:58:25.632724Z INFO  maelstrom::runtime] Received {"id":298,"src":"c14","dest":"n1","body":{"key":0,"type":"read","msg_id":14}}
Node  received READ for key 0
[2026-02-25T16:58:25.633329Z INFO  maelstrom::runtime] Sent {"src":"n1","dest":"c14","body":{"in_reply_to":14,"type":"read_ok","value":0}}
[2026-02-25T16:58:25.669624Z INFO  maelstrom::runtime] Received {"id":306,"src":"c15","dest":"n1","body":{"key":0,"from":3,"to":4,"type":"cas","msg_id":11}}
Node  received CAS (not implemented)
[2026-02-25T16:58:25.670567Z INFO  maelstrom::runtime] Sent {"src":"n1","dest":"c15","body":{"in_reply_to":11,"type":"cas_ok"}}
[2026-02-25T16:58:25.741812Z INFO  maelstrom::runtime] Received {"id":316,"src":"c14","dest":"n1","body":{"key":0,"type":"read","msg_id":15}}
Node  received READ for key 0
[2026-02-25T16:58:25.742169Z INFO  maelstrom::runtime] Sent {"src":"n1","dest":"c14","body":{"in_reply_to":15,"type":"read_ok","value":0}}
[2026-02-25T16:58:25.810296Z INFO  maelstrom::runtime] Received {"id":327,"src":"c14","dest":"n1","body":{"key":0,"type":"read","msg_id":16}}
Node  received READ for key 0
[2026-02-25T16:58:25.810884Z INFO  maelstrom::runtime] Sent {"src":"n1","dest":"c14","body":{"in_reply_to":16,"type":"read_ok","value":0}}
[2026-02-25T16:58:25.851757Z INFO  maelstrom::runtime] Received {"id":334,"src":"c14","dest":"n1","body":{"key":0,"type":"read","msg_id":17}}
Node  received READ for key 0
[2026-02-25T16:58:25.852089Z INFO  maelstrom::runtime] Sent {"src":"n1","dest":"c14","body":{"in_reply_to":17,"type":"read_ok","value":0}}
[2026-02-25T16:58:25.983287Z INFO  maelstrom::runtime] Received {"id":352,"src":"c14","dest":"n1","body":{"key":0,"type":"read","msg_id":18}}
Node  received READ for key 0
[2026-02-25T16:58:25.983579Z INFO  maelstrom::runtime] Sent {"src":"n1","dest":"c14","body":{"in_reply_to":18,"type":"read_ok","value":0}}
[2026-02-25T16:58:26.038988Z INFO  maelstrom::runtime] Received {"id":360,"src":"c15","dest":"n1","body":{"key":0,"from":3,"to":3,"type":"cas","msg_id":12}}
Node  received CAS (not implemented)
[2026-02-25T16:58:26.039306Z INFO  maelstrom::runtime] Sent {"src":"n1","dest":"c15","body":{"in_reply_to":12,"type":"cas_ok"}}
[2026-02-25T16:58:26.110769Z INFO  maelstrom::runtime] Received {"id":370,"src":"c14","dest":"n1","body":{"key":0,"type":"read","msg_id":19}}
Node  received READ for key 0
[2026-02-25T16:58:26.111070Z INFO  maelstrom::runtime] Sent {"src":"n1","dest":"c14","body":{"in_reply_to":19,"type":"read_ok","value":0}}
[2026-02-25T16:58:26.156243Z INFO  maelstrom::runtime] Received {"id":378,"src":"c15","dest":"n1","body":{"key":0,"value":2,"type":"write","msg_id":13}}
Node  received WRITE: 0=2
[2026-02-25T16:58:26.156860Z INFO  maelstrom::runtime] Sent {"src":"n1","dest":"c15","body":{"in_reply_to":13,"type":"write_ok"}}
[2026-02-25T16:58:26.327338Z INFO  maelstrom::runtime] Received {"id":406,"src":"c14","dest":"n1","body":{"key":0,"type":"read","msg_id":20}}
Node  received READ for key 0
[2026-02-25T16:58:26.327690Z INFO  maelstrom::runtime] Sent {"src":"n1","dest":"c14","body":{"in_reply_to":20,"type":"read_ok","value":0}}
[2026-02-25T16:58:26.346630Z INFO  maelstrom::runtime] Received {"id":413,"src":"c15","dest":"n1","body":{"key":0,"from":0,"to":0,"type":"cas","msg_id":14}}
Node  received CAS (not implemented)
[2026-02-25T16:58:26.346908Z INFO  maelstrom::runtime] Sent {"src":"n1","dest":"c15","body":{"in_reply_to":14,"type":"cas_ok"}}
[2026-02-25T16:58:26.450789Z INFO  maelstrom::runtime] Received {"id":432,"src":"c15","dest":"n1","body":{"key":0,"value":2,"type":"write","msg_id":15}}
Node  received WRITE: 0=2
[2026-02-25T16:58:26.451067Z INFO  maelstrom::runtime] Sent {"src":"n1","dest":"c15","body":{"in_reply_to":15,"type":"write_ok"}}
[2026-02-25T16:58:26.722822Z INFO  maelstrom::runtime] Received {"id":468,"src":"c15","dest":"n1","body":{"key":0,"from":4,"to":4,"type":"cas","msg_id":16}}
Node  received CAS (not implemented)
[2026-02-25T16:58:26.723628Z INFO  maelstrom::runtime] Sent {"src":"n1","dest":"c15","body":{"in_reply_to":16,"type":"cas_ok"}}
[2026-02-25T16:58:26.736674Z INFO  maelstrom::runtime] Received {"id":473,"src":"c14","dest":"n1","body":{"key":0,"type":"read","msg_id":21}}
Node  received READ for key 0
[2026-02-25T16:58:26.736943Z INFO  maelstrom::runtime] Sent {"src":"n1","dest":"c14","body":{"in_reply_to":21,"type":"read_ok","value":0}}
[2026-02-25T16:58:26.776522Z INFO  maelstrom::runtime] Received {"id":478,"src":"c14","dest":"n1","body":{"key":0,"type":"read","msg_id":22}}
Node  received READ for key 0
[2026-02-25T16:58:26.777123Z INFO  maelstrom::runtime] Sent {"src":"n1","dest":"c14","body":{"in_reply_to":22,"type":"read_ok","value":0}}
[2026-02-25T16:58:26.869783Z INFO  maelstrom::runtime] Received {"id":498,"src":"c15","dest":"n1","body":{"key":0,"from":3,"to":2,"type":"cas","msg_id":17}}
Node  received CAS (not implemented)
[2026-02-25T16:58:26.870184Z INFO  maelstrom::runtime] Sent {"src":"n1","dest":"c15","body":{"in_reply_to":17,"type":"cas_ok"}}
[2026-02-25T16:58:26.917830Z INFO  maelstrom::runtime] Received {"id":504,"src":"c15","dest":"n1","body":{"key":0,"from":0,"to":1,"type":"cas","msg_id":18}}
Node  received CAS (not implemented)
[2026-02-25T16:58:26.918236Z INFO  maelstrom::runtime] Sent {"src":"n1","dest":"c15","body":{"in_reply_to":18,"type":"cas_ok"}}
[2026-02-25T16:58:26.973485Z INFO  maelstrom::runtime] Received {"id":513,"src":"c14","dest":"n1","body":{"key":0,"type":"read","msg_id":23}}
Node  received READ for key 0
[2026-02-25T16:58:26.973820Z INFO  maelstrom::runtime] Sent {"src":"n1","dest":"c14","body":{"in_reply_to":23,"type":"read_ok","value":0}}
[2026-02-25T16:58:27.020293Z INFO  maelstrom::runtime] Received {"id":524,"src":"c14","dest":"n1","body":{"key":0,"type":"read","msg_id":24}}
Node  received READ for key 0
[2026-02-25T16:58:27.021641Z INFO  maelstrom::runtime] Sent {"src":"n1","dest":"c14","body":{"in_reply_to":24,"type":"read_ok","value":0}}
[2026-02-25T16:58:27.049021Z INFO  maelstrom::runtime] Received {"id":530,"src":"c15","dest":"n1","body":{"key":0,"value":2,"type":"write","msg_id":19}}
Node  received WRITE: 0=2
[2026-02-25T16:58:27.049480Z INFO  maelstrom::runtime] Sent {"src":"n1","dest":"c15","body":{"in_reply_to":19,"type":"write_ok"}}
[2026-02-25T16:58:27.087162Z INFO  maelstrom::runtime] Received {"id":540,"src":"c14","dest":"n1","body":{"key":0,"type":"read","msg_id":25}}
Node  received READ for key 0
[2026-02-25T16:58:27.087886Z INFO  maelstrom::runtime] Sent {"src":"n1","dest":"c14","body":{"in_reply_to":25,"type":"read_ok","value":0}}
[2026-02-25T16:58:27.143273Z INFO  maelstrom::runtime] Received {"id":550,"src":"c15","dest":"n1","body":{"key":0,"from":3,"to":3,"type":"cas","msg_id":20}}
Node  received CAS (not implemented)
[2026-02-25T16:58:27.143647Z INFO  maelstrom::runtime] Sent {"src":"n1","dest":"c15","body":{"in_reply_to":20,"type":"cas_ok"}}
[2026-02-25T16:58:27.294194Z INFO  maelstrom::runtime] Received {"id":576,"src":"c15","dest":"n1","body":{"key":0,"value":2,"type":"write","msg_id":21}}
Node  received WRITE: 0=2
[2026-02-25T16:58:27.294655Z INFO  maelstrom::runtime] Sent {"src":"n1","dest":"c15","body":{"in_reply_to":21,"type":"write_ok"}}
[2026-02-25T16:58:27.306732Z INFO  maelstrom::runtime] Received {"id":579,"src":"c14","dest":"n1","body":{"key":0,"type":"read","msg_id":26}}
Node  received READ for key 0
[2026-02-25T16:58:27.306955Z INFO  maelstrom::runtime] Sent {"src":"n1","dest":"c14","body":{"in_reply_to":26,"type":"read_ok","value":0}}
[2026-02-25T16:58:27.379808Z INFO  maelstrom::runtime] Received {"id":600,"src":"c14","dest":"n1","body":{"key":0,"type":"read","msg_id":27}}
Node  received READ for key 0
[2026-02-25T16:58:27.380089Z INFO  maelstrom::runtime] Sent {"src":"n1","dest":"c14","body":{"in_reply_to":27,"type":"read_ok","value":0}}
[2026-02-25T16:58:27.397238Z INFO  maelstrom::runtime] Received {"id":604,"src":"c14","dest":"n1","body":{"key":0,"type":"read","msg_id":28}}
Node  received READ for key 0
[2026-02-25T16:58:27.397509Z INFO  maelstrom::runtime] Sent {"src":"n1","dest":"c14","body":{"in_reply_to":28,"type":"read_ok","value":0}}
[2026-02-25T16:58:27.519910Z INFO  maelstrom::runtime] Received {"id":630,"src":"c15","dest":"n1","body":{"key":0,"value":2,"type":"write","msg_id":22}}
Node  received WRITE: 0=2
[2026-02-25T16:58:27.520388Z INFO  maelstrom::runtime] Sent {"src":"n1","dest":"c15","body":{"in_reply_to":22,"type":"write_ok"}}
[2026-02-25T16:58:27.576959Z INFO  maelstrom::runtime] Received {"id":639,"src":"c14","dest":"n1","body":{"key":0,"type":"read","msg_id":29}}
Node  received READ for key 0
[2026-02-25T16:58:27.577374Z INFO  maelstrom::runtime] Sent {"src":"n1","dest":"c14","body":{"in_reply_to":29,"type":"read_ok","value":0}}
[2026-02-25T16:58:27.611504Z INFO  maelstrom::runtime] Received {"id":648,"src":"c15","dest":"n1","body":{"key":0,"from":1,"to":2,"type":"cas","msg_id":23}}
Node  received CAS (not implemented)
[2026-02-25T16:58:27.611852Z INFO  maelstrom::runtime] Sent {"src":"n1","dest":"c15","body":{"in_reply_to":23,"type":"cas_ok"}}
[2026-02-25T16:58:27.654331Z INFO  maelstrom::runtime] Received {"id":658,"src":"c15","dest":"n1","body":{"key":0,"value":1,"type":"write","msg_id":24}}
Node  received WRITE: 0=1
[2026-02-25T16:58:27.654631Z INFO  maelstrom::runtime] Sent {"src":"n1","dest":"c15","body":{"in_reply_to":24,"type":"write_ok"}}
[2026-02-25T16:58:27.701825Z INFO  maelstrom::runtime] Received {"id":666,"src":"c15","dest":"n1","body":{"key":0,"from":4,"to":0,"type":"cas","msg_id":25}}
Node  received CAS (not implemented)
[2026-02-25T16:58:27.702023Z INFO  maelstrom::runtime] Sent {"src":"n1","dest":"c15","body":{"in_reply_to":25,"type":"cas_ok"}}
[2026-02-25T16:58:27.750489Z INFO  maelstrom::runtime] Received {"id":676,"src":"c14","dest":"n1","body":{"key":0,"type":"read","msg_id":30}}
Node  received READ for key 0
[2026-02-25T16:58:27.750966Z INFO  maelstrom::runtime] Sent {"src":"n1","dest":"c14","body":{"in_reply_to":30,"type":"read_ok","value":0}}
[2026-02-25T16:58:27.780239Z INFO  maelstrom::runtime] Received {"id":684,"src":"c15","dest":"n1","body":{"key":0,"from":2,"to":0,"type":"cas","msg_id":26}}
Node  received CAS (not implemented)
[2026-02-25T16:58:27.780616Z INFO  maelstrom::runtime] Sent {"src":"n1","dest":"c15","body":{"in_reply_to":26,"type":"cas_ok"}}
[2026-02-25T16:58:27.803938Z INFO  maelstrom::runtime] Received {"id":690,"src":"c15","dest":"n1","body":{"key":0,"from":4,"to":3,"type":"cas","msg_id":27}}
Node  received CAS (not implemented)
[2026-02-25T16:58:27.804519Z INFO  maelstrom::runtime] Sent {"src":"n1","dest":"c15","body":{"in_reply_to":27,"type":"cas_ok"}}
[2026-02-25T16:58:27.866914Z INFO  maelstrom::runtime] Received {"id":702,"src":"c15","dest":"n1","body":{"key":0,"from":3,"to":1,"type":"cas","msg_id":28}}
Node  received CAS (not implemented)
[2026-02-25T16:58:27.867387Z INFO  maelstrom::runtime] Sent {"src":"n1","dest":"c15","body":{"in_reply_to":28,"type":"cas_ok"}}
[2026-02-25T16:58:27.910111Z INFO  maelstrom::runtime] Received {"id":712,"src":"c14","dest":"n1","body":{"key":0,"type":"read","msg_id":31}}
Node  received READ for key 0
[2026-02-25T16:58:27.910407Z INFO  maelstrom::runtime] Sent {"src":"n1","dest":"c14","body":{"in_reply_to":31,"type":"read_ok","value":0}}
[2026-02-25T16:58:27.954743Z INFO  maelstrom::runtime] Received {"id":719,"src":"c15","dest":"n1","body":{"key":0,"value":0,"type":"write","msg_id":29}}
Node  received WRITE: 0=0
[2026-02-25T16:58:27.954828Z INFO  maelstrom::runtime] Sent {"src":"n1","dest":"c15","body":{"in_reply_to":29,"type":"write_ok"}}
[2026-02-25T16:58:28.025732Z INFO  maelstrom::runtime] Received {"id":730,"src":"c14","dest":"n1","body":{"key":0,"type":"read","msg_id":32}}
Node  received READ for key 0
[2026-02-25T16:58:28.026206Z INFO  maelstrom::runtime] Sent {"src":"n1","dest":"c14","body":{"in_reply_to":32,"type":"read_ok","value":0}}
[2026-02-25T16:58:28.093297Z INFO  maelstrom::runtime] Received {"id":738,"src":"c15","dest":"n1","body":{"key":0,"value":0,"type":"write","msg_id":30}}
Node  received WRITE: 0=0
[2026-02-25T16:58:28.093777Z INFO  maelstrom::runtime] Sent {"src":"n1","dest":"c15","body":{"in_reply_to":30,"type":"write_ok"}}
[2026-02-25T16:58:28.143947Z INFO  maelstrom::runtime] Received {"id":746,"src":"c14","dest":"n1","body":{"key":0,"type":"read","msg_id":33}}
Node  received READ for key 0
[2026-02-25T16:58:28.144195Z INFO  maelstrom::runtime] Sent {"src":"n1","dest":"c14","body":{"in_reply_to":33,"type":"read_ok","value":0}}
[2026-02-25T16:58:28.174560Z INFO  maelstrom::runtime] Received {"id":751,"src":"c15","dest":"n1","body":{"key":0,"value":0,"type":"write","msg_id":31}}
Node  received WRITE: 0=0
[2026-02-25T16:58:28.174857Z INFO  maelstrom::runtime] Sent {"src":"n1","dest":"c15","body":{"in_reply_to":31,"type":"write_ok"}}
[2026-02-25T16:58:28.237824Z INFO  maelstrom::runtime] Received {"id":766,"src":"c14","dest":"n1","body":{"key":0,"type":"read","msg_id":34}}
Node  received READ for key 0
[2026-02-25T16:58:28.238066Z INFO  maelstrom::runtime] Sent {"src":"n1","dest":"c14","body":{"in_reply_to":34,"type":"read_ok","value":0}}
[2026-02-25T16:58:28.263959Z INFO  maelstrom::runtime] Received {"id":770,"src":"c15","dest":"n1","body":{"key":0,"from":1,"to":4,"type":"cas","msg_id":32}}
Node  received CAS (not implemented)
[2026-02-25T16:58:28.264311Z INFO  maelstrom::runtime] Sent {"src":"n1","dest":"c15","body":{"in_reply_to":32,"type":"cas_ok"}}
[2026-02-25T16:58:28.393368Z INFO  maelstrom::runtime] Received {"id":792,"src":"c15","dest":"n1","body":{"key":0,"value":0,"type":"write","msg_id":33}}
Node  received WRITE: 0=0
[2026-02-25T16:58:28.394034Z INFO  maelstrom::runtime] Sent {"src":"n1","dest":"c15","body":{"in_reply_to":33,"type":"write_ok"}}
[2026-02-25T16:58:28.521958Z INFO  maelstrom::runtime] Received {"id":818,"src":"c14","dest":"n1","body":{"key":0,"type":"read","msg_id":35}}
Node  received READ for key 0
[2026-02-25T16:58:28.522303Z INFO  maelstrom::runtime] Sent {"src":"n1","dest":"c14","body":{"in_reply_to":35,"type":"read_ok","value":0}}
[2026-02-25T16:58:28.533727Z INFO  maelstrom::runtime] Received {"id":820,"src":"c14","dest":"n1","body":{"key":0,"type":"read","msg_id":36}}
Node  received READ for key 0
[2026-02-25T16:58:28.534040Z INFO  maelstrom::runtime] Sent {"src":"n1","dest":"c14","body":{"in_reply_to":36,"type":"read_ok","value":0}}
[2026-02-25T16:58:28.589186Z INFO  maelstrom::runtime] Received {"id":830,"src":"c14","dest":"n1","body":{"key":0,"type":"read","msg_id":37}}
Node  received READ for key 0
[2026-02-25T16:58:28.589473Z INFO  maelstrom::runtime] Sent {"src":"n1","dest":"c14","body":{"in_reply_to":37,"type":"read_ok","value":0}}
[2026-02-25T16:58:28.638584Z INFO  maelstrom::runtime] Received {"id":838,"src":"c14","dest":"n1","body":{"key":0,"type":"read","msg_id":38}}
Node  received READ for key 0
[2026-02-25T16:58:28.638889Z INFO  maelstrom::runtime] Sent {"src":"n1","dest":"c14","body":{"in_reply_to":38,"type":"read_ok","value":0}}
[2026-02-25T16:58:28.687838Z INFO  maelstrom::runtime] Received {"id":846,"src":"c15","dest":"n1","body":{"key":0,"from":2,"to":4,"type":"cas","msg_id":34}}
Node  received CAS (not implemented)
[2026-02-25T16:58:28.688191Z INFO  maelstrom::runtime] Sent {"src":"n1","dest":"c15","body":{"in_reply_to":34,"type":"cas_ok"}}
[2026-02-25T16:58:28.724795Z INFO  maelstrom::runtime] Received {"id":856,"src":"c14","dest":"n1","body":{"key":0,"type":"read","msg_id":39}}
Node  received READ for key 0
[2026-02-25T16:58:28.725033Z INFO  maelstrom::runtime] Sent {"src":"n1","dest":"c14","body":{"in_reply_to":39,"type":"read_ok","value":0}}
[2026-02-25T16:58:28.859900Z INFO  maelstrom::runtime] Received {"id":882,"src":"c15","dest":"n1","body":{"key":0,"from":4,"to":3,"type":"cas","msg_id":35}}
Node  received CAS (not implemented)
[2026-02-25T16:58:28.860607Z INFO  maelstrom::runtime] Sent {"src":"n1","dest":"c15","body":{"in_reply_to":35,"type":"cas_ok"}}
[2026-02-25T16:58:29.004848Z INFO  maelstrom::runtime] Received {"id":910,"src":"c15","dest":"n1","body":{"key":0,"value":1,"type":"write","msg_id":36}}
Node  received WRITE: 0=1
[2026-02-25T16:58:29.005391Z INFO  maelstrom::runtime] Sent {"src":"n1","dest":"c15","body":{"in_reply_to":36,"type":"write_ok"}}
