[2026-02-25T16:58:23.975520Z INFO  maelstrom::runtime] Received {"id":0,"src":"c1","dest":"n3","body":{"type":"init","node_id":"n3","node_ids":["n0","n1","n2","n3"],"msg_id":1}}
[2026-02-25T16:58:23.976110Z INFO  maelstrom::runtime] Sent {"src":"n3","dest":"c1","body":{"in_reply_to":1,"type":"init_ok"}}
[2026-02-25T16:58:24.051309Z INFO  maelstrom::runtime] Received {"id":12,"src":"c11","dest":"n3","body":{"key":0,"type":"read","msg_id":1}}
Node  received READ for key 0
[2026-02-25T16:58:24.051399Z INFO  maelstrom::runtime] Sent {"src":"n3","dest":"c11","body":{"in_reply_to":1,"type":"read_ok","value":0}}
[2026-02-25T16:58:24.098155Z INFO  maelstrom::runtime] Received {"id":22,"src":"c13","dest":"n3","body":{"key":0,"from":0,"to":3,"type":"cas","msg_id":1}}
Node  received CAS (not implemented)
[2026-02-25T16:58:24.098564Z INFO  maelstrom::runtime] Sent {"src":"n3","dest":"c13","body":{"in_reply_to":1,"type":"cas_ok"}}
[2026-02-25T16:58:24.169731Z INFO  maelstrom::runtime] Received {"id":32,"src":"c11","dest":"n3","body":{"key":0,"type":"read","msg_id":2}}
Node  received READ for key 0
[2026-02-25T16:58:24.169837Z INFO  maelstrom::runtime] Sent {"src":"n3","dest":"c11","body":{"in_reply_to":2,"type":"read_ok","value":0}}
[2026-02-25T16:58:24.209147Z INFO  maelstrom::runtime] Received {"id":39,"src":"c13","dest":"n3","body":{"key":0,"value":0,"type":"write","msg_id":2}}
Node  received WRITE: 0=0
[2026-02-25T16:58:24.209599Z INFO  maelstrom::runtime] Sent {"src":"n3","dest":"c13","body":{"in_reply_to":2,"type":"write_ok"}}
[2026-02-25T16:58:24.263582Z INFO  maelstrom::runtime] Received {"id":51,"src":"c11","dest":"n3","body":{"key":0,"type":"read","msg_id":3}}
Node  received READ for key 0
[2026-02-25T16:58:24.264009Z INFO  maelstrom::runtime] Sent {"src":"n3","dest":"c11","body":{"in_reply_to":3,"type":"read_ok","value":0}}
[2026-02-25T16:58:24.518333Z INFO  maelstrom::runtime] Received {"id":112,"src":"c13","dest":"n3","body":{"key":0,"from":2,"to":4,"type":"cas","msg_id":3}}
Node  received CAS (not implemented)
[2026-02-25T16:58:24.518615Z INFO  maelstrom::runtime] Sent {"src":"n3","dest":"c13","body":{"in_reply_to":3,"type":"cas_ok"}}
[2026-02-25T16:58:24.610034Z INFO  maelstrom::runtime] Received {"id":128,"src":"c13","dest":"n3","body":{"key":0,"value":2,"type":"write","msg_id":4}}
Node  received WRITE: 0=2
[2026-02-25T16:58:24.610287Z INFO  maelstrom::runtime] Sent {"src":"n3","dest":"c13","body":{"in_reply_to":4,"type":"write_ok"}}
[2026-02-25T16:58:24.662088Z INFO  maelstrom::runtime] Received {"id":140,"src":"c11","dest":"n3","body":{"key":0,"type":"read","msg_id":4}}
Node  received READ for key 0
[2026-02-25T16:58:24.662393Z INFO  maelstrom::runtime] Sent {"src":"n3","dest":"c11","body":{"in_reply_to":4,"type":"read_ok","value":0}}
[2026-02-25T16:58:24.704899Z INFO  maelstrom::runtime] Received {"id":148,"src":"c13","dest":"n3","body":{"key":0,"value":1,"type":"write","msg_id":5}}
Node  received WRITE: 0=1
[2026-02-25T16:58:24.705246Z INFO  maelstrom::runtime] Sent {"src":"n3","dest":"c13","body":{"in_reply_to":5,"type":"write_ok"}}
[2026-02-25T16:58:24.831519Z INFO  maelstrom::runtime] Received {"id":165,"src":"c13","dest":"n3","body":{"key":0,"from":4,"to":3,"type":"cas","msg_id":6}}
Node  received CAS (not implemented)
[2026-02-25T16:58:24.833521Z INFO  maelstrom::runtime] Sent {"src":"n3","dest":"c13","body":{"in_reply_to":6,"type":"cas_ok"}}
[2026-02-25T16:58:24.901409Z INFO  maelstrom::runtime] Received {"id":174,"src":"c11","dest":"n3","body":{"key":0,"type":"read","msg_id":5}}
Node  received READ for key 0
[2026-02-25T16:58:24.902004Z INFO  maelstrom::runtime] Sent {"src":"n3","dest":"c11","body":{"in_reply_to":5,"type":"read_ok","value":0}}
[2026-02-25T16:58:24.952172Z INFO  maelstrom::runtime] Received {"id":184,"src":"c13","dest":"n3","body":{"key":0,"value":1,"type":"write","msg_id":7}}
Node  received WRITE: 0=1
[2026-02-25T16:58:24.952539Z INFO  maelstrom::runtime] Sent {"src":"n3","dest":"c13","body":{"in_reply_to":7,"type":"write_ok"}}
[2026-02-25T16:58:25.007870Z INFO  maelstrom::runtime] Received {"id":194,"src":"c11","dest":"n3","body":{"key":0,"type":"read","msg_id":6}}
Node  received READ for key 0
[2026-02-25T16:58:25.008748Z INFO  maelstrom::runtime] Sent {"src":"n3","dest":"c11","body":{"in_reply_to":6,"type":"read_ok","value":0}}
[2026-02-25T16:58:25.463686Z INFO  maelstrom::runtime] Received {"id":274,"src":"c13","dest":"n3","body":{"key":0,"from":3,"to":0,"type":"cas","msg_id":8}}
Node  received CAS (not implemented)
[2026-02-25T16:58:25.463982Z INFO  maelstrom::runtime] Sent {"src":"n3","dest":"c13","body":{"in_reply_to":8,"type":"cas_ok"}}
[2026-02-25T16:58:25.658366Z INFO  maelstrom::runtime] Received {"id":302,"src":"c11","dest":"n3","body":{"key":0,"type":"read","msg_id":7}}
Node  received READ for key 0
[2026-02-25T16:58:25.658918Z INFO  maelstrom::runtime] Sent {"src":"n3","dest":"c11","body":{"in_reply_to":7,"type":"read_ok","value":0}}
[2026-02-25T16:58:25.707140Z INFO  maelstrom::runtime] Received {"id":310,"src":"c13","dest":"n3","body":{"key":0,"from":4,"to":0,"type":"cas","msg_id":9}}
Node  received CAS (not implemented)
[2026-02-25T16:58:25.707762Z INFO  maelstrom::runtime] Sent {"src":"n3","dest":"c13","body":{"in_reply_to":9,"type":"cas_ok"}}
[2026-02-25T16:58:25.884153Z INFO  maelstrom::runtime] Received {"id":338,"src":"c11","dest":"n3","body":{"key":0,"type":"read","msg_id":8}}
Node  received READ for key 0
[2026-02-25T16:58:25.884846Z INFO  maelstrom::runtime] Sent {"src":"n3","dest":"c11","body":{"in_reply_to":8,"type":"read_ok","value":0}}
[2026-02-25T16:58:26.018787Z INFO  maelstrom::runtime] Received {"id":356,"src":"c11","dest":"n3","body":{"key":0,"type":"read","msg_id":9}}
Node  received READ for key 0
[2026-02-25T16:58:26.019108Z INFO  maelstrom::runtime] Sent {"src":"n3","dest":"c11","body":{"in_reply_to":9,"type":"read_ok","value":0}}
[2026-02-25T16:58:26.128681Z INFO  maelstrom::runtime] Received {"id":374,"src":"c11","dest":"n3","body":{"key":0,"type":"read","msg_id":10}}
Node  received READ for key 0
[2026-02-25T16:58:26.129057Z INFO  maelstrom::runtime] Sent {"src":"n3","dest":"c11","body":{"in_reply_to":10,"type":"read_ok","value":0}}
[2026-02-25T16:58:26.362431Z INFO  maelstrom::runtime] Received {"id":418,"src":"c13","dest":"n3","body":{"key":0,"value":2,"type":"write","msg_id":10}}
Node  received WRITE: 0=2
[2026-02-25T16:58:26.362754Z INFO  maelstrom::runtime] Sent {"src":"n3","dest":"c13","body":{"in_reply_to":10,"type":"write_ok"}}
[2026-02-25T16:58:26.423726Z INFO  maelstrom::runtime] Received {"id":428,"src":"c11","dest":"n3","body":{"key":0,"type":"read","msg_id":11}}
Node  received READ for key 0
[2026-02-25T16:58:26.424576Z INFO  maelstrom::runtime] Sent {"src":"n3","dest":"c11","body":{"in_reply_to":11,"type":"read_ok","value":0}}
[2026-02-25T16:58:26.547885Z INFO  maelstrom::runtime] Received {"id":446,"src":"c11","dest":"n3","body":{"key":0,"type":"read","msg_id":12}}
Node  received READ for key 0
[2026-02-25T16:58:26.548125Z INFO  maelstrom::runtime] Sent {"src":"n3","dest":"c11","body":{"in_reply_to":12,"type":"read_ok","value":0}}
[2026-02-25T16:58:26.832549Z INFO  maelstrom::runtime] Received {"id":490,"src":"c13","dest":"n3","body":{"key":0,"value":2,"type":"write","msg_id":11}}
Node  received WRITE: 0=2
[2026-02-25T16:58:26.832913Z INFO  maelstrom::runtime] Sent {"src":"n3","dest":"c13","body":{"in_reply_to":11,"type":"write_ok"}}
[2026-02-25T16:58:26.879327Z INFO  maelstrom::runtime] Received {"id":500,"src":"c11","dest":"n3","body":{"key":0,"type":"read","msg_id":13}}
Node  received READ for key 0
[2026-02-25T16:58:26.879719Z INFO  maelstrom::runtime] Sent {"src":"n3","dest":"c11","body":{"in_reply_to":13,"type":"read_ok","value":0}}
[2026-02-25T16:58:26.940919Z INFO  maelstrom::runtime] Received {"id":508,"src":"c13","dest":"n3","body":{"key":0,"from":3,"to":0,"type":"cas","msg_id":12}}
Node  received CAS (not implemented)
[2026-02-25T16:58:26.941265Z INFO  maelstrom::runtime] Sent {"src":"n3","dest":"c13","body":{"in_reply_to":12,"type":"cas_ok"}}
[2026-02-25T16:58:27.024589Z INFO  maelstrom::runtime] Received {"id":526,"src":"c13","dest":"n3","body":{"key":0,"from":0,"to":0,"type":"cas","msg_id":13}}
Node  received CAS (not implemented)
[2026-02-25T16:58:27.024865Z INFO  maelstrom::runtime] Sent {"src":"n3","dest":"c13","body":{"in_reply_to":13,"type":"cas_ok"}}
[2026-02-25T16:58:27.283884Z INFO  maelstrom::runtime] Received {"id":572,"src":"c11","dest":"n3","body":{"key":0,"type":"read","msg_id":14}}
Node  received READ for key 0
[2026-02-25T16:58:27.284613Z INFO  maelstrom::runtime] Sent {"src":"n3","dest":"c11","body":{"in_reply_to":14,"type":"read_ok","value":0}}
[2026-02-25T16:58:27.410139Z INFO  maelstrom::runtime] Received {"id":608,"src":"c11","dest":"n3","body":{"key":0,"type":"read","msg_id":15}}
Node  received READ for key 0
[2026-02-25T16:58:27.410739Z INFO  maelstrom::runtime] Sent {"src":"n3","dest":"c11","body":{"in_reply_to":15,"type":"read_ok","value":0}}
[2026-02-25T16:58:27.546238Z INFO  maelstrom::runtime] Received {"id":634,"src":"c13","dest":"n3","body":{"key":0,"from":0,"to":1,"type":"cas","msg_id":14}}
Node  received CAS (not implemented)
[2026-02-25T16:58:27.546874Z INFO  maelstrom::runtime] Sent {"src":"n3","dest":"c13","body":{"in_reply_to":14,"type":"cas_ok"}}
[2026-02-25T16:58:27.600522Z INFO  maelstrom::runtime] Received {"id":644,"src":"c11","dest":"n3","body":{"key":0,"type":"read","msg_id":16}}
Node  received READ for key 0
[2026-02-25T16:58:27.601182Z INFO  maelstrom::runtime] Sent {"src":"n3","dest":"c11","body":{"in_reply_to":16,"type":"read_ok","value":0}}
[2026-02-25T16:58:27.722075Z INFO  maelstrom::runtime] Received {"id":670,"src":"c13","dest":"n3","body":{"key":0,"from":2,"to":0,"type":"cas","msg_id":15}}
Node  received CAS (not implemented)
[2026-02-25T16:58:27.722594Z INFO  maelstrom::runtime] Sent {"src":"n3","dest":"c13","body":{"in_reply_to":15,"type":"cas_ok"}}
[2026-02-25T16:58:27.835672Z INFO  maelstrom::runtime] Received {"id":698,"src":"c11","dest":"n3","body":{"key":0,"type":"read","msg_id":17}}
Node  received READ for key 0
[2026-02-25T16:58:27.835923Z INFO  maelstrom::runtime] Sent {"src":"n3","dest":"c11","body":{"in_reply_to":17,"type":"read_ok","value":0}}
[2026-02-25T16:58:27.882364Z INFO  maelstrom::runtime] Received {"id":707,"src":"c13","dest":"n3","body":{"key":0,"value":2,"type":"write","msg_id":16}}
Node  received WRITE: 0=2
[2026-02-25T16:58:27.882500Z INFO  maelstrom::runtime] Sent {"src":"n3","dest":"c13","body":{"in_reply_to":16,"type":"write_ok"}}
[2026-02-25T16:58:28.125908Z INFO  maelstrom::runtime] Received {"id":742,"src":"c13","dest":"n3","body":{"key":0,"value":0,"type":"write","msg_id":17}}
Node  received WRITE: 0=0
[2026-02-25T16:58:28.126592Z INFO  maelstrom::runtime] Sent {"src":"n3","dest":"c13","body":{"in_reply_to":17,"type":"write_ok"}}
[2026-02-25T16:58:28.216735Z INFO  maelstrom::runtime] Received {"id":760,"src":"c13","dest":"n3","body":{"key":0,"from":4,"to":2,"type":"cas","msg_id":18}}
Node  received CAS (not implemented)
[2026-02-25T16:58:28.217014Z INFO  maelstrom::runtime] Sent {"src":"n3","dest":"c13","body":{"in_reply_to":18,"type":"cas_ok"}}
[2026-02-25T16:58:28.315314Z INFO  maelstrom::runtime] Received {"id":778,"src":"c13","dest":"n3","body":{"key":0,"value":2,"type":"write","msg_id":19}}
Node  received WRITE: 0=2
[2026-02-25T16:58:28.315622Z INFO  maelstrom::runtime] Sent {"src":"n3","dest":"c13","body":{"in_reply_to":19,"type":"write_ok"}}
[2026-02-25T16:58:28.378652Z INFO  maelstrom::runtime] Received {"id":788,"src":"c11","dest":"n3","body":{"key":0,"type":"read","msg_id":18}}
Node  received READ for key 0
[2026-02-25T16:58:28.378855Z INFO  maelstrom::runtime] Sent {"src":"n3","dest":"c11","body":{"in_reply_to":18,"type":"read_ok","value":0}}
[2026-02-25T16:58:28.467639Z INFO  maelstrom::runtime] Received {"id":806,"src":"c11","dest":"n3","body":{"key":0,"type":"read","msg_id":19}}
Node  received READ for key 0
[2026-02-25T16:58:28.467899Z INFO  maelstrom::runtime] Sent {"src":"n3","dest":"c11","body":{"in_reply_to":19,"type":"read_ok","value":0}}
[2026-02-25T16:58:28.652574Z INFO  maelstrom::runtime] Received {"id":842,"src":"c11","dest":"n3","body":{"key":0,"type":"read","msg_id":20}}
Node  received READ for key 0
[2026-02-25T16:58:28.652830Z INFO  maelstrom::runtime] Sent {"src":"n3","dest":"c11","body":{"in_reply_to":20,"type":"read_ok","value":0}}
[2026-02-25T16:58:28.701106Z INFO  maelstrom::runtime] Received {"id":849,"src":"c13","dest":"n3","body":{"key":0,"value":0,"type":"write","msg_id":20}}
Node  received WRITE: 0=0
[2026-02-25T16:58:28.702170Z INFO  maelstrom::runtime] Sent {"src":"n3","dest":"c13","body":{"in_reply_to":20,"type":"write_ok"}}
[2026-02-25T16:58:28.736092Z INFO  maelstrom::runtime] Received {"id":860,"src":"c11","dest":"n3","body":{"key":0,"type":"read","msg_id":21}}
Node  received READ for key 0
[2026-02-25T16:58:28.736463Z INFO  maelstrom::runtime] Sent {"src":"n3","dest":"c11","body":{"in_reply_to":21,"type":"read_ok","value":0}}
[2026-02-25T16:58:28.759505Z INFO  maelstrom::runtime] Received {"id":867,"src":"c13","dest":"n3","body":{"key":0,"from":4,"to":4,"type":"cas","msg_id":21}}
Node  received CAS (not implemented)
[2026-02-25T16:58:28.759912Z INFO  maelstrom::runtime] Sent {"src":"n3","dest":"c13","body":{"in_reply_to":21,"type":"cas_ok"}}
[2026-02-25T16:58:28.846278Z INFO  maelstrom::runtime] Received {"id":878,"src":"c11","dest":"n3","body":{"key":0,"type":"read","msg_id":22}}
Node  received READ for key 0
[2026-02-25T16:58:28.847624Z INFO  maelstrom::runtime] Sent {"src":"n3","dest":"c11","body":{"in_reply_to":22,"type":"read_ok","value":0}}
[2026-02-25T16:58:28.941996Z INFO  maelstrom::runtime] Received {"id":896,"src":"c11","dest":"n3","body":{"key":0,"type":"read","msg_id":23}}
Node  received READ for key 0
[2026-02-25T16:58:28.942463Z INFO  maelstrom::runtime] Sent {"src":"n3","dest":"c11","body":{"in_reply_to":23,"type":"read_ok","value":0}}
[2026-02-25T16:58:28.984059Z INFO  maelstrom::runtime] Received {"id":904,"src":"c13","dest":"n3","body":{"key":0,"from":1,"to":4,"type":"cas","msg_id":22}}
Node  received CAS (not implemented)
[2026-02-25T16:58:28.984745Z INFO  maelstrom::runtime] Sent {"src":"n3","dest":"c13","body":{"in_reply_to":22,"type":"cas_ok"}}
[2026-02-25T16:58:29.015321Z INFO  maelstrom::runtime] Received {"id":914,"src":"c11","dest":"n3","body":{"key":0,"type":"read","msg_id":24}}
Node  received READ for key 0
[2026-02-25T16:58:29.015801Z INFO  maelstrom::runtime] Sent {"src":"n3","dest":"c11","body":{"in_reply_to":24,"type":"read_ok","value":0}}
