[2026-02-25T19:15:26.370594Z INFO  maelstrom::runtime] Received {"id":3,"src":"c3","dest":"n0","body":{"type":"init","node_id":"n0","node_ids":["n0","n1","n2","n3"],"msg_id":1}}
[2026-02-25T19:15:26.370826Z INFO  maelstrom::runtime] Sent {"src":"n0","dest":"c3","body":{"in_reply_to":1,"type":"init_ok"}}
[2026-02-25T19:15:26.410204Z INFO  maelstrom::runtime] Received {"id":9,"src":"c8","dest":"n0","body":{"key":0,"from":2,"to":4,"type":"cas","msg_id":1}}
Node  received CAS (not implemented)
[2026-02-25T19:15:26.410467Z INFO  maelstrom::runtime] Sent {"src":"n0","dest":"c8","body":{"in_reply_to":1,"type":"cas_ok"}}
[2026-02-25T19:15:26.450498Z INFO  maelstrom::runtime] Received {"id":16,"src":"c12","dest":"n0","body":{"key":0,"type":"read","msg_id":1}}
Node  received READ for key 0
[2026-02-25T19:15:26.450734Z INFO  maelstrom::runtime] Sent {"src":"n0","dest":"c12","body":{"in_reply_to":1,"type":"read_ok","value":0}}
[2026-02-25T19:15:26.455421Z INFO  maelstrom::runtime] Received {"id":18,"src":"c12","dest":"n0","body":{"key":0,"type":"read","msg_id":2}}
Node  received READ for key 0
[2026-02-25T19:15:26.455824Z INFO  maelstrom::runtime] Sent {"src":"n0","dest":"c12","body":{"in_reply_to":2,"type":"read_ok","value":0}}
[2026-02-25T19:15:26.470172Z INFO  maelstrom::runtime] Received {"id":20,"src":"c12","dest":"n0","body":{"key":0,"type":"read","msg_id":3}}
Node  received READ for key 0
[2026-02-25T19:15:26.470285Z INFO  maelstrom::runtime] Sent {"src":"n0","dest":"c12","body":{"in_reply_to":3,"type":"read_ok","value":0}}
[2026-02-25T19:15:26.474797Z INFO  maelstrom::runtime] Received {"id":24,"src":"c8","dest":"n0","body":{"key":0,"from":1,"to":4,"type":"cas","msg_id":2}}
Node  received CAS (not implemented)
[2026-02-25T19:15:26.474910Z INFO  maelstrom::runtime] Sent {"src":"n0","dest":"c8","body":{"in_reply_to":2,"type":"cas_ok"}}
[2026-02-25T19:15:26.485005Z INFO  maelstrom::runtime] Received {"id":26,"src":"c12","dest":"n0","body":{"key":0,"type":"read","msg_id":4}}
Node  received READ for key 0
[2026-02-25T19:15:26.485438Z INFO  maelstrom::runtime] Sent {"src":"n0","dest":"c12","body":{"in_reply_to":4,"type":"read_ok","value":0}}
[2026-02-25T19:15:26.502591Z INFO  maelstrom::runtime] Received {"id":28,"src":"c8","dest":"n0","body":{"key":0,"from":4,"to":2,"type":"cas","msg_id":3}}
Node  received CAS (not implemented)
[2026-02-25T19:15:26.502987Z INFO  maelstrom::runtime] Sent {"src":"n0","dest":"c8","body":{"in_reply_to":3,"type":"cas_ok"}}
[2026-02-25T19:15:26.523407Z INFO  maelstrom::runtime] Received {"id":34,"src":"c12","dest":"n0","body":{"key":0,"type":"read","msg_id":5}}
Node  received READ for key 0
[2026-02-25T19:15:26.523598Z INFO  maelstrom::runtime] Sent {"src":"n0","dest":"c12","body":{"in_reply_to":5,"type":"read_ok","value":0}}
[2026-02-25T19:15:26.563534Z INFO  maelstrom::runtime] Received {"id":40,"src":"c12","dest":"n0","body":{"key":0,"type":"read","msg_id":6}}
Node  received READ for key 0
[2026-02-25T19:15:26.563666Z INFO  maelstrom::runtime] Sent {"src":"n0","dest":"c12","body":{"in_reply_to":6,"type":"read_ok","value":0}}
[2026-02-25T19:15:26.565757Z INFO  maelstrom::runtime] Received {"id":42,"src":"c8","dest":"n0","body":{"key":0,"from":2,"to":3,"type":"cas","msg_id":4}}
Node  received CAS (not implemented)
[2026-02-25T19:15:26.566149Z INFO  maelstrom::runtime] Sent {"src":"n0","dest":"c8","body":{"in_reply_to":4,"type":"cas_ok"}}
[2026-02-25T19:15:26.580561Z INFO  maelstrom::runtime] Received {"id":44,"src":"c12","dest":"n0","body":{"key":0,"type":"read","msg_id":7}}
Node  received READ for key 0
[2026-02-25T19:15:26.580720Z INFO  maelstrom::runtime] Sent {"src":"n0","dest":"c12","body":{"in_reply_to":7,"type":"read_ok","value":0}}
[2026-02-25T19:15:26.590734Z INFO  maelstrom::runtime] Received {"id":48,"src":"c8","dest":"n0","body":{"key":0,"from":2,"to":4,"type":"cas","msg_id":5}}
Node  received CAS (not implemented)
[2026-02-25T19:15:26.590861Z INFO  maelstrom::runtime] Sent {"src":"n0","dest":"c8","body":{"in_reply_to":5,"type":"cas_ok"}}
[2026-02-25T19:15:26.607182Z INFO  maelstrom::runtime] Received {"id":52,"src":"c8","dest":"n0","body":{"key":0,"from":2,"to":4,"type":"cas","msg_id":6}}
Node  received CAS (not implemented)
[2026-02-25T19:15:26.607420Z INFO  maelstrom::runtime] Sent {"src":"n0","dest":"c8","body":{"in_reply_to":6,"type":"cas_ok"}}
[2026-02-25T19:15:26.611624Z INFO  maelstrom::runtime] Received {"id":54,"src":"c12","dest":"n0","body":{"key":0,"type":"read","msg_id":8}}
Node  received READ for key 0
[2026-02-25T19:15:26.611782Z INFO  maelstrom::runtime] Sent {"src":"n0","dest":"c12","body":{"in_reply_to":8,"type":"read_ok","value":0}}
[2026-02-25T19:15:26.623755Z INFO  maelstrom::runtime] Received {"id":56,"src":"c12","dest":"n0","body":{"key":0,"type":"read","msg_id":9}}
Node  received READ for key 0
[2026-02-25T19:15:26.624152Z INFO  maelstrom::runtime] Sent {"src":"n0","dest":"c12","body":{"in_reply_to":9,"type":"read_ok","value":0}}
[2026-02-25T19:15:26.627259Z INFO  maelstrom::runtime] Received {"id":60,"src":"c8","dest":"n0","body":{"key":0,"value":3,"type":"write","msg_id":7}}
Node  received WRITE: 0=3
[2026-02-25T19:15:26.627374Z INFO  maelstrom::runtime] Sent {"src":"n0","dest":"c8","body":{"in_reply_to":7,"type":"write_ok"}}
[2026-02-25T19:15:26.642522Z INFO  maelstrom::runtime] Received {"id":62,"src":"c8","dest":"n0","body":{"key":0,"value":4,"type":"write","msg_id":8}}
Node  received WRITE: 0=4
[2026-02-25T19:15:26.642804Z INFO  maelstrom::runtime] Sent {"src":"n0","dest":"c8","body":{"in_reply_to":8,"type":"write_ok"}}
[2026-02-25T19:15:26.669542Z INFO  maelstrom::runtime] Received {"id":68,"src":"c8","dest":"n0","body":{"key":0,"from":0,"to":4,"type":"cas","msg_id":9}}
Node  received CAS (not implemented)
[2026-02-25T19:15:26.669715Z INFO  maelstrom::runtime] Sent {"src":"n0","dest":"c8","body":{"in_reply_to":9,"type":"cas_ok"}}
[2026-02-25T19:15:26.674346Z INFO  maelstrom::runtime] Received {"id":70,"src":"c8","dest":"n0","body":{"key":0,"from":4,"to":1,"type":"cas","msg_id":10}}
Node  received CAS (not implemented)
[2026-02-25T19:15:26.674717Z INFO  maelstrom::runtime] Sent {"src":"n0","dest":"c8","body":{"in_reply_to":10,"type":"cas_ok"}}
[2026-02-25T19:15:26.703639Z INFO  maelstrom::runtime] Received {"id":74,"src":"c12","dest":"n0","body":{"key":0,"type":"read","msg_id":10}}
Node  received READ for key 0
[2026-02-25T19:15:26.703853Z INFO  maelstrom::runtime] Sent {"src":"n0","dest":"c12","body":{"in_reply_to":10,"type":"read_ok","value":0}}
[2026-02-25T19:15:26.723513Z INFO  maelstrom::runtime] Received {"id":76,"src":"c12","dest":"n0","body":{"key":0,"type":"read","msg_id":11}}
Node  received READ for key 0
[2026-02-25T19:15:26.723711Z INFO  maelstrom::runtime] Sent {"src":"n0","dest":"c12","body":{"in_reply_to":11,"type":"read_ok","value":0}}
[2026-02-25T19:15:26.735470Z INFO  maelstrom::runtime] Received {"id":78,"src":"c8","dest":"n0","body":{"key":0,"from":4,"to":0,"type":"cas","msg_id":11}}
Node  received CAS (not implemented)
[2026-02-25T19:15:26.735933Z INFO  maelstrom::runtime] Sent {"src":"n0","dest":"c8","body":{"in_reply_to":11,"type":"cas_ok"}}
[2026-02-25T19:15:26.750216Z INFO  maelstrom::runtime] Received {"id":82,"src":"c8","dest":"n0","body":{"key":0,"from":3,"to":2,"type":"cas","msg_id":12}}
Node  received CAS (not implemented)
[2026-02-25T19:15:26.750539Z INFO  maelstrom::runtime] Sent {"src":"n0","dest":"c8","body":{"in_reply_to":12,"type":"cas_ok"}}
[2026-02-25T19:15:26.785673Z INFO  maelstrom::runtime] Received {"id":88,"src":"c8","dest":"n0","body":{"key":0,"value":4,"type":"write","msg_id":13}}
Node  received WRITE: 0=4
[2026-02-25T19:15:26.785937Z INFO  maelstrom::runtime] Sent {"src":"n0","dest":"c8","body":{"in_reply_to":13,"type":"write_ok"}}
[2026-02-25T19:15:26.786135Z INFO  maelstrom::runtime] Received {"id":89,"src":"c12","dest":"n0","body":{"key":0,"type":"read","msg_id":12}}
Node  received READ for key 0
[2026-02-25T19:15:26.786372Z INFO  maelstrom::runtime] Sent {"src":"n0","dest":"c12","body":{"in_reply_to":12,"type":"read_ok","value":0}}
[2026-02-25T19:15:26.797912Z INFO  maelstrom::runtime] Received {"id":92,"src":"c12","dest":"n0","body":{"key":0,"type":"read","msg_id":13}}
Node  received READ for key 0
[2026-02-25T19:15:26.798233Z INFO  maelstrom::runtime] Sent {"src":"n0","dest":"c12","body":{"in_reply_to":13,"type":"read_ok","value":0}}
[2026-02-25T19:15:26.804687Z INFO  maelstrom::runtime] Received {"id":95,"src":"c8","dest":"n0","body":{"key":0,"from":2,"to":4,"type":"cas","msg_id":14}}
Node  received CAS (not implemented)
[2026-02-25T19:15:26.804921Z INFO  maelstrom::runtime] Sent {"src":"n0","dest":"c8","body":{"in_reply_to":14,"type":"cas_ok"}}
[2026-02-25T19:15:26.819810Z INFO  maelstrom::runtime] Received {"id":98,"src":"c8","dest":"n0","body":{"key":0,"value":0,"type":"write","msg_id":15}}
Node  received WRITE: 0=0
[2026-02-25T19:15:26.820131Z INFO  maelstrom::runtime] Sent {"src":"n0","dest":"c8","body":{"in_reply_to":15,"type":"write_ok"}}
[2026-02-25T19:15:26.869953Z INFO  maelstrom::runtime] Received {"id":106,"src":"c8","dest":"n0","body":{"key":0,"from":2,"to":3,"type":"cas","msg_id":16}}
Node  received CAS (not implemented)
[2026-02-25T19:15:26.870189Z INFO  maelstrom::runtime] Sent {"src":"n0","dest":"c8","body":{"in_reply_to":16,"type":"cas_ok"}}
[2026-02-25T19:15:26.883960Z INFO  maelstrom::runtime] Received {"id":108,"src":"c12","dest":"n0","body":{"key":0,"type":"read","msg_id":14}}
Node  received READ for key 0
[2026-02-25T19:15:26.884425Z INFO  maelstrom::runtime] Sent {"src":"n0","dest":"c12","body":{"in_reply_to":14,"type":"read_ok","value":0}}
[2026-02-25T19:15:26.932812Z INFO  maelstrom::runtime] Received {"id":114,"src":"c12","dest":"n0","body":{"key":0,"type":"read","msg_id":15}}
Node  received READ for key 0
[2026-02-25T19:15:26.933250Z INFO  maelstrom::runtime] Sent {"src":"n0","dest":"c12","body":{"in_reply_to":15,"type":"read_ok","value":0}}
[2026-02-25T19:15:26.937059Z INFO  maelstrom::runtime] Received {"id":116,"src":"c8","dest":"n0","body":{"key":0,"from":4,"to":3,"type":"cas","msg_id":17}}
Node  received CAS (not implemented)
[2026-02-25T19:15:26.937348Z INFO  maelstrom::runtime] Sent {"src":"n0","dest":"c8","body":{"in_reply_to":17,"type":"cas_ok"}}
[2026-02-25T19:15:26.951678Z INFO  maelstrom::runtime] Received {"id":118,"src":"c8","dest":"n0","body":{"key":0,"from":1,"to":4,"type":"cas","msg_id":18}}
Node  received CAS (not implemented)
[2026-02-25T19:15:26.951913Z INFO  maelstrom::runtime] Sent {"src":"n0","dest":"c8","body":{"in_reply_to":18,"type":"cas_ok"}}
[2026-02-25T19:15:26.960037Z INFO  maelstrom::runtime] Received {"id":120,"src":"c8","dest":"n0","body":{"key":0,"from":0,"to":2,"type":"cas","msg_id":19}}
Node  received CAS (not implemented)
[2026-02-25T19:15:26.960476Z INFO  maelstrom::runtime] Sent {"src":"n0","dest":"c8","body":{"in_reply_to":19,"type":"cas_ok"}}
[2026-02-25T19:15:26.983332Z INFO  maelstrom::runtime] Received {"id":124,"src":"c12","dest":"n0","body":{"key":0,"type":"read","msg_id":16}}
Node  received READ for key 0
[2026-02-25T19:15:26.983571Z INFO  maelstrom::runtime] Sent {"src":"n0","dest":"c12","body":{"in_reply_to":16,"type":"read_ok","value":0}}
[2026-02-25T19:15:27.035982Z INFO  maelstrom::runtime] Received {"id":132,"src":"c12","dest":"n0","body":{"key":0,"type":"read","msg_id":17}}
Node  received READ for key 0
[2026-02-25T19:15:27.036263Z INFO  maelstrom::runtime] Sent {"src":"n0","dest":"c12","body":{"in_reply_to":17,"type":"read_ok","value":0}}
[2026-02-25T19:15:27.045404Z INFO  maelstrom::runtime] Received {"id":134,"src":"c12","dest":"n0","body":{"key":0,"type":"read","msg_id":18}}
Node  received READ for key 0
[2026-02-25T19:15:27.045937Z INFO  maelstrom::runtime] Sent {"src":"n0","dest":"c12","body":{"in_reply_to":18,"type":"read_ok","value":0}}
[2026-02-25T19:15:27.065883Z INFO  maelstrom::runtime] Received {"id":138,"src":"c8","dest":"n0","body":{"key":0,"from":1,"to":4,"type":"cas","msg_id":20}}
Node  received CAS (not implemented)
[2026-02-25T19:15:27.066165Z INFO  maelstrom::runtime] Sent {"src":"n0","dest":"c8","body":{"in_reply_to":20,"type":"cas_ok"}}
[2026-02-25T19:15:27.073092Z INFO  maelstrom::runtime] Received {"id":140,"src":"c8","dest":"n0","body":{"key":0,"from":3,"to":1,"type":"cas","msg_id":21}}
Node  received CAS (not implemented)
[2026-02-25T19:15:27.073484Z INFO  maelstrom::runtime] Sent {"src":"n0","dest":"c8","body":{"in_reply_to":21,"type":"cas_ok"}}
[2026-02-25T19:15:27.077376Z INFO  maelstrom::runtime] Received {"id":142,"src":"c12","dest":"n0","body":{"key":0,"type":"read","msg_id":19}}
Node  received READ for key 0
[2026-02-25T19:15:27.077675Z INFO  maelstrom::runtime] Sent {"src":"n0","dest":"c12","body":{"in_reply_to":19,"type":"read_ok","value":0}}
[2026-02-25T19:15:27.097626Z INFO  maelstrom::runtime] Received {"id":144,"src":"c12","dest":"n0","body":{"key":0,"type":"read","msg_id":20}}
Node  received READ for key 0
[2026-02-25T19:15:27.097959Z INFO  maelstrom::runtime] Sent {"src":"n0","dest":"c12","body":{"in_reply_to":20,"type":"read_ok","value":0}}
[2026-02-25T19:15:27.107112Z INFO  maelstrom::runtime] Received {"id":146,"src":"c12","dest":"n0","body":{"key":0,"type":"read","msg_id":21}}
Node  received READ for key 0
[2026-02-25T19:15:27.107509Z INFO  maelstrom::runtime] Sent {"src":"n0","dest":"c12","body":{"in_reply_to":21,"type":"read_ok","value":0}}
[2026-02-25T19:15:27.117801Z INFO  maelstrom::runtime] Received {"id":150,"src":"c8","dest":"n0","body":{"key":0,"from":2,"to":4,"type":"cas","msg_id":22}}
Node  received CAS (not implemented)
[2026-02-25T19:15:27.118041Z INFO  maelstrom::runtime] Sent {"src":"n0","dest":"c8","body":{"in_reply_to":22,"type":"cas_ok"}}
[2026-02-25T19:15:27.135177Z INFO  maelstrom::runtime] Received {"id":152,"src":"c8","dest":"n0","body":{"key":0,"value":2,"type":"write","msg_id":23}}
Node  received WRITE: 0=2
[2026-02-25T19:15:27.135769Z INFO  maelstrom::runtime] Sent {"src":"n0","dest":"c8","body":{"in_reply_to":23,"type":"write_ok"}}
[2026-02-25T19:15:27.145805Z INFO  maelstrom::runtime] Received {"id":156,"src":"c8","dest":"n0","body":{"key":0,"value":4,"type":"write","msg_id":24}}
Node  received WRITE: 0=4
[2026-02-25T19:15:27.146217Z INFO  maelstrom::runtime] Sent {"src":"n0","dest":"c8","body":{"in_reply_to":24,"type":"write_ok"}}
[2026-02-25T19:15:27.178332Z INFO  maelstrom::runtime] Received {"id":164,"src":"c12","dest":"n0","body":{"key":0,"type":"read","msg_id":22}}
Node  received READ for key 0
[2026-02-25T19:15:27.178836Z INFO  maelstrom::runtime] Sent {"src":"n0","dest":"c12","body":{"in_reply_to":22,"type":"read_ok","value":0}}
[2026-02-25T19:15:27.183797Z INFO  maelstrom::runtime] Received {"id":166,"src":"c12","dest":"n0","body":{"key":0,"type":"read","msg_id":23}}
Node  received READ for key 0
[2026-02-25T19:15:27.184050Z INFO  maelstrom::runtime] Sent {"src":"n0","dest":"c12","body":{"in_reply_to":23,"type":"read_ok","value":0}}
[2026-02-25T19:15:27.191993Z INFO  maelstrom::runtime] Received {"id":168,"src":"c8","dest":"n0","body":{"key":0,"from":4,"to":2,"type":"cas","msg_id":25}}
Node  received CAS (not implemented)
[2026-02-25T19:15:27.192311Z INFO  maelstrom::runtime] Sent {"src":"n0","dest":"c8","body":{"in_reply_to":25,"type":"cas_ok"}}
[2026-02-25T19:15:27.198360Z INFO  maelstrom::runtime] Received {"id":170,"src":"c8","dest":"n0","body":{"key":0,"from":1,"to":1,"type":"cas","msg_id":26}}
Node  received CAS (not implemented)
[2026-02-25T19:15:27.198606Z INFO  maelstrom::runtime] Sent {"src":"n0","dest":"c8","body":{"in_reply_to":26,"type":"cas_ok"}}
[2026-02-25T19:15:27.211459Z INFO  maelstrom::runtime] Received {"id":173,"src":"c8","dest":"n0","body":{"key":0,"from":1,"to":3,"type":"cas","msg_id":27}}
Node  received CAS (not implemented)
[2026-02-25T19:15:27.211800Z INFO  maelstrom::runtime] Sent {"src":"n0","dest":"c8","body":{"in_reply_to":27,"type":"cas_ok"}}
[2026-02-25T19:15:27.219313Z INFO  maelstrom::runtime] Received {"id":177,"src":"c8","dest":"n0","body":{"key":0,"from":0,"to":0,"type":"cas","msg_id":28}}
Node  received CAS (not implemented)
[2026-02-25T19:15:27.219540Z INFO  maelstrom::runtime] Sent {"src":"n0","dest":"c8","body":{"in_reply_to":28,"type":"cas_ok"}}
[2026-02-25T19:15:27.234409Z INFO  maelstrom::runtime] Received {"id":180,"src":"c12","dest":"n0","body":{"key":0,"type":"read","msg_id":24}}
Node  received READ for key 0
[2026-02-25T19:15:27.234719Z INFO  maelstrom::runtime] Sent {"src":"n0","dest":"c12","body":{"in_reply_to":24,"type":"read_ok","value":0}}
[2026-02-25T19:15:27.253646Z INFO  maelstrom::runtime] Received {"id":182,"src":"c12","dest":"n0","body":{"key":0,"type":"read","msg_id":25}}
Node  received READ for key 0
[2026-02-25T19:15:27.254087Z INFO  maelstrom::runtime] Sent {"src":"n0","dest":"c12","body":{"in_reply_to":25,"type":"read_ok","value":0}}
[2026-02-25T19:15:27.260392Z INFO  maelstrom::runtime] Received {"id":186,"src":"c12","dest":"n0","body":{"key":0,"type":"read","msg_id":26}}
Node  received READ for key 0
[2026-02-25T19:15:27.260651Z INFO  maelstrom::runtime] Sent {"src":"n0","dest":"c12","body":{"in_reply_to":26,"type":"read_ok","value":0}}
[2026-02-25T19:15:27.281477Z INFO  maelstrom::runtime] Received {"id":188,"src":"c8","dest":"n0","body":{"key":0,"from":1,"to":0,"type":"cas","msg_id":29}}
Node  received CAS (not implemented)
[2026-02-25T19:15:27.281771Z INFO  maelstrom::runtime] Sent {"src":"n0","dest":"c8","body":{"in_reply_to":29,"type":"cas_ok"}}
[2026-02-25T19:15:27.321658Z INFO  maelstrom::runtime] Received {"id":196,"src":"c8","dest":"n0","body":{"key":0,"from":3,"to":1,"type":"cas","msg_id":30}}
Node  received CAS (not implemented)
[2026-02-25T19:15:27.321897Z INFO  maelstrom::runtime] Sent {"src":"n0","dest":"c8","body":{"in_reply_to":30,"type":"cas_ok"}}
[2026-02-25T19:15:27.324986Z INFO  maelstrom::runtime] Received {"id":198,"src":"c12","dest":"n0","body":{"key":0,"type":"read","msg_id":27}}
Node  received READ for key 0
[2026-02-25T19:15:27.325422Z INFO  maelstrom::runtime] Sent {"src":"n0","dest":"c12","body":{"in_reply_to":27,"type":"read_ok","value":0}}
[2026-02-25T19:15:27.341758Z INFO  maelstrom::runtime] Received {"id":202,"src":"c12","dest":"n0","body":{"key":0,"type":"read","msg_id":28}}
Node  received READ for key 0
[2026-02-25T19:15:27.341974Z INFO  maelstrom::runtime] Sent {"src":"n0","dest":"c12","body":{"in_reply_to":28,"type":"read_ok","value":0}}
[2026-02-25T19:15:27.357715Z INFO  maelstrom::runtime] Received {"id":204,"src":"c12","dest":"n0","body":{"key":0,"type":"read","msg_id":29}}
Node  received READ for key 0
[2026-02-25T19:15:27.358021Z INFO  maelstrom::runtime] Sent {"src":"n0","dest":"c12","body":{"in_reply_to":29,"type":"read_ok","value":0}}
[2026-02-25T19:15:27.365845Z INFO  maelstrom::runtime] Received {"id":206,"src":"c12","dest":"n0","body":{"key":0,"type":"read","msg_id":30}}
Node  received READ for key 0
[2026-02-25T19:15:27.366156Z INFO  maelstrom::runtime] Sent {"src":"n0","dest":"c12","body":{"in_reply_to":30,"type":"read_ok","value":0}}
[2026-02-25T19:15:27.421461Z INFO  maelstrom::runtime] Received {"id":214,"src":"c8","dest":"n0","body":{"key":0,"from":0,"to":4,"type":"cas","msg_id":31}}
Node  received CAS (not implemented)
[2026-02-25T19:15:27.421854Z INFO  maelstrom::runtime] Sent {"src":"n0","dest":"c8","body":{"in_reply_to":31,"type":"cas_ok"}}
[2026-02-25T19:15:27.449956Z INFO  maelstrom::runtime] Received {"id":218,"src":"c12","dest":"n0","body":{"key":0,"type":"read","msg_id":31}}
Node  received READ for key 0
[2026-02-25T19:15:27.450252Z INFO  maelstrom::runtime] Sent {"src":"n0","dest":"c12","body":{"in_reply_to":31,"type":"read_ok","value":0}}
[2026-02-25T19:15:27.460491Z INFO  maelstrom::runtime] Received {"id":220,"src":"c12","dest":"n0","body":{"key":0,"type":"read","msg_id":32}}
Node  received READ for key 0
[2026-02-25T19:15:27.460592Z INFO  maelstrom::runtime] Sent {"src":"n0","dest":"c12","body":{"in_reply_to":32,"type":"read_ok","value":0}}
[2026-02-25T19:15:27.473941Z INFO  maelstrom::runtime] Received {"id":222,"src":"c12","dest":"n0","body":{"key":0,"type":"read","msg_id":33}}
Node  received READ for key 0
[2026-02-25T19:15:27.474161Z INFO  maelstrom::runtime] Sent {"src":"n0","dest":"c12","body":{"in_reply_to":33,"type":"read_ok","value":0}}
[2026-02-25T19:15:27.493418Z INFO  maelstrom::runtime] Received {"id":224,"src":"c8","dest":"n0","body":{"key":0,"value":4,"type":"write","msg_id":32}}
Node  received WRITE: 0=4
[2026-02-25T19:15:27.493519Z INFO  maelstrom::runtime] Sent {"src":"n0","dest":"c8","body":{"in_reply_to":32,"type":"write_ok"}}
[2026-02-25T19:15:27.530586Z INFO  maelstrom::runtime] Received {"id":232,"src":"c8","dest":"n0","body":{"key":0,"from":2,"to":2,"type":"cas","msg_id":33}}
Node  received CAS (not implemented)
[2026-02-25T19:15:27.530712Z INFO  maelstrom::runtime] Sent {"src":"n0","dest":"c8","body":{"in_reply_to":33,"type":"cas_ok"}}
[2026-02-25T19:15:27.546301Z INFO  maelstrom::runtime] Received {"id":234,"src":"c12","dest":"n0","body":{"key":0,"type":"read","msg_id":34}}
Node  received READ for key 0
[2026-02-25T19:15:27.546489Z INFO  maelstrom::runtime] Sent {"src":"n0","dest":"c12","body":{"in_reply_to":34,"type":"read_ok","value":0}}
[2026-02-25T19:15:27.563707Z INFO  maelstrom::runtime] Received {"id":236,"src":"c12","dest":"n0","body":{"key":0,"type":"read","msg_id":35}}
Node  received READ for key 0
[2026-02-25T19:15:27.564061Z INFO  maelstrom::runtime] Sent {"src":"n0","dest":"c12","body":{"in_reply_to":35,"type":"read_ok","value":0}}
[2026-02-25T19:15:27.590732Z INFO  maelstrom::runtime] Received {"id":240,"src":"c12","dest":"n0","body":{"key":0,"type":"read","msg_id":36}}
Node  received READ for key 0
[2026-02-25T19:15:27.591017Z INFO  maelstrom::runtime] Sent {"src":"n0","dest":"c12","body":{"in_reply_to":36,"type":"read_ok","value":0}}
[2026-02-25T19:15:27.609960Z INFO  maelstrom::runtime] Received {"id":242,"src":"c12","dest":"n0","body":{"key":0,"type":"read","msg_id":37}}
Node  received READ for key 0
[2026-02-25T19:15:27.610332Z INFO  maelstrom::runtime] Sent {"src":"n0","dest":"c12","body":{"in_reply_to":37,"type":"read_ok","value":0}}
[2026-02-25T19:15:27.627331Z INFO  maelstrom::runtime] Received {"id":245,"src":"c8","dest":"n0","body":{"key":0,"from":1,"to":2,"type":"cas","msg_id":34}}
Node  received CAS (not implemented)
[2026-02-25T19:15:27.627665Z INFO  maelstrom::runtime] Sent {"src":"n0","dest":"c8","body":{"in_reply_to":34,"type":"cas_ok"}}
[2026-02-25T19:15:27.634593Z INFO  maelstrom::runtime] Received {"id":248,"src":"c8","dest":"n0","body":{"key":0,"from":4,"to":4,"type":"cas","msg_id":35}}
Node  received CAS (not implemented)
[2026-02-25T19:15:27.634912Z INFO  maelstrom::runtime] Sent {"src":"n0","dest":"c8","body":{"in_reply_to":35,"type":"cas_ok"}}
[2026-02-25T19:15:27.638497Z INFO  maelstrom::runtime] Received {"id":250,"src":"c8","dest":"n0","body":{"key":0,"value":2,"type":"write","msg_id":36}}
Node  received WRITE: 0=2
[2026-02-25T19:15:27.638738Z INFO  maelstrom::runtime] Sent {"src":"n0","dest":"c8","body":{"in_reply_to":36,"type":"write_ok"}}
[2026-02-25T19:15:27.644888Z INFO  maelstrom::runtime] Received {"id":252,"src":"c12","dest":"n0","body":{"key":0,"type":"read","msg_id":38}}
Node  received READ for key 0
[2026-02-25T19:15:27.645133Z INFO  maelstrom::runtime] Sent {"src":"n0","dest":"c12","body":{"in_reply_to":38,"type":"read_ok","value":0}}
[2026-02-25T19:15:27.680298Z INFO  maelstrom::runtime] Received {"id":256,"src":"c12","dest":"n0","body":{"key":0,"type":"read","msg_id":39}}
Node  received READ for key 0
[2026-02-25T19:15:27.680820Z INFO  maelstrom::runtime] Sent {"src":"n0","dest":"c12","body":{"in_reply_to":39,"type":"read_ok","value":0}}
[2026-02-25T19:15:27.695812Z INFO  maelstrom::runtime] Received {"id":258,"src":"c8","dest":"n0","body":{"key":0,"value":4,"type":"write","msg_id":37}}
Node  received WRITE: 0=4
[2026-02-25T19:15:27.696051Z INFO  maelstrom::runtime] Sent {"src":"n0","dest":"c8","body":{"in_reply_to":37,"type":"write_ok"}}
[2026-02-25T19:15:27.709650Z INFO  maelstrom::runtime] Received {"id":260,"src":"c8","dest":"n0","body":{"key":0,"from":1,"to":4,"type":"cas","msg_id":38}}
Node  received CAS (not implemented)
[2026-02-25T19:15:27.709977Z INFO  maelstrom::runtime] Sent {"src":"n0","dest":"c8","body":{"in_reply_to":38,"type":"cas_ok"}}
[2026-02-25T19:15:27.718396Z INFO  maelstrom::runtime] Received {"id":262,"src":"c8","dest":"n0","body":{"key":0,"from":3,"to":4,"type":"cas","msg_id":39}}
Node  received CAS (not implemented)
[2026-02-25T19:15:27.718849Z INFO  maelstrom::runtime] Sent {"src":"n0","dest":"c8","body":{"in_reply_to":39,"type":"cas_ok"}}
[2026-02-25T19:15:27.741939Z INFO  maelstrom::runtime] Received {"id":268,"src":"c12","dest":"n0","body":{"key":0,"type":"read","msg_id":40}}
Node  received READ for key 0
[2026-02-25T19:15:27.742202Z INFO  maelstrom::runtime] Sent {"src":"n0","dest":"c12","body":{"in_reply_to":40,"type":"read_ok","value":0}}
[2026-02-25T19:15:27.773331Z INFO  maelstrom::runtime] Received {"id":274,"src":"c12","dest":"n0","body":{"key":0,"type":"read","msg_id":41}}
Node  received READ for key 0
[2026-02-25T19:15:27.773836Z INFO  maelstrom::runtime] Sent {"src":"n0","dest":"c12","body":{"in_reply_to":41,"type":"read_ok","value":0}}
[2026-02-25T19:15:27.786565Z INFO  maelstrom::runtime] Received {"id":276,"src":"c12","dest":"n0","body":{"key":0,"type":"read","msg_id":42}}
Node  received READ for key 0
[2026-02-25T19:15:27.786989Z INFO  maelstrom::runtime] Sent {"src":"n0","dest":"c12","body":{"in_reply_to":42,"type":"read_ok","value":0}}
[2026-02-25T19:15:27.792844Z INFO  maelstrom::runtime] Received {"id":278,"src":"c12","dest":"n0","body":{"key":0,"type":"read","msg_id":43}}
Node  received READ for key 0
[2026-02-25T19:15:27.793169Z INFO  maelstrom::runtime] Sent {"src":"n0","dest":"c12","body":{"in_reply_to":43,"type":"read_ok","value":0}}
[2026-02-25T19:15:27.822339Z INFO  maelstrom::runtime] Received {"id":282,"src":"c8","dest":"n0","body":{"key":0,"from":0,"to":1,"type":"cas","msg_id":40}}
Node  received CAS (not implemented)
[2026-02-25T19:15:27.822668Z INFO  maelstrom::runtime] Sent {"src":"n0","dest":"c8","body":{"in_reply_to":40,"type":"cas_ok"}}
[2026-02-25T19:15:27.853185Z INFO  maelstrom::runtime] Received {"id":286,"src":"c12","dest":"n0","body":{"key":0,"type":"read","msg_id":44}}
Node  received READ for key 0
[2026-02-25T19:15:27.853533Z INFO  maelstrom::runtime] Sent {"src":"n0","dest":"c12","body":{"in_reply_to":44,"type":"read_ok","value":0}}
[2026-02-25T19:15:27.874509Z INFO  maelstrom::runtime] Received {"id":290,"src":"c12","dest":"n0","body":{"key":0,"type":"read","msg_id":45}}
Node  received READ for key 0
[2026-02-25T19:15:27.874759Z INFO  maelstrom::runtime] Sent {"src":"n0","dest":"c12","body":{"in_reply_to":45,"type":"read_ok","value":0}}
[2026-02-25T19:15:27.887558Z INFO  maelstrom::runtime] Received {"id":292,"src":"c12","dest":"n0","body":{"key":0,"type":"read","msg_id":46}}
Node  received READ for key 0
[2026-02-25T19:15:27.887797Z INFO  maelstrom::runtime] Sent {"src":"n0","dest":"c12","body":{"in_reply_to":46,"type":"read_ok","value":0}}
[2026-02-25T19:15:27.897669Z INFO  maelstrom::runtime] Received {"id":294,"src":"c8","dest":"n0","body":{"key":0,"from":4,"to":2,"type":"cas","msg_id":41}}
Node  received CAS (not implemented)
[2026-02-25T19:15:27.898021Z INFO  maelstrom::runtime] Sent {"src":"n0","dest":"c8","body":{"in_reply_to":41,"type":"cas_ok"}}
[2026-02-25T19:15:27.904870Z INFO  maelstrom::runtime] Received {"id":300,"src":"c8","dest":"n0","body":{"key":0,"from":3,"to":1,"type":"cas","msg_id":42}}
Node  received CAS (not implemented)
[2026-02-25T19:15:27.905119Z INFO  maelstrom::runtime] Sent {"src":"n0","dest":"c8","body":{"in_reply_to":42,"type":"cas_ok"}}
[2026-02-25T19:15:27.913074Z INFO  maelstrom::runtime] Received {"id":304,"src":"c8","dest":"n0","body":{"key":0,"from":3,"to":3,"type":"cas","msg_id":43}}
Node  received CAS (not implemented)
[2026-02-25T19:15:27.913260Z INFO  maelstrom::runtime] Sent {"src":"n0","dest":"c8","body":{"in_reply_to":43,"type":"cas_ok"}}
[2026-02-25T19:15:27.924248Z INFO  maelstrom::runtime] Received {"id":306,"src":"c12","dest":"n0","body":{"key":0,"type":"read","msg_id":47}}
Node  received READ for key 0
[2026-02-25T19:15:27.924545Z INFO  maelstrom::runtime] Sent {"src":"n0","dest":"c12","body":{"in_reply_to":47,"type":"read_ok","value":0}}
[2026-02-25T19:15:27.945200Z INFO  maelstrom::runtime] Received {"id":310,"src":"c12","dest":"n0","body":{"key":0,"type":"read","msg_id":48}}
Node  received READ for key 0
[2026-02-25T19:15:27.945474Z INFO  maelstrom::runtime] Sent {"src":"n0","dest":"c12","body":{"in_reply_to":48,"type":"read_ok","value":0}}
[2026-02-25T19:15:27.959885Z INFO  maelstrom::runtime] Received {"id":312,"src":"c8","dest":"n0","body":{"key":0,"from":4,"to":4,"type":"cas","msg_id":44}}
Node  received CAS (not implemented)
[2026-02-25T19:15:27.960183Z INFO  maelstrom::runtime] Sent {"src":"n0","dest":"c8","body":{"in_reply_to":44,"type":"cas_ok"}}
[2026-02-25T19:15:27.964852Z INFO  maelstrom::runtime] Received {"id":314,"src":"c8","dest":"n0","body":{"key":0,"value":2,"type":"write","msg_id":45}}
Node  received WRITE: 0=2
[2026-02-25T19:15:27.965190Z INFO  maelstrom::runtime] Sent {"src":"n0","dest":"c8","body":{"in_reply_to":45,"type":"write_ok"}}
[2026-02-25T19:15:28.014393Z INFO  maelstrom::runtime] Received {"id":322,"src":"c12","dest":"n0","body":{"key":0,"type":"read","msg_id":49}}
Node  received READ for key 0
[2026-02-25T19:15:28.014694Z INFO  maelstrom::runtime] Sent {"src":"n0","dest":"c12","body":{"in_reply_to":49,"type":"read_ok","value":0}}
[2026-02-25T19:15:28.029362Z INFO  maelstrom::runtime] Received {"id":324,"src":"c12","dest":"n0","body":{"key":0,"type":"read","msg_id":50}}
Node  received READ for key 0
[2026-02-25T19:15:28.029686Z INFO  maelstrom::runtime] Sent {"src":"n0","dest":"c12","body":{"in_reply_to":50,"type":"read_ok","value":0}}
[2026-02-25T19:15:28.062758Z INFO  maelstrom::runtime] Received {"id":330,"src":"c12","dest":"n0","body":{"key":0,"type":"read","msg_id":51}}
Node  received READ for key 0
[2026-02-25T19:15:28.062987Z INFO  maelstrom::runtime] Sent {"src":"n0","dest":"c12","body":{"in_reply_to":51,"type":"read_ok","value":0}}
[2026-02-25T19:15:28.081638Z INFO  maelstrom::runtime] Received {"id":332,"src":"c12","dest":"n0","body":{"key":0,"type":"read","msg_id":52}}
Node  received READ for key 0
[2026-02-25T19:15:28.081968Z INFO  maelstrom::runtime] Sent {"src":"n0","dest":"c12","body":{"in_reply_to":52,"type":"read_ok","value":0}}
[2026-02-25T19:15:28.082330Z INFO  maelstrom::runtime] Received {"id":333,"src":"c8","dest":"n0","body":{"key":0,"value":2,"type":"write","msg_id":46}}
Node  received WRITE: 0=2
[2026-02-25T19:15:28.082565Z INFO  maelstrom::runtime] Sent {"src":"n0","dest":"c8","body":{"in_reply_to":46,"type":"write_ok"}}
[2026-02-25T19:15:28.109046Z INFO  maelstrom::runtime] Received {"id":338,"src":"c8","dest":"n0","body":{"key":0,"from":2,"to":1,"type":"cas","msg_id":47}}
Node  received CAS (not implemented)
[2026-02-25T19:15:28.109439Z INFO  maelstrom::runtime] Sent {"src":"n0","dest":"c8","body":{"in_reply_to":47,"type":"cas_ok"}}
[2026-02-25T19:15:28.115960Z INFO  maelstrom::runtime] Received {"id":340,"src":"c8","dest":"n0","body":{"key":0,"from":1,"to":1,"type":"cas","msg_id":48}}
Node  received CAS (not implemented)
[2026-02-25T19:15:28.116218Z INFO  maelstrom::runtime] Sent {"src":"n0","dest":"c8","body":{"in_reply_to":48,"type":"cas_ok"}}
[2026-02-25T19:15:28.125449Z INFO  maelstrom::runtime] Received {"id":342,"src":"c12","dest":"n0","body":{"key":0,"type":"read","msg_id":53}}
Node  received READ for key 0
[2026-02-25T19:15:28.125879Z INFO  maelstrom::runtime] Sent {"src":"n0","dest":"c12","body":{"in_reply_to":53,"type":"read_ok","value":0}}
[2026-02-25T19:15:28.138080Z INFO  maelstrom::runtime] Received {"id":344,"src":"c12","dest":"n0","body":{"key":0,"type":"read","msg_id":54}}
Node  received READ for key 0
[2026-02-25T19:15:28.138329Z INFO  maelstrom::runtime] Sent {"src":"n0","dest":"c12","body":{"in_reply_to":54,"type":"read_ok","value":0}}
[2026-02-25T19:15:28.153968Z INFO  maelstrom::runtime] Received {"id":346,"src":"c12","dest":"n0","body":{"key":0,"type":"read","msg_id":55}}
Node  received READ for key 0
[2026-02-25T19:15:28.154261Z INFO  maelstrom::runtime] Sent {"src":"n0","dest":"c12","body":{"in_reply_to":55,"type":"read_ok","value":0}}
[2026-02-25T19:15:28.168853Z INFO  maelstrom::runtime] Received {"id":348,"src":"c12","dest":"n0","body":{"key":0,"type":"read","msg_id":56}}
Node  received READ for key 0
[2026-02-25T19:15:28.169121Z INFO  maelstrom::runtime] Sent {"src":"n0","dest":"c12","body":{"in_reply_to":56,"type":"read_ok","value":0}}
[2026-02-25T19:15:28.178031Z INFO  maelstrom::runtime] Received {"id":350,"src":"c12","dest":"n0","body":{"key":0,"type":"read","msg_id":57}}
Node  received READ for key 0
[2026-02-25T19:15:28.178309Z INFO  maelstrom::runtime] Sent {"src":"n0","dest":"c12","body":{"in_reply_to":57,"type":"read_ok","value":0}}
[2026-02-25T19:15:28.198917Z INFO  maelstrom::runtime] Received {"id":354,"src":"c8","dest":"n0","body":{"key":0,"from":3,"to":1,"type":"cas","msg_id":49}}
Node  received CAS (not implemented)
[2026-02-25T19:15:28.199166Z INFO  maelstrom::runtime] Sent {"src":"n0","dest":"c8","body":{"in_reply_to":49,"type":"cas_ok"}}
[2026-02-25T19:15:28.213646Z INFO  maelstrom::runtime] Received {"id":356,"src":"c8","dest":"n0","body":{"key":0,"from":3,"to":2,"type":"cas","msg_id":50}}
Node  received CAS (not implemented)
[2026-02-25T19:15:28.214037Z INFO  maelstrom::runtime] Sent {"src":"n0","dest":"c8","body":{"in_reply_to":50,"type":"cas_ok"}}
[2026-02-25T19:15:28.229403Z INFO  maelstrom::runtime] Received {"id":358,"src":"c12","dest":"n0","body":{"key":0,"type":"read","msg_id":58}}
Node  received READ for key 0
[2026-02-25T19:15:28.229731Z INFO  maelstrom::runtime] Sent {"src":"n0","dest":"c12","body":{"in_reply_to":58,"type":"read_ok","value":0}}
[2026-02-25T19:15:28.245176Z INFO  maelstrom::runtime] Received {"id":360,"src":"c12","dest":"n0","body":{"key":0,"type":"read","msg_id":59}}
Node  received READ for key 0
[2026-02-25T19:15:28.245752Z INFO  maelstrom::runtime] Sent {"src":"n0","dest":"c12","body":{"in_reply_to":59,"type":"read_ok","value":0}}
[2026-02-25T19:15:28.256790Z INFO  maelstrom::runtime] Received {"id":362,"src":"c12","dest":"n0","body":{"key":0,"type":"read","msg_id":60}}
Node  received READ for key 0
[2026-02-25T19:15:28.257101Z INFO  maelstrom::runtime] Sent {"src":"n0","dest":"c12","body":{"in_reply_to":60,"type":"read_ok","value":0}}
[2026-02-25T19:15:28.277445Z INFO  maelstrom::runtime] Received {"id":366,"src":"c8","dest":"n0","body":{"key":0,"value":4,"type":"write","msg_id":51}}
Node  received WRITE: 0=4
[2026-02-25T19:15:28.277679Z INFO  maelstrom::runtime] Sent {"src":"n0","dest":"c8","body":{"in_reply_to":51,"type":"write_ok"}}
[2026-02-25T19:15:28.296438Z INFO  maelstrom::runtime] Received {"id":368,"src":"c8","dest":"n0","body":{"key":0,"from":2,"to":2,"type":"cas","msg_id":52}}
Node  received CAS (not implemented)
[2026-02-25T19:15:28.296816Z INFO  maelstrom::runtime] Sent {"src":"n0","dest":"c8","body":{"in_reply_to":52,"type":"cas_ok"}}
[2026-02-25T19:15:28.309777Z INFO  maelstrom::runtime] Received {"id":370,"src":"c8","dest":"n0","body":{"key":0,"from":2,"to":0,"type":"cas","msg_id":53}}
Node  received CAS (not implemented)
[2026-02-25T19:15:28.310044Z INFO  maelstrom::runtime] Sent {"src":"n0","dest":"c8","body":{"in_reply_to":53,"type":"cas_ok"}}
[2026-02-25T19:15:28.329814Z INFO  maelstrom::runtime] Received {"id":374,"src":"c8","dest":"n0","body":{"key":0,"from":3,"to":3,"type":"cas","msg_id":54}}
Node  received CAS (not implemented)
[2026-02-25T19:15:28.330298Z INFO  maelstrom::runtime] Sent {"src":"n0","dest":"c8","body":{"in_reply_to":54,"type":"cas_ok"}}
[2026-02-25T19:15:28.339991Z INFO  maelstrom::runtime] Received {"id":376,"src":"c12","dest":"n0","body":{"key":0,"type":"read","msg_id":61}}
Node  received READ for key 0
[2026-02-25T19:15:28.340351Z INFO  maelstrom::runtime] Sent {"src":"n0","dest":"c12","body":{"in_reply_to":61,"type":"read_ok","value":0}}
[2026-02-25T19:15:28.351986Z INFO  maelstrom::runtime] Received {"id":382,"src":"c12","dest":"n0","body":{"key":0,"type":"read","msg_id":62}}
Node  received READ for key 0
[2026-02-25T19:15:28.352553Z INFO  maelstrom::runtime] Sent {"src":"n0","dest":"c12","body":{"in_reply_to":62,"type":"read_ok","value":0}}
[2026-02-25T19:15:28.356025Z INFO  maelstrom::runtime] Received {"id":384,"src":"c8","dest":"n0","body":{"key":0,"from":3,"to":0,"type":"cas","msg_id":55}}
Node  received CAS (not implemented)
[2026-02-25T19:15:28.356256Z INFO  maelstrom::runtime] Sent {"src":"n0","dest":"c8","body":{"in_reply_to":55,"type":"cas_ok"}}
[2026-02-25T19:15:28.366189Z INFO  maelstrom::runtime] Received {"id":386,"src":"c8","dest":"n0","body":{"key":0,"value":0,"type":"write","msg_id":56}}
Node  received WRITE: 0=0
[2026-02-25T19:15:28.366576Z INFO  maelstrom::runtime] Sent {"src":"n0","dest":"c8","body":{"in_reply_to":56,"type":"write_ok"}}
[2026-02-25T19:15:28.377374Z INFO  maelstrom::runtime] Received {"id":390,"src":"c8","dest":"n0","body":{"key":0,"value":4,"type":"write","msg_id":57}}
Node  received WRITE: 0=4
[2026-02-25T19:15:28.377877Z INFO  maelstrom::runtime] Sent {"src":"n0","dest":"c8","body":{"in_reply_to":57,"type":"write_ok"}}
[2026-02-25T19:15:28.394918Z INFO  maelstrom::runtime] Received {"id":392,"src":"c8","dest":"n0","body":{"key":0,"from":3,"to":4,"type":"cas","msg_id":58}}
Node  received CAS (not implemented)
[2026-02-25T19:15:28.395170Z INFO  maelstrom::runtime] Sent {"src":"n0","dest":"c8","body":{"in_reply_to":58,"type":"cas_ok"}}
[2026-02-25T19:15:28.410837Z INFO  maelstrom::runtime] Received {"id":394,"src":"c8","dest":"n0","body":{"key":0,"from":1,"to":3,"type":"cas","msg_id":59}}
Node  received CAS (not implemented)
[2026-02-25T19:15:28.411183Z INFO  maelstrom::runtime] Sent {"src":"n0","dest":"c8","body":{"in_reply_to":59,"type":"cas_ok"}}
[2026-02-25T19:15:28.433214Z INFO  maelstrom::runtime] Received {"id":398,"src":"c12","dest":"n0","body":{"key":0,"type":"read","msg_id":63}}
Node  received READ for key 0
[2026-02-25T19:15:28.433603Z INFO  maelstrom::runtime] Sent {"src":"n0","dest":"c12","body":{"in_reply_to":63,"type":"read_ok","value":0}}
[2026-02-25T19:15:28.450088Z INFO  maelstrom::runtime] Received {"id":402,"src":"c12","dest":"n0","body":{"key":0,"type":"read","msg_id":64}}
Node  received READ for key 0
[2026-02-25T19:15:28.450571Z INFO  maelstrom::runtime] Sent {"src":"n0","dest":"c12","body":{"in_reply_to":64,"type":"read_ok","value":0}}
[2026-02-25T19:15:28.468510Z INFO  maelstrom::runtime] Received {"id":404,"src":"c8","dest":"n0","body":{"key":0,"from":1,"to":3,"type":"cas","msg_id":60}}
Node  received CAS (not implemented)
[2026-02-25T19:15:28.468720Z INFO  maelstrom::runtime] Sent {"src":"n0","dest":"c8","body":{"in_reply_to":60,"type":"cas_ok"}}
[2026-02-25T19:15:28.481352Z INFO  maelstrom::runtime] Received {"id":406,"src":"c8","dest":"n0","body":{"key":0,"value":4,"type":"write","msg_id":61}}
Node  received WRITE: 0=4
[2026-02-25T19:15:28.481630Z INFO  maelstrom::runtime] Sent {"src":"n0","dest":"c8","body":{"in_reply_to":61,"type":"write_ok"}}
[2026-02-25T19:15:28.499315Z INFO  maelstrom::runtime] Received {"id":408,"src":"c8","dest":"n0","body":{"key":0,"from":0,"to":0,"type":"cas","msg_id":62}}
Node  received CAS (not implemented)
[2026-02-25T19:15:28.499407Z INFO  maelstrom::runtime] Sent {"src":"n0","dest":"c8","body":{"in_reply_to":62,"type":"cas_ok"}}
[2026-02-25T19:15:28.503797Z INFO  maelstrom::runtime] Received {"id":412,"src":"c12","dest":"n0","body":{"key":0,"type":"read","msg_id":65}}
Node  received READ for key 0
[2026-02-25T19:15:28.504146Z INFO  maelstrom::runtime] Sent {"src":"n0","dest":"c12","body":{"in_reply_to":65,"type":"read_ok","value":0}}
[2026-02-25T19:15:28.536162Z INFO  maelstrom::runtime] Received {"id":416,"src":"c12","dest":"n0","body":{"key":0,"type":"read","msg_id":66}}
Node  received READ for key 0
[2026-02-25T19:15:28.536415Z INFO  maelstrom::runtime] Sent {"src":"n0","dest":"c12","body":{"in_reply_to":66,"type":"read_ok","value":0}}
[2026-02-25T19:15:28.546751Z INFO  maelstrom::runtime] Received {"id":420,"src":"c12","dest":"n0","body":{"key":0,"type":"read","msg_id":67}}
Node  received READ for key 0
[2026-02-25T19:15:28.546993Z INFO  maelstrom::runtime] Sent {"src":"n0","dest":"c12","body":{"in_reply_to":67,"type":"read_ok","value":0}}
[2026-02-25T19:15:28.551623Z INFO  maelstrom::runtime] Received {"id":424,"src":"c8","dest":"n0","body":{"key":0,"value":1,"type":"write","msg_id":63}}
Node  received WRITE: 0=1
[2026-02-25T19:15:28.551774Z INFO  maelstrom::runtime] Sent {"src":"n0","dest":"c8","body":{"in_reply_to":63,"type":"write_ok"}}
[2026-02-25T19:15:28.580951Z INFO  maelstrom::runtime] Received {"id":430,"src":"c8","dest":"n0","body":{"key":0,"from":2,"to":4,"type":"cas","msg_id":64}}
Node  received CAS (not implemented)
[2026-02-25T19:15:28.581213Z INFO  maelstrom::runtime] Sent {"src":"n0","dest":"c8","body":{"in_reply_to":64,"type":"cas_ok"}}
[2026-02-25T19:15:28.597711Z INFO  maelstrom::runtime] Received {"id":432,"src":"c12","dest":"n0","body":{"key":0,"type":"read","msg_id":68}}
Node  received READ for key 0
[2026-02-25T19:15:28.597962Z INFO  maelstrom::runtime] Sent {"src":"n0","dest":"c12","body":{"in_reply_to":68,"type":"read_ok","value":0}}
[2026-02-25T19:15:28.629895Z INFO  maelstrom::runtime] Received {"id":436,"src":"c12","dest":"n0","body":{"key":0,"type":"read","msg_id":69}}
Node  received READ for key 0
[2026-02-25T19:15:28.630286Z INFO  maelstrom::runtime] Sent {"src":"n0","dest":"c12","body":{"in_reply_to":69,"type":"read_ok","value":0}}
[2026-02-25T19:15:28.642228Z INFO  maelstrom::runtime] Received {"id":438,"src":"c8","dest":"n0","body":{"key":0,"from":1,"to":1,"type":"cas","msg_id":65}}
Node  received CAS (not implemented)
[2026-02-25T19:15:28.642401Z INFO  maelstrom::runtime] Sent {"src":"n0","dest":"c8","body":{"in_reply_to":65,"type":"cas_ok"}}
[2026-02-25T19:15:28.647297Z INFO  maelstrom::runtime] Received {"id":440,"src":"c8","dest":"n0","body":{"key":0,"from":0,"to":2,"type":"cas","msg_id":66}}
Node  received CAS (not implemented)
[2026-02-25T19:15:28.647492Z INFO  maelstrom::runtime] Sent {"src":"n0","dest":"c8","body":{"in_reply_to":66,"type":"cas_ok"}}
[2026-02-25T19:15:28.659600Z INFO  maelstrom::runtime] Received {"id":444,"src":"c8","dest":"n0","body":{"key":0,"from":3,"to":1,"type":"cas","msg_id":67}}
Node  received CAS (not implemented)
[2026-02-25T19:15:28.659869Z INFO  maelstrom::runtime] Sent {"src":"n0","dest":"c8","body":{"in_reply_to":67,"type":"cas_ok"}}
[2026-02-25T19:15:28.670076Z INFO  maelstrom::runtime] Received {"id":446,"src":"c8","dest":"n0","body":{"key":0,"from":0,"to":0,"type":"cas","msg_id":68}}
Node  received CAS (not implemented)
[2026-02-25T19:15:28.670568Z INFO  maelstrom::runtime] Sent {"src":"n0","dest":"c8","body":{"in_reply_to":68,"type":"cas_ok"}}
[2026-02-25T19:15:28.689832Z INFO  maelstrom::runtime] Received {"id":448,"src":"c8","dest":"n0","body":{"key":0,"value":3,"type":"write","msg_id":69}}
Node  received WRITE: 0=3
[2026-02-25T19:15:28.690186Z INFO  maelstrom::runtime] Sent {"src":"n0","dest":"c8","body":{"in_reply_to":69,"type":"write_ok"}}
[2026-02-25T19:15:28.709186Z INFO  maelstrom::runtime] Received {"id":450,"src":"c12","dest":"n0","body":{"key":0,"type":"read","msg_id":70}}
Node  received READ for key 0
[2026-02-25T19:15:28.709510Z INFO  maelstrom::runtime] Sent {"src":"n0","dest":"c12","body":{"in_reply_to":70,"type":"read_ok","value":0}}
[2026-02-25T19:15:28.727945Z INFO  maelstrom::runtime] Received {"id":452,"src":"c12","dest":"n0","body":{"key":0,"type":"read","msg_id":71}}
Node  received READ for key 0
[2026-02-25T19:15:28.728186Z INFO  maelstrom::runtime] Sent {"src":"n0","dest":"c12","body":{"in_reply_to":71,"type":"read_ok","value":0}}
[2026-02-25T19:15:28.746835Z INFO  maelstrom::runtime] Received {"id":454,"src":"c12","dest":"n0","body":{"key":0,"type":"read","msg_id":72}}
Node  received READ for key 0
[2026-02-25T19:15:28.747403Z INFO  maelstrom::runtime] Sent {"src":"n0","dest":"c12","body":{"in_reply_to":72,"type":"read_ok","value":0}}
[2026-02-25T19:15:28.750203Z INFO  maelstrom::runtime] Received {"id":456,"src":"c8","dest":"n0","body":{"key":0,"from":4,"to":2,"type":"cas","msg_id":70}}
Node  received CAS (not implemented)
[2026-02-25T19:15:28.750495Z INFO  maelstrom::runtime] Sent {"src":"n0","dest":"c8","body":{"in_reply_to":70,"type":"cas_ok"}}
[2026-02-25T19:15:28.765630Z INFO  maelstrom::runtime] Received {"id":458,"src":"c12","dest":"n0","body":{"key":0,"type":"read","msg_id":73}}
Node  received READ for key 0
[2026-02-25T19:15:28.765966Z INFO  maelstrom::runtime] Sent {"src":"n0","dest":"c12","body":{"in_reply_to":73,"type":"read_ok","value":0}}
[2026-02-25T19:15:28.793638Z INFO  maelstrom::runtime] Received {"id":465,"src":"c12","dest":"n0","body":{"key":0,"type":"read","msg_id":74}}
Node  received READ for key 0
[2026-02-25T19:15:28.793905Z INFO  maelstrom::runtime] Sent {"src":"n0","dest":"c12","body":{"in_reply_to":74,"type":"read_ok","value":0}}
[2026-02-25T19:15:28.834876Z INFO  maelstrom::runtime] Received {"id":474,"src":"c12","dest":"n0","body":{"key":0,"type":"read","msg_id":75}}
Node  received READ for key 0
[2026-02-25T19:15:28.835245Z INFO  maelstrom::runtime] Sent {"src":"n0","dest":"c12","body":{"in_reply_to":75,"type":"read_ok","value":0}}
[2026-02-25T19:15:28.853929Z INFO  maelstrom::runtime] Received {"id":476,"src":"c8","dest":"n0","body":{"key":0,"value":2,"type":"write","msg_id":71}}
Node  received WRITE: 0=2
[2026-02-25T19:15:28.854821Z INFO  maelstrom::runtime] Sent {"src":"n0","dest":"c8","body":{"in_reply_to":71,"type":"write_ok"}}
[2026-02-25T19:15:28.873978Z INFO  maelstrom::runtime] Received {"id":481,"src":"c8","dest":"n0","body":{"key":0,"value":2,"type":"write","msg_id":72}}
Node  received WRITE: 0=2
[2026-02-25T19:15:28.874946Z INFO  maelstrom::runtime] Sent {"src":"n0","dest":"c8","body":{"in_reply_to":72,"type":"write_ok"}}
[2026-02-25T19:15:28.895475Z INFO  maelstrom::runtime] Received {"id":486,"src":"c12","dest":"n0","body":{"key":0,"type":"read","msg_id":76}}
Node  received READ for key 0
[2026-02-25T19:15:28.895915Z INFO  maelstrom::runtime] Sent {"src":"n0","dest":"c12","body":{"in_reply_to":76,"type":"read_ok","value":0}}
[2026-02-25T19:15:28.903005Z INFO  maelstrom::runtime] Received {"id":492,"src":"c8","dest":"n0","body":{"key":0,"value":4,"type":"write","msg_id":73}}
Node  received WRITE: 0=4
[2026-02-25T19:15:28.903255Z INFO  maelstrom::runtime] Sent {"src":"n0","dest":"c8","body":{"in_reply_to":73,"type":"write_ok"}}
[2026-02-25T19:15:28.919921Z INFO  maelstrom::runtime] Received {"id":494,"src":"c12","dest":"n0","body":{"key":0,"type":"read","msg_id":77}}
Node  received READ for key 0
[2026-02-25T19:15:28.920180Z INFO  maelstrom::runtime] Sent {"src":"n0","dest":"c12","body":{"in_reply_to":77,"type":"read_ok","value":0}}
[2026-02-25T19:15:28.931708Z INFO  maelstrom::runtime] Received {"id":496,"src":"c8","dest":"n0","body":{"key":0,"from":3,"to":3,"type":"cas","msg_id":74}}
Node  received CAS (not implemented)
[2026-02-25T19:15:28.932314Z INFO  maelstrom::runtime] Sent {"src":"n0","dest":"c8","body":{"in_reply_to":74,"type":"cas_ok"}}
[2026-02-25T19:15:28.951581Z INFO  maelstrom::runtime] Received {"id":500,"src":"c8","dest":"n0","body":{"key":0,"from":0,"to":4,"type":"cas","msg_id":75}}
Node  received CAS (not implemented)
[2026-02-25T19:15:28.951910Z INFO  maelstrom::runtime] Sent {"src":"n0","dest":"c8","body":{"in_reply_to":75,"type":"cas_ok"}}
[2026-02-25T19:15:28.970313Z INFO  maelstrom::runtime] Received {"id":502,"src":"c12","dest":"n0","body":{"key":0,"type":"read","msg_id":78}}
Node  received READ for key 0
[2026-02-25T19:15:28.970537Z INFO  maelstrom::runtime] Sent {"src":"n0","dest":"c12","body":{"in_reply_to":78,"type":"read_ok","value":0}}
[2026-02-25T19:15:29.002742Z INFO  maelstrom::runtime] Received {"id":508,"src":"c12","dest":"n0","body":{"key":0,"type":"read","msg_id":79}}
Node  received READ for key 0
[2026-02-25T19:15:29.003053Z INFO  maelstrom::runtime] Sent {"src":"n0","dest":"c12","body":{"in_reply_to":79,"type":"read_ok","value":0}}
[2026-02-25T19:15:29.012829Z INFO  maelstrom::runtime] Received {"id":512,"src":"c12","dest":"n0","body":{"key":0,"type":"read","msg_id":80}}
Node  received READ for key 0
[2026-02-25T19:15:29.013056Z INFO  maelstrom::runtime] Sent {"src":"n0","dest":"c12","body":{"in_reply_to":80,"type":"read_ok","value":0}}
[2026-02-25T19:15:29.022102Z INFO  maelstrom::runtime] Received {"id":514,"src":"c8","dest":"n0","body":{"key":0,"from":2,"to":4,"type":"cas","msg_id":76}}
Node  received CAS (not implemented)
[2026-02-25T19:15:29.022328Z INFO  maelstrom::runtime] Sent {"src":"n0","dest":"c8","body":{"in_reply_to":76,"type":"cas_ok"}}
[2026-02-25T19:15:29.052516Z INFO  maelstrom::runtime] Received {"id":520,"src":"c12","dest":"n0","body":{"key":0,"type":"read","msg_id":81}}
Node  received READ for key 0
[2026-02-25T19:15:29.052834Z INFO  maelstrom::runtime] Sent {"src":"n0","dest":"c12","body":{"in_reply_to":81,"type":"read_ok","value":0}}
[2026-02-25T19:15:29.057180Z INFO  maelstrom::runtime] Received {"id":524,"src":"c12","dest":"n0","body":{"key":0,"type":"read","msg_id":82}}
Node  received READ for key 0
[2026-02-25T19:15:29.057408Z INFO  maelstrom::runtime] Sent {"src":"n0","dest":"c12","body":{"in_reply_to":82,"type":"read_ok","value":0}}
[2026-02-25T19:15:29.062557Z INFO  maelstrom::runtime] Received {"id":528,"src":"c12","dest":"n0","body":{"key":0,"type":"read","msg_id":83}}
Node  received READ for key 0
[2026-02-25T19:15:29.062849Z INFO  maelstrom::runtime] Sent {"src":"n0","dest":"c12","body":{"in_reply_to":83,"type":"read_ok","value":0}}
[2026-02-25T19:15:29.074700Z INFO  maelstrom::runtime] Received {"id":530,"src":"c8","dest":"n0","body":{"key":0,"from":3,"to":1,"type":"cas","msg_id":77}}
Node  received CAS (not implemented)
[2026-02-25T19:15:29.075127Z INFO  maelstrom::runtime] Sent {"src":"n0","dest":"c8","body":{"in_reply_to":77,"type":"cas_ok"}}
[2026-02-25T19:15:29.091473Z INFO  maelstrom::runtime] Received {"id":532,"src":"c8","dest":"n0","body":{"key":0,"from":2,"to":1,"type":"cas","msg_id":78}}
Node  received CAS (not implemented)
[2026-02-25T19:15:29.091712Z INFO  maelstrom::runtime] Sent {"src":"n0","dest":"c8","body":{"in_reply_to":78,"type":"cas_ok"}}
[2026-02-25T19:15:29.100638Z INFO  maelstrom::runtime] Received {"id":534,"src":"c8","dest":"n0","body":{"key":0,"from":2,"to":4,"type":"cas","msg_id":79}}
Node  received CAS (not implemented)
[2026-02-25T19:15:29.100970Z INFO  maelstrom::runtime] Sent {"src":"n0","dest":"c8","body":{"in_reply_to":79,"type":"cas_ok"}}
[2026-02-25T19:15:29.120458Z INFO  maelstrom::runtime] Received {"id":536,"src":"c8","dest":"n0","body":{"key":0,"from":2,"to":0,"type":"cas","msg_id":80}}
Node  received CAS (not implemented)
[2026-02-25T19:15:29.120815Z INFO  maelstrom::runtime] Sent {"src":"n0","dest":"c8","body":{"in_reply_to":80,"type":"cas_ok"}}
[2026-02-25T19:15:29.137436Z INFO  maelstrom::runtime] Received {"id":538,"src":"c8","dest":"n0","body":{"key":0,"from":1,"to":4,"type":"cas","msg_id":81}}
Node  received CAS (not implemented)
[2026-02-25T19:15:29.137846Z INFO  maelstrom::runtime] Sent {"src":"n0","dest":"c8","body":{"in_reply_to":81,"type":"cas_ok"}}
[2026-02-25T19:15:29.189031Z INFO  maelstrom::runtime] Received {"id":546,"src":"c12","dest":"n0","body":{"key":0,"type":"read","msg_id":84}}
Node  received READ for key 0
[2026-02-25T19:15:29.189235Z INFO  maelstrom::runtime] Sent {"src":"n0","dest":"c12","body":{"in_reply_to":84,"type":"read_ok","value":0}}
[2026-02-25T19:15:29.206354Z INFO  maelstrom::runtime] Received {"id":548,"src":"c12","dest":"n0","body":{"key":0,"type":"read","msg_id":85}}
Node  received READ for key 0
[2026-02-25T19:15:29.206551Z INFO  maelstrom::runtime] Sent {"src":"n0","dest":"c12","body":{"in_reply_to":85,"type":"read_ok","value":0}}
[2026-02-25T19:15:29.219538Z INFO  maelstrom::runtime] Received {"id":550,"src":"c8","dest":"n0","body":{"key":0,"from":1,"to":1,"type":"cas","msg_id":82}}
Node  received CAS (not implemented)
[2026-02-25T19:15:29.219737Z INFO  maelstrom::runtime] Sent {"src":"n0","dest":"c8","body":{"in_reply_to":82,"type":"cas_ok"}}
[2026-02-25T19:15:29.229839Z INFO  maelstrom::runtime] Received {"id":552,"src":"c8","dest":"n0","body":{"key":0,"from":3,"to":0,"type":"cas","msg_id":83}}
Node  received CAS (not implemented)
[2026-02-25T19:15:29.230369Z INFO  maelstrom::runtime] Sent {"src":"n0","dest":"c8","body":{"in_reply_to":83,"type":"cas_ok"}}
[2026-02-25T19:15:29.242537Z INFO  maelstrom::runtime] Received {"id":556,"src":"c12","dest":"n0","body":{"key":0,"type":"read","msg_id":86}}
Node  received READ for key 0
[2026-02-25T19:15:29.242775Z INFO  maelstrom::runtime] Sent {"src":"n0","dest":"c12","body":{"in_reply_to":86,"type":"read_ok","value":0}}
[2026-02-25T19:15:29.261986Z INFO  maelstrom::runtime] Received {"id":558,"src":"c12","dest":"n0","body":{"key":0,"type":"read","msg_id":87}}
Node  received READ for key 0
[2026-02-25T19:15:29.262550Z INFO  maelstrom::runtime] Sent {"src":"n0","dest":"c12","body":{"in_reply_to":87,"type":"read_ok","value":0}}
[2026-02-25T19:15:29.269304Z INFO  maelstrom::runtime] Received {"id":560,"src":"c12","dest":"n0","body":{"key":0,"type":"read","msg_id":88}}
Node  received READ for key 0
[2026-02-25T19:15:29.269621Z INFO  maelstrom::runtime] Sent {"src":"n0","dest":"c12","body":{"in_reply_to":88,"type":"read_ok","value":0}}
[2026-02-25T19:15:29.287816Z INFO  maelstrom::runtime] Received {"id":564,"src":"c12","dest":"n0","body":{"key":0,"type":"read","msg_id":89}}
Node  received READ for key 0
[2026-02-25T19:15:29.288158Z INFO  maelstrom::runtime] Sent {"src":"n0","dest":"c12","body":{"in_reply_to":89,"type":"read_ok","value":0}}
[2026-02-25T19:15:29.292512Z INFO  maelstrom::runtime] Received {"id":566,"src":"c12","dest":"n0","body":{"key":0,"type":"read","msg_id":90}}
Node  received READ for key 0
[2026-02-25T19:15:29.292713Z INFO  maelstrom::runtime] Sent {"src":"n0","dest":"c12","body":{"in_reply_to":90,"type":"read_ok","value":0}}
[2026-02-25T19:15:29.344630Z INFO  maelstrom::runtime] Received {"id":574,"src":"c12","dest":"n0","body":{"key":0,"type":"read","msg_id":91}}
Node  received READ for key 0
[2026-02-25T19:15:29.344979Z INFO  maelstrom::runtime] Sent {"src":"n0","dest":"c12","body":{"in_reply_to":91,"type":"read_ok","value":0}}
[2026-02-25T19:15:29.389641Z INFO  maelstrom::runtime] Received {"id":580,"src":"c12","dest":"n0","body":{"key":0,"type":"read","msg_id":92}}
Node  received READ for key 0
[2026-02-25T19:15:29.390133Z INFO  maelstrom::runtime] Sent {"src":"n0","dest":"c12","body":{"in_reply_to":92,"type":"read_ok","value":0}}
[2026-02-25T19:15:29.395030Z INFO  maelstrom::runtime] Received {"id":582,"src":"c8","dest":"n0","body":{"key":0,"value":2,"type":"write","msg_id":84}}
Node  received WRITE: 0=2
[2026-02-25T19:15:29.395491Z INFO  maelstrom::runtime] Sent {"src":"n0","dest":"c8","body":{"in_reply_to":84,"type":"write_ok"}}
[2026-02-25T19:15:29.412306Z INFO  maelstrom::runtime] Received {"id":584,"src":"c8","dest":"n0","body":{"key":0,"from":0,"to":0,"type":"cas","msg_id":85}}
Node  received CAS (not implemented)
[2026-02-25T19:15:29.412600Z INFO  maelstrom::runtime] Sent {"src":"n0","dest":"c8","body":{"in_reply_to":85,"type":"cas_ok"}}
[2026-02-25T19:15:29.444337Z INFO  maelstrom::runtime] Received {"id":588,"src":"c8","dest":"n0","body":{"key":0,"from":1,"to":1,"type":"cas","msg_id":86}}
Node  received CAS (not implemented)
[2026-02-25T19:15:29.444962Z INFO  maelstrom::runtime] Sent {"src":"n0","dest":"c8","body":{"in_reply_to":86,"type":"cas_ok"}}
[2026-02-25T19:15:29.465585Z INFO  maelstrom::runtime] Received {"id":592,"src":"c12","dest":"n0","body":{"key":0,"type":"read","msg_id":93}}
Node  received READ for key 0
[2026-02-25T19:15:29.466037Z INFO  maelstrom::runtime] Sent {"src":"n0","dest":"c12","body":{"in_reply_to":93,"type":"read_ok","value":0}}
[2026-02-25T19:15:29.488471Z INFO  maelstrom::runtime] Received {"id":596,"src":"c12","dest":"n0","body":{"key":0,"type":"read","msg_id":94}}
Node  received READ for key 0
[2026-02-25T19:15:29.489048Z INFO  maelstrom::runtime] Sent {"src":"n0","dest":"c12","body":{"in_reply_to":94,"type":"read_ok","value":0}}
[2026-02-25T19:15:29.505827Z INFO  maelstrom::runtime] Received {"id":600,"src":"c8","dest":"n0","body":{"key":0,"value":3,"type":"write","msg_id":87}}
Node  received WRITE: 0=3
[2026-02-25T19:15:29.506243Z INFO  maelstrom::runtime] Sent {"src":"n0","dest":"c8","body":{"in_reply_to":87,"type":"write_ok"}}
[2026-02-25T19:15:29.550315Z INFO  maelstrom::runtime] Received {"id":610,"src":"c8","dest":"n0","body":{"key":0,"from":1,"to":3,"type":"cas","msg_id":88}}
Node  received CAS (not implemented)
[2026-02-25T19:15:29.550600Z INFO  maelstrom::runtime] Sent {"src":"n0","dest":"c8","body":{"in_reply_to":88,"type":"cas_ok"}}
[2026-02-25T19:15:29.554887Z INFO  maelstrom::runtime] Received {"id":612,"src":"c12","dest":"n0","body":{"key":0,"type":"read","msg_id":95}}
Node  received READ for key 0
[2026-02-25T19:15:29.555170Z INFO  maelstrom::runtime] Sent {"src":"n0","dest":"c12","body":{"in_reply_to":95,"type":"read_ok","value":0}}
[2026-02-25T19:15:29.562595Z INFO  maelstrom::runtime] Received {"id":614,"src":"c12","dest":"n0","body":{"key":0,"type":"read","msg_id":96}}
Node  received READ for key 0
[2026-02-25T19:15:29.563122Z INFO  maelstrom::runtime] Sent {"src":"n0","dest":"c12","body":{"in_reply_to":96,"type":"read_ok","value":0}}
[2026-02-25T19:15:29.570694Z INFO  maelstrom::runtime] Received {"id":616,"src":"c12","dest":"n0","body":{"key":0,"type":"read","msg_id":97}}
Node  received READ for key 0
[2026-02-25T19:15:29.571087Z INFO  maelstrom::runtime] Sent {"src":"n0","dest":"c12","body":{"in_reply_to":97,"type":"read_ok","value":0}}
[2026-02-25T19:15:29.581861Z INFO  maelstrom::runtime] Received {"id":618,"src":"c8","dest":"n0","body":{"key":0,"from":0,"to":0,"type":"cas","msg_id":89}}
Node  received CAS (not implemented)
[2026-02-25T19:15:29.582173Z INFO  maelstrom::runtime] Sent {"src":"n0","dest":"c8","body":{"in_reply_to":89,"type":"cas_ok"}}
[2026-02-25T19:15:29.595817Z INFO  maelstrom::runtime] Received {"id":620,"src":"c12","dest":"n0","body":{"key":0,"type":"read","msg_id":98}}
Node  received READ for key 0
[2026-02-25T19:15:29.596115Z INFO  maelstrom::runtime] Sent {"src":"n0","dest":"c12","body":{"in_reply_to":98,"type":"read_ok","value":0}}
[2026-02-25T19:15:29.610435Z INFO  maelstrom::runtime] Received {"id":622,"src":"c8","dest":"n0","body":{"key":0,"value":4,"type":"write","msg_id":90}}
Node  received WRITE: 0=4
[2026-02-25T19:15:29.610754Z INFO  maelstrom::runtime] Sent {"src":"n0","dest":"c8","body":{"in_reply_to":90,"type":"write_ok"}}
[2026-02-25T19:15:29.631656Z INFO  maelstrom::runtime] Received {"id":626,"src":"c8","dest":"n0","body":{"key":0,"from":1,"to":0,"type":"cas","msg_id":91}}
Node  received CAS (not implemented)
[2026-02-25T19:15:29.632035Z INFO  maelstrom::runtime] Sent {"src":"n0","dest":"c8","body":{"in_reply_to":91,"type":"cas_ok"}}
[2026-02-25T19:15:29.636372Z INFO  maelstrom::runtime] Received {"id":628,"src":"c12","dest":"n0","body":{"key":0,"type":"read","msg_id":99}}
Node  received READ for key 0
[2026-02-25T19:15:29.636587Z INFO  maelstrom::runtime] Sent {"src":"n0","dest":"c12","body":{"in_reply_to":99,"type":"read_ok","value":0}}
[2026-02-25T19:15:29.689648Z INFO  maelstrom::runtime] Received {"id":636,"src":"c12","dest":"n0","body":{"key":0,"type":"read","msg_id":100}}
Node  received READ for key 0
[2026-02-25T19:15:29.689997Z INFO  maelstrom::runtime] Sent {"src":"n0","dest":"c12","body":{"in_reply_to":100,"type":"read_ok","value":0}}
[2026-02-25T19:15:29.699308Z INFO  maelstrom::runtime] Received {"id":638,"src":"c12","dest":"n0","body":{"key":0,"type":"read","msg_id":101}}
Node  received READ for key 0
[2026-02-25T19:15:29.699674Z INFO  maelstrom::runtime] Sent {"src":"n0","dest":"c12","body":{"in_reply_to":101,"type":"read_ok","value":0}}
[2026-02-25T19:15:29.731936Z INFO  maelstrom::runtime] Received {"id":642,"src":"c8","dest":"n0","body":{"key":0,"value":4,"type":"write","msg_id":92}}
Node  received WRITE: 0=4
[2026-02-25T19:15:29.732227Z INFO  maelstrom::runtime] Sent {"src":"n0","dest":"c8","body":{"in_reply_to":92,"type":"write_ok"}}
[2026-02-25T19:15:29.742836Z INFO  maelstrom::runtime] Received {"id":644,"src":"c8","dest":"n0","body":{"key":0,"from":1,"to":3,"type":"cas","msg_id":93}}
Node  received CAS (not implemented)
[2026-02-25T19:15:29.743142Z INFO  maelstrom::runtime] Sent {"src":"n0","dest":"c8","body":{"in_reply_to":93,"type":"cas_ok"}}
[2026-02-25T19:15:29.755039Z INFO  maelstrom::runtime] Received {"id":646,"src":"c8","dest":"n0","body":{"key":0,"from":1,"to":1,"type":"cas","msg_id":94}}
Node  received CAS (not implemented)
[2026-02-25T19:15:29.755261Z INFO  maelstrom::runtime] Sent {"src":"n0","dest":"c8","body":{"in_reply_to":94,"type":"cas_ok"}}
[2026-02-25T19:15:29.771809Z INFO  maelstrom::runtime] Received {"id":648,"src":"c12","dest":"n0","body":{"key":0,"type":"read","msg_id":102}}
Node  received READ for key 0
[2026-02-25T19:15:29.772063Z INFO  maelstrom::runtime] Sent {"src":"n0","dest":"c12","body":{"in_reply_to":102,"type":"read_ok","value":0}}
[2026-02-25T19:15:29.818301Z INFO  maelstrom::runtime] Received {"id":654,"src":"c12","dest":"n0","body":{"key":0,"type":"read","msg_id":103}}
Node  received READ for key 0
[2026-02-25T19:15:29.818548Z INFO  maelstrom::runtime] Sent {"src":"n0","dest":"c12","body":{"in_reply_to":103,"type":"read_ok","value":0}}
[2026-02-25T19:15:29.836057Z INFO  maelstrom::runtime] Received {"id":658,"src":"c8","dest":"n0","body":{"key":0,"from":0,"to":3,"type":"cas","msg_id":95}}
Node  received CAS (not implemented)
[2026-02-25T19:15:29.836445Z INFO  maelstrom::runtime] Sent {"src":"n0","dest":"c8","body":{"in_reply_to":95,"type":"cas_ok"}}
[2026-02-25T19:15:29.844263Z INFO  maelstrom::runtime] Received {"id":660,"src":"c8","dest":"n0","body":{"key":0,"from":0,"to":4,"type":"cas","msg_id":96}}
Node  received CAS (not implemented)
[2026-02-25T19:15:29.844611Z INFO  maelstrom::runtime] Sent {"src":"n0","dest":"c8","body":{"in_reply_to":96,"type":"cas_ok"}}
[2026-02-25T19:15:29.881971Z INFO  maelstrom::runtime] Received {"id":664,"src":"c8","dest":"n0","body":{"key":0,"from":0,"to":4,"type":"cas","msg_id":97}}
Node  received CAS (not implemented)
[2026-02-25T19:15:29.882126Z INFO  maelstrom::runtime] Sent {"src":"n0","dest":"c8","body":{"in_reply_to":97,"type":"cas_ok"}}
[2026-02-25T19:15:29.912715Z INFO  maelstrom::runtime] Received {"id":668,"src":"c12","dest":"n0","body":{"key":0,"type":"read","msg_id":104}}
Node  received READ for key 0
[2026-02-25T19:15:29.912850Z INFO  maelstrom::runtime] Sent {"src":"n0","dest":"c12","body":{"in_reply_to":104,"type":"read_ok","value":0}}
[2026-02-25T19:15:29.932712Z INFO  maelstrom::runtime] Received {"id":672,"src":"c8","dest":"n0","body":{"key":0,"from":2,"to":2,"type":"cas","msg_id":98}}
Node  received CAS (not implemented)
[2026-02-25T19:15:29.932966Z INFO  maelstrom::runtime] Sent {"src":"n0","dest":"c8","body":{"in_reply_to":98,"type":"cas_ok"}}
[2026-02-25T19:15:29.943987Z INFO  maelstrom::runtime] Received {"id":674,"src":"c12","dest":"n0","body":{"key":0,"type":"read","msg_id":105}}
Node  received READ for key 0
[2026-02-25T19:15:29.944552Z INFO  maelstrom::runtime] Sent {"src":"n0","dest":"c12","body":{"in_reply_to":105,"type":"read_ok","value":0}}
[2026-02-25T19:15:29.973133Z INFO  maelstrom::runtime] Received {"id":682,"src":"c12","dest":"n0","body":{"key":0,"type":"read","msg_id":106}}
Node  received READ for key 0
[2026-02-25T19:15:29.973602Z INFO  maelstrom::runtime] Sent {"src":"n0","dest":"c12","body":{"in_reply_to":106,"type":"read_ok","value":0}}
[2026-02-25T19:15:29.985540Z INFO  maelstrom::runtime] Received {"id":684,"src":"c12","dest":"n0","body":{"key":0,"type":"read","msg_id":107}}
Node  received READ for key 0
[2026-02-25T19:15:29.985863Z INFO  maelstrom::runtime] Sent {"src":"n0","dest":"c12","body":{"in_reply_to":107,"type":"read_ok","value":0}}
[2026-02-25T19:15:29.992134Z INFO  maelstrom::runtime] Received {"id":686,"src":"c12","dest":"n0","body":{"key":0,"type":"read","msg_id":108}}
Node  received READ for key 0
[2026-02-25T19:15:29.992415Z INFO  maelstrom::runtime] Sent {"src":"n0","dest":"c12","body":{"in_reply_to":108,"type":"read_ok","value":0}}
[2026-02-25T19:15:30.016196Z INFO  maelstrom::runtime] Received {"id":690,"src":"c8","dest":"n0","body":{"key":0,"value":2,"type":"write","msg_id":99}}
Node  received WRITE: 0=2
[2026-02-25T19:15:30.016543Z INFO  maelstrom::runtime] Sent {"src":"n0","dest":"c8","body":{"in_reply_to":99,"type":"write_ok"}}
[2026-02-25T19:15:30.031575Z INFO  maelstrom::runtime] Received {"id":692,"src":"c12","dest":"n0","body":{"key":0,"type":"read","msg_id":109}}
Node  received READ for key 0
[2026-02-25T19:15:30.031973Z INFO  maelstrom::runtime] Sent {"src":"n0","dest":"c12","body":{"in_reply_to":109,"type":"read_ok","value":0}}
[2026-02-25T19:15:30.044802Z INFO  maelstrom::runtime] Received {"id":694,"src":"c8","dest":"n0","body":{"key":0,"value":2,"type":"write","msg_id":100}}
Node  received WRITE: 0=2
[2026-02-25T19:15:30.045212Z INFO  maelstrom::runtime] Sent {"src":"n0","dest":"c8","body":{"in_reply_to":100,"type":"write_ok"}}
[2026-02-25T19:15:30.072072Z INFO  maelstrom::runtime] Received {"id":700,"src":"c12","dest":"n0","body":{"key":0,"type":"read","msg_id":110}}
Node  received READ for key 0
[2026-02-25T19:15:30.072492Z INFO  maelstrom::runtime] Sent {"src":"n0","dest":"c12","body":{"in_reply_to":110,"type":"read_ok","value":0}}
[2026-02-25T19:15:30.083248Z INFO  maelstrom::runtime] Received {"id":702,"src":"c12","dest":"n0","body":{"key":0,"type":"read","msg_id":111}}
Node  received READ for key 0
[2026-02-25T19:15:30.083510Z INFO  maelstrom::runtime] Sent {"src":"n0","dest":"c12","body":{"in_reply_to":111,"type":"read_ok","value":0}}
[2026-02-25T19:15:30.098364Z INFO  maelstrom::runtime] Received {"id":704,"src":"c12","dest":"n0","body":{"key":0,"type":"read","msg_id":112}}
Node  received READ for key 0
[2026-02-25T19:15:30.098616Z INFO  maelstrom::runtime] Sent {"src":"n0","dest":"c12","body":{"in_reply_to":112,"type":"read_ok","value":0}}
[2026-02-25T19:15:30.102648Z INFO  maelstrom::runtime] Received {"id":706,"src":"c12","dest":"n0","body":{"key":0,"type":"read","msg_id":113}}
Node  received READ for key 0
[2026-02-25T19:15:30.103063Z INFO  maelstrom::runtime] Sent {"src":"n0","dest":"c12","body":{"in_reply_to":113,"type":"read_ok","value":0}}
[2026-02-25T19:15:30.111636Z INFO  maelstrom::runtime] Received {"id":708,"src":"c8","dest":"n0","body":{"key":0,"from":2,"to":3,"type":"cas","msg_id":101}}
Node  received CAS (not implemented)
[2026-02-25T19:15:30.111957Z INFO  maelstrom::runtime] Sent {"src":"n0","dest":"c8","body":{"in_reply_to":101,"type":"cas_ok"}}
[2026-02-25T19:15:30.122676Z INFO  maelstrom::runtime] Received {"id":710,"src":"c12","dest":"n0","body":{"key":0,"type":"read","msg_id":114}}
Node  received READ for key 0
[2026-02-25T19:15:30.123128Z INFO  maelstrom::runtime] Sent {"src":"n0","dest":"c12","body":{"in_reply_to":114,"type":"read_ok","value":0}}
[2026-02-25T19:15:30.141371Z INFO  maelstrom::runtime] Received {"id":714,"src":"c8","dest":"n0","body":{"key":0,"from":3,"to":1,"type":"cas","msg_id":102}}
Node  received CAS (not implemented)
[2026-02-25T19:15:30.141733Z INFO  maelstrom::runtime] Sent {"src":"n0","dest":"c8","body":{"in_reply_to":102,"type":"cas_ok"}}
[2026-02-25T19:15:30.161375Z INFO  maelstrom::runtime] Received {"id":718,"src":"c12","dest":"n0","body":{"key":0,"type":"read","msg_id":115}}
Node  received READ for key 0
[2026-02-25T19:15:30.161570Z INFO  maelstrom::runtime] Sent {"src":"n0","dest":"c12","body":{"in_reply_to":115,"type":"read_ok","value":0}}
[2026-02-25T19:15:30.178139Z INFO  maelstrom::runtime] Received {"id":720,"src":"c12","dest":"n0","body":{"key":0,"type":"read","msg_id":116}}
Node  received READ for key 0
[2026-02-25T19:15:30.178511Z INFO  maelstrom::runtime] Sent {"src":"n0","dest":"c12","body":{"in_reply_to":116,"type":"read_ok","value":0}}
[2026-02-25T19:15:30.190552Z INFO  maelstrom::runtime] Received {"id":722,"src":"c12","dest":"n0","body":{"key":0,"type":"read","msg_id":117}}
Node  received READ for key 0
[2026-02-25T19:15:30.190710Z INFO  maelstrom::runtime] Sent {"src":"n0","dest":"c12","body":{"in_reply_to":117,"type":"read_ok","value":0}}
[2026-02-25T19:15:30.207606Z INFO  maelstrom::runtime] Received {"id":726,"src":"c8","dest":"n0","body":{"key":0,"from":0,"to":0,"type":"cas","msg_id":103}}
Node  received CAS (not implemented)
[2026-02-25T19:15:30.207735Z INFO  maelstrom::runtime] Sent {"src":"n0","dest":"c8","body":{"in_reply_to":103,"type":"cas_ok"}}
[2026-02-25T19:15:30.220050Z INFO  maelstrom::runtime] Received {"id":728,"src":"c12","dest":"n0","body":{"key":0,"type":"read","msg_id":118}}
Node  received READ for key 0
[2026-02-25T19:15:30.220370Z INFO  maelstrom::runtime] Sent {"src":"n0","dest":"c12","body":{"in_reply_to":118,"type":"read_ok","value":0}}
[2026-02-25T19:15:30.229865Z INFO  maelstrom::runtime] Received {"id":731,"src":"c8","dest":"n0","body":{"key":0,"from":1,"to":4,"type":"cas","msg_id":104}}
Node  received CAS (not implemented)
[2026-02-25T19:15:30.230011Z INFO  maelstrom::runtime] Sent {"src":"n0","dest":"c8","body":{"in_reply_to":104,"type":"cas_ok"}}
[2026-02-25T19:15:30.249018Z INFO  maelstrom::runtime] Received {"id":736,"src":"c8","dest":"n0","body":{"key":0,"value":3,"type":"write","msg_id":105}}
Node  received WRITE: 0=3
[2026-02-25T19:15:30.249137Z INFO  maelstrom::runtime] Sent {"src":"n0","dest":"c8","body":{"in_reply_to":105,"type":"write_ok"}}
[2026-02-25T19:15:30.308478Z INFO  maelstrom::runtime] Received {"id":744,"src":"c8","dest":"n0","body":{"key":0,"value":3,"type":"write","msg_id":106}}
Node  received WRITE: 0=3
[2026-02-25T19:15:30.308729Z INFO  maelstrom::runtime] Sent {"src":"n0","dest":"c8","body":{"in_reply_to":106,"type":"write_ok"}}
[2026-02-25T19:15:30.314957Z INFO  maelstrom::runtime] Received {"id":746,"src":"c8","dest":"n0","body":{"key":0,"from":4,"to":2,"type":"cas","msg_id":107}}
Node  received CAS (not implemented)
[2026-02-25T19:15:30.315336Z INFO  maelstrom::runtime] Sent {"src":"n0","dest":"c8","body":{"in_reply_to":107,"type":"cas_ok"}}
[2026-02-25T19:15:30.330523Z INFO  maelstrom::runtime] Received {"id":748,"src":"c8","dest":"n0","body":{"key":0,"value":3,"type":"write","msg_id":108}}
Node  received WRITE: 0=3
[2026-02-25T19:15:30.330770Z INFO  maelstrom::runtime] Sent {"src":"n0","dest":"c8","body":{"in_reply_to":108,"type":"write_ok"}}
[2026-02-25T19:15:30.351134Z INFO  maelstrom::runtime] Received {"id":750,"src":"c8","dest":"n0","body":{"key":0,"from":2,"to":1,"type":"cas","msg_id":109}}
Node  received CAS (not implemented)
[2026-02-25T19:15:30.351682Z INFO  maelstrom::runtime] Sent {"src":"n0","dest":"c8","body":{"in_reply_to":109,"type":"cas_ok"}}
[2026-02-25T19:15:30.368789Z INFO  maelstrom::runtime] Received {"id":754,"src":"c8","dest":"n0","body":{"key":0,"value":3,"type":"write","msg_id":110}}
Node  received WRITE: 0=3
[2026-02-25T19:15:30.369028Z INFO  maelstrom::runtime] Sent {"src":"n0","dest":"c8","body":{"in_reply_to":110,"type":"write_ok"}}
[2026-02-25T19:15:30.372950Z INFO  maelstrom::runtime] Received {"id":756,"src":"c12","dest":"n0","body":{"key":0,"type":"read","msg_id":119}}
Node  received READ for key 0
[2026-02-25T19:15:30.373243Z INFO  maelstrom::runtime] Sent {"src":"n0","dest":"c12","body":{"in_reply_to":119,"type":"read_ok","value":0}}
[2026-02-25T19:15:30.388974Z INFO  maelstrom::runtime] Received {"id":761,"src":"c8","dest":"n0","body":{"key":0,"value":3,"type":"write","msg_id":111}}
Node  received WRITE: 0=3
[2026-02-25T19:15:30.389244Z INFO  maelstrom::runtime] Sent {"src":"n0","dest":"c8","body":{"in_reply_to":111,"type":"write_ok"}}
[2026-02-25T19:15:30.409190Z INFO  maelstrom::runtime] Received {"id":764,"src":"c12","dest":"n0","body":{"key":0,"type":"read","msg_id":120}}
Node  received READ for key 0
[2026-02-25T19:15:30.409800Z INFO  maelstrom::runtime] Sent {"src":"n0","dest":"c12","body":{"in_reply_to":120,"type":"read_ok","value":0}}
[2026-02-25T19:15:30.411238Z INFO  maelstrom::runtime] Received {"id":765,"src":"c8","dest":"n0","body":{"key":0,"from":0,"to":4,"type":"cas","msg_id":112}}
Node  received CAS (not implemented)
[2026-02-25T19:15:30.411650Z INFO  maelstrom::runtime] Sent {"src":"n0","dest":"c8","body":{"in_reply_to":112,"type":"cas_ok"}}
[2026-02-25T19:15:30.423254Z INFO  maelstrom::runtime] Received {"id":768,"src":"c8","dest":"n0","body":{"key":0,"from":4,"to":0,"type":"cas","msg_id":113}}
Node  received CAS (not implemented)
[2026-02-25T19:15:30.423641Z INFO  maelstrom::runtime] Sent {"src":"n0","dest":"c8","body":{"in_reply_to":113,"type":"cas_ok"}}
[2026-02-25T19:15:30.434660Z INFO  maelstrom::runtime] Received {"id":770,"src":"c8","dest":"n0","body":{"key":0,"from":1,"to":0,"type":"cas","msg_id":114}}
Node  received CAS (not implemented)
[2026-02-25T19:15:30.434918Z INFO  maelstrom::runtime] Sent {"src":"n0","dest":"c8","body":{"in_reply_to":114,"type":"cas_ok"}}
[2026-02-25T19:15:30.446796Z INFO  maelstrom::runtime] Received {"id":772,"src":"c12","dest":"n0","body":{"key":0,"type":"read","msg_id":121}}
Node  received READ for key 0
[2026-02-25T19:15:30.447123Z INFO  maelstrom::runtime] Sent {"src":"n0","dest":"c12","body":{"in_reply_to":121,"type":"read_ok","value":0}}
[2026-02-25T19:15:30.463755Z INFO  maelstrom::runtime] Received {"id":774,"src":"c12","dest":"n0","body":{"key":0,"type":"read","msg_id":122}}
Node  received READ for key 0
[2026-02-25T19:15:30.464186Z INFO  maelstrom::runtime] Sent {"src":"n0","dest":"c12","body":{"in_reply_to":122,"type":"read_ok","value":0}}
[2026-02-25T19:15:30.473379Z INFO  maelstrom::runtime] Received {"id":776,"src":"c12","dest":"n0","body":{"key":0,"type":"read","msg_id":123}}
Node  received READ for key 0
[2026-02-25T19:15:30.473659Z INFO  maelstrom::runtime] Sent {"src":"n0","dest":"c12","body":{"in_reply_to":123,"type":"read_ok","value":0}}
[2026-02-25T19:15:30.488160Z INFO  maelstrom::runtime] Received {"id":778,"src":"c12","dest":"n0","body":{"key":0,"type":"read","msg_id":124}}
Node  received READ for key 0
[2026-02-25T19:15:30.488635Z INFO  maelstrom::runtime] Sent {"src":"n0","dest":"c12","body":{"in_reply_to":124,"type":"read_ok","value":0}}
[2026-02-25T19:15:30.489707Z INFO  maelstrom::runtime] Received {"id":779,"src":"c8","dest":"n0","body":{"key":0,"from":3,"to":4,"type":"cas","msg_id":115}}
Node  received CAS (not implemented)
[2026-02-25T19:15:30.490083Z INFO  maelstrom::runtime] Sent {"src":"n0","dest":"c8","body":{"in_reply_to":115,"type":"cas_ok"}}
[2026-02-25T19:15:30.499210Z INFO  maelstrom::runtime] Received {"id":782,"src":"c12","dest":"n0","body":{"key":0,"type":"read","msg_id":125}}
Node  received READ for key 0
[2026-02-25T19:15:30.499506Z INFO  maelstrom::runtime] Sent {"src":"n0","dest":"c12","body":{"in_reply_to":125,"type":"read_ok","value":0}}
[2026-02-25T19:15:30.521941Z INFO  maelstrom::runtime] Received {"id":786,"src":"c8","dest":"n0","body":{"key":0,"from":2,"to":1,"type":"cas","msg_id":116}}
Node  received CAS (not implemented)
[2026-02-25T19:15:30.522238Z INFO  maelstrom::runtime] Sent {"src":"n0","dest":"c8","body":{"in_reply_to":116,"type":"cas_ok"}}
[2026-02-25T19:15:30.538554Z INFO  maelstrom::runtime] Received {"id":790,"src":"c8","dest":"n0","body":{"key":0,"value":2,"type":"write","msg_id":117}}
Node  received WRITE: 0=2
[2026-02-25T19:15:30.538875Z INFO  maelstrom::runtime] Sent {"src":"n0","dest":"c8","body":{"in_reply_to":117,"type":"write_ok"}}
[2026-02-25T19:15:30.554586Z INFO  maelstrom::runtime] Received {"id":792,"src":"c12","dest":"n0","body":{"key":0,"type":"read","msg_id":126}}
Node  received READ for key 0
[2026-02-25T19:15:30.554843Z INFO  maelstrom::runtime] Sent {"src":"n0","dest":"c12","body":{"in_reply_to":126,"type":"read_ok","value":0}}
[2026-02-25T19:15:30.600510Z INFO  maelstrom::runtime] Received {"id":798,"src":"c8","dest":"n0","body":{"key":0,"from":3,"to":1,"type":"cas","msg_id":118}}
Node  received CAS (not implemented)
[2026-02-25T19:15:30.600912Z INFO  maelstrom::runtime] Sent {"src":"n0","dest":"c8","body":{"in_reply_to":118,"type":"cas_ok"}}
[2026-02-25T19:15:30.614740Z INFO  maelstrom::runtime] Received {"id":800,"src":"c12","dest":"n0","body":{"key":0,"type":"read","msg_id":127}}
Node  received READ for key 0
[2026-02-25T19:15:30.615037Z INFO  maelstrom::runtime] Sent {"src":"n0","dest":"c12","body":{"in_reply_to":127,"type":"read_ok","value":0}}
[2026-02-25T19:15:30.661485Z INFO  maelstrom::runtime] Received {"id":808,"src":"c12","dest":"n0","body":{"key":0,"type":"read","msg_id":128}}
Node  received READ for key 0
[2026-02-25T19:15:30.661594Z INFO  maelstrom::runtime] Sent {"src":"n0","dest":"c12","body":{"in_reply_to":128,"type":"read_ok","value":0}}
[2026-02-25T19:15:30.705862Z INFO  maelstrom::runtime] Received {"id":816,"src":"c8","dest":"n0","body":{"key":0,"from":1,"to":3,"type":"cas","msg_id":119}}
Node  received CAS (not implemented)
[2026-02-25T19:15:30.706035Z INFO  maelstrom::runtime] Sent {"src":"n0","dest":"c8","body":{"in_reply_to":119,"type":"cas_ok"}}
[2026-02-25T19:15:30.720900Z INFO  maelstrom::runtime] Received {"id":818,"src":"c8","dest":"n0","body":{"key":0,"from":4,"to":0,"type":"cas","msg_id":120}}
Node  received CAS (not implemented)
[2026-02-25T19:15:30.721101Z INFO  maelstrom::runtime] Sent {"src":"n0","dest":"c8","body":{"in_reply_to":120,"type":"cas_ok"}}
[2026-02-25T19:15:30.730761Z INFO  maelstrom::runtime] Received {"id":820,"src":"c8","dest":"n0","body":{"key":0,"from":4,"to":1,"type":"cas","msg_id":121}}
Node  received CAS (not implemented)
[2026-02-25T19:15:30.730928Z INFO  maelstrom::runtime] Sent {"src":"n0","dest":"c8","body":{"in_reply_to":121,"type":"cas_ok"}}
[2026-02-25T19:15:30.762493Z INFO  maelstrom::runtime] Received {"id":826,"src":"c8","dest":"n0","body":{"key":0,"from":1,"to":2,"type":"cas","msg_id":122}}
Node  received CAS (not implemented)
[2026-02-25T19:15:30.762701Z INFO  maelstrom::runtime] Sent {"src":"n0","dest":"c8","body":{"in_reply_to":122,"type":"cas_ok"}}
[2026-02-25T19:15:30.774759Z INFO  maelstrom::runtime] Received {"id":828,"src":"c12","dest":"n0","body":{"key":0,"type":"read","msg_id":129}}
Node  received READ for key 0
[2026-02-25T19:15:30.774896Z INFO  maelstrom::runtime] Sent {"src":"n0","dest":"c12","body":{"in_reply_to":129,"type":"read_ok","value":0}}
[2026-02-25T19:15:30.782497Z INFO  maelstrom::runtime] Received {"id":831,"src":"c12","dest":"n0","body":{"key":0,"type":"read","msg_id":130}}
Node  received READ for key 0
[2026-02-25T19:15:30.782738Z INFO  maelstrom::runtime] Sent {"src":"n0","dest":"c12","body":{"in_reply_to":130,"type":"read_ok","value":0}}
[2026-02-25T19:15:30.784677Z INFO  maelstrom::runtime] Received {"id":834,"src":"c8","dest":"n0","body":{"key":0,"from":2,"to":1,"type":"cas","msg_id":123}}
Node  received CAS (not implemented)
[2026-02-25T19:15:30.784806Z INFO  maelstrom::runtime] Sent {"src":"n0","dest":"c8","body":{"in_reply_to":123,"type":"cas_ok"}}
[2026-02-25T19:15:30.799972Z INFO  maelstrom::runtime] Received {"id":836,"src":"c8","dest":"n0","body":{"key":0,"value":4,"type":"write","msg_id":124}}
Node  received WRITE: 0=4
[2026-02-25T19:15:30.800232Z INFO  maelstrom::runtime] Sent {"src":"n0","dest":"c8","body":{"in_reply_to":124,"type":"write_ok"}}
[2026-02-25T19:15:30.832466Z INFO  maelstrom::runtime] Received {"id":842,"src":"c8","dest":"n0","body":{"key":0,"from":4,"to":2,"type":"cas","msg_id":125}}
Node  received CAS (not implemented)
[2026-02-25T19:15:30.832746Z INFO  maelstrom::runtime] Sent {"src":"n0","dest":"c8","body":{"in_reply_to":125,"type":"cas_ok"}}
[2026-02-25T19:15:30.834860Z INFO  maelstrom::runtime] Received {"id":844,"src":"c8","dest":"n0","body":{"key":0,"from":2,"to":2,"type":"cas","msg_id":126}}
Node  received CAS (not implemented)
[2026-02-25T19:15:30.835001Z INFO  maelstrom::runtime] Received {"id":845,"src":"c12","dest":"n0","body":{"key":0,"type":"read","msg_id":131}}
[2026-02-25T19:15:30.835058Z INFO  maelstrom::runtime] Sent {"src":"n0","dest":"c8","body":{"in_reply_to":126,"type":"cas_ok"}}
Node  received READ for key 0
[2026-02-25T19:15:30.835168Z INFO  maelstrom::runtime] Sent {"src":"n0","dest":"c12","body":{"in_reply_to":131,"type":"read_ok","value":0}}
[2026-02-25T19:15:30.870892Z INFO  maelstrom::runtime] Received {"id":852,"src":"c8","dest":"n0","body":{"key":0,"value":3,"type":"write","msg_id":127}}
Node  received WRITE: 0=3
[2026-02-25T19:15:30.871311Z INFO  maelstrom::runtime] Sent {"src":"n0","dest":"c8","body":{"in_reply_to":127,"type":"write_ok"}}
[2026-02-25T19:15:30.881504Z INFO  maelstrom::runtime] Received {"id":854,"src":"c8","dest":"n0","body":{"key":0,"value":4,"type":"write","msg_id":128}}
Node  received WRITE: 0=4
[2026-02-25T19:15:30.881763Z INFO  maelstrom::runtime] Sent {"src":"n0","dest":"c8","body":{"in_reply_to":128,"type":"write_ok"}}
[2026-02-25T19:15:30.897013Z INFO  maelstrom::runtime] Received {"id":856,"src":"c8","dest":"n0","body":{"key":0,"value":4,"type":"write","msg_id":129}}
Node  received WRITE: 0=4
[2026-02-25T19:15:30.897241Z INFO  maelstrom::runtime] Sent {"src":"n0","dest":"c8","body":{"in_reply_to":129,"type":"write_ok"}}
[2026-02-25T19:15:30.944625Z INFO  maelstrom::runtime] Received {"id":862,"src":"c12","dest":"n0","body":{"key":0,"type":"read","msg_id":132}}
Node  received READ for key 0
[2026-02-25T19:15:30.944942Z INFO  maelstrom::runtime] Sent {"src":"n0","dest":"c12","body":{"in_reply_to":132,"type":"read_ok","value":0}}
[2026-02-25T19:15:30.995774Z INFO  maelstrom::runtime] Received {"id":870,"src":"c8","dest":"n0","body":{"key":0,"from":0,"to":3,"type":"cas","msg_id":130}}
Node  received CAS (not implemented)
[2026-02-25T19:15:30.996044Z INFO  maelstrom::runtime] Sent {"src":"n0","dest":"c8","body":{"in_reply_to":130,"type":"cas_ok"}}
[2026-02-25T19:15:31.011908Z INFO  maelstrom::runtime] Received {"id":872,"src":"c8","dest":"n0","body":{"key":0,"from":4,"to":4,"type":"cas","msg_id":131}}
Node  received CAS (not implemented)
[2026-02-25T19:15:31.012162Z INFO  maelstrom::runtime] Sent {"src":"n0","dest":"c8","body":{"in_reply_to":131,"type":"cas_ok"}}
[2026-02-25T19:15:31.022033Z INFO  maelstrom::runtime] Received {"id":874,"src":"c8","dest":"n0","body":{"key":0,"from":2,"to":3,"type":"cas","msg_id":132}}
Node  received CAS (not implemented)
[2026-02-25T19:15:31.022251Z INFO  maelstrom::runtime] Sent {"src":"n0","dest":"c8","body":{"in_reply_to":132,"type":"cas_ok"}}
[2026-02-25T19:15:31.036897Z INFO  maelstrom::runtime] Received {"id":880,"src":"c8","dest":"n0","body":{"key":0,"from":2,"to":3,"type":"cas","msg_id":133}}
Node  received CAS (not implemented)
[2026-02-25T19:15:31.037162Z INFO  maelstrom::runtime] Sent {"src":"n0","dest":"c8","body":{"in_reply_to":133,"type":"cas_ok"}}
[2026-02-25T19:15:31.083809Z INFO  maelstrom::runtime] Received {"id":888,"src":"c12","dest":"n0","body":{"key":0,"type":"read","msg_id":133}}
Node  received READ for key 0
[2026-02-25T19:15:31.084035Z INFO  maelstrom::runtime] Sent {"src":"n0","dest":"c12","body":{"in_reply_to":133,"type":"read_ok","value":0}}
[2026-02-25T19:15:31.099981Z INFO  maelstrom::runtime] Received {"id":890,"src":"c12","dest":"n0","body":{"key":0,"type":"read","msg_id":134}}
Node  received READ for key 0
[2026-02-25T19:15:31.100262Z INFO  maelstrom::runtime] Sent {"src":"n0","dest":"c12","body":{"in_reply_to":134,"type":"read_ok","value":0}}
[2026-02-25T19:15:31.124484Z INFO  maelstrom::runtime] Received {"id":894,"src":"c8","dest":"n0","body":{"key":0,"value":1,"type":"write","msg_id":134}}
Node  received WRITE: 0=1
[2026-02-25T19:15:31.124731Z INFO  maelstrom::runtime] Sent {"src":"n0","dest":"c8","body":{"in_reply_to":134,"type":"write_ok"}}
[2026-02-25T19:15:31.144652Z INFO  maelstrom::runtime] Received {"id":898,"src":"c8","dest":"n0","body":{"key":0,"from":2,"to":2,"type":"cas","msg_id":135}}
Node  received CAS (not implemented)
[2026-02-25T19:15:31.145036Z INFO  maelstrom::runtime] Sent {"src":"n0","dest":"c8","body":{"in_reply_to":135,"type":"cas_ok"}}
[2026-02-25T19:15:31.172061Z INFO  maelstrom::runtime] Received {"id":902,"src":"c12","dest":"n0","body":{"key":0,"type":"read","msg_id":135}}
Node  received READ for key 0
[2026-02-25T19:15:31.172314Z INFO  maelstrom::runtime] Sent {"src":"n0","dest":"c12","body":{"in_reply_to":135,"type":"read_ok","value":0}}
[2026-02-25T19:15:31.181153Z INFO  maelstrom::runtime] Received {"id":906,"src":"c8","dest":"n0","body":{"key":0,"from":3,"to":2,"type":"cas","msg_id":136}}
Node  received CAS (not implemented)
[2026-02-25T19:15:31.181565Z INFO  maelstrom::runtime] Sent {"src":"n0","dest":"c8","body":{"in_reply_to":136,"type":"cas_ok"}}
[2026-02-25T19:15:31.193690Z INFO  maelstrom::runtime] Received {"id":908,"src":"c12","dest":"n0","body":{"key":0,"type":"read","msg_id":136}}
Node  received READ for key 0
[2026-02-25T19:15:31.194212Z INFO  maelstrom::runtime] Sent {"src":"n0","dest":"c12","body":{"in_reply_to":136,"type":"read_ok","value":0}}
[2026-02-25T19:15:31.197014Z INFO  maelstrom::runtime] Received {"id":910,"src":"c8","dest":"n0","body":{"key":0,"value":3,"type":"write","msg_id":137}}
Node  received WRITE: 0=3
[2026-02-25T19:15:31.197217Z INFO  maelstrom::runtime] Sent {"src":"n0","dest":"c8","body":{"in_reply_to":137,"type":"write_ok"}}
[2026-02-25T19:15:31.217216Z INFO  maelstrom::runtime] Received {"id":912,"src":"c8","dest":"n0","body":{"key":0,"value":2,"type":"write","msg_id":138}}
Node  received WRITE: 0=2
[2026-02-25T19:15:31.217534Z INFO  maelstrom::runtime] Sent {"src":"n0","dest":"c8","body":{"in_reply_to":138,"type":"write_ok"}}
[2026-02-25T19:15:31.240226Z INFO  maelstrom::runtime] Received {"id":916,"src":"c12","dest":"n0","body":{"key":0,"type":"read","msg_id":137}}
Node  received READ for key 0
[2026-02-25T19:15:31.240568Z INFO  maelstrom::runtime] Sent {"src":"n0","dest":"c12","body":{"in_reply_to":137,"type":"read_ok","value":0}}
[2026-02-25T19:15:31.257974Z INFO  maelstrom::runtime] Received {"id":918,"src":"c12","dest":"n0","body":{"key":0,"type":"read","msg_id":138}}
Node  received READ for key 0
[2026-02-25T19:15:31.258243Z INFO  maelstrom::runtime] Sent {"src":"n0","dest":"c12","body":{"in_reply_to":138,"type":"read_ok","value":0}}
[2026-02-25T19:15:31.281940Z INFO  maelstrom::runtime] Received {"id":922,"src":"c12","dest":"n0","body":{"key":0,"type":"read","msg_id":139}}
Node  received READ for key 0
[2026-02-25T19:15:31.282208Z INFO  maelstrom::runtime] Sent {"src":"n0","dest":"c12","body":{"in_reply_to":139,"type":"read_ok","value":0}}
[2026-02-25T19:15:31.292549Z INFO  maelstrom::runtime] Received {"id":924,"src":"c12","dest":"n0","body":{"key":0,"type":"read","msg_id":140}}
Node  received READ for key 0
[2026-02-25T19:15:31.292892Z INFO  maelstrom::runtime] Sent {"src":"n0","dest":"c12","body":{"in_reply_to":140,"type":"read_ok","value":0}}
[2026-02-25T19:15:31.303196Z INFO  maelstrom::runtime] Received {"id":926,"src":"c12","dest":"n0","body":{"key":0,"type":"read","msg_id":141}}
Node  received READ for key 0
[2026-02-25T19:15:31.303561Z INFO  maelstrom::runtime] Sent {"src":"n0","dest":"c12","body":{"in_reply_to":141,"type":"read_ok","value":0}}
[2026-02-25T19:15:31.306883Z INFO  maelstrom::runtime] Received {"id":928,"src":"c8","dest":"n0","body":{"key":0,"value":4,"type":"write","msg_id":139}}
Node  received WRITE: 0=4
[2026-02-25T19:15:31.307117Z INFO  maelstrom::runtime] Sent {"src":"n0","dest":"c8","body":{"in_reply_to":139,"type":"write_ok"}}
[2026-02-25T19:15:31.311421Z INFO  maelstrom::runtime] Received {"id":930,"src":"c8","dest":"n0","body":{"key":0,"from":4,"to":3,"type":"cas","msg_id":140}}
Node  received CAS (not implemented)
[2026-02-25T19:15:31.311854Z INFO  maelstrom::runtime] Sent {"src":"n0","dest":"c8","body":{"in_reply_to":140,"type":"cas_ok"}}
[2026-02-25T19:15:31.331550Z INFO  maelstrom::runtime] Received {"id":934,"src":"c8","dest":"n0","body":{"key":0,"value":3,"type":"write","msg_id":141}}
Node  received WRITE: 0=3
[2026-02-25T19:15:31.331812Z INFO  maelstrom::runtime] Received {"id":935,"src":"c12","dest":"n0","body":{"key":0,"type":"read","msg_id":142}}
Node  received READ for key 0
[2026-02-25T19:15:31.331917Z INFO  maelstrom::runtime] Sent {"src":"n0","dest":"c8","body":{"in_reply_to":141,"type":"write_ok"}}
[2026-02-25T19:15:31.332057Z INFO  maelstrom::runtime] Sent {"src":"n0","dest":"c12","body":{"in_reply_to":142,"type":"read_ok","value":0}}
[2026-02-25T19:15:31.351852Z INFO  maelstrom::runtime] Received {"id":938,"src":"c12","dest":"n0","body":{"key":0,"type":"read","msg_id":143}}
Node  received READ for key 0
[2026-02-25T19:15:31.352186Z INFO  maelstrom::runtime] Sent {"src":"n0","dest":"c12","body":{"in_reply_to":143,"type":"read_ok","value":0}}
[2026-02-25T19:15:31.371057Z INFO  maelstrom::runtime] Received {"id":940,"src":"c12","dest":"n0","body":{"key":0,"type":"read","msg_id":144}}
Node  received READ for key 0
[2026-02-25T19:15:31.371356Z INFO  maelstrom::runtime] Sent {"src":"n0","dest":"c12","body":{"in_reply_to":144,"type":"read_ok","value":0}}
[2026-02-25T19:15:31.380583Z INFO  maelstrom::runtime] Received {"id":942,"src":"c12","dest":"n0","body":{"key":0,"type":"read","msg_id":145}}
Node  received READ for key 0
[2026-02-25T19:15:31.380939Z INFO  maelstrom::runtime] Sent {"src":"n0","dest":"c12","body":{"in_reply_to":145,"type":"read_ok","value":0}}
[2026-02-25T19:15:31.396414Z INFO  maelstrom::runtime] Received {"id":944,"src":"c12","dest":"n0","body":{"key":0,"type":"read","msg_id":146}}
Node  received READ for key 0
[2026-02-25T19:15:31.397027Z INFO  maelstrom::runtime] Sent {"src":"n0","dest":"c12","body":{"in_reply_to":146,"type":"read_ok","value":0}}
