[2026-02-25T19:15:26.370563Z INFO  maelstrom::runtime] Received {"id":0,"src":"c0","dest":"n2","body":{"type":"init","node_id":"n2","node_ids":["n0","n1","n2","n3"],"msg_id":1}}
[2026-02-25T19:15:26.370831Z INFO  maelstrom::runtime] Sent {"src":"n2","dest":"c0","body":{"in_reply_to":1,"type":"init_ok"}}
[2026-02-25T19:15:26.430570Z INFO  maelstrom::runtime] Received {"id":12,"src":"c10","dest":"n2","body":{"key":0,"type":"read","msg_id":1}}
Node  received READ for key 0
[2026-02-25T19:15:26.430657Z INFO  maelstrom::runtime] Sent {"src":"n2","dest":"c10","body":{"in_reply_to":1,"type":"read_ok","value":0}}
[2026-02-25T19:15:26.506171Z INFO  maelstrom::runtime] Received {"id":30,"src":"c10","dest":"n2","body":{"key":0,"type":"read","msg_id":2}}
Node  received READ for key 0
[2026-02-25T19:15:26.506339Z INFO  maelstrom::runtime] Sent {"src":"n2","dest":"c10","body":{"in_reply_to":2,"type":"read_ok","value":0}}
[2026-02-25T19:15:26.548456Z INFO  maelstrom::runtime] Received {"id":38,"src":"c13","dest":"n2","body":{"key":0,"from":2,"to":2,"type":"cas","msg_id":1}}
Node  received CAS (not implemented)
[2026-02-25T19:15:26.548598Z INFO  maelstrom::runtime] Sent {"src":"n2","dest":"c13","body":{"in_reply_to":1,"type":"cas_ok"}}
[2026-02-25T19:15:26.657837Z INFO  maelstrom::runtime] Received {"id":66,"src":"c10","dest":"n2","body":{"key":0,"type":"read","msg_id":3}}
Node  received READ for key 0
[2026-02-25T19:15:26.658001Z INFO  maelstrom::runtime] Sent {"src":"n2","dest":"c10","body":{"in_reply_to":3,"type":"read_ok","value":0}}
[2026-02-25T19:15:26.752991Z INFO  maelstrom::runtime] Received {"id":84,"src":"c10","dest":"n2","body":{"key":0,"type":"read","msg_id":4}}
Node  received READ for key 0
[2026-02-25T19:15:26.753210Z INFO  maelstrom::runtime] Sent {"src":"n2","dest":"c10","body":{"in_reply_to":4,"type":"read_ok","value":0}}
[2026-02-25T19:15:26.840087Z INFO  maelstrom::runtime] Received {"id":102,"src":"c10","dest":"n2","body":{"key":0,"type":"read","msg_id":5}}
Node  received READ for key 0
[2026-02-25T19:15:26.840379Z INFO  maelstrom::runtime] Sent {"src":"n2","dest":"c10","body":{"in_reply_to":5,"type":"read_ok","value":0}}
[2026-02-25T19:15:26.901749Z INFO  maelstrom::runtime] Received {"id":110,"src":"c13","dest":"n2","body":{"key":0,"value":1,"type":"write","msg_id":2}}
Node  received WRITE: 0=1
[2026-02-25T19:15:26.902056Z INFO  maelstrom::runtime] Sent {"src":"n2","dest":"c13","body":{"in_reply_to":2,"type":"write_ok"}}
[2026-02-25T19:15:27.007799Z INFO  maelstrom::runtime] Received {"id":128,"src":"c13","dest":"n2","body":{"key":0,"value":3,"type":"write","msg_id":3}}
Node  received WRITE: 0=3
[2026-02-25T19:15:27.008038Z INFO  maelstrom::runtime] Sent {"src":"n2","dest":"c13","body":{"in_reply_to":3,"type":"write_ok"}}
[2026-02-25T19:15:27.306551Z INFO  maelstrom::runtime] Received {"id":192,"src":"c10","dest":"n2","body":{"key":0,"type":"read","msg_id":6}}
Node  received READ for key 0
[2026-02-25T19:15:27.306960Z INFO  maelstrom::runtime] Sent {"src":"n2","dest":"c10","body":{"in_reply_to":6,"type":"read_ok","value":0}}
[2026-02-25T19:15:27.338664Z INFO  maelstrom::runtime] Received {"id":200,"src":"c13","dest":"n2","body":{"key":0,"from":1,"to":4,"type":"cas","msg_id":4}}
Node  received CAS (not implemented)
[2026-02-25T19:15:27.339015Z INFO  maelstrom::runtime] Sent {"src":"n2","dest":"c13","body":{"in_reply_to":4,"type":"cas_ok"}}
[2026-02-25T19:15:27.393994Z INFO  maelstrom::runtime] Received {"id":210,"src":"c10","dest":"n2","body":{"key":0,"type":"read","msg_id":7}}
Node  received READ for key 0
[2026-02-25T19:15:27.394333Z INFO  maelstrom::runtime] Sent {"src":"n2","dest":"c10","body":{"in_reply_to":7,"type":"read_ok","value":0}}
[2026-02-25T19:15:27.508940Z INFO  maelstrom::runtime] Received {"id":228,"src":"c10","dest":"n2","body":{"key":0,"type":"read","msg_id":8}}
Node  received READ for key 0
[2026-02-25T19:15:27.509061Z INFO  maelstrom::runtime] Sent {"src":"n2","dest":"c10","body":{"in_reply_to":8,"type":"read_ok","value":0}}
[2026-02-25T19:15:27.659970Z INFO  maelstrom::runtime] Received {"id":254,"src":"c13","dest":"n2","body":{"key":0,"value":3,"type":"write","msg_id":5}}
Node  received WRITE: 0=3
[2026-02-25T19:15:27.660309Z INFO  maelstrom::runtime] Sent {"src":"n2","dest":"c13","body":{"in_reply_to":5,"type":"write_ok"}}
[2026-02-25T19:15:27.730008Z INFO  maelstrom::runtime] Received {"id":264,"src":"c10","dest":"n2","body":{"key":0,"type":"read","msg_id":9}}
Node  received READ for key 0
[2026-02-25T19:15:27.730397Z INFO  maelstrom::runtime] Sent {"src":"n2","dest":"c10","body":{"in_reply_to":9,"type":"read_ok","value":0}}
[2026-02-25T19:15:27.758816Z INFO  maelstrom::runtime] Received {"id":272,"src":"c13","dest":"n2","body":{"key":0,"value":2,"type":"write","msg_id":6}}
Node  received WRITE: 0=2
[2026-02-25T19:15:27.759146Z INFO  maelstrom::runtime] Sent {"src":"n2","dest":"c13","body":{"in_reply_to":6,"type":"write_ok"}}
[2026-02-25T19:15:27.988860Z INFO  maelstrom::runtime] Received {"id":318,"src":"c10","dest":"n2","body":{"key":0,"type":"read","msg_id":10}}
Node  received READ for key 0
[2026-02-25T19:15:27.989079Z INFO  maelstrom::runtime] Sent {"src":"n2","dest":"c10","body":{"in_reply_to":10,"type":"read_ok","value":0}}
[2026-02-25T19:15:28.050321Z INFO  maelstrom::runtime] Received {"id":326,"src":"c13","dest":"n2","body":{"key":0,"value":3,"type":"write","msg_id":7}}
Node  received WRITE: 0=3
[2026-02-25T19:15:28.050677Z INFO  maelstrom::runtime] Sent {"src":"n2","dest":"c13","body":{"in_reply_to":7,"type":"write_ok"}}
[2026-02-25T19:15:28.092044Z INFO  maelstrom::runtime] Received {"id":336,"src":"c10","dest":"n2","body":{"key":0,"type":"read","msg_id":11}}
Node  received READ for key 0
[2026-02-25T19:15:28.092304Z INFO  maelstrom::runtime] Sent {"src":"n2","dest":"c10","body":{"in_reply_to":11,"type":"read_ok","value":0}}
[2026-02-25T19:15:28.325629Z INFO  maelstrom::runtime] Received {"id":372,"src":"c10","dest":"n2","body":{"key":0,"type":"read","msg_id":12}}
Node  received READ for key 0
[2026-02-25T19:15:28.325985Z INFO  maelstrom::runtime] Sent {"src":"n2","dest":"c10","body":{"in_reply_to":12,"type":"read_ok","value":0}}
[2026-02-25T19:15:28.348908Z INFO  maelstrom::runtime] Received {"id":380,"src":"c13","dest":"n2","body":{"key":0,"from":2,"to":1,"type":"cas","msg_id":8}}
Node  received CAS (not implemented)
[2026-02-25T19:15:28.349406Z INFO  maelstrom::runtime] Sent {"src":"n2","dest":"c13","body":{"in_reply_to":8,"type":"cas_ok"}}
[2026-02-25T19:15:28.564002Z INFO  maelstrom::runtime] Received {"id":426,"src":"c10","dest":"n2","body":{"key":0,"type":"read","msg_id":13}}
Node  received READ for key 0
[2026-02-25T19:15:28.564305Z INFO  maelstrom::runtime] Sent {"src":"n2","dest":"c10","body":{"in_reply_to":13,"type":"read_ok","value":0}}
[2026-02-25T19:15:28.613654Z INFO  maelstrom::runtime] Received {"id":434,"src":"c13","dest":"n2","body":{"key":0,"from":1,"to":1,"type":"cas","msg_id":9}}
Node  received CAS (not implemented)
[2026-02-25T19:15:28.613995Z INFO  maelstrom::runtime] Sent {"src":"n2","dest":"c13","body":{"in_reply_to":9,"type":"cas_ok"}}
[2026-02-25T19:15:28.783603Z INFO  maelstrom::runtime] Received {"id":462,"src":"c10","dest":"n2","body":{"key":0,"type":"read","msg_id":14}}
Node  received READ for key 0
[2026-02-25T19:15:28.783838Z INFO  maelstrom::runtime] Sent {"src":"n2","dest":"c10","body":{"in_reply_to":14,"type":"read_ok","value":0}}
[2026-02-25T19:15:28.817192Z INFO  maelstrom::runtime] Received {"id":470,"src":"c13","dest":"n2","body":{"key":0,"from":2,"to":0,"type":"cas","msg_id":10}}
Node  received CAS (not implemented)
[2026-02-25T19:15:28.817578Z INFO  maelstrom::runtime] Sent {"src":"n2","dest":"c13","body":{"in_reply_to":10,"type":"cas_ok"}}
[2026-02-25T19:15:28.872814Z INFO  maelstrom::runtime] Received {"id":480,"src":"c10","dest":"n2","body":{"key":0,"type":"read","msg_id":15}}
Node  received READ for key 0
[2026-02-25T19:15:28.873096Z INFO  maelstrom::runtime] Sent {"src":"n2","dest":"c10","body":{"in_reply_to":15,"type":"read_ok","value":0}}
[2026-02-25T19:15:28.896466Z INFO  maelstrom::runtime] Received {"id":488,"src":"c10","dest":"n2","body":{"key":0,"type":"read","msg_id":16}}
Node  received READ for key 0
[2026-02-25T19:15:28.896729Z INFO  maelstrom::runtime] Sent {"src":"n2","dest":"c10","body":{"in_reply_to":16,"type":"read_ok","value":0}}
[2026-02-25T19:15:28.934912Z INFO  maelstrom::runtime] Received {"id":498,"src":"c10","dest":"n2","body":{"key":0,"type":"read","msg_id":17}}
Node  received READ for key 0
[2026-02-25T19:15:28.935138Z INFO  maelstrom::runtime] Sent {"src":"n2","dest":"c10","body":{"in_reply_to":17,"type":"read_ok","value":0}}
[2026-02-25T19:15:28.985235Z INFO  maelstrom::runtime] Received {"id":506,"src":"c13","dest":"n2","body":{"key":0,"from":2,"to":0,"type":"cas","msg_id":11}}
Node  received CAS (not implemented)
[2026-02-25T19:15:28.985677Z INFO  maelstrom::runtime] Sent {"src":"n2","dest":"c13","body":{"in_reply_to":11,"type":"cas_ok"}}
[2026-02-25T19:15:29.030483Z INFO  maelstrom::runtime] Received {"id":516,"src":"c10","dest":"n2","body":{"key":0,"type":"read","msg_id":18}}
Node  received READ for key 0
[2026-02-25T19:15:29.030718Z INFO  maelstrom::runtime] Sent {"src":"n2","dest":"c10","body":{"in_reply_to":18,"type":"read_ok","value":0}}
[2026-02-25T19:15:29.057782Z INFO  maelstrom::runtime] Received {"id":525,"src":"c10","dest":"n2","body":{"key":0,"type":"read","msg_id":19}}
Node  received READ for key 0
[2026-02-25T19:15:29.058005Z INFO  maelstrom::runtime] Sent {"src":"n2","dest":"c10","body":{"in_reply_to":19,"type":"read_ok","value":0}}
[2026-02-25T19:15:29.155732Z INFO  maelstrom::runtime] Received {"id":542,"src":"c13","dest":"n2","body":{"key":0,"value":0,"type":"write","msg_id":12}}
Node  received WRITE: 0=0
[2026-02-25T19:15:29.156008Z INFO  maelstrom::runtime] Sent {"src":"n2","dest":"c13","body":{"in_reply_to":12,"type":"write_ok"}}
[2026-02-25T19:15:29.310987Z INFO  maelstrom::runtime] Received {"id":570,"src":"c10","dest":"n2","body":{"key":0,"type":"read","msg_id":20}}
Node  received READ for key 0
[2026-02-25T19:15:29.311170Z INFO  maelstrom::runtime] Sent {"src":"n2","dest":"c10","body":{"in_reply_to":20,"type":"read_ok","value":0}}
[2026-02-25T19:15:29.376221Z INFO  maelstrom::runtime] Received {"id":578,"src":"c13","dest":"n2","body":{"key":0,"value":1,"type":"write","msg_id":13}}
Node  received WRITE: 0=1
[2026-02-25T19:15:29.376693Z INFO  maelstrom::runtime] Sent {"src":"n2","dest":"c13","body":{"in_reply_to":13,"type":"write_ok"}}
[2026-02-25T19:15:29.540361Z INFO  maelstrom::runtime] Received {"id":606,"src":"c10","dest":"n2","body":{"key":0,"type":"read","msg_id":21}}
Node  received READ for key 0
[2026-02-25T19:15:29.540794Z INFO  maelstrom::runtime] Sent {"src":"n2","dest":"c10","body":{"in_reply_to":21,"type":"read_ok","value":0}}
[2026-02-25T19:15:29.625966Z INFO  maelstrom::runtime] Received {"id":624,"src":"c10","dest":"n2","body":{"key":0,"type":"read","msg_id":22}}
Node  received READ for key 0
[2026-02-25T19:15:29.626267Z INFO  maelstrom::runtime] Sent {"src":"n2","dest":"c10","body":{"in_reply_to":22,"type":"read_ok","value":0}}
[2026-02-25T19:15:29.661369Z INFO  maelstrom::runtime] Received {"id":632,"src":"c13","dest":"n2","body":{"key":0,"from":1,"to":0,"type":"cas","msg_id":14}}
Node  received CAS (not implemented)
[2026-02-25T19:15:29.661735Z INFO  maelstrom::runtime] Sent {"src":"n2","dest":"c13","body":{"in_reply_to":14,"type":"cas_ok"}}
[2026-02-25T19:15:29.790781Z INFO  maelstrom::runtime] Received {"id":650,"src":"c13","dest":"n2","body":{"key":0,"value":3,"type":"write","msg_id":15}}
Node  received WRITE: 0=3
[2026-02-25T19:15:29.791109Z INFO  maelstrom::runtime] Sent {"src":"n2","dest":"c13","body":{"in_reply_to":15,"type":"write_ok"}}
[2026-02-25T19:15:29.952518Z INFO  maelstrom::runtime] Received {"id":678,"src":"c10","dest":"n2","body":{"key":0,"type":"read","msg_id":23}}
Node  received READ for key 0
[2026-02-25T19:15:29.952886Z INFO  maelstrom::runtime] Sent {"src":"n2","dest":"c10","body":{"in_reply_to":23,"type":"read_ok","value":0}}
[2026-02-25T19:15:30.050346Z INFO  maelstrom::runtime] Received {"id":696,"src":"c10","dest":"n2","body":{"key":0,"type":"read","msg_id":24}}
Node  received READ for key 0
[2026-02-25T19:15:30.050623Z INFO  maelstrom::runtime] Sent {"src":"n2","dest":"c10","body":{"in_reply_to":24,"type":"read_ok","value":0}}
[2026-02-25T19:15:30.284640Z INFO  maelstrom::runtime] Received {"id":740,"src":"c13","dest":"n2","body":{"key":0,"value":3,"type":"write","msg_id":16}}
Node  received WRITE: 0=3
[2026-02-25T19:15:30.284819Z INFO  maelstrom::runtime] Sent {"src":"n2","dest":"c13","body":{"in_reply_to":16,"type":"write_ok"}}
[2026-02-25T19:15:30.572180Z INFO  maelstrom::runtime] Received {"id":794,"src":"c13","dest":"n2","body":{"key":0,"value":4,"type":"write","msg_id":17}}
Node  received WRITE: 0=4
[2026-02-25T19:15:30.572518Z INFO  maelstrom::runtime] Sent {"src":"n2","dest":"c13","body":{"in_reply_to":17,"type":"write_ok"}}
[2026-02-25T19:15:30.641121Z INFO  maelstrom::runtime] Received {"id":804,"src":"c10","dest":"n2","body":{"key":0,"type":"read","msg_id":25}}
Node  received READ for key 0
[2026-02-25T19:15:30.641230Z INFO  maelstrom::runtime] Sent {"src":"n2","dest":"c10","body":{"in_reply_to":25,"type":"read_ok","value":0}}
[2026-02-25T19:15:30.692153Z INFO  maelstrom::runtime] Received {"id":812,"src":"c13","dest":"n2","body":{"key":0,"from":1,"to":4,"type":"cas","msg_id":18}}
Node  received CAS (not implemented)
[2026-02-25T19:15:30.692481Z INFO  maelstrom::runtime] Sent {"src":"n2","dest":"c13","body":{"in_reply_to":18,"type":"cas_ok"}}
[2026-02-25T19:15:30.740795Z INFO  maelstrom::runtime] Received {"id":822,"src":"c10","dest":"n2","body":{"key":0,"type":"read","msg_id":26}}
Node  received READ for key 0
[2026-02-25T19:15:30.741011Z INFO  maelstrom::runtime] Sent {"src":"n2","dest":"c10","body":{"in_reply_to":26,"type":"read_ok","value":0}}
[2026-02-25T19:15:30.816698Z INFO  maelstrom::runtime] Received {"id":839,"src":"c10","dest":"n2","body":{"key":0,"type":"read","msg_id":27}}
Node  received READ for key 0
[2026-02-25T19:15:30.816990Z INFO  maelstrom::runtime] Sent {"src":"n2","dest":"c10","body":{"in_reply_to":27,"type":"read_ok","value":0}}
[2026-02-25T19:15:30.837669Z INFO  maelstrom::runtime] Received {"id":848,"src":"c13","dest":"n2","body":{"key":0,"from":0,"to":4,"type":"cas","msg_id":19}}
Node  received CAS (not implemented)
[2026-02-25T19:15:30.838042Z INFO  maelstrom::runtime] Sent {"src":"n2","dest":"c13","body":{"in_reply_to":19,"type":"cas_ok"}}
[2026-02-25T19:15:30.905931Z INFO  maelstrom::runtime] Received {"id":858,"src":"c10","dest":"n2","body":{"key":0,"type":"read","msg_id":28}}
Node  received READ for key 0
[2026-02-25T19:15:30.906244Z INFO  maelstrom::runtime] Sent {"src":"n2","dest":"c10","body":{"in_reply_to":28,"type":"read_ok","value":0}}
[2026-02-25T19:15:30.965384Z INFO  maelstrom::runtime] Received {"id":865,"src":"c13","dest":"n2","body":{"key":0,"from":2,"to":2,"type":"cas","msg_id":20}}
Node  received CAS (not implemented)
[2026-02-25T19:15:30.965648Z INFO  maelstrom::runtime] Sent {"src":"n2","dest":"c13","body":{"in_reply_to":20,"type":"cas_ok"}}
[2026-02-25T19:15:31.027398Z INFO  maelstrom::runtime] Received {"id":876,"src":"c10","dest":"n2","body":{"key":0,"type":"read","msg_id":29}}
Node  received READ for key 0
[2026-02-25T19:15:31.027683Z INFO  maelstrom::runtime] Sent {"src":"n2","dest":"c10","body":{"in_reply_to":29,"type":"read_ok","value":0}}
[2026-02-25T19:15:31.051037Z INFO  maelstrom::runtime] Received {"id":884,"src":"c13","dest":"n2","body":{"key":0,"from":4,"to":0,"type":"cas","msg_id":21}}
Node  received CAS (not implemented)
[2026-02-25T19:15:31.051289Z INFO  maelstrom::runtime] Sent {"src":"n2","dest":"c13","body":{"in_reply_to":21,"type":"cas_ok"}}
[2026-02-25T19:15:31.272441Z INFO  maelstrom::runtime] Received {"id":920,"src":"c13","dest":"n2","body":{"key":0,"from":0,"to":4,"type":"cas","msg_id":22}}
Node  received CAS (not implemented)
[2026-02-25T19:15:31.272705Z INFO  maelstrom::runtime] Sent {"src":"n2","dest":"c13","body":{"in_reply_to":22,"type":"cas_ok"}}
