Node  initializing. Total nodes in cluster: 0. All nodes: []
[2026-02-26T13:19:07.977285Z INFO  maelstrom::runtime] Received {"id":4,"src":"c4","dest":"n0","body":{"type":"init","node_id":"n0","node_ids":["n0","n1","n2","n3","n4"],"msg_id":1}}
[2026-02-26T13:19:07.978504Z INFO  maelstrom::runtime] Sent {"src":"n0","dest":"c4","body":{"in_reply_to":1,"type":"init_ok"}}
[2026-02-26T13:19:08.015046Z INFO  maelstrom::runtime] Received {"id":10,"src":"c10","dest":"n0","body":{"key":0,"type":"read","msg_id":1}}
Node  received READ for key 0
[2026-02-26T13:19:08.015226Z INFO  maelstrom::runtime] Sent {"src":"n0","dest":"c10","body":{"in_reply_to":1,"type":"read_ok","value":0}}
[2026-02-26T13:19:08.025068Z INFO  maelstrom::runtime] Received {"id":12,"src":"c11","dest":"n0","body":{"key":0,"value":2,"type":"write","msg_id":1}}
Node  received WRITE: 0=2
[2026-02-26T13:19:08.025214Z INFO  maelstrom::runtime] Sent {"src":"n0","dest":"c11","body":{"in_reply_to":1,"type":"write_ok"}}
[2026-02-26T13:19:08.049343Z INFO  maelstrom::runtime] Received {"id":18,"src":"c11","dest":"n0","body":{"key":0,"from":3,"to":0,"type":"cas","msg_id":2}}
Node  received CAS (not implemented)
[2026-02-26T13:19:08.049436Z INFO  maelstrom::runtime] Sent {"src":"n0","dest":"c11","body":{"in_reply_to":2,"type":"cas_ok"}}
[2026-02-26T13:19:08.052038Z INFO  maelstrom::runtime] Received {"id":20,"src":"c11","dest":"n0","body":{"key":0,"from":2,"to":4,"type":"cas","msg_id":3}}
Node  received CAS (not implemented)
[2026-02-26T13:19:08.052110Z INFO  maelstrom::runtime] Sent {"src":"n0","dest":"c11","body":{"in_reply_to":3,"type":"cas_ok"}}
[2026-02-26T13:19:08.080729Z INFO  maelstrom::runtime] Received {"id":24,"src":"c10","dest":"n0","body":{"key":0,"type":"read","msg_id":2}}
Node  received READ for key 0
[2026-02-26T13:19:08.080786Z INFO  maelstrom::runtime] Sent {"src":"n0","dest":"c10","body":{"in_reply_to":2,"type":"read_ok","value":0}}
[2026-02-26T13:19:08.125725Z INFO  maelstrom::runtime] Received {"id":30,"src":"c11","dest":"n0","body":{"key":0,"from":0,"to":3,"type":"cas","msg_id":4}}
Node  received CAS (not implemented)
[2026-02-26T13:19:08.125869Z INFO  maelstrom::runtime] Sent {"src":"n0","dest":"c11","body":{"in_reply_to":4,"type":"cas_ok"}}
[2026-02-26T13:19:08.137256Z INFO  maelstrom::runtime] Received {"id":32,"src":"c11","dest":"n0","body":{"key":0,"from":2,"to":1,"type":"cas","msg_id":5}}
Node  received CAS (not implemented)
[2026-02-26T13:19:08.137350Z INFO  maelstrom::runtime] Sent {"src":"n0","dest":"c11","body":{"in_reply_to":5,"type":"cas_ok"}}
[2026-02-26T13:19:08.152801Z INFO  maelstrom::runtime] Received {"id":34,"src":"c11","dest":"n0","body":{"key":0,"from":2,"to":3,"type":"cas","msg_id":6}}
Node  received CAS (not implemented)
[2026-02-26T13:19:08.152974Z INFO  maelstrom::runtime] Sent {"src":"n0","dest":"c11","body":{"in_reply_to":6,"type":"cas_ok"}}
[2026-02-26T13:19:08.208174Z INFO  maelstrom::runtime] Received {"id":42,"src":"c11","dest":"n0","body":{"key":0,"from":1,"to":3,"type":"cas","msg_id":7}}
Node  received CAS (not implemented)
[2026-02-26T13:19:08.208434Z INFO  maelstrom::runtime] Sent {"src":"n0","dest":"c11","body":{"in_reply_to":7,"type":"cas_ok"}}
[2026-02-26T13:19:08.230189Z INFO  maelstrom::runtime] Received {"id":46,"src":"c10","dest":"n0","body":{"key":0,"type":"read","msg_id":3}}
Node  received READ for key 0
[2026-02-26T13:19:08.230394Z INFO  maelstrom::runtime] Sent {"src":"n0","dest":"c10","body":{"in_reply_to":3,"type":"read_ok","value":0}}
[2026-02-26T13:19:08.240748Z INFO  maelstrom::runtime] Received {"id":48,"src":"c10","dest":"n0","body":{"key":0,"type":"read","msg_id":4}}
Node  received READ for key 0
[2026-02-26T13:19:08.240909Z INFO  maelstrom::runtime] Sent {"src":"n0","dest":"c10","body":{"in_reply_to":4,"type":"read_ok","value":0}}
[2026-02-26T13:19:08.259579Z INFO  maelstrom::runtime] Received {"id":52,"src":"c10","dest":"n0","body":{"key":0,"type":"read","msg_id":5}}
Node  received READ for key 0
[2026-02-26T13:19:08.259799Z INFO  maelstrom::runtime] Sent {"src":"n0","dest":"c10","body":{"in_reply_to":5,"type":"read_ok","value":0}}
[2026-02-26T13:19:08.270462Z INFO  maelstrom::runtime] Received {"id":54,"src":"c11","dest":"n0","body":{"key":0,"from":1,"to":4,"type":"cas","msg_id":8}}
Node  received CAS (not implemented)
[2026-02-26T13:19:08.270764Z INFO  maelstrom::runtime] Sent {"src":"n0","dest":"c11","body":{"in_reply_to":8,"type":"cas_ok"}}
[2026-02-26T13:19:08.286718Z INFO  maelstrom::runtime] Received {"id":56,"src":"c11","dest":"n0","body":{"key":0,"value":2,"type":"write","msg_id":9}}
Node  received WRITE: 0=2
[2026-02-26T13:19:08.287017Z INFO  maelstrom::runtime] Sent {"src":"n0","dest":"c11","body":{"in_reply_to":9,"type":"write_ok"}}
[2026-02-26T13:19:08.312417Z INFO  maelstrom::runtime] Received {"id":60,"src":"c11","dest":"n0","body":{"key":0,"value":3,"type":"write","msg_id":10}}
Node  received WRITE: 0=3
[2026-02-26T13:19:08.312687Z INFO  maelstrom::runtime] Sent {"src":"n0","dest":"c11","body":{"in_reply_to":10,"type":"write_ok"}}
[2026-02-26T13:19:08.335050Z INFO  maelstrom::runtime] Received {"id":64,"src":"c10","dest":"n0","body":{"key":0,"type":"read","msg_id":6}}
Node  received READ for key 0
[2026-02-26T13:19:08.335339Z INFO  maelstrom::runtime] Sent {"src":"n0","dest":"c10","body":{"in_reply_to":6,"type":"read_ok","value":0}}
[2026-02-26T13:19:08.365031Z INFO  maelstrom::runtime] Received {"id":70,"src":"c10","dest":"n0","body":{"key":0,"type":"read","msg_id":7}}
Node  received READ for key 0
[2026-02-26T13:19:08.365274Z INFO  maelstrom::runtime] Sent {"src":"n0","dest":"c10","body":{"in_reply_to":7,"type":"read_ok","value":0}}
