2026-02-24 13:50:36,828{GMT}	INFO	[jepsen test runner] jepsen.core: Test version bd6147102f26d0959bac9d60c68e05990e786719 (plus uncommitted changes)
2026-02-24 13:50:36,829{GMT}	INFO	[jepsen test runner] jepsen.core: Command line:
lein run test -w echo --bin demo/rust/target/debug/echo --time-limit 5
2026-02-24 13:50:36,897{GMT}	INFO	[jepsen test runner] jepsen.core: Running test:
{:args []
 :remote
 #jepsen.control.retry.Remote{:remote #jepsen.control.scp.Remote{:cmd-remote #jepsen.control.sshj.SSHJRemote{:concurrency-limit 6,
                                                                                                             :conn-spec nil,
                                                                                                             :client nil,
                                                                                                             :semaphore nil},
                                                                 :conn-spec nil},
                              :conn nil}
 :log-net-send false
 :node-count nil
 :availability nil
 :max-txn-length 4
 :concurrency 5
 :db
 #object[maelstrom.db$db$reify__16612
         "0x5c943847"
         "maelstrom.db$db$reify__16612@5c943847"]
 :max-writes-per-key 16
 :leave-db-running? false
 :name "echo"
 :logging-json? false
 :start-time
 #object[org.joda.time.DateTime "0x2102eb7a" "2026-02-24T13:50:36.813+01:00"]
 :nemesis-interval 10
 :net
 #object[maelstrom.net$jepsen_net$reify__15721
         "0x4ebf82d9"
         "maelstrom.net$jepsen_net$reify__15721@4ebf82d9"]
 :client
 #object[maelstrom.workload.echo$client$reify__17402
         "0x685f43ca"
         "maelstrom.workload.echo$client$reify__17402@685f43ca"]
 :barrier
 #object[java.util.concurrent.CyclicBarrier
         "0x7952348f"
         "java.util.concurrent.CyclicBarrier@7952348f"]
 :log-stderr false
 :pure-generators true
 :ssh {:dummy? true}
 :rate 5
 :checker
 #object[jepsen.checker$compose$reify__11089
         "0x4f3d49e4"
         "jepsen.checker$compose$reify__11089@4f3d49e4"]
 :argv
 ("test" "-w" "echo" "--bin" "demo/rust/target/debug/echo" "--time-limit" "5")
 :nemesis
 (jepsen.nemesis.ReflCompose
  {:fm {:start-partition 0,
        :stop-partition 0,
        :kill 1,
        :start 1,
        :pause 1,
        :resume 1},
   :nemeses [#unprintable "jepsen.nemesis.combined$partition_nemesis$reify__16905@7d26b390"
             #unprintable "jepsen.nemesis.combined$db_nemesis$reify__16886@6ff5eeed"]})
 :nodes ["n1" "n2" "n3" "n4" "n5"]
 :test-count 1
 :latency {:mean 0, :dist :constant}
 :bin "demo/rust/target/debug/echo"
 :generator
 #object[jepsen.util.Forgettable
         "0x67c64b9c"
         (jepsen.generator.TimeLimit
          {:limit 5000000000,
           :cutoff nil,
           :gen (jepsen.generator.Any
                 {:gens [(jepsen.generator.OnThreads
                          {:f #{:nemesis},
                           :context-filter #object[jepsen.generator.context$make_thread_filter$lazy_filter__12077
                                                   "0x2a47fb5d"
                                                   "jepsen.generator.context$make_thread_filter$lazy_filter__12077@2a47fb5d"],
                           :gen nil})
                         (jepsen.generator.OnThreads
                          {:f #jepsen.generator.context.AllBut{:element :nemesis},
                           :context-filter #object[jepsen.generator.context$make_thread_filter$lazy_filter__12077
                                                   "0x47a9bcf1"
                                                   "jepsen.generator.context$make_thread_filter$lazy_filter__12077@47a9bcf1"],
                           :gen (jepsen.generator.Stagger
                                 {:dt 400000000,
                                  :next-time nil,
                                  :gen (jepsen.generator.EachThread
                                        {:fresh-gen #object[maelstrom.workload.echo$workload$fn__17421
                                                            "0x17c95612"
                                                            "maelstrom.workload.echo$workload$fn__17421@17c95612"],
                                         :context-filters #object[clojure.core$promise$reify__8621
                                                                  "0x1ca2d595"
                                                                  {:status :pending,
                                                                   :val nil}],
                                         :gens {}})})})]})})]
 :log-net-recv false
 :os
 #object[maelstrom.net$jepsen_os$reify__15724
         "0x92a584f"
         "maelstrom.net$jepsen_os$reify__15724@92a584f"]
 :time-limit 5
 :workload :echo
 :consistency-models [:strict-serializable]
 :topology :grid}

2026-02-24 13:50:38,551{GMT}	INFO	[jepsen node n1] maelstrom.net: Starting Maelstrom network
2026-02-24 13:50:38,553{GMT}	INFO	[jepsen test runner] jepsen.db: Tearing down DB
2026-02-24 13:50:38,561{GMT}	INFO	[jepsen test runner] jepsen.db: Setting up DB
2026-02-24 13:50:38,563{GMT}	INFO	[jepsen node n2] maelstrom.db: Setting up n2
2026-02-24 13:50:38,563{GMT}	INFO	[jepsen node n4] maelstrom.db: Setting up n4
2026-02-24 13:50:38,563{GMT}	INFO	[jepsen node n3] maelstrom.db: Setting up n3
2026-02-24 13:50:38,563{GMT}	INFO	[jepsen node n5] maelstrom.db: Setting up n5
2026-02-24 13:50:38,564{GMT}	INFO	[jepsen node n2] maelstrom.process: launching demo/rust/target/debug/echo []
2026-02-24 13:50:38,564{GMT}	INFO	[jepsen node n3] maelstrom.process: launching demo/rust/target/debug/echo []
2026-02-24 13:50:38,564{GMT}	INFO	[jepsen node n4] maelstrom.process: launching demo/rust/target/debug/echo []
2026-02-24 13:50:38,564{GMT}	INFO	[jepsen node n5] maelstrom.process: launching demo/rust/target/debug/echo []
2026-02-24 13:50:38,565{GMT}	INFO	[jepsen node n1] maelstrom.service: Starting services: (lin-kv lin-tso lww-kv seq-kv)
2026-02-24 13:50:38,566{GMT}	INFO	[jepsen node n1] maelstrom.db: Setting up n1
2026-02-24 13:50:38,566{GMT}	INFO	[jepsen node n1] maelstrom.process: launching demo/rust/target/debug/echo []
2026-02-24 13:50:38,584{GMT}	INFO	[jepsen test runner] jepsen.core: Relative time begins now
2026-02-24 13:50:38,609{GMT}	INFO	[jepsen worker 4] jepsen.util: 4	:invoke	:echo	"Please echo 49"
2026-02-24 13:50:38,621{GMT}	INFO	[jepsen worker 4] jepsen.util: 4	:ok	:echo	{:in_reply_to 1, :echo "Please echo 49", :msg_id 1, :type "echo_ok"}
2026-02-24 13:50:38,904{GMT}	INFO	[jepsen worker 2] jepsen.util: 2	:invoke	:echo	"Please echo 59"
2026-02-24 13:50:38,912{GMT}	INFO	[jepsen worker 2] jepsen.util: 2	:ok	:echo	{:in_reply_to 1, :echo "Please echo 59", :msg_id 1, :type "echo_ok"}
2026-02-24 13:50:38,965{GMT}	INFO	[jepsen worker 3] jepsen.util: 3	:invoke	:echo	"Please echo 111"
2026-02-24 13:50:38,972{GMT}	INFO	[jepsen worker 3] jepsen.util: 3	:ok	:echo	{:in_reply_to 1, :echo "Please echo 111", :msg_id 1, :type "echo_ok"}
2026-02-24 13:50:39,230{GMT}	INFO	[jepsen worker 3] jepsen.util: 3	:invoke	:echo	"Please echo 27"
2026-02-24 13:50:39,235{GMT}	INFO	[jepsen worker 3] jepsen.util: 3	:ok	:echo	{:in_reply_to 2, :echo "Please echo 27", :msg_id 2, :type "echo_ok"}
2026-02-24 13:50:39,443{GMT}	INFO	[jepsen worker 2] jepsen.util: 2	:invoke	:echo	"Please echo 26"
2026-02-24 13:50:39,449{GMT}	INFO	[jepsen worker 2] jepsen.util: 2	:ok	:echo	{:in_reply_to 2, :echo "Please echo 26", :msg_id 2, :type "echo_ok"}
2026-02-24 13:50:39,668{GMT}	INFO	[jepsen worker 1] jepsen.util: 1	:invoke	:echo	"Please echo 31"
2026-02-24 13:50:39,674{GMT}	INFO	[jepsen worker 1] jepsen.util: 1	:ok	:echo	{:in_reply_to 1, :echo "Please echo 31", :msg_id 1, :type "echo_ok"}
2026-02-24 13:50:40,037{GMT}	INFO	[jepsen worker 4] jepsen.util: 4	:invoke	:echo	"Please echo 99"
2026-02-24 13:50:40,039{GMT}	INFO	[jepsen worker 4] jepsen.util: 4	:ok	:echo	{:in_reply_to 2, :echo "Please echo 99", :msg_id 2, :type "echo_ok"}
2026-02-24 13:50:40,211{GMT}	INFO	[jepsen worker 2] jepsen.util: 2	:invoke	:echo	"Please echo 49"
2026-02-24 13:50:40,213{GMT}	INFO	[jepsen worker 2] jepsen.util: 2	:ok	:echo	{:in_reply_to 3, :echo "Please echo 49", :msg_id 3, :type "echo_ok"}
2026-02-24 13:50:40,330{GMT}	INFO	[jepsen worker 2] jepsen.util: 2	:invoke	:echo	"Please echo 96"
2026-02-24 13:50:40,334{GMT}	INFO	[jepsen worker 2] jepsen.util: 2	:ok	:echo	{:in_reply_to 4, :echo "Please echo 96", :msg_id 4, :type "echo_ok"}
2026-02-24 13:50:40,506{GMT}	INFO	[jepsen worker 4] jepsen.util: 4	:invoke	:echo	"Please echo 24"
2026-02-24 13:50:40,508{GMT}	INFO	[jepsen worker 4] jepsen.util: 4	:ok	:echo	{:in_reply_to 3, :echo "Please echo 24", :msg_id 3, :type "echo_ok"}
2026-02-24 13:50:40,809{GMT}	INFO	[jepsen worker 3] jepsen.util: 3	:invoke	:echo	"Please echo 11"
2026-02-24 13:50:40,812{GMT}	INFO	[jepsen worker 3] jepsen.util: 3	:ok	:echo	{:in_reply_to 3, :echo "Please echo 11", :msg_id 3, :type "echo_ok"}
2026-02-24 13:50:41,060{GMT}	INFO	[jepsen worker 0] jepsen.util: 0	:invoke	:echo	"Please echo 12"
2026-02-24 13:50:41,064{GMT}	INFO	[jepsen worker 0] jepsen.util: 0	:ok	:echo	{:in_reply_to 1, :echo "Please echo 12", :msg_id 1, :type "echo_ok"}
2026-02-24 13:50:41,351{GMT}	INFO	[jepsen worker 0] jepsen.util: 0	:invoke	:echo	"Please echo 52"
2026-02-24 13:50:41,357{GMT}	INFO	[jepsen worker 0] jepsen.util: 0	:ok	:echo	{:in_reply_to 2, :echo "Please echo 52", :msg_id 2, :type "echo_ok"}
2026-02-24 13:50:41,475{GMT}	INFO	[jepsen worker 4] jepsen.util: 4	:invoke	:echo	"Please echo 2"
2026-02-24 13:50:41,481{GMT}	INFO	[jepsen worker 4] jepsen.util: 4	:ok	:echo	{:in_reply_to 4, :echo "Please echo 2", :msg_id 4, :type "echo_ok"}
2026-02-24 13:50:41,636{GMT}	INFO	[jepsen worker 3] jepsen.util: 3	:invoke	:echo	"Please echo 112"
2026-02-24 13:50:41,641{GMT}	INFO	[jepsen worker 3] jepsen.util: 3	:ok	:echo	{:in_reply_to 4, :echo "Please echo 112", :msg_id 4, :type "echo_ok"}
2026-02-24 13:50:41,713{GMT}	INFO	[jepsen worker 1] jepsen.util: 1	:invoke	:echo	"Please echo 25"
2026-02-24 13:50:41,719{GMT}	INFO	[jepsen worker 1] jepsen.util: 1	:ok	:echo	{:in_reply_to 2, :echo "Please echo 25", :msg_id 2, :type "echo_ok"}
2026-02-24 13:50:42,012{GMT}	INFO	[jepsen worker 1] jepsen.util: 1	:invoke	:echo	"Please echo 17"
2026-02-24 13:50:42,017{GMT}	INFO	[jepsen worker 1] jepsen.util: 1	:ok	:echo	{:in_reply_to 3, :echo "Please echo 17", :msg_id 3, :type "echo_ok"}
2026-02-24 13:50:42,345{GMT}	INFO	[jepsen worker 3] jepsen.util: 3	:invoke	:echo	"Please echo 50"
2026-02-24 13:50:42,350{GMT}	INFO	[jepsen worker 3] jepsen.util: 3	:ok	:echo	{:in_reply_to 5, :echo "Please echo 50", :msg_id 5, :type "echo_ok"}
2026-02-24 13:50:42,481{GMT}	INFO	[jepsen worker 4] jepsen.util: 4	:invoke	:echo	"Please echo 65"
2026-02-24 13:50:42,487{GMT}	INFO	[jepsen worker 4] jepsen.util: 4	:ok	:echo	{:in_reply_to 5, :echo "Please echo 65", :msg_id 5, :type "echo_ok"}
2026-02-24 13:50:42,850{GMT}	INFO	[jepsen worker 3] jepsen.util: 3	:invoke	:echo	"Please echo 31"
2026-02-24 13:50:42,856{GMT}	INFO	[jepsen worker 3] jepsen.util: 3	:ok	:echo	{:in_reply_to 6, :echo "Please echo 31", :msg_id 6, :type "echo_ok"}
2026-02-24 13:50:42,957{GMT}	INFO	[jepsen worker 1] jepsen.util: 1	:invoke	:echo	"Please echo 65"
2026-02-24 13:50:42,963{GMT}	INFO	[jepsen worker 1] jepsen.util: 1	:ok	:echo	{:in_reply_to 4, :echo "Please echo 65", :msg_id 4, :type "echo_ok"}
2026-02-24 13:50:43,292{GMT}	INFO	[jepsen worker 1] jepsen.util: 1	:invoke	:echo	"Please echo 15"
2026-02-24 13:50:43,295{GMT}	INFO	[jepsen worker 1] jepsen.util: 1	:ok	:echo	{:in_reply_to 5, :echo "Please echo 15", :msg_id 5, :type "echo_ok"}
2026-02-24 13:50:43,500{GMT}	INFO	[jepsen worker 3] jepsen.util: 3	:invoke	:echo	"Please echo 102"
2026-02-24 13:50:43,506{GMT}	INFO	[jepsen worker 3] jepsen.util: 3	:ok	:echo	{:in_reply_to 7, :echo "Please echo 102", :msg_id 7, :type "echo_ok"}
2026-02-24 13:50:43,558{GMT}	INFO	[jepsen worker 2] jepsen.util: 2	:invoke	:echo	"Please echo 106"
2026-02-24 13:50:43,559{GMT}	INFO	[jepsen worker 2] jepsen.util: 2	:ok	:echo	{:in_reply_to 5, :echo "Please echo 106", :msg_id 5, :type "echo_ok"}
2026-02-24 13:50:43,567{GMT}	INFO	[jepsen test runner] jepsen.core: Run complete, writing
2026-02-24 13:50:43,591{GMT}	INFO	[jepsen node n4] maelstrom.db: Tearing down n4
2026-02-24 13:50:43,591{GMT}	INFO	[jepsen node n1] maelstrom.db: Tearing down n1
2026-02-24 13:50:43,591{GMT}	INFO	[jepsen node n3] maelstrom.db: Tearing down n3
2026-02-24 13:50:43,591{GMT}	INFO	[jepsen node n5] maelstrom.db: Tearing down n5
2026-02-24 13:50:43,591{GMT}	INFO	[jepsen node n2] maelstrom.db: Tearing down n2
2026-02-24 13:50:44,570{GMT}	INFO	[jepsen node n1] maelstrom.net: Shutting down Maelstrom network
2026-02-24 13:50:44,572{GMT}	INFO	[jepsen test runner] jepsen.core: Analyzing...
2026-02-24 13:50:45,366{GMT}	INFO	[jepsen test runner] jepsen.core: Analysis complete
2026-02-24 13:50:45,380{GMT}	INFO	[jepsen results] jepsen.store: Wrote /home/tim/Work/ID2203/omnipaxos-kv-main/maelstrom/store/echo/20260224T135036.813+0100/results.edn
2026-02-24 13:50:45,389{GMT}	INFO	[jepsen test runner] jepsen.core: {:perf {:latency-graph {:valid? true},
        :rate-graph {:valid? true},
        :valid? true},
 :timeline {:valid? true},
 :exceptions {:valid? true},
 :stats {:valid? true,
         :count 24,
         :ok-count 24,
         :fail-count 0,
         :info-count 0,
         :by-f {:echo {:valid? true,
                       :count 24,
                       :ok-count 24,
                       :fail-count 0,
                       :info-count 0}}},
 :availability {:valid? true, :ok-fraction 1.0},
 :net {:all {:send-count 58,
             :recv-count 58,
             :msg-count 58,
             :msgs-per-op 2.4166667},
       :clients {:send-count 58, :recv-count 58, :msg-count 58},
       :servers {:send-count 0,
                 :recv-count 0,
                 :msg-count 0,
                 :msgs-per-op 0.0},
       :valid? true},
 :workload {:valid? true, :errors ()},
 :valid? true}


Everything looks good! ヽ(‘ー`)ノ
