2026-02-26 14:19:06,816{GMT}	INFO	[jepsen test runner] jepsen.core: Test version cae4e7ea62e897578bc7cb05acf3c5d06f2c031e (plus uncommitted changes)
2026-02-26 14:19:06,817{GMT}	INFO	[jepsen test runner] jepsen.core: Command line:
lein run test -w lin-kv --bin target/release/shim --node-count 5 --concurrency 2n --time-limit 1 --rate 100 --log-stderr
2026-02-26 14:19:06,855{GMT}	INFO	[jepsen test runner] jepsen.core: Running test:
{:args []
 :remote
 #jepsen.control.retry.Remote{:remote #jepsen.control.scp.Remote{:cmd-remote #jepsen.control.sshj.SSHJRemote{:concurrency-limit 6,
                                                                                                             :conn-spec nil,
                                                                                                             :client nil,
                                                                                                             :semaphore nil},
                                                                 :conn-spec nil},
                              :conn nil}
 :log-net-send false
 :node-count 5
 :availability nil
 :max-txn-length 4
 :concurrency 10
 :db
 #object[maelstrom.db$db$reify__16612
         "0x4ebf82d9"
         "maelstrom.db$db$reify__16612@4ebf82d9"]
 :max-writes-per-key 16
 :leave-db-running? false
 :name "lin-kv"
 :logging-json? false
 :start-time
 #object[org.joda.time.DateTime "0x7d26b390" "2026-02-26T14:19:06.796+01:00"]
 :nemesis-interval 10
 :net
 #object[maelstrom.net$jepsen_net$reify__15721
         "0x6ff5eeed"
         "maelstrom.net$jepsen_net$reify__15721@6ff5eeed"]
 :client
 #object[maelstrom.workload.lin_kv$client$reify__20973
         "0x76b49d0"
         "maelstrom.workload.lin_kv$client$reify__20973@76b49d0"]
 :barrier
 #object[java.util.concurrent.CyclicBarrier
         "0x223c42b0"
         "java.util.concurrent.CyclicBarrier@223c42b0"]
 :log-stderr true
 :pure-generators true
 :ssh {:dummy? true}
 :rate 100.0
 :checker
 #object[jepsen.checker$compose$reify__11089
         "0x6acedf54"
         "jepsen.checker$compose$reify__11089@6acedf54"]
 :argv
 ("test"
  "-w"
  "lin-kv"
  "--bin"
  "target/release/shim"
  "--node-count"
  "5"
  "--concurrency"
  "2n"
  "--time-limit"
  "1"
  "--rate"
  "100"
  "--log-stderr")
 :nemesis
 (jepsen.nemesis.ReflCompose
  {:fm {:start-partition 0,
        :stop-partition 0,
        :kill 1,
        :start 1,
        :pause 1,
        :resume 1},
   :nemeses [#unprintable "jepsen.nemesis.combined$partition_nemesis$reify__16905@2a0cc666"
             #unprintable "jepsen.nemesis.combined$db_nemesis$reify__16886@77f43f3e"]})
 :nodes ["n0" "n1" "n2" "n3" "n4"]
 :test-count 1
 :latency {:mean 0, :dist :constant}
 :bin "target/release/shim"
 :generator
 #object[jepsen.util.Forgettable
         "0x67a6f2c4"
         (jepsen.generator.TimeLimit
          {:limit 1000000000,
           :cutoff nil,
           :gen (jepsen.generator.Any
                 {:gens [(jepsen.generator.OnThreads
                          {:f #{:nemesis},
                           :context-filter #object[jepsen.generator.context$make_thread_filter$lazy_filter__12077
                                                   "0x36e23af"
                                                   "jepsen.generator.context$make_thread_filter$lazy_filter__12077@36e23af"],
                           :gen nil})
                         (jepsen.generator.OnThreads
                          {:f #jepsen.generator.context.AllBut{:element :nemesis},
                           :context-filter #object[jepsen.generator.context$make_thread_filter$lazy_filter__12077
                                                   "0x5e4a9c16"
                                                   "jepsen.generator.context$make_thread_filter$lazy_filter__12077@5e4a9c16"],
                           :gen (jepsen.generator.Stagger
                                 {:dt 20000000,
                                  :next-time nil,
                                  :gen (jepsen.generator.OnThreads
                                        {:f #jepsen.generator.context.AllBut{:element :nemesis},
                                         :context-filter #object[jepsen.generator.context$make_thread_filter$lazy_filter__12077
                                                                 "0x544ee437"
                                                                 "jepsen.generator.context$make_thread_filter$lazy_filter__12077@544ee437"],
                                         :gen (jepsen.independent.ConcurrentGenerator
                                               {:n 10,
                                                :fgen #object[jepsen.tests.linearizable_register$test$fn__17385
                                                              "0xffd26d1"
                                                              "jepsen.tests.linearizable_register$test$fn__17385@ffd26d1"],
                                                :group->threads nil,
                                                :thread->group nil,
                                                :group->context-filter nil,
                                                :keys (0 1 2 3 4 5 6 7 ...),
                                                :gens nil})})})})]})})]
 :log-net-recv false
 :os
 #object[maelstrom.net$jepsen_os$reify__15724
         "0x775c865f"
         "maelstrom.net$jepsen_os$reify__15724@775c865f"]
 :time-limit 1
 :workload :lin-kv
 :consistency-models [:strict-serializable]
 :topology :grid}

2026-02-26 14:19:07,953{GMT}	INFO	[jepsen node n0] maelstrom.net: Starting Maelstrom network
2026-02-26 14:19:07,954{GMT}	INFO	[jepsen test runner] jepsen.db: Tearing down DB
2026-02-26 14:19:07,955{GMT}	INFO	[jepsen test runner] jepsen.db: Setting up DB
2026-02-26 14:19:07,955{GMT}	INFO	[jepsen node n2] maelstrom.db: Setting up n2
2026-02-26 14:19:07,955{GMT}	INFO	[jepsen node n1] maelstrom.db: Setting up n1
2026-02-26 14:19:07,955{GMT}	INFO	[jepsen node n4] maelstrom.db: Setting up n4
2026-02-26 14:19:07,955{GMT}	INFO	[jepsen node n3] maelstrom.db: Setting up n3
2026-02-26 14:19:07,955{GMT}	INFO	[jepsen node n4] maelstrom.process: launching target/release/shim []
2026-02-26 14:19:07,955{GMT}	INFO	[jepsen node n1] maelstrom.process: launching target/release/shim []
2026-02-26 14:19:07,955{GMT}	INFO	[jepsen node n2] maelstrom.process: launching target/release/shim []
2026-02-26 14:19:07,955{GMT}	INFO	[jepsen node n3] maelstrom.process: launching target/release/shim []
2026-02-26 14:19:07,956{GMT}	INFO	[jepsen node n0] maelstrom.service: Starting services: (lin-kv lin-tso lww-kv seq-kv)
2026-02-26 14:19:07,957{GMT}	INFO	[jepsen node n0] maelstrom.db: Setting up n0
2026-02-26 14:19:07,961{GMT}	INFO	[jepsen node n0] maelstrom.process: launching target/release/shim []
2026-02-26 14:19:07,966{GMT}	INFO	[n3 stderr] maelstrom.process: Node  initializing. Total nodes in cluster: 0. All nodes: []
2026-02-26 14:19:07,966{GMT}	INFO	[n4 stderr] maelstrom.process: Node  initializing. Total nodes in cluster: 0. All nodes: []
2026-02-26 14:19:07,966{GMT}	INFO	[n1 stderr] maelstrom.process: Node  initializing. Total nodes in cluster: 0. All nodes: []
2026-02-26 14:19:07,966{GMT}	INFO	[n2 stderr] maelstrom.process: Node  initializing. Total nodes in cluster: 0. All nodes: []
2026-02-26 14:19:07,967{GMT}	INFO	[n0 stderr] maelstrom.process: Node  initializing. Total nodes in cluster: 0. All nodes: []
2026-02-26 14:19:07,977{GMT}	INFO	[n1 stderr] maelstrom.process: [2026-02-26T13:19:07.977253Z INFO  maelstrom::runtime] Received {"id":0,"src":"c0","dest":"n1","body":{"type":"init","node_id":"n1","node_ids":["n0","n1","n2","n3","n4"],"msg_id":1}}
2026-02-26 14:19:07,977{GMT}	INFO	[n0 stderr] maelstrom.process: [2026-02-26T13:19:07.977285Z INFO  maelstrom::runtime] Received {"id":4,"src":"c4","dest":"n0","body":{"type":"init","node_id":"n0","node_ids":["n0","n1","n2","n3","n4"],"msg_id":1}}
2026-02-26 14:19:07,977{GMT}	INFO	[n4 stderr] maelstrom.process: [2026-02-26T13:19:07.977235Z INFO  maelstrom::runtime] Received {"id":2,"src":"c2","dest":"n4","body":{"type":"init","node_id":"n4","node_ids":["n0","n1","n2","n3","n4"],"msg_id":1}}
2026-02-26 14:19:07,977{GMT}	INFO	[n2 stderr] maelstrom.process: [2026-02-26T13:19:07.977289Z INFO  maelstrom::runtime] Received {"id":1,"src":"c1","dest":"n2","body":{"type":"init","node_id":"n2","node_ids":["n0","n1","n2","n3","n4"],"msg_id":1}}
2026-02-26 14:19:07,978{GMT}	INFO	[n4 stderr] maelstrom.process: [2026-02-26T13:19:07.977653Z INFO  maelstrom::runtime] Sent {"src":"n4","dest":"c2","body":{"in_reply_to":1,"type":"init_ok"}}
2026-02-26 14:19:07,978{GMT}	INFO	[n2 stderr] maelstrom.process: [2026-02-26T13:19:07.978426Z INFO  maelstrom::runtime] Sent {"src":"n2","dest":"c1","body":{"in_reply_to":1,"type":"init_ok"}}
2026-02-26 14:19:07,978{GMT}	INFO	[n3 stderr] maelstrom.process: [2026-02-26T13:19:07.978461Z INFO  maelstrom::runtime] Received {"id":3,"src":"c3","dest":"n3","body":{"type":"init","node_id":"n3","node_ids":["n0","n1","n2","n3","n4"],"msg_id":1}}
2026-02-26 14:19:07,978{GMT}	INFO	[n0 stderr] maelstrom.process: [2026-02-26T13:19:07.978504Z INFO  maelstrom::runtime] Sent {"src":"n0","dest":"c4","body":{"in_reply_to":1,"type":"init_ok"}}
2026-02-26 14:19:07,978{GMT}	INFO	[n1 stderr] maelstrom.process: [2026-02-26T13:19:07.977618Z INFO  maelstrom::runtime] Sent {"src":"n1","dest":"c0","body":{"in_reply_to":1,"type":"init_ok"}}
2026-02-26 14:19:07,978{GMT}	INFO	[n3 stderr] maelstrom.process: [2026-02-26T13:19:07.978646Z INFO  maelstrom::runtime] Sent {"src":"n3","dest":"c3","body":{"in_reply_to":1,"type":"init_ok"}}
2026-02-26 14:19:07,988{GMT}	INFO	[jepsen test runner] jepsen.core: Relative time begins now
2026-02-26 14:19:08,013{GMT}	INFO	[jepsen worker 0] jepsen.util: 0	:invoke	:read	[0 nil]
2026-02-26 14:19:08,015{GMT}	INFO	[n0 stderr] maelstrom.process: [2026-02-26T13:19:08.015046Z INFO  maelstrom::runtime] Received {"id":10,"src":"c10","dest":"n0","body":{"key":0,"type":"read","msg_id":1}}
2026-02-26 14:19:08,015{GMT}	INFO	[n0 stderr] maelstrom.process: Node  received READ for key 0
2026-02-26 14:19:08,015{GMT}	INFO	[n0 stderr] maelstrom.process: [2026-02-26T13:19:08.015226Z INFO  maelstrom::runtime] Sent {"src":"n0","dest":"c10","body":{"in_reply_to":1,"type":"read_ok","value":0}}
2026-02-26 14:19:08,016{GMT}	INFO	[jepsen worker 0] jepsen.util: 0	:ok	:read	[0 0]
2026-02-26 14:19:08,023{GMT}	INFO	[jepsen worker 5] jepsen.util: 5	:invoke	:write	[0 2]
2026-02-26 14:19:08,025{GMT}	INFO	[n0 stderr] maelstrom.process: [2026-02-26T13:19:08.025068Z INFO  maelstrom::runtime] Received {"id":12,"src":"c11","dest":"n0","body":{"key":0,"value":2,"type":"write","msg_id":1}}
2026-02-26 14:19:08,025{GMT}	INFO	[n0 stderr] maelstrom.process: Node  received WRITE: 0=2
2026-02-26 14:19:08,025{GMT}	INFO	[n0 stderr] maelstrom.process: [2026-02-26T13:19:08.025214Z INFO  maelstrom::runtime] Sent {"src":"n0","dest":"c11","body":{"in_reply_to":1,"type":"write_ok"}}
2026-02-26 14:19:08,025{GMT}	INFO	[jepsen worker 5] jepsen.util: 5	:ok	:write	[0 2]
2026-02-26 14:19:08,026{GMT}	INFO	[jepsen worker 2] jepsen.util: 2	:invoke	:read	[0 nil]
2026-02-26 14:19:08,027{GMT}	INFO	[n2 stderr] maelstrom.process: [2026-02-26T13:19:08.027677Z INFO  maelstrom::runtime] Received {"id":14,"src":"c12","dest":"n2","body":{"key":0,"type":"read","msg_id":1}}
2026-02-26 14:19:08,028{GMT}	INFO	[n2 stderr] maelstrom.process: Node  received READ for key 0
2026-02-26 14:19:08,028{GMT}	INFO	[n2 stderr] maelstrom.process: [2026-02-26T13:19:08.027732Z INFO  maelstrom::runtime] Sent {"src":"n2","dest":"c12","body":{"in_reply_to":1,"type":"read_ok","value":0}}
2026-02-26 14:19:08,028{GMT}	INFO	[jepsen worker 2] jepsen.util: 2	:ok	:read	[0 0]
2026-02-26 14:19:08,045{GMT}	INFO	[jepsen worker 3] jepsen.util: 3	:invoke	:read	[0 nil]
2026-02-26 14:19:08,046{GMT}	INFO	[n3 stderr] maelstrom.process: [2026-02-26T13:19:08.046517Z INFO  maelstrom::runtime] Received {"id":16,"src":"c13","dest":"n3","body":{"key":0,"type":"read","msg_id":1}}
2026-02-26 14:19:08,046{GMT}	INFO	[n3 stderr] maelstrom.process: Node  received READ for key 0
2026-02-26 14:19:08,047{GMT}	INFO	[n3 stderr] maelstrom.process: [2026-02-26T13:19:08.046599Z INFO  maelstrom::runtime] Sent {"src":"n3","dest":"c13","body":{"in_reply_to":1,"type":"read_ok","value":0}}
2026-02-26 14:19:08,047{GMT}	INFO	[jepsen worker 3] jepsen.util: 3	:ok	:read	[0 0]
2026-02-26 14:19:08,048{GMT}	INFO	[jepsen worker 5] jepsen.util: 5	:invoke	:cas	[0 [3 0]]
2026-02-26 14:19:08,049{GMT}	INFO	[n0 stderr] maelstrom.process: [2026-02-26T13:19:08.049343Z INFO  maelstrom::runtime] Received {"id":18,"src":"c11","dest":"n0","body":{"key":0,"from":3,"to":0,"type":"cas","msg_id":2}}
2026-02-26 14:19:08,049{GMT}	INFO	[n0 stderr] maelstrom.process: Node  received CAS (not implemented)
2026-02-26 14:19:08,049{GMT}	INFO	[n0 stderr] maelstrom.process: [2026-02-26T13:19:08.049436Z INFO  maelstrom::runtime] Sent {"src":"n0","dest":"c11","body":{"in_reply_to":2,"type":"cas_ok"}}
2026-02-26 14:19:08,049{GMT}	INFO	[jepsen worker 5] jepsen.util: 5	:ok	:cas	[0 [3 0]]
2026-02-26 14:19:08,051{GMT}	INFO	[jepsen worker 5] jepsen.util: 5	:invoke	:cas	[0 [2 4]]
2026-02-26 14:19:08,052{GMT}	INFO	[n0 stderr] maelstrom.process: [2026-02-26T13:19:08.052038Z INFO  maelstrom::runtime] Received {"id":20,"src":"c11","dest":"n0","body":{"key":0,"from":2,"to":4,"type":"cas","msg_id":3}}
2026-02-26 14:19:08,052{GMT}	INFO	[n0 stderr] maelstrom.process: Node  received CAS (not implemented)
2026-02-26 14:19:08,052{GMT}	INFO	[jepsen worker 5] jepsen.util: 5	:ok	:cas	[0 [2 4]]
2026-02-26 14:19:08,052{GMT}	INFO	[n0 stderr] maelstrom.process: [2026-02-26T13:19:08.052110Z INFO  maelstrom::runtime] Sent {"src":"n0","dest":"c11","body":{"in_reply_to":3,"type":"cas_ok"}}
2026-02-26 14:19:08,068{GMT}	INFO	[jepsen worker 6] jepsen.util: 6	:invoke	:write	[0 0]
2026-02-26 14:19:08,069{GMT}	INFO	[n1 stderr] maelstrom.process: [2026-02-26T13:19:08.069820Z INFO  maelstrom::runtime] Received {"id":22,"src":"c14","dest":"n1","body":{"key":0,"value":0,"type":"write","msg_id":1}}
2026-02-26 14:19:08,070{GMT}	INFO	[n1 stderr] maelstrom.process: Node  received WRITE: 0=0
2026-02-26 14:19:08,070{GMT}	INFO	[n1 stderr] maelstrom.process: [2026-02-26T13:19:08.069902Z INFO  maelstrom::runtime] Sent {"src":"n1","dest":"c14","body":{"in_reply_to":1,"type":"write_ok"}}
2026-02-26 14:19:08,070{GMT}	INFO	[jepsen worker 6] jepsen.util: 6	:ok	:write	[0 0]
2026-02-26 14:19:08,080{GMT}	INFO	[jepsen worker 0] jepsen.util: 0	:invoke	:read	[0 nil]
2026-02-26 14:19:08,080{GMT}	INFO	[n0 stderr] maelstrom.process: [2026-02-26T13:19:08.080729Z INFO  maelstrom::runtime] Received {"id":24,"src":"c10","dest":"n0","body":{"key":0,"type":"read","msg_id":2}}
2026-02-26 14:19:08,080{GMT}	INFO	[n0 stderr] maelstrom.process: Node  received READ for key 0
2026-02-26 14:19:08,081{GMT}	INFO	[n0 stderr] maelstrom.process: [2026-02-26T13:19:08.080786Z INFO  maelstrom::runtime] Sent {"src":"n0","dest":"c10","body":{"in_reply_to":2,"type":"read_ok","value":0}}
2026-02-26 14:19:08,081{GMT}	INFO	[jepsen worker 0] jepsen.util: 0	:ok	:read	[0 0]
2026-02-26 14:19:08,099{GMT}	INFO	[jepsen worker 8] jepsen.util: 8	:invoke	:cas	[0 [3 1]]
2026-02-26 14:19:08,100{GMT}	INFO	[n3 stderr] maelstrom.process: [2026-02-26T13:19:08.100166Z INFO  maelstrom::runtime] Received {"id":26,"src":"c15","dest":"n3","body":{"key":0,"from":3,"to":1,"type":"cas","msg_id":1}}
2026-02-26 14:19:08,100{GMT}	INFO	[n3 stderr] maelstrom.process: Node  received CAS (not implemented)
2026-02-26 14:19:08,100{GMT}	INFO	[n3 stderr] maelstrom.process: [2026-02-26T13:19:08.100260Z INFO  maelstrom::runtime] Sent {"src":"n3","dest":"c15","body":{"in_reply_to":1,"type":"cas_ok"}}
2026-02-26 14:19:08,100{GMT}	INFO	[jepsen worker 8] jepsen.util: 8	:ok	:cas	[0 [3 1]]
2026-02-26 14:19:08,117{GMT}	INFO	[jepsen worker 9] jepsen.util: 9	:invoke	:cas	[0 [0 2]]
2026-02-26 14:19:08,118{GMT}	INFO	[n4 stderr] maelstrom.process: [2026-02-26T13:19:08.118471Z INFO  maelstrom::runtime] Received {"id":28,"src":"c16","dest":"n4","body":{"key":0,"from":0,"to":2,"type":"cas","msg_id":1}}
2026-02-26 14:19:08,118{GMT}	INFO	[n4 stderr] maelstrom.process: Node  received CAS (not implemented)
2026-02-26 14:19:08,118{GMT}	INFO	[n4 stderr] maelstrom.process: [2026-02-26T13:19:08.118560Z INFO  maelstrom::runtime] Sent {"src":"n4","dest":"c16","body":{"in_reply_to":1,"type":"cas_ok"}}
2026-02-26 14:19:08,119{GMT}	INFO	[jepsen worker 9] jepsen.util: 9	:ok	:cas	[0 [0 2]]
2026-02-26 14:19:08,125{GMT}	INFO	[jepsen worker 5] jepsen.util: 5	:invoke	:cas	[0 [0 3]]
2026-02-26 14:19:08,125{GMT}	INFO	[n0 stderr] maelstrom.process: [2026-02-26T13:19:08.125725Z INFO  maelstrom::runtime] Received {"id":30,"src":"c11","dest":"n0","body":{"key":0,"from":0,"to":3,"type":"cas","msg_id":4}}
2026-02-26 14:19:08,126{GMT}	INFO	[n0 stderr] maelstrom.process: Node  received CAS (not implemented)
2026-02-26 14:19:08,126{GMT}	INFO	[n0 stderr] maelstrom.process: [2026-02-26T13:19:08.125869Z INFO  maelstrom::runtime] Sent {"src":"n0","dest":"c11","body":{"in_reply_to":4,"type":"cas_ok"}}
2026-02-26 14:19:08,126{GMT}	INFO	[jepsen worker 5] jepsen.util: 5	:ok	:cas	[0 [0 3]]
2026-02-26 14:19:08,136{GMT}	INFO	[jepsen worker 5] jepsen.util: 5	:invoke	:cas	[0 [2 1]]
2026-02-26 14:19:08,137{GMT}	INFO	[n0 stderr] maelstrom.process: [2026-02-26T13:19:08.137256Z INFO  maelstrom::runtime] Received {"id":32,"src":"c11","dest":"n0","body":{"key":0,"from":2,"to":1,"type":"cas","msg_id":5}}
2026-02-26 14:19:08,137{GMT}	INFO	[n0 stderr] maelstrom.process: Node  received CAS (not implemented)
2026-02-26 14:19:08,137{GMT}	INFO	[n0 stderr] maelstrom.process: [2026-02-26T13:19:08.137350Z INFO  maelstrom::runtime] Sent {"src":"n0","dest":"c11","body":{"in_reply_to":5,"type":"cas_ok"}}
2026-02-26 14:19:08,137{GMT}	INFO	[jepsen worker 5] jepsen.util: 5	:ok	:cas	[0 [2 1]]
2026-02-26 14:19:08,151{GMT}	INFO	[jepsen worker 5] jepsen.util: 5	:invoke	:cas	[0 [2 3]]
2026-02-26 14:19:08,152{GMT}	INFO	[n0 stderr] maelstrom.process: [2026-02-26T13:19:08.152801Z INFO  maelstrom::runtime] Received {"id":34,"src":"c11","dest":"n0","body":{"key":0,"from":2,"to":3,"type":"cas","msg_id":6}}
2026-02-26 14:19:08,153{GMT}	INFO	[n0 stderr] maelstrom.process: Node  received CAS (not implemented)
2026-02-26 14:19:08,153{GMT}	INFO	[jepsen worker 5] jepsen.util: 5	:ok	:cas	[0 [2 3]]
2026-02-26 14:19:08,153{GMT}	INFO	[n0 stderr] maelstrom.process: [2026-02-26T13:19:08.152974Z INFO  maelstrom::runtime] Sent {"src":"n0","dest":"c11","body":{"in_reply_to":6,"type":"cas_ok"}}
2026-02-26 14:19:08,172{GMT}	INFO	[jepsen worker 2] jepsen.util: 2	:invoke	:read	[0 nil]
2026-02-26 14:19:08,173{GMT}	INFO	[n2 stderr] maelstrom.process: [2026-02-26T13:19:08.173042Z INFO  maelstrom::runtime] Received {"id":36,"src":"c12","dest":"n2","body":{"key":0,"type":"read","msg_id":2}}
2026-02-26 14:19:08,173{GMT}	INFO	[n2 stderr] maelstrom.process: Node  received READ for key 0
2026-02-26 14:19:08,173{GMT}	INFO	[n2 stderr] maelstrom.process: [2026-02-26T13:19:08.173157Z INFO  maelstrom::runtime] Sent {"src":"n2","dest":"c12","body":{"in_reply_to":2,"type":"read_ok","value":0}}
2026-02-26 14:19:08,173{GMT}	INFO	[jepsen worker 2] jepsen.util: 2	:ok	:read	[0 0]
2026-02-26 14:19:08,184{GMT}	INFO	[jepsen worker 3] jepsen.util: 3	:invoke	:read	[0 nil]
2026-02-26 14:19:08,185{GMT}	INFO	[n3 stderr] maelstrom.process: [2026-02-26T13:19:08.185423Z INFO  maelstrom::runtime] Received {"id":38,"src":"c13","dest":"n3","body":{"key":0,"type":"read","msg_id":2}}
2026-02-26 14:19:08,186{GMT}	INFO	[n3 stderr] maelstrom.process: Node  received READ for key 0
2026-02-26 14:19:08,186{GMT}	INFO	[n3 stderr] maelstrom.process: [2026-02-26T13:19:08.185599Z INFO  maelstrom::runtime] Sent {"src":"n3","dest":"c13","body":{"in_reply_to":2,"type":"read_ok","value":0}}
2026-02-26 14:19:08,186{GMT}	INFO	[jepsen worker 3] jepsen.util: 3	:ok	:read	[0 0]
2026-02-26 14:19:08,199{GMT}	INFO	[jepsen worker 4] jepsen.util: 4	:invoke	:read	[0 nil]
2026-02-26 14:19:08,201{GMT}	INFO	[n4 stderr] maelstrom.process: [2026-02-26T13:19:08.201349Z INFO  maelstrom::runtime] Received {"id":40,"src":"c17","dest":"n4","body":{"key":0,"type":"read","msg_id":1}}
2026-02-26 14:19:08,202{GMT}	INFO	[n4 stderr] maelstrom.process: Node  received READ for key 0
2026-02-26 14:19:08,202{GMT}	INFO	[n4 stderr] maelstrom.process: [2026-02-26T13:19:08.201535Z INFO  maelstrom::runtime] Sent {"src":"n4","dest":"c17","body":{"in_reply_to":1,"type":"read_ok","value":0}}
2026-02-26 14:19:08,203{GMT}	INFO	[jepsen worker 4] jepsen.util: 4	:ok	:read	[0 0]
2026-02-26 14:19:08,206{GMT}	INFO	[jepsen worker 5] jepsen.util: 5	:invoke	:cas	[0 [1 3]]
2026-02-26 14:19:08,208{GMT}	INFO	[n0 stderr] maelstrom.process: [2026-02-26T13:19:08.208174Z INFO  maelstrom::runtime] Received {"id":42,"src":"c11","dest":"n0","body":{"key":0,"from":1,"to":3,"type":"cas","msg_id":7}}
2026-02-26 14:19:08,209{GMT}	INFO	[n0 stderr] maelstrom.process: Node  received CAS (not implemented)
2026-02-26 14:19:08,209{GMT}	INFO	[jepsen worker 5] jepsen.util: 5	:ok	:cas	[0 [1 3]]
2026-02-26 14:19:08,209{GMT}	INFO	[n0 stderr] maelstrom.process: [2026-02-26T13:19:08.208434Z INFO  maelstrom::runtime] Sent {"src":"n0","dest":"c11","body":{"in_reply_to":7,"type":"cas_ok"}}
2026-02-26 14:19:08,225{GMT}	INFO	[jepsen worker 6] jepsen.util: 6	:invoke	:cas	[0 [3 2]]
2026-02-26 14:19:08,227{GMT}	INFO	[n1 stderr] maelstrom.process: [2026-02-26T13:19:08.227335Z INFO  maelstrom::runtime] Received {"id":44,"src":"c14","dest":"n1","body":{"key":0,"from":3,"to":2,"type":"cas","msg_id":2}}
2026-02-26 14:19:08,228{GMT}	INFO	[n1 stderr] maelstrom.process: Node  received CAS (not implemented)
2026-02-26 14:19:08,228{GMT}	INFO	[jepsen worker 0] jepsen.util: 0	:invoke	:read	[0 nil]
2026-02-26 14:19:08,228{GMT}	INFO	[n1 stderr] maelstrom.process: [2026-02-26T13:19:08.227653Z INFO  maelstrom::runtime] Sent {"src":"n1","dest":"c14","body":{"in_reply_to":2,"type":"cas_ok"}}
2026-02-26 14:19:08,229{GMT}	INFO	[jepsen worker 6] jepsen.util: 6	:ok	:cas	[0 [3 2]]
2026-02-26 14:19:08,230{GMT}	INFO	[n0 stderr] maelstrom.process: [2026-02-26T13:19:08.230189Z INFO  maelstrom::runtime] Received {"id":46,"src":"c10","dest":"n0","body":{"key":0,"type":"read","msg_id":3}}
2026-02-26 14:19:08,231{GMT}	INFO	[n0 stderr] maelstrom.process: Node  received READ for key 0
2026-02-26 14:19:08,231{GMT}	INFO	[jepsen worker 0] jepsen.util: 0	:ok	:read	[0 0]
2026-02-26 14:19:08,232{GMT}	INFO	[n0 stderr] maelstrom.process: [2026-02-26T13:19:08.230394Z INFO  maelstrom::runtime] Sent {"src":"n0","dest":"c10","body":{"in_reply_to":3,"type":"read_ok","value":0}}
2026-02-26 14:19:08,239{GMT}	INFO	[jepsen worker 0] jepsen.util: 0	:invoke	:read	[0 nil]
2026-02-26 14:19:08,241{GMT}	INFO	[n0 stderr] maelstrom.process: [2026-02-26T13:19:08.240748Z INFO  maelstrom::runtime] Received {"id":48,"src":"c10","dest":"n0","body":{"key":0,"type":"read","msg_id":4}}
2026-02-26 14:19:08,241{GMT}	INFO	[jepsen worker 9] jepsen.util: 9	:invoke	:write	[0 4]
2026-02-26 14:19:08,242{GMT}	INFO	[n0 stderr] maelstrom.process: Node  received READ for key 0
2026-02-26 14:19:08,242{GMT}	INFO	[jepsen worker 0] jepsen.util: 0	:ok	:read	[0 0]
2026-02-26 14:19:08,242{GMT}	INFO	[n0 stderr] maelstrom.process: [2026-02-26T13:19:08.240909Z INFO  maelstrom::runtime] Sent {"src":"n0","dest":"c10","body":{"in_reply_to":4,"type":"read_ok","value":0}}
2026-02-26 14:19:08,243{GMT}	INFO	[n4 stderr] maelstrom.process: [2026-02-26T13:19:08.243099Z INFO  maelstrom::runtime] Received {"id":50,"src":"c16","dest":"n4","body":{"key":0,"value":4,"type":"write","msg_id":2}}
2026-02-26 14:19:08,244{GMT}	INFO	[n4 stderr] maelstrom.process: Node  received WRITE: 0=4
2026-02-26 14:19:08,244{GMT}	INFO	[n4 stderr] maelstrom.process: [2026-02-26T13:19:08.243358Z INFO  maelstrom::runtime] Sent {"src":"n4","dest":"c16","body":{"in_reply_to":2,"type":"write_ok"}}
2026-02-26 14:19:08,244{GMT}	INFO	[jepsen worker 9] jepsen.util: 9	:ok	:write	[0 4]
2026-02-26 14:19:08,257{GMT}	INFO	[jepsen worker 0] jepsen.util: 0	:invoke	:read	[0 nil]
2026-02-26 14:19:08,259{GMT}	INFO	[n0 stderr] maelstrom.process: [2026-02-26T13:19:08.259579Z INFO  maelstrom::runtime] Received {"id":52,"src":"c10","dest":"n0","body":{"key":0,"type":"read","msg_id":5}}
2026-02-26 14:19:08,260{GMT}	INFO	[n0 stderr] maelstrom.process: Node  received READ for key 0
2026-02-26 14:19:08,261{GMT}	INFO	[n0 stderr] maelstrom.process: [2026-02-26T13:19:08.259799Z INFO  maelstrom::runtime] Sent {"src":"n0","dest":"c10","body":{"in_reply_to":5,"type":"read_ok","value":0}}
2026-02-26 14:19:08,261{GMT}	INFO	[jepsen worker 0] jepsen.util: 0	:ok	:read	[0 0]
2026-02-26 14:19:08,269{GMT}	INFO	[jepsen worker 5] jepsen.util: 5	:invoke	:cas	[0 [1 4]]
2026-02-26 14:19:08,270{GMT}	INFO	[n0 stderr] maelstrom.process: [2026-02-26T13:19:08.270462Z INFO  maelstrom::runtime] Received {"id":54,"src":"c11","dest":"n0","body":{"key":0,"from":1,"to":4,"type":"cas","msg_id":8}}
2026-02-26 14:19:08,271{GMT}	INFO	[n0 stderr] maelstrom.process: Node  received CAS (not implemented)
2026-02-26 14:19:08,272{GMT}	INFO	[n0 stderr] maelstrom.process: [2026-02-26T13:19:08.270764Z INFO  maelstrom::runtime] Sent {"src":"n0","dest":"c11","body":{"in_reply_to":8,"type":"cas_ok"}}
2026-02-26 14:19:08,272{GMT}	INFO	[jepsen worker 5] jepsen.util: 5	:ok	:cas	[0 [1 4]]
2026-02-26 14:19:08,285{GMT}	INFO	[jepsen worker 5] jepsen.util: 5	:invoke	:write	[0 2]
2026-02-26 14:19:08,287{GMT}	INFO	[n0 stderr] maelstrom.process: [2026-02-26T13:19:08.286718Z INFO  maelstrom::runtime] Received {"id":56,"src":"c11","dest":"n0","body":{"key":0,"value":2,"type":"write","msg_id":9}}
2026-02-26 14:19:08,287{GMT}	INFO	[n0 stderr] maelstrom.process: Node  received WRITE: 0=2
2026-02-26 14:19:08,288{GMT}	INFO	[n0 stderr] maelstrom.process: [2026-02-26T13:19:08.287017Z INFO  maelstrom::runtime] Sent {"src":"n0","dest":"c11","body":{"in_reply_to":9,"type":"write_ok"}}
2026-02-26 14:19:08,288{GMT}	INFO	[jepsen worker 5] jepsen.util: 5	:ok	:write	[0 2]
2026-02-26 14:19:08,291{GMT}	INFO	[jepsen worker 2] jepsen.util: 2	:invoke	:read	[0 nil]
2026-02-26 14:19:08,293{GMT}	INFO	[n2 stderr] maelstrom.process: [2026-02-26T13:19:08.293278Z INFO  maelstrom::runtime] Received {"id":58,"src":"c12","dest":"n2","body":{"key":0,"type":"read","msg_id":3}}
2026-02-26 14:19:08,294{GMT}	INFO	[n2 stderr] maelstrom.process: Node  received READ for key 0
2026-02-26 14:19:08,294{GMT}	INFO	[n2 stderr] maelstrom.process: [2026-02-26T13:19:08.293518Z INFO  maelstrom::runtime] Sent {"src":"n2","dest":"c12","body":{"in_reply_to":3,"type":"read_ok","value":0}}
2026-02-26 14:19:08,295{GMT}	INFO	[jepsen worker 2] jepsen.util: 2	:ok	:read	[0 0]
2026-02-26 14:19:08,310{GMT}	INFO	[jepsen worker 5] jepsen.util: 5	:invoke	:write	[0 3]
2026-02-26 14:19:08,312{GMT}	INFO	[n0 stderr] maelstrom.process: [2026-02-26T13:19:08.312417Z INFO  maelstrom::runtime] Received {"id":60,"src":"c11","dest":"n0","body":{"key":0,"value":3,"type":"write","msg_id":10}}
2026-02-26 14:19:08,313{GMT}	INFO	[n0 stderr] maelstrom.process: Node  received WRITE: 0=3
2026-02-26 14:19:08,314{GMT}	INFO	[n0 stderr] maelstrom.process: [2026-02-26T13:19:08.312687Z INFO  maelstrom::runtime] Sent {"src":"n0","dest":"c11","body":{"in_reply_to":10,"type":"write_ok"}}
2026-02-26 14:19:08,314{GMT}	INFO	[jepsen worker 5] jepsen.util: 5	:ok	:write	[0 3]
2026-02-26 14:19:08,327{GMT}	INFO	[jepsen worker 4] jepsen.util: 4	:invoke	:read	[0 nil]
2026-02-26 14:19:08,329{GMT}	INFO	[n4 stderr] maelstrom.process: [2026-02-26T13:19:08.328588Z INFO  maelstrom::runtime] Received {"id":62,"src":"c17","dest":"n4","body":{"key":0,"type":"read","msg_id":2}}
2026-02-26 14:19:08,329{GMT}	INFO	[n4 stderr] maelstrom.process: Node  received READ for key 0
2026-02-26 14:19:08,329{GMT}	INFO	[n4 stderr] maelstrom.process: [2026-02-26T13:19:08.328929Z INFO  maelstrom::runtime] Sent {"src":"n4","dest":"c17","body":{"in_reply_to":2,"type":"read_ok","value":0}}
2026-02-26 14:19:08,330{GMT}	INFO	[jepsen worker 4] jepsen.util: 4	:ok	:read	[0 0]
2026-02-26 14:19:08,333{GMT}	INFO	[jepsen worker 0] jepsen.util: 0	:invoke	:read	[0 nil]
2026-02-26 14:19:08,335{GMT}	INFO	[n0 stderr] maelstrom.process: [2026-02-26T13:19:08.335050Z INFO  maelstrom::runtime] Received {"id":64,"src":"c10","dest":"n0","body":{"key":0,"type":"read","msg_id":6}}
2026-02-26 14:19:08,336{GMT}	INFO	[n0 stderr] maelstrom.process: Node  received READ for key 0
2026-02-26 14:19:08,336{GMT}	INFO	[n0 stderr] maelstrom.process: [2026-02-26T13:19:08.335339Z INFO  maelstrom::runtime] Sent {"src":"n0","dest":"c10","body":{"in_reply_to":6,"type":"read_ok","value":0}}
2026-02-26 14:19:08,336{GMT}	INFO	[jepsen worker 0] jepsen.util: 0	:ok	:read	[0 0]
2026-02-26 14:19:08,353{GMT}	INFO	[jepsen worker 6] jepsen.util: 6	:invoke	:cas	[0 [3 3]]
2026-02-26 14:19:08,355{GMT}	INFO	[n1 stderr] maelstrom.process: [2026-02-26T13:19:08.354974Z INFO  maelstrom::runtime] Received {"id":66,"src":"c14","dest":"n1","body":{"key":0,"from":3,"to":3,"type":"cas","msg_id":3}}
2026-02-26 14:19:08,355{GMT}	INFO	[n1 stderr] maelstrom.process: Node  received CAS (not implemented)
2026-02-26 14:19:08,356{GMT}	INFO	[n1 stderr] maelstrom.process: [2026-02-26T13:19:08.355240Z INFO  maelstrom::runtime] Sent {"src":"n1","dest":"c14","body":{"in_reply_to":3,"type":"cas_ok"}}
2026-02-26 14:19:08,356{GMT}	INFO	[jepsen worker 6] jepsen.util: 6	:ok	:cas	[0 [3 3]]
2026-02-26 14:19:08,359{GMT}	INFO	[jepsen worker 7] jepsen.util: 7	:invoke	:cas	[0 [4 4]]
2026-02-26 14:19:08,362{GMT}	INFO	[n2 stderr] maelstrom.process: [2026-02-26T13:19:08.362080Z INFO  maelstrom::runtime] Received {"id":68,"src":"c18","dest":"n2","body":{"key":0,"from":4,"to":4,"type":"cas","msg_id":1}}
2026-02-26 14:19:08,362{GMT}	INFO	[n2 stderr] maelstrom.process: Node  received CAS (not implemented)
2026-02-26 14:19:08,363{GMT}	INFO	[n2 stderr] maelstrom.process: [2026-02-26T13:19:08.362304Z INFO  maelstrom::runtime] Sent {"src":"n2","dest":"c18","body":{"in_reply_to":1,"type":"cas_ok"}}
2026-02-26 14:19:08,363{GMT}	INFO	[jepsen worker 7] jepsen.util: 7	:ok	:cas	[0 [4 4]]
2026-02-26 14:19:08,363{GMT}	INFO	[jepsen worker 0] jepsen.util: 0	:invoke	:read	[0 nil]
2026-02-26 14:19:08,365{GMT}	INFO	[n0 stderr] maelstrom.process: [2026-02-26T13:19:08.365031Z INFO  maelstrom::runtime] Received {"id":70,"src":"c10","dest":"n0","body":{"key":0,"type":"read","msg_id":7}}
2026-02-26 14:19:08,366{GMT}	INFO	[n0 stderr] maelstrom.process: Node  received READ for key 0
2026-02-26 14:19:08,367{GMT}	INFO	[jepsen worker 0] jepsen.util: 0	:ok	:read	[0 0]
2026-02-26 14:19:08,367{GMT}	INFO	[n0 stderr] maelstrom.process: [2026-02-26T13:19:08.365274Z INFO  maelstrom::runtime] Sent {"src":"n0","dest":"c10","body":{"in_reply_to":7,"type":"read_ok","value":0}}
2026-02-26 14:19:08,369{GMT}	INFO	[Jepsen shutdown hook] jepsen.core: Downloading DB logs before JVM shutdown...
2026-02-26 14:19:08,384{GMT}	INFO	[jepsen worker 9] jepsen.util: 9	:invoke	:cas	[0 [2 2]]
2026-02-26 14:19:08,386{GMT}	INFO	[jepsen worker 5] jepsen.util: 5	:invoke	:write	[0 1]
