Initializing with 0 nodes: ""
[2026-02-26T13:05:57.661248Z INFO  maelstrom::runtime] Received {"id":3,"src":"c3","dest":"n2","body":{"type":"init","node_id":"n2","node_ids":["n0","n1","n2","n3","n4"],"msg_id":1}}
[2026-02-26T13:05:57.661993Z INFO  maelstrom::runtime] Sent {"src":"n2","dest":"c3","body":{"in_reply_to":1,"type":"init_ok"}}
[2026-02-26T13:05:57.751563Z INFO  maelstrom::runtime] Received {"id":24,"src":"c13","dest":"n2","body":{"key":0,"from":3,"to":3,"type":"cas","msg_id":1}}
Node  received CAS (not implemented)
[2026-02-26T13:05:57.751708Z INFO  maelstrom::runtime] Sent {"src":"n2","dest":"c13","body":{"in_reply_to":1,"type":"cas_ok"}}
[2026-02-26T13:05:57.889912Z INFO  maelstrom::runtime] Received {"id":46,"src":"c13","dest":"n2","body":{"key":0,"value":4,"type":"write","msg_id":2}}
Node  received WRITE: 0=4
[2026-02-26T13:05:57.890231Z INFO  maelstrom::runtime] Sent {"src":"n2","dest":"c13","body":{"in_reply_to":2,"type":"write_ok"}}
[2026-02-26T13:05:57.957748Z INFO  maelstrom::runtime] Received {"id":58,"src":"c18","dest":"n2","body":{"key":0,"type":"read","msg_id":1}}
Node  received READ for key 0
[2026-02-26T13:05:57.958066Z INFO  maelstrom::runtime] Sent {"src":"n2","dest":"c18","body":{"in_reply_to":1,"type":"read_ok","value":0}}
[2026-02-26T13:05:58.075181Z INFO  maelstrom::runtime] Received {"id":80,"src":"c18","dest":"n2","body":{"key":0,"type":"read","msg_id":2}}
Node  received READ for key 0
[2026-02-26T13:05:58.075435Z INFO  maelstrom::runtime] Sent {"src":"n2","dest":"c18","body":{"in_reply_to":2,"type":"read_ok","value":0}}
[2026-02-26T13:05:58.124981Z INFO  maelstrom::runtime] Received {"id":90,"src":"c13","dest":"n2","body":{"key":0,"from":2,"to":2,"type":"cas","msg_id":3}}
Node  received CAS (not implemented)
[2026-02-26T13:05:58.125236Z INFO  maelstrom::runtime] Sent {"src":"n2","dest":"c13","body":{"in_reply_to":3,"type":"cas_ok"}}
[2026-02-26T13:05:58.168295Z INFO  maelstrom::runtime] Received {"id":102,"src":"c18","dest":"n2","body":{"key":0,"type":"read","msg_id":3}}
Node  received READ for key 0
[2026-02-26T13:05:58.168599Z INFO  maelstrom::runtime] Sent {"src":"n2","dest":"c18","body":{"in_reply_to":3,"type":"read_ok","value":0}}
[2026-02-26T13:05:58.282993Z INFO  maelstrom::runtime] Received {"id":124,"src":"c18","dest":"n2","body":{"key":0,"type":"read","msg_id":4}}
Node  received READ for key 0
[2026-02-26T13:05:58.283264Z INFO  maelstrom::runtime] Sent {"src":"n2","dest":"c18","body":{"in_reply_to":4,"type":"read_ok","value":0}}
[2026-02-26T13:05:58.658988Z INFO  maelstrom::runtime] Received {"id":190,"src":"c18","dest":"n2","body":{"key":0,"type":"read","msg_id":5}}
Node  received READ for key 0
[2026-02-26T13:05:58.659109Z INFO  maelstrom::runtime] Sent {"src":"n2","dest":"c18","body":{"in_reply_to":5,"type":"read_ok","value":0}}
