Initializing with 0 nodes: ""
[2026-02-26T13:05:57.661304Z INFO  maelstrom::runtime] Received {"id":0,"src":"c0","dest":"n3","body":{"type":"init","node_id":"n3","node_ids":["n0","n1","n2","n3","n4"],"msg_id":1}}
[2026-02-26T13:05:57.661840Z INFO  maelstrom::runtime] Sent {"src":"n3","dest":"c0","body":{"in_reply_to":1,"type":"init_ok"}}
[2026-02-26T13:05:57.723593Z INFO  maelstrom::runtime] Received {"id":16,"src":"c12","dest":"n3","body":{"key":0,"type":"read","msg_id":1}}
Node  received READ for key 0
[2026-02-26T13:05:57.723669Z INFO  maelstrom::runtime] Sent {"src":"n3","dest":"c12","body":{"in_reply_to":1,"type":"read_ok","value":0}}
[2026-02-26T13:05:57.764157Z INFO  maelstrom::runtime] Received {"id":26,"src":"c14","dest":"n3","body":{"key":0,"value":3,"type":"write","msg_id":1}}
Node  received WRITE: 0=3
[2026-02-26T13:05:57.764278Z INFO  maelstrom::runtime] Sent {"src":"n3","dest":"c14","body":{"in_reply_to":1,"type":"write_ok"}}
[2026-02-26T13:05:57.899404Z INFO  maelstrom::runtime] Received {"id":48,"src":"c14","dest":"n3","body":{"key":0,"value":4,"type":"write","msg_id":2}}
Node  received WRITE: 0=4
[2026-02-26T13:05:57.899657Z INFO  maelstrom::runtime] Sent {"src":"n3","dest":"c14","body":{"in_reply_to":2,"type":"write_ok"}}
[2026-02-26T13:05:57.966111Z INFO  maelstrom::runtime] Received {"id":60,"src":"c12","dest":"n3","body":{"key":0,"type":"read","msg_id":2}}
Node  received READ for key 0
[2026-02-26T13:05:57.966336Z INFO  maelstrom::runtime] Sent {"src":"n3","dest":"c12","body":{"in_reply_to":2,"type":"read_ok","value":0}}
[2026-02-26T13:05:58.016235Z INFO  maelstrom::runtime] Received {"id":70,"src":"c14","dest":"n3","body":{"key":0,"from":4,"to":0,"type":"cas","msg_id":3}}
Node  received CAS (not implemented)
[2026-02-26T13:05:58.016464Z INFO  maelstrom::runtime] Sent {"src":"n3","dest":"c14","body":{"in_reply_to":3,"type":"cas_ok"}}
[2026-02-26T13:05:58.125726Z INFO  maelstrom::runtime] Received {"id":91,"src":"c14","dest":"n3","body":{"key":0,"value":3,"type":"write","msg_id":4}}
Node  received WRITE: 0=3
[2026-02-26T13:05:58.125986Z INFO  maelstrom::runtime] Sent {"src":"n3","dest":"c14","body":{"in_reply_to":4,"type":"write_ok"}}
[2026-02-26T13:05:58.180055Z INFO  maelstrom::runtime] Received {"id":104,"src":"c12","dest":"n3","body":{"key":0,"type":"read","msg_id":3}}
Node  received READ for key 0
[2026-02-26T13:05:58.180375Z INFO  maelstrom::runtime] Sent {"src":"n3","dest":"c12","body":{"in_reply_to":3,"type":"read_ok","value":0}}
[2026-02-26T13:05:58.248514Z INFO  maelstrom::runtime] Received {"id":114,"src":"c14","dest":"n3","body":{"key":0,"from":3,"to":2,"type":"cas","msg_id":5}}
Node  received CAS (not implemented)
[2026-02-26T13:05:58.248732Z INFO  maelstrom::runtime] Sent {"src":"n3","dest":"c14","body":{"in_reply_to":5,"type":"cas_ok"}}
[2026-02-26T13:05:58.299649Z INFO  maelstrom::runtime] Received {"id":126,"src":"c12","dest":"n3","body":{"key":0,"type":"read","msg_id":4}}
Node  received READ for key 0
[2026-02-26T13:05:58.299979Z INFO  maelstrom::runtime] Sent {"src":"n3","dest":"c12","body":{"in_reply_to":4,"type":"read_ok","value":0}}
[2026-02-26T13:05:58.443060Z INFO  maelstrom::runtime] Received {"id":148,"src":"c12","dest":"n3","body":{"key":0,"type":"read","msg_id":5}}
Node  received READ for key 0
[2026-02-26T13:05:58.443354Z INFO  maelstrom::runtime] Sent {"src":"n3","dest":"c12","body":{"in_reply_to":5,"type":"read_ok","value":0}}
[2026-02-26T13:05:58.512427Z INFO  maelstrom::runtime] Received {"id":158,"src":"c14","dest":"n3","body":{"key":0,"value":3,"type":"write","msg_id":6}}
Node  received WRITE: 0=3
[2026-02-26T13:05:58.512673Z INFO  maelstrom::runtime] Sent {"src":"n3","dest":"c14","body":{"in_reply_to":6,"type":"write_ok"}}
[2026-02-26T13:05:58.566037Z INFO  maelstrom::runtime] Received {"id":170,"src":"c12","dest":"n3","body":{"key":0,"type":"read","msg_id":6}}
Node  received READ for key 0
[2026-02-26T13:05:58.566326Z INFO  maelstrom::runtime] Sent {"src":"n3","dest":"c12","body":{"in_reply_to":6,"type":"read_ok","value":0}}
