Initializing with 0 nodes: ""
[2026-02-26T13:05:57.661247Z INFO  maelstrom::runtime] Received {"id":1,"src":"c1","dest":"n4","body":{"type":"init","node_id":"n4","node_ids":["n0","n1","n2","n3","n4"],"msg_id":1}}
[2026-02-26T13:05:57.661900Z INFO  maelstrom::runtime] Sent {"src":"n4","dest":"c1","body":{"in_reply_to":1,"type":"init_ok"}}
[2026-02-26T13:05:57.764600Z INFO  maelstrom::runtime] Received {"id":27,"src":"c15","dest":"n4","body":{"key":0,"from":0,"to":1,"type":"cas","msg_id":1}}
Node  received CAS (not implemented)
[2026-02-26T13:05:57.764707Z INFO  maelstrom::runtime] Sent {"src":"n4","dest":"c15","body":{"in_reply_to":1,"type":"cas_ok"}}
[2026-02-26T13:05:57.976522Z INFO  maelstrom::runtime] Received {"id":62,"src":"c19","dest":"n4","body":{"key":0,"type":"read","msg_id":1}}
Node  received READ for key 0
[2026-02-26T13:05:57.976744Z INFO  maelstrom::runtime] Sent {"src":"n4","dest":"c19","body":{"in_reply_to":1,"type":"read_ok","value":0}}
[2026-02-26T13:05:58.136877Z INFO  maelstrom::runtime] Received {"id":94,"src":"c15","dest":"n4","body":{"key":0,"from":3,"to":4,"type":"cas","msg_id":2}}
Node  received CAS (not implemented)
[2026-02-26T13:05:58.137167Z INFO  maelstrom::runtime] Sent {"src":"n4","dest":"c15","body":{"in_reply_to":2,"type":"cas_ok"}}
[2026-02-26T13:05:58.457358Z INFO  maelstrom::runtime] Received {"id":150,"src":"c19","dest":"n4","body":{"key":0,"type":"read","msg_id":2}}
Node  received READ for key 0
[2026-02-26T13:05:58.457627Z INFO  maelstrom::runtime] Sent {"src":"n4","dest":"c19","body":{"in_reply_to":2,"type":"read_ok","value":0}}
[2026-02-26T13:05:58.524049Z INFO  maelstrom::runtime] Received {"id":160,"src":"c15","dest":"n4","body":{"key":0,"value":3,"type":"write","msg_id":3}}
Node  received WRITE: 0=3
[2026-02-26T13:05:58.524266Z INFO  maelstrom::runtime] Sent {"src":"n4","dest":"c15","body":{"in_reply_to":3,"type":"write_ok"}}
[2026-02-26T13:05:58.626497Z INFO  maelstrom::runtime] Received {"id":182,"src":"c15","dest":"n4","body":{"key":0,"value":0,"type":"write","msg_id":4}}
Node  received WRITE: 0=0
[2026-02-26T13:05:58.626657Z INFO  maelstrom::runtime] Sent {"src":"n4","dest":"c15","body":{"in_reply_to":4,"type":"write_ok"}}
[2026-02-26T13:05:58.667071Z INFO  maelstrom::runtime] Received {"id":193,"src":"c19","dest":"n4","body":{"key":0,"type":"read","msg_id":3}}
Node  received READ for key 0
[2026-02-26T13:05:58.667173Z INFO  maelstrom::runtime] Sent {"src":"n4","dest":"c19","body":{"in_reply_to":3,"type":"read_ok","value":0}}
