Node  initializing. Total nodes in cluster: 0. All nodes: []
[2026-02-26T13:18:37.507313Z INFO  maelstrom::runtime] Received {"id":4,"src":"c4","dest":"n0","body":{"type":"init","node_id":"n0","node_ids":["n0","n1","n2","n3","n4"],"msg_id":1}}
[2026-02-26T13:18:37.507744Z INFO  maelstrom::runtime] Sent {"src":"n0","dest":"c4","body":{"in_reply_to":1,"type":"init_ok"}}
[2026-02-26T13:18:37.538766Z INFO  maelstrom::runtime] Received {"id":10,"src":"c10","dest":"n0","body":{"key":0,"type":"read","msg_id":1}}
Node  received READ for key 0
[2026-02-26T13:18:37.538887Z INFO  maelstrom::runtime] Sent {"src":"n0","dest":"c10","body":{"in_reply_to":1,"type":"read_ok","value":0}}
[2026-02-26T13:18:37.564051Z INFO  maelstrom::runtime] Received {"id":14,"src":"c12","dest":"n0","body":{"key":0,"from":0,"to":0,"type":"cas","msg_id":1}}
Node  received CAS (not implemented)
[2026-02-26T13:18:37.564224Z INFO  maelstrom::runtime] Sent {"src":"n0","dest":"c12","body":{"in_reply_to":1,"type":"cas_ok"}}
[2026-02-26T13:18:37.580128Z INFO  maelstrom::runtime] Received {"id":16,"src":"c12","dest":"n0","body":{"key":0,"from":2,"to":2,"type":"cas","msg_id":2}}
Node  received CAS (not implemented)
[2026-02-26T13:18:37.580304Z INFO  maelstrom::runtime] Sent {"src":"n0","dest":"c12","body":{"in_reply_to":2,"type":"cas_ok"}}
[2026-02-26T13:18:37.596226Z INFO  maelstrom::runtime] Received {"id":18,"src":"c12","dest":"n0","body":{"key":0,"from":4,"to":1,"type":"cas","msg_id":3}}
Node  received CAS (not implemented)
[2026-02-26T13:18:37.596321Z INFO  maelstrom::runtime] Sent {"src":"n0","dest":"c12","body":{"in_reply_to":3,"type":"cas_ok"}}
[2026-02-26T13:18:37.597887Z INFO  maelstrom::runtime] Received {"id":20,"src":"c12","dest":"n0","body":{"key":0,"from":4,"to":2,"type":"cas","msg_id":4}}
Node  received CAS (not implemented)
[2026-02-26T13:18:37.597993Z INFO  maelstrom::runtime] Sent {"src":"n0","dest":"c12","body":{"in_reply_to":4,"type":"cas_ok"}}
[2026-02-26T13:18:37.619090Z INFO  maelstrom::runtime] Received {"id":26,"src":"c10","dest":"n0","body":{"key":0,"type":"read","msg_id":2}}
Node  received READ for key 0
[2026-02-26T13:18:37.619156Z INFO  maelstrom::runtime] Sent {"src":"n0","dest":"c10","body":{"in_reply_to":2,"type":"read_ok","value":0}}
[2026-02-26T13:18:37.627540Z INFO  maelstrom::runtime] Received {"id":30,"src":"c10","dest":"n0","body":{"key":0,"type":"read","msg_id":3}}
Node  received READ for key 0
[2026-02-26T13:18:37.627608Z INFO  maelstrom::runtime] Sent {"src":"n0","dest":"c10","body":{"in_reply_to":3,"type":"read_ok","value":0}}
[2026-02-26T13:18:37.638331Z INFO  maelstrom::runtime] Received {"id":32,"src":"c10","dest":"n0","body":{"key":0,"type":"read","msg_id":4}}
Node  received READ for key 0
[2026-02-26T13:18:37.638386Z INFO  maelstrom::runtime] Sent {"src":"n0","dest":"c10","body":{"in_reply_to":4,"type":"read_ok","value":0}}
[2026-02-26T13:18:37.654049Z INFO  maelstrom::runtime] Received {"id":34,"src":"c12","dest":"n0","body":{"key":0,"value":1,"type":"write","msg_id":5}}
Node  received WRITE: 0=1
[2026-02-26T13:18:37.654309Z INFO  maelstrom::runtime] Sent {"src":"n0","dest":"c12","body":{"in_reply_to":5,"type":"write_ok"}}
[2026-02-26T13:18:37.661893Z INFO  maelstrom::runtime] Received {"id":40,"src":"c12","dest":"n0","body":{"key":0,"from":1,"to":4,"type":"cas","msg_id":6}}
Node  received CAS (not implemented)
[2026-02-26T13:18:37.662184Z INFO  maelstrom::runtime] Sent {"src":"n0","dest":"c12","body":{"in_reply_to":6,"type":"cas_ok"}}
[2026-02-26T13:18:37.681998Z INFO  maelstrom::runtime] Received {"id":42,"src":"c10","dest":"n0","body":{"key":0,"type":"read","msg_id":5}}
Node  received READ for key 0
[2026-02-26T13:18:37.682305Z INFO  maelstrom::runtime] Sent {"src":"n0","dest":"c10","body":{"in_reply_to":5,"type":"read_ok","value":0}}
[2026-02-26T13:18:37.738700Z INFO  maelstrom::runtime] Received {"id":50,"src":"c10","dest":"n0","body":{"key":0,"type":"read","msg_id":6}}
Node  received READ for key 0
[2026-02-26T13:18:37.738991Z INFO  maelstrom::runtime] Sent {"src":"n0","dest":"c10","body":{"in_reply_to":6,"type":"read_ok","value":0}}
[2026-02-26T13:18:37.740758Z INFO  maelstrom::runtime] Received {"id":52,"src":"c12","dest":"n0","body":{"key":0,"value":4,"type":"write","msg_id":7}}
Node  received WRITE: 0=4
[2026-02-26T13:18:37.741058Z INFO  maelstrom::runtime] Sent {"src":"n0","dest":"c12","body":{"in_reply_to":7,"type":"write_ok"}}
[2026-02-26T13:18:37.758647Z INFO  maelstrom::runtime] Received {"id":54,"src":"c10","dest":"n0","body":{"key":0,"type":"read","msg_id":7}}
Node  received READ for key 0
[2026-02-26T13:18:37.758828Z INFO  maelstrom::runtime] Sent {"src":"n0","dest":"c10","body":{"in_reply_to":7,"type":"read_ok","value":0}}
[2026-02-26T13:18:37.767757Z INFO  maelstrom::runtime] Received {"id":56,"src":"c12","dest":"n0","body":{"key":0,"from":1,"to":3,"type":"cas","msg_id":8}}
Node  received CAS (not implemented)
[2026-02-26T13:18:37.768062Z INFO  maelstrom::runtime] Sent {"src":"n0","dest":"c12","body":{"in_reply_to":8,"type":"cas_ok"}}
[2026-02-26T13:18:37.823411Z INFO  maelstrom::runtime] Received {"id":64,"src":"c12","dest":"n0","body":{"key":0,"from":4,"to":0,"type":"cas","msg_id":9}}
Node  received CAS (not implemented)
[2026-02-26T13:18:37.823688Z INFO  maelstrom::runtime] Sent {"src":"n0","dest":"c12","body":{"in_reply_to":9,"type":"cas_ok"}}
[2026-02-26T13:18:37.843077Z INFO  maelstrom::runtime] Received {"id":66,"src":"c10","dest":"n0","body":{"key":0,"type":"read","msg_id":8}}
Node  received READ for key 0
[2026-02-26T13:18:37.843326Z INFO  maelstrom::runtime] Sent {"src":"n0","dest":"c10","body":{"in_reply_to":8,"type":"read_ok","value":0}}
[2026-02-26T13:18:37.856345Z INFO  maelstrom::runtime] Received {"id":72,"src":"c10","dest":"n0","body":{"key":0,"type":"read","msg_id":9}}
Node  received READ for key 0
[2026-02-26T13:18:37.856628Z INFO  maelstrom::runtime] Sent {"src":"n0","dest":"c10","body":{"in_reply_to":9,"type":"read_ok","value":0}}
[2026-02-26T13:18:37.871587Z INFO  maelstrom::runtime] Received {"id":74,"src":"c10","dest":"n0","body":{"key":0,"type":"read","msg_id":10}}
Node  received READ for key 0
[2026-02-26T13:18:37.871865Z INFO  maelstrom::runtime] Sent {"src":"n0","dest":"c10","body":{"in_reply_to":10,"type":"read_ok","value":0}}
[2026-02-26T13:18:37.875294Z INFO  maelstrom::runtime] Received {"id":76,"src":"c12","dest":"n0","body":{"key":0,"from":3,"to":1,"type":"cas","msg_id":10}}
Node  received CAS (not implemented)
[2026-02-26T13:18:37.875584Z INFO  maelstrom::runtime] Sent {"src":"n0","dest":"c12","body":{"in_reply_to":10,"type":"cas_ok"}}
[2026-02-26T13:18:37.897423Z INFO  maelstrom::runtime] Received {"id":80,"src":"c12","dest":"n0","body":{"key":0,"from":1,"to":3,"type":"cas","msg_id":11}}
Node  received CAS (not implemented)
[2026-02-26T13:18:37.897678Z INFO  maelstrom::runtime] Sent {"src":"n0","dest":"c12","body":{"in_reply_to":11,"type":"cas_ok"}}
[2026-02-26T13:18:37.916708Z INFO  maelstrom::runtime] Received {"id":82,"src":"c12","dest":"n0","body":{"key":0,"from":3,"to":3,"type":"cas","msg_id":12}}
Node  received CAS (not implemented)
[2026-02-26T13:18:37.916919Z INFO  maelstrom::runtime] Sent {"src":"n0","dest":"c12","body":{"in_reply_to":12,"type":"cas_ok"}}
[2026-02-26T13:18:37.937653Z INFO  maelstrom::runtime] Received {"id":86,"src":"c10","dest":"n0","body":{"key":0,"type":"read","msg_id":11}}
Node  received READ for key 0
[2026-02-26T13:18:37.937827Z INFO  maelstrom::runtime] Sent {"src":"n0","dest":"c10","body":{"in_reply_to":11,"type":"read_ok","value":0}}
[2026-02-26T13:18:37.958406Z INFO  maelstrom::runtime] Received {"id":90,"src":"c10","dest":"n0","body":{"key":0,"type":"read","msg_id":12}}
Node  received READ for key 0
[2026-02-26T13:18:37.958703Z INFO  maelstrom::runtime] Sent {"src":"n0","dest":"c10","body":{"in_reply_to":12,"type":"read_ok","value":0}}
[2026-02-26T13:18:37.989235Z INFO  maelstrom::runtime] Received {"id":96,"src":"c12","dest":"n0","body":{"key":0,"value":1,"type":"write","msg_id":13}}
Node  received WRITE: 0=1
[2026-02-26T13:18:37.989491Z INFO  maelstrom::runtime] Sent {"src":"n0","dest":"c12","body":{"in_reply_to":13,"type":"write_ok"}}
[2026-02-26T13:18:38.005427Z INFO  maelstrom::runtime] Received {"id":98,"src":"c12","dest":"n0","body":{"key":0,"from":2,"to":1,"type":"cas","msg_id":14}}
Node  received CAS (not implemented)
[2026-02-26T13:18:38.005673Z INFO  maelstrom::runtime] Sent {"src":"n0","dest":"c12","body":{"in_reply_to":14,"type":"cas_ok"}}
[2026-02-26T13:18:38.045394Z INFO  maelstrom::runtime] Received {"id":108,"src":"c10","dest":"n0","body":{"key":0,"type":"read","msg_id":13}}
Node  received READ for key 0
[2026-02-26T13:18:38.045621Z INFO  maelstrom::runtime] Sent {"src":"n0","dest":"c10","body":{"in_reply_to":13,"type":"read_ok","value":0}}
[2026-02-26T13:18:38.077320Z INFO  maelstrom::runtime] Received {"id":116,"src":"c10","dest":"n0","body":{"key":0,"type":"read","msg_id":14}}
Node  received READ for key 0
[2026-02-26T13:18:38.077600Z INFO  maelstrom::runtime] Sent {"src":"n0","dest":"c10","body":{"in_reply_to":14,"type":"read_ok","value":0}}
[2026-02-26T13:18:38.088444Z INFO  maelstrom::runtime] Received {"id":118,"src":"c10","dest":"n0","body":{"key":0,"type":"read","msg_id":15}}
Node  received READ for key 0
[2026-02-26T13:18:38.088693Z INFO  maelstrom::runtime] Sent {"src":"n0","dest":"c10","body":{"in_reply_to":15,"type":"read_ok","value":0}}
[2026-02-26T13:18:38.154247Z INFO  maelstrom::runtime] Received {"id":130,"src":"c10","dest":"n0","body":{"key":0,"type":"read","msg_id":16}}
Node  received READ for key 0
[2026-02-26T13:18:38.154507Z INFO  maelstrom::runtime] Sent {"src":"n0","dest":"c10","body":{"in_reply_to":16,"type":"read_ok","value":0}}
[2026-02-26T13:18:38.196336Z INFO  maelstrom::runtime] Received {"id":138,"src":"c10","dest":"n0","body":{"key":0,"type":"read","msg_id":17}}
Node  received READ for key 0
[2026-02-26T13:18:38.196573Z INFO  maelstrom::runtime] Sent {"src":"n0","dest":"c10","body":{"in_reply_to":17,"type":"read_ok","value":0}}
[2026-02-26T13:18:38.210984Z INFO  maelstrom::runtime] Received {"id":140,"src":"c10","dest":"n0","body":{"key":0,"type":"read","msg_id":18}}
Node  received READ for key 0
[2026-02-26T13:18:38.211204Z INFO  maelstrom::runtime] Sent {"src":"n0","dest":"c10","body":{"in_reply_to":18,"type":"read_ok","value":0}}
[2026-02-26T13:18:38.225339Z INFO  maelstrom::runtime] Received {"id":142,"src":"c10","dest":"n0","body":{"key":0,"type":"read","msg_id":19}}
Node  received READ for key 0
[2026-02-26T13:18:38.225581Z INFO  maelstrom::runtime] Sent {"src":"n0","dest":"c10","body":{"in_reply_to":19,"type":"read_ok","value":0}}
[2026-02-26T13:18:38.229503Z INFO  maelstrom::runtime] Received {"id":144,"src":"c12","dest":"n0","body":{"key":0,"from":0,"to":1,"type":"cas","msg_id":15}}
Node  received CAS (not implemented)
[2026-02-26T13:18:38.229683Z INFO  maelstrom::runtime] Sent {"src":"n0","dest":"c12","body":{"in_reply_to":15,"type":"cas_ok"}}
[2026-02-26T13:18:38.235609Z INFO  maelstrom::runtime] Received {"id":146,"src":"c12","dest":"n0","body":{"key":0,"from":4,"to":1,"type":"cas","msg_id":16}}
Node  received CAS (not implemented)
[2026-02-26T13:18:38.235864Z INFO  maelstrom::runtime] Sent {"src":"n0","dest":"c12","body":{"in_reply_to":16,"type":"cas_ok"}}
[2026-02-26T13:18:38.242303Z INFO  maelstrom::runtime] Received {"id":148,"src":"c12","dest":"n0","body":{"key":0,"value":1,"type":"write","msg_id":17}}
Node  received WRITE: 0=1
[2026-02-26T13:18:38.242551Z INFO  maelstrom::runtime] Sent {"src":"n0","dest":"c12","body":{"in_reply_to":17,"type":"write_ok"}}
[2026-02-26T13:18:38.252955Z INFO  maelstrom::runtime] Received {"id":150,"src":"c12","dest":"n0","body":{"key":0,"value":4,"type":"write","msg_id":18}}
Node  received WRITE: 0=4
[2026-02-26T13:18:38.253218Z INFO  maelstrom::runtime] Sent {"src":"n0","dest":"c12","body":{"in_reply_to":18,"type":"write_ok"}}
[2026-02-26T13:18:38.266702Z INFO  maelstrom::runtime] Received {"id":152,"src":"c10","dest":"n0","body":{"key":0,"type":"read","msg_id":20}}
Node  received READ for key 0
[2026-02-26T13:18:38.266942Z INFO  maelstrom::runtime] Sent {"src":"n0","dest":"c10","body":{"in_reply_to":20,"type":"read_ok","value":0}}
[2026-02-26T13:18:38.288504Z INFO  maelstrom::runtime] Received {"id":156,"src":"c10","dest":"n0","body":{"key":0,"type":"read","msg_id":21}}
Node  received READ for key 0
[2026-02-26T13:18:38.288770Z INFO  maelstrom::runtime] Sent {"src":"n0","dest":"c10","body":{"in_reply_to":21,"type":"read_ok","value":0}}
[2026-02-26T13:18:38.335703Z INFO  maelstrom::runtime] Received {"id":162,"src":"c10","dest":"n0","body":{"key":0,"type":"read","msg_id":22}}
Node  received READ for key 0
[2026-02-26T13:18:38.335976Z INFO  maelstrom::runtime] Sent {"src":"n0","dest":"c10","body":{"in_reply_to":22,"type":"read_ok","value":0}}
[2026-02-26T13:18:38.363823Z INFO  maelstrom::runtime] Received {"id":168,"src":"c12","dest":"n0","body":{"key":0,"value":3,"type":"write","msg_id":19}}
Node  received WRITE: 0=3
[2026-02-26T13:18:38.364152Z INFO  maelstrom::runtime] Sent {"src":"n0","dest":"c12","body":{"in_reply_to":19,"type":"write_ok"}}
[2026-02-26T13:18:38.382911Z INFO  maelstrom::runtime] Received {"id":170,"src":"c12","dest":"n0","body":{"key":0,"from":4,"to":2,"type":"cas","msg_id":20}}
Node  received CAS (not implemented)
[2026-02-26T13:18:38.383192Z INFO  maelstrom::runtime] Sent {"src":"n0","dest":"c12","body":{"in_reply_to":20,"type":"cas_ok"}}
[2026-02-26T13:18:38.394277Z INFO  maelstrom::runtime] Received {"id":172,"src":"c12","dest":"n0","body":{"key":0,"from":4,"to":0,"type":"cas","msg_id":21}}
Node  received CAS (not implemented)
[2026-02-26T13:18:38.394561Z INFO  maelstrom::runtime] Sent {"src":"n0","dest":"c12","body":{"in_reply_to":21,"type":"cas_ok"}}
[2026-02-26T13:18:38.398292Z INFO  maelstrom::runtime] Received {"id":174,"src":"c12","dest":"n0","body":{"key":0,"from":1,"to":3,"type":"cas","msg_id":22}}
Node  received CAS (not implemented)
[2026-02-26T13:18:38.398570Z INFO  maelstrom::runtime] Sent {"src":"n0","dest":"c12","body":{"in_reply_to":22,"type":"cas_ok"}}
[2026-02-26T13:18:38.411749Z INFO  maelstrom::runtime] Received {"id":176,"src":"c10","dest":"n0","body":{"key":0,"type":"read","msg_id":23}}
Node  received READ for key 0
[2026-02-26T13:18:38.412083Z INFO  maelstrom::runtime] Sent {"src":"n0","dest":"c10","body":{"in_reply_to":23,"type":"read_ok","value":0}}
[2026-02-26T13:18:38.439037Z INFO  maelstrom::runtime] Received {"id":180,"src":"c10","dest":"n0","body":{"key":0,"type":"read","msg_id":24}}
Node  received READ for key 0
[2026-02-26T13:18:38.439343Z INFO  maelstrom::runtime] Sent {"src":"n0","dest":"c10","body":{"in_reply_to":24,"type":"read_ok","value":0}}
[2026-02-26T13:18:38.453743Z INFO  maelstrom::runtime] Received {"id":184,"src":"c10","dest":"n0","body":{"key":0,"type":"read","msg_id":25}}
Node  received READ for key 0
[2026-02-26T13:18:38.453985Z INFO  maelstrom::runtime] Sent {"src":"n0","dest":"c10","body":{"in_reply_to":25,"type":"read_ok","value":0}}
[2026-02-26T13:18:38.466508Z INFO  maelstrom::runtime] Received {"id":186,"src":"c12","dest":"n0","body":{"key":0,"from":2,"to":1,"type":"cas","msg_id":23}}
Node  received CAS (not implemented)
[2026-02-26T13:18:38.466727Z INFO  maelstrom::runtime] Sent {"src":"n0","dest":"c12","body":{"in_reply_to":23,"type":"cas_ok"}}
[2026-02-26T13:18:38.473523Z INFO  maelstrom::runtime] Received {"id":188,"src":"c12","dest":"n0","body":{"key":0,"from":2,"to":2,"type":"cas","msg_id":24}}
Node  received CAS (not implemented)
[2026-02-26T13:18:38.473830Z INFO  maelstrom::runtime] Sent {"src":"n0","dest":"c12","body":{"in_reply_to":24,"type":"cas_ok"}}
[2026-02-26T13:18:38.524460Z INFO  maelstrom::runtime] Received {"id":196,"src":"c12","dest":"n0","body":{"key":0,"from":1,"to":3,"type":"cas","msg_id":25}}
Node  received CAS (not implemented)
[2026-02-26T13:18:38.524714Z INFO  maelstrom::runtime] Sent {"src":"n0","dest":"c12","body":{"in_reply_to":25,"type":"cas_ok"}}
