Node  initializing. Total nodes in cluster: 0. All nodes: []
[2026-02-26T13:18:37.507313Z INFO  maelstrom::runtime] Received {"id":3,"src":"c3","dest":"n1","body":{"type":"init","node_id":"n1","node_ids":["n0","n1","n2","n3","n4"],"msg_id":1}}
[2026-02-26T13:18:37.507855Z INFO  maelstrom::runtime] Sent {"src":"n1","dest":"c3","body":{"in_reply_to":1,"type":"init_ok"}}
[2026-02-26T13:18:37.549749Z INFO  maelstrom::runtime] Received {"id":12,"src":"c11","dest":"n1","body":{"key":0,"type":"read","msg_id":1}}
Node  received READ for key 0
[2026-02-26T13:18:37.549872Z INFO  maelstrom::runtime] Sent {"src":"n1","dest":"c11","body":{"in_reply_to":1,"type":"read_ok","value":0}}
[2026-02-26T13:18:37.606096Z INFO  maelstrom::runtime] Received {"id":22,"src":"c13","dest":"n1","body":{"key":0,"value":1,"type":"write","msg_id":1}}
Node  received WRITE: 0=1
[2026-02-26T13:18:37.606170Z INFO  maelstrom::runtime] Sent {"src":"n1","dest":"c13","body":{"in_reply_to":1,"type":"write_ok"}}
[2026-02-26T13:18:37.659092Z INFO  maelstrom::runtime] Received {"id":37,"src":"c13","dest":"n1","body":{"key":0,"from":0,"to":0,"type":"cas","msg_id":2}}
Node  received CAS (not implemented)
[2026-02-26T13:18:37.659365Z INFO  maelstrom::runtime] Sent {"src":"n1","dest":"c13","body":{"in_reply_to":2,"type":"cas_ok"}}
[2026-02-26T13:18:37.686406Z INFO  maelstrom::runtime] Received {"id":44,"src":"c11","dest":"n1","body":{"key":0,"type":"read","msg_id":2}}
Node  received READ for key 0
[2026-02-26T13:18:37.686676Z INFO  maelstrom::runtime] Sent {"src":"n1","dest":"c11","body":{"in_reply_to":2,"type":"read_ok","value":0}}
[2026-02-26T13:18:37.844946Z INFO  maelstrom::runtime] Received {"id":68,"src":"c11","dest":"n1","body":{"key":0,"type":"read","msg_id":3}}
Node  received READ for key 0
[2026-02-26T13:18:37.846362Z INFO  maelstrom::runtime] Sent {"src":"n1","dest":"c11","body":{"in_reply_to":3,"type":"read_ok","value":0}}
[2026-02-26T13:18:37.886818Z INFO  maelstrom::runtime] Received {"id":78,"src":"c11","dest":"n1","body":{"key":0,"type":"read","msg_id":4}}
Node  received READ for key 0
[2026-02-26T13:18:37.887124Z INFO  maelstrom::runtime] Sent {"src":"n1","dest":"c11","body":{"in_reply_to":4,"type":"read_ok","value":0}}
[2026-02-26T13:18:37.947714Z INFO  maelstrom::runtime] Received {"id":88,"src":"c13","dest":"n1","body":{"key":0,"from":1,"to":4,"type":"cas","msg_id":3}}
Node  received CAS (not implemented)
[2026-02-26T13:18:37.948012Z INFO  maelstrom::runtime] Sent {"src":"n1","dest":"c13","body":{"in_reply_to":3,"type":"cas_ok"}}
[2026-02-26T13:18:38.008870Z INFO  maelstrom::runtime] Received {"id":100,"src":"c11","dest":"n1","body":{"key":0,"type":"read","msg_id":5}}
Node  received READ for key 0
[2026-02-26T13:18:38.009188Z INFO  maelstrom::runtime] Sent {"src":"n1","dest":"c11","body":{"in_reply_to":5,"type":"read_ok","value":0}}
[2026-02-26T13:18:38.048734Z INFO  maelstrom::runtime] Received {"id":110,"src":"c11","dest":"n1","body":{"key":0,"type":"read","msg_id":6}}
Node  received READ for key 0
[2026-02-26T13:18:38.049017Z INFO  maelstrom::runtime] Sent {"src":"n1","dest":"c11","body":{"in_reply_to":6,"type":"read_ok","value":0}}
[2026-02-26T13:18:38.088597Z INFO  maelstrom::runtime] Received {"id":119,"src":"c11","dest":"n1","body":{"key":0,"type":"read","msg_id":7}}
Node  received READ for key 0
[2026-02-26T13:18:38.088817Z INFO  maelstrom::runtime] Sent {"src":"n1","dest":"c11","body":{"in_reply_to":7,"type":"read_ok","value":0}}
[2026-02-26T13:18:38.109356Z INFO  maelstrom::runtime] Received {"id":122,"src":"c11","dest":"n1","body":{"key":0,"type":"read","msg_id":8}}
Node  received READ for key 0
[2026-02-26T13:18:38.109617Z INFO  maelstrom::runtime] Sent {"src":"n1","dest":"c11","body":{"in_reply_to":8,"type":"read_ok","value":0}}
[2026-02-26T13:18:38.165741Z INFO  maelstrom::runtime] Received {"id":132,"src":"c13","dest":"n1","body":{"key":0,"from":0,"to":2,"type":"cas","msg_id":4}}
Node  received CAS (not implemented)
[2026-02-26T13:18:38.165966Z INFO  maelstrom::runtime] Sent {"src":"n1","dest":"c13","body":{"in_reply_to":4,"type":"cas_ok"}}
[2026-02-26T13:18:38.273517Z INFO  maelstrom::runtime] Received {"id":154,"src":"c13","dest":"n1","body":{"key":0,"value":1,"type":"write","msg_id":5}}
Node  received WRITE: 0=1
[2026-02-26T13:18:38.273744Z INFO  maelstrom::runtime] Sent {"src":"n1","dest":"c13","body":{"in_reply_to":5,"type":"write_ok"}}
[2026-02-26T13:18:38.337168Z INFO  maelstrom::runtime] Received {"id":163,"src":"c11","dest":"n1","body":{"key":0,"type":"read","msg_id":9}}
Node  received READ for key 0
[2026-02-26T13:18:38.337388Z INFO  maelstrom::runtime] Sent {"src":"n1","dest":"c11","body":{"in_reply_to":9,"type":"read_ok","value":0}}
[2026-02-26T13:18:38.354807Z INFO  maelstrom::runtime] Received {"id":166,"src":"c11","dest":"n1","body":{"key":0,"type":"read","msg_id":10}}
Node  received READ for key 0
[2026-02-26T13:18:38.355025Z INFO  maelstrom::runtime] Sent {"src":"n1","dest":"c11","body":{"in_reply_to":10,"type":"read_ok","value":0}}
