Node  initializing. Total nodes in cluster: 0. All nodes: []
[2026-02-26T13:18:37.507709Z INFO  maelstrom::runtime] Received {"id":0,"src":"c0","dest":"n2","body":{"type":"init","node_id":"n2","node_ids":["n0","n1","n2","n3","n4"],"msg_id":1}}
[2026-02-26T13:18:37.508126Z INFO  maelstrom::runtime] Sent {"src":"n2","dest":"c0","body":{"in_reply_to":1,"type":"init_ok"}}
[2026-02-26T13:18:37.614455Z INFO  maelstrom::runtime] Received {"id":24,"src":"c14","dest":"n2","body":{"key":0,"from":2,"to":2,"type":"cas","msg_id":1}}
Node  received CAS (not implemented)
[2026-02-26T13:18:37.614536Z INFO  maelstrom::runtime] Sent {"src":"n2","dest":"c14","body":{"in_reply_to":1,"type":"cas_ok"}}
[2026-02-26T13:18:37.658909Z INFO  maelstrom::runtime] Received {"id":36,"src":"c16","dest":"n2","body":{"key":0,"type":"read","msg_id":1}}
Node  received READ for key 0
[2026-02-26T13:18:37.659096Z INFO  maelstrom::runtime] Sent {"src":"n2","dest":"c16","body":{"in_reply_to":1,"type":"read_ok","value":0}}
[2026-02-26T13:18:37.698197Z INFO  maelstrom::runtime] Received {"id":46,"src":"c14","dest":"n2","body":{"key":0,"from":4,"to":1,"type":"cas","msg_id":2}}
Node  received CAS (not implemented)
[2026-02-26T13:18:37.698529Z INFO  maelstrom::runtime] Sent {"src":"n2","dest":"c14","body":{"in_reply_to":2,"type":"cas_ok"}}
[2026-02-26T13:18:37.776801Z INFO  maelstrom::runtime] Received {"id":58,"src":"c16","dest":"n2","body":{"key":0,"type":"read","msg_id":2}}
Node  received READ for key 0
[2026-02-26T13:18:37.777067Z INFO  maelstrom::runtime] Sent {"src":"n2","dest":"c16","body":{"in_reply_to":2,"type":"read_ok","value":0}}
[2026-02-26T13:18:37.844739Z INFO  maelstrom::runtime] Received {"id":67,"src":"c14","dest":"n2","body":{"key":0,"from":3,"to":4,"type":"cas","msg_id":3}}
Node  received CAS (not implemented)
[2026-02-26T13:18:37.846715Z INFO  maelstrom::runtime] Sent {"src":"n2","dest":"c14","body":{"in_reply_to":3,"type":"cas_ok"}}
[2026-02-26T13:18:38.026601Z INFO  maelstrom::runtime] Received {"id":102,"src":"c16","dest":"n2","body":{"key":0,"type":"read","msg_id":3}}
Node  received READ for key 0
[2026-02-26T13:18:38.026857Z INFO  maelstrom::runtime] Sent {"src":"n2","dest":"c16","body":{"in_reply_to":3,"type":"read_ok","value":0}}
[2026-02-26T13:18:38.068176Z INFO  maelstrom::runtime] Received {"id":112,"src":"c14","dest":"n2","body":{"key":0,"from":0,"to":0,"type":"cas","msg_id":4}}
Node  received CAS (not implemented)
[2026-02-26T13:18:38.068437Z INFO  maelstrom::runtime] Sent {"src":"n2","dest":"c14","body":{"in_reply_to":4,"type":"cas_ok"}}
[2026-02-26T13:18:38.112561Z INFO  maelstrom::runtime] Received {"id":124,"src":"c16","dest":"n2","body":{"key":0,"type":"read","msg_id":4}}
Node  received READ for key 0
[2026-02-26T13:18:38.112821Z INFO  maelstrom::runtime] Sent {"src":"n2","dest":"c16","body":{"in_reply_to":4,"type":"read_ok","value":0}}
[2026-02-26T13:18:38.181885Z INFO  maelstrom::runtime] Received {"id":134,"src":"c14","dest":"n2","body":{"key":0,"from":3,"to":4,"type":"cas","msg_id":5}}
Node  received CAS (not implemented)
[2026-02-26T13:18:38.182118Z INFO  maelstrom::runtime] Sent {"src":"n2","dest":"c14","body":{"in_reply_to":5,"type":"cas_ok"}}
[2026-02-26T13:18:38.430739Z INFO  maelstrom::runtime] Received {"id":178,"src":"c14","dest":"n2","body":{"key":0,"value":0,"type":"write","msg_id":6}}
Node  received WRITE: 0=0
[2026-02-26T13:18:38.430986Z INFO  maelstrom::runtime] Sent {"src":"n2","dest":"c14","body":{"in_reply_to":6,"type":"write_ok"}}
[2026-02-26T13:18:38.487367Z INFO  maelstrom::runtime] Received {"id":190,"src":"c16","dest":"n2","body":{"key":0,"type":"read","msg_id":5}}
Node  received READ for key 0
[2026-02-26T13:18:38.487588Z INFO  maelstrom::runtime] Sent {"src":"n2","dest":"c16","body":{"in_reply_to":5,"type":"read_ok","value":0}}
