Node  initializing. Total nodes in cluster: 0. All nodes: []
[2026-02-26T13:18:37.507500Z INFO  maelstrom::runtime] Received {"id":1,"src":"c1","dest":"n3","body":{"type":"init","node_id":"n3","node_ids":["n0","n1","n2","n3","n4"],"msg_id":1}}
[2026-02-26T13:18:37.510263Z INFO  maelstrom::runtime] Sent {"src":"n3","dest":"c1","body":{"in_reply_to":1,"type":"init_ok"}}
[2026-02-26T13:18:37.719444Z INFO  maelstrom::runtime] Received {"id":48,"src":"c17","dest":"n3","body":{"key":0,"from":3,"to":3,"type":"cas","msg_id":1}}
Node  received CAS (not implemented)
[2026-02-26T13:18:37.719721Z INFO  maelstrom::runtime] Sent {"src":"n3","dest":"c17","body":{"in_reply_to":1,"type":"cas_ok"}}
[2026-02-26T13:18:37.789225Z INFO  maelstrom::runtime] Received {"id":60,"src":"c18","dest":"n3","body":{"key":0,"type":"read","msg_id":1}}
Node  received READ for key 0
[2026-02-26T13:18:37.789526Z INFO  maelstrom::runtime] Sent {"src":"n3","dest":"c18","body":{"in_reply_to":1,"type":"read_ok","value":0}}
[2026-02-26T13:18:37.968571Z INFO  maelstrom::runtime] Received {"id":92,"src":"c17","dest":"n3","body":{"key":0,"from":1,"to":0,"type":"cas","msg_id":2}}
Node  received CAS (not implemented)
[2026-02-26T13:18:37.968826Z INFO  maelstrom::runtime] Sent {"src":"n3","dest":"c17","body":{"in_reply_to":2,"type":"cas_ok"}}
[2026-02-26T13:18:38.036193Z INFO  maelstrom::runtime] Received {"id":104,"src":"c18","dest":"n3","body":{"key":0,"type":"read","msg_id":2}}
Node  received READ for key 0
[2026-02-26T13:18:38.036482Z INFO  maelstrom::runtime] Sent {"src":"n3","dest":"c18","body":{"in_reply_to":2,"type":"read_ok","value":0}}
[2026-02-26T13:18:38.069764Z INFO  maelstrom::runtime] Received {"id":113,"src":"c17","dest":"n3","body":{"key":0,"value":2,"type":"write","msg_id":3}}
Node  received WRITE: 0=2
[2026-02-26T13:18:38.070037Z INFO  maelstrom::runtime] Sent {"src":"n3","dest":"c17","body":{"in_reply_to":3,"type":"write_ok"}}
[2026-02-26T13:18:38.120286Z INFO  maelstrom::runtime] Received {"id":126,"src":"c18","dest":"n3","body":{"key":0,"type":"read","msg_id":3}}
Node  received READ for key 0
[2026-02-26T13:18:38.120542Z INFO  maelstrom::runtime] Sent {"src":"n3","dest":"c18","body":{"in_reply_to":3,"type":"read_ok","value":0}}
[2026-02-26T13:18:38.191233Z INFO  maelstrom::runtime] Received {"id":136,"src":"c17","dest":"n3","body":{"key":0,"from":3,"to":0,"type":"cas","msg_id":4}}
Node  received CAS (not implemented)
[2026-02-26T13:18:38.191424Z INFO  maelstrom::runtime] Sent {"src":"n3","dest":"c17","body":{"in_reply_to":4,"type":"cas_ok"}}
[2026-02-26T13:18:38.306445Z INFO  maelstrom::runtime] Received {"id":158,"src":"c17","dest":"n3","body":{"key":0,"from":3,"to":1,"type":"cas","msg_id":5}}
Node  received CAS (not implemented)
[2026-02-26T13:18:38.306734Z INFO  maelstrom::runtime] Sent {"src":"n3","dest":"c17","body":{"in_reply_to":5,"type":"cas_ok"}}
[2026-02-26T13:18:38.495072Z INFO  maelstrom::runtime] Received {"id":192,"src":"c18","dest":"n3","body":{"key":0,"type":"read","msg_id":4}}
Node  received READ for key 0
[2026-02-26T13:18:38.495323Z INFO  maelstrom::runtime] Sent {"src":"n3","dest":"c18","body":{"in_reply_to":4,"type":"read_ok","value":0}}
