Node  initializing. Total nodes in cluster: 0. All nodes: []
[2026-02-26T13:18:37.507366Z INFO  maelstrom::runtime] Received {"id":2,"src":"c2","dest":"n4","body":{"type":"init","node_id":"n4","node_ids":["n0","n1","n2","n3","n4"],"msg_id":1}}
[2026-02-26T13:18:37.507926Z INFO  maelstrom::runtime] Sent {"src":"n4","dest":"c2","body":{"in_reply_to":1,"type":"init_ok"}}
[2026-02-26T13:18:37.621341Z INFO  maelstrom::runtime] Received {"id":28,"src":"c15","dest":"n4","body":{"key":0,"from":4,"to":4,"type":"cas","msg_id":1}}
Node  received CAS (not implemented)
[2026-02-26T13:18:37.621439Z INFO  maelstrom::runtime] Sent {"src":"n4","dest":"c15","body":{"in_reply_to":1,"type":"cas_ok"}}
[2026-02-26T13:18:37.809962Z INFO  maelstrom::runtime] Received {"id":62,"src":"c19","dest":"n4","body":{"key":0,"type":"read","msg_id":1}}
Node  received READ for key 0
[2026-02-26T13:18:37.810163Z INFO  maelstrom::runtime] Sent {"src":"n4","dest":"c19","body":{"in_reply_to":1,"type":"read_ok","value":0}}
[2026-02-26T13:18:37.922191Z INFO  maelstrom::runtime] Received {"id":84,"src":"c19","dest":"n4","body":{"key":0,"type":"read","msg_id":2}}
Node  received READ for key 0
[2026-02-26T13:18:37.922468Z INFO  maelstrom::runtime] Sent {"src":"n4","dest":"c19","body":{"in_reply_to":2,"type":"read_ok","value":0}}
[2026-02-26T13:18:37.979160Z INFO  maelstrom::runtime] Received {"id":94,"src":"c15","dest":"n4","body":{"key":0,"value":2,"type":"write","msg_id":2}}
Node  received WRITE: 0=2
[2026-02-26T13:18:37.979493Z INFO  maelstrom::runtime] Sent {"src":"n4","dest":"c15","body":{"in_reply_to":2,"type":"write_ok"}}
[2026-02-26T13:18:38.041713Z INFO  maelstrom::runtime] Received {"id":106,"src":"c19","dest":"n4","body":{"key":0,"type":"read","msg_id":3}}
Node  received READ for key 0
[2026-02-26T13:18:38.042000Z INFO  maelstrom::runtime] Sent {"src":"n4","dest":"c19","body":{"in_reply_to":3,"type":"read_ok","value":0}}
[2026-02-26T13:18:38.134098Z INFO  maelstrom::runtime] Received {"id":128,"src":"c19","dest":"n4","body":{"key":0,"type":"read","msg_id":4}}
Node  received READ for key 0
[2026-02-26T13:18:38.134355Z INFO  maelstrom::runtime] Sent {"src":"n4","dest":"c19","body":{"in_reply_to":4,"type":"read_ok","value":0}}
[2026-02-26T13:18:38.326647Z INFO  maelstrom::runtime] Received {"id":160,"src":"c15","dest":"n4","body":{"key":0,"from":1,"to":3,"type":"cas","msg_id":3}}
Node  received CAS (not implemented)
[2026-02-26T13:18:38.326976Z INFO  maelstrom::runtime] Sent {"src":"n4","dest":"c15","body":{"in_reply_to":3,"type":"cas_ok"}}
[2026-02-26T13:18:38.441342Z INFO  maelstrom::runtime] Received {"id":182,"src":"c15","dest":"n4","body":{"key":0,"value":2,"type":"write","msg_id":4}}
Node  received WRITE: 0=2
[2026-02-26T13:18:38.441645Z INFO  maelstrom::runtime] Sent {"src":"n4","dest":"c15","body":{"in_reply_to":4,"type":"write_ok"}}
[2026-02-26T13:18:38.505483Z INFO  maelstrom::runtime] Received {"id":194,"src":"c19","dest":"n4","body":{"key":0,"type":"read","msg_id":5}}
Node  received READ for key 0
[2026-02-26T13:18:38.505772Z INFO  maelstrom::runtime] Sent {"src":"n4","dest":"c19","body":{"in_reply_to":5,"type":"read_ok","value":0}}
