[2026-02-26T11:45:13.363938Z INFO  maelstrom::runtime] Received {"id":0,"src":"c0","dest":"n0","body":{"type":"init","node_id":"n0","node_ids":["n0"],"msg_id":1}}
[2026-02-26T11:45:13.364368Z INFO  maelstrom::runtime] Sent {"src":"n0","dest":"c0","body":{"in_reply_to":1,"type":"init_ok"}}
[2026-02-26T11:45:13.398512Z INFO  maelstrom::runtime] Received {"id":3,"src":"c3","dest":"n0","body":{"key":0,"from":3,"to":1,"type":"cas","msg_id":1}}
Node  received CAS (not implemented)
[2026-02-26T11:45:13.398757Z INFO  maelstrom::runtime] Sent {"src":"n0","dest":"c3","body":{"in_reply_to":1,"type":"cas_ok"}}
[2026-02-26T11:45:13.399286Z INFO  maelstrom::runtime] Received {"id":2,"src":"c2","dest":"n0","body":{"key":0,"type":"read","msg_id":1}}
Node  received READ for key 0
[2026-02-26T11:45:13.399406Z INFO  maelstrom::runtime] Sent {"src":"n0","dest":"c2","body":{"in_reply_to":1,"type":"read_ok","value":0}}
[2026-02-26T11:45:13.403306Z INFO  maelstrom::runtime] Received {"id":6,"src":"c3","dest":"n0","body":{"key":0,"from":3,"to":3,"type":"cas","msg_id":2}}
Node  received CAS (not implemented)
[2026-02-26T11:45:13.403437Z INFO  maelstrom::runtime] Sent {"src":"n0","dest":"c3","body":{"in_reply_to":2,"type":"cas_ok"}}
[2026-02-26T11:45:13.424111Z INFO  maelstrom::runtime] Received {"id":8,"src":"c2","dest":"n0","body":{"key":0,"type":"read","msg_id":2}}
Node  received READ for key 0
[2026-02-26T11:45:13.424225Z INFO  maelstrom::runtime] Sent {"src":"n0","dest":"c2","body":{"in_reply_to":2,"type":"read_ok","value":0}}
[2026-02-26T11:45:13.424258Z INFO  maelstrom::runtime] Received {"id":9,"src":"c3","dest":"n0","body":{"key":0,"from":0,"to":3,"type":"cas","msg_id":3}}
Node  received CAS (not implemented)
[2026-02-26T11:45:13.424306Z INFO  maelstrom::runtime] Sent {"src":"n0","dest":"c3","body":{"in_reply_to":3,"type":"cas_ok"}}
[2026-02-26T11:45:13.437761Z INFO  maelstrom::runtime] Received {"id":12,"src":"c3","dest":"n0","body":{"key":0,"from":4,"to":3,"type":"cas","msg_id":4}}
Node  received CAS (not implemented)
[2026-02-26T11:45:13.437857Z INFO  maelstrom::runtime] Sent {"src":"n0","dest":"c3","body":{"in_reply_to":4,"type":"cas_ok"}}
[2026-02-26T11:45:13.448140Z INFO  maelstrom::runtime] Received {"id":14,"src":"c3","dest":"n0","body":{"key":0,"from":3,"to":2,"type":"cas","msg_id":5}}
Node  received CAS (not implemented)
[2026-02-26T11:45:13.448287Z INFO  maelstrom::runtime] Sent {"src":"n0","dest":"c3","body":{"in_reply_to":5,"type":"cas_ok"}}
[2026-02-26T11:45:13.458371Z INFO  maelstrom::runtime] Received {"id":16,"src":"c2","dest":"n0","body":{"key":0,"type":"read","msg_id":3}}
Node  received READ for key 0
[2026-02-26T11:45:13.458470Z INFO  maelstrom::runtime] Sent {"src":"n0","dest":"c2","body":{"in_reply_to":3,"type":"read_ok","value":0}}
[2026-02-26T11:45:13.468969Z INFO  maelstrom::runtime] Received {"id":18,"src":"c2","dest":"n0","body":{"key":0,"type":"read","msg_id":4}}
Node  received READ for key 0
[2026-02-26T11:45:13.469074Z INFO  maelstrom::runtime] Sent {"src":"n0","dest":"c2","body":{"in_reply_to":4,"type":"read_ok","value":0}}
[2026-02-26T11:45:13.473599Z INFO  maelstrom::runtime] Received {"id":20,"src":"c2","dest":"n0","body":{"key":0,"type":"read","msg_id":5}}
[2026-02-26T11:45:13.473701Z INFO  maelstrom::runtime] Received {"id":21,"src":"c3","dest":"n0","body":{"key":0,"from":0,"to":1,"type":"cas","msg_id":6}}
Node  received READ for key 0
Node  received CAS (not implemented)
[2026-02-26T11:45:13.473746Z INFO  maelstrom::runtime] Sent {"src":"n0","dest":"c2","body":{"in_reply_to":5,"type":"read_ok","value":0}}
[2026-02-26T11:45:13.473793Z INFO  maelstrom::runtime] Sent {"src":"n0","dest":"c3","body":{"in_reply_to":6,"type":"cas_ok"}}
[2026-02-26T11:45:13.494585Z INFO  maelstrom::runtime] Received {"id":24,"src":"c3","dest":"n0","body":{"key":0,"from":0,"to":2,"type":"cas","msg_id":7}}
Node  received CAS (not implemented)
[2026-02-26T11:45:13.494749Z INFO  maelstrom::runtime] Sent {"src":"n0","dest":"c3","body":{"in_reply_to":7,"type":"cas_ok"}}
[2026-02-26T11:45:13.502153Z INFO  maelstrom::runtime] Received {"id":26,"src":"c2","dest":"n0","body":{"key":0,"type":"read","msg_id":6}}
Node  received READ for key 0
[2026-02-26T11:45:13.502289Z INFO  maelstrom::runtime] Sent {"src":"n0","dest":"c2","body":{"in_reply_to":6,"type":"read_ok","value":0}}
[2026-02-26T11:45:13.514486Z INFO  maelstrom::runtime] Received {"id":28,"src":"c3","dest":"n0","body":{"key":0,"value":2,"type":"write","msg_id":8}}
Node  received WRITE: 0=2
[2026-02-26T11:45:13.514625Z INFO  maelstrom::runtime] Sent {"src":"n0","dest":"c3","body":{"in_reply_to":8,"type":"write_ok"}}
[2026-02-26T11:45:13.523166Z INFO  maelstrom::runtime] Received {"id":30,"src":"c3","dest":"n0","body":{"key":0,"value":3,"type":"write","msg_id":9}}
Node  received WRITE: 0=3
[2026-02-26T11:45:13.523330Z INFO  maelstrom::runtime] Sent {"src":"n0","dest":"c3","body":{"in_reply_to":9,"type":"write_ok"}}
[2026-02-26T11:45:13.537090Z INFO  maelstrom::runtime] Received {"id":32,"src":"c3","dest":"n0","body":{"key":0,"from":0,"to":1,"type":"cas","msg_id":10}}
Node  received CAS (not implemented)
[2026-02-26T11:45:13.537330Z INFO  maelstrom::runtime] Sent {"src":"n0","dest":"c3","body":{"in_reply_to":10,"type":"cas_ok"}}
[2026-02-26T11:45:13.546281Z INFO  maelstrom::runtime] Received {"id":34,"src":"c3","dest":"n0","body":{"key":0,"from":3,"to":3,"type":"cas","msg_id":11}}
Node  received CAS (not implemented)
[2026-02-26T11:45:13.546520Z INFO  maelstrom::runtime] Sent {"src":"n0","dest":"c3","body":{"in_reply_to":11,"type":"cas_ok"}}
[2026-02-26T11:45:13.548586Z INFO  maelstrom::runtime] Received {"id":36,"src":"c2","dest":"n0","body":{"key":0,"type":"read","msg_id":7}}
Node  received READ for key 0
[2026-02-26T11:45:13.548676Z INFO  maelstrom::runtime] Sent {"src":"n0","dest":"c2","body":{"in_reply_to":7,"type":"read_ok","value":0}}
[2026-02-26T11:45:13.554877Z INFO  maelstrom::runtime] Received {"id":38,"src":"c3","dest":"n0","body":{"key":0,"value":1,"type":"write","msg_id":12}}
Node  received WRITE: 0=1
[2026-02-26T11:45:13.555146Z INFO  maelstrom::runtime] Sent {"src":"n0","dest":"c3","body":{"in_reply_to":12,"type":"write_ok"}}
[2026-02-26T11:45:13.558467Z INFO  maelstrom::runtime] Received {"id":40,"src":"c2","dest":"n0","body":{"key":0,"type":"read","msg_id":8}}
Node  received READ for key 0
[2026-02-26T11:45:13.558720Z INFO  maelstrom::runtime] Sent {"src":"n0","dest":"c2","body":{"in_reply_to":8,"type":"read_ok","value":0}}
[2026-02-26T11:45:13.559093Z INFO  maelstrom::runtime] Received {"id":41,"src":"c3","dest":"n0","body":{"key":0,"value":1,"type":"write","msg_id":13}}
Node  received WRITE: 0=1
[2026-02-26T11:45:13.559385Z INFO  maelstrom::runtime] Sent {"src":"n0","dest":"c3","body":{"in_reply_to":13,"type":"write_ok"}}
[2026-02-26T11:45:13.572327Z INFO  maelstrom::runtime] Received {"id":44,"src":"c3","dest":"n0","body":{"key":0,"value":1,"type":"write","msg_id":14}}
Node  received WRITE: 0=1
[2026-02-26T11:45:13.572513Z INFO  maelstrom::runtime] Sent {"src":"n0","dest":"c3","body":{"in_reply_to":14,"type":"write_ok"}}
[2026-02-26T11:45:13.589308Z INFO  maelstrom::runtime] Received {"id":46,"src":"c2","dest":"n0","body":{"key":0,"type":"read","msg_id":9}}
Node  received READ for key 0
[2026-02-26T11:45:13.589549Z INFO  maelstrom::runtime] Sent {"src":"n0","dest":"c2","body":{"in_reply_to":9,"type":"read_ok","value":0}}
[2026-02-26T11:45:13.594607Z INFO  maelstrom::runtime] Received {"id":48,"src":"c3","dest":"n0","body":{"key":0,"from":0,"to":4,"type":"cas","msg_id":15}}
Node  received CAS (not implemented)
[2026-02-26T11:45:13.594731Z INFO  maelstrom::runtime] Sent {"src":"n0","dest":"c3","body":{"in_reply_to":15,"type":"cas_ok"}}
[2026-02-26T11:45:13.610885Z INFO  maelstrom::runtime] Received {"id":50,"src":"c3","dest":"n0","body":{"key":0,"from":2,"to":2,"type":"cas","msg_id":16}}
Node  received CAS (not implemented)
[2026-02-26T11:45:13.611058Z INFO  maelstrom::runtime] Sent {"src":"n0","dest":"c3","body":{"in_reply_to":16,"type":"cas_ok"}}
[2026-02-26T11:45:13.618402Z INFO  maelstrom::runtime] Received {"id":52,"src":"c2","dest":"n0","body":{"key":0,"type":"read","msg_id":10}}
Node  received READ for key 0
[2026-02-26T11:45:13.618673Z INFO  maelstrom::runtime] Sent {"src":"n0","dest":"c2","body":{"in_reply_to":10,"type":"read_ok","value":0}}
[2026-02-26T11:45:13.629345Z INFO  maelstrom::runtime] Received {"id":54,"src":"c3","dest":"n0","body":{"key":0,"value":4,"type":"write","msg_id":17}}
Node  received WRITE: 0=4
[2026-02-26T11:45:13.629650Z INFO  maelstrom::runtime] Sent {"src":"n0","dest":"c3","body":{"in_reply_to":17,"type":"write_ok"}}
[2026-02-26T11:45:13.638289Z INFO  maelstrom::runtime] Received {"id":56,"src":"c3","dest":"n0","body":{"key":0,"value":2,"type":"write","msg_id":18}}
Node  received WRITE: 0=2
[2026-02-26T11:45:13.638577Z INFO  maelstrom::runtime] Sent {"src":"n0","dest":"c3","body":{"in_reply_to":18,"type":"write_ok"}}
[2026-02-26T11:45:13.640550Z INFO  maelstrom::runtime] Received {"id":58,"src":"c2","dest":"n0","body":{"key":0,"type":"read","msg_id":11}}
Node  received READ for key 0
[2026-02-26T11:45:13.640739Z INFO  maelstrom::runtime] Sent {"src":"n0","dest":"c2","body":{"in_reply_to":11,"type":"read_ok","value":0}}
[2026-02-26T11:45:13.656099Z INFO  maelstrom::runtime] Received {"id":60,"src":"c2","dest":"n0","body":{"key":0,"type":"read","msg_id":12}}
Node  received READ for key 0
[2026-02-26T11:45:13.656192Z INFO  maelstrom::runtime] Sent {"src":"n0","dest":"c2","body":{"in_reply_to":12,"type":"read_ok","value":0}}
[2026-02-26T11:45:13.660844Z INFO  maelstrom::runtime] Received {"id":62,"src":"c2","dest":"n0","body":{"key":0,"type":"read","msg_id":13}}
Node  received READ for key 0
[2026-02-26T11:45:13.661210Z INFO  maelstrom::runtime] Sent {"src":"n0","dest":"c2","body":{"in_reply_to":13,"type":"read_ok","value":0}}
[2026-02-26T11:45:13.676264Z INFO  maelstrom::runtime] Received {"id":64,"src":"c3","dest":"n0","body":{"key":0,"value":0,"type":"write","msg_id":19}}
Node  received WRITE: 0=0
[2026-02-26T11:45:13.676596Z INFO  maelstrom::runtime] Received {"id":65,"src":"c2","dest":"n0","body":{"key":0,"type":"read","msg_id":14}}
[2026-02-26T11:45:13.676596Z INFO  maelstrom::runtime] Sent {"src":"n0","dest":"c3","body":{"in_reply_to":19,"type":"write_ok"}}
Node  received READ for key 0
[2026-02-26T11:45:13.676653Z INFO  maelstrom::runtime] Sent {"src":"n0","dest":"c2","body":{"in_reply_to":14,"type":"read_ok","value":0}}
[2026-02-26T11:45:13.693433Z INFO  maelstrom::runtime] Received {"id":68,"src":"c2","dest":"n0","body":{"key":0,"type":"read","msg_id":15}}
Node  received READ for key 0
[2026-02-26T11:45:13.693617Z INFO  maelstrom::runtime] Sent {"src":"n0","dest":"c2","body":{"in_reply_to":15,"type":"read_ok","value":0}}
[2026-02-26T11:45:13.713095Z INFO  maelstrom::runtime] Received {"id":71,"src":"c3","dest":"n0","body":{"key":0,"from":1,"to":3,"type":"cas","msg_id":20}}
[2026-02-26T11:45:13.713311Z INFO  maelstrom::runtime] Received {"id":70,"src":"c2","dest":"n0","body":{"key":0,"type":"read","msg_id":16}}
Node  received CAS (not implemented)
Node  received READ for key 0
[2026-02-26T11:45:13.713472Z INFO  maelstrom::runtime] Sent {"src":"n0","dest":"c3","body":{"in_reply_to":20,"type":"cas_ok"}}
[2026-02-26T11:45:13.713572Z INFO  maelstrom::runtime] Sent {"src":"n0","dest":"c2","body":{"in_reply_to":16,"type":"read_ok","value":0}}
[2026-02-26T11:45:13.718094Z INFO  maelstrom::runtime] Received {"id":74,"src":"c3","dest":"n0","body":{"key":0,"value":4,"type":"write","msg_id":21}}
Node  received WRITE: 0=4
[2026-02-26T11:45:13.718258Z INFO  maelstrom::runtime] Sent {"src":"n0","dest":"c3","body":{"in_reply_to":21,"type":"write_ok"}}
[2026-02-26T11:45:13.735522Z INFO  maelstrom::runtime] Received {"id":76,"src":"c3","dest":"n0","body":{"key":0,"value":3,"type":"write","msg_id":22}}
Node  received WRITE: 0=3
[2026-02-26T11:45:13.735850Z INFO  maelstrom::runtime] Sent {"src":"n0","dest":"c3","body":{"in_reply_to":22,"type":"write_ok"}}
[2026-02-26T11:45:13.737504Z INFO  maelstrom::runtime] Received {"id":77,"src":"c2","dest":"n0","body":{"key":0,"type":"read","msg_id":17}}
Node  received READ for key 0
[2026-02-26T11:45:13.739909Z INFO  maelstrom::runtime] Sent {"src":"n0","dest":"c2","body":{"in_reply_to":17,"type":"read_ok","value":0}}
[2026-02-26T11:45:13.752281Z INFO  maelstrom::runtime] Received {"id":80,"src":"c3","dest":"n0","body":{"key":0,"from":4,"to":0,"type":"cas","msg_id":23}}
Node  received CAS (not implemented)
[2026-02-26T11:45:13.752597Z INFO  maelstrom::runtime] Sent {"src":"n0","dest":"c3","body":{"in_reply_to":23,"type":"cas_ok"}}
[2026-02-26T11:45:13.772334Z INFO  maelstrom::runtime] Received {"id":82,"src":"c2","dest":"n0","body":{"key":0,"type":"read","msg_id":18}}
Node  received READ for key 0
[2026-02-26T11:45:13.772470Z INFO  maelstrom::runtime] Sent {"src":"n0","dest":"c2","body":{"in_reply_to":18,"type":"read_ok","value":0}}
[2026-02-26T11:45:13.781252Z INFO  maelstrom::runtime] Received {"id":84,"src":"c2","dest":"n0","body":{"key":0,"type":"read","msg_id":19}}
Node  received READ for key 0
[2026-02-26T11:45:13.781411Z INFO  maelstrom::runtime] Sent {"src":"n0","dest":"c2","body":{"in_reply_to":19,"type":"read_ok","value":0}}
[2026-02-26T11:45:13.785527Z INFO  maelstrom::runtime] Received {"id":86,"src":"c2","dest":"n0","body":{"key":0,"type":"read","msg_id":20}}
Node  received READ for key 0
[2026-02-26T11:45:13.785697Z INFO  maelstrom::runtime] Sent {"src":"n0","dest":"c2","body":{"in_reply_to":20,"type":"read_ok","value":0}}
[2026-02-26T11:45:13.787994Z INFO  maelstrom::runtime] Received {"id":88,"src":"c3","dest":"n0","body":{"key":0,"value":0,"type":"write","msg_id":24}}
Node  received WRITE: 0=0
[2026-02-26T11:45:13.788219Z INFO  maelstrom::runtime] Sent {"src":"n0","dest":"c3","body":{"in_reply_to":24,"type":"write_ok"}}
[2026-02-26T11:45:13.795978Z INFO  maelstrom::runtime] Received {"id":90,"src":"c2","dest":"n0","body":{"key":0,"type":"read","msg_id":21}}
Node  received READ for key 0
[2026-02-26T11:45:13.796146Z INFO  maelstrom::runtime] Sent {"src":"n0","dest":"c2","body":{"in_reply_to":21,"type":"read_ok","value":0}}
[2026-02-26T11:45:13.803599Z INFO  maelstrom::runtime] Received {"id":92,"src":"c2","dest":"n0","body":{"key":0,"type":"read","msg_id":22}}
Node  received READ for key 0
[2026-02-26T11:45:13.803980Z INFO  maelstrom::runtime] Sent {"src":"n0","dest":"c2","body":{"in_reply_to":22,"type":"read_ok","value":0}}
[2026-02-26T11:45:13.822513Z INFO  maelstrom::runtime] Received {"id":94,"src":"c2","dest":"n0","body":{"key":0,"type":"read","msg_id":23}}
Node  received READ for key 0
[2026-02-26T11:45:13.822694Z INFO  maelstrom::runtime] Sent {"src":"n0","dest":"c2","body":{"in_reply_to":23,"type":"read_ok","value":0}}
[2026-02-26T11:45:13.828329Z INFO  maelstrom::runtime] Received {"id":96,"src":"c3","dest":"n0","body":{"key":0,"value":4,"type":"write","msg_id":25}}
Node  received WRITE: 0=4
[2026-02-26T11:45:13.828614Z INFO  maelstrom::runtime] Sent {"src":"n0","dest":"c3","body":{"in_reply_to":25,"type":"write_ok"}}
[2026-02-26T11:45:13.839476Z INFO  maelstrom::runtime] Received {"id":98,"src":"c3","dest":"n0","body":{"key":0,"from":2,"to":4,"type":"cas","msg_id":26}}
Node  received CAS (not implemented)
[2026-02-26T11:45:13.839709Z INFO  maelstrom::runtime] Sent {"src":"n0","dest":"c3","body":{"in_reply_to":26,"type":"cas_ok"}}
[2026-02-26T11:45:13.854505Z INFO  maelstrom::runtime] Received {"id":100,"src":"c3","dest":"n0","body":{"key":0,"from":4,"to":1,"type":"cas","msg_id":27}}
Node  received CAS (not implemented)
[2026-02-26T11:45:13.854679Z INFO  maelstrom::runtime] Sent {"src":"n0","dest":"c3","body":{"in_reply_to":27,"type":"cas_ok"}}
[2026-02-26T11:45:13.872730Z INFO  maelstrom::runtime] Received {"id":102,"src":"c3","dest":"n0","body":{"key":0,"from":2,"to":3,"type":"cas","msg_id":28}}
Node  received CAS (not implemented)
[2026-02-26T11:45:13.872942Z INFO  maelstrom::runtime] Sent {"src":"n0","dest":"c3","body":{"in_reply_to":28,"type":"cas_ok"}}
[2026-02-26T11:45:13.876463Z INFO  maelstrom::runtime] Received {"id":104,"src":"c2","dest":"n0","body":{"key":0,"type":"read","msg_id":24}}
Node  received READ for key 0
[2026-02-26T11:45:13.876636Z INFO  maelstrom::runtime] Sent {"src":"n0","dest":"c2","body":{"in_reply_to":24,"type":"read_ok","value":0}}
[2026-02-26T11:45:13.892560Z INFO  maelstrom::runtime] Received {"id":106,"src":"c3","dest":"n0","body":{"key":0,"value":1,"type":"write","msg_id":29}}
Node  received WRITE: 0=1
[2026-02-26T11:45:13.892902Z INFO  maelstrom::runtime] Sent {"src":"n0","dest":"c3","body":{"in_reply_to":29,"type":"write_ok"}}
[2026-02-26T11:45:13.911476Z INFO  maelstrom::runtime] Received {"id":108,"src":"c2","dest":"n0","body":{"key":0,"type":"read","msg_id":25}}
Node  received READ for key 0
[2026-02-26T11:45:13.911654Z INFO  maelstrom::runtime] Sent {"src":"n0","dest":"c2","body":{"in_reply_to":25,"type":"read_ok","value":0}}
[2026-02-26T11:45:13.917239Z INFO  maelstrom::runtime] Received {"id":110,"src":"c3","dest":"n0","body":{"key":0,"from":3,"to":4,"type":"cas","msg_id":30}}
Node  received CAS (not implemented)
[2026-02-26T11:45:13.917403Z INFO  maelstrom::runtime] Sent {"src":"n0","dest":"c3","body":{"in_reply_to":30,"type":"cas_ok"}}
[2026-02-26T11:45:13.924923Z INFO  maelstrom::runtime] Received {"id":112,"src":"c3","dest":"n0","body":{"key":0,"value":3,"type":"write","msg_id":31}}
Node  received WRITE: 0=3
[2026-02-26T11:45:13.925296Z INFO  maelstrom::runtime] Sent {"src":"n0","dest":"c3","body":{"in_reply_to":31,"type":"write_ok"}}
[2026-02-26T11:45:13.931432Z INFO  maelstrom::runtime] Received {"id":114,"src":"c3","dest":"n0","body":{"key":0,"value":2,"type":"write","msg_id":32}}
Node  received WRITE: 0=2
[2026-02-26T11:45:13.931671Z INFO  maelstrom::runtime] Sent {"src":"n0","dest":"c3","body":{"in_reply_to":32,"type":"write_ok"}}
[2026-02-26T11:45:13.953390Z INFO  maelstrom::runtime] Received {"id":116,"src":"c3","dest":"n0","body":{"key":0,"from":0,"to":1,"type":"cas","msg_id":33}}
Node  received CAS (not implemented)
[2026-02-26T11:45:13.953715Z INFO  maelstrom::runtime] Sent {"src":"n0","dest":"c3","body":{"in_reply_to":33,"type":"cas_ok"}}
[2026-02-26T11:45:13.958309Z INFO  maelstrom::runtime] Received {"id":118,"src":"c2","dest":"n0","body":{"key":0,"type":"read","msg_id":26}}
Node  received READ for key 0
[2026-02-26T11:45:13.958468Z INFO  maelstrom::runtime] Sent {"src":"n0","dest":"c2","body":{"in_reply_to":26,"type":"read_ok","value":0}}
[2026-02-26T11:45:13.971469Z INFO  maelstrom::runtime] Received {"id":120,"src":"c3","dest":"n0","body":{"key":0,"from":4,"to":4,"type":"cas","msg_id":34}}
Node  received CAS (not implemented)
[2026-02-26T11:45:13.971685Z INFO  maelstrom::runtime] Sent {"src":"n0","dest":"c3","body":{"in_reply_to":34,"type":"cas_ok"}}
[2026-02-26T11:45:13.985733Z INFO  maelstrom::runtime] Received {"id":122,"src":"c2","dest":"n0","body":{"key":0,"type":"read","msg_id":27}}
Node  received READ for key 0
[2026-02-26T11:45:13.985986Z INFO  maelstrom::runtime] Sent {"src":"n0","dest":"c2","body":{"in_reply_to":27,"type":"read_ok","value":0}}
[2026-02-26T11:45:13.997454Z INFO  maelstrom::runtime] Received {"id":124,"src":"c2","dest":"n0","body":{"key":0,"type":"read","msg_id":28}}
Node  received READ for key 0
[2026-02-26T11:45:13.997992Z INFO  maelstrom::runtime] Sent {"src":"n0","dest":"c2","body":{"in_reply_to":28,"type":"read_ok","value":0}}
[2026-02-26T11:45:13.999944Z INFO  maelstrom::runtime] Received {"id":126,"src":"c3","dest":"n0","body":{"key":0,"value":1,"type":"write","msg_id":35}}
Node  received WRITE: 0=1
[2026-02-26T11:45:14.000142Z INFO  maelstrom::runtime] Sent {"src":"n0","dest":"c3","body":{"in_reply_to":35,"type":"write_ok"}}
[2026-02-26T11:45:14.014895Z INFO  maelstrom::runtime] Received {"id":128,"src":"c2","dest":"n0","body":{"key":0,"type":"read","msg_id":29}}
Node  received READ for key 0
[2026-02-26T11:45:14.015410Z INFO  maelstrom::runtime] Sent {"src":"n0","dest":"c2","body":{"in_reply_to":29,"type":"read_ok","value":0}}
[2026-02-26T11:45:14.017463Z INFO  maelstrom::runtime] Received {"id":129,"src":"c3","dest":"n0","body":{"key":0,"from":3,"to":4,"type":"cas","msg_id":36}}
Node  received CAS (not implemented)
[2026-02-26T11:45:14.017732Z INFO  maelstrom::runtime] Sent {"src":"n0","dest":"c3","body":{"in_reply_to":36,"type":"cas_ok"}}
[2026-02-26T11:45:14.026976Z INFO  maelstrom::runtime] Received {"id":132,"src":"c3","dest":"n0","body":{"key":0,"value":2,"type":"write","msg_id":37}}
Node  received WRITE: 0=2
[2026-02-26T11:45:14.027428Z INFO  maelstrom::runtime] Sent {"src":"n0","dest":"c3","body":{"in_reply_to":37,"type":"write_ok"}}
[2026-02-26T11:45:14.028444Z INFO  maelstrom::runtime] Received {"id":133,"src":"c2","dest":"n0","body":{"key":0,"type":"read","msg_id":30}}
Node  received READ for key 0
[2026-02-26T11:45:14.028656Z INFO  maelstrom::runtime] Sent {"src":"n0","dest":"c2","body":{"in_reply_to":30,"type":"read_ok","value":0}}
[2026-02-26T11:45:14.039165Z INFO  maelstrom::runtime] Received {"id":136,"src":"c3","dest":"n0","body":{"key":0,"from":1,"to":0,"type":"cas","msg_id":38}}
Node  received CAS (not implemented)
[2026-02-26T11:45:14.039462Z INFO  maelstrom::runtime] Sent {"src":"n0","dest":"c3","body":{"in_reply_to":38,"type":"cas_ok"}}
[2026-02-26T11:45:14.047884Z INFO  maelstrom::runtime] Received {"id":138,"src":"c2","dest":"n0","body":{"key":0,"type":"read","msg_id":31}}
Node  received READ for key 0
[2026-02-26T11:45:14.048107Z INFO  maelstrom::runtime] Sent {"src":"n0","dest":"c2","body":{"in_reply_to":31,"type":"read_ok","value":0}}
[2026-02-26T11:45:14.065529Z INFO  maelstrom::runtime] Received {"id":140,"src":"c2","dest":"n0","body":{"key":0,"type":"read","msg_id":32}}
Node  received READ for key 0
[2026-02-26T11:45:14.065849Z INFO  maelstrom::runtime] Sent {"src":"n0","dest":"c2","body":{"in_reply_to":32,"type":"read_ok","value":0}}
[2026-02-26T11:45:14.065955Z INFO  maelstrom::runtime] Received {"id":141,"src":"c3","dest":"n0","body":{"key":0,"from":2,"to":0,"type":"cas","msg_id":39}}
Node  received CAS (not implemented)
[2026-02-26T11:45:14.066111Z INFO  maelstrom::runtime] Sent {"src":"n0","dest":"c3","body":{"in_reply_to":39,"type":"cas_ok"}}
[2026-02-26T11:45:14.070846Z INFO  maelstrom::runtime] Received {"id":144,"src":"c2","dest":"n0","body":{"key":0,"type":"read","msg_id":33}}
Node  received READ for key 0
[2026-02-26T11:45:14.071005Z INFO  maelstrom::runtime] Sent {"src":"n0","dest":"c2","body":{"in_reply_to":33,"type":"read_ok","value":0}}
[2026-02-26T11:45:14.071406Z INFO  maelstrom::runtime] Received {"id":145,"src":"c3","dest":"n0","body":{"key":0,"value":4,"type":"write","msg_id":40}}
Node  received WRITE: 0=4
[2026-02-26T11:45:14.071509Z INFO  maelstrom::runtime] Sent {"src":"n0","dest":"c3","body":{"in_reply_to":40,"type":"write_ok"}}
[2026-02-26T11:45:14.079974Z INFO  maelstrom::runtime] Received {"id":148,"src":"c2","dest":"n0","body":{"key":0,"type":"read","msg_id":34}}
Node  received READ for key 0
[2026-02-26T11:45:14.080232Z INFO  maelstrom::runtime] Sent {"src":"n0","dest":"c2","body":{"in_reply_to":34,"type":"read_ok","value":0}}
[2026-02-26T11:45:14.089459Z INFO  maelstrom::runtime] Received {"id":150,"src":"c2","dest":"n0","body":{"key":0,"type":"read","msg_id":35}}
Node  received READ for key 0
[2026-02-26T11:45:14.089828Z INFO  maelstrom::runtime] Sent {"src":"n0","dest":"c2","body":{"in_reply_to":35,"type":"read_ok","value":0}}
[2026-02-26T11:45:14.090080Z INFO  maelstrom::runtime] Received {"id":151,"src":"c3","dest":"n0","body":{"key":0,"from":1,"to":1,"type":"cas","msg_id":41}}
Node  received CAS (not implemented)
[2026-02-26T11:45:14.090186Z INFO  maelstrom::runtime] Sent {"src":"n0","dest":"c3","body":{"in_reply_to":41,"type":"cas_ok"}}
[2026-02-26T11:45:14.107629Z INFO  maelstrom::runtime] Received {"id":154,"src":"c3","dest":"n0","body":{"key":0,"from":4,"to":0,"type":"cas","msg_id":42}}
Node  received CAS (not implemented)
[2026-02-26T11:45:14.107713Z INFO  maelstrom::runtime] Sent {"src":"n0","dest":"c3","body":{"in_reply_to":42,"type":"cas_ok"}}
[2026-02-26T11:45:14.119969Z INFO  maelstrom::runtime] Received {"id":156,"src":"c2","dest":"n0","body":{"key":0,"type":"read","msg_id":36}}
Node  received READ for key 0
[2026-02-26T11:45:14.120338Z INFO  maelstrom::runtime] Sent {"src":"n0","dest":"c2","body":{"in_reply_to":36,"type":"read_ok","value":0}}
[2026-02-26T11:45:14.135309Z INFO  maelstrom::runtime] Received {"id":158,"src":"c3","dest":"n0","body":{"key":0,"from":4,"to":3,"type":"cas","msg_id":43}}
Node  received CAS (not implemented)
[2026-02-26T11:45:14.135616Z INFO  maelstrom::runtime] Sent {"src":"n0","dest":"c3","body":{"in_reply_to":43,"type":"cas_ok"}}
[2026-02-26T11:45:14.153268Z INFO  maelstrom::runtime] Received {"id":160,"src":"c3","dest":"n0","body":{"key":0,"value":3,"type":"write","msg_id":44}}
Node  received WRITE: 0=3
[2026-02-26T11:45:14.153436Z INFO  maelstrom::runtime] Sent {"src":"n0","dest":"c3","body":{"in_reply_to":44,"type":"write_ok"}}
[2026-02-26T11:45:14.163529Z INFO  maelstrom::runtime] Received {"id":162,"src":"c3","dest":"n0","body":{"key":0,"value":0,"type":"write","msg_id":45}}
Node  received WRITE: 0=0
[2026-02-26T11:45:14.164049Z INFO  maelstrom::runtime] Sent {"src":"n0","dest":"c3","body":{"in_reply_to":45,"type":"write_ok"}}
[2026-02-26T11:45:14.174534Z INFO  maelstrom::runtime] Received {"id":164,"src":"c2","dest":"n0","body":{"key":0,"type":"read","msg_id":37}}
Node  received READ for key 0
[2026-02-26T11:45:14.174939Z INFO  maelstrom::runtime] Sent {"src":"n0","dest":"c2","body":{"in_reply_to":37,"type":"read_ok","value":0}}
[2026-02-26T11:45:14.177939Z INFO  maelstrom::runtime] Received {"id":166,"src":"c3","dest":"n0","body":{"key":0,"from":2,"to":2,"type":"cas","msg_id":46}}
Node  received CAS (not implemented)
[2026-02-26T11:45:14.178089Z INFO  maelstrom::runtime] Sent {"src":"n0","dest":"c3","body":{"in_reply_to":46,"type":"cas_ok"}}
[2026-02-26T11:45:14.198632Z INFO  maelstrom::runtime] Received {"id":168,"src":"c3","dest":"n0","body":{"key":0,"from":2,"to":3,"type":"cas","msg_id":47}}
Node  received CAS (not implemented)
[2026-02-26T11:45:14.198892Z INFO  maelstrom::runtime] Sent {"src":"n0","dest":"c3","body":{"in_reply_to":47,"type":"cas_ok"}}
[2026-02-26T11:45:14.207314Z INFO  maelstrom::runtime] Received {"id":170,"src":"c2","dest":"n0","body":{"key":0,"type":"read","msg_id":38}}
Node  received READ for key 0
[2026-02-26T11:45:14.207550Z INFO  maelstrom::runtime] Sent {"src":"n0","dest":"c2","body":{"in_reply_to":38,"type":"read_ok","value":0}}
[2026-02-26T11:45:14.209443Z INFO  maelstrom::runtime] Received {"id":172,"src":"c3","dest":"n0","body":{"key":0,"value":0,"type":"write","msg_id":48}}
Node  received WRITE: 0=0
[2026-02-26T11:45:14.209649Z INFO  maelstrom::runtime] Sent {"src":"n0","dest":"c3","body":{"in_reply_to":48,"type":"write_ok"}}
[2026-02-26T11:45:14.211487Z INFO  maelstrom::runtime] Received {"id":174,"src":"c2","dest":"n0","body":{"key":0,"type":"read","msg_id":39}}
Node  received READ for key 0
[2026-02-26T11:45:14.211866Z INFO  maelstrom::runtime] Sent {"src":"n0","dest":"c2","body":{"in_reply_to":39,"type":"read_ok","value":0}}
[2026-02-26T11:45:14.223329Z INFO  maelstrom::runtime] Received {"id":176,"src":"c3","dest":"n0","body":{"key":0,"from":1,"to":3,"type":"cas","msg_id":49}}
Node  received CAS (not implemented)
[2026-02-26T11:45:14.223653Z INFO  maelstrom::runtime] Sent {"src":"n0","dest":"c3","body":{"in_reply_to":49,"type":"cas_ok"}}
[2026-02-26T11:45:14.244097Z INFO  maelstrom::runtime] Received {"id":178,"src":"c2","dest":"n0","body":{"key":0,"type":"read","msg_id":40}}
Node  received READ for key 0
[2026-02-26T11:45:14.244224Z INFO  maelstrom::runtime] Sent {"src":"n0","dest":"c2","body":{"in_reply_to":40,"type":"read_ok","value":0}}
[2026-02-26T11:45:14.263239Z INFO  maelstrom::runtime] Received {"id":180,"src":"c3","dest":"n0","body":{"key":0,"from":4,"to":4,"type":"cas","msg_id":50}}
Node  received CAS (not implemented)
[2026-02-26T11:45:14.263449Z INFO  maelstrom::runtime] Sent {"src":"n0","dest":"c3","body":{"in_reply_to":50,"type":"cas_ok"}}
[2026-02-26T11:45:14.274010Z INFO  maelstrom::runtime] Received {"id":182,"src":"c2","dest":"n0","body":{"key":0,"type":"read","msg_id":41}}
Node  received READ for key 0
[2026-02-26T11:45:14.274153Z INFO  maelstrom::runtime] Sent {"src":"n0","dest":"c2","body":{"in_reply_to":41,"type":"read_ok","value":0}}
[2026-02-26T11:45:14.286880Z INFO  maelstrom::runtime] Received {"id":184,"src":"c3","dest":"n0","body":{"key":0,"from":4,"to":0,"type":"cas","msg_id":51}}
Node  received CAS (not implemented)
[2026-02-26T11:45:14.287026Z INFO  maelstrom::runtime] Sent {"src":"n0","dest":"c3","body":{"in_reply_to":51,"type":"cas_ok"}}
[2026-02-26T11:45:14.291288Z INFO  maelstrom::runtime] Received {"id":186,"src":"c3","dest":"n0","body":{"key":0,"value":4,"type":"write","msg_id":52}}
Node  received WRITE: 0=4
[2026-02-26T11:45:14.291479Z INFO  maelstrom::runtime] Sent {"src":"n0","dest":"c3","body":{"in_reply_to":52,"type":"write_ok"}}
[2026-02-26T11:45:14.310435Z INFO  maelstrom::runtime] Received {"id":188,"src":"c2","dest":"n0","body":{"key":0,"type":"read","msg_id":42}}
Node  received READ for key 0
[2026-02-26T11:45:14.310621Z INFO  maelstrom::runtime] Sent {"src":"n0","dest":"c2","body":{"in_reply_to":42,"type":"read_ok","value":0}}
[2026-02-26T11:45:14.328850Z INFO  maelstrom::runtime] Received {"id":190,"src":"c3","dest":"n0","body":{"key":0,"from":3,"to":0,"type":"cas","msg_id":53}}
Node  received CAS (not implemented)
[2026-02-26T11:45:14.329177Z INFO  maelstrom::runtime] Sent {"src":"n0","dest":"c3","body":{"in_reply_to":53,"type":"cas_ok"}}
[2026-02-26T11:45:14.335152Z INFO  maelstrom::runtime] Received {"id":192,"src":"c3","dest":"n0","body":{"key":0,"value":3,"type":"write","msg_id":54}}
Node  received WRITE: 0=3
[2026-02-26T11:45:14.335485Z INFO  maelstrom::runtime] Sent {"src":"n0","dest":"c3","body":{"in_reply_to":54,"type":"write_ok"}}
[2026-02-26T11:45:14.343297Z INFO  maelstrom::runtime] Received {"id":194,"src":"c2","dest":"n0","body":{"key":0,"type":"read","msg_id":43}}
Node  received READ for key 0
[2026-02-26T11:45:14.343479Z INFO  maelstrom::runtime] Sent {"src":"n0","dest":"c2","body":{"in_reply_to":43,"type":"read_ok","value":0}}
[2026-02-26T11:45:14.356451Z INFO  maelstrom::runtime] Received {"id":196,"src":"c2","dest":"n0","body":{"key":0,"type":"read","msg_id":44}}
Node  received READ for key 0
[2026-02-26T11:45:14.356900Z INFO  maelstrom::runtime] Sent {"src":"n0","dest":"c2","body":{"in_reply_to":44,"type":"read_ok","value":0}}
[2026-02-26T11:45:14.358541Z INFO  maelstrom::runtime] Received {"id":197,"src":"c3","dest":"n0","body":{"key":0,"value":4,"type":"write","msg_id":55}}
Node  received WRITE: 0=4
[2026-02-26T11:45:14.358770Z INFO  maelstrom::runtime] Sent {"src":"n0","dest":"c3","body":{"in_reply_to":55,"type":"write_ok"}}
[2026-02-26T11:45:14.374595Z INFO  maelstrom::runtime] Received {"id":200,"src":"c3","dest":"n0","body":{"key":0,"from":3,"to":4,"type":"cas","msg_id":56}}
Node  received CAS (not implemented)
[2026-02-26T11:45:14.374844Z INFO  maelstrom::runtime] Sent {"src":"n0","dest":"c3","body":{"in_reply_to":56,"type":"cas_ok"}}
[2026-02-26T11:45:14.378534Z INFO  maelstrom::runtime] Received {"id":202,"src":"c2","dest":"n0","body":{"key":0,"type":"read","msg_id":45}}
Node  received READ for key 0
[2026-02-26T11:45:14.378879Z INFO  maelstrom::runtime] Sent {"src":"n0","dest":"c2","body":{"in_reply_to":45,"type":"read_ok","value":0}}
[2026-02-26T11:45:14.383907Z INFO  maelstrom::runtime] Received {"id":204,"src":"c3","dest":"n0","body":{"key":0,"from":0,"to":0,"type":"cas","msg_id":57}}
Node  received CAS (not implemented)
[2026-02-26T11:45:14.384321Z INFO  maelstrom::runtime] Sent {"src":"n0","dest":"c3","body":{"in_reply_to":57,"type":"cas_ok"}}
