[2026-02-26T13:16:36.352745Z INFO  maelstrom::runtime] Received {"id":1,"src":"c1","dest":"n1","body":{"type":"init","node_id":"n1","node_ids":["n0","n1","n2","n3","n4"],"msg_id":1}}
Node n1 initializing. Total nodes in cluster: 5. All nodes: ["n0", "n1", "n2", "n3", "n4"]
[2026-02-26T13:16:36.353053Z INFO  maelstrom::runtime] Sent {"src":"n1","dest":"c1","body":{"in_reply_to":1,"type":"init_ok"}}
[2026-02-26T13:16:36.525770Z INFO  maelstrom::runtime] Received {"id":39,"src":"c16","dest":"n1","body":{"key":0,"from":3,"to":2,"type":"cas","msg_id":1}}
Node  received CAS (not implemented)
[2026-02-26T13:16:36.525908Z INFO  maelstrom::runtime] Sent {"src":"n1","dest":"c16","body":{"in_reply_to":1,"type":"cas_ok"}}
[2026-02-26T13:16:36.538679Z INFO  maelstrom::runtime] Received {"id":44,"src":"c16","dest":"n1","body":{"key":0,"value":3,"type":"write","msg_id":2}}
Node  received WRITE: 0=3
[2026-02-26T13:16:36.538719Z INFO  maelstrom::runtime] Sent {"src":"n1","dest":"c16","body":{"in_reply_to":2,"type":"write_ok"}}
[2026-02-26T13:16:36.618496Z INFO  maelstrom::runtime] Received {"id":56,"src":"c17","dest":"n1","body":{"key":0,"type":"read","msg_id":1}}
Node  received READ for key 0
[2026-02-26T13:16:36.618700Z INFO  maelstrom::runtime] Sent {"src":"n1","dest":"c17","body":{"in_reply_to":1,"type":"read_ok","value":0}}
[2026-02-26T13:16:36.662906Z INFO  maelstrom::runtime] Received {"id":66,"src":"c16","dest":"n1","body":{"key":0,"from":4,"to":4,"type":"cas","msg_id":3}}
Node  received CAS (not implemented)
[2026-02-26T13:16:36.663221Z INFO  maelstrom::runtime] Sent {"src":"n1","dest":"c16","body":{"in_reply_to":3,"type":"cas_ok"}}
[2026-02-26T13:16:36.731365Z INFO  maelstrom::runtime] Received {"id":78,"src":"c17","dest":"n1","body":{"key":0,"type":"read","msg_id":2}}
Node  received READ for key 0
[2026-02-26T13:16:36.731600Z INFO  maelstrom::runtime] Sent {"src":"n1","dest":"c17","body":{"in_reply_to":2,"type":"read_ok","value":0}}
[2026-02-26T13:16:36.801096Z INFO  maelstrom::runtime] Received {"id":88,"src":"c16","dest":"n1","body":{"key":0,"value":1,"type":"write","msg_id":4}}
Node  received WRITE: 0=1
[2026-02-26T13:16:36.801331Z INFO  maelstrom::runtime] Sent {"src":"n1","dest":"c16","body":{"in_reply_to":4,"type":"write_ok"}}
[2026-02-26T13:16:36.851611Z INFO  maelstrom::runtime] Received {"id":100,"src":"c17","dest":"n1","body":{"key":0,"type":"read","msg_id":3}}
Node  received READ for key 0
[2026-02-26T13:16:36.851855Z INFO  maelstrom::runtime] Sent {"src":"n1","dest":"c17","body":{"in_reply_to":3,"type":"read_ok","value":0}}
[2026-02-26T13:16:37.060696Z INFO  maelstrom::runtime] Received {"id":132,"src":"c17","dest":"n1","body":{"key":0,"type":"read","msg_id":4}}
Node  received READ for key 0
[2026-02-26T13:16:37.060977Z INFO  maelstrom::runtime] Sent {"src":"n1","dest":"c17","body":{"in_reply_to":4,"type":"read_ok","value":0}}
[2026-02-26T13:16:37.128996Z INFO  maelstrom::runtime] Received {"id":144,"src":"c17","dest":"n1","body":{"key":0,"type":"read","msg_id":5}}
Node  received READ for key 0
[2026-02-26T13:16:37.129221Z INFO  maelstrom::runtime] Sent {"src":"n1","dest":"c17","body":{"in_reply_to":5,"type":"read_ok","value":0}}
[2026-02-26T13:16:37.178311Z INFO  maelstrom::runtime] Received {"id":154,"src":"c16","dest":"n1","body":{"key":0,"from":1,"to":2,"type":"cas","msg_id":5}}
Node  received CAS (not implemented)
[2026-02-26T13:16:37.178538Z INFO  maelstrom::runtime] Sent {"src":"n1","dest":"c16","body":{"in_reply_to":5,"type":"cas_ok"}}
[2026-02-26T13:16:37.268305Z INFO  maelstrom::runtime] Received {"id":174,"src":"c16","dest":"n1","body":{"key":0,"from":4,"to":2,"type":"cas","msg_id":6}}
Node  received CAS (not implemented)
[2026-02-26T13:16:37.268551Z INFO  maelstrom::runtime] Sent {"src":"n1","dest":"c16","body":{"in_reply_to":6,"type":"cas_ok"}}
