[2026-02-26T13:16:36.352814Z INFO  maelstrom::runtime] Received {"id":3,"src":"c3","dest":"n2","body":{"type":"init","node_id":"n2","node_ids":["n0","n1","n2","n3","n4"],"msg_id":1}}
Node n2 initializing. Total nodes in cluster: 5. All nodes: ["n0", "n1", "n2", "n3", "n4"]
[2026-02-26T13:16:36.355987Z INFO  maelstrom::runtime] Sent {"src":"n2","dest":"c3","body":{"in_reply_to":1,"type":"init_ok"}}
[2026-02-26T13:16:36.462970Z INFO  maelstrom::runtime] Received {"id":24,"src":"c13","dest":"n2","body":{"key":0,"from":0,"to":2,"type":"cas","msg_id":1}}
Node  received CAS (not implemented)
[2026-02-26T13:16:36.463077Z INFO  maelstrom::runtime] Sent {"src":"n2","dest":"c13","body":{"in_reply_to":1,"type":"cas_ok"}}
[2026-02-26T13:16:36.523092Z INFO  maelstrom::runtime] Received {"id":36,"src":"c15","dest":"n2","body":{"key":0,"type":"read","msg_id":1}}
Node  received READ for key 0
[2026-02-26T13:16:36.523226Z INFO  maelstrom::runtime] Sent {"src":"n2","dest":"c15","body":{"in_reply_to":1,"type":"read_ok","value":0}}
[2026-02-26T13:16:36.552064Z INFO  maelstrom::runtime] Received {"id":46,"src":"c13","dest":"n2","body":{"key":0,"value":1,"type":"write","msg_id":2}}
Node  received WRITE: 0=1
[2026-02-26T13:16:36.552168Z INFO  maelstrom::runtime] Sent {"src":"n2","dest":"c13","body":{"in_reply_to":2,"type":"write_ok"}}
[2026-02-26T13:16:36.628749Z INFO  maelstrom::runtime] Received {"id":58,"src":"c15","dest":"n2","body":{"key":0,"type":"read","msg_id":2}}
Node  received READ for key 0
[2026-02-26T13:16:36.628957Z INFO  maelstrom::runtime] Sent {"src":"n2","dest":"c15","body":{"in_reply_to":2,"type":"read_ok","value":0}}
[2026-02-26T13:16:36.667839Z INFO  maelstrom::runtime] Received {"id":68,"src":"c13","dest":"n2","body":{"key":0,"from":4,"to":4,"type":"cas","msg_id":3}}
Node  received CAS (not implemented)
[2026-02-26T13:16:36.668064Z INFO  maelstrom::runtime] Sent {"src":"n2","dest":"c13","body":{"in_reply_to":3,"type":"cas_ok"}}
[2026-02-26T13:16:36.749003Z INFO  maelstrom::runtime] Received {"id":80,"src":"c15","dest":"n2","body":{"key":0,"type":"read","msg_id":3}}
Node  received READ for key 0
[2026-02-26T13:16:36.749223Z INFO  maelstrom::runtime] Sent {"src":"n2","dest":"c15","body":{"in_reply_to":3,"type":"read_ok","value":0}}
[2026-02-26T13:16:37.033584Z INFO  maelstrom::runtime] Received {"id":124,"src":"c15","dest":"n2","body":{"key":0,"type":"read","msg_id":4}}
Node  received READ for key 0
[2026-02-26T13:16:37.033807Z INFO  maelstrom::runtime] Sent {"src":"n2","dest":"c15","body":{"in_reply_to":4,"type":"read_ok","value":0}}
[2026-02-26T13:16:37.078856Z INFO  maelstrom::runtime] Received {"id":134,"src":"c13","dest":"n2","body":{"key":0,"value":2,"type":"write","msg_id":4}}
Node  received WRITE: 0=2
[2026-02-26T13:16:37.079102Z INFO  maelstrom::runtime] Sent {"src":"n2","dest":"c13","body":{"in_reply_to":4,"type":"write_ok"}}
[2026-02-26T13:16:37.146747Z INFO  maelstrom::runtime] Received {"id":146,"src":"c15","dest":"n2","body":{"key":0,"type":"read","msg_id":5}}
Node  received READ for key 0
[2026-02-26T13:16:37.146983Z INFO  maelstrom::runtime] Sent {"src":"n2","dest":"c15","body":{"in_reply_to":5,"type":"read_ok","value":0}}
[2026-02-26T13:16:37.269577Z INFO  maelstrom::runtime] Received {"id":175,"src":"c13","dest":"n2","body":{"key":0,"from":1,"to":0,"type":"cas","msg_id":5}}
Node  received CAS (not implemented)
[2026-02-26T13:16:37.269827Z INFO  maelstrom::runtime] Sent {"src":"n2","dest":"c13","body":{"in_reply_to":5,"type":"cas_ok"}}
[2026-02-26T13:16:37.275393Z INFO  maelstrom::runtime] Received {"id":178,"src":"c13","dest":"n2","body":{"key":0,"from":3,"to":2,"type":"cas","msg_id":6}}
Node  received CAS (not implemented)
[2026-02-26T13:16:37.275674Z INFO  maelstrom::runtime] Sent {"src":"n2","dest":"c13","body":{"in_reply_to":6,"type":"cas_ok"}}
[2026-02-26T13:16:37.352049Z INFO  maelstrom::runtime] Received {"id":190,"src":"c15","dest":"n2","body":{"key":0,"type":"read","msg_id":6}}
Node  received READ for key 0
[2026-02-26T13:16:37.352179Z INFO  maelstrom::runtime] Sent {"src":"n2","dest":"c15","body":{"in_reply_to":6,"type":"read_ok","value":0}}
