[2026-02-26T13:16:36.352771Z INFO  maelstrom::runtime] Received {"id":2,"src":"c2","dest":"n3","body":{"type":"init","node_id":"n3","node_ids":["n0","n1","n2","n3","n4"],"msg_id":1}}
Node n3 initializing. Total nodes in cluster: 5. All nodes: ["n0", "n1", "n2", "n3", "n4"]
[2026-02-26T13:16:36.353001Z INFO  maelstrom::runtime] Sent {"src":"n3","dest":"c2","body":{"in_reply_to":1,"type":"init_ok"}}
[2026-02-26T13:16:36.482184Z INFO  maelstrom::runtime] Received {"id":26,"src":"c14","dest":"n3","body":{"key":0,"from":0,"to":0,"type":"cas","msg_id":1}}
Node  received CAS (not implemented)
[2026-02-26T13:16:36.482270Z INFO  maelstrom::runtime] Sent {"src":"n3","dest":"c14","body":{"in_reply_to":1,"type":"cas_ok"}}
[2026-02-26T13:16:36.569237Z INFO  maelstrom::runtime] Received {"id":48,"src":"c14","dest":"n3","body":{"key":0,"value":1,"type":"write","msg_id":2}}
Node  received WRITE: 0=1
[2026-02-26T13:16:36.569335Z INFO  maelstrom::runtime] Sent {"src":"n3","dest":"c14","body":{"in_reply_to":2,"type":"write_ok"}}
[2026-02-26T13:16:36.640021Z INFO  maelstrom::runtime] Received {"id":60,"src":"c18","dest":"n3","body":{"key":0,"type":"read","msg_id":1}}
Node  received READ for key 0
[2026-02-26T13:16:36.640336Z INFO  maelstrom::runtime] Sent {"src":"n3","dest":"c18","body":{"in_reply_to":1,"type":"read_ok","value":0}}
[2026-02-26T13:16:36.678457Z INFO  maelstrom::runtime] Received {"id":70,"src":"c14","dest":"n3","body":{"key":0,"from":2,"to":1,"type":"cas","msg_id":3}}
Node  received CAS (not implemented)
[2026-02-26T13:16:36.678694Z INFO  maelstrom::runtime] Sent {"src":"n3","dest":"c14","body":{"in_reply_to":3,"type":"cas_ok"}}
[2026-02-26T13:16:36.753060Z INFO  maelstrom::runtime] Received {"id":82,"src":"c18","dest":"n3","body":{"key":0,"type":"read","msg_id":2}}
Node  received READ for key 0
[2026-02-26T13:16:36.753324Z INFO  maelstrom::runtime] Sent {"src":"n3","dest":"c18","body":{"in_reply_to":2,"type":"read_ok","value":0}}
[2026-02-26T13:16:36.816091Z INFO  maelstrom::runtime] Received {"id":92,"src":"c14","dest":"n3","body":{"key":0,"from":0,"to":4,"type":"cas","msg_id":4}}
Node  received CAS (not implemented)
[2026-02-26T13:16:36.816340Z INFO  maelstrom::runtime] Sent {"src":"n3","dest":"c14","body":{"in_reply_to":4,"type":"cas_ok"}}
[2026-02-26T13:16:36.955452Z INFO  maelstrom::runtime] Received {"id":114,"src":"c14","dest":"n3","body":{"key":0,"from":4,"to":1,"type":"cas","msg_id":5}}
Node  received CAS (not implemented)
[2026-02-26T13:16:36.955686Z INFO  maelstrom::runtime] Sent {"src":"n3","dest":"c14","body":{"in_reply_to":5,"type":"cas_ok"}}
[2026-02-26T13:16:37.078672Z INFO  maelstrom::runtime] Received {"id":135,"src":"c14","dest":"n3","body":{"key":0,"value":1,"type":"write","msg_id":6}}
Node  received WRITE: 0=1
[2026-02-26T13:16:37.078904Z INFO  maelstrom::runtime] Sent {"src":"n3","dest":"c14","body":{"in_reply_to":6,"type":"write_ok"}}
[2026-02-26T13:16:37.258532Z INFO  maelstrom::runtime] Received {"id":170,"src":"c18","dest":"n3","body":{"key":0,"type":"read","msg_id":3}}
Node  received READ for key 0
[2026-02-26T13:16:37.258752Z INFO  maelstrom::runtime] Sent {"src":"n3","dest":"c18","body":{"in_reply_to":3,"type":"read_ok","value":0}}
[2026-02-26T13:16:37.291312Z INFO  maelstrom::runtime] Received {"id":180,"src":"c14","dest":"n3","body":{"key":0,"from":3,"to":2,"type":"cas","msg_id":7}}
Node  received CAS (not implemented)
[2026-02-26T13:16:37.291468Z INFO  maelstrom::runtime] Sent {"src":"n3","dest":"c14","body":{"in_reply_to":7,"type":"cas_ok"}}
[2026-02-26T13:16:37.369699Z INFO  maelstrom::runtime] Received {"id":192,"src":"c18","dest":"n3","body":{"key":0,"type":"read","msg_id":4}}
Node  received READ for key 0
[2026-02-26T13:16:37.369804Z INFO  maelstrom::runtime] Sent {"src":"n3","dest":"c18","body":{"in_reply_to":4,"type":"read_ok","value":0}}
