2026-02-24 11:33:49,254{GMT}	INFO	[jepsen test runner] jepsen.core: Test version bd6147102f26d0959bac9d60c68e05990e786719
2026-02-24 11:33:49,255{GMT}	INFO	[jepsen test runner] jepsen.core: Command line:
lein run test -w echo --bin demo/ruby/echo.rb --time-limit 5
2026-02-24 11:33:49,308{GMT}	INFO	[jepsen test runner] jepsen.core: Running test:
{:args []
 :remote
 #jepsen.control.retry.Remote{:remote #jepsen.control.scp.Remote{:cmd-remote #jepsen.control.sshj.SSHJRemote{:concurrency-limit 6,
                                                                                                             :conn-spec nil,
                                                                                                             :client nil,
                                                                                                             :semaphore nil},
                                                                 :conn-spec nil},
                              :conn nil}
 :log-net-send false
 :node-count nil
 :availability nil
 :max-txn-length 4
 :concurrency 5
 :db
 #object[maelstrom.db$db$reify__16612
         "0xace45e9"
         "maelstrom.db$db$reify__16612@ace45e9"]
 :max-writes-per-key 16
 :leave-db-running? false
 :name "echo"
 :logging-json? false
 :start-time
 #object[org.joda.time.DateTime "0x5ca9a6a8" "2026-02-24T11:33:49.237+01:00"]
 :nemesis-interval 10
 :net
 #object[maelstrom.net$jepsen_net$reify__15721
         "0x2102eb7a"
         "maelstrom.net$jepsen_net$reify__15721@2102eb7a"]
 :client
 #object[maelstrom.workload.echo$client$reify__17402
         "0x4ebf82d9"
         "maelstrom.workload.echo$client$reify__17402@4ebf82d9"]
 :barrier
 #object[java.util.concurrent.CyclicBarrier
         "0x685f43ca"
         "java.util.concurrent.CyclicBarrier@685f43ca"]
 :log-stderr false
 :pure-generators true
 :ssh {:dummy? true}
 :rate 5
 :checker
 #object[jepsen.checker$compose$reify__11089
         "0x7952348f"
         "jepsen.checker$compose$reify__11089@7952348f"]
 :argv ("test" "-w" "echo" "--bin" "demo/ruby/echo.rb" "--time-limit" "5")
 :nemesis
 (jepsen.nemesis.ReflCompose
  {:fm {:start-partition 0,
        :stop-partition 0,
        :kill 1,
        :start 1,
        :pause 1,
        :resume 1},
   :nemeses [#unprintable "jepsen.nemesis.combined$partition_nemesis$reify__16905@4f3d49e4"
             #unprintable "jepsen.nemesis.combined$db_nemesis$reify__16886@7d26b390"]})
 :nodes ["n1" "n2" "n3" "n4" "n5"]
 :test-count 1
 :latency {:mean 0, :dist :constant}
 :bin "demo/ruby/echo.rb"
 :generator
 #object[jepsen.util.Forgettable
         "0x2b35976a"
         (jepsen.generator.TimeLimit
          {:limit 5000000000,
           :cutoff nil,
           :gen (jepsen.generator.Any
                 {:gens [(jepsen.generator.OnThreads
                          {:f #{:nemesis},
                           :context-filter #object[jepsen.generator.context$make_thread_filter$lazy_filter__12077
                                                   "0x6bac199f"
                                                   "jepsen.generator.context$make_thread_filter$lazy_filter__12077@6bac199f"],
                           :gen nil})
                         (jepsen.generator.OnThreads
                          {:f #jepsen.generator.context.AllBut{:element :nemesis},
                           :context-filter #object[jepsen.generator.context$make_thread_filter$lazy_filter__12077
                                                   "0x2a47fb5d"
                                                   "jepsen.generator.context$make_thread_filter$lazy_filter__12077@2a47fb5d"],
                           :gen (jepsen.generator.Stagger
                                 {:dt 400000000,
                                  :next-time nil,
                                  :gen (jepsen.generator.EachThread
                                        {:fresh-gen #object[maelstrom.workload.echo$workload$fn__17421
                                                            "0x47a9bcf1"
                                                            "maelstrom.workload.echo$workload$fn__17421@47a9bcf1"],
                                         :context-filters #object[clojure.core$promise$reify__8621
                                                                  "0x17c95612"
                                                                  {:status :pending,
                                                                   :val nil}],
                                         :gens {}})})})]})})]
 :log-net-recv false
 :os
 #object[maelstrom.net$jepsen_os$reify__15724
         "0x1ca2d595"
         "maelstrom.net$jepsen_os$reify__15724@1ca2d595"]
 :time-limit 5
 :workload :echo
 :consistency-models [:strict-serializable]
 :topology :grid}

2026-02-24 11:33:50,422{GMT}	INFO	[jepsen node n1] maelstrom.net: Starting Maelstrom network
2026-02-24 11:33:50,423{GMT}	INFO	[jepsen test runner] jepsen.db: Tearing down DB
2026-02-24 11:33:50,425{GMT}	INFO	[jepsen test runner] jepsen.db: Setting up DB
2026-02-24 11:33:50,425{GMT}	INFO	[jepsen node n2] maelstrom.db: Setting up n2
2026-02-24 11:33:50,425{GMT}	INFO	[jepsen node n3] maelstrom.db: Setting up n3
2026-02-24 11:33:50,425{GMT}	INFO	[jepsen node n4] maelstrom.db: Setting up n4
2026-02-24 11:33:50,426{GMT}	INFO	[jepsen node n5] maelstrom.db: Setting up n5
2026-02-24 11:33:50,426{GMT}	INFO	[jepsen node n2] maelstrom.process: launching demo/ruby/echo.rb []
2026-02-24 11:33:50,426{GMT}	INFO	[jepsen node n3] maelstrom.process: launching demo/ruby/echo.rb []
2026-02-24 11:33:50,426{GMT}	INFO	[jepsen node n4] maelstrom.process: launching demo/ruby/echo.rb []
2026-02-24 11:33:50,426{GMT}	INFO	[jepsen node n5] maelstrom.process: launching demo/ruby/echo.rb []
2026-02-24 11:33:50,427{GMT}	INFO	[jepsen node n1] maelstrom.service: Starting services: (lin-kv lin-tso lww-kv seq-kv)
2026-02-24 11:33:50,428{GMT}	INFO	[jepsen node n1] maelstrom.db: Setting up n1
2026-02-24 11:33:50,429{GMT}	INFO	[jepsen node n1] maelstrom.process: launching demo/ruby/echo.rb []
2026-02-24 11:33:51,432{GMT}	INFO	[jepsen node n1] maelstrom.net: Shutting down Maelstrom network
2026-02-24 11:33:51,436{GMT}	WARN	[jepsen test runner] jepsen.core: Test crashed!
java.io.IOException: Cannot run program "/home/tim/Work/ID2203/omnipaxos-kv-main/maelstrom/demo/ruby/echo.rb" (in directory "/tmp"): Exec failed, error: 2 (No such file or directory) 
	at java.base/java.lang.ProcessBuilder.start(ProcessBuilder.java:1112)
	at java.base/java.lang.ProcessBuilder.start(ProcessBuilder.java:1046)
	at maelstrom.process$start_node_BANG_.invokeStatic(process.clj:199)
	at maelstrom.process$start_node_BANG_.invoke(process.clj:168)
	at maelstrom.db$db$reify__16612.setup_BANG_(db.clj:34)
	at jepsen.db$fn__11614$G__11608__11618.invoke(db.clj:12)
	at jepsen.db$fn__11614$G__11607__11623.invoke(db.clj:12)
	at clojure.core$partial$fn__5927.invoke(core.clj:2642)
	at jepsen.control$on_nodes$fn__9552.invoke(control.clj:319)
	at clojure.lang.AFn.applyToHelper(AFn.java:154)
	at clojure.lang.AFn.applyTo(AFn.java:144)
	at clojure.core$apply.invokeStatic(core.clj:667)
	at clojure.core$with_bindings_STAR_.invokeStatic(core.clj:1990)
	at clojure.core$with_bindings_STAR_.doInvoke(core.clj:1990)
	at clojure.lang.RestFn.applyTo(RestFn.java:145)
	at clojure.core$apply.invokeStatic(core.clj:671)
	at clojure.core$bound_fn_STAR_$fn__5837.doInvoke(core.clj:2020)
	at clojure.lang.RestFn.invoke(RestFn.java:411)
	at dom_top.core$real_pmap_helper$build_thread__730$fn__731.invoke(core.clj:163)
	at clojure.lang.AFn.applyToHelper(AFn.java:152)
	at clojure.lang.AFn.applyTo(AFn.java:144)
	at clojure.core$apply.invokeStatic(core.clj:667)
	at clojure.core$with_bindings_STAR_.invokeStatic(core.clj:1990)
	at clojure.core$with_bindings_STAR_.doInvoke(core.clj:1990)
	at clojure.lang.RestFn.invoke(RestFn.java:428)
	at clojure.lang.AFn.applyToHelper(AFn.java:156)
	at clojure.lang.RestFn.applyTo(RestFn.java:135)
	at clojure.core$apply.invokeStatic(core.clj:671)
	at clojure.core$bound_fn_STAR_$fn__5837.doInvoke(core.clj:2020)
	at clojure.lang.RestFn.invoke(RestFn.java:400)
	at clojure.lang.AFn.run(AFn.java:22)
	at java.base/java.lang.Thread.run(Thread.java:1474)
Caused by: java.io.IOException: Exec failed, error: 2 (No such file or directory) 
	at java.base/java.lang.ProcessImpl.forkAndExec(Native Method)
	at java.base/java.lang.ProcessImpl.<init>(ProcessImpl.java:300)
	at java.base/java.lang.ProcessImpl.start(ProcessImpl.java:231)
	at java.base/java.lang.ProcessBuilder.start(ProcessBuilder.java:1078)
	... 31 common frames omitted
