Initializing with 0 nodes: ""
[2026-02-26T11:56:43.364250Z INFO  maelstrom::runtime] Received {"id":4,"src":"c4","dest":"n0","body":{"type":"init","node_id":"n0","node_ids":["n0","n1","n2","n3","n4"],"msg_id":1}}
[2026-02-26T11:56:43.367227Z INFO  maelstrom::runtime] Sent {"src":"n0","dest":"c4","body":{"in_reply_to":1,"type":"init_ok"}}
[2026-02-26T11:56:43.396282Z INFO  maelstrom::runtime] Received {"id":10,"src":"c10","dest":"n0","body":{"key":0,"type":"read","msg_id":1}}
Node  received READ for key 0
[2026-02-26T11:56:43.396427Z INFO  maelstrom::runtime] Sent {"src":"n0","dest":"c10","body":{"in_reply_to":1,"type":"read_ok","value":0}}
[2026-02-26T11:56:43.438513Z INFO  maelstrom::runtime] Received {"id":18,"src":"c14","dest":"n0","body":{"key":0,"from":0,"to":0,"type":"cas","msg_id":1}}
Node  received CAS (not implemented)
[2026-02-26T11:56:43.438650Z INFO  maelstrom::runtime] Sent {"src":"n0","dest":"c14","body":{"in_reply_to":1,"type":"cas_ok"}}
[2026-02-26T11:56:43.455929Z INFO  maelstrom::runtime] Received {"id":20,"src":"c10","dest":"n0","body":{"key":0,"type":"read","msg_id":2}}
Node  received READ for key 0
[2026-02-26T11:56:43.456079Z INFO  maelstrom::runtime] Sent {"src":"n0","dest":"c10","body":{"in_reply_to":2,"type":"read_ok","value":0}}
[2026-02-26T11:56:43.465891Z INFO  maelstrom::runtime] Received {"id":22,"src":"c10","dest":"n0","body":{"key":0,"type":"read","msg_id":3}}
Node  received READ for key 0
[2026-02-26T11:56:43.466006Z INFO  maelstrom::runtime] Sent {"src":"n0","dest":"c10","body":{"in_reply_to":3,"type":"read_ok","value":0}}
[2026-02-26T11:56:43.489935Z INFO  maelstrom::runtime] Received {"id":30,"src":"c14","dest":"n0","body":{"key":0,"value":1,"type":"write","msg_id":2}}
Node  received WRITE: 0=1
[2026-02-26T11:56:43.490072Z INFO  maelstrom::runtime] Sent {"src":"n0","dest":"c14","body":{"in_reply_to":2,"type":"write_ok"}}
[2026-02-26T11:56:43.502181Z INFO  maelstrom::runtime] Received {"id":32,"src":"c14","dest":"n0","body":{"key":0,"from":4,"to":3,"type":"cas","msg_id":3}}
Node  received CAS (not implemented)
[2026-02-26T11:56:43.502356Z INFO  maelstrom::runtime] Sent {"src":"n0","dest":"c14","body":{"in_reply_to":3,"type":"cas_ok"}}
[2026-02-26T11:56:43.505307Z INFO  maelstrom::runtime] Received {"id":34,"src":"c14","dest":"n0","body":{"key":0,"from":3,"to":0,"type":"cas","msg_id":4}}
Node  received CAS (not implemented)
[2026-02-26T11:56:43.505471Z INFO  maelstrom::runtime] Sent {"src":"n0","dest":"c14","body":{"in_reply_to":4,"type":"cas_ok"}}
[2026-02-26T11:56:43.511206Z INFO  maelstrom::runtime] Received {"id":36,"src":"c14","dest":"n0","body":{"key":0,"value":3,"type":"write","msg_id":5}}
Node  received WRITE: 0=3
[2026-02-26T11:56:43.511436Z INFO  maelstrom::runtime] Sent {"src":"n0","dest":"c14","body":{"in_reply_to":5,"type":"write_ok"}}
[2026-02-26T11:56:43.542353Z INFO  maelstrom::runtime] Received {"id":42,"src":"c10","dest":"n0","body":{"key":0,"type":"read","msg_id":4}}
Node  received READ for key 0
[2026-02-26T11:56:43.542562Z INFO  maelstrom::runtime] Sent {"src":"n0","dest":"c10","body":{"in_reply_to":4,"type":"read_ok","value":0}}
[2026-02-26T11:56:43.570302Z INFO  maelstrom::runtime] Received {"id":46,"src":"c10","dest":"n0","body":{"key":0,"type":"read","msg_id":5}}
Node  received READ for key 0
[2026-02-26T11:56:43.570526Z INFO  maelstrom::runtime] Sent {"src":"n0","dest":"c10","body":{"in_reply_to":5,"type":"read_ok","value":0}}
[2026-02-26T11:56:43.575285Z INFO  maelstrom::runtime] Received {"id":48,"src":"c10","dest":"n0","body":{"key":0,"type":"read","msg_id":6}}
Node  received READ for key 0
[2026-02-26T11:56:43.575504Z INFO  maelstrom::runtime] Sent {"src":"n0","dest":"c10","body":{"in_reply_to":6,"type":"read_ok","value":0}}
[2026-02-26T11:56:43.610226Z INFO  maelstrom::runtime] Received {"id":52,"src":"c10","dest":"n0","body":{"key":0,"type":"read","msg_id":7}}
Node  received READ for key 0
[2026-02-26T11:56:43.610519Z INFO  maelstrom::runtime] Sent {"src":"n0","dest":"c10","body":{"in_reply_to":7,"type":"read_ok","value":0}}
[2026-02-26T11:56:43.614374Z INFO  maelstrom::runtime] Received {"id":54,"src":"c14","dest":"n0","body":{"key":0,"from":0,"to":1,"type":"cas","msg_id":6}}
Node  received CAS (not implemented)
[2026-02-26T11:56:43.614648Z INFO  maelstrom::runtime] Sent {"src":"n0","dest":"c14","body":{"in_reply_to":6,"type":"cas_ok"}}
[2026-02-26T11:56:43.632067Z INFO  maelstrom::runtime] Received {"id":58,"src":"c14","dest":"n0","body":{"key":0,"value":3,"type":"write","msg_id":7}}
Node  received WRITE: 0=3
[2026-02-26T11:56:43.632361Z INFO  maelstrom::runtime] Sent {"src":"n0","dest":"c14","body":{"in_reply_to":7,"type":"write_ok"}}
[2026-02-26T11:56:43.654596Z INFO  maelstrom::runtime] Received {"id":64,"src":"c10","dest":"n0","body":{"key":0,"type":"read","msg_id":8}}
Node  received READ for key 0
[2026-02-26T11:56:43.654809Z INFO  maelstrom::runtime] Sent {"src":"n0","dest":"c10","body":{"in_reply_to":8,"type":"read_ok","value":0}}
[2026-02-26T11:56:43.692864Z INFO  maelstrom::runtime] Received {"id":74,"src":"c10","dest":"n0","body":{"key":0,"type":"read","msg_id":9}}
Node  received READ for key 0
[2026-02-26T11:56:43.693094Z INFO  maelstrom::runtime] Sent {"src":"n0","dest":"c10","body":{"in_reply_to":9,"type":"read_ok","value":0}}
[2026-02-26T11:56:43.702721Z INFO  maelstrom::runtime] Received {"id":76,"src":"c14","dest":"n0","body":{"key":0,"value":4,"type":"write","msg_id":8}}
Node  received WRITE: 0=4
[2026-02-26T11:56:43.703051Z INFO  maelstrom::runtime] Sent {"src":"n0","dest":"c14","body":{"in_reply_to":8,"type":"write_ok"}}
[2026-02-26T11:56:43.714111Z INFO  maelstrom::runtime] Received {"id":78,"src":"c14","dest":"n0","body":{"key":0,"from":3,"to":2,"type":"cas","msg_id":9}}
Node  received CAS (not implemented)
[2026-02-26T11:56:43.714367Z INFO  maelstrom::runtime] Sent {"src":"n0","dest":"c14","body":{"in_reply_to":9,"type":"cas_ok"}}
[2026-02-26T11:56:43.731676Z INFO  maelstrom::runtime] Received {"id":80,"src":"c14","dest":"n0","body":{"key":0,"value":2,"type":"write","msg_id":10}}
Node  received WRITE: 0=2
[2026-02-26T11:56:43.732015Z INFO  maelstrom::runtime] Sent {"src":"n0","dest":"c14","body":{"in_reply_to":10,"type":"write_ok"}}
[2026-02-26T11:56:43.740618Z INFO  maelstrom::runtime] Received {"id":84,"src":"c14","dest":"n0","body":{"key":0,"value":3,"type":"write","msg_id":11}}
Node  received WRITE: 0=3
[2026-02-26T11:56:43.740826Z INFO  maelstrom::runtime] Sent {"src":"n0","dest":"c14","body":{"in_reply_to":11,"type":"write_ok"}}
[2026-02-26T11:56:43.760121Z INFO  maelstrom::runtime] Received {"id":86,"src":"c10","dest":"n0","body":{"key":0,"type":"read","msg_id":10}}
Node  received READ for key 0
[2026-02-26T11:56:43.760428Z INFO  maelstrom::runtime] Sent {"src":"n0","dest":"c10","body":{"in_reply_to":10,"type":"read_ok","value":0}}
[2026-02-26T11:56:43.793462Z INFO  maelstrom::runtime] Received {"id":92,"src":"c10","dest":"n0","body":{"key":0,"type":"read","msg_id":11}}
Node  received READ for key 0
[2026-02-26T11:56:43.793668Z INFO  maelstrom::runtime] Sent {"src":"n0","dest":"c10","body":{"in_reply_to":11,"type":"read_ok","value":0}}
[2026-02-26T11:56:43.804907Z INFO  maelstrom::runtime] Received {"id":96,"src":"c10","dest":"n0","body":{"key":0,"type":"read","msg_id":12}}
Node  received READ for key 0
[2026-02-26T11:56:43.805171Z INFO  maelstrom::runtime] Sent {"src":"n0","dest":"c10","body":{"in_reply_to":12,"type":"read_ok","value":0}}
[2026-02-26T11:56:43.813110Z INFO  maelstrom::runtime] Received {"id":98,"src":"c14","dest":"n0","body":{"key":0,"from":2,"to":4,"type":"cas","msg_id":12}}
Node  received CAS (not implemented)
[2026-02-26T11:56:43.813389Z INFO  maelstrom::runtime] Sent {"src":"n0","dest":"c14","body":{"in_reply_to":12,"type":"cas_ok"}}
[2026-02-26T11:56:43.825634Z INFO  maelstrom::runtime] Received {"id":100,"src":"c14","dest":"n0","body":{"key":0,"from":3,"to":0,"type":"cas","msg_id":13}}
Node  received CAS (not implemented)
[2026-02-26T11:56:43.825867Z INFO  maelstrom::runtime] Sent {"src":"n0","dest":"c14","body":{"in_reply_to":13,"type":"cas_ok"}}
[2026-02-26T11:56:43.874610Z INFO  maelstrom::runtime] Received {"id":108,"src":"c14","dest":"n0","body":{"key":0,"from":0,"to":1,"type":"cas","msg_id":14}}
Node  received CAS (not implemented)
[2026-02-26T11:56:43.874852Z INFO  maelstrom::runtime] Sent {"src":"n0","dest":"c14","body":{"in_reply_to":14,"type":"cas_ok"}}
[2026-02-26T11:56:43.888859Z INFO  maelstrom::runtime] Received {"id":110,"src":"c10","dest":"n0","body":{"key":0,"type":"read","msg_id":13}}
Node  received READ for key 0
[2026-02-26T11:56:43.889090Z INFO  maelstrom::runtime] Sent {"src":"n0","dest":"c10","body":{"in_reply_to":13,"type":"read_ok","value":0}}
[2026-02-26T11:56:43.905989Z INFO  maelstrom::runtime] Received {"id":113,"src":"c10","dest":"n0","body":{"key":0,"type":"read","msg_id":14}}
Node  received READ for key 0
[2026-02-26T11:56:43.906169Z INFO  maelstrom::runtime] Sent {"src":"n0","dest":"c10","body":{"in_reply_to":14,"type":"read_ok","value":0}}
[2026-02-26T11:56:43.938150Z INFO  maelstrom::runtime] Received {"id":118,"src":"c14","dest":"n0","body":{"key":0,"from":4,"to":0,"type":"cas","msg_id":15}}
Node  received CAS (not implemented)
[2026-02-26T11:56:43.938348Z INFO  maelstrom::runtime] Sent {"src":"n0","dest":"c14","body":{"in_reply_to":15,"type":"cas_ok"}}
[2026-02-26T11:56:43.950108Z INFO  maelstrom::runtime] Received {"id":120,"src":"c10","dest":"n0","body":{"key":0,"type":"read","msg_id":15}}
Node  received READ for key 0
[2026-02-26T11:56:43.950417Z INFO  maelstrom::runtime] Sent {"src":"n0","dest":"c10","body":{"in_reply_to":15,"type":"read_ok","value":0}}
[2026-02-26T11:56:43.962093Z INFO  maelstrom::runtime] Received {"id":122,"src":"c14","dest":"n0","body":{"key":0,"value":4,"type":"write","msg_id":16}}
Node  received WRITE: 0=4
[2026-02-26T11:56:43.962353Z INFO  maelstrom::runtime] Sent {"src":"n0","dest":"c14","body":{"in_reply_to":16,"type":"write_ok"}}
[2026-02-26T11:56:43.969694Z INFO  maelstrom::runtime] Received {"id":124,"src":"c14","dest":"n0","body":{"key":0,"from":3,"to":4,"type":"cas","msg_id":17}}
Node  received CAS (not implemented)
[2026-02-26T11:56:43.970041Z INFO  maelstrom::runtime] Sent {"src":"n0","dest":"c14","body":{"in_reply_to":17,"type":"cas_ok"}}
[2026-02-26T11:56:43.997570Z INFO  maelstrom::runtime] Received {"id":130,"src":"c14","dest":"n0","body":{"key":0,"from":1,"to":0,"type":"cas","msg_id":18}}
Node  received CAS (not implemented)
[2026-02-26T11:56:43.997853Z INFO  maelstrom::runtime] Sent {"src":"n0","dest":"c14","body":{"in_reply_to":18,"type":"cas_ok"}}
[2026-02-26T11:56:44.010499Z INFO  maelstrom::runtime] Received {"id":132,"src":"c10","dest":"n0","body":{"key":0,"type":"read","msg_id":16}}
Node  received READ for key 0
[2026-02-26T11:56:44.010805Z INFO  maelstrom::runtime] Sent {"src":"n0","dest":"c10","body":{"in_reply_to":16,"type":"read_ok","value":0}}
[2026-02-26T11:56:44.021164Z INFO  maelstrom::runtime] Received {"id":134,"src":"c10","dest":"n0","body":{"key":0,"type":"read","msg_id":17}}
Node  received READ for key 0
[2026-02-26T11:56:44.021438Z INFO  maelstrom::runtime] Sent {"src":"n0","dest":"c10","body":{"in_reply_to":17,"type":"read_ok","value":0}}
[2026-02-26T11:56:44.036726Z INFO  maelstrom::runtime] Received {"id":138,"src":"c10","dest":"n0","body":{"key":0,"type":"read","msg_id":18}}
Node  received READ for key 0
[2026-02-26T11:56:44.037021Z INFO  maelstrom::runtime] Sent {"src":"n0","dest":"c10","body":{"in_reply_to":18,"type":"read_ok","value":0}}
[2026-02-26T11:56:44.045262Z INFO  maelstrom::runtime] Received {"id":140,"src":"c14","dest":"n0","body":{"key":0,"from":4,"to":1,"type":"cas","msg_id":19}}
Node  received CAS (not implemented)
[2026-02-26T11:56:44.045539Z INFO  maelstrom::runtime] Sent {"src":"n0","dest":"c14","body":{"in_reply_to":19,"type":"cas_ok"}}
[2026-02-26T11:56:44.062284Z INFO  maelstrom::runtime] Received {"id":142,"src":"c14","dest":"n0","body":{"key":0,"value":0,"type":"write","msg_id":20}}
Node  received WRITE: 0=0
[2026-02-26T11:56:44.062572Z INFO  maelstrom::runtime] Sent {"src":"n0","dest":"c14","body":{"in_reply_to":20,"type":"write_ok"}}
[2026-02-26T11:56:44.089612Z INFO  maelstrom::runtime] Received {"id":146,"src":"c14","dest":"n0","body":{"key":0,"value":3,"type":"write","msg_id":21}}
Node  received WRITE: 0=3
[2026-02-26T11:56:44.089821Z INFO  maelstrom::runtime] Sent {"src":"n0","dest":"c14","body":{"in_reply_to":21,"type":"write_ok"}}
[2026-02-26T11:56:44.102497Z INFO  maelstrom::runtime] Received {"id":148,"src":"c14","dest":"n0","body":{"key":0,"from":3,"to":0,"type":"cas","msg_id":22}}
Node  received CAS (not implemented)
[2026-02-26T11:56:44.102668Z INFO  maelstrom::runtime] Sent {"src":"n0","dest":"c14","body":{"in_reply_to":22,"type":"cas_ok"}}
[2026-02-26T11:56:44.109176Z INFO  maelstrom::runtime] Received {"id":150,"src":"c14","dest":"n0","body":{"key":0,"from":4,"to":3,"type":"cas","msg_id":23}}
Node  received CAS (not implemented)
[2026-02-26T11:56:44.109408Z INFO  maelstrom::runtime] Sent {"src":"n0","dest":"c14","body":{"in_reply_to":23,"type":"cas_ok"}}
[2026-02-26T11:56:44.128311Z INFO  maelstrom::runtime] Received {"id":152,"src":"c14","dest":"n0","body":{"key":0,"value":2,"type":"write","msg_id":24}}
Node  received WRITE: 0=2
[2026-02-26T11:56:44.128452Z INFO  maelstrom::runtime] Sent {"src":"n0","dest":"c14","body":{"in_reply_to":24,"type":"write_ok"}}
[2026-02-26T11:56:44.154126Z INFO  maelstrom::runtime] Received {"id":158,"src":"c10","dest":"n0","body":{"key":0,"type":"read","msg_id":19}}
Node  received READ for key 0
[2026-02-26T11:56:44.154319Z INFO  maelstrom::runtime] Sent {"src":"n0","dest":"c10","body":{"in_reply_to":19,"type":"read_ok","value":0}}
[2026-02-26T11:56:44.180940Z INFO  maelstrom::runtime] Received {"id":162,"src":"c10","dest":"n0","body":{"key":0,"type":"read","msg_id":20}}
Node  received READ for key 0
[2026-02-26T11:56:44.181060Z INFO  maelstrom::runtime] Sent {"src":"n0","dest":"c10","body":{"in_reply_to":20,"type":"read_ok","value":0}}
[2026-02-26T11:56:44.202271Z INFO  maelstrom::runtime] Received {"id":170,"src":"c14","dest":"n0","body":{"key":0,"from":1,"to":3,"type":"cas","msg_id":25}}
Node  received CAS (not implemented)
[2026-02-26T11:56:44.202482Z INFO  maelstrom::runtime] Sent {"src":"n0","dest":"c14","body":{"in_reply_to":25,"type":"cas_ok"}}
[2026-02-26T11:56:44.213640Z INFO  maelstrom::runtime] Received {"id":172,"src":"c14","dest":"n0","body":{"key":0,"from":3,"to":0,"type":"cas","msg_id":26}}
Node  received CAS (not implemented)
[2026-02-26T11:56:44.213765Z INFO  maelstrom::runtime] Sent {"src":"n0","dest":"c14","body":{"in_reply_to":26,"type":"cas_ok"}}
[2026-02-26T11:56:44.229286Z INFO  maelstrom::runtime] Received {"id":174,"src":"c14","dest":"n0","body":{"key":0,"from":3,"to":0,"type":"cas","msg_id":27}}
Node  received CAS (not implemented)
[2026-02-26T11:56:44.229498Z INFO  maelstrom::runtime] Sent {"src":"n0","dest":"c14","body":{"in_reply_to":27,"type":"cas_ok"}}
[2026-02-26T11:56:44.231382Z INFO  maelstrom::runtime] Received {"id":176,"src":"c10","dest":"n0","body":{"key":0,"type":"read","msg_id":21}}
Node  received READ for key 0
[2026-02-26T11:56:44.231605Z INFO  maelstrom::runtime] Sent {"src":"n0","dest":"c10","body":{"in_reply_to":21,"type":"read_ok","value":0}}
[2026-02-26T11:56:44.274564Z INFO  maelstrom::runtime] Received {"id":182,"src":"c10","dest":"n0","body":{"key":0,"type":"read","msg_id":22}}
Node  received READ for key 0
[2026-02-26T11:56:44.274751Z INFO  maelstrom::runtime] Sent {"src":"n0","dest":"c10","body":{"in_reply_to":22,"type":"read_ok","value":0}}
[2026-02-26T11:56:44.292173Z INFO  maelstrom::runtime] Received {"id":184,"src":"c14","dest":"n0","body":{"key":0,"from":3,"to":0,"type":"cas","msg_id":28}}
Node  received CAS (not implemented)
[2026-02-26T11:56:44.292430Z INFO  maelstrom::runtime] Sent {"src":"n0","dest":"c14","body":{"in_reply_to":28,"type":"cas_ok"}}
[2026-02-26T11:56:44.296411Z INFO  maelstrom::runtime] Received {"id":186,"src":"c14","dest":"n0","body":{"key":0,"from":2,"to":0,"type":"cas","msg_id":29}}
Node  received CAS (not implemented)
[2026-02-26T11:56:44.296672Z INFO  maelstrom::runtime] Sent {"src":"n0","dest":"c14","body":{"in_reply_to":29,"type":"cas_ok"}}
[2026-02-26T11:56:44.308258Z INFO  maelstrom::runtime] Received {"id":188,"src":"c14","dest":"n0","body":{"key":0,"value":4,"type":"write","msg_id":30}}
Node  received WRITE: 0=4
[2026-02-26T11:56:44.308550Z INFO  maelstrom::runtime] Sent {"src":"n0","dest":"c14","body":{"in_reply_to":30,"type":"write_ok"}}
[2026-02-26T11:56:44.335616Z INFO  maelstrom::runtime] Received {"id":194,"src":"c14","dest":"n0","body":{"key":0,"value":3,"type":"write","msg_id":31}}
Node  received WRITE: 0=3
[2026-02-26T11:56:44.335880Z INFO  maelstrom::runtime] Sent {"src":"n0","dest":"c14","body":{"in_reply_to":31,"type":"write_ok"}}
[2026-02-26T11:56:44.337604Z INFO  maelstrom::runtime] Received {"id":196,"src":"c10","dest":"n0","body":{"key":0,"type":"read","msg_id":23}}
Node  received READ for key 0
[2026-02-26T11:56:44.337812Z INFO  maelstrom::runtime] Sent {"src":"n0","dest":"c10","body":{"in_reply_to":23,"type":"read_ok","value":0}}
[2026-02-26T11:56:44.364007Z INFO  maelstrom::runtime] Received {"id":200,"src":"c10","dest":"n0","body":{"key":0,"type":"read","msg_id":24}}
Node  received READ for key 0
[2026-02-26T11:56:44.364275Z INFO  maelstrom::runtime] Sent {"src":"n0","dest":"c10","body":{"in_reply_to":24,"type":"read_ok","value":0}}
[2026-02-26T11:56:44.384969Z INFO  maelstrom::runtime] Received {"id":204,"src":"c10","dest":"n0","body":{"key":0,"type":"read","msg_id":25}}
Node  received READ for key 0
[2026-02-26T11:56:44.385191Z INFO  maelstrom::runtime] Sent {"src":"n0","dest":"c10","body":{"in_reply_to":25,"type":"read_ok","value":0}}
