Initializing with 0 nodes: ""
[2026-02-26T11:56:43.364197Z INFO  maelstrom::runtime] Received {"id":3,"src":"c3","dest":"n1","body":{"type":"init","node_id":"n1","node_ids":["n0","n1","n2","n3","n4"],"msg_id":1}}
[2026-02-26T11:56:43.364543Z INFO  maelstrom::runtime] Sent {"src":"n1","dest":"c3","body":{"in_reply_to":1,"type":"init_ok"}}
[2026-02-26T11:56:43.407023Z INFO  maelstrom::runtime] Received {"id":12,"src":"c11","dest":"n1","body":{"key":0,"type":"read","msg_id":1}}
Node  received READ for key 0
[2026-02-26T11:56:43.407105Z INFO  maelstrom::runtime] Sent {"src":"n1","dest":"c11","body":{"in_reply_to":1,"type":"read_ok","value":0}}
[2026-02-26T11:56:43.564023Z INFO  maelstrom::runtime] Received {"id":44,"src":"c19","dest":"n1","body":{"key":0,"from":0,"to":2,"type":"cas","msg_id":1}}
Node  received CAS (not implemented)
[2026-02-26T11:56:43.564345Z INFO  maelstrom::runtime] Sent {"src":"n1","dest":"c19","body":{"in_reply_to":1,"type":"cas_ok"}}
[2026-02-26T11:56:43.616390Z INFO  maelstrom::runtime] Received {"id":55,"src":"c19","dest":"n1","body":{"key":0,"value":1,"type":"write","msg_id":2}}
Node  received WRITE: 0=1
[2026-02-26T11:56:43.616643Z INFO  maelstrom::runtime] Sent {"src":"n1","dest":"c19","body":{"in_reply_to":2,"type":"write_ok"}}
[2026-02-26T11:56:43.635832Z INFO  maelstrom::runtime] Received {"id":60,"src":"c19","dest":"n1","body":{"key":0,"from":4,"to":1,"type":"cas","msg_id":3}}
Node  received CAS (not implemented)
[2026-02-26T11:56:43.636079Z INFO  maelstrom::runtime] Sent {"src":"n1","dest":"c19","body":{"in_reply_to":3,"type":"cas_ok"}}
[2026-02-26T11:56:43.657249Z INFO  maelstrom::runtime] Received {"id":66,"src":"c19","dest":"n1","body":{"key":0,"from":4,"to":0,"type":"cas","msg_id":4}}
Node  received CAS (not implemented)
[2026-02-26T11:56:43.657513Z INFO  maelstrom::runtime] Sent {"src":"n1","dest":"c19","body":{"in_reply_to":4,"type":"cas_ok"}}
[2026-02-26T11:56:43.767467Z INFO  maelstrom::runtime] Received {"id":88,"src":"c19","dest":"n1","body":{"key":0,"value":3,"type":"write","msg_id":5}}
Node  received WRITE: 0=3
[2026-02-26T11:56:43.767803Z INFO  maelstrom::runtime] Sent {"src":"n1","dest":"c19","body":{"in_reply_to":5,"type":"write_ok"}}
[2026-02-26T11:56:44.022584Z INFO  maelstrom::runtime] Received {"id":135,"src":"c11","dest":"n1","body":{"key":0,"type":"read","msg_id":2}}
Node  received READ for key 0
[2026-02-26T11:56:44.022866Z INFO  maelstrom::runtime] Sent {"src":"n1","dest":"c11","body":{"in_reply_to":2,"type":"read_ok","value":0}}
[2026-02-26T11:56:44.078056Z INFO  maelstrom::runtime] Received {"id":144,"src":"c11","dest":"n1","body":{"key":0,"type":"read","msg_id":3}}
Node  received READ for key 0
[2026-02-26T11:56:44.078313Z INFO  maelstrom::runtime] Sent {"src":"n1","dest":"c11","body":{"in_reply_to":3,"type":"read_ok","value":0}}
[2026-02-26T11:56:44.137808Z INFO  maelstrom::runtime] Received {"id":154,"src":"c19","dest":"n1","body":{"key":0,"value":2,"type":"write","msg_id":6}}
Node  received WRITE: 0=2
[2026-02-26T11:56:44.138013Z INFO  maelstrom::runtime] Sent {"src":"n1","dest":"c19","body":{"in_reply_to":6,"type":"write_ok"}}
[2026-02-26T11:56:44.182289Z INFO  maelstrom::runtime] Received {"id":164,"src":"c11","dest":"n1","body":{"key":0,"type":"read","msg_id":4}}
Node  received READ for key 0
[2026-02-26T11:56:44.182425Z INFO  maelstrom::runtime] Sent {"src":"n1","dest":"c11","body":{"in_reply_to":4,"type":"read_ok","value":0}}
[2026-02-26T11:56:44.351222Z INFO  maelstrom::runtime] Received {"id":198,"src":"c19","dest":"n1","body":{"key":0,"from":4,"to":1,"type":"cas","msg_id":7}}
Node  received CAS (not implemented)
[2026-02-26T11:56:44.351504Z INFO  maelstrom::runtime] Sent {"src":"n1","dest":"c19","body":{"in_reply_to":7,"type":"cas_ok"}}
