Initializing with 0 nodes: ""
[2026-02-26T11:56:43.364245Z INFO  maelstrom::runtime] Received {"id":0,"src":"c1","dest":"n2","body":{"type":"init","node_id":"n2","node_ids":["n0","n1","n2","n3","n4"],"msg_id":1}}
[2026-02-26T11:56:43.367746Z INFO  maelstrom::runtime] Sent {"src":"n2","dest":"c1","body":{"in_reply_to":1,"type":"init_ok"}}
[2026-02-26T11:56:43.422627Z INFO  maelstrom::runtime] Received {"id":14,"src":"c12","dest":"n2","body":{"key":0,"type":"read","msg_id":1}}
Node  received READ for key 0
[2026-02-26T11:56:43.422727Z INFO  maelstrom::runtime] Sent {"src":"n2","dest":"c12","body":{"in_reply_to":1,"type":"read_ok","value":0}}
[2026-02-26T11:56:43.466677Z INFO  maelstrom::runtime] Received {"id":23,"src":"c15","dest":"n2","body":{"key":0,"from":1,"to":1,"type":"cas","msg_id":1}}
Node  received CAS (not implemented)
[2026-02-26T11:56:43.466747Z INFO  maelstrom::runtime] Sent {"src":"n2","dest":"c15","body":{"in_reply_to":1,"type":"cas_ok"}}
[2026-02-26T11:56:43.666642Z INFO  maelstrom::runtime] Received {"id":68,"src":"c15","dest":"n2","body":{"key":0,"value":3,"type":"write","msg_id":2}}
Node  received WRITE: 0=3
[2026-02-26T11:56:43.666849Z INFO  maelstrom::runtime] Sent {"src":"n2","dest":"c15","body":{"in_reply_to":2,"type":"write_ok"}}
[2026-02-26T11:56:43.773344Z INFO  maelstrom::runtime] Received {"id":90,"src":"c15","dest":"n2","body":{"key":0,"value":2,"type":"write","msg_id":3}}
Node  received WRITE: 0=2
[2026-02-26T11:56:43.773526Z INFO  maelstrom::runtime] Sent {"src":"n2","dest":"c15","body":{"in_reply_to":3,"type":"write_ok"}}
[2026-02-26T11:56:43.839981Z INFO  maelstrom::runtime] Received {"id":102,"src":"c12","dest":"n2","body":{"key":0,"type":"read","msg_id":2}}
Node  received READ for key 0
[2026-02-26T11:56:43.840272Z INFO  maelstrom::runtime] Sent {"src":"n2","dest":"c12","body":{"in_reply_to":2,"type":"read_ok","value":0}}
[2026-02-26T11:56:43.905441Z INFO  maelstrom::runtime] Received {"id":112,"src":"c15","dest":"n2","body":{"key":0,"from":1,"to":3,"type":"cas","msg_id":4}}
Node  received CAS (not implemented)
[2026-02-26T11:56:43.905626Z INFO  maelstrom::runtime] Sent {"src":"n2","dest":"c15","body":{"in_reply_to":4,"type":"cas_ok"}}
[2026-02-26T11:56:44.149071Z INFO  maelstrom::runtime] Received {"id":156,"src":"c15","dest":"n2","body":{"key":0,"from":1,"to":0,"type":"cas","msg_id":5}}
Node  received CAS (not implemented)
[2026-02-26T11:56:44.149186Z INFO  maelstrom::runtime] Sent {"src":"n2","dest":"c15","body":{"in_reply_to":5,"type":"cas_ok"}}
[2026-02-26T11:56:44.183660Z INFO  maelstrom::runtime] Received {"id":166,"src":"c12","dest":"n2","body":{"key":0,"type":"read","msg_id":3}}
Node  received READ for key 0
[2026-02-26T11:56:44.183751Z INFO  maelstrom::runtime] Sent {"src":"n2","dest":"c12","body":{"in_reply_to":3,"type":"read_ok","value":0}}
[2026-02-26T11:56:44.245814Z INFO  maelstrom::runtime] Received {"id":178,"src":"c15","dest":"n2","body":{"key":0,"from":1,"to":0,"type":"cas","msg_id":6}}
Node  received CAS (not implemented)
[2026-02-26T11:56:44.246082Z INFO  maelstrom::runtime] Sent {"src":"n2","dest":"c15","body":{"in_reply_to":6,"type":"cas_ok"}}
[2026-02-26T11:56:44.323076Z INFO  maelstrom::runtime] Received {"id":190,"src":"c12","dest":"n2","body":{"key":0,"type":"read","msg_id":4}}
Node  received READ for key 0
[2026-02-26T11:56:44.323367Z INFO  maelstrom::runtime] Sent {"src":"n2","dest":"c12","body":{"in_reply_to":4,"type":"read_ok","value":0}}
